<?xml version="1.0" encoding="UTF-8"?>
<testsuite xmlns:xsi="http://www.w3.org/2001/XMLSchema-instance" xsi:noNamespaceSchemaLocation="https://maven.apache.org/surefire/maven-failsafe-plugin/xsd/failsafe-test-report-3.0.xsd" version="3.0" name="starter.CucumberTestSuite" time="61.084" tests="6" errors="0" skipped="0" failures="0">
  <properties>
    <property name="java.specification.version" value="19"/>
    <property name="webdriver.chrome.driver" value="C:\Users\TrisetioPutra\.cache\selenium\chromedriver\win32\111.0.5563.64\chromedriver.exe"/>
    <property name="sun.cpu.isalist" value="amd64"/>
    <property name="sun.jnu.encoding" value="Cp1252"/>
    <property name="java.class.path" value="C:\Users\TrisetioPutra\Documents\serenity_sauce\serenity-sepulsa\target\test-classes;C:\Users\TrisetioPutra\.m2\repository\net\serenity-bdd\serenity-core\3.6.21\serenity-core-3.6.21.jar;C:\Users\TrisetioPutra\.m2\repository\net\serenity-bdd\serenity-model\3.6.21\serenity-model-3.6.21.jar;C:\Users\TrisetioPutra\.m2\repository\org\apache\commons\commons-text\1.10.0\commons-text-1.10.0.jar;C:\Users\TrisetioPutra\.m2\repository\commons-net\commons-net\3.9.0\commons-net-3.9.0.jar;C:\Users\TrisetioPutra\.m2\repository\com\google\guava\guava\31.1-jre\guava-31.1-jre.jar;C:\Users\TrisetioPutra\.m2\repository\com\google\guava\failureaccess\1.0.1\failureaccess-1.0.1.jar;C:\Users\TrisetioPutra\.m2\repository\com\google\guava\listenablefuture\9999.0-empty-to-avoid-conflict-with-guava\listenablefuture-9999.0-empty-to-avoid-conflict-with-guava.jar;C:\Users\TrisetioPutra\.m2\repository\com\google\code\findbugs\jsr305\3.0.2\jsr305-3.0.2.jar;C:\Users\TrisetioPutra\.m2\repository\org\checkerframework\checker-qual\3.12.0\checker-qual-3.12.0.jar;C:\Users\TrisetioPutra\.m2\repository\com\google\errorprone\error_prone_annotations\2.11.0\error_prone_annotations-2.11.0.jar;C:\Users\TrisetioPutra\.m2\repository\com\google\j2objc\j2objc-annotations\1.3\j2objc-annotations-1.3.jar;C:\Users\TrisetioPutra\.m2\repository\com\google\inject\guice\5.1.0\guice-5.1.0.jar;C:\Users\TrisetioPutra\.m2\repository\javax\inject\javax.inject\1\javax.inject-1.jar;C:\Users\TrisetioPutra\.m2\repository\aopalliance\aopalliance\1.0\aopalliance-1.0.jar;C:\Users\TrisetioPutra\.m2\repository\org\jsoup\jsoup\1.14.3\jsoup-1.14.3.jar;C:\Users\TrisetioPutra\.m2\repository\com\thoughtworks\xstream\xstream\1.4.20\xstream-1.4.20.jar;C:\Users\TrisetioPutra\.m2\repository\io\github\x-stream\mxparser\1.2.2\mxparser-1.2.2.jar;C:\Users\TrisetioPutra\.m2\repository\xmlpull\xmlpull\1.1.3.1\xmlpull-1.1.3.1.jar;C:\Users\TrisetioPutra\.m2\repository\com\typesafe\config\1.4.2\config-1.4.2.jar;C:\Users\TrisetioPutra\.m2\repository\org\imgscalr\imgscalr-lib\4.2\imgscalr-lib-4.2.jar;C:\Users\TrisetioPutra\.m2\repository\org\awaitility\awaitility\4.2.0\awaitility-4.2.0.jar;C:\Users\TrisetioPutra\.m2\repository\org\freemarker\freemarker\2.3.31\freemarker-2.3.31.jar;C:\Users\TrisetioPutra\.m2\repository\io\github\classgraph\classgraph\4.8.138\classgraph-4.8.138.jar;C:\Users\TrisetioPutra\.m2\repository\net\sourceforge\jexcelapi\jxl\2.6.12\jxl-2.6.12.jar;C:\Users\TrisetioPutra\.m2\repository\net\bytebuddy\byte-buddy-agent\1.14.2\byte-buddy-agent-1.14.2.jar;C:\Users\TrisetioPutra\.m2\repository\org\objenesis\objenesis\3.3\objenesis-3.3.jar;C:\Users\TrisetioPutra\.m2\repository\net\serenity-bdd\serenity-reports\3.6.21\serenity-reports-3.6.21.jar;C:\Users\TrisetioPutra\.m2\repository\net\serenity-bdd\serenity-stats\3.6.21\serenity-stats-3.6.21.jar;C:\Users\TrisetioPutra\.m2\repository\net\serenity-bdd\serenity-reports-configuration\3.6.21\serenity-reports-configuration-3.6.21.jar;C:\Users\TrisetioPutra\.m2\repository\com\vladsch\flexmark\flexmark-all\0.62.2\flexmark-all-0.62.2.jar;C:\Users\TrisetioPutra\.m2\repository\com\vladsch\flexmark\flexmark\0.62.2\flexmark-0.62.2.jar;C:\Users\TrisetioPutra\.m2\repository\com\vladsch\flexmark\flexmark-ext-abbreviation\0.62.2\flexmark-ext-abbreviation-0.62.2.jar;C:\Users\TrisetioPutra\.m2\repository\com\vladsch\flexmark\flexmark-util\0.62.2\flexmark-util-0.62.2.jar;C:\Users\TrisetioPutra\.m2\repository\com\vladsch\flexmark\flexmark-ext-admonition\0.62.2\flexmark-ext-admonition-0.62.2.jar;C:\Users\TrisetioPutra\.m2\repository\com\vladsch\flexmark\flexmark-ext-anchorlink\0.62.2\flexmark-ext-anchorlink-0.62.2.jar;C:\Users\TrisetioPutra\.m2\repository\com\vladsch\flexmark\flexmark-ext-aside\0.62.2\flexmark-ext-aside-0.62.2.jar;C:\Users\TrisetioPutra\.m2\repository\com\vladsch\flexmark\flexmark-ext-attributes\0.62.2\flexmark-ext-attributes-0.62.2.jar;C:\Users\TrisetioPutra\.m2\repository\com\vladsch\flexmark\flexmark-ext-autolink\0.62.2\flexmark-ext-autolink-0.62.2.jar;C:\Users\TrisetioPutra\.m2\repository\org\nibor\autolink\autolink\0.6.0\autolink-0.6.0.jar;C:\Users\TrisetioPutra\.m2\repository\com\vladsch\flexmark\flexmark-ext-definition\0.62.2\flexmark-ext-definition-0.62.2.jar;C:\Users\TrisetioPutra\.m2\repository\com\vladsch\flexmark\flexmark-ext-emoji\0.62.2\flexmark-ext-emoji-0.62.2.jar;C:\Users\TrisetioPutra\.m2\repository\com\vladsch\flexmark\flexmark-ext-enumerated-reference\0.62.2\flexmark-ext-enumerated-reference-0.62.2.jar;C:\Users\TrisetioPutra\.m2\repository\com\vladsch\flexmark\flexmark-ext-escaped-character\0.62.2\flexmark-ext-escaped-character-0.62.2.jar;C:\Users\TrisetioPutra\.m2\repository\com\vladsch\flexmark\flexmark-ext-footnotes\0.62.2\flexmark-ext-footnotes-0.62.2.jar;C:\Users\TrisetioPutra\.m2\repository\com\vladsch\flexmark\flexmark-ext-gfm-issues\0.62.2\flexmark-ext-gfm-issues-0.62.2.jar;C:\Users\TrisetioPutra\.m2\repository\com\vladsch\flexmark\flexmark-ext-gfm-strikethrough\0.62.2\flexmark-ext-gfm-strikethrough-0.62.2.jar;C:\Users\TrisetioPutra\.m2\repository\com\vladsch\flexmark\flexmark-ext-gfm-tasklist\0.62.2\flexmark-ext-gfm-tasklist-0.62.2.jar;C:\Users\TrisetioPutra\.m2\repository\com\vladsch\flexmark\flexmark-ext-gfm-users\0.62.2\flexmark-ext-gfm-users-0.62.2.jar;C:\Users\TrisetioPutra\.m2\repository\com\vladsch\flexmark\flexmark-ext-gitlab\0.62.2\flexmark-ext-gitlab-0.62.2.jar;C:\Users\TrisetioPutra\.m2\repository\com\vladsch\flexmark\flexmark-ext-jekyll-front-matter\0.62.2\flexmark-ext-jekyll-front-matter-0.62.2.jar;C:\Users\TrisetioPutra\.m2\repository\com\vladsch\flexmark\flexmark-ext-jekyll-tag\0.62.2\flexmark-ext-jekyll-tag-0.62.2.jar;C:\Users\TrisetioPutra\.m2\repository\com\vladsch\flexmark\flexmark-ext-media-tags\0.62.2\flexmark-ext-media-tags-0.62.2.jar;C:\Users\TrisetioPutra\.m2\repository\com\vladsch\flexmark\flexmark-ext-macros\0.62.2\flexmark-ext-macros-0.62.2.jar;C:\Users\TrisetioPutra\.m2\repository\com\vladsch\flexmark\flexmark-ext-ins\0.62.2\flexmark-ext-ins-0.62.2.jar;C:\Users\TrisetioPutra\.m2\repository\com\vladsch\flexmark\flexmark-ext-xwiki-macros\0.62.2\flexmark-ext-xwiki-macros-0.62.2.jar;C:\Users\TrisetioPutra\.m2\repository\com\vladsch\flexmark\flexmark-ext-superscript\0.62.2\flexmark-ext-superscript-0.62.2.jar;C:\Users\TrisetioPutra\.m2\repository\com\vladsch\flexmark\flexmark-ext-tables\0.62.2\flexmark-ext-tables-0.62.2.jar;C:\Users\TrisetioPutra\.m2\repository\com\vladsch\flexmark\flexmark-ext-toc\0.62.2\flexmark-ext-toc-0.62.2.jar;C:\Users\TrisetioPutra\.m2\repository\com\vladsch\flexmark\flexmark-ext-typographic\0.62.2\flexmark-ext-typographic-0.62.2.jar;C:\Users\TrisetioPutra\.m2\repository\com\vladsch\flexmark\flexmark-ext-wikilink\0.62.2\flexmark-ext-wikilink-0.62.2.jar;C:\Users\TrisetioPutra\.m2\repository\com\vladsch\flexmark\flexmark-ext-yaml-front-matter\0.62.2\flexmark-ext-yaml-front-matter-0.62.2.jar;C:\Users\TrisetioPutra\.m2\repository\com\vladsch\flexmark\flexmark-ext-youtube-embedded\0.62.2\flexmark-ext-youtube-embedded-0.62.2.jar;C:\Users\TrisetioPutra\.m2\repository\com\vladsch\flexmark\flexmark-html2md-converter\0.62.2\flexmark-html2md-converter-0.62.2.jar;C:\Users\TrisetioPutra\.m2\repository\com\vladsch\flexmark\flexmark-jira-converter\0.62.2\flexmark-jira-converter-0.62.2.jar;C:\Users\TrisetioPutra\.m2\repository\com\vladsch\flexmark\flexmark-pdf-converter\0.62.2\flexmark-pdf-converter-0.62.2.jar;C:\Users\TrisetioPutra\.m2\repository\com\openhtmltopdf\openhtmltopdf-core\1.0.0\openhtmltopdf-core-1.0.0.jar;C:\Users\TrisetioPutra\.m2\repository\com\openhtmltopdf\openhtmltopdf-pdfbox\1.0.0\openhtmltopdf-pdfbox-1.0.0.jar;C:\Users\TrisetioPutra\.m2\repository\org\apache\pdfbox\pdfbox\2.0.16\pdfbox-2.0.16.jar;C:\Users\TrisetioPutra\.m2\repository\org\apache\pdfbox\fontbox\2.0.16\fontbox-2.0.16.jar;C:\Users\TrisetioPutra\.m2\repository\org\apache\pdfbox\xmpbox\2.0.16\xmpbox-2.0.16.jar;C:\Users\TrisetioPutra\.m2\repository\de\rototor\pdfbox\graphics2d\0.24\graphics2d-0.24.jar;C:\Users\TrisetioPutra\.m2\repository\com\openhtmltopdf\openhtmltopdf-rtl-support\1.0.0\openhtmltopdf-rtl-support-1.0.0.jar;C:\Users\TrisetioPutra\.m2\repository\com\openhtmltopdf\openhtmltopdf-jsoup-dom-converter\1.0.0\openhtmltopdf-jsoup-dom-converter-1.0.0.jar;C:\Users\TrisetioPutra\.m2\repository\com\vladsch\flexmark\flexmark-profile-pegdown\0.62.2\flexmark-profile-pegdown-0.62.2.jar;C:\Users\TrisetioPutra\.m2\repository\com\vladsch\flexmark\flexmark-util-ast\0.62.2\flexmark-util-ast-0.62.2.jar;C:\Users\TrisetioPutra\.m2\repository\com\vladsch\flexmark\flexmark-util-builder\0.62.2\flexmark-util-builder-0.62.2.jar;C:\Users\TrisetioPutra\.m2\repository\com\vladsch\flexmark\flexmark-util-collection\0.62.2\flexmark-util-collection-0.62.2.jar;C:\Users\TrisetioPutra\.m2\repository\com\vladsch\flexmark\flexmark-util-data\0.62.2\flexmark-util-data-0.62.2.jar;C:\Users\TrisetioPutra\.m2\repository\com\vladsch\flexmark\flexmark-util-dependency\0.62.2\flexmark-util-dependency-0.62.2.jar;C:\Users\TrisetioPutra\.m2\repository\com\vladsch\flexmark\flexmark-util-format\0.62.2\flexmark-util-format-0.62.2.jar;C:\Users\TrisetioPutra\.m2\repository\com\vladsch\flexmark\flexmark-util-html\0.62.2\flexmark-util-html-0.62.2.jar;C:\Users\TrisetioPutra\.m2\repository\com\vladsch\flexmark\flexmark-util-misc\0.62.2\flexmark-util-misc-0.62.2.jar;C:\Users\TrisetioPutra\.m2\repository\com\vladsch\flexmark\flexmark-util-options\0.62.2\flexmark-util-options-0.62.2.jar;C:\Users\TrisetioPutra\.m2\repository\com\vladsch\flexmark\flexmark-util-sequence\0.62.2\flexmark-util-sequence-0.62.2.jar;C:\Users\TrisetioPutra\.m2\repository\com\vladsch\flexmark\flexmark-util-visitor\0.62.2\flexmark-util-visitor-0.62.2.jar;C:\Users\TrisetioPutra\.m2\repository\com\vladsch\flexmark\flexmark-youtrack-converter\0.62.2\flexmark-youtrack-converter-0.62.2.jar;C:\Users\TrisetioPutra\.m2\repository\com\ibm\icu\icu4j\72.1\icu4j-72.1.jar;C:\Users\TrisetioPutra\.m2\repository\es\nitaur\markdown\txtmark\0.16\txtmark-0.16.jar;C:\Users\TrisetioPutra\.m2\repository\net\serenity-bdd\serenity-report-resources\3.6.21\serenity-report-resources-3.6.21.jar;C:\Users\TrisetioPutra\.m2\repository\com\google\code\gson\gson\2.10.1\gson-2.10.1.jar;C:\Users\TrisetioPutra\.m2\repository\com\fasterxml\jackson\core\jackson-core\2.15.0-rc1\jackson-core-2.15.0-rc1.jar;C:\Users\TrisetioPutra\.m2\repository\com\fasterxml\jackson\core\jackson-databind\2.15.0-rc1\jackson-databind-2.15.0-rc1.jar;C:\Users\TrisetioPutra\.m2\repository\com\fasterxml\jackson\core\jackson-annotations\2.15.0-rc1\jackson-annotations-2.15.0-rc1.jar;C:\Users\TrisetioPutra\.m2\repository\commons-codec\commons-codec\1.15\commons-codec-1.15.jar;C:\Users\TrisetioPutra\.m2\repository\commons-io\commons-io\2.11.0\commons-io-2.11.0.jar;C:\Users\TrisetioPutra\.m2\repository\org\apache\httpcomponents\httpclient\4.5.13\httpclient-4.5.13.jar;C:\Users\TrisetioPutra\.m2\repository\org\apache\httpcomponents\httpcore\4.4.13\httpcore-4.4.13.jar;C:\Users\TrisetioPutra\.m2\repository\commons-logging\commons-logging\1.2\commons-logging-1.2.jar;C:\Users\TrisetioPutra\.m2\repository\org\seleniumhq\selenium\selenium-java\4.8.1\selenium-java-4.8.1.jar;C:\Users\TrisetioPutra\.m2\repository\org\seleniumhq\selenium\selenium-devtools-v108\4.8.1\selenium-devtools-v108-4.8.1.jar;C:\Users\TrisetioPutra\.m2\repository\org\seleniumhq\selenium\selenium-devtools-v109\4.8.1\selenium-devtools-v109-4.8.1.jar;C:\Users\TrisetioPutra\.m2\repository\org\seleniumhq\selenium\selenium-devtools-v110\4.8.1\selenium-devtools-v110-4.8.1.jar;C:\Users\TrisetioPutra\.m2\repository\org\seleniumhq\selenium\selenium-devtools-v85\4.8.1\selenium-devtools-v85-4.8.1.jar;C:\Users\TrisetioPutra\.m2\repository\org\seleniumhq\selenium\selenium-remote-driver\4.8.1\selenium-remote-driver-4.8.1.jar;C:\Users\TrisetioPutra\.m2\repository\com\beust\jcommander\1.82\jcommander-1.82.jar;C:\Users\TrisetioPutra\.m2\repository\io\netty\netty-buffer\4.1.87.Final\netty-buffer-4.1.87.Final.jar;C:\Users\TrisetioPutra\.m2\repository\io\netty\netty-codec-http\4.1.87.Final\netty-codec-http-4.1.87.Final.jar;C:\Users\TrisetioPutra\.m2\repository\io\netty\netty-codec\4.1.87.Final\netty-codec-4.1.87.Final.jar;C:\Users\TrisetioPutra\.m2\repository\io\netty\netty-handler\4.1.87.Final\netty-handler-4.1.87.Final.jar;C:\Users\TrisetioPutra\.m2\repository\io\netty\netty-common\4.1.87.Final\netty-common-4.1.87.Final.jar;C:\Users\TrisetioPutra\.m2\repository\io\netty\netty-transport-classes-epoll\4.1.87.Final\netty-transport-classes-epoll-4.1.87.Final.jar;C:\Users\TrisetioPutra\.m2\repository\io\netty\netty-transport-classes-kqueue\4.1.87.Final\netty-transport-classes-kqueue-4.1.87.Final.jar;C:\Users\TrisetioPutra\.m2\repository\io\netty\netty-transport-native-epoll\4.1.87.Final\netty-transport-native-epoll-4.1.87.Final.jar;C:\Users\TrisetioPutra\.m2\repository\io\netty\netty-transport-native-kqueue\4.1.87.Final\netty-transport-native-kqueue-4.1.87.Final.jar;C:\Users\TrisetioPutra\.m2\repository\io\netty\netty-transport-native-unix-common\4.1.87.Final\netty-transport-native-unix-common-4.1.87.Final.jar;C:\Users\TrisetioPutra\.m2\repository\io\netty\netty-transport\4.1.87.Final\netty-transport-4.1.87.Final.jar;C:\Users\TrisetioPutra\.m2\repository\io\netty\netty-resolver\4.1.87.Final\netty-resolver-4.1.87.Final.jar;C:\Users\TrisetioPutra\.m2\repository\io\opentelemetry\opentelemetry-api\1.22.0\opentelemetry-api-1.22.0.jar;C:\Users\TrisetioPutra\.m2\repository\io\opentelemetry\opentelemetry-context\1.22.0\opentelemetry-context-1.22.0.jar;C:\Users\TrisetioPutra\.m2\repository\io\opentelemetry\opentelemetry-exporter-logging\1.22.0\opentelemetry-exporter-logging-1.22.0.jar;C:\Users\TrisetioPutra\.m2\repository\io\opentelemetry\opentelemetry-sdk-metrics\1.22.0\opentelemetry-sdk-metrics-1.22.0.jar;C:\Users\TrisetioPutra\.m2\repository\io\opentelemetry\opentelemetry-sdk-logs\1.22.0-alpha\opentelemetry-sdk-logs-1.22.0-alpha.jar;C:\Users\TrisetioPutra\.m2\repository\io\opentelemetry\opentelemetry-api-logs\1.22.0-alpha\opentelemetry-api-logs-1.22.0-alpha.jar;C:\Users\TrisetioPutra\.m2\repository\io\opentelemetry\opentelemetry-sdk-common\1.22.0\opentelemetry-sdk-common-1.22.0.jar;C:\Users\TrisetioPutra\.m2\repository\io\opentelemetry\opentelemetry-sdk-extension-autoconfigure-spi\1.22.0\opentelemetry-sdk-extension-autoconfigure-spi-1.22.0.jar;C:\Users\TrisetioPutra\.m2\repository\io\opentelemetry\opentelemetry-sdk-extension-autoconfigure\1.22.0-alpha\opentelemetry-sdk-extension-autoconfigure-1.22.0-alpha.jar;C:\Users\TrisetioPutra\.m2\repository\io\opentelemetry\opentelemetry-sdk-trace\1.22.0\opentelemetry-sdk-trace-1.22.0.jar;C:\Users\TrisetioPutra\.m2\repository\io\opentelemetry\opentelemetry-sdk\1.22.0\opentelemetry-sdk-1.22.0.jar;C:\Users\TrisetioPutra\.m2\repository\io\opentelemetry\opentelemetry-semconv\1.22.0-alpha\opentelemetry-semconv-1.22.0-alpha.jar;C:\Users\TrisetioPutra\.m2\repository\io\ous\jtoml\2.0.0\jtoml-2.0.0.jar;C:\Users\TrisetioPutra\.m2\repository\org\apache\commons\commons-exec\1.3\commons-exec-1.3.jar;C:\Users\TrisetioPutra\.m2\repository\org\asynchttpclient\async-http-client\2.12.3\async-http-client-2.12.3.jar;C:\Users\TrisetioPutra\.m2\repository\org\asynchttpclient\async-http-client-netty-utils\2.12.3\async-http-client-netty-utils-2.12.3.jar;C:\Users\TrisetioPutra\.m2\repository\io\netty\netty-codec-socks\4.1.60.Final\netty-codec-socks-4.1.60.Final.jar;C:\Users\TrisetioPutra\.m2\repository\io\netty\netty-handler-proxy\4.1.60.Final\netty-handler-proxy-4.1.60.Final.jar;C:\Users\TrisetioPutra\.m2\repository\io\netty\netty-transport-native-epoll\4.1.60.Final\netty-transport-native-epoll-4.1.60.Final-linux-x86_64.jar;C:\Users\TrisetioPutra\.m2\repository\io\netty\netty-transport-native-kqueue\4.1.60.Final\netty-transport-native-kqueue-4.1.60.Final-osx-x86_64.jar;C:\Users\TrisetioPutra\.m2\repository\org\reactivestreams\reactive-streams\1.0.3\reactive-streams-1.0.3.jar;C:\Users\TrisetioPutra\.m2\repository\com\typesafe\netty\netty-reactive-streams\2.0.4\netty-reactive-streams-2.0.4.jar;C:\Users\TrisetioPutra\.m2\repository\org\seleniumhq\selenium\selenium-manager\4.8.1\selenium-manager-4.8.1.jar;C:\Users\TrisetioPutra\.m2\repository\org\seleniumhq\selenium\selenium-safari-driver\4.8.1\selenium-safari-driver-4.8.1.jar;C:\Users\TrisetioPutra\.m2\repository\org\seleniumhq\selenium\selenium-api\4.8.1\selenium-api-4.8.1.jar;C:\Users\TrisetioPutra\.m2\repository\org\seleniumhq\selenium\selenium-support\4.8.1\selenium-support-4.8.1.jar;C:\Users\TrisetioPutra\.m2\repository\com\google\auto\service\auto-service-annotations\1.0.1\auto-service-annotations-1.0.1.jar;C:\Users\TrisetioPutra\.m2\repository\com\google\auto\service\auto-service\1.0.1\auto-service-1.0.1.jar;C:\Users\TrisetioPutra\.m2\repository\com\google\auto\auto-common\1.2\auto-common-1.2.jar;C:\Users\TrisetioPutra\.m2\repository\org\seleniumhq\selenium\selenium-json\4.8.1\selenium-json-4.8.1.jar;C:\Users\TrisetioPutra\.m2\repository\org\seleniumhq\selenium\selenium-chrome-driver\4.8.1\selenium-chrome-driver-4.8.1.jar;C:\Users\TrisetioPutra\.m2\repository\org\seleniumhq\selenium\selenium-chromium-driver\4.8.1\selenium-chromium-driver-4.8.1.jar;C:\Users\TrisetioPutra\.m2\repository\org\seleniumhq\selenium\selenium-firefox-driver\4.8.1\selenium-firefox-driver-4.8.1.jar;C:\Users\TrisetioPutra\.m2\repository\org\seleniumhq\selenium\selenium-http\4.8.1\selenium-http-4.8.1.jar;C:\Users\TrisetioPutra\.m2\repository\dev\failsafe\failsafe\3.3.0\failsafe-3.3.0.jar;C:\Users\TrisetioPutra\.m2\repository\org\seleniumhq\selenium\selenium-edge-driver\4.8.1\selenium-edge-driver-4.8.1.jar;C:\Users\TrisetioPutra\.m2\repository\org\seleniumhq\selenium\selenium-ie-driver\4.8.1\selenium-ie-driver-4.8.1.jar;C:\Users\TrisetioPutra\.m2\repository\org\projectlombok\lombok\1.18.20\lombok-1.18.20.jar;C:\Users\TrisetioPutra\.m2\repository\io\appium\java-client\8.3.0\java-client-8.3.0.jar;C:\Users\TrisetioPutra\.m2\repository\commons-validator\commons-validator\1.7\commons-validator-1.7.jar;C:\Users\TrisetioPutra\.m2\repository\commons-digester\commons-digester\2.1\commons-digester-2.1.jar;C:\Users\TrisetioPutra\.m2\repository\org\apache\groovy\groovy\4.0.10\groovy-4.0.10.jar;C:\Users\TrisetioPutra\.m2\repository\net\sf\opencsv\opencsv\2.0\opencsv-2.0.jar;C:\Users\TrisetioPutra\.m2\repository\commons-beanutils\commons-beanutils\1.9.4\commons-beanutils-1.9.4.jar;C:\Users\TrisetioPutra\.m2\repository\org\apache\commons\commons-lang3\3.12.0\commons-lang3-3.12.0.jar;C:\Users\TrisetioPutra\.m2\repository\commons-collections\commons-collections\3.2.2\commons-collections-3.2.2.jar;C:\Users\TrisetioPutra\.m2\repository\org\fluentlenium\fluentlenium-core\0.10.2\fluentlenium-core-0.10.2.jar;C:\Users\TrisetioPutra\.m2\repository\io\github\bonigarcia\webdrivermanager\5.3.0\webdrivermanager-5.3.0.jar;C:\Users\TrisetioPutra\.m2\repository\com\github\docker-java\docker-java\3.2.13\docker-java-3.2.13.jar;C:\Users\TrisetioPutra\.m2\repository\com\github\docker-java\docker-java-core\3.2.13\docker-java-core-3.2.13.jar;C:\Users\TrisetioPutra\.m2\repository\com\github\docker-java\docker-java-api\3.2.13\docker-java-api-3.2.13.jar;C:\Users\TrisetioPutra\.m2\repository\org\apache\commons\commons-compress\1.21\commons-compress-1.21.jar;C:\Users\TrisetioPutra\.m2\repository\org\bouncycastle\bcpkix-jdk15on\1.64\bcpkix-jdk15on-1.64.jar;C:\Users\TrisetioPutra\.m2\repository\org\bouncycastle\bcprov-jdk15on\1.64\bcprov-jdk15on-1.64.jar;C:\Users\TrisetioPutra\.m2\repository\org\slf4j\jcl-over-slf4j\1.7.30\jcl-over-slf4j-1.7.30.jar;C:\Users\TrisetioPutra\.m2\repository\com\github\docker-java\docker-java-transport-httpclient5\3.2.13\docker-java-transport-httpclient5-3.2.13.jar;C:\Users\TrisetioPutra\.m2\repository\com\github\docker-java\docker-java-transport\3.2.13\docker-java-transport-3.2.13.jar;C:\Users\TrisetioPutra\.m2\repository\net\java\dev\jna\jna\5.8.0\jna-5.8.0.jar;C:\Users\TrisetioPutra\.m2\repository\org\brotli\dec\0.1.2\dec-0.1.2.jar;C:\Users\TrisetioPutra\.m2\repository\org\apache\httpcomponents\client5\httpclient5\5.1.3\httpclient5-5.1.3.jar;C:\Users\TrisetioPutra\.m2\repository\org\apache\httpcomponents\core5\httpcore5\5.1.3\httpcore5-5.1.3.jar;C:\Users\TrisetioPutra\.m2\repository\org\apache\httpcomponents\core5\httpcore5-h2\5.1.3\httpcore5-h2-5.1.3.jar;C:\Users\TrisetioPutra\.m2\repository\com\jhlabs\filters\2.0.235\filters-2.0.235.jar;C:\Users\TrisetioPutra\.m2\repository\com\paulhammant\ngwebdriver\1.1.6\ngwebdriver-1.1.6.jar;C:\Users\TrisetioPutra\.m2\repository\joda-time\joda-time\2.12.2\joda-time-2.12.2.jar;C:\Users\TrisetioPutra\.m2\repository\org\hamcrest\hamcrest\2.2\hamcrest-2.2.jar;C:\Users\TrisetioPutra\.m2\repository\com\google\jimfs\jimfs\1.2\jimfs-1.2.jar;C:\Users\TrisetioPutra\.m2\repository\org\mockito\mockito-core\3.3.3\mockito-core-3.3.3.jar;C:\Users\TrisetioPutra\.m2\repository\javax\xml\bind\jaxb-api\2.3.1\jaxb-api-2.3.1.jar;C:\Users\TrisetioPutra\.m2\repository\javax\activation\javax.activation-api\1.2.0\javax.activation-api-1.2.0.jar;C:\Users\TrisetioPutra\.m2\repository\com\sun\xml\bind\jaxb-core\2.3.0.1\jaxb-core-2.3.0.1.jar;C:\Users\TrisetioPutra\.m2\repository\com\sun\xml\bind\jaxb-impl\2.3.3\jaxb-impl-2.3.3.jar;C:\Users\TrisetioPutra\.m2\repository\jakarta\xml\bind\jakarta.xml.bind-api\2.3.3\jakarta.xml.bind-api-2.3.3.jar;C:\Users\TrisetioPutra\.m2\repository\com\sun\activation\jakarta.activation\1.2.2\jakarta.activation-1.2.2.jar;C:\Users\TrisetioPutra\.m2\repository\javax\activation\activation\1.1.1\activation-1.1.1.jar;C:\Users\TrisetioPutra\.m2\repository\net\serenity-bdd\serenity-cucumber\3.6.21\serenity-cucumber-3.6.21.jar;C:\Users\TrisetioPutra\.m2\repository\io\cucumber\cucumber-core\7.11.0\cucumber-core-7.11.0.jar;C:\Users\TrisetioPutra\.m2\repository\io\cucumber\cucumber-gherkin\7.11.0\cucumber-gherkin-7.11.0.jar;C:\Users\TrisetioPutra\.m2\repository\io\cucumber\cucumber-gherkin-messages\7.11.0\cucumber-gherkin-messages-7.11.0.jar;C:\Users\TrisetioPutra\.m2\repository\io\cucumber\gherkin\26.0.3\gherkin-26.0.3.jar;C:\Users\TrisetioPutra\.m2\repository\io\cucumber\messages\21.0.1\messages-21.0.1.jar;C:\Users\TrisetioPutra\.m2\repository\io\cucumber\tag-expressions\5.0.1\tag-expressions-5.0.1.jar;C:\Users\TrisetioPutra\.m2\repository\io\cucumber\cucumber-expressions\16.1.1\cucumber-expressions-16.1.1.jar;C:\Users\TrisetioPutra\.m2\repository\io\cucumber\datatable\7.11.0\datatable-7.11.0.jar;C:\Users\TrisetioPutra\.m2\repository\io\cucumber\cucumber-plugin\7.11.0\cucumber-plugin-7.11.0.jar;C:\Users\TrisetioPutra\.m2\repository\io\cucumber\docstring\7.11.0\docstring-7.11.0.jar;C:\Users\TrisetioPutra\.m2\repository\io\cucumber\html-formatter\20.2.1\html-formatter-20.2.1.jar;C:\Users\TrisetioPutra\.m2\repository\io\cucumber\junit-xml-formatter\0.1.0\junit-xml-formatter-0.1.0.jar;C:\Users\TrisetioPutra\.m2\repository\io\cucumber\ci-environment\9.1.0\ci-environment-9.1.0.jar;C:\Users\TrisetioPutra\.m2\repository\io\cucumber\cucumber-java\7.11.0\cucumber-java-7.11.0.jar;C:\Users\TrisetioPutra\.m2\repository\io\cucumber\cucumber-junit\7.11.0\cucumber-junit-7.11.0.jar;C:\Users\TrisetioPutra\.m2\repository\org\apache\commons\commons-csv\1.5\commons-csv-1.5.jar;C:\Users\TrisetioPutra\.m2\repository\net\serenity-bdd\serenity-screenplay\3.6.21\serenity-screenplay-3.6.21.jar;C:\Users\TrisetioPutra\.m2\repository\net\serenity-bdd\serenity-screenplay-webdriver\3.6.21\serenity-screenplay-webdriver-3.6.21.jar;C:\Users\TrisetioPutra\.m2\repository\net\serenity-bdd\serenity-ensure\3.6.21\serenity-ensure-3.6.21.jar;C:\Users\TrisetioPutra\.m2\repository\net\serenity-bdd\serenity-junit\3.6.21\serenity-junit-3.6.21.jar;C:\Users\TrisetioPutra\.m2\repository\org\jetbrains\kotlin\kotlin-stdlib\1.8.10\kotlin-stdlib-1.8.10.jar;C:\Users\TrisetioPutra\.m2\repository\org\jetbrains\kotlin\kotlin-stdlib-common\1.8.10\kotlin-stdlib-common-1.8.10.jar;C:\Users\TrisetioPutra\.m2\repository\org\jetbrains\annotations\13.0\annotations-13.0.jar;C:\Users\TrisetioPutra\.m2\repository\org\junit\platform\junit-platform-launcher\1.8.2\junit-platform-launcher-1.8.2.jar;C:\Users\TrisetioPutra\.m2\repository\org\junit\platform\junit-platform-engine\1.8.2\junit-platform-engine-1.8.2.jar;C:\Users\TrisetioPutra\.m2\repository\org\opentest4j\opentest4j\1.2.0\opentest4j-1.2.0.jar;C:\Users\TrisetioPutra\.m2\repository\org\junit\platform\junit-platform-commons\1.8.2\junit-platform-commons-1.8.2.jar;C:\Users\TrisetioPutra\.m2\repository\org\apiguardian\apiguardian-api\1.1.2\apiguardian-api-1.1.2.jar;C:\Users\TrisetioPutra\.m2\repository\org\junit\jupiter\junit-jupiter-engine\5.8.2\junit-jupiter-engine-5.8.2.jar;C:\Users\TrisetioPutra\.m2\repository\org\junit\jupiter\junit-jupiter-api\5.8.2\junit-jupiter-api-5.8.2.jar;C:\Users\TrisetioPutra\.m2\repository\org\junit\vintage\junit-vintage-engine\5.8.2\junit-vintage-engine-5.8.2.jar;C:\Users\TrisetioPutra\.m2\repository\junit\junit\4.13.2\junit-4.13.2.jar;C:\Users\TrisetioPutra\.m2\repository\org\hamcrest\hamcrest-core\1.3\hamcrest-core-1.3.jar;C:\Users\TrisetioPutra\.m2\repository\ch\qos\logback\logback-classic\1.2.10\logback-classic-1.2.10.jar;C:\Users\TrisetioPutra\.m2\repository\ch\qos\logback\logback-core\1.2.10\logback-core-1.2.10.jar;C:\Users\TrisetioPutra\.m2\repository\org\slf4j\slf4j-api\1.7.32\slf4j-api-1.7.32.jar;C:\Users\TrisetioPutra\.m2\repository\org\assertj\assertj-core\3.23.1\assertj-core-3.23.1.jar;C:\Users\TrisetioPutra\.m2\repository\net\bytebuddy\byte-buddy\1.12.10\byte-buddy-1.12.10.jar;"/>
    <property name="java.vm.vendor" value="Oracle Corporation"/>
    <property name="sun.arch.data.model" value="64"/>
    <property name="user.variant" value=""/>
    <property name="java.vendor.url" value="https://java.oracle.com/"/>
    <property name="user.timezone" value="Asia/Jakarta"/>
    <property name="os.name" value="Windows 11"/>
    <property name="java.vm.specification.version" value="19"/>
    <property name="sun.java.launcher" value="SUN_STANDARD"/>
    <property name="user.country" value="US"/>
    <property name="sun.boot.library.path" value="C:\Program Files\Java\jdk-19\bin"/>
    <property name="sun.java.command" value="org.apache.maven.surefire.booter.ForkedBooter C:\Users\TrisetioPutra\AppData\Local\Temp\surefire1139744444961515198 2023-04-04T20-54-20_918-jvmRun1 surefire11951486616222139872tmp surefire_011557460177593640046tmp"/>
    <property name="jdk.debug" value="release"/>
    <property name="surefire.test.class.path" value="C:\Users\TrisetioPutra\Documents\serenity_sauce\serenity-sepulsa\target\test-classes;C:\Users\TrisetioPutra\.m2\repository\net\serenity-bdd\serenity-core\3.6.21\serenity-core-3.6.21.jar;C:\Users\TrisetioPutra\.m2\repository\net\serenity-bdd\serenity-model\3.6.21\serenity-model-3.6.21.jar;C:\Users\TrisetioPutra\.m2\repository\org\apache\commons\commons-text\1.10.0\commons-text-1.10.0.jar;C:\Users\TrisetioPutra\.m2\repository\commons-net\commons-net\3.9.0\commons-net-3.9.0.jar;C:\Users\TrisetioPutra\.m2\repository\com\google\guava\guava\31.1-jre\guava-31.1-jre.jar;C:\Users\TrisetioPutra\.m2\repository\com\google\guava\failureaccess\1.0.1\failureaccess-1.0.1.jar;C:\Users\TrisetioPutra\.m2\repository\com\google\guava\listenablefuture\9999.0-empty-to-avoid-conflict-with-guava\listenablefuture-9999.0-empty-to-avoid-conflict-with-guava.jar;C:\Users\TrisetioPutra\.m2\repository\com\google\code\findbugs\jsr305\3.0.2\jsr305-3.0.2.jar;C:\Users\TrisetioPutra\.m2\repository\org\checkerframework\checker-qual\3.12.0\checker-qual-3.12.0.jar;C:\Users\TrisetioPutra\.m2\repository\com\google\errorprone\error_prone_annotations\2.11.0\error_prone_annotations-2.11.0.jar;C:\Users\TrisetioPutra\.m2\repository\com\google\j2objc\j2objc-annotations\1.3\j2objc-annotations-1.3.jar;C:\Users\TrisetioPutra\.m2\repository\com\google\inject\guice\5.1.0\guice-5.1.0.jar;C:\Users\TrisetioPutra\.m2\repository\javax\inject\javax.inject\1\javax.inject-1.jar;C:\Users\TrisetioPutra\.m2\repository\aopalliance\aopalliance\1.0\aopalliance-1.0.jar;C:\Users\TrisetioPutra\.m2\repository\org\jsoup\jsoup\1.14.3\jsoup-1.14.3.jar;C:\Users\TrisetioPutra\.m2\repository\com\thoughtworks\xstream\xstream\1.4.20\xstream-1.4.20.jar;C:\Users\TrisetioPutra\.m2\repository\io\github\x-stream\mxparser\1.2.2\mxparser-1.2.2.jar;C:\Users\TrisetioPutra\.m2\repository\xmlpull\xmlpull\1.1.3.1\xmlpull-1.1.3.1.jar;C:\Users\TrisetioPutra\.m2\repository\com\typesafe\config\1.4.2\config-1.4.2.jar;C:\Users\TrisetioPutra\.m2\repository\org\imgscalr\imgscalr-lib\4.2\imgscalr-lib-4.2.jar;C:\Users\TrisetioPutra\.m2\repository\org\awaitility\awaitility\4.2.0\awaitility-4.2.0.jar;C:\Users\TrisetioPutra\.m2\repository\org\freemarker\freemarker\2.3.31\freemarker-2.3.31.jar;C:\Users\TrisetioPutra\.m2\repository\io\github\classgraph\classgraph\4.8.138\classgraph-4.8.138.jar;C:\Users\TrisetioPutra\.m2\repository\net\sourceforge\jexcelapi\jxl\2.6.12\jxl-2.6.12.jar;C:\Users\TrisetioPutra\.m2\repository\net\bytebuddy\byte-buddy-agent\1.14.2\byte-buddy-agent-1.14.2.jar;C:\Users\TrisetioPutra\.m2\repository\org\objenesis\objenesis\3.3\objenesis-3.3.jar;C:\Users\TrisetioPutra\.m2\repository\net\serenity-bdd\serenity-reports\3.6.21\serenity-reports-3.6.21.jar;C:\Users\TrisetioPutra\.m2\repository\net\serenity-bdd\serenity-stats\3.6.21\serenity-stats-3.6.21.jar;C:\Users\TrisetioPutra\.m2\repository\net\serenity-bdd\serenity-reports-configuration\3.6.21\serenity-reports-configuration-3.6.21.jar;C:\Users\TrisetioPutra\.m2\repository\com\vladsch\flexmark\flexmark-all\0.62.2\flexmark-all-0.62.2.jar;C:\Users\TrisetioPutra\.m2\repository\com\vladsch\flexmark\flexmark\0.62.2\flexmark-0.62.2.jar;C:\Users\TrisetioPutra\.m2\repository\com\vladsch\flexmark\flexmark-ext-abbreviation\0.62.2\flexmark-ext-abbreviation-0.62.2.jar;C:\Users\TrisetioPutra\.m2\repository\com\vladsch\flexmark\flexmark-util\0.62.2\flexmark-util-0.62.2.jar;C:\Users\TrisetioPutra\.m2\repository\com\vladsch\flexmark\flexmark-ext-admonition\0.62.2\flexmark-ext-admonition-0.62.2.jar;C:\Users\TrisetioPutra\.m2\repository\com\vladsch\flexmark\flexmark-ext-anchorlink\0.62.2\flexmark-ext-anchorlink-0.62.2.jar;C:\Users\TrisetioPutra\.m2\repository\com\vladsch\flexmark\flexmark-ext-aside\0.62.2\flexmark-ext-aside-0.62.2.jar;C:\Users\TrisetioPutra\.m2\repository\com\vladsch\flexmark\flexmark-ext-attributes\0.62.2\flexmark-ext-attributes-0.62.2.jar;C:\Users\TrisetioPutra\.m2\repository\com\vladsch\flexmark\flexmark-ext-autolink\0.62.2\flexmark-ext-autolink-0.62.2.jar;C:\Users\TrisetioPutra\.m2\repository\org\nibor\autolink\autolink\0.6.0\autolink-0.6.0.jar;C:\Users\TrisetioPutra\.m2\repository\com\vladsch\flexmark\flexmark-ext-definition\0.62.2\flexmark-ext-definition-0.62.2.jar;C:\Users\TrisetioPutra\.m2\repository\com\vladsch\flexmark\flexmark-ext-emoji\0.62.2\flexmark-ext-emoji-0.62.2.jar;C:\Users\TrisetioPutra\.m2\repository\com\vladsch\flexmark\flexmark-ext-enumerated-reference\0.62.2\flexmark-ext-enumerated-reference-0.62.2.jar;C:\Users\TrisetioPutra\.m2\repository\com\vladsch\flexmark\flexmark-ext-escaped-character\0.62.2\flexmark-ext-escaped-character-0.62.2.jar;C:\Users\TrisetioPutra\.m2\repository\com\vladsch\flexmark\flexmark-ext-footnotes\0.62.2\flexmark-ext-footnotes-0.62.2.jar;C:\Users\TrisetioPutra\.m2\repository\com\vladsch\flexmark\flexmark-ext-gfm-issues\0.62.2\flexmark-ext-gfm-issues-0.62.2.jar;C:\Users\TrisetioPutra\.m2\repository\com\vladsch\flexmark\flexmark-ext-gfm-strikethrough\0.62.2\flexmark-ext-gfm-strikethrough-0.62.2.jar;C:\Users\TrisetioPutra\.m2\repository\com\vladsch\flexmark\flexmark-ext-gfm-tasklist\0.62.2\flexmark-ext-gfm-tasklist-0.62.2.jar;C:\Users\TrisetioPutra\.m2\repository\com\vladsch\flexmark\flexmark-ext-gfm-users\0.62.2\flexmark-ext-gfm-users-0.62.2.jar;C:\Users\TrisetioPutra\.m2\repository\com\vladsch\flexmark\flexmark-ext-gitlab\0.62.2\flexmark-ext-gitlab-0.62.2.jar;C:\Users\TrisetioPutra\.m2\repository\com\vladsch\flexmark\flexmark-ext-jekyll-front-matter\0.62.2\flexmark-ext-jekyll-front-matter-0.62.2.jar;C:\Users\TrisetioPutra\.m2\repository\com\vladsch\flexmark\flexmark-ext-jekyll-tag\0.62.2\flexmark-ext-jekyll-tag-0.62.2.jar;C:\Users\TrisetioPutra\.m2\repository\com\vladsch\flexmark\flexmark-ext-media-tags\0.62.2\flexmark-ext-media-tags-0.62.2.jar;C:\Users\TrisetioPutra\.m2\repository\com\vladsch\flexmark\flexmark-ext-macros\0.62.2\flexmark-ext-macros-0.62.2.jar;C:\Users\TrisetioPutra\.m2\repository\com\vladsch\flexmark\flexmark-ext-ins\0.62.2\flexmark-ext-ins-0.62.2.jar;C:\Users\TrisetioPutra\.m2\repository\com\vladsch\flexmark\flexmark-ext-xwiki-macros\0.62.2\flexmark-ext-xwiki-macros-0.62.2.jar;C:\Users\TrisetioPutra\.m2\repository\com\vladsch\flexmark\flexmark-ext-superscript\0.62.2\flexmark-ext-superscript-0.62.2.jar;C:\Users\TrisetioPutra\.m2\repository\com\vladsch\flexmark\flexmark-ext-tables\0.62.2\flexmark-ext-tables-0.62.2.jar;C:\Users\TrisetioPutra\.m2\repository\com\vladsch\flexmark\flexmark-ext-toc\0.62.2\flexmark-ext-toc-0.62.2.jar;C:\Users\TrisetioPutra\.m2\repository\com\vladsch\flexmark\flexmark-ext-typographic\0.62.2\flexmark-ext-typographic-0.62.2.jar;C:\Users\TrisetioPutra\.m2\repository\com\vladsch\flexmark\flexmark-ext-wikilink\0.62.2\flexmark-ext-wikilink-0.62.2.jar;C:\Users\TrisetioPutra\.m2\repository\com\vladsch\flexmark\flexmark-ext-yaml-front-matter\0.62.2\flexmark-ext-yaml-front-matter-0.62.2.jar;C:\Users\TrisetioPutra\.m2\repository\com\vladsch\flexmark\flexmark-ext-youtube-embedded\0.62.2\flexmark-ext-youtube-embedded-0.62.2.jar;C:\Users\TrisetioPutra\.m2\repository\com\vladsch\flexmark\flexmark-html2md-converter\0.62.2\flexmark-html2md-converter-0.62.2.jar;C:\Users\TrisetioPutra\.m2\repository\com\vladsch\flexmark\flexmark-jira-converter\0.62.2\flexmark-jira-converter-0.62.2.jar;C:\Users\TrisetioPutra\.m2\repository\com\vladsch\flexmark\flexmark-pdf-converter\0.62.2\flexmark-pdf-converter-0.62.2.jar;C:\Users\TrisetioPutra\.m2\repository\com\openhtmltopdf\openhtmltopdf-core\1.0.0\openhtmltopdf-core-1.0.0.jar;C:\Users\TrisetioPutra\.m2\repository\com\openhtmltopdf\openhtmltopdf-pdfbox\1.0.0\openhtmltopdf-pdfbox-1.0.0.jar;C:\Users\TrisetioPutra\.m2\repository\org\apache\pdfbox\pdfbox\2.0.16\pdfbox-2.0.16.jar;C:\Users\TrisetioPutra\.m2\repository\org\apache\pdfbox\fontbox\2.0.16\fontbox-2.0.16.jar;C:\Users\TrisetioPutra\.m2\repository\org\apache\pdfbox\xmpbox\2.0.16\xmpbox-2.0.16.jar;C:\Users\TrisetioPutra\.m2\repository\de\rototor\pdfbox\graphics2d\0.24\graphics2d-0.24.jar;C:\Users\TrisetioPutra\.m2\repository\com\openhtmltopdf\openhtmltopdf-rtl-support\1.0.0\openhtmltopdf-rtl-support-1.0.0.jar;C:\Users\TrisetioPutra\.m2\repository\com\openhtmltopdf\openhtmltopdf-jsoup-dom-converter\1.0.0\openhtmltopdf-jsoup-dom-converter-1.0.0.jar;C:\Users\TrisetioPutra\.m2\repository\com\vladsch\flexmark\flexmark-profile-pegdown\0.62.2\flexmark-profile-pegdown-0.62.2.jar;C:\Users\TrisetioPutra\.m2\repository\com\vladsch\flexmark\flexmark-util-ast\0.62.2\flexmark-util-ast-0.62.2.jar;C:\Users\TrisetioPutra\.m2\repository\com\vladsch\flexmark\flexmark-util-builder\0.62.2\flexmark-util-builder-0.62.2.jar;C:\Users\TrisetioPutra\.m2\repository\com\vladsch\flexmark\flexmark-util-collection\0.62.2\flexmark-util-collection-0.62.2.jar;C:\Users\TrisetioPutra\.m2\repository\com\vladsch\flexmark\flexmark-util-data\0.62.2\flexmark-util-data-0.62.2.jar;C:\Users\TrisetioPutra\.m2\repository\com\vladsch\flexmark\flexmark-util-dependency\0.62.2\flexmark-util-dependency-0.62.2.jar;C:\Users\TrisetioPutra\.m2\repository\com\vladsch\flexmark\flexmark-util-format\0.62.2\flexmark-util-format-0.62.2.jar;C:\Users\TrisetioPutra\.m2\repository\com\vladsch\flexmark\flexmark-util-html\0.62.2\flexmark-util-html-0.62.2.jar;C:\Users\TrisetioPutra\.m2\repository\com\vladsch\flexmark\flexmark-util-misc\0.62.2\flexmark-util-misc-0.62.2.jar;C:\Users\TrisetioPutra\.m2\repository\com\vladsch\flexmark\flexmark-util-options\0.62.2\flexmark-util-options-0.62.2.jar;C:\Users\TrisetioPutra\.m2\repository\com\vladsch\flexmark\flexmark-util-sequence\0.62.2\flexmark-util-sequence-0.62.2.jar;C:\Users\TrisetioPutra\.m2\repository\com\vladsch\flexmark\flexmark-util-visitor\0.62.2\flexmark-util-visitor-0.62.2.jar;C:\Users\TrisetioPutra\.m2\repository\com\vladsch\flexmark\flexmark-youtrack-converter\0.62.2\flexmark-youtrack-converter-0.62.2.jar;C:\Users\TrisetioPutra\.m2\repository\com\ibm\icu\icu4j\72.1\icu4j-72.1.jar;C:\Users\TrisetioPutra\.m2\repository\es\nitaur\markdown\txtmark\0.16\txtmark-0.16.jar;C:\Users\TrisetioPutra\.m2\repository\net\serenity-bdd\serenity-report-resources\3.6.21\serenity-report-resources-3.6.21.jar;C:\Users\TrisetioPutra\.m2\repository\com\google\code\gson\gson\2.10.1\gson-2.10.1.jar;C:\Users\TrisetioPutra\.m2\repository\com\fasterxml\jackson\core\jackson-core\2.15.0-rc1\jackson-core-2.15.0-rc1.jar;C:\Users\TrisetioPutra\.m2\repository\com\fasterxml\jackson\core\jackson-databind\2.15.0-rc1\jackson-databind-2.15.0-rc1.jar;C:\Users\TrisetioPutra\.m2\repository\com\fasterxml\jackson\core\jackson-annotations\2.15.0-rc1\jackson-annotations-2.15.0-rc1.jar;C:\Users\TrisetioPutra\.m2\repository\commons-codec\commons-codec\1.15\commons-codec-1.15.jar;C:\Users\TrisetioPutra\.m2\repository\commons-io\commons-io\2.11.0\commons-io-2.11.0.jar;C:\Users\TrisetioPutra\.m2\repository\org\apache\httpcomponents\httpclient\4.5.13\httpclient-4.5.13.jar;C:\Users\TrisetioPutra\.m2\repository\org\apache\httpcomponents\httpcore\4.4.13\httpcore-4.4.13.jar;C:\Users\TrisetioPutra\.m2\repository\commons-logging\commons-logging\1.2\commons-logging-1.2.jar;C:\Users\TrisetioPutra\.m2\repository\org\seleniumhq\selenium\selenium-java\4.8.1\selenium-java-4.8.1.jar;C:\Users\TrisetioPutra\.m2\repository\org\seleniumhq\selenium\selenium-devtools-v108\4.8.1\selenium-devtools-v108-4.8.1.jar;C:\Users\TrisetioPutra\.m2\repository\org\seleniumhq\selenium\selenium-devtools-v109\4.8.1\selenium-devtools-v109-4.8.1.jar;C:\Users\TrisetioPutra\.m2\repository\org\seleniumhq\selenium\selenium-devtools-v110\4.8.1\selenium-devtools-v110-4.8.1.jar;C:\Users\TrisetioPutra\.m2\repository\org\seleniumhq\selenium\selenium-devtools-v85\4.8.1\selenium-devtools-v85-4.8.1.jar;C:\Users\TrisetioPutra\.m2\repository\org\seleniumhq\selenium\selenium-remote-driver\4.8.1\selenium-remote-driver-4.8.1.jar;C:\Users\TrisetioPutra\.m2\repository\com\beust\jcommander\1.82\jcommander-1.82.jar;C:\Users\TrisetioPutra\.m2\repository\io\netty\netty-buffer\4.1.87.Final\netty-buffer-4.1.87.Final.jar;C:\Users\TrisetioPutra\.m2\repository\io\netty\netty-codec-http\4.1.87.Final\netty-codec-http-4.1.87.Final.jar;C:\Users\TrisetioPutra\.m2\repository\io\netty\netty-codec\4.1.87.Final\netty-codec-4.1.87.Final.jar;C:\Users\TrisetioPutra\.m2\repository\io\netty\netty-handler\4.1.87.Final\netty-handler-4.1.87.Final.jar;C:\Users\TrisetioPutra\.m2\repository\io\netty\netty-common\4.1.87.Final\netty-common-4.1.87.Final.jar;C:\Users\TrisetioPutra\.m2\repository\io\netty\netty-transport-classes-epoll\4.1.87.Final\netty-transport-classes-epoll-4.1.87.Final.jar;C:\Users\TrisetioPutra\.m2\repository\io\netty\netty-transport-classes-kqueue\4.1.87.Final\netty-transport-classes-kqueue-4.1.87.Final.jar;C:\Users\TrisetioPutra\.m2\repository\io\netty\netty-transport-native-epoll\4.1.87.Final\netty-transport-native-epoll-4.1.87.Final.jar;C:\Users\TrisetioPutra\.m2\repository\io\netty\netty-transport-native-kqueue\4.1.87.Final\netty-transport-native-kqueue-4.1.87.Final.jar;C:\Users\TrisetioPutra\.m2\repository\io\netty\netty-transport-native-unix-common\4.1.87.Final\netty-transport-native-unix-common-4.1.87.Final.jar;C:\Users\TrisetioPutra\.m2\repository\io\netty\netty-transport\4.1.87.Final\netty-transport-4.1.87.Final.jar;C:\Users\TrisetioPutra\.m2\repository\io\netty\netty-resolver\4.1.87.Final\netty-resolver-4.1.87.Final.jar;C:\Users\TrisetioPutra\.m2\repository\io\opentelemetry\opentelemetry-api\1.22.0\opentelemetry-api-1.22.0.jar;C:\Users\TrisetioPutra\.m2\repository\io\opentelemetry\opentelemetry-context\1.22.0\opentelemetry-context-1.22.0.jar;C:\Users\TrisetioPutra\.m2\repository\io\opentelemetry\opentelemetry-exporter-logging\1.22.0\opentelemetry-exporter-logging-1.22.0.jar;C:\Users\TrisetioPutra\.m2\repository\io\opentelemetry\opentelemetry-sdk-metrics\1.22.0\opentelemetry-sdk-metrics-1.22.0.jar;C:\Users\TrisetioPutra\.m2\repository\io\opentelemetry\opentelemetry-sdk-logs\1.22.0-alpha\opentelemetry-sdk-logs-1.22.0-alpha.jar;C:\Users\TrisetioPutra\.m2\repository\io\opentelemetry\opentelemetry-api-logs\1.22.0-alpha\opentelemetry-api-logs-1.22.0-alpha.jar;C:\Users\TrisetioPutra\.m2\repository\io\opentelemetry\opentelemetry-sdk-common\1.22.0\opentelemetry-sdk-common-1.22.0.jar;C:\Users\TrisetioPutra\.m2\repository\io\opentelemetry\opentelemetry-sdk-extension-autoconfigure-spi\1.22.0\opentelemetry-sdk-extension-autoconfigure-spi-1.22.0.jar;C:\Users\TrisetioPutra\.m2\repository\io\opentelemetry\opentelemetry-sdk-extension-autoconfigure\1.22.0-alpha\opentelemetry-sdk-extension-autoconfigure-1.22.0-alpha.jar;C:\Users\TrisetioPutra\.m2\repository\io\opentelemetry\opentelemetry-sdk-trace\1.22.0\opentelemetry-sdk-trace-1.22.0.jar;C:\Users\TrisetioPutra\.m2\repository\io\opentelemetry\opentelemetry-sdk\1.22.0\opentelemetry-sdk-1.22.0.jar;C:\Users\TrisetioPutra\.m2\repository\io\opentelemetry\opentelemetry-semconv\1.22.0-alpha\opentelemetry-semconv-1.22.0-alpha.jar;C:\Users\TrisetioPutra\.m2\repository\io\ous\jtoml\2.0.0\jtoml-2.0.0.jar;C:\Users\TrisetioPutra\.m2\repository\org\apache\commons\commons-exec\1.3\commons-exec-1.3.jar;C:\Users\TrisetioPutra\.m2\repository\org\asynchttpclient\async-http-client\2.12.3\async-http-client-2.12.3.jar;C:\Users\TrisetioPutra\.m2\repository\org\asynchttpclient\async-http-client-netty-utils\2.12.3\async-http-client-netty-utils-2.12.3.jar;C:\Users\TrisetioPutra\.m2\repository\io\netty\netty-codec-socks\4.1.60.Final\netty-codec-socks-4.1.60.Final.jar;C:\Users\TrisetioPutra\.m2\repository\io\netty\netty-handler-proxy\4.1.60.Final\netty-handler-proxy-4.1.60.Final.jar;C:\Users\TrisetioPutra\.m2\repository\io\netty\netty-transport-native-epoll\4.1.60.Final\netty-transport-native-epoll-4.1.60.Final-linux-x86_64.jar;C:\Users\TrisetioPutra\.m2\repository\io\netty\netty-transport-native-kqueue\4.1.60.Final\netty-transport-native-kqueue-4.1.60.Final-osx-x86_64.jar;C:\Users\TrisetioPutra\.m2\repository\org\reactivestreams\reactive-streams\1.0.3\reactive-streams-1.0.3.jar;C:\Users\TrisetioPutra\.m2\repository\com\typesafe\netty\netty-reactive-streams\2.0.4\netty-reactive-streams-2.0.4.jar;C:\Users\TrisetioPutra\.m2\repository\org\seleniumhq\selenium\selenium-manager\4.8.1\selenium-manager-4.8.1.jar;C:\Users\TrisetioPutra\.m2\repository\org\seleniumhq\selenium\selenium-safari-driver\4.8.1\selenium-safari-driver-4.8.1.jar;C:\Users\TrisetioPutra\.m2\repository\org\seleniumhq\selenium\selenium-api\4.8.1\selenium-api-4.8.1.jar;C:\Users\TrisetioPutra\.m2\repository\org\seleniumhq\selenium\selenium-support\4.8.1\selenium-support-4.8.1.jar;C:\Users\TrisetioPutra\.m2\repository\com\google\auto\service\auto-service-annotations\1.0.1\auto-service-annotations-1.0.1.jar;C:\Users\TrisetioPutra\.m2\repository\com\google\auto\service\auto-service\1.0.1\auto-service-1.0.1.jar;C:\Users\TrisetioPutra\.m2\repository\com\google\auto\auto-common\1.2\auto-common-1.2.jar;C:\Users\TrisetioPutra\.m2\repository\org\seleniumhq\selenium\selenium-json\4.8.1\selenium-json-4.8.1.jar;C:\Users\TrisetioPutra\.m2\repository\org\seleniumhq\selenium\selenium-chrome-driver\4.8.1\selenium-chrome-driver-4.8.1.jar;C:\Users\TrisetioPutra\.m2\repository\org\seleniumhq\selenium\selenium-chromium-driver\4.8.1\selenium-chromium-driver-4.8.1.jar;C:\Users\TrisetioPutra\.m2\repository\org\seleniumhq\selenium\selenium-firefox-driver\4.8.1\selenium-firefox-driver-4.8.1.jar;C:\Users\TrisetioPutra\.m2\repository\org\seleniumhq\selenium\selenium-http\4.8.1\selenium-http-4.8.1.jar;C:\Users\TrisetioPutra\.m2\repository\dev\failsafe\failsafe\3.3.0\failsafe-3.3.0.jar;C:\Users\TrisetioPutra\.m2\repository\org\seleniumhq\selenium\selenium-edge-driver\4.8.1\selenium-edge-driver-4.8.1.jar;C:\Users\TrisetioPutra\.m2\repository\org\seleniumhq\selenium\selenium-ie-driver\4.8.1\selenium-ie-driver-4.8.1.jar;C:\Users\TrisetioPutra\.m2\repository\org\projectlombok\lombok\1.18.20\lombok-1.18.20.jar;C:\Users\TrisetioPutra\.m2\repository\io\appium\java-client\8.3.0\java-client-8.3.0.jar;C:\Users\TrisetioPutra\.m2\repository\commons-validator\commons-validator\1.7\commons-validator-1.7.jar;C:\Users\TrisetioPutra\.m2\repository\commons-digester\commons-digester\2.1\commons-digester-2.1.jar;C:\Users\TrisetioPutra\.m2\repository\org\apache\groovy\groovy\4.0.10\groovy-4.0.10.jar;C:\Users\TrisetioPutra\.m2\repository\net\sf\opencsv\opencsv\2.0\opencsv-2.0.jar;C:\Users\TrisetioPutra\.m2\repository\commons-beanutils\commons-beanutils\1.9.4\commons-beanutils-1.9.4.jar;C:\Users\TrisetioPutra\.m2\repository\org\apache\commons\commons-lang3\3.12.0\commons-lang3-3.12.0.jar;C:\Users\TrisetioPutra\.m2\repository\commons-collections\commons-collections\3.2.2\commons-collections-3.2.2.jar;C:\Users\TrisetioPutra\.m2\repository\org\fluentlenium\fluentlenium-core\0.10.2\fluentlenium-core-0.10.2.jar;C:\Users\TrisetioPutra\.m2\repository\io\github\bonigarcia\webdrivermanager\5.3.0\webdrivermanager-5.3.0.jar;C:\Users\TrisetioPutra\.m2\repository\com\github\docker-java\docker-java\3.2.13\docker-java-3.2.13.jar;C:\Users\TrisetioPutra\.m2\repository\com\github\docker-java\docker-java-core\3.2.13\docker-java-core-3.2.13.jar;C:\Users\TrisetioPutra\.m2\repository\com\github\docker-java\docker-java-api\3.2.13\docker-java-api-3.2.13.jar;C:\Users\TrisetioPutra\.m2\repository\org\apache\commons\commons-compress\1.21\commons-compress-1.21.jar;C:\Users\TrisetioPutra\.m2\repository\org\bouncycastle\bcpkix-jdk15on\1.64\bcpkix-jdk15on-1.64.jar;C:\Users\TrisetioPutra\.m2\repository\org\bouncycastle\bcprov-jdk15on\1.64\bcprov-jdk15on-1.64.jar;C:\Users\TrisetioPutra\.m2\repository\org\slf4j\jcl-over-slf4j\1.7.30\jcl-over-slf4j-1.7.30.jar;C:\Users\TrisetioPutra\.m2\repository\com\github\docker-java\docker-java-transport-httpclient5\3.2.13\docker-java-transport-httpclient5-3.2.13.jar;C:\Users\TrisetioPutra\.m2\repository\com\github\docker-java\docker-java-transport\3.2.13\docker-java-transport-3.2.13.jar;C:\Users\TrisetioPutra\.m2\repository\net\java\dev\jna\jna\5.8.0\jna-5.8.0.jar;C:\Users\TrisetioPutra\.m2\repository\org\brotli\dec\0.1.2\dec-0.1.2.jar;C:\Users\TrisetioPutra\.m2\repository\org\apache\httpcomponents\client5\httpclient5\5.1.3\httpclient5-5.1.3.jar;C:\Users\TrisetioPutra\.m2\repository\org\apache\httpcomponents\core5\httpcore5\5.1.3\httpcore5-5.1.3.jar;C:\Users\TrisetioPutra\.m2\repository\org\apache\httpcomponents\core5\httpcore5-h2\5.1.3\httpcore5-h2-5.1.3.jar;C:\Users\TrisetioPutra\.m2\repository\com\jhlabs\filters\2.0.235\filters-2.0.235.jar;C:\Users\TrisetioPutra\.m2\repository\com\paulhammant\ngwebdriver\1.1.6\ngwebdriver-1.1.6.jar;C:\Users\TrisetioPutra\.m2\repository\joda-time\joda-time\2.12.2\joda-time-2.12.2.jar;C:\Users\TrisetioPutra\.m2\repository\org\hamcrest\hamcrest\2.2\hamcrest-2.2.jar;C:\Users\TrisetioPutra\.m2\repository\com\google\jimfs\jimfs\1.2\jimfs-1.2.jar;C:\Users\TrisetioPutra\.m2\repository\org\mockito\mockito-core\3.3.3\mockito-core-3.3.3.jar;C:\Users\TrisetioPutra\.m2\repository\javax\xml\bind\jaxb-api\2.3.1\jaxb-api-2.3.1.jar;C:\Users\TrisetioPutra\.m2\repository\javax\activation\javax.activation-api\1.2.0\javax.activation-api-1.2.0.jar;C:\Users\TrisetioPutra\.m2\repository\com\sun\xml\bind\jaxb-core\2.3.0.1\jaxb-core-2.3.0.1.jar;C:\Users\TrisetioPutra\.m2\repository\com\sun\xml\bind\jaxb-impl\2.3.3\jaxb-impl-2.3.3.jar;C:\Users\TrisetioPutra\.m2\repository\jakarta\xml\bind\jakarta.xml.bind-api\2.3.3\jakarta.xml.bind-api-2.3.3.jar;C:\Users\TrisetioPutra\.m2\repository\com\sun\activation\jakarta.activation\1.2.2\jakarta.activation-1.2.2.jar;C:\Users\TrisetioPutra\.m2\repository\javax\activation\activation\1.1.1\activation-1.1.1.jar;C:\Users\TrisetioPutra\.m2\repository\net\serenity-bdd\serenity-cucumber\3.6.21\serenity-cucumber-3.6.21.jar;C:\Users\TrisetioPutra\.m2\repository\io\cucumber\cucumber-core\7.11.0\cucumber-core-7.11.0.jar;C:\Users\TrisetioPutra\.m2\repository\io\cucumber\cucumber-gherkin\7.11.0\cucumber-gherkin-7.11.0.jar;C:\Users\TrisetioPutra\.m2\repository\io\cucumber\cucumber-gherkin-messages\7.11.0\cucumber-gherkin-messages-7.11.0.jar;C:\Users\TrisetioPutra\.m2\repository\io\cucumber\gherkin\26.0.3\gherkin-26.0.3.jar;C:\Users\TrisetioPutra\.m2\repository\io\cucumber\messages\21.0.1\messages-21.0.1.jar;C:\Users\TrisetioPutra\.m2\repository\io\cucumber\tag-expressions\5.0.1\tag-expressions-5.0.1.jar;C:\Users\TrisetioPutra\.m2\repository\io\cucumber\cucumber-expressions\16.1.1\cucumber-expressions-16.1.1.jar;C:\Users\TrisetioPutra\.m2\repository\io\cucumber\datatable\7.11.0\datatable-7.11.0.jar;C:\Users\TrisetioPutra\.m2\repository\io\cucumber\cucumber-plugin\7.11.0\cucumber-plugin-7.11.0.jar;C:\Users\TrisetioPutra\.m2\repository\io\cucumber\docstring\7.11.0\docstring-7.11.0.jar;C:\Users\TrisetioPutra\.m2\repository\io\cucumber\html-formatter\20.2.1\html-formatter-20.2.1.jar;C:\Users\TrisetioPutra\.m2\repository\io\cucumber\junit-xml-formatter\0.1.0\junit-xml-formatter-0.1.0.jar;C:\Users\TrisetioPutra\.m2\repository\io\cucumber\ci-environment\9.1.0\ci-environment-9.1.0.jar;C:\Users\TrisetioPutra\.m2\repository\io\cucumber\cucumber-java\7.11.0\cucumber-java-7.11.0.jar;C:\Users\TrisetioPutra\.m2\repository\io\cucumber\cucumber-junit\7.11.0\cucumber-junit-7.11.0.jar;C:\Users\TrisetioPutra\.m2\repository\org\apache\commons\commons-csv\1.5\commons-csv-1.5.jar;C:\Users\TrisetioPutra\.m2\repository\net\serenity-bdd\serenity-screenplay\3.6.21\serenity-screenplay-3.6.21.jar;C:\Users\TrisetioPutra\.m2\repository\net\serenity-bdd\serenity-screenplay-webdriver\3.6.21\serenity-screenplay-webdriver-3.6.21.jar;C:\Users\TrisetioPutra\.m2\repository\net\serenity-bdd\serenity-ensure\3.6.21\serenity-ensure-3.6.21.jar;C:\Users\TrisetioPutra\.m2\repository\net\serenity-bdd\serenity-junit\3.6.21\serenity-junit-3.6.21.jar;C:\Users\TrisetioPutra\.m2\repository\org\jetbrains\kotlin\kotlin-stdlib\1.8.10\kotlin-stdlib-1.8.10.jar;C:\Users\TrisetioPutra\.m2\repository\org\jetbrains\kotlin\kotlin-stdlib-common\1.8.10\kotlin-stdlib-common-1.8.10.jar;C:\Users\TrisetioPutra\.m2\repository\org\jetbrains\annotations\13.0\annotations-13.0.jar;C:\Users\TrisetioPutra\.m2\repository\org\junit\platform\junit-platform-launcher\1.8.2\junit-platform-launcher-1.8.2.jar;C:\Users\TrisetioPutra\.m2\repository\org\junit\platform\junit-platform-engine\1.8.2\junit-platform-engine-1.8.2.jar;C:\Users\TrisetioPutra\.m2\repository\org\opentest4j\opentest4j\1.2.0\opentest4j-1.2.0.jar;C:\Users\TrisetioPutra\.m2\repository\org\junit\platform\junit-platform-commons\1.8.2\junit-platform-commons-1.8.2.jar;C:\Users\TrisetioPutra\.m2\repository\org\apiguardian\apiguardian-api\1.1.2\apiguardian-api-1.1.2.jar;C:\Users\TrisetioPutra\.m2\repository\org\junit\jupiter\junit-jupiter-engine\5.8.2\junit-jupiter-engine-5.8.2.jar;C:\Users\TrisetioPutra\.m2\repository\org\junit\jupiter\junit-jupiter-api\5.8.2\junit-jupiter-api-5.8.2.jar;C:\Users\TrisetioPutra\.m2\repository\org\junit\vintage\junit-vintage-engine\5.8.2\junit-vintage-engine-5.8.2.jar;C:\Users\TrisetioPutra\.m2\repository\junit\junit\4.13.2\junit-4.13.2.jar;C:\Users\TrisetioPutra\.m2\repository\org\hamcrest\hamcrest-core\1.3\hamcrest-core-1.3.jar;C:\Users\TrisetioPutra\.m2\repository\ch\qos\logback\logback-classic\1.2.10\logback-classic-1.2.10.jar;C:\Users\TrisetioPutra\.m2\repository\ch\qos\logback\logback-core\1.2.10\logback-core-1.2.10.jar;C:\Users\TrisetioPutra\.m2\repository\org\slf4j\slf4j-api\1.7.32\slf4j-api-1.7.32.jar;C:\Users\TrisetioPutra\.m2\repository\org\assertj\assertj-core\3.23.1\assertj-core-3.23.1.jar;C:\Users\TrisetioPutra\.m2\repository\net\bytebuddy\byte-buddy\1.12.10\byte-buddy-1.12.10.jar;"/>
    <property name="sun.cpu.endian" value="little"/>
    <property name="user.home" value="C:\Users\TrisetioPutra"/>
    <property name="user.language" value="en"/>
    <property name="java.specification.vendor" value="Oracle Corporation"/>
    <property name="jdk.module.path" value="C:\Users\TrisetioPutra\Documents\serenity_sauce\serenity-sepulsa\target\PraktikWebTestSerenity-1.0-SNAPSHOT.jar"/>
    <property name="java.version.date" value="2022-09-20"/>
    <property name="java.home" value="C:\Program Files\Java\jdk-19"/>
    <property name="file.separator" value="\"/>
    <property name="basedir" value="C:\Users\TrisetioPutra\Documents\serenity_sauce\serenity-sepulsa"/>
    <property name="java.vm.compressedOopsMode" value="Zero based"/>
    <property name="line.separator" value="&#10;"/>
    <property name="java.vm.specification.vendor" value="Oracle Corporation"/>
    <property name="java.specification.name" value="Java Platform API Specification"/>
    <property name="surefire.real.class.path" value="C:\Users\TrisetioPutra\.m2\repository\org\apache\maven\surefire\surefire-booter\3.0.0-M5\surefire-booter-3.0.0-M5.jar;C:\Users\TrisetioPutra\.m2\repository\org\apache\maven\surefire\surefire-api\3.0.0-M5\surefire-api-3.0.0-M5.jar;C:\Users\TrisetioPutra\.m2\repository\org\apache\maven\surefire\surefire-logger-api\3.0.0-M5\surefire-logger-api-3.0.0-M5.jar;C:\Users\TrisetioPutra\.m2\repository\org\apache\maven\surefire\surefire-shared-utils\3.0.0-M4\surefire-shared-utils-3.0.0-M4.jar;C:\Users\TrisetioPutra\.m2\repository\org\apache\maven\surefire\surefire-extensions-spi\3.0.0-M5\surefire-extensions-spi-3.0.0-M5.jar;C:\Users\TrisetioPutra\Documents\serenity_sauce\serenity-sepulsa\target\test-classes;C:\Users\TrisetioPutra\.m2\repository\net\serenity-bdd\serenity-core\3.6.21\serenity-core-3.6.21.jar;C:\Users\TrisetioPutra\.m2\repository\net\serenity-bdd\serenity-model\3.6.21\serenity-model-3.6.21.jar;C:\Users\TrisetioPutra\.m2\repository\org\apache\commons\commons-text\1.10.0\commons-text-1.10.0.jar;C:\Users\TrisetioPutra\.m2\repository\commons-net\commons-net\3.9.0\commons-net-3.9.0.jar;C:\Users\TrisetioPutra\.m2\repository\com\google\guava\guava\31.1-jre\guava-31.1-jre.jar;C:\Users\TrisetioPutra\.m2\repository\com\google\guava\failureaccess\1.0.1\failureaccess-1.0.1.jar;C:\Users\TrisetioPutra\.m2\repository\com\google\guava\listenablefuture\9999.0-empty-to-avoid-conflict-with-guava\listenablefuture-9999.0-empty-to-avoid-conflict-with-guava.jar;C:\Users\TrisetioPutra\.m2\repository\com\google\code\findbugs\jsr305\3.0.2\jsr305-3.0.2.jar;C:\Users\TrisetioPutra\.m2\repository\org\checkerframework\checker-qual\3.12.0\checker-qual-3.12.0.jar;C:\Users\TrisetioPutra\.m2\repository\com\google\errorprone\error_prone_annotations\2.11.0\error_prone_annotations-2.11.0.jar;C:\Users\TrisetioPutra\.m2\repository\com\google\j2objc\j2objc-annotations\1.3\j2objc-annotations-1.3.jar;C:\Users\TrisetioPutra\.m2\repository\com\google\inject\guice\5.1.0\guice-5.1.0.jar;C:\Users\TrisetioPutra\.m2\repository\javax\inject\javax.inject\1\javax.inject-1.jar;C:\Users\TrisetioPutra\.m2\repository\aopalliance\aopalliance\1.0\aopalliance-1.0.jar;C:\Users\TrisetioPutra\.m2\repository\org\jsoup\jsoup\1.14.3\jsoup-1.14.3.jar;C:\Users\TrisetioPutra\.m2\repository\com\thoughtworks\xstream\xstream\1.4.20\xstream-1.4.20.jar;C:\Users\TrisetioPutra\.m2\repository\io\github\x-stream\mxparser\1.2.2\mxparser-1.2.2.jar;C:\Users\TrisetioPutra\.m2\repository\xmlpull\xmlpull\1.1.3.1\xmlpull-1.1.3.1.jar;C:\Users\TrisetioPutra\.m2\repository\com\typesafe\config\1.4.2\config-1.4.2.jar;C:\Users\TrisetioPutra\.m2\repository\org\imgscalr\imgscalr-lib\4.2\imgscalr-lib-4.2.jar;C:\Users\TrisetioPutra\.m2\repository\org\awaitility\awaitility\4.2.0\awaitility-4.2.0.jar;C:\Users\TrisetioPutra\.m2\repository\org\freemarker\freemarker\2.3.31\freemarker-2.3.31.jar;C:\Users\TrisetioPutra\.m2\repository\io\github\classgraph\classgraph\4.8.138\classgraph-4.8.138.jar;C:\Users\TrisetioPutra\.m2\repository\net\sourceforge\jexcelapi\jxl\2.6.12\jxl-2.6.12.jar;C:\Users\TrisetioPutra\.m2\repository\net\bytebuddy\byte-buddy-agent\1.14.2\byte-buddy-agent-1.14.2.jar;C:\Users\TrisetioPutra\.m2\repository\org\objenesis\objenesis\3.3\objenesis-3.3.jar;C:\Users\TrisetioPutra\.m2\repository\net\serenity-bdd\serenity-reports\3.6.21\serenity-reports-3.6.21.jar;C:\Users\TrisetioPutra\.m2\repository\net\serenity-bdd\serenity-stats\3.6.21\serenity-stats-3.6.21.jar;C:\Users\TrisetioPutra\.m2\repository\net\serenity-bdd\serenity-reports-configuration\3.6.21\serenity-reports-configuration-3.6.21.jar;C:\Users\TrisetioPutra\.m2\repository\com\vladsch\flexmark\flexmark-all\0.62.2\flexmark-all-0.62.2.jar;C:\Users\TrisetioPutra\.m2\repository\com\vladsch\flexmark\flexmark\0.62.2\flexmark-0.62.2.jar;C:\Users\TrisetioPutra\.m2\repository\com\vladsch\flexmark\flexmark-ext-abbreviation\0.62.2\flexmark-ext-abbreviation-0.62.2.jar;C:\Users\TrisetioPutra\.m2\repository\com\vladsch\flexmark\flexmark-util\0.62.2\flexmark-util-0.62.2.jar;C:\Users\TrisetioPutra\.m2\repository\com\vladsch\flexmark\flexmark-ext-admonition\0.62.2\flexmark-ext-admonition-0.62.2.jar;C:\Users\TrisetioPutra\.m2\repository\com\vladsch\flexmark\flexmark-ext-anchorlink\0.62.2\flexmark-ext-anchorlink-0.62.2.jar;C:\Users\TrisetioPutra\.m2\repository\com\vladsch\flexmark\flexmark-ext-aside\0.62.2\flexmark-ext-aside-0.62.2.jar;C:\Users\TrisetioPutra\.m2\repository\com\vladsch\flexmark\flexmark-ext-attributes\0.62.2\flexmark-ext-attributes-0.62.2.jar;C:\Users\TrisetioPutra\.m2\repository\com\vladsch\flexmark\flexmark-ext-autolink\0.62.2\flexmark-ext-autolink-0.62.2.jar;C:\Users\TrisetioPutra\.m2\repository\org\nibor\autolink\autolink\0.6.0\autolink-0.6.0.jar;C:\Users\TrisetioPutra\.m2\repository\com\vladsch\flexmark\flexmark-ext-definition\0.62.2\flexmark-ext-definition-0.62.2.jar;C:\Users\TrisetioPutra\.m2\repository\com\vladsch\flexmark\flexmark-ext-emoji\0.62.2\flexmark-ext-emoji-0.62.2.jar;C:\Users\TrisetioPutra\.m2\repository\com\vladsch\flexmark\flexmark-ext-enumerated-reference\0.62.2\flexmark-ext-enumerated-reference-0.62.2.jar;C:\Users\TrisetioPutra\.m2\repository\com\vladsch\flexmark\flexmark-ext-escaped-character\0.62.2\flexmark-ext-escaped-character-0.62.2.jar;C:\Users\TrisetioPutra\.m2\repository\com\vladsch\flexmark\flexmark-ext-footnotes\0.62.2\flexmark-ext-footnotes-0.62.2.jar;C:\Users\TrisetioPutra\.m2\repository\com\vladsch\flexmark\flexmark-ext-gfm-issues\0.62.2\flexmark-ext-gfm-issues-0.62.2.jar;C:\Users\TrisetioPutra\.m2\repository\com\vladsch\flexmark\flexmark-ext-gfm-strikethrough\0.62.2\flexmark-ext-gfm-strikethrough-0.62.2.jar;C:\Users\TrisetioPutra\.m2\repository\com\vladsch\flexmark\flexmark-ext-gfm-tasklist\0.62.2\flexmark-ext-gfm-tasklist-0.62.2.jar;C:\Users\TrisetioPutra\.m2\repository\com\vladsch\flexmark\flexmark-ext-gfm-users\0.62.2\flexmark-ext-gfm-users-0.62.2.jar;C:\Users\TrisetioPutra\.m2\repository\com\vladsch\flexmark\flexmark-ext-gitlab\0.62.2\flexmark-ext-gitlab-0.62.2.jar;C:\Users\TrisetioPutra\.m2\repository\com\vladsch\flexmark\flexmark-ext-jekyll-front-matter\0.62.2\flexmark-ext-jekyll-front-matter-0.62.2.jar;C:\Users\TrisetioPutra\.m2\repository\com\vladsch\flexmark\flexmark-ext-jekyll-tag\0.62.2\flexmark-ext-jekyll-tag-0.62.2.jar;C:\Users\TrisetioPutra\.m2\repository\com\vladsch\flexmark\flexmark-ext-media-tags\0.62.2\flexmark-ext-media-tags-0.62.2.jar;C:\Users\TrisetioPutra\.m2\repository\com\vladsch\flexmark\flexmark-ext-macros\0.62.2\flexmark-ext-macros-0.62.2.jar;C:\Users\TrisetioPutra\.m2\repository\com\vladsch\flexmark\flexmark-ext-ins\0.62.2\flexmark-ext-ins-0.62.2.jar;C:\Users\TrisetioPutra\.m2\repository\com\vladsch\flexmark\flexmark-ext-xwiki-macros\0.62.2\flexmark-ext-xwiki-macros-0.62.2.jar;C:\Users\TrisetioPutra\.m2\repository\com\vladsch\flexmark\flexmark-ext-superscript\0.62.2\flexmark-ext-superscript-0.62.2.jar;C:\Users\TrisetioPutra\.m2\repository\com\vladsch\flexmark\flexmark-ext-tables\0.62.2\flexmark-ext-tables-0.62.2.jar;C:\Users\TrisetioPutra\.m2\repository\com\vladsch\flexmark\flexmark-ext-toc\0.62.2\flexmark-ext-toc-0.62.2.jar;C:\Users\TrisetioPutra\.m2\repository\com\vladsch\flexmark\flexmark-ext-typographic\0.62.2\flexmark-ext-typographic-0.62.2.jar;C:\Users\TrisetioPutra\.m2\repository\com\vladsch\flexmark\flexmark-ext-wikilink\0.62.2\flexmark-ext-wikilink-0.62.2.jar;C:\Users\TrisetioPutra\.m2\repository\com\vladsch\flexmark\flexmark-ext-yaml-front-matter\0.62.2\flexmark-ext-yaml-front-matter-0.62.2.jar;C:\Users\TrisetioPutra\.m2\repository\com\vladsch\flexmark\flexmark-ext-youtube-embedded\0.62.2\flexmark-ext-youtube-embedded-0.62.2.jar;C:\Users\TrisetioPutra\.m2\repository\com\vladsch\flexmark\flexmark-html2md-converter\0.62.2\flexmark-html2md-converter-0.62.2.jar;C:\Users\TrisetioPutra\.m2\repository\com\vladsch\flexmark\flexmark-jira-converter\0.62.2\flexmark-jira-converter-0.62.2.jar;C:\Users\TrisetioPutra\.m2\repository\com\vladsch\flexmark\flexmark-pdf-converter\0.62.2\flexmark-pdf-converter-0.62.2.jar;C:\Users\TrisetioPutra\.m2\repository\com\openhtmltopdf\openhtmltopdf-core\1.0.0\openhtmltopdf-core-1.0.0.jar;C:\Users\TrisetioPutra\.m2\repository\com\openhtmltopdf\openhtmltopdf-pdfbox\1.0.0\openhtmltopdf-pdfbox-1.0.0.jar;C:\Users\TrisetioPutra\.m2\repository\org\apache\pdfbox\pdfbox\2.0.16\pdfbox-2.0.16.jar;C:\Users\TrisetioPutra\.m2\repository\org\apache\pdfbox\fontbox\2.0.16\fontbox-2.0.16.jar;C:\Users\TrisetioPutra\.m2\repository\org\apache\pdfbox\xmpbox\2.0.16\xmpbox-2.0.16.jar;C:\Users\TrisetioPutra\.m2\repository\de\rototor\pdfbox\graphics2d\0.24\graphics2d-0.24.jar;C:\Users\TrisetioPutra\.m2\repository\com\openhtmltopdf\openhtmltopdf-rtl-support\1.0.0\openhtmltopdf-rtl-support-1.0.0.jar;C:\Users\TrisetioPutra\.m2\repository\com\openhtmltopdf\openhtmltopdf-jsoup-dom-converter\1.0.0\openhtmltopdf-jsoup-dom-converter-1.0.0.jar;C:\Users\TrisetioPutra\.m2\repository\com\vladsch\flexmark\flexmark-profile-pegdown\0.62.2\flexmark-profile-pegdown-0.62.2.jar;C:\Users\TrisetioPutra\.m2\repository\com\vladsch\flexmark\flexmark-util-ast\0.62.2\flexmark-util-ast-0.62.2.jar;C:\Users\TrisetioPutra\.m2\repository\com\vladsch\flexmark\flexmark-util-builder\0.62.2\flexmark-util-builder-0.62.2.jar;C:\Users\TrisetioPutra\.m2\repository\com\vladsch\flexmark\flexmark-util-collection\0.62.2\flexmark-util-collection-0.62.2.jar;C:\Users\TrisetioPutra\.m2\repository\com\vladsch\flexmark\flexmark-util-data\0.62.2\flexmark-util-data-0.62.2.jar;C:\Users\TrisetioPutra\.m2\repository\com\vladsch\flexmark\flexmark-util-dependency\0.62.2\flexmark-util-dependency-0.62.2.jar;C:\Users\TrisetioPutra\.m2\repository\com\vladsch\flexmark\flexmark-util-format\0.62.2\flexmark-util-format-0.62.2.jar;C:\Users\TrisetioPutra\.m2\repository\com\vladsch\flexmark\flexmark-util-html\0.62.2\flexmark-util-html-0.62.2.jar;C:\Users\TrisetioPutra\.m2\repository\com\vladsch\flexmark\flexmark-util-misc\0.62.2\flexmark-util-misc-0.62.2.jar;C:\Users\TrisetioPutra\.m2\repository\com\vladsch\flexmark\flexmark-util-options\0.62.2\flexmark-util-options-0.62.2.jar;C:\Users\TrisetioPutra\.m2\repository\com\vladsch\flexmark\flexmark-util-sequence\0.62.2\flexmark-util-sequence-0.62.2.jar;C:\Users\TrisetioPutra\.m2\repository\com\vladsch\flexmark\flexmark-util-visitor\0.62.2\flexmark-util-visitor-0.62.2.jar;C:\Users\TrisetioPutra\.m2\repository\com\vladsch\flexmark\flexmark-youtrack-converter\0.62.2\flexmark-youtrack-converter-0.62.2.jar;C:\Users\TrisetioPutra\.m2\repository\com\ibm\icu\icu4j\72.1\icu4j-72.1.jar;C:\Users\TrisetioPutra\.m2\repository\es\nitaur\markdown\txtmark\0.16\txtmark-0.16.jar;C:\Users\TrisetioPutra\.m2\repository\net\serenity-bdd\serenity-report-resources\3.6.21\serenity-report-resources-3.6.21.jar;C:\Users\TrisetioPutra\.m2\repository\com\google\code\gson\gson\2.10.1\gson-2.10.1.jar;C:\Users\TrisetioPutra\.m2\repository\com\fasterxml\jackson\core\jackson-core\2.15.0-rc1\jackson-core-2.15.0-rc1.jar;C:\Users\TrisetioPutra\.m2\repository\com\fasterxml\jackson\core\jackson-databind\2.15.0-rc1\jackson-databind-2.15.0-rc1.jar;C:\Users\TrisetioPutra\.m2\repository\com\fasterxml\jackson\core\jackson-annotations\2.15.0-rc1\jackson-annotations-2.15.0-rc1.jar;C:\Users\TrisetioPutra\.m2\repository\commons-codec\commons-codec\1.15\commons-codec-1.15.jar;C:\Users\TrisetioPutra\.m2\repository\commons-io\commons-io\2.11.0\commons-io-2.11.0.jar;C:\Users\TrisetioPutra\.m2\repository\org\apache\httpcomponents\httpclient\4.5.13\httpclient-4.5.13.jar;C:\Users\TrisetioPutra\.m2\repository\org\apache\httpcomponents\httpcore\4.4.13\httpcore-4.4.13.jar;C:\Users\TrisetioPutra\.m2\repository\commons-logging\commons-logging\1.2\commons-logging-1.2.jar;C:\Users\TrisetioPutra\.m2\repository\org\seleniumhq\selenium\selenium-java\4.8.1\selenium-java-4.8.1.jar;C:\Users\TrisetioPutra\.m2\repository\org\seleniumhq\selenium\selenium-devtools-v108\4.8.1\selenium-devtools-v108-4.8.1.jar;C:\Users\TrisetioPutra\.m2\repository\org\seleniumhq\selenium\selenium-devtools-v109\4.8.1\selenium-devtools-v109-4.8.1.jar;C:\Users\TrisetioPutra\.m2\repository\org\seleniumhq\selenium\selenium-devtools-v110\4.8.1\selenium-devtools-v110-4.8.1.jar;C:\Users\TrisetioPutra\.m2\repository\org\seleniumhq\selenium\selenium-devtools-v85\4.8.1\selenium-devtools-v85-4.8.1.jar;C:\Users\TrisetioPutra\.m2\repository\org\seleniumhq\selenium\selenium-remote-driver\4.8.1\selenium-remote-driver-4.8.1.jar;C:\Users\TrisetioPutra\.m2\repository\com\beust\jcommander\1.82\jcommander-1.82.jar;C:\Users\TrisetioPutra\.m2\repository\io\netty\netty-buffer\4.1.87.Final\netty-buffer-4.1.87.Final.jar;C:\Users\TrisetioPutra\.m2\repository\io\netty\netty-codec-http\4.1.87.Final\netty-codec-http-4.1.87.Final.jar;C:\Users\TrisetioPutra\.m2\repository\io\netty\netty-codec\4.1.87.Final\netty-codec-4.1.87.Final.jar;C:\Users\TrisetioPutra\.m2\repository\io\netty\netty-handler\4.1.87.Final\netty-handler-4.1.87.Final.jar;C:\Users\TrisetioPutra\.m2\repository\io\netty\netty-common\4.1.87.Final\netty-common-4.1.87.Final.jar;C:\Users\TrisetioPutra\.m2\repository\io\netty\netty-transport-classes-epoll\4.1.87.Final\netty-transport-classes-epoll-4.1.87.Final.jar;C:\Users\TrisetioPutra\.m2\repository\io\netty\netty-transport-classes-kqueue\4.1.87.Final\netty-transport-classes-kqueue-4.1.87.Final.jar;C:\Users\TrisetioPutra\.m2\repository\io\netty\netty-transport-native-epoll\4.1.87.Final\netty-transport-native-epoll-4.1.87.Final.jar;C:\Users\TrisetioPutra\.m2\repository\io\netty\netty-transport-native-kqueue\4.1.87.Final\netty-transport-native-kqueue-4.1.87.Final.jar;C:\Users\TrisetioPutra\.m2\repository\io\netty\netty-transport-native-unix-common\4.1.87.Final\netty-transport-native-unix-common-4.1.87.Final.jar;C:\Users\TrisetioPutra\.m2\repository\io\netty\netty-transport\4.1.87.Final\netty-transport-4.1.87.Final.jar;C:\Users\TrisetioPutra\.m2\repository\io\netty\netty-resolver\4.1.87.Final\netty-resolver-4.1.87.Final.jar;C:\Users\TrisetioPutra\.m2\repository\io\opentelemetry\opentelemetry-api\1.22.0\opentelemetry-api-1.22.0.jar;C:\Users\TrisetioPutra\.m2\repository\io\opentelemetry\opentelemetry-context\1.22.0\opentelemetry-context-1.22.0.jar;C:\Users\TrisetioPutra\.m2\repository\io\opentelemetry\opentelemetry-exporter-logging\1.22.0\opentelemetry-exporter-logging-1.22.0.jar;C:\Users\TrisetioPutra\.m2\repository\io\opentelemetry\opentelemetry-sdk-metrics\1.22.0\opentelemetry-sdk-metrics-1.22.0.jar;C:\Users\TrisetioPutra\.m2\repository\io\opentelemetry\opentelemetry-sdk-logs\1.22.0-alpha\opentelemetry-sdk-logs-1.22.0-alpha.jar;C:\Users\TrisetioPutra\.m2\repository\io\opentelemetry\opentelemetry-api-logs\1.22.0-alpha\opentelemetry-api-logs-1.22.0-alpha.jar;C:\Users\TrisetioPutra\.m2\repository\io\opentelemetry\opentelemetry-sdk-common\1.22.0\opentelemetry-sdk-common-1.22.0.jar;C:\Users\TrisetioPutra\.m2\repository\io\opentelemetry\opentelemetry-sdk-extension-autoconfigure-spi\1.22.0\opentelemetry-sdk-extension-autoconfigure-spi-1.22.0.jar;C:\Users\TrisetioPutra\.m2\repository\io\opentelemetry\opentelemetry-sdk-extension-autoconfigure\1.22.0-alpha\opentelemetry-sdk-extension-autoconfigure-1.22.0-alpha.jar;C:\Users\TrisetioPutra\.m2\repository\io\opentelemetry\opentelemetry-sdk-trace\1.22.0\opentelemetry-sdk-trace-1.22.0.jar;C:\Users\TrisetioPutra\.m2\repository\io\opentelemetry\opentelemetry-sdk\1.22.0\opentelemetry-sdk-1.22.0.jar;C:\Users\TrisetioPutra\.m2\repository\io\opentelemetry\opentelemetry-semconv\1.22.0-alpha\opentelemetry-semconv-1.22.0-alpha.jar;C:\Users\TrisetioPutra\.m2\repository\io\ous\jtoml\2.0.0\jtoml-2.0.0.jar;C:\Users\TrisetioPutra\.m2\repository\org\apache\commons\commons-exec\1.3\commons-exec-1.3.jar;C:\Users\TrisetioPutra\.m2\repository\org\asynchttpclient\async-http-client\2.12.3\async-http-client-2.12.3.jar;C:\Users\TrisetioPutra\.m2\repository\org\asynchttpclient\async-http-client-netty-utils\2.12.3\async-http-client-netty-utils-2.12.3.jar;C:\Users\TrisetioPutra\.m2\repository\io\netty\netty-codec-socks\4.1.60.Final\netty-codec-socks-4.1.60.Final.jar;C:\Users\TrisetioPutra\.m2\repository\io\netty\netty-handler-proxy\4.1.60.Final\netty-handler-proxy-4.1.60.Final.jar;C:\Users\TrisetioPutra\.m2\repository\io\netty\netty-transport-native-epoll\4.1.60.Final\netty-transport-native-epoll-4.1.60.Final-linux-x86_64.jar;C:\Users\TrisetioPutra\.m2\repository\io\netty\netty-transport-native-kqueue\4.1.60.Final\netty-transport-native-kqueue-4.1.60.Final-osx-x86_64.jar;C:\Users\TrisetioPutra\.m2\repository\org\reactivestreams\reactive-streams\1.0.3\reactive-streams-1.0.3.jar;C:\Users\TrisetioPutra\.m2\repository\com\typesafe\netty\netty-reactive-streams\2.0.4\netty-reactive-streams-2.0.4.jar;C:\Users\TrisetioPutra\.m2\repository\org\seleniumhq\selenium\selenium-manager\4.8.1\selenium-manager-4.8.1.jar;C:\Users\TrisetioPutra\.m2\repository\org\seleniumhq\selenium\selenium-safari-driver\4.8.1\selenium-safari-driver-4.8.1.jar;C:\Users\TrisetioPutra\.m2\repository\org\seleniumhq\selenium\selenium-api\4.8.1\selenium-api-4.8.1.jar;C:\Users\TrisetioPutra\.m2\repository\org\seleniumhq\selenium\selenium-support\4.8.1\selenium-support-4.8.1.jar;C:\Users\TrisetioPutra\.m2\repository\com\google\auto\service\auto-service-annotations\1.0.1\auto-service-annotations-1.0.1.jar;C:\Users\TrisetioPutra\.m2\repository\com\google\auto\service\auto-service\1.0.1\auto-service-1.0.1.jar;C:\Users\TrisetioPutra\.m2\repository\com\google\auto\auto-common\1.2\auto-common-1.2.jar;C:\Users\TrisetioPutra\.m2\repository\org\seleniumhq\selenium\selenium-json\4.8.1\selenium-json-4.8.1.jar;C:\Users\TrisetioPutra\.m2\repository\org\seleniumhq\selenium\selenium-chrome-driver\4.8.1\selenium-chrome-driver-4.8.1.jar;C:\Users\TrisetioPutra\.m2\repository\org\seleniumhq\selenium\selenium-chromium-driver\4.8.1\selenium-chromium-driver-4.8.1.jar;C:\Users\TrisetioPutra\.m2\repository\org\seleniumhq\selenium\selenium-firefox-driver\4.8.1\selenium-firefox-driver-4.8.1.jar;C:\Users\TrisetioPutra\.m2\repository\org\seleniumhq\selenium\selenium-http\4.8.1\selenium-http-4.8.1.jar;C:\Users\TrisetioPutra\.m2\repository\dev\failsafe\failsafe\3.3.0\failsafe-3.3.0.jar;C:\Users\TrisetioPutra\.m2\repository\org\seleniumhq\selenium\selenium-edge-driver\4.8.1\selenium-edge-driver-4.8.1.jar;C:\Users\TrisetioPutra\.m2\repository\org\seleniumhq\selenium\selenium-ie-driver\4.8.1\selenium-ie-driver-4.8.1.jar;C:\Users\TrisetioPutra\.m2\repository\org\projectlombok\lombok\1.18.20\lombok-1.18.20.jar;C:\Users\TrisetioPutra\.m2\repository\io\appium\java-client\8.3.0\java-client-8.3.0.jar;C:\Users\TrisetioPutra\.m2\repository\commons-validator\commons-validator\1.7\commons-validator-1.7.jar;C:\Users\TrisetioPutra\.m2\repository\commons-digester\commons-digester\2.1\commons-digester-2.1.jar;C:\Users\TrisetioPutra\.m2\repository\org\apache\groovy\groovy\4.0.10\groovy-4.0.10.jar;C:\Users\TrisetioPutra\.m2\repository\net\sf\opencsv\opencsv\2.0\opencsv-2.0.jar;C:\Users\TrisetioPutra\.m2\repository\commons-beanutils\commons-beanutils\1.9.4\commons-beanutils-1.9.4.jar;C:\Users\TrisetioPutra\.m2\repository\org\apache\commons\commons-lang3\3.12.0\commons-lang3-3.12.0.jar;C:\Users\TrisetioPutra\.m2\repository\commons-collections\commons-collections\3.2.2\commons-collections-3.2.2.jar;C:\Users\TrisetioPutra\.m2\repository\org\fluentlenium\fluentlenium-core\0.10.2\fluentlenium-core-0.10.2.jar;C:\Users\TrisetioPutra\.m2\repository\io\github\bonigarcia\webdrivermanager\5.3.0\webdrivermanager-5.3.0.jar;C:\Users\TrisetioPutra\.m2\repository\com\github\docker-java\docker-java\3.2.13\docker-java-3.2.13.jar;C:\Users\TrisetioPutra\.m2\repository\com\github\docker-java\docker-java-core\3.2.13\docker-java-core-3.2.13.jar;C:\Users\TrisetioPutra\.m2\repository\com\github\docker-java\docker-java-api\3.2.13\docker-java-api-3.2.13.jar;C:\Users\TrisetioPutra\.m2\repository\org\apache\commons\commons-compress\1.21\commons-compress-1.21.jar;C:\Users\TrisetioPutra\.m2\repository\org\bouncycastle\bcpkix-jdk15on\1.64\bcpkix-jdk15on-1.64.jar;C:\Users\TrisetioPutra\.m2\repository\org\bouncycastle\bcprov-jdk15on\1.64\bcprov-jdk15on-1.64.jar;C:\Users\TrisetioPutra\.m2\repository\org\slf4j\jcl-over-slf4j\1.7.30\jcl-over-slf4j-1.7.30.jar;C:\Users\TrisetioPutra\.m2\repository\com\github\docker-java\docker-java-transport-httpclient5\3.2.13\docker-java-transport-httpclient5-3.2.13.jar;C:\Users\TrisetioPutra\.m2\repository\com\github\docker-java\docker-java-transport\3.2.13\docker-java-transport-3.2.13.jar;C:\Users\TrisetioPutra\.m2\repository\net\java\dev\jna\jna\5.8.0\jna-5.8.0.jar;C:\Users\TrisetioPutra\.m2\repository\org\brotli\dec\0.1.2\dec-0.1.2.jar;C:\Users\TrisetioPutra\.m2\repository\org\apache\httpcomponents\client5\httpclient5\5.1.3\httpclient5-5.1.3.jar;C:\Users\TrisetioPutra\.m2\repository\org\apache\httpcomponents\core5\httpcore5\5.1.3\httpcore5-5.1.3.jar;C:\Users\TrisetioPutra\.m2\repository\org\apache\httpcomponents\core5\httpcore5-h2\5.1.3\httpcore5-h2-5.1.3.jar;C:\Users\TrisetioPutra\.m2\repository\com\jhlabs\filters\2.0.235\filters-2.0.235.jar;C:\Users\TrisetioPutra\.m2\repository\com\paulhammant\ngwebdriver\1.1.6\ngwebdriver-1.1.6.jar;C:\Users\TrisetioPutra\.m2\repository\joda-time\joda-time\2.12.2\joda-time-2.12.2.jar;C:\Users\TrisetioPutra\.m2\repository\org\hamcrest\hamcrest\2.2\hamcrest-2.2.jar;C:\Users\TrisetioPutra\.m2\repository\com\google\jimfs\jimfs\1.2\jimfs-1.2.jar;C:\Users\TrisetioPutra\.m2\repository\org\mockito\mockito-core\3.3.3\mockito-core-3.3.3.jar;C:\Users\TrisetioPutra\.m2\repository\javax\xml\bind\jaxb-api\2.3.1\jaxb-api-2.3.1.jar;C:\Users\TrisetioPutra\.m2\repository\javax\activation\javax.activation-api\1.2.0\javax.activation-api-1.2.0.jar;C:\Users\TrisetioPutra\.m2\repository\com\sun\xml\bind\jaxb-core\2.3.0.1\jaxb-core-2.3.0.1.jar;C:\Users\TrisetioPutra\.m2\repository\com\sun\xml\bind\jaxb-impl\2.3.3\jaxb-impl-2.3.3.jar;C:\Users\TrisetioPutra\.m2\repository\jakarta\xml\bind\jakarta.xml.bind-api\2.3.3\jakarta.xml.bind-api-2.3.3.jar;C:\Users\TrisetioPutra\.m2\repository\com\sun\activation\jakarta.activation\1.2.2\jakarta.activation-1.2.2.jar;C:\Users\TrisetioPutra\.m2\repository\javax\activation\activation\1.1.1\activation-1.1.1.jar;C:\Users\TrisetioPutra\.m2\repository\net\serenity-bdd\serenity-cucumber\3.6.21\serenity-cucumber-3.6.21.jar;C:\Users\TrisetioPutra\.m2\repository\io\cucumber\cucumber-core\7.11.0\cucumber-core-7.11.0.jar;C:\Users\TrisetioPutra\.m2\repository\io\cucumber\cucumber-gherkin\7.11.0\cucumber-gherkin-7.11.0.jar;C:\Users\TrisetioPutra\.m2\repository\io\cucumber\cucumber-gherkin-messages\7.11.0\cucumber-gherkin-messages-7.11.0.jar;C:\Users\TrisetioPutra\.m2\repository\io\cucumber\gherkin\26.0.3\gherkin-26.0.3.jar;C:\Users\TrisetioPutra\.m2\repository\io\cucumber\messages\21.0.1\messages-21.0.1.jar;C:\Users\TrisetioPutra\.m2\repository\io\cucumber\tag-expressions\5.0.1\tag-expressions-5.0.1.jar;C:\Users\TrisetioPutra\.m2\repository\io\cucumber\cucumber-expressions\16.1.1\cucumber-expressions-16.1.1.jar;C:\Users\TrisetioPutra\.m2\repository\io\cucumber\datatable\7.11.0\datatable-7.11.0.jar;C:\Users\TrisetioPutra\.m2\repository\io\cucumber\cucumber-plugin\7.11.0\cucumber-plugin-7.11.0.jar;C:\Users\TrisetioPutra\.m2\repository\io\cucumber\docstring\7.11.0\docstring-7.11.0.jar;C:\Users\TrisetioPutra\.m2\repository\io\cucumber\html-formatter\20.2.1\html-formatter-20.2.1.jar;C:\Users\TrisetioPutra\.m2\repository\io\cucumber\junit-xml-formatter\0.1.0\junit-xml-formatter-0.1.0.jar;C:\Users\TrisetioPutra\.m2\repository\io\cucumber\ci-environment\9.1.0\ci-environment-9.1.0.jar;C:\Users\TrisetioPutra\.m2\repository\io\cucumber\cucumber-java\7.11.0\cucumber-java-7.11.0.jar;C:\Users\TrisetioPutra\.m2\repository\io\cucumber\cucumber-junit\7.11.0\cucumber-junit-7.11.0.jar;C:\Users\TrisetioPutra\.m2\repository\org\apache\commons\commons-csv\1.5\commons-csv-1.5.jar;C:\Users\TrisetioPutra\.m2\repository\net\serenity-bdd\serenity-screenplay\3.6.21\serenity-screenplay-3.6.21.jar;C:\Users\TrisetioPutra\.m2\repository\net\serenity-bdd\serenity-screenplay-webdriver\3.6.21\serenity-screenplay-webdriver-3.6.21.jar;C:\Users\TrisetioPutra\.m2\repository\net\serenity-bdd\serenity-ensure\3.6.21\serenity-ensure-3.6.21.jar;C:\Users\TrisetioPutra\.m2\repository\net\serenity-bdd\serenity-junit\3.6.21\serenity-junit-3.6.21.jar;C:\Users\TrisetioPutra\.m2\repository\org\jetbrains\kotlin\kotlin-stdlib\1.8.10\kotlin-stdlib-1.8.10.jar;C:\Users\TrisetioPutra\.m2\repository\org\jetbrains\kotlin\kotlin-stdlib-common\1.8.10\kotlin-stdlib-common-1.8.10.jar;C:\Users\TrisetioPutra\.m2\repository\org\jetbrains\annotations\13.0\annotations-13.0.jar;C:\Users\TrisetioPutra\.m2\repository\org\junit\platform\junit-platform-launcher\1.8.2\junit-platform-launcher-1.8.2.jar;C:\Users\TrisetioPutra\.m2\repository\org\junit\platform\junit-platform-engine\1.8.2\junit-platform-engine-1.8.2.jar;C:\Users\TrisetioPutra\.m2\repository\org\opentest4j\opentest4j\1.2.0\opentest4j-1.2.0.jar;C:\Users\TrisetioPutra\.m2\repository\org\junit\platform\junit-platform-commons\1.8.2\junit-platform-commons-1.8.2.jar;C:\Users\TrisetioPutra\.m2\repository\org\apiguardian\apiguardian-api\1.1.2\apiguardian-api-1.1.2.jar;C:\Users\TrisetioPutra\.m2\repository\org\junit\jupiter\junit-jupiter-engine\5.8.2\junit-jupiter-engine-5.8.2.jar;C:\Users\TrisetioPutra\.m2\repository\org\junit\jupiter\junit-jupiter-api\5.8.2\junit-jupiter-api-5.8.2.jar;C:\Users\TrisetioPutra\.m2\repository\org\junit\vintage\junit-vintage-engine\5.8.2\junit-vintage-engine-5.8.2.jar;C:\Users\TrisetioPutra\.m2\repository\junit\junit\4.13.2\junit-4.13.2.jar;C:\Users\TrisetioPutra\.m2\repository\org\hamcrest\hamcrest-core\1.3\hamcrest-core-1.3.jar;C:\Users\TrisetioPutra\.m2\repository\ch\qos\logback\logback-classic\1.2.10\logback-classic-1.2.10.jar;C:\Users\TrisetioPutra\.m2\repository\ch\qos\logback\logback-core\1.2.10\logback-core-1.2.10.jar;C:\Users\TrisetioPutra\.m2\repository\org\slf4j\slf4j-api\1.7.32\slf4j-api-1.7.32.jar;C:\Users\TrisetioPutra\.m2\repository\org\assertj\assertj-core\3.23.1\assertj-core-3.23.1.jar;C:\Users\TrisetioPutra\.m2\repository\net\bytebuddy\byte-buddy\1.12.10\byte-buddy-1.12.10.jar;C:\Users\TrisetioPutra\.m2\repository\org\apache\maven\surefire\surefire-junit-platform\3.0.0-M5\surefire-junit-platform-3.0.0-M5.jar;C:\Users\TrisetioPutra\.m2\repository\org\apache\maven\surefire\common-java5\3.0.0-M5\common-java5-3.0.0-M5.jar"/>
    <property name="user.script" value=""/>
    <property name="java.protocol.handler.pkgs" value="com.google.common"/>
    <property name="sun.management.compiler" value="HotSpot 64-Bit Tiered Compilers"/>
    <property name="java.runtime.version" value="19+36-2238"/>
    <property name="user.name" value="TrisetioPutra"/>
    <property name="stdout.encoding" value="Cp1252"/>
    <property name="path.separator" value=";"/>
    <property name="os.version" value="10.0"/>
    <property name="java.runtime.name" value="Java(TM) SE Runtime Environment"/>
    <property name="file.encoding" value="UTF-8"/>
    <property name="webdriver.base.url" value=""/>
    <property name="java.vm.name" value="Java HotSpot(TM) 64-Bit Server VM"/>
    <property name="localRepository" value="C:\Users\TrisetioPutra\.m2\repository"/>
    <property name="java.vendor.url.bug" value="https://bugreport.java.com/bugreport/"/>
    <property name="java.io.tmpdir" value="C:\Users\TRISET~1\AppData\Local\Temp\"/>
    <property name="java.version" value="19"/>
    <property name="user.dir" value="C:\Users\TrisetioPutra\Documents\serenity_sauce\serenity-sepulsa"/>
    <property name="os.arch" value="amd64"/>
    <property name="java.vm.specification.name" value="Java Virtual Machine Specification"/>
    <property name="sun.os.patch.level" value=""/>
    <property name="native.encoding" value="Cp1252"/>
    <property name="java.library.path" value="C:\Program Files\Java\jdk-19\bin;C:\WINDOWS\Sun\Java\bin;C:\WINDOWS\system32;C:\WINDOWS;C:\Program Files\Common Files\Oracle\Java\javapath;C:\Windows\system32;C:\Windows;C:\Windows\System32\Wbem;C:\Windows\System32\WindowsPowerShell\v1.0\;C:\Windows\System32\OpenSSH\;C:\Program Files (x86)\NVIDIA Corporation\PhysX\Common;C:\Program Files\nodejs\;C:\Program Files\Git\cmd;C:\WINDOWS\system32;C:\WINDOWS;C:\WINDOWS\System32\Wbem;C:\WINDOWS\System32\WindowsPowerShell\v1.0\;C:\WINDOWS\System32\OpenSSH\;C:\ProgramData\chocolatey\bin;C:\Program Files\NVIDIA Corporation\NVIDIA NvDLISR;C:\Users\TrisetioPutra\AppData\Local\Programs\Python\Python310\Scripts;C:\Program Files\Java\jdk-19\bin;C:\Users\TrisetioPutra\Downloads\apache-maven-3.8.8-bin\apache-maven-3.8.8\bin;C:\Users\TrisetioPutra\AppData\Local\Microsoft\WindowsApps;C:\Users\TrisetioPutra\AppData\Roaming\npm;C:\Users\TrisetioPutra\AppData\Local\Programs\Microsoft VS Code\bin;C:\tools\dart-sdk\bin;C:\Users\TrisetioPutra\AppData\Roaming\Pub\Cache\bin;C:\Users\TrisetioPutra\fvm\versions\2.5.0\bin\cache\dart-sdk\bin;C:\Users\TrisetioPutra\fvm\versions\2.5.0\bin;C:\Users\TrisetioPutra\Downloads\platform-tools_r33.0.2-windows\platform-tools;C:\Program Files (x86)\BrowserStackLoca2l\;."/>
    <property name="java.vm.info" value="mixed mode"/>
    <property name="stderr.encoding" value="Cp1252"/>
    <property name="java.vendor" value="Oracle Corporation"/>
    <property name="java.vm.version" value="19+36-2238"/>
    <property name="sun.io.unicode.encoding" value="UnicodeLittle"/>
    <property name="java.class.version" value="63.0"/>
  </properties>
  <testcase name="As a registered user i want to be able to login" classname="login" time="9.661">
    <system-out><![CDATA[20:54:24.362 [main] DEBUG net.thucydides.core.guice.Injectors - Created injector for module net.thucydides.core.guice.ThucydidesModule
20:54:24.613 [main] DEBUG io.cucumber.core.plugin.SerenityReporter - Running feature from file:///C:/Users/TrisetioPutra/Documents/serenity_sauce/serenity-sepulsa/src/test/resources/features/Login.feature
20:54:24.785 [main] DEBUG net.thucydides.core.guice.Injectors - Created injector for module net.thucydides.core.guice.webdriver.WebDriverModule
20:54:24.816 [main] INFO  - 

-------------------------------------------------------------------------------------
     _______. _______ .______       _______ .__   __.  __  .___________.____    ____ 
    /       ||   ____||   _  \     |   ____||  \ |  | |  | |           |\   \  /   / 
   |   (----`|  |__   |  |_)  |    |  |__   |   \|  | |  | `---|  |----` \   \/   /  
    \   \    |   __|  |      /     |   __|  |  . `  | |  |     |  |       \_    _/   
.----)   |   |  |____ |  |\  \----.|  |____ |  |\   | |  |     |  |         |  |     
|_______/    |_______|| _| `._____||_______||__| \__| |__|     |__|         |__|    
                                                                                     
 News and tutorials at http://www.serenity-bdd.info                                  
 Documentation at https://wakaleo.gitbooks.io/the-serenity-book/content/             
 Join the Serenity Community on Gitter: https://gitter.im/serenity-bdd/serenity-core 
 Serenity BDD Support and Training at http://serenity-bdd.info/#/trainingandsupport  
-------------------------------------------------------------------------------------

20:54:24.818 [main] DEBUG net.thucydides.core.steps.StepEventBus - Test suite started for story net.thucydides.core.model.Story@23282f08
20:54:24.821 [main] INFO  - Test Suite Started: Login
20:54:24.840 [main] DEBUG io.cucumber.core.plugin.SerenityReporter - Running feature from file:///C:/Users/TrisetioPutra/Documents/serenity_sauce/serenity-sepulsa/src/test/resources/features/Order.feature
20:54:24.844 [main] DEBUG net.thucydides.core.steps.StepEventBus - Test suite started for story net.thucydides.core.model.Story@cc4b76a8
20:54:24.844 [main] INFO  - Test Suite Started: Order
20:54:24.844 [main] DEBUG io.cucumber.core.plugin.SerenityReporter - Running feature from file:///C:/Users/TrisetioPutra/Documents/serenity_sauce/serenity-sepulsa/src/test/resources/features/Product.feature
20:54:24.847 [main] DEBUG net.thucydides.core.steps.StepEventBus - Test suite started for story net.thucydides.core.model.Story@fdbc81c8
20:54:24.847 [main] INFO  - Test Suite Started: Product
20:54:24.848 [main] DEBUG io.cucumber.core.plugin.SerenityReporter - Running feature from file:///C:/Users/TrisetioPutra/Documents/serenity_sauce/serenity-sepulsa/src/test/resources/features/Login.feature
20:54:24.850 [main] DEBUG net.thucydides.core.steps.StepEventBus - Test suite started for story net.thucydides.core.model.Story@23282f08
20:54:24.850 [main] INFO  - Test Suite Started: Login

@login
Scenario Outline: As a registered user i want to be able to login               &amp#27;[90m# src/test/resources/features/Login.feature:11&amp#27;[0m
20:54:24.921 [main] DEBUG io.cucumber.core.plugin.SerenityReporter - Running feature from file:///C:/Users/TrisetioPutra/Documents/serenity_sauce/serenity-sepulsa/src/test/resources/features/Login.feature
20:54:25.062 [main] INFO  - 
  _____   ___   ___   _____     ___   _____     _     ___   _____   ___   ___  
 |_   _| | __| / __| |_   _|   / __| |_   _|   /_\   | _ \ |_   _| | __| |   \ 
   | |   | _|  \__ \   | |     \__ \   | |    / _ \  |   /   | |   | _|  | |) |
   |_|   |___| |___/   |_|     |___/   |_|   /_/ \_\ |_|_\   |_|   |___| |___/ 

As a registered user i want to be able to login(login;as-a-registered-user-i-want-to-be-able-to-login)
--------------------------------------------------------------------------------
20:54:25.121 [main] DEBUG net.thucydides.core.requirements.model.cucumber.CucumberParser - Loading feature C:\Users\TrisetioPutra\Documents\serenity_sauce\serenity-sepulsa\src\test\resources\features\Login.feature
20:54:25.143 [main] DEBUG net.thucydides.core.requirements.model.cucumber.CucumberParser - Loading feature C:\Users\TrisetioPutra\Documents\serenity_sauce\serenity-sepulsa\src\test\resources\features\Order.feature
20:54:25.152 [main] DEBUG net.thucydides.core.requirements.model.cucumber.CucumberParser - Loading feature C:\Users\TrisetioPutra\Documents\serenity_sauce\serenity-sepulsa\src\test\resources\features\Product.feature
20:54:25.845 [main] INFO net.serenitybdd.core.webdriver.driverproviders.DriverProvider - Using WebDriverManager configuration for chrome
20:54:26.207 [main] DEBUG io.github.bonigarcia.wdm.cache.ResolutionCache - Removing resolution chrome=111 from cache (expired on Tue Apr 04 20:30:25 WIB 2023)
20:54:26.230 [main] DEBUG org.apache.hc.client5.http.impl.classic.InternalHttpClient - ex-0000000001 preparing request execution
20:54:26.237 [main] DEBUG org.apache.hc.client5.http.protocol.RequestAddCookies - ex-0000000001 Cookie spec selected: strict
20:54:26.242 [main] DEBUG org.apache.hc.client5.http.protocol.RequestAuthCache - ex-0000000001 Auth cache not set in the context
20:54:26.242 [main] DEBUG org.apache.hc.client5.http.impl.classic.ProtocolExec - ex-0000000001 target auth state: UNCHALLENGED
20:54:26.243 [main] DEBUG org.apache.hc.client5.http.impl.classic.ProtocolExec - ex-0000000001 proxy auth state: UNCHALLENGED
20:54:26.244 [main] DEBUG org.apache.hc.client5.http.impl.classic.ConnectExec - ex-0000000001 acquiring connection with route {s}->https://raw.githubusercontent.com:443
20:54:26.244 [main] DEBUG org.apache.hc.client5.http.impl.classic.InternalHttpClient - ex-0000000001 acquiring endpoint (3 MINUTES)
20:54:26.245 [main] DEBUG org.apache.hc.client5.http.impl.io.PoolingHttpClientConnectionManager - ex-0000000001 endpoint lease request (3 MINUTES) [route: {s}->https://raw.githubusercontent.com:443][total available: 0; route allocated: 0 of 5; total allocated: 0 of 25]
20:54:26.248 [main] DEBUG org.apache.hc.client5.http.impl.io.PoolingHttpClientConnectionManager - ex-0000000001 endpoint leased [route: {s}->https://raw.githubusercontent.com:443][total available: 0; route allocated: 1 of 5; total allocated: 1 of 25]
20:54:26.261 [main] DEBUG org.apache.hc.client5.http.impl.io.PoolingHttpClientConnectionManager - ex-0000000001 acquired ep-0000000000
20:54:26.261 [main] DEBUG org.apache.hc.client5.http.impl.classic.InternalHttpClient - ex-0000000001 acquired endpoint ep-0000000000
20:54:26.261 [main] DEBUG org.apache.hc.client5.http.impl.classic.ConnectExec - ex-0000000001 opening connection {s}->https://raw.githubusercontent.com:443
20:54:26.262 [main] DEBUG org.apache.hc.client5.http.impl.classic.InternalHttpClient - ep-0000000000 connecting endpoint (30 SECONDS)
20:54:26.262 [main] DEBUG org.apache.hc.client5.http.impl.io.PoolingHttpClientConnectionManager - ep-0000000000 connecting endpoint to https://raw.githubusercontent.com:443 (30 SECONDS)
20:54:26.293 [main] DEBUG org.apache.hc.client5.http.impl.io.DefaultHttpClientConnectionOperator - http-outgoing-0 connecting to raw.githubusercontent.com/185.199.109.133:443
20:54:26.294 [main] DEBUG org.apache.hc.client5.http.ssl.SSLConnectionSocketFactory - Connecting socket to raw.githubusercontent.com/185.199.109.133:443 with timeout 30 SECONDS
20:54:26.386 [main] DEBUG org.apache.hc.client5.http.ssl.SSLConnectionSocketFactory - Enabled protocols: [TLSv1.3, TLSv1.2]
20:54:26.386 [main] DEBUG org.apache.hc.client5.http.ssl.SSLConnectionSocketFactory - Enabled cipher suites: [TLS_AES_256_GCM_SHA384, TLS_AES_128_GCM_SHA256, TLS_CHACHA20_POLY1305_SHA256, TLS_ECDHE_ECDSA_WITH_AES_256_GCM_SHA384, TLS_ECDHE_ECDSA_WITH_AES_128_GCM_SHA256, TLS_ECDHE_ECDSA_WITH_CHACHA20_POLY1305_SHA256, TLS_ECDHE_RSA_WITH_AES_256_GCM_SHA384, TLS_ECDHE_RSA_WITH_CHACHA20_POLY1305_SHA256, TLS_ECDHE_RSA_WITH_AES_128_GCM_SHA256, TLS_DHE_RSA_WITH_AES_256_GCM_SHA384, TLS_DHE_RSA_WITH_CHACHA20_POLY1305_SHA256, TLS_DHE_DSS_WITH_AES_256_GCM_SHA384, TLS_DHE_RSA_WITH_AES_128_GCM_SHA256, TLS_DHE_DSS_WITH_AES_128_GCM_SHA256, TLS_ECDHE_ECDSA_WITH_AES_256_CBC_SHA384, TLS_ECDHE_RSA_WITH_AES_256_CBC_SHA384, TLS_ECDHE_ECDSA_WITH_AES_128_CBC_SHA256, TLS_ECDHE_RSA_WITH_AES_128_CBC_SHA256, TLS_DHE_RSA_WITH_AES_256_CBC_SHA256, TLS_DHE_DSS_WITH_AES_256_CBC_SHA256, TLS_DHE_RSA_WITH_AES_128_CBC_SHA256, TLS_DHE_DSS_WITH_AES_128_CBC_SHA256, TLS_ECDH_ECDSA_WITH_AES_256_GCM_SHA384, TLS_ECDH_RSA_WITH_AES_256_GCM_SHA384, TLS_ECDH_ECDSA_WITH_AES_128_GCM_SHA256, TLS_ECDH_RSA_WITH_AES_128_GCM_SHA256, TLS_ECDH_ECDSA_WITH_AES_256_CBC_SHA384, TLS_ECDH_RSA_WITH_AES_256_CBC_SHA384, TLS_ECDH_ECDSA_WITH_AES_128_CBC_SHA256, TLS_ECDH_RSA_WITH_AES_128_CBC_SHA256, TLS_ECDHE_ECDSA_WITH_AES_256_CBC_SHA, TLS_ECDHE_RSA_WITH_AES_256_CBC_SHA, TLS_ECDHE_ECDSA_WITH_AES_128_CBC_SHA, TLS_ECDHE_RSA_WITH_AES_128_CBC_SHA, TLS_DHE_RSA_WITH_AES_256_CBC_SHA, TLS_DHE_DSS_WITH_AES_256_CBC_SHA, TLS_DHE_RSA_WITH_AES_128_CBC_SHA, TLS_DHE_DSS_WITH_AES_128_CBC_SHA, TLS_ECDH_ECDSA_WITH_AES_256_CBC_SHA, TLS_ECDH_RSA_WITH_AES_256_CBC_SHA, TLS_ECDH_ECDSA_WITH_AES_128_CBC_SHA, TLS_ECDH_RSA_WITH_AES_128_CBC_SHA, TLS_RSA_WITH_AES_256_GCM_SHA384, TLS_RSA_WITH_AES_128_GCM_SHA256, TLS_RSA_WITH_AES_256_CBC_SHA256, TLS_RSA_WITH_AES_128_CBC_SHA256, TLS_RSA_WITH_AES_256_CBC_SHA, TLS_RSA_WITH_AES_128_CBC_SHA, TLS_EMPTY_RENEGOTIATION_INFO_SCSV]
20:54:26.387 [main] DEBUG org.apache.hc.client5.http.ssl.SSLConnectionSocketFactory - Starting handshake
20:54:26.498 [main] DEBUG org.apache.hc.client5.http.ssl.SSLConnectionSocketFactory - Secure session established
20:54:26.498 [main] DEBUG org.apache.hc.client5.http.ssl.SSLConnectionSocketFactory -  negotiated protocol: TLSv1.3
20:54:26.498 [main] DEBUG org.apache.hc.client5.http.ssl.SSLConnectionSocketFactory -  negotiated cipher suite: TLS_AES_128_GCM_SHA256
20:54:26.498 [main] DEBUG org.apache.hc.client5.http.ssl.SSLConnectionSocketFactory -  peer principal: CN=*.github.io, O="GitHub, Inc.", L=San Francisco, ST=California, C=US
20:54:26.499 [main] DEBUG org.apache.hc.client5.http.ssl.SSLConnectionSocketFactory -  peer alternative names: [*.github.io, github.io, *.github.com, github.com, www.github.com, *.githubusercontent.com, githubusercontent.com]
20:54:26.499 [main] DEBUG org.apache.hc.client5.http.ssl.SSLConnectionSocketFactory -  issuer principal: CN=DigiCert TLS RSA SHA256 2020 CA1, O=DigiCert Inc, C=US
20:54:26.500 [main] DEBUG org.apache.hc.client5.http.impl.io.DefaultHttpClientConnectionOperator - http-outgoing-0 connection established 192.168.0.101:60239<->185.199.109.133:443
20:54:26.500 [main] DEBUG org.apache.hc.client5.http.impl.io.PoolingHttpClientConnectionManager - ep-0000000000 connected http-outgoing-0
20:54:26.500 [main] DEBUG org.apache.hc.client5.http.impl.classic.InternalHttpClient - ep-0000000000 endpoint connected
20:54:26.500 [main] DEBUG org.apache.hc.client5.http.impl.classic.MainClientExec - ex-0000000001 executing GET /bonigarcia/webdrivermanager/master/src/main/resources/commands.properties HTTP/1.1
20:54:26.501 [main] DEBUG org.apache.hc.client5.http.impl.classic.InternalHttpClient - ep-0000000000 start execution ex-0000000001
20:54:26.501 [main] DEBUG org.apache.hc.client5.http.impl.io.PoolingHttpClientConnectionManager - ep-0000000000 executing exchange ex-0000000001 over http-outgoing-0
20:54:26.501 [main] DEBUG org.apache.hc.client5.http.headers - http-outgoing-0 >> GET /bonigarcia/webdrivermanager/master/src/main/resources/commands.properties HTTP/1.1
20:54:26.501 [main] DEBUG org.apache.hc.client5.http.headers - http-outgoing-0 >> user-agent: Apache-HttpClient/5.0
20:54:26.501 [main] DEBUG org.apache.hc.client5.http.headers - http-outgoing-0 >> accept-encoding: gzip, deflate, br
20:54:26.501 [main] DEBUG org.apache.hc.client5.http.headers - http-outgoing-0 >> cache-control: max-age=0
20:54:26.501 [main] DEBUG org.apache.hc.client5.http.headers - http-outgoing-0 >> connection: keep-alive
20:54:26.501 [main] DEBUG org.apache.hc.client5.http.headers - http-outgoing-0 >> Host: raw.githubusercontent.com
20:54:26.501 [main] DEBUG org.apache.hc.client5.http.wire - http-outgoing-0 >> "GET /bonigarcia/webdrivermanager/master/src/main/resources/commands.properties HTTP/1.1[\r][\n]"
20:54:26.501 [main] DEBUG org.apache.hc.client5.http.wire - http-outgoing-0 >> "user-agent: Apache-HttpClient/5.0[\r][\n]"
20:54:26.501 [main] DEBUG org.apache.hc.client5.http.wire - http-outgoing-0 >> "accept-encoding: gzip, deflate, br[\r][\n]"
20:54:26.501 [main] DEBUG org.apache.hc.client5.http.wire - http-outgoing-0 >> "cache-control: max-age=0[\r][\n]"
20:54:26.501 [main] DEBUG org.apache.hc.client5.http.wire - http-outgoing-0 >> "connection: keep-alive[\r][\n]"
20:54:26.502 [main] DEBUG org.apache.hc.client5.http.wire - http-outgoing-0 >> "Host: raw.githubusercontent.com[\r][\n]"
20:54:26.502 [main] DEBUG org.apache.hc.client5.http.wire - http-outgoing-0 >> "[\r][\n]"
20:54:26.527 [main] DEBUG org.apache.hc.client5.http.wire - http-outgoing-0 << "HTTP/1.1 200 OK[\r][\n]"
20:54:26.527 [main] DEBUG org.apache.hc.client5.http.wire - http-outgoing-0 << "Connection: keep-alive[\r][\n]"
20:54:26.527 [main] DEBUG org.apache.hc.client5.http.wire - http-outgoing-0 << "Content-Length: 723[\r][\n]"
20:54:26.527 [main] DEBUG org.apache.hc.client5.http.wire - http-outgoing-0 << "Cache-Control: max-age=300[\r][\n]"
20:54:26.527 [main] DEBUG org.apache.hc.client5.http.wire - http-outgoing-0 << "Content-Security-Policy: default-src 'none'; style-src 'unsafe-inline'; sandbox[\r][\n]"
20:54:26.527 [main] DEBUG org.apache.hc.client5.http.wire - http-outgoing-0 << "Content-Type: text/plain; charset=utf-8[\r][\n]"
20:54:26.527 [main] DEBUG org.apache.hc.client5.http.wire - http-outgoing-0 << "ETag: W/"e82b438271e9e8680c688b0b680efd0bdd22faa6d6f0a32fc1fd8accc486b67e"[\r][\n]"
20:54:26.527 [main] DEBUG org.apache.hc.client5.http.wire - http-outgoing-0 << "Strict-Transport-Security: max-age=31536000[\r][\n]"
20:54:26.527 [main] DEBUG org.apache.hc.client5.http.wire - http-outgoing-0 << "X-Content-Type-Options: nosniff[\r][\n]"
20:54:26.528 [main] DEBUG org.apache.hc.client5.http.wire - http-outgoing-0 << "X-Frame-Options: deny[\r][\n]"
20:54:26.528 [main] DEBUG org.apache.hc.client5.http.wire - http-outgoing-0 << "X-XSS-Protection: 1; mode=block[\r][\n]"
20:54:26.528 [main] DEBUG org.apache.hc.client5.http.wire - http-outgoing-0 << "X-GitHub-Request-Id: C9D0:4DC9:32625:3FD1D:642B7FF3[\r][\n]"
20:54:26.528 [main] DEBUG org.apache.hc.client5.http.wire - http-outgoing-0 << "Content-Encoding: gzip[\r][\n]"
20:54:26.528 [main] DEBUG org.apache.hc.client5.http.wire - http-outgoing-0 << "Accept-Ranges: bytes[\r][\n]"
20:54:26.528 [main] DEBUG org.apache.hc.client5.http.wire - http-outgoing-0 << "Date: Tue, 04 Apr 2023 13:54:26 GMT[\r][\n]"
20:54:26.528 [main] DEBUG org.apache.hc.client5.http.wire - http-outgoing-0 << "Via: 1.1 varnish[\r][\n]"
20:54:26.528 [main] DEBUG org.apache.hc.client5.http.wire - http-outgoing-0 << "X-Served-By: cache-qpg1256-QPG[\r][\n]"
20:54:26.528 [main] DEBUG org.apache.hc.client5.http.wire - http-outgoing-0 << "X-Cache: HIT[\r][\n]"
20:54:26.528 [main] DEBUG org.apache.hc.client5.http.wire - http-outgoing-0 << "X-Cache-Hits: 2[\r][\n]"
20:54:26.528 [main] DEBUG org.apache.hc.client5.http.wire - http-outgoing-0 << "X-Timer: S1680616467.631432,VS0,VE0[\r][\n]"
20:54:26.528 [main] DEBUG org.apache.hc.client5.http.wire - http-outgoing-0 << "Vary: Authorization,Accept-Encoding,Origin[\r][\n]"
20:54:26.528 [main] DEBUG org.apache.hc.client5.http.wire - http-outgoing-0 << "Access-Control-Allow-Origin: *[\r][\n]"
20:54:26.528 [main] DEBUG org.apache.hc.client5.http.wire - http-outgoing-0 << "X-Fastly-Request-ID: 9415be3755592cc6fa55ee839c64a81b07e91eef[\r][\n]"
20:54:26.538 [main] DEBUG org.apache.hc.client5.http.wire - http-outgoing-0 << "Expires: Tue, 04 Apr 2023 13:59:26 GMT[\r][\n]"
20:54:26.538 [main] DEBUG org.apache.hc.client5.http.wire - http-outgoing-0 << "Source-Age: 212[\r][\n]"
20:54:26.538 [main] DEBUG org.apache.hc.client5.http.wire - http-outgoing-0 << "[\r][\n]"
20:54:26.540 [main] DEBUG org.apache.hc.client5.http.headers - http-outgoing-0 << HTTP/1.1 200 OK
20:54:26.540 [main] DEBUG org.apache.hc.client5.http.headers - http-outgoing-0 << Connection: keep-alive
20:54:26.540 [main] DEBUG org.apache.hc.client5.http.headers - http-outgoing-0 << Content-Length: 723
20:54:26.540 [main] DEBUG org.apache.hc.client5.http.headers - http-outgoing-0 << Cache-Control: max-age=300
20:54:26.540 [main] DEBUG org.apache.hc.client5.http.headers - http-outgoing-0 << Content-Security-Policy: default-src 'none'; style-src 'unsafe-inline'; sandbox
20:54:26.540 [main] DEBUG org.apache.hc.client5.http.headers - http-outgoing-0 << Content-Type: text/plain; charset=utf-8
20:54:26.540 [main] DEBUG org.apache.hc.client5.http.headers - http-outgoing-0 << ETag: W/"e82b438271e9e8680c688b0b680efd0bdd22faa6d6f0a32fc1fd8accc486b67e"
20:54:26.540 [main] DEBUG org.apache.hc.client5.http.headers - http-outgoing-0 << Strict-Transport-Security: max-age=31536000
20:54:26.540 [main] DEBUG org.apache.hc.client5.http.headers - http-outgoing-0 << X-Content-Type-Options: nosniff
20:54:26.540 [main] DEBUG org.apache.hc.client5.http.headers - http-outgoing-0 << X-Frame-Options: deny
20:54:26.540 [main] DEBUG org.apache.hc.client5.http.headers - http-outgoing-0 << X-XSS-Protection: 1; mode=block
20:54:26.540 [main] DEBUG org.apache.hc.client5.http.headers - http-outgoing-0 << X-GitHub-Request-Id: C9D0:4DC9:32625:3FD1D:642B7FF3
20:54:26.541 [main] DEBUG org.apache.hc.client5.http.headers - http-outgoing-0 << Content-Encoding: gzip
20:54:26.541 [main] DEBUG org.apache.hc.client5.http.headers - http-outgoing-0 << Accept-Ranges: bytes
20:54:26.541 [main] DEBUG org.apache.hc.client5.http.headers - http-outgoing-0 << Date: Tue, 04 Apr 2023 13:54:26 GMT
20:54:26.541 [main] DEBUG org.apache.hc.client5.http.headers - http-outgoing-0 << Via: 1.1 varnish
20:54:26.541 [main] DEBUG org.apache.hc.client5.http.headers - http-outgoing-0 << X-Served-By: cache-qpg1256-QPG
20:54:26.541 [main] DEBUG org.apache.hc.client5.http.headers - http-outgoing-0 << X-Cache: HIT
20:54:26.541 [main] DEBUG org.apache.hc.client5.http.headers - http-outgoing-0 << X-Cache-Hits: 2
20:54:26.541 [main] DEBUG org.apache.hc.client5.http.headers - http-outgoing-0 << X-Timer: S1680616467.631432,VS0,VE0
20:54:26.541 [main] DEBUG org.apache.hc.client5.http.headers - http-outgoing-0 << Vary: Authorization,Accept-Encoding,Origin
20:54:26.541 [main] DEBUG org.apache.hc.client5.http.headers - http-outgoing-0 << Access-Control-Allow-Origin: *
20:54:26.541 [main] DEBUG org.apache.hc.client5.http.headers - http-outgoing-0 << X-Fastly-Request-ID: 9415be3755592cc6fa55ee839c64a81b07e91eef
20:54:26.541 [main] DEBUG org.apache.hc.client5.http.headers - http-outgoing-0 << Expires: Tue, 04 Apr 2023 13:59:26 GMT
20:54:26.541 [main] DEBUG org.apache.hc.client5.http.headers - http-outgoing-0 << Source-Age: 212
20:54:26.543 [main] DEBUG org.apache.hc.client5.http.impl.classic.MainClientExec - ex-0000000001 connection can be kept alive for 3 MINUTES
20:54:26.547 [main] DEBUG org.apache.hc.client5.http.wire - http-outgoing-0 << "[0x1f][0xffffff8b][0x8][0x0][0x0][0x0][0x0][0x0][0x0][0x3][0xffffffb5]V]o[0xffffffda]0[0x14]}[0xffffffe7]W\[0xffffff81]*[0xffffffb5][0x12][0x1f][[M[0xffffffd3]$[0x1e]hF[0xffffffbb]i [0x18][0xffffffb4][0xffffffdd]&[0xfffffff9][0xffffffc5]$7[0xffffffc1]R[0x12]#;[0xffffff94]v[0xffffffbf]~[0xffffffb6][0xfffffff3]1[0xffffff92][0xffffff9a][0xffffffc1][0x1a]x[0xffffffcb][0xffffffb5][0xffffffaf][0xffffffcf]9[0xffffffbe][0xfffffff7]8v[0xb][0x1c][0x1e]E4[0xfffffff6]$x4[0xffffffa1][0xb]*[0xffffffb1][0xffffffd1][0xffffff82][0xfffffffb]%[0xffffff93][0xffffffe0][0xffffffb3][0x10][0xffffffc1][0xffffffe5]qBY,!Y[0xffffffea] KM8,[0x10][0xfffffff0][0x19][0xffffffdd]u[0xffffff82][0x1e][0xffffffb0][0xffffffd8]L[0xffffffcb]%[0xffffff86][0xffffffa1][0xe][0xffffffb8][0xfffffff0]P[0xffffffe8]$[0xf][0x13]t[0x13]3[0xfffffff9][0xffffff84]B2[0xffffffae][0xffffffe6]|@[0xfffffff5][0x1d][0x8][0xffffffc4][0x18][0x16][0xffffff82]o[0xffffffa4][0xffffff9a]P[0xffffff94][0xffffffe7][0xffffffce]R[0xfffffff0][0x8][0xffffffdb]p[0xffffffcb][0x4][0xfffffffa][0xfffffffc][0xffffffb9][\r][0xffffff93][0x15][\n]"
20:54:26.547 [main] DEBUG org.apache.hc.client5.http.wire - http-outgoing-0 << "[0xffffffda][0xffffff86][0xffffffa1][0x17][0xffffffa8]Q3[0xffffffcb][0xffffffd6][0xffffffd1][0xffffff85][0xffffffc6][0xfffffff7][0xffffff98][0xffffffef][0xffffffa3][0xffffffc0]8[0x1][0xffffffae]s[0x12][0x16][0x7] _d[0xffffff82][0xffffff91][0xffffff84][0xfffffff3][0x1f],[0xfffffff6][0x14]j[0x1b]F,^+[0xffffff98]1ua2[0xffffffbf]h([0xffffff8e][0xffffff94][0xffffffa2][0xffffff91]m[0xffffffa3][0xffffffeb][0xffffff9a][0xffffffb0][0xffffffbb]I[0x17]t[0xffffffdf][0xffffffbd][0xffffffef][0xffffffbb][0xffffff91][0xffffffd7]U[0xffffffbb][0xffffff82][0xffffff9e][0x3][0xffffff9b][0xffffff88][0xffffffb9][0xffffffa6]$[0xffffffa6][0xc][0xffffff9b][0xffffffa5][0xffffffe2][0xffffff83][0xffffff98]F[0xffffffd8]o[0xffffff9e]Mg[0xffffff93][0xffffffbb][0xffffffd9]`|[0xfffffffb]u4[0xffffff9c][0x7f]"}B[0xffffffce][0x8][0xffffffb9][0xffffffe3]<[0x8][0xffffff91][0xffffff90][0xffffff94][0xffffff82][0xffffff90][0xffffffc1]j[0x15]2WI[0xffffffe3]1![0x19][0xffffff91]BnB[0xffffff80][0x9]<f[0xffffffb5][0xffffffe8]=[0xffffffd1]p[0xffffffbd][[0xffffffcf][0xffffffe5][0x1b][0xfffffff4][0xffffff9c][0xffffffff][0xfffffffc][0xfffffff8][0xffffffe1][0xffffffe2][0xffffff94][0xffffffa2][0xffffffae][0xe][0x14]5[0xffffff9a]8[0xffffff83][0xffffffd1]`:[0xfffffffd]<[0xffffffb8][0x1f][0xffffff9c]R[0xffffffcf]u[0x7f]6[0xffffffbc][0xffffff83][0xffffffef][0xf][0xffffffc3][0xffffffd9]/[0xfffffff8][0xfffffff2][0xffffffcd]y s[0xffffffee]'[0x1b]*0g[0xffffffcb][0xffffffc8]nF7H][0xffffff83][0xffffff97]{[0xffffffb1]Q[0x5][\r][0xffffffb5]c[0xffffffb4][0xf][0x2][0xffffffb3][0xffffffb4][0xffffff93][0xe]C[0xffffffa7][0xffffffb3]kAD][0xffffff9d][0xffffffde][0xffffffdb][0xffffffda][0xffffff88][0xffffffec][0xffffffa5][0xffffffbc][0xffffff99][0xffffffd9][0xffffffba]t[0xffffffb5][0xffffffea]9[0xffffffea][0x10])[0xffffffb7][0xffffffca][0xffffff9e][0xfffffff2][0xffffffe2]d^N[0xffffffd8]FW[0x16][0xffffffcd][0xffffffdc]_[0x10][0xfffffff9]i|[0x1c][0xffffff93][0xffffff8e][0xfffffff9]o[0x16][0xffffff86]4'!$G[0xffffffdf]W[0xfffffff4]W*j[[0xfffffff3]xR[0xffffffae][0xffffffb6][0xc][0xffffffd0],; #[0xffffffa9][0xffffff92]5[0xffffffb5][0x7][0xffffff9c][0xffffffb5][0xffffffd0][0x7f][0xffffff90][0xffffffc7]jgs[0xfffffffc][0xffffffc2][0xb][0xffffffd9][0x0]t[0xffffff9e]^'Y[0xfffffffb][0xffffff9f][0xffffffb1][0xffffffd8]:[0xffffffbf][0xffffff8d][0xffffffa5][0xffffff9a][0xffffffad][0x7f]m[0x5]&[0xffffffaa][0xffffffa0]^[0xffffff9b][0xffffffcb][0x5]f[0xffffffae][0xffffffe0]RU[0xffffff82][0x10]MS9l[0xffffff91]4t[0xfffffffb][0xffffff8a]][0xffffffd6][0xfffffff4][0xffffff96][0xffffffa6][0xffffff9f]P[0xffffffce][0xffffffd5][0xffffffce][0xffffff93][0xffffffff][0xffffff97][0xffffffcc]p[0xfffffffd][0xfffffff3][0xffffffe8][0x1b][0xffffffcc][0xffffffa2][0xffffffd9]Q[0xffffffbe][0xffffffb2][0xffffffa3][0xffffffc7]m'[0xffffffdf][0xffffffe4][[0xfffffffb]^[0xffffffb0][0xffffff9a][0xffffffbe][0xffffffda][0xffffffda]_[0xffffffce][0xffffff80][0xffffffd2][0xffffffc1]7[0xffffffb7]][0xffffffc1]b[0xffffffee][0xffffffb5][0xffffffff]w[0xffffff83][0xffffffed][0xffffffa7];[0x15]<[0x10]4[0xffffff92][0xffffff84][0x18][\n]"
20:54:26.547 [main] DEBUG org.apache.hc.client5.http.wire - http-outgoing-0 << "BB[0xffffffba][0xffffff8e]][0xffffffb5]jo[0xffffffb9]+"[0xffffffea][0xffffffb4][0xffffffff]h"[0xffffffea]\?5[0xffffffa9][0xffffffaf]k[0xffffffec][0xffffffff]P[0xffffffea][\n]"
20:54:26.547 [main] DEBUG org.apache.hc.client5.http.wire - http-outgoing-0 << "w[0xffffffe1]K[0x13][0xffffffda][0xffffffec][0xffffff98][0xffffffe6]Y[0xfffffffd]h8m6[0xffffff9c]T[0xffffffc1][0xfffffff2][0xffffffa7][0xffffff91]z_[0xffffff95]o85p[0x1c][0x13][0xffffffe6][0xfffffff0]5[0xffffffee][0xfffffffc][0xffffff92][0xffffff96][0xffffffda][0xfffffff7][0xffffffcf][0xffffffb1][0x5][0x1d][0xffffffea]K[0xffffff9b]9[0xffffff8e][0xffffffad]e[0xfffffff7][0xffffff93][0xffffffa8]`[0xffffffda][0xffffffff][0x1a][0xffffffd2][0xffffff88][0xffffff85][0xfffffffd][0xfffffff2][0xffffff91]N[0xfffffff6]`[0xffffffdf]2[0xffffffcf][0xffffffae]E[0xffffff97][0xffffffc5][0xffffffa2][0xffffff9d][0xffffffef]'[0xffffff9d]mun.[0xffffffd3]f^[0xffffffc7][0xffffff82][0xffffffda][0xffffff82]9[0xfffffff5][0xffffffa9]`[0x5][0xffffffbc]4[0xffffffa1][0x1d]<M[0xffffffb5]A[0xffffffa7]3[[0xffffffc0][0x7f][0x0][0xffffffc1][0xffffffd0]$[0xffffff85][0x1d][\r][0x0][0x0]"
20:54:26.548 [main] DEBUG org.apache.hc.client5.http.impl.classic.InternalHttpClient - ep-0000000000 releasing valid endpoint
20:54:26.548 [main] DEBUG org.apache.hc.client5.http.impl.io.PoolingHttpClientConnectionManager - ep-0000000000 releasing endpoint
20:54:26.549 [main] DEBUG org.apache.hc.client5.http.impl.io.PoolingHttpClientConnectionManager - ep-0000000000 connection http-outgoing-0 can be kept alive for 3 MINUTES
20:54:26.549 [main] DEBUG org.apache.hc.client5.http.impl.io.PoolingHttpClientConnectionManager - ep-0000000000 connection released [route: {s}->https://raw.githubusercontent.com:443][total available: 1; route allocated: 1 of 5; total allocated: 1 of 25]
20:54:26.549 [main] DEBUG io.github.bonigarcia.wdm.versions.VersionDetector - Detecting chrome version using online commands.properties
20:54:26.551 [main] DEBUG io.github.bonigarcia.wdm.versions.Shell - Running command on the shell: [cmd.exe, /C, wmic, datafile, where, name="%PROGRAMFILES:\=\\%\\Google\\Chrome\\Application\\chrome.exe", get, Version, /value]
20:54:26.753 [main] DEBUG io.github.bonigarcia.wdm.versions.Shell - Result: 
20:54:26.754 [main] DEBUG io.github.bonigarcia.wdm.versions.Shell - Running command on the shell: [cmd.exe, /C, wmic, datafile, where, name="%PROGRAMFILES(X86):\=\\%\\Google\\Chrome\\Application\\chrome.exe", get, Version, /value]
20:54:26.873 [main] DEBUG io.github.bonigarcia.wdm.versions.Shell - Result: Version=111.0.5563.147
20:54:26.875 [main] DEBUG io.github.bonigarcia.wdm.cache.ResolutionCache - Resolution chrome111=111.0.5563.64 in cache (valid until 19:30:25 05/04/2023 WIB)
20:54:26.875 [main] INFO io.github.bonigarcia.wdm.WebDriverManager - Using chromedriver 111.0.5563.64 (resolved driver for Chrome 111)
20:54:26.876 [main] DEBUG io.github.bonigarcia.wdm.cache.ResolutionCache - Storing resolution chrome=111 in cache (valid until 21:54:26 04/04/2023 WIB)
20:54:26.884 [main] DEBUG io.github.bonigarcia.wdm.WebDriverManager - Driver chromedriver 111.0.5563.64 found in cache
20:54:26.885 [main] INFO io.github.bonigarcia.wdm.WebDriverManager - Exporting webdriver.chrome.driver as C:\Users\TrisetioPutra\.cache\selenium\chromedriver\win32\111.0.5563.64\chromedriver.exe
20:54:26.947 [main] INFO net.serenitybdd.core.webdriver.driverproviders.ChromeDriverProvider - Starting Chrome driver instance with capabilities:
20:54:26.949 [main] INFO net.serenitybdd.core.webdriver.driverproviders.ChromeDriverProvider - Capabilities {acceptInsecureCerts: true, browserName: chrome, goog:chromeOptions: {args: [remote-allow-origins=*, test-type, no-sandbox, ignore-certificate-errors, --window-size=1000,800, incognito, disable-infobars, disable-gpu, disable-default-apps, disable-popup-blocking, remote-allow-origins=*, test-type, no-sandbox, ignore-certificate-errors, --window-size=1000,800, incognito, disable-infobars, disable-gpu, disable-default-apps, disable-popup-blocking, remote-allow-origins=*], extensions: []}}
20:54:27.020 [main] DEBUG io.netty.util.internal.logging.InternalLoggerFactory - Using SLF4J as the default logging framework
20:54:27.023 [main] DEBUG io.netty.util.ResourceLeakDetector - -Dio.netty.leakDetection.level: simple
20:54:27.023 [main] DEBUG io.netty.util.ResourceLeakDetector - -Dio.netty.leakDetection.targetRecords: 4
20:54:27.027 [main] DEBUG io.netty.util.ResourceLeakDetectorFactory - Loaded default ResourceLeakDetector: io.netty.util.ResourceLeakDetector@2987d0fa
20:54:27.045 [main] DEBUG io.netty.util.internal.PlatformDependent0 - -Dio.netty.noUnsafe: false
20:54:27.045 [main] DEBUG io.netty.util.internal.PlatformDependent0 - Java version: 19
20:54:27.046 [main] DEBUG io.netty.util.internal.PlatformDependent0 - sun.misc.Unsafe.theUnsafe: available
20:54:27.047 [main] DEBUG io.netty.util.internal.PlatformDependent0 - sun.misc.Unsafe.copyMemory: available
20:54:27.048 [main] DEBUG io.netty.util.internal.PlatformDependent0 - sun.misc.Unsafe.storeFence: available
20:54:27.048 [main] DEBUG io.netty.util.internal.PlatformDependent0 - java.nio.Buffer.address: available
20:54:27.049 [main] DEBUG io.netty.util.internal.PlatformDependent0 - direct buffer constructor: unavailable: Reflective setAccessible(true) disabled
20:54:27.049 [main] DEBUG io.netty.util.internal.PlatformDependent0 - java.nio.Bits.unaligned: available, true
20:54:27.050 [main] DEBUG io.netty.util.internal.PlatformDependent0 - jdk.internal.misc.Unsafe.allocateUninitializedArray(int): unavailable: class io.netty.util.internal.PlatformDependent0$7 cannot access class jdk.internal.misc.Unsafe (in module java.base) because module java.base does not export jdk.internal.misc to unnamed module @c333c60
20:54:27.052 [main] DEBUG io.netty.util.internal.PlatformDependent0 - java.nio.DirectByteBuffer.<init>(long, int): unavailable
20:54:27.052 [main] DEBUG io.netty.util.internal.PlatformDependent - sun.misc.Unsafe: available
20:54:27.054 [main] DEBUG io.netty.util.internal.PlatformDependent - maxDirectMemory: 3720347648 bytes (maybe)
20:54:27.054 [main] DEBUG io.netty.util.internal.PlatformDependent - -Dio.netty.tmpdir: C:\Users\TRISET~1\AppData\Local\Temp (java.io.tmpdir)
20:54:27.054 [main] DEBUG io.netty.util.internal.PlatformDependent - -Dio.netty.bitMode: 64 (sun.arch.data.model)
20:54:27.054 [main] DEBUG io.netty.util.internal.PlatformDependent - Platform: Windows
20:54:27.055 [main] DEBUG io.netty.util.internal.PlatformDependent - -Dio.netty.maxDirectMemory: -1 bytes
20:54:27.055 [main] DEBUG io.netty.util.internal.PlatformDependent - -Dio.netty.uninitializedArrayAllocationThreshold: -1
20:54:27.057 [main] DEBUG io.netty.util.internal.CleanerJava9 - java.nio.ByteBuffer.cleaner(): available
20:54:27.057 [main] DEBUG io.netty.util.internal.PlatformDependent - -Dio.netty.noPreferDirect: false
20:54:27.063 [main] DEBUG io.netty.util.internal.PlatformDependent - org.jctools-core.MpscChunkedArrayQueue: available
20:54:27.083 [main] DEBUG io.netty.util.internal.InternalThreadLocalMap - -Dio.netty.threadLocalMap.stringBuilder.initialSize: 1024
20:54:27.083 [main] DEBUG io.netty.util.internal.InternalThreadLocalMap - -Dio.netty.threadLocalMap.stringBuilder.maxSize: 4096
20:54:27.097 [main] DEBUG io.netty.handler.ssl.JdkSslContext - Default protocols (JDK): [TLSv1.3, TLSv1.2] 
20:54:27.097 [main] DEBUG io.netty.handler.ssl.JdkSslContext - Default cipher suites (JDK): [TLS_ECDHE_ECDSA_WITH_AES_256_GCM_SHA384, TLS_ECDHE_ECDSA_WITH_AES_128_GCM_SHA256, TLS_ECDHE_RSA_WITH_AES_128_GCM_SHA256, TLS_ECDHE_RSA_WITH_AES_256_GCM_SHA384, TLS_ECDHE_RSA_WITH_AES_128_CBC_SHA, TLS_ECDHE_RSA_WITH_AES_256_CBC_SHA, TLS_RSA_WITH_AES_128_GCM_SHA256, TLS_RSA_WITH_AES_128_CBC_SHA, TLS_RSA_WITH_AES_256_CBC_SHA, TLS_AES_128_GCM_SHA256, TLS_AES_256_GCM_SHA384]
20:54:27.124 [main] DEBUG io.netty.channel.MultithreadEventLoopGroup - -Dio.netty.eventLoopThreads: 32
20:54:27.133 [main] DEBUG io.netty.channel.nio.NioEventLoop - -Dio.netty.noKeySetOptimization: false
20:54:27.133 [main] DEBUG io.netty.channel.nio.NioEventLoop - -Dio.netty.selectorAutoRebuildThreshold: 512
20:54:27.221 [main] DEBUG io.netty.buffer.PooledByteBufAllocator - -Dio.netty.allocator.numHeapArenas: 32
20:54:27.221 [main] DEBUG io.netty.buffer.PooledByteBufAllocator - -Dio.netty.allocator.numDirectArenas: 32
20:54:27.221 [main] DEBUG io.netty.buffer.PooledByteBufAllocator - -Dio.netty.allocator.pageSize: 8192
20:54:27.221 [main] DEBUG io.netty.buffer.PooledByteBufAllocator - -Dio.netty.allocator.maxOrder: 9
20:54:27.221 [main] DEBUG io.netty.buffer.PooledByteBufAllocator - -Dio.netty.allocator.chunkSize: 4194304
20:54:27.221 [main] DEBUG io.netty.buffer.PooledByteBufAllocator - -Dio.netty.allocator.smallCacheSize: 256
20:54:27.221 [main] DEBUG io.netty.buffer.PooledByteBufAllocator - -Dio.netty.allocator.normalCacheSize: 64
20:54:27.221 [main] DEBUG io.netty.buffer.PooledByteBufAllocator - -Dio.netty.allocator.maxCachedBufferCapacity: 32768
20:54:27.221 [main] DEBUG io.netty.buffer.PooledByteBufAllocator - -Dio.netty.allocator.cacheTrimInterval: 8192
20:54:27.221 [main] DEBUG io.netty.buffer.PooledByteBufAllocator - -Dio.netty.allocator.cacheTrimIntervalMillis: 0
20:54:27.221 [main] DEBUG io.netty.buffer.PooledByteBufAllocator - -Dio.netty.allocator.useCacheForAllThreads: false
20:54:27.221 [main] DEBUG io.netty.buffer.PooledByteBufAllocator - -Dio.netty.allocator.maxCachedByteBuffersPerChunk: 1023
20:54:27.231 [main] DEBUG io.netty.buffer.ByteBufUtil - -Dio.netty.allocator.type: pooled
20:54:27.231 [main] DEBUG io.netty.buffer.ByteBufUtil - -Dio.netty.threadLocalDirectBufferSize: 0
20:54:27.231 [main] DEBUG io.netty.buffer.ByteBufUtil - -Dio.netty.maxThreadLocalCharBufferSize: 16384
20:54:27.658 [Forwarding newSession on session null to remote] DEBUG io.netty.channel.DefaultChannelId - -Dio.netty.processId: 71200 (auto-detected)
20:54:27.659 [Forwarding newSession on session null to remote] DEBUG io.netty.util.NetUtil - -Djava.net.preferIPv4Stack: false
20:54:27.659 [Forwarding newSession on session null to remote] DEBUG io.netty.util.NetUtil - -Djava.net.preferIPv6Addresses: false
20:54:27.666 [Forwarding newSession on session null to remote] DEBUG io.netty.util.NetUtilInitializations - Loopback interface: lo (Software Loopback Interface 1, 127.0.0.1)
20:54:27.667 [Forwarding newSession on session null to remote] DEBUG io.netty.util.NetUtil - Failed to get SOMAXCONN from sysctl and file \proc\sys\net\core\somaxconn. Default: 200
20:54:27.679 [Forwarding newSession on session null to remote] DEBUG io.netty.channel.DefaultChannelId - -Dio.netty.machineId: 14:5a:fc:ff:fe:17:99:b5 (auto-detected)
20:54:27.734 [AsyncHttpClient-1-2] DEBUG io.netty.buffer.AbstractByteBuf - -Dio.netty.buffer.checkAccessible: true
20:54:27.734 [AsyncHttpClient-1-2] DEBUG io.netty.buffer.AbstractByteBuf - -Dio.netty.buffer.checkBounds: true
20:54:27.734 [AsyncHttpClient-1-2] DEBUG io.netty.util.ResourceLeakDetectorFactory - Loaded default ResourceLeakDetector: io.netty.util.ResourceLeakDetector@4a55abd3
20:54:27.745 [AsyncHttpClient-1-2] DEBUG org.asynchttpclient.netty.channel.NettyConnectListener - Using new Channel '[id: 0x13c3d0a1, L:/127.0.0.1:60243 - R:localhost/127.0.0.1:12813]' for 'POST' to '/session'
20:54:27.756 [AsyncHttpClient-1-2] DEBUG io.netty.util.Recycler - -Dio.netty.recycler.maxCapacityPerThread: 4096
20:54:27.756 [AsyncHttpClient-1-2] DEBUG io.netty.util.Recycler - -Dio.netty.recycler.ratio: 8
20:54:27.756 [AsyncHttpClient-1-2] DEBUG io.netty.util.Recycler - -Dio.netty.recycler.chunkSize: 32
20:54:27.756 [AsyncHttpClient-1-2] DEBUG io.netty.util.Recycler - -Dio.netty.recycler.blocking: false
20:54:28.336 [AsyncHttpClient-1-2] DEBUG io.netty.handler.codec.compression.Brotli - brotli4j not in the classpath; Brotli support will be unavailable.
20:54:28.336 [AsyncHttpClient-1-2] DEBUG org.asynchttpclient.netty.handler.HttpHandler - 

Request DefaultHttpRequest(decodeResult: success, version: HTTP/1.1)
POST /session HTTP/1.1
User-Agent: selenium/4.8.1 (java windows)
Content-Length: 1729
Content-Type: application/json; charset=utf-8
host: localhost:12813
accept: */*

Response DefaultHttpResponse(decodeResult: success, version: HTTP/1.1)
HTTP/1.1 200 OK
Content-Length: 862
Content-Type: application/json; charset=utf-8
cache-control: no-cache

20:54:28.342 [AsyncHttpClient-1-2] DEBUG org.asynchttpclient.netty.channel.ChannelManager - Adding key: http://localhost:12813 for channel [id: 0x13c3d0a1, L:/127.0.0.1:60243 - R:localhost/127.0.0.1:12813]
20:54:28.395 [AsyncHttpClient-1-3] DEBUG org.asynchttpclient.netty.channel.NettyConnectListener - Using new Channel '[id: 0x74dfe66b, L:/127.0.0.1:60251 - R:localhost/127.0.0.1:60244]' for 'GET' to '/json/version'
20:54:28.398 [AsyncHttpClient-1-3] DEBUG org.asynchttpclient.netty.handler.HttpHandler - 

Request DefaultFullHttpRequest(decodeResult: success, version: HTTP/1.1, content: EmptyByteBufBE)
GET /json/version HTTP/1.1
User-Agent: selenium/4.8.1 (java windows)
host: localhost:60244
accept: */*

Response DefaultHttpResponse(decodeResult: success, version: HTTP/1.1)
HTTP/1.1 200 OK
Content-Security-Policy: frame-ancestors 'none'
Content-Length: 424
Content-Type: application/json; charset=UTF-8

20:54:28.398 [AsyncHttpClient-1-3] DEBUG org.asynchttpclient.netty.channel.ChannelManager - Adding key: http://localhost:60244 for channel [id: 0x74dfe66b, L:/127.0.0.1:60251 - R:localhost/127.0.0.1:60244]
20:54:28.404 [main] DEBUG io.netty.util.internal.ThreadLocalRandom - -Dio.netty.initialSeedUniquifier: 0x9241631cec6dcf7b
20:54:28.407 [AsyncHttpClient-1-4] DEBUG org.asynchttpclient.netty.channel.NettyConnectListener - Using new Channel '[id: 0x053f290a, L:/127.0.0.1:60252 - R:localhost/127.0.0.1:60244]' for 'GET' to '/devtools/browser/1a0b6f75-63d7-4513-b018-adc0d31a20cf'
20:54:28.410 [AsyncHttpClient-1-4] DEBUG org.asynchttpclient.netty.handler.WebSocketHandler - 

Request DefaultFullHttpRequest(decodeResult: success, version: HTTP/1.1, content: EmptyByteBufBE)
GET /devtools/browser/1a0b6f75-63d7-4513-b018-adc0d31a20cf HTTP/1.1
upgrade: websocket
connection: upgrade
sec-websocket-key: QYeDAOLwffTGvxhztrJwFw==
sec-websocket-version: 13
origin: http://localhost:60244
host: localhost:60244
accept: */*
user-agent: AHC/2.1

Response DefaultHttpResponse(decodeResult: success, version: HTTP/1.1)
HTTP/1.1 101 WebSocket Protocol Handshake
Upgrade: WebSocket
Connection: Upgrade
Sec-WebSocket-Accept: K1vtputTkWfifopUfIap+xelS0w=

20:54:28.505 [Forwarding get on session 930c68446927a4be21ff2af02f9625d4 to remote] DEBUG org.asynchttpclient.netty.request.NettyRequestSender - Using pooled Channel '[id: 0x13c3d0a1, L:/127.0.0.1:60243 - R:localhost/127.0.0.1:12813]' for 'POST' to 'http://localhost:12813/session/930c68446927a4be21ff2af02f9625d4/url'
20:54:28.505 [Forwarding get on session 930c68446927a4be21ff2af02f9625d4 to remote] DEBUG org.asynchttpclient.netty.request.NettyRequestSender - Using open Channel [id: 0x13c3d0a1, L:/127.0.0.1:60243 - R:localhost/127.0.0.1:12813] for POST '/session/930c68446927a4be21ff2af02f9625d4/url'
20:54:29.274 [AsyncHttpClient-1-1] DEBUG org.asynchttpclient.netty.channel.DefaultChannelPool - Entry count for : http://localhost:60244 : 1
20:54:29.590 [AsyncHttpClient-1-2] DEBUG org.asynchttpclient.netty.handler.HttpHandler - 

Request DefaultHttpRequest(decodeResult: success, version: HTTP/1.1)
POST /session/930c68446927a4be21ff2af02f9625d4/url HTTP/1.1
User-Agent: selenium/4.8.1 (java windows)
Content-Length: 60
Content-Type: application/json; charset=utf-8
host: localhost:12813
accept: */*

Response DefaultHttpResponse(decodeResult: success, version: HTTP/1.1)
HTTP/1.1 200 OK
Content-Length: 14
Content-Type: application/json; charset=utf-8
cache-control: no-cache

20:54:29.590 [AsyncHttpClient-1-2] DEBUG org.asynchttpclient.netty.channel.ChannelManager - Adding key: http://localhost:12813 for channel [id: 0x13c3d0a1, L:/127.0.0.1:60243 - R:localhost/127.0.0.1:12813]
20:54:29.594 [Forwarding setTimeout on session 930c68446927a4be21ff2af02f9625d4 to remote] DEBUG org.asynchttpclient.netty.request.NettyRequestSender - Using pooled Channel '[id: 0x13c3d0a1, L:/127.0.0.1:60243 - R:localhost/127.0.0.1:12813]' for 'POST' to 'http://localhost:12813/session/930c68446927a4be21ff2af02f9625d4/timeouts'
20:54:29.595 [Forwarding setTimeout on session 930c68446927a4be21ff2af02f9625d4 to remote] DEBUG org.asynchttpclient.netty.request.NettyRequestSender - Using open Channel [id: 0x13c3d0a1, L:/127.0.0.1:60243 - R:localhost/127.0.0.1:12813] for POST '/session/930c68446927a4be21ff2af02f9625d4/timeouts'
20:54:29.596 [AsyncHttpClient-1-2] DEBUG org.asynchttpclient.netty.handler.HttpHandler - 

Request DefaultHttpRequest(decodeResult: success, version: HTTP/1.1)
POST /session/930c68446927a4be21ff2af02f9625d4/timeouts HTTP/1.1
User-Agent: selenium/4.8.1 (java windows)
Content-Length: 22
Content-Type: application/json; charset=utf-8
host: localhost:12813
accept: */*

Response DefaultHttpResponse(decodeResult: success, version: HTTP/1.1)
HTTP/1.1 200 OK
Content-Length: 14
Content-Type: application/json; charset=utf-8
cache-control: no-cache

20:54:29.597 [AsyncHttpClient-1-2] DEBUG org.asynchttpclient.netty.channel.ChannelManager - Adding key: http://localhost:12813 for channel [id: 0x13c3d0a1, L:/127.0.0.1:60243 - R:localhost/127.0.0.1:12813]
20:54:29.657 [Forwarding findElement on session 930c68446927a4be21ff2af02f9625d4 to remote] DEBUG org.asynchttpclient.netty.request.NettyRequestSender - Using pooled Channel '[id: 0x13c3d0a1, L:/127.0.0.1:60243 - R:localhost/127.0.0.1:12813]' for 'POST' to 'http://localhost:12813/session/930c68446927a4be21ff2af02f9625d4/element'
20:54:29.658 [Forwarding findElement on session 930c68446927a4be21ff2af02f9625d4 to remote] DEBUG org.asynchttpclient.netty.request.NettyRequestSender - Using open Channel [id: 0x13c3d0a1, L:/127.0.0.1:60243 - R:localhost/127.0.0.1:12813] for POST '/session/930c68446927a4be21ff2af02f9625d4/element'
20:54:29.668 [AsyncHttpClient-1-2] DEBUG org.asynchttpclient.netty.handler.HttpHandler - 

Request DefaultHttpRequest(decodeResult: success, version: HTTP/1.1)
POST /session/930c68446927a4be21ff2af02f9625d4/element HTTP/1.1
User-Agent: selenium/4.8.1 (java windows)
Content-Length: 60
Content-Type: application/json; charset=utf-8
host: localhost:12813
accept: */*

Response DefaultHttpResponse(decodeResult: success, version: HTTP/1.1)
HTTP/1.1 200 OK
Content-Length: 88
Content-Type: application/json; charset=utf-8
cache-control: no-cache

20:54:29.668 [AsyncHttpClient-1-2] DEBUG org.asynchttpclient.netty.channel.ChannelManager - Adding key: http://localhost:12813 for channel [id: 0x13c3d0a1, L:/127.0.0.1:60243 - R:localhost/127.0.0.1:12813]
20:54:29.678 [Forwarding isElementDisplayed on session 930c68446927a4be21ff2af02f9625d4 to remote] DEBUG org.asynchttpclient.netty.request.NettyRequestSender - Using pooled Channel '[id: 0x13c3d0a1, L:/127.0.0.1:60243 - R:localhost/127.0.0.1:12813]' for 'POST' to 'http://localhost:12813/session/930c68446927a4be21ff2af02f9625d4/execute/sync'
20:54:29.678 [Forwarding isElementDisplayed on session 930c68446927a4be21ff2af02f9625d4 to remote] DEBUG org.asynchttpclient.netty.request.NettyRequestSender - Using open Channel [id: 0x13c3d0a1, L:/127.0.0.1:60243 - R:localhost/127.0.0.1:12813] for POST '/session/930c68446927a4be21ff2af02f9625d4/execute/sync'
20:54:29.689 [AsyncHttpClient-1-2] DEBUG org.asynchttpclient.netty.handler.HttpHandler - 

Request DefaultHttpRequest(decodeResult: success, version: HTTP/1.1)
POST /session/930c68446927a4be21ff2af02f9625d4/execute/sync HTTP/1.1
User-Agent: selenium/4.8.1 (java windows)
Content-Length: 48807
Content-Type: application/json; charset=utf-8
host: localhost:12813
accept: */*

Response DefaultHttpResponse(decodeResult: success, version: HTTP/1.1)
HTTP/1.1 200 OK
Content-Length: 14
Content-Type: application/json; charset=utf-8
cache-control: no-cache

20:54:29.690 [AsyncHttpClient-1-2] DEBUG org.asynchttpclient.netty.channel.ChannelManager - Adding key: http://localhost:12813 for channel [id: 0x13c3d0a1, L:/127.0.0.1:60243 - R:localhost/127.0.0.1:12813]
  &amp#27;[32mGiven &amp#27;[0m&amp#27;[32mI open sepulsa.com login page&amp#27;[0m                                           &amp#27;[90m# starter.stepDefinitions.LoginSteps.onTheLoginPage()&amp#27;[0m
20:54:29.709 [main] DEBUG net.serenitybdd.core.photography.Darkroom - Opening darkroom
20:54:29.710 [Darkroom Processing Line] DEBUG net.serenitybdd.core.photography.DarkroomProcessingLine - Darkroom processing line starting up
20:54:29.722 [Forwarding getAlertText on session 930c68446927a4be21ff2af02f9625d4 to remote] DEBUG org.asynchttpclient.netty.request.NettyRequestSender - Using pooled Channel '[id: 0x13c3d0a1, L:/127.0.0.1:60243 - R:localhost/127.0.0.1:12813]' for 'GET' to 'http://localhost:12813/session/930c68446927a4be21ff2af02f9625d4/alert/text'
20:54:29.722 [Forwarding getAlertText on session 930c68446927a4be21ff2af02f9625d4 to remote] DEBUG org.asynchttpclient.netty.request.NettyRequestSender - Using open Channel [id: 0x13c3d0a1, L:/127.0.0.1:60243 - R:localhost/127.0.0.1:12813] for GET '/session/930c68446927a4be21ff2af02f9625d4/alert/text'
20:54:29.724 [AsyncHttpClient-1-2] DEBUG org.asynchttpclient.netty.handler.HttpHandler - 

Request DefaultFullHttpRequest(decodeResult: success, version: HTTP/1.1, content: EmptyByteBufBE)
GET /session/930c68446927a4be21ff2af02f9625d4/alert/text HTTP/1.1
User-Agent: selenium/4.8.1 (java windows)
Cache-Control: no-cache
Content-Type: application/json; charset=utf-8
host: localhost:12813
accept: */*

Response DefaultHttpResponse(decodeResult: success, version: HTTP/1.1)
HTTP/1.1 404 Not Found
Content-Length: 816
Content-Type: application/json; charset=utf-8
cache-control: no-cache

20:54:29.724 [AsyncHttpClient-1-2] DEBUG org.asynchttpclient.netty.channel.ChannelManager - Adding key: http://localhost:12813 for channel [id: 0x13c3d0a1, L:/127.0.0.1:60243 - R:localhost/127.0.0.1:12813]
20:54:29.730 [Forwarding getCurrentUrl on session 930c68446927a4be21ff2af02f9625d4 to remote] DEBUG org.asynchttpclient.netty.request.NettyRequestSender - Using pooled Channel '[id: 0x13c3d0a1, L:/127.0.0.1:60243 - R:localhost/127.0.0.1:12813]' for 'GET' to 'http://localhost:12813/session/930c68446927a4be21ff2af02f9625d4/url'
20:54:29.730 [Forwarding getCurrentUrl on session 930c68446927a4be21ff2af02f9625d4 to remote] DEBUG org.asynchttpclient.netty.request.NettyRequestSender - Using open Channel [id: 0x13c3d0a1, L:/127.0.0.1:60243 - R:localhost/127.0.0.1:12813] for GET '/session/930c68446927a4be21ff2af02f9625d4/url'
20:54:29.733 [AsyncHttpClient-1-2] DEBUG org.asynchttpclient.netty.handler.HttpHandler - 

Request DefaultFullHttpRequest(decodeResult: success, version: HTTP/1.1, content: EmptyByteBufBE)
GET /session/930c68446927a4be21ff2af02f9625d4/url HTTP/1.1
User-Agent: selenium/4.8.1 (java windows)
Cache-Control: no-cache
Content-Type: application/json; charset=utf-8
host: localhost:12813
accept: */*

Response DefaultHttpResponse(decodeResult: success, version: HTTP/1.1)
HTTP/1.1 200 OK
Content-Length: 42
Content-Type: application/json; charset=utf-8
cache-control: no-cache

20:54:29.734 [AsyncHttpClient-1-2] DEBUG org.asynchttpclient.netty.channel.ChannelManager - Adding key: http://localhost:12813 for channel [id: 0x13c3d0a1, L:/127.0.0.1:60243 - R:localhost/127.0.0.1:12813]
20:54:29.738 [Forwarding screenshot on session 930c68446927a4be21ff2af02f9625d4 to remote] DEBUG org.asynchttpclient.netty.request.NettyRequestSender - Using pooled Channel '[id: 0x13c3d0a1, L:/127.0.0.1:60243 - R:localhost/127.0.0.1:12813]' for 'GET' to 'http://localhost:12813/session/930c68446927a4be21ff2af02f9625d4/screenshot'
20:54:29.738 [Forwarding screenshot on session 930c68446927a4be21ff2af02f9625d4 to remote] DEBUG org.asynchttpclient.netty.request.NettyRequestSender - Using open Channel [id: 0x13c3d0a1, L:/127.0.0.1:60243 - R:localhost/127.0.0.1:12813] for GET '/session/930c68446927a4be21ff2af02f9625d4/screenshot'
20:54:29.920 [AsyncHttpClient-1-2] DEBUG org.asynchttpclient.netty.handler.HttpHandler - 

Request DefaultFullHttpRequest(decodeResult: success, version: HTTP/1.1, content: EmptyByteBufBE)
GET /session/930c68446927a4be21ff2af02f9625d4/screenshot HTTP/1.1
User-Agent: selenium/4.8.1 (java windows)
Cache-Control: no-cache
Content-Type: application/json; charset=utf-8
host: localhost:12813
accept: */*

Response DefaultHttpResponse(decodeResult: success, version: HTTP/1.1)
HTTP/1.1 200 OK
Content-Length: 388844
Content-Type: application/json; charset=utf-8
cache-control: no-cache

20:54:29.923 [AsyncHttpClient-1-2] DEBUG org.asynchttpclient.netty.channel.ChannelManager - Adding key: http://localhost:12813 for channel [id: 0x13c3d0a1, L:/127.0.0.1:60243 - R:localhost/127.0.0.1:12813]
20:54:30.001 [main] DEBUG net.serenitybdd.core.photography.Darkroom - Send negative for processing for target\site\serenity\23074d7b0f6fbb0160ca61e969d97bf2339a1ebcbf0ccf3dbb9a7cd8a50b4f4b.png
20:54:30.001 [Darkroom Processing Line] DEBUG net.serenitybdd.core.photography.DarkroomProcessingLine - Processing screenshot image in /var/screenshots/screenshot-1383774379649575161
20:54:30.002 [Darkroom Processing Line] DEBUG net.serenitybdd.core.photography.DarkroomProcessingLine - Saving screenshot to target\site\serenity\23074d7b0f6fbb0160ca61e969d97bf2339a1ebcbf0ccf3dbb9a7cd8a50b4f4b.png
20:54:30.015 [Forwarding getPageSource on session 930c68446927a4be21ff2af02f9625d4 to remote] DEBUG org.asynchttpclient.netty.request.NettyRequestSender - Using pooled Channel '[id: 0x13c3d0a1, L:/127.0.0.1:60243 - R:localhost/127.0.0.1:12813]' for 'POST' to 'http://localhost:12813/session/930c68446927a4be21ff2af02f9625d4/execute/sync'
20:54:30.015 [Forwarding getPageSource on session 930c68446927a4be21ff2af02f9625d4 to remote] DEBUG org.asynchttpclient.netty.request.NettyRequestSender - Using open Channel [id: 0x13c3d0a1, L:/127.0.0.1:60243 - R:localhost/127.0.0.1:12813] for POST '/session/930c68446927a4be21ff2af02f9625d4/execute/sync'
20:54:30.027 [AsyncHttpClient-1-2] DEBUG org.asynchttpclient.netty.handler.HttpHandler - 

Request DefaultHttpRequest(decodeResult: success, version: HTTP/1.1)
POST /session/930c68446927a4be21ff2af02f9625d4/execute/sync HTTP/1.1
User-Agent: selenium/4.8.1 (java windows)
Content-Length: 176
Content-Type: application/json; charset=utf-8
host: localhost:12813
accept: */*

Response DefaultHttpResponse(decodeResult: success, version: HTTP/1.1)
HTTP/1.1 200 OK
Content-Length: 113270
Content-Type: application/json; charset=utf-8
cache-control: no-cache

20:54:30.028 [AsyncHttpClient-1-2] DEBUG org.asynchttpclient.netty.channel.ChannelManager - Adding key: http://localhost:12813 for channel [id: 0x13c3d0a1, L:/127.0.0.1:60243 - R:localhost/127.0.0.1:12813]
20:54:30.104 [Forwarding getCurrentUrl on session 930c68446927a4be21ff2af02f9625d4 to remote] DEBUG org.asynchttpclient.netty.request.NettyRequestSender - Using pooled Channel '[id: 0x13c3d0a1, L:/127.0.0.1:60243 - R:localhost/127.0.0.1:12813]' for 'GET' to 'http://localhost:12813/session/930c68446927a4be21ff2af02f9625d4/url'
20:54:30.104 [Forwarding getCurrentUrl on session 930c68446927a4be21ff2af02f9625d4 to remote] DEBUG org.asynchttpclient.netty.request.NettyRequestSender - Using open Channel [id: 0x13c3d0a1, L:/127.0.0.1:60243 - R:localhost/127.0.0.1:12813] for GET '/session/930c68446927a4be21ff2af02f9625d4/url'
20:54:30.107 [AsyncHttpClient-1-2] DEBUG org.asynchttpclient.netty.handler.HttpHandler - 

Request DefaultFullHttpRequest(decodeResult: success, version: HTTP/1.1, content: EmptyByteBufBE)
GET /session/930c68446927a4be21ff2af02f9625d4/url HTTP/1.1
User-Agent: selenium/4.8.1 (java windows)
Cache-Control: no-cache
Content-Type: application/json; charset=utf-8
host: localhost:12813
accept: */*

Response DefaultHttpResponse(decodeResult: success, version: HTTP/1.1)
HTTP/1.1 200 OK
Content-Length: 42
Content-Type: application/json; charset=utf-8
cache-control: no-cache

20:54:30.108 [AsyncHttpClient-1-2] DEBUG org.asynchttpclient.netty.channel.ChannelManager - Adding key: http://localhost:12813 for channel [id: 0x13c3d0a1, L:/127.0.0.1:60243 - R:localhost/127.0.0.1:12813]
20:54:30.117 [Forwarding findElement on session 930c68446927a4be21ff2af02f9625d4 to remote] DEBUG org.asynchttpclient.netty.request.NettyRequestSender - Using pooled Channel '[id: 0x13c3d0a1, L:/127.0.0.1:60243 - R:localhost/127.0.0.1:12813]' for 'POST' to 'http://localhost:12813/session/930c68446927a4be21ff2af02f9625d4/element'
20:54:30.117 [Forwarding findElement on session 930c68446927a4be21ff2af02f9625d4 to remote] DEBUG org.asynchttpclient.netty.request.NettyRequestSender - Using open Channel [id: 0x13c3d0a1, L:/127.0.0.1:60243 - R:localhost/127.0.0.1:12813] for POST '/session/930c68446927a4be21ff2af02f9625d4/element'
20:54:30.125 [AsyncHttpClient-1-2] DEBUG org.asynchttpclient.netty.handler.HttpHandler - 

Request DefaultHttpRequest(decodeResult: success, version: HTTP/1.1)
POST /session/930c68446927a4be21ff2af02f9625d4/element HTTP/1.1
User-Agent: selenium/4.8.1 (java windows)
Content-Length: 50
Content-Type: application/json; charset=utf-8
host: localhost:12813
accept: */*

Response DefaultHttpResponse(decodeResult: success, version: HTTP/1.1)
HTTP/1.1 200 OK
Content-Length: 88
Content-Type: application/json; charset=utf-8
cache-control: no-cache

20:54:30.126 [AsyncHttpClient-1-2] DEBUG org.asynchttpclient.netty.channel.ChannelManager - Adding key: http://localhost:12813 for channel [id: 0x13c3d0a1, L:/127.0.0.1:60243 - R:localhost/127.0.0.1:12813]
20:54:30.128 [Forwarding clearElement on session 930c68446927a4be21ff2af02f9625d4 to remote] DEBUG org.asynchttpclient.netty.request.NettyRequestSender - Using pooled Channel '[id: 0x13c3d0a1, L:/127.0.0.1:60243 - R:localhost/127.0.0.1:12813]' for 'POST' to 'http://localhost:12813/session/930c68446927a4be21ff2af02f9625d4/element/fb3d8683-3a02-4896-a239-be430b051473/clear'
20:54:30.128 [Forwarding clearElement on session 930c68446927a4be21ff2af02f9625d4 to remote] DEBUG org.asynchttpclient.netty.request.NettyRequestSender - Using open Channel [id: 0x13c3d0a1, L:/127.0.0.1:60243 - R:localhost/127.0.0.1:12813] for POST '/session/930c68446927a4be21ff2af02f9625d4/element/fb3d8683-3a02-4896-a239-be430b051473/clear'
20:54:30.154 [AsyncHttpClient-1-2] DEBUG org.asynchttpclient.netty.handler.HttpHandler - 

Request DefaultHttpRequest(decodeResult: success, version: HTTP/1.1)
POST /session/930c68446927a4be21ff2af02f9625d4/element/fb3d8683-3a02-4896-a239-be430b051473/clear HTTP/1.1
User-Agent: selenium/4.8.1 (java windows)
Content-Length: 50
Content-Type: application/json; charset=utf-8
host: localhost:12813
accept: */*

Response DefaultHttpResponse(decodeResult: success, version: HTTP/1.1)
HTTP/1.1 200 OK
Content-Length: 14
Content-Type: application/json; charset=utf-8
cache-control: no-cache

20:54:30.155 [AsyncHttpClient-1-2] DEBUG org.asynchttpclient.netty.channel.ChannelManager - Adding key: http://localhost:12813 for channel [id: 0x13c3d0a1, L:/127.0.0.1:60243 - R:localhost/127.0.0.1:12813]
20:54:30.158 [Forwarding sendKeysToElement on session 930c68446927a4be21ff2af02f9625d4 to remote] DEBUG org.asynchttpclient.netty.request.NettyRequestSender - Using pooled Channel '[id: 0x13c3d0a1, L:/127.0.0.1:60243 - R:localhost/127.0.0.1:12813]' for 'POST' to 'http://localhost:12813/session/930c68446927a4be21ff2af02f9625d4/element/fb3d8683-3a02-4896-a239-be430b051473/value'
20:54:30.158 [Forwarding sendKeysToElement on session 930c68446927a4be21ff2af02f9625d4 to remote] DEBUG org.asynchttpclient.netty.request.NettyRequestSender - Using open Channel [id: 0x13c3d0a1, L:/127.0.0.1:60243 - R:localhost/127.0.0.1:12813] for POST '/session/930c68446927a4be21ff2af02f9625d4/element/fb3d8683-3a02-4896-a239-be430b051473/value'
20:54:30.272 [AsyncHttpClient-1-2] DEBUG org.asynchttpclient.netty.handler.HttpHandler - 

Request DefaultHttpRequest(decodeResult: success, version: HTTP/1.1)
POST /session/930c68446927a4be21ff2af02f9625d4/element/fb3d8683-3a02-4896-a239-be430b051473/value HTTP/1.1
User-Agent: selenium/4.8.1 (java windows)
Content-Length: 291
Content-Type: application/json; charset=utf-8
host: localhost:12813
accept: */*

Response DefaultHttpResponse(decodeResult: success, version: HTTP/1.1)
HTTP/1.1 200 OK
Content-Length: 14
Content-Type: application/json; charset=utf-8
cache-control: no-cache

20:54:30.273 [AsyncHttpClient-1-2] DEBUG org.asynchttpclient.netty.channel.ChannelManager - Adding key: http://localhost:12813 for channel [id: 0x13c3d0a1, L:/127.0.0.1:60243 - R:localhost/127.0.0.1:12813]
20:54:30.280 [Forwarding findElement on session 930c68446927a4be21ff2af02f9625d4 to remote] DEBUG org.asynchttpclient.netty.request.NettyRequestSender - Using pooled Channel '[id: 0x13c3d0a1, L:/127.0.0.1:60243 - R:localhost/127.0.0.1:12813]' for 'POST' to 'http://localhost:12813/session/930c68446927a4be21ff2af02f9625d4/element'
20:54:30.280 [Forwarding findElement on session 930c68446927a4be21ff2af02f9625d4 to remote] DEBUG org.asynchttpclient.netty.request.NettyRequestSender - Using open Channel [id: 0x13c3d0a1, L:/127.0.0.1:60243 - R:localhost/127.0.0.1:12813] for POST '/session/930c68446927a4be21ff2af02f9625d4/element'
20:54:30.290 [AsyncHttpClient-1-2] DEBUG org.asynchttpclient.netty.handler.HttpHandler - 

Request DefaultHttpRequest(decodeResult: success, version: HTTP/1.1)
POST /session/930c68446927a4be21ff2af02f9625d4/element HTTP/1.1
User-Agent: selenium/4.8.1 (java windows)
Content-Length: 53
Content-Type: application/json; charset=utf-8
host: localhost:12813
accept: */*

Response DefaultHttpResponse(decodeResult: success, version: HTTP/1.1)
HTTP/1.1 200 OK
Content-Length: 88
Content-Type: application/json; charset=utf-8
cache-control: no-cache

20:54:30.290 [AsyncHttpClient-1-2] DEBUG org.asynchttpclient.netty.channel.ChannelManager - Adding key: http://localhost:12813 for channel [id: 0x13c3d0a1, L:/127.0.0.1:60243 - R:localhost/127.0.0.1:12813]
20:54:30.292 [Forwarding clearElement on session 930c68446927a4be21ff2af02f9625d4 to remote] DEBUG org.asynchttpclient.netty.request.NettyRequestSender - Using pooled Channel '[id: 0x13c3d0a1, L:/127.0.0.1:60243 - R:localhost/127.0.0.1:12813]' for 'POST' to 'http://localhost:12813/session/930c68446927a4be21ff2af02f9625d4/element/c56431b0-2b5e-4292-a5f2-2f84f2930086/clear'
20:54:30.292 [Forwarding clearElement on session 930c68446927a4be21ff2af02f9625d4 to remote] DEBUG org.asynchttpclient.netty.request.NettyRequestSender - Using open Channel [id: 0x13c3d0a1, L:/127.0.0.1:60243 - R:localhost/127.0.0.1:12813] for POST '/session/930c68446927a4be21ff2af02f9625d4/element/c56431b0-2b5e-4292-a5f2-2f84f2930086/clear'
20:54:30.317 [AsyncHttpClient-1-2] DEBUG org.asynchttpclient.netty.handler.HttpHandler - 

Request DefaultHttpRequest(decodeResult: success, version: HTTP/1.1)
POST /session/930c68446927a4be21ff2af02f9625d4/element/c56431b0-2b5e-4292-a5f2-2f84f2930086/clear HTTP/1.1
User-Agent: selenium/4.8.1 (java windows)
Content-Length: 50
Content-Type: application/json; charset=utf-8
host: localhost:12813
accept: */*

Response DefaultHttpResponse(decodeResult: success, version: HTTP/1.1)
HTTP/1.1 200 OK
Content-Length: 14
Content-Type: application/json; charset=utf-8
cache-control: no-cache

20:54:30.317 [AsyncHttpClient-1-2] DEBUG org.asynchttpclient.netty.channel.ChannelManager - Adding key: http://localhost:12813 for channel [id: 0x13c3d0a1, L:/127.0.0.1:60243 - R:localhost/127.0.0.1:12813]
20:54:30.320 [Forwarding sendKeysToElement on session 930c68446927a4be21ff2af02f9625d4 to remote] DEBUG org.asynchttpclient.netty.request.NettyRequestSender - Using pooled Channel '[id: 0x13c3d0a1, L:/127.0.0.1:60243 - R:localhost/127.0.0.1:12813]' for 'POST' to 'http://localhost:12813/session/930c68446927a4be21ff2af02f9625d4/element/c56431b0-2b5e-4292-a5f2-2f84f2930086/value'
20:54:30.320 [Forwarding sendKeysToElement on session 930c68446927a4be21ff2af02f9625d4 to remote] DEBUG org.asynchttpclient.netty.request.NettyRequestSender - Using open Channel [id: 0x13c3d0a1, L:/127.0.0.1:60243 - R:localhost/127.0.0.1:12813] for POST '/session/930c68446927a4be21ff2af02f9625d4/element/c56431b0-2b5e-4292-a5f2-2f84f2930086/value'
20:54:30.371 [AsyncHttpClient-1-1] DEBUG org.asynchttpclient.netty.channel.DefaultChannelPool - Entry count for : http://localhost:60244 : 1
20:54:30.386 [AsyncHttpClient-1-2] DEBUG org.asynchttpclient.netty.handler.HttpHandler - 

Request DefaultHttpRequest(decodeResult: success, version: HTTP/1.1)
POST /session/930c68446927a4be21ff2af02f9625d4/element/c56431b0-2b5e-4292-a5f2-2f84f2930086/value HTTP/1.1
User-Agent: selenium/4.8.1 (java windows)
Content-Length: 201
Content-Type: application/json; charset=utf-8
host: localhost:12813
accept: */*

Response DefaultHttpResponse(decodeResult: success, version: HTTP/1.1)
HTTP/1.1 200 OK
Content-Length: 14
Content-Type: application/json; charset=utf-8
cache-control: no-cache

20:54:30.386 [AsyncHttpClient-1-2] DEBUG org.asynchttpclient.netty.channel.ChannelManager - Adding key: http://localhost:12813 for channel [id: 0x13c3d0a1, L:/127.0.0.1:60243 - R:localhost/127.0.0.1:12813]
  &amp#27;[32mWhen &amp#27;[0m&amp#27;[32mI enter credentials on &amp#27;[0m&amp#27;[32m&amp#27;[1m"avenger3350@gmail.com"&amp#27;[0m&amp#27;[32m and &amp#27;[0m&amp#27;[32m&amp#27;[1m"Testing1234$"&amp#27;[0m&amp#27;[32m fields&amp#27;[0m &amp#27;[90m# starter.stepDefinitions.LoginSteps.i_enter_credentials_on_and_fields(java.lang.String,java.lang.String)&amp#27;[0m
20:54:30.397 [Forwarding getAlertText on session 930c68446927a4be21ff2af02f9625d4 to remote] DEBUG org.asynchttpclient.netty.request.NettyRequestSender - Using pooled Channel '[id: 0x13c3d0a1, L:/127.0.0.1:60243 - R:localhost/127.0.0.1:12813]' for 'GET' to 'http://localhost:12813/session/930c68446927a4be21ff2af02f9625d4/alert/text'
20:54:30.397 [Forwarding getAlertText on session 930c68446927a4be21ff2af02f9625d4 to remote] DEBUG org.asynchttpclient.netty.request.NettyRequestSender - Using open Channel [id: 0x13c3d0a1, L:/127.0.0.1:60243 - R:localhost/127.0.0.1:12813] for GET '/session/930c68446927a4be21ff2af02f9625d4/alert/text'
20:54:30.399 [AsyncHttpClient-1-2] DEBUG org.asynchttpclient.netty.handler.HttpHandler - 

Request DefaultFullHttpRequest(decodeResult: success, version: HTTP/1.1, content: EmptyByteBufBE)
GET /session/930c68446927a4be21ff2af02f9625d4/alert/text HTTP/1.1
User-Agent: selenium/4.8.1 (java windows)
Cache-Control: no-cache
Content-Type: application/json; charset=utf-8
host: localhost:12813
accept: */*

Response DefaultHttpResponse(decodeResult: success, version: HTTP/1.1)
HTTP/1.1 404 Not Found
Content-Length: 816
Content-Type: application/json; charset=utf-8
cache-control: no-cache

20:54:30.399 [AsyncHttpClient-1-2] DEBUG org.asynchttpclient.netty.channel.ChannelManager - Adding key: http://localhost:12813 for channel [id: 0x13c3d0a1, L:/127.0.0.1:60243 - R:localhost/127.0.0.1:12813]
20:54:30.401 [Forwarding getCurrentUrl on session 930c68446927a4be21ff2af02f9625d4 to remote] DEBUG org.asynchttpclient.netty.request.NettyRequestSender - Using pooled Channel '[id: 0x13c3d0a1, L:/127.0.0.1:60243 - R:localhost/127.0.0.1:12813]' for 'GET' to 'http://localhost:12813/session/930c68446927a4be21ff2af02f9625d4/url'
20:54:30.401 [Forwarding getCurrentUrl on session 930c68446927a4be21ff2af02f9625d4 to remote] DEBUG org.asynchttpclient.netty.request.NettyRequestSender - Using open Channel [id: 0x13c3d0a1, L:/127.0.0.1:60243 - R:localhost/127.0.0.1:12813] for GET '/session/930c68446927a4be21ff2af02f9625d4/url'
20:54:30.405 [AsyncHttpClient-1-2] DEBUG org.asynchttpclient.netty.handler.HttpHandler - 

Request DefaultFullHttpRequest(decodeResult: success, version: HTTP/1.1, content: EmptyByteBufBE)
GET /session/930c68446927a4be21ff2af02f9625d4/url HTTP/1.1
User-Agent: selenium/4.8.1 (java windows)
Cache-Control: no-cache
Content-Type: application/json; charset=utf-8
host: localhost:12813
accept: */*

Response DefaultHttpResponse(decodeResult: success, version: HTTP/1.1)
HTTP/1.1 200 OK
Content-Length: 42
Content-Type: application/json; charset=utf-8
cache-control: no-cache

20:54:30.406 [AsyncHttpClient-1-2] DEBUG org.asynchttpclient.netty.channel.ChannelManager - Adding key: http://localhost:12813 for channel [id: 0x13c3d0a1, L:/127.0.0.1:60243 - R:localhost/127.0.0.1:12813]
20:54:30.407 [Forwarding screenshot on session 930c68446927a4be21ff2af02f9625d4 to remote] DEBUG org.asynchttpclient.netty.request.NettyRequestSender - Using pooled Channel '[id: 0x13c3d0a1, L:/127.0.0.1:60243 - R:localhost/127.0.0.1:12813]' for 'GET' to 'http://localhost:12813/session/930c68446927a4be21ff2af02f9625d4/screenshot'
20:54:30.407 [Forwarding screenshot on session 930c68446927a4be21ff2af02f9625d4 to remote] DEBUG org.asynchttpclient.netty.request.NettyRequestSender - Using open Channel [id: 0x13c3d0a1, L:/127.0.0.1:60243 - R:localhost/127.0.0.1:12813] for GET '/session/930c68446927a4be21ff2af02f9625d4/screenshot'
20:54:30.674 [AsyncHttpClient-1-2] DEBUG org.asynchttpclient.netty.handler.HttpHandler - 

Request DefaultFullHttpRequest(decodeResult: success, version: HTTP/1.1, content: EmptyByteBufBE)
GET /session/930c68446927a4be21ff2af02f9625d4/screenshot HTTP/1.1
User-Agent: selenium/4.8.1 (java windows)
Cache-Control: no-cache
Content-Type: application/json; charset=utf-8
host: localhost:12813
accept: */*

Response DefaultHttpResponse(decodeResult: success, version: HTTP/1.1)
HTTP/1.1 200 OK
Content-Length: 391756
Content-Type: application/json; charset=utf-8
cache-control: no-cache

20:54:30.676 [AsyncHttpClient-1-2] DEBUG org.asynchttpclient.netty.channel.ChannelManager - Adding key: http://localhost:12813 for channel [id: 0x13c3d0a1, L:/127.0.0.1:60243 - R:localhost/127.0.0.1:12813]
20:54:30.693 [main] DEBUG net.serenitybdd.core.photography.Darkroom - Send negative for processing for target\site\serenity\4db3798972f2d3a5c147ffe5da2b28d1a1ef2a1de2a351708a1256403a687cd5.png
20:54:30.693 [Darkroom Processing Line] DEBUG net.serenitybdd.core.photography.DarkroomProcessingLine - Processing screenshot image in /var/screenshots/screenshot-5911770463510870284
20:54:30.693 [Darkroom Processing Line] DEBUG net.serenitybdd.core.photography.DarkroomProcessingLine - Saving screenshot to target\site\serenity\4db3798972f2d3a5c147ffe5da2b28d1a1ef2a1de2a351708a1256403a687cd5.png
20:54:30.699 [Forwarding getPageSource on session 930c68446927a4be21ff2af02f9625d4 to remote] DEBUG org.asynchttpclient.netty.request.NettyRequestSender - Using pooled Channel '[id: 0x13c3d0a1, L:/127.0.0.1:60243 - R:localhost/127.0.0.1:12813]' for 'POST' to 'http://localhost:12813/session/930c68446927a4be21ff2af02f9625d4/execute/sync'
20:54:30.699 [Forwarding getPageSource on session 930c68446927a4be21ff2af02f9625d4 to remote] DEBUG org.asynchttpclient.netty.request.NettyRequestSender - Using open Channel [id: 0x13c3d0a1, L:/127.0.0.1:60243 - R:localhost/127.0.0.1:12813] for POST '/session/930c68446927a4be21ff2af02f9625d4/execute/sync'
20:54:30.710 [AsyncHttpClient-1-2] DEBUG org.asynchttpclient.netty.handler.HttpHandler - 

Request DefaultHttpRequest(decodeResult: success, version: HTTP/1.1)
POST /session/930c68446927a4be21ff2af02f9625d4/execute/sync HTTP/1.1
User-Agent: selenium/4.8.1 (java windows)
Content-Length: 176
Content-Type: application/json; charset=utf-8
host: localhost:12813
accept: */*

Response DefaultHttpResponse(decodeResult: success, version: HTTP/1.1)
HTTP/1.1 200 OK
Content-Length: 113333
Content-Type: application/json; charset=utf-8
cache-control: no-cache

20:54:30.710 [AsyncHttpClient-1-2] DEBUG org.asynchttpclient.netty.channel.ChannelManager - Adding key: http://localhost:12813 for channel [id: 0x13c3d0a1, L:/127.0.0.1:60243 - R:localhost/127.0.0.1:12813]
20:54:30.721 [Forwarding getCurrentUrl on session 930c68446927a4be21ff2af02f9625d4 to remote] DEBUG org.asynchttpclient.netty.request.NettyRequestSender - Using pooled Channel '[id: 0x13c3d0a1, L:/127.0.0.1:60243 - R:localhost/127.0.0.1:12813]' for 'GET' to 'http://localhost:12813/session/930c68446927a4be21ff2af02f9625d4/url'
20:54:30.721 [Forwarding getCurrentUrl on session 930c68446927a4be21ff2af02f9625d4 to remote] DEBUG org.asynchttpclient.netty.request.NettyRequestSender - Using open Channel [id: 0x13c3d0a1, L:/127.0.0.1:60243 - R:localhost/127.0.0.1:12813] for GET '/session/930c68446927a4be21ff2af02f9625d4/url'
20:54:30.723 [AsyncHttpClient-1-2] DEBUG org.asynchttpclient.netty.handler.HttpHandler - 

Request DefaultFullHttpRequest(decodeResult: success, version: HTTP/1.1, content: EmptyByteBufBE)
GET /session/930c68446927a4be21ff2af02f9625d4/url HTTP/1.1
User-Agent: selenium/4.8.1 (java windows)
Cache-Control: no-cache
Content-Type: application/json; charset=utf-8
host: localhost:12813
accept: */*

Response DefaultHttpResponse(decodeResult: success, version: HTTP/1.1)
HTTP/1.1 200 OK
Content-Length: 42
Content-Type: application/json; charset=utf-8
cache-control: no-cache

20:54:30.724 [AsyncHttpClient-1-2] DEBUG org.asynchttpclient.netty.channel.ChannelManager - Adding key: http://localhost:12813 for channel [id: 0x13c3d0a1, L:/127.0.0.1:60243 - R:localhost/127.0.0.1:12813]
20:54:30.733 [Forwarding findElement on session 930c68446927a4be21ff2af02f9625d4 to remote] DEBUG org.asynchttpclient.netty.request.NettyRequestSender - Using pooled Channel '[id: 0x13c3d0a1, L:/127.0.0.1:60243 - R:localhost/127.0.0.1:12813]' for 'POST' to 'http://localhost:12813/session/930c68446927a4be21ff2af02f9625d4/element'
20:54:30.733 [Forwarding findElement on session 930c68446927a4be21ff2af02f9625d4 to remote] DEBUG org.asynchttpclient.netty.request.NettyRequestSender - Using open Channel [id: 0x13c3d0a1, L:/127.0.0.1:60243 - R:localhost/127.0.0.1:12813] for POST '/session/930c68446927a4be21ff2af02f9625d4/element'
20:54:30.739 [AsyncHttpClient-1-2] DEBUG org.asynchttpclient.netty.handler.HttpHandler - 

Request DefaultHttpRequest(decodeResult: success, version: HTTP/1.1)
POST /session/930c68446927a4be21ff2af02f9625d4/element HTTP/1.1
User-Agent: selenium/4.8.1 (java windows)
Content-Length: 60
Content-Type: application/json; charset=utf-8
host: localhost:12813
accept: */*

Response DefaultHttpResponse(decodeResult: success, version: HTTP/1.1)
HTTP/1.1 200 OK
Content-Length: 88
Content-Type: application/json; charset=utf-8
cache-control: no-cache

20:54:30.739 [AsyncHttpClient-1-2] DEBUG org.asynchttpclient.netty.channel.ChannelManager - Adding key: http://localhost:12813 for channel [id: 0x13c3d0a1, L:/127.0.0.1:60243 - R:localhost/127.0.0.1:12813]
20:54:30.742 [Forwarding getElementTagName on session 930c68446927a4be21ff2af02f9625d4 to remote] DEBUG org.asynchttpclient.netty.request.NettyRequestSender - Using pooled Channel '[id: 0x13c3d0a1, L:/127.0.0.1:60243 - R:localhost/127.0.0.1:12813]' for 'GET' to 'http://localhost:12813/session/930c68446927a4be21ff2af02f9625d4/element/e706196f-6da9-4ff7-b0d5-45c880b9136b/name'
20:54:30.742 [Forwarding getElementTagName on session 930c68446927a4be21ff2af02f9625d4 to remote] DEBUG org.asynchttpclient.netty.request.NettyRequestSender - Using open Channel [id: 0x13c3d0a1, L:/127.0.0.1:60243 - R:localhost/127.0.0.1:12813] for GET '/session/930c68446927a4be21ff2af02f9625d4/element/e706196f-6da9-4ff7-b0d5-45c880b9136b/name'
20:54:30.745 [AsyncHttpClient-1-2] DEBUG org.asynchttpclient.netty.handler.HttpHandler - 

Request DefaultFullHttpRequest(decodeResult: success, version: HTTP/1.1, content: EmptyByteBufBE)
GET /session/930c68446927a4be21ff2af02f9625d4/element/e706196f-6da9-4ff7-b0d5-45c880b9136b/name HTTP/1.1
User-Agent: selenium/4.8.1 (java windows)
Cache-Control: no-cache
Content-Type: application/json; charset=utf-8
host: localhost:12813
accept: */*

Response DefaultHttpResponse(decodeResult: success, version: HTTP/1.1)
HTTP/1.1 200 OK
Content-Length: 15
Content-Type: application/json; charset=utf-8
cache-control: no-cache

20:54:30.745 [AsyncHttpClient-1-2] DEBUG org.asynchttpclient.netty.channel.ChannelManager - Adding key: http://localhost:12813 for channel [id: 0x13c3d0a1, L:/127.0.0.1:60243 - R:localhost/127.0.0.1:12813]
20:54:30.748 [Forwarding getElementTagName on session 930c68446927a4be21ff2af02f9625d4 to remote] DEBUG org.asynchttpclient.netty.request.NettyRequestSender - Using pooled Channel '[id: 0x13c3d0a1, L:/127.0.0.1:60243 - R:localhost/127.0.0.1:12813]' for 'GET' to 'http://localhost:12813/session/930c68446927a4be21ff2af02f9625d4/element/e706196f-6da9-4ff7-b0d5-45c880b9136b/name'
20:54:30.748 [Forwarding getElementTagName on session 930c68446927a4be21ff2af02f9625d4 to remote] DEBUG org.asynchttpclient.netty.request.NettyRequestSender - Using open Channel [id: 0x13c3d0a1, L:/127.0.0.1:60243 - R:localhost/127.0.0.1:12813] for GET '/session/930c68446927a4be21ff2af02f9625d4/element/e706196f-6da9-4ff7-b0d5-45c880b9136b/name'
20:54:30.750 [AsyncHttpClient-1-2] DEBUG org.asynchttpclient.netty.handler.HttpHandler - 

Request DefaultFullHttpRequest(decodeResult: success, version: HTTP/1.1, content: EmptyByteBufBE)
GET /session/930c68446927a4be21ff2af02f9625d4/element/e706196f-6da9-4ff7-b0d5-45c880b9136b/name HTTP/1.1
User-Agent: selenium/4.8.1 (java windows)
Cache-Control: no-cache
Content-Type: application/json; charset=utf-8
host: localhost:12813
accept: */*

Response DefaultHttpResponse(decodeResult: success, version: HTTP/1.1)
HTTP/1.1 200 OK
Content-Length: 15
Content-Type: application/json; charset=utf-8
cache-control: no-cache

20:54:30.750 [AsyncHttpClient-1-2] DEBUG org.asynchttpclient.netty.channel.ChannelManager - Adding key: http://localhost:12813 for channel [id: 0x13c3d0a1, L:/127.0.0.1:60243 - R:localhost/127.0.0.1:12813]
20:54:30.753 [Forwarding findElement on session 930c68446927a4be21ff2af02f9625d4 to remote] DEBUG org.asynchttpclient.netty.request.NettyRequestSender - Using pooled Channel '[id: 0x13c3d0a1, L:/127.0.0.1:60243 - R:localhost/127.0.0.1:12813]' for 'POST' to 'http://localhost:12813/session/930c68446927a4be21ff2af02f9625d4/element'
20:54:30.753 [Forwarding findElement on session 930c68446927a4be21ff2af02f9625d4 to remote] DEBUG org.asynchttpclient.netty.request.NettyRequestSender - Using open Channel [id: 0x13c3d0a1, L:/127.0.0.1:60243 - R:localhost/127.0.0.1:12813] for POST '/session/930c68446927a4be21ff2af02f9625d4/element'
20:54:30.762 [AsyncHttpClient-1-2] DEBUG org.asynchttpclient.netty.handler.HttpHandler - 

Request DefaultHttpRequest(decodeResult: success, version: HTTP/1.1)
POST /session/930c68446927a4be21ff2af02f9625d4/element HTTP/1.1
User-Agent: selenium/4.8.1 (java windows)
Content-Length: 60
Content-Type: application/json; charset=utf-8
host: localhost:12813
accept: */*

Response DefaultHttpResponse(decodeResult: success, version: HTTP/1.1)
HTTP/1.1 200 OK
Content-Length: 88
Content-Type: application/json; charset=utf-8
cache-control: no-cache

20:54:30.762 [AsyncHttpClient-1-2] DEBUG org.asynchttpclient.netty.channel.ChannelManager - Adding key: http://localhost:12813 for channel [id: 0x13c3d0a1, L:/127.0.0.1:60243 - R:localhost/127.0.0.1:12813]
20:54:30.764 [Forwarding clickElement on session 930c68446927a4be21ff2af02f9625d4 to remote] DEBUG org.asynchttpclient.netty.request.NettyRequestSender - Using pooled Channel '[id: 0x13c3d0a1, L:/127.0.0.1:60243 - R:localhost/127.0.0.1:12813]' for 'POST' to 'http://localhost:12813/session/930c68446927a4be21ff2af02f9625d4/element/e706196f-6da9-4ff7-b0d5-45c880b9136b/click'
20:54:30.764 [Forwarding clickElement on session 930c68446927a4be21ff2af02f9625d4 to remote] DEBUG org.asynchttpclient.netty.request.NettyRequestSender - Using open Channel [id: 0x13c3d0a1, L:/127.0.0.1:60243 - R:localhost/127.0.0.1:12813] for POST '/session/930c68446927a4be21ff2af02f9625d4/element/e706196f-6da9-4ff7-b0d5-45c880b9136b/click'
20:54:30.829 [AsyncHttpClient-1-2] DEBUG org.asynchttpclient.netty.handler.HttpHandler - 

Request DefaultHttpRequest(decodeResult: success, version: HTTP/1.1)
POST /session/930c68446927a4be21ff2af02f9625d4/element/e706196f-6da9-4ff7-b0d5-45c880b9136b/click HTTP/1.1
User-Agent: selenium/4.8.1 (java windows)
Content-Length: 50
Content-Type: application/json; charset=utf-8
host: localhost:12813
accept: */*

Response DefaultHttpResponse(decodeResult: success, version: HTTP/1.1)
HTTP/1.1 200 OK
Content-Length: 14
Content-Type: application/json; charset=utf-8
cache-control: no-cache

20:54:30.829 [AsyncHttpClient-1-2] DEBUG org.asynchttpclient.netty.channel.ChannelManager - Adding key: http://localhost:12813 for channel [id: 0x13c3d0a1, L:/127.0.0.1:60243 - R:localhost/127.0.0.1:12813]
  &amp#27;[32mAnd &amp#27;[0m&amp#27;[32mI press submit button&amp#27;[0m                                                     &amp#27;[90m# starter.stepDefinitions.LoginSteps.i_press_submit_button()&amp#27;[0m
20:54:30.840 [Forwarding getAlertText on session 930c68446927a4be21ff2af02f9625d4 to remote] DEBUG org.asynchttpclient.netty.request.NettyRequestSender - Using pooled Channel '[id: 0x13c3d0a1, L:/127.0.0.1:60243 - R:localhost/127.0.0.1:12813]' for 'GET' to 'http://localhost:12813/session/930c68446927a4be21ff2af02f9625d4/alert/text'
20:54:30.840 [Forwarding getAlertText on session 930c68446927a4be21ff2af02f9625d4 to remote] DEBUG org.asynchttpclient.netty.request.NettyRequestSender - Using open Channel [id: 0x13c3d0a1, L:/127.0.0.1:60243 - R:localhost/127.0.0.1:12813] for GET '/session/930c68446927a4be21ff2af02f9625d4/alert/text'
20:54:30.842 [AsyncHttpClient-1-2] DEBUG org.asynchttpclient.netty.handler.HttpHandler - 

Request DefaultFullHttpRequest(decodeResult: success, version: HTTP/1.1, content: EmptyByteBufBE)
GET /session/930c68446927a4be21ff2af02f9625d4/alert/text HTTP/1.1
User-Agent: selenium/4.8.1 (java windows)
Cache-Control: no-cache
Content-Type: application/json; charset=utf-8
host: localhost:12813
accept: */*

Response DefaultHttpResponse(decodeResult: success, version: HTTP/1.1)
HTTP/1.1 404 Not Found
Content-Length: 816
Content-Type: application/json; charset=utf-8
cache-control: no-cache

20:54:30.842 [AsyncHttpClient-1-2] DEBUG org.asynchttpclient.netty.channel.ChannelManager - Adding key: http://localhost:12813 for channel [id: 0x13c3d0a1, L:/127.0.0.1:60243 - R:localhost/127.0.0.1:12813]
20:54:30.843 [Forwarding getCurrentUrl on session 930c68446927a4be21ff2af02f9625d4 to remote] DEBUG org.asynchttpclient.netty.request.NettyRequestSender - Using pooled Channel '[id: 0x13c3d0a1, L:/127.0.0.1:60243 - R:localhost/127.0.0.1:12813]' for 'GET' to 'http://localhost:12813/session/930c68446927a4be21ff2af02f9625d4/url'
20:54:30.843 [Forwarding getCurrentUrl on session 930c68446927a4be21ff2af02f9625d4 to remote] DEBUG org.asynchttpclient.netty.request.NettyRequestSender - Using open Channel [id: 0x13c3d0a1, L:/127.0.0.1:60243 - R:localhost/127.0.0.1:12813] for GET '/session/930c68446927a4be21ff2af02f9625d4/url'
20:54:30.846 [AsyncHttpClient-1-2] DEBUG org.asynchttpclient.netty.handler.HttpHandler - 

Request DefaultFullHttpRequest(decodeResult: success, version: HTTP/1.1, content: EmptyByteBufBE)
GET /session/930c68446927a4be21ff2af02f9625d4/url HTTP/1.1
User-Agent: selenium/4.8.1 (java windows)
Cache-Control: no-cache
Content-Type: application/json; charset=utf-8
host: localhost:12813
accept: */*

Response DefaultHttpResponse(decodeResult: success, version: HTTP/1.1)
HTTP/1.1 200 OK
Content-Length: 42
Content-Type: application/json; charset=utf-8
cache-control: no-cache

20:54:30.846 [AsyncHttpClient-1-2] DEBUG org.asynchttpclient.netty.channel.ChannelManager - Adding key: http://localhost:12813 for channel [id: 0x13c3d0a1, L:/127.0.0.1:60243 - R:localhost/127.0.0.1:12813]
20:54:30.847 [Forwarding screenshot on session 930c68446927a4be21ff2af02f9625d4 to remote] DEBUG org.asynchttpclient.netty.request.NettyRequestSender - Using pooled Channel '[id: 0x13c3d0a1, L:/127.0.0.1:60243 - R:localhost/127.0.0.1:12813]' for 'GET' to 'http://localhost:12813/session/930c68446927a4be21ff2af02f9625d4/screenshot'
20:54:30.847 [Forwarding screenshot on session 930c68446927a4be21ff2af02f9625d4 to remote] DEBUG org.asynchttpclient.netty.request.NettyRequestSender - Using open Channel [id: 0x13c3d0a1, L:/127.0.0.1:60243 - R:localhost/127.0.0.1:12813] for GET '/session/930c68446927a4be21ff2af02f9625d4/screenshot'
20:54:31.027 [AsyncHttpClient-1-2] DEBUG org.asynchttpclient.netty.handler.HttpHandler - 

Request DefaultFullHttpRequest(decodeResult: success, version: HTTP/1.1, content: EmptyByteBufBE)
GET /session/930c68446927a4be21ff2af02f9625d4/screenshot HTTP/1.1
User-Agent: selenium/4.8.1 (java windows)
Cache-Control: no-cache
Content-Type: application/json; charset=utf-8
host: localhost:12813
accept: */*

Response DefaultHttpResponse(decodeResult: success, version: HTTP/1.1)
HTTP/1.1 200 OK
Content-Length: 197016
Content-Type: application/json; charset=utf-8
cache-control: no-cache

20:54:31.029 [AsyncHttpClient-1-2] DEBUG org.asynchttpclient.netty.channel.ChannelManager - Adding key: http://localhost:12813 for channel [id: 0x13c3d0a1, L:/127.0.0.1:60243 - R:localhost/127.0.0.1:12813]
20:54:31.034 [main] DEBUG net.serenitybdd.core.photography.Darkroom - Send negative for processing for target\site\serenity\11fb04c1aaae3fe755a971e69f73b1b40727f63dce7a3fa69f2122fc51d361fb.png
20:54:31.034 [Darkroom Processing Line] DEBUG net.serenitybdd.core.photography.DarkroomProcessingLine - Processing screenshot image in /var/screenshots/screenshot-461307102377236386
20:54:31.034 [Darkroom Processing Line] DEBUG net.serenitybdd.core.photography.DarkroomProcessingLine - Saving screenshot to target\site\serenity\11fb04c1aaae3fe755a971e69f73b1b40727f63dce7a3fa69f2122fc51d361fb.png
20:54:31.043 [Forwarding getPageSource on session 930c68446927a4be21ff2af02f9625d4 to remote] DEBUG org.asynchttpclient.netty.request.NettyRequestSender - Using pooled Channel '[id: 0x13c3d0a1, L:/127.0.0.1:60243 - R:localhost/127.0.0.1:12813]' for 'POST' to 'http://localhost:12813/session/930c68446927a4be21ff2af02f9625d4/execute/sync'
20:54:31.043 [Forwarding getPageSource on session 930c68446927a4be21ff2af02f9625d4 to remote] DEBUG org.asynchttpclient.netty.request.NettyRequestSender - Using open Channel [id: 0x13c3d0a1, L:/127.0.0.1:60243 - R:localhost/127.0.0.1:12813] for POST '/session/930c68446927a4be21ff2af02f9625d4/execute/sync'
20:54:31.052 [AsyncHttpClient-1-2] DEBUG org.asynchttpclient.netty.handler.HttpHandler - 

Request DefaultHttpRequest(decodeResult: success, version: HTTP/1.1)
POST /session/930c68446927a4be21ff2af02f9625d4/execute/sync HTTP/1.1
User-Agent: selenium/4.8.1 (java windows)
Content-Length: 176
Content-Type: application/json; charset=utf-8
host: localhost:12813
accept: */*

Response DefaultHttpResponse(decodeResult: success, version: HTTP/1.1)
HTTP/1.1 200 OK
Content-Length: 119799
Content-Type: application/json; charset=utf-8
cache-control: no-cache

20:54:31.053 [AsyncHttpClient-1-2] DEBUG org.asynchttpclient.netty.channel.ChannelManager - Adding key: http://localhost:12813 for channel [id: 0x13c3d0a1, L:/127.0.0.1:60243 - R:localhost/127.0.0.1:12813]
20:54:31.063 [Forwarding getCurrentUrl on session 930c68446927a4be21ff2af02f9625d4 to remote] DEBUG org.asynchttpclient.netty.request.NettyRequestSender - Using pooled Channel '[id: 0x13c3d0a1, L:/127.0.0.1:60243 - R:localhost/127.0.0.1:12813]' for 'GET' to 'http://localhost:12813/session/930c68446927a4be21ff2af02f9625d4/url'
20:54:31.063 [Forwarding getCurrentUrl on session 930c68446927a4be21ff2af02f9625d4 to remote] DEBUG org.asynchttpclient.netty.request.NettyRequestSender - Using open Channel [id: 0x13c3d0a1, L:/127.0.0.1:60243 - R:localhost/127.0.0.1:12813] for GET '/session/930c68446927a4be21ff2af02f9625d4/url'
20:54:31.066 [AsyncHttpClient-1-2] DEBUG org.asynchttpclient.netty.handler.HttpHandler - 

Request DefaultFullHttpRequest(decodeResult: success, version: HTTP/1.1, content: EmptyByteBufBE)
GET /session/930c68446927a4be21ff2af02f9625d4/url HTTP/1.1
User-Agent: selenium/4.8.1 (java windows)
Cache-Control: no-cache
Content-Type: application/json; charset=utf-8
host: localhost:12813
accept: */*

Response DefaultHttpResponse(decodeResult: success, version: HTTP/1.1)
HTTP/1.1 200 OK
Content-Length: 42
Content-Type: application/json; charset=utf-8
cache-control: no-cache

20:54:31.066 [AsyncHttpClient-1-2] DEBUG org.asynchttpclient.netty.channel.ChannelManager - Adding key: http://localhost:12813 for channel [id: 0x13c3d0a1, L:/127.0.0.1:60243 - R:localhost/127.0.0.1:12813]
20:54:31.095 [Forwarding getAlertText on session 930c68446927a4be21ff2af02f9625d4 to remote] DEBUG org.asynchttpclient.netty.request.NettyRequestSender - Using pooled Channel '[id: 0x13c3d0a1, L:/127.0.0.1:60243 - R:localhost/127.0.0.1:12813]' for 'GET' to 'http://localhost:12813/session/930c68446927a4be21ff2af02f9625d4/alert/text'
20:54:31.095 [Forwarding getAlertText on session 930c68446927a4be21ff2af02f9625d4 to remote] DEBUG org.asynchttpclient.netty.request.NettyRequestSender - Using open Channel [id: 0x13c3d0a1, L:/127.0.0.1:60243 - R:localhost/127.0.0.1:12813] for GET '/session/930c68446927a4be21ff2af02f9625d4/alert/text'
20:54:31.097 [AsyncHttpClient-1-2] DEBUG org.asynchttpclient.netty.handler.HttpHandler - 

Request DefaultFullHttpRequest(decodeResult: success, version: HTTP/1.1, content: EmptyByteBufBE)
GET /session/930c68446927a4be21ff2af02f9625d4/alert/text HTTP/1.1
User-Agent: selenium/4.8.1 (java windows)
Cache-Control: no-cache
Content-Type: application/json; charset=utf-8
host: localhost:12813
accept: */*

Response DefaultHttpResponse(decodeResult: success, version: HTTP/1.1)
HTTP/1.1 404 Not Found
Content-Length: 816
Content-Type: application/json; charset=utf-8
cache-control: no-cache

20:54:31.098 [AsyncHttpClient-1-2] DEBUG org.asynchttpclient.netty.channel.ChannelManager - Adding key: http://localhost:12813 for channel [id: 0x13c3d0a1, L:/127.0.0.1:60243 - R:localhost/127.0.0.1:12813]
20:54:31.099 [Forwarding getCurrentUrl on session 930c68446927a4be21ff2af02f9625d4 to remote] DEBUG org.asynchttpclient.netty.request.NettyRequestSender - Using pooled Channel '[id: 0x13c3d0a1, L:/127.0.0.1:60243 - R:localhost/127.0.0.1:12813]' for 'GET' to 'http://localhost:12813/session/930c68446927a4be21ff2af02f9625d4/url'
20:54:31.100 [Forwarding getCurrentUrl on session 930c68446927a4be21ff2af02f9625d4 to remote] DEBUG org.asynchttpclient.netty.request.NettyRequestSender - Using open Channel [id: 0x13c3d0a1, L:/127.0.0.1:60243 - R:localhost/127.0.0.1:12813] for GET '/session/930c68446927a4be21ff2af02f9625d4/url'
20:54:31.103 [AsyncHttpClient-1-2] DEBUG org.asynchttpclient.netty.handler.HttpHandler - 

Request DefaultFullHttpRequest(decodeResult: success, version: HTTP/1.1, content: EmptyByteBufBE)
GET /session/930c68446927a4be21ff2af02f9625d4/url HTTP/1.1
User-Agent: selenium/4.8.1 (java windows)
Cache-Control: no-cache
Content-Type: application/json; charset=utf-8
host: localhost:12813
accept: */*

Response DefaultHttpResponse(decodeResult: success, version: HTTP/1.1)
HTTP/1.1 200 OK
Content-Length: 42
Content-Type: application/json; charset=utf-8
cache-control: no-cache

20:54:31.104 [AsyncHttpClient-1-2] DEBUG org.asynchttpclient.netty.channel.ChannelManager - Adding key: http://localhost:12813 for channel [id: 0x13c3d0a1, L:/127.0.0.1:60243 - R:localhost/127.0.0.1:12813]
20:54:31.105 [Forwarding screenshot on session 930c68446927a4be21ff2af02f9625d4 to remote] DEBUG org.asynchttpclient.netty.request.NettyRequestSender - Using pooled Channel '[id: 0x13c3d0a1, L:/127.0.0.1:60243 - R:localhost/127.0.0.1:12813]' for 'GET' to 'http://localhost:12813/session/930c68446927a4be21ff2af02f9625d4/screenshot'
20:54:31.106 [Forwarding screenshot on session 930c68446927a4be21ff2af02f9625d4 to remote] DEBUG org.asynchttpclient.netty.request.NettyRequestSender - Using open Channel [id: 0x13c3d0a1, L:/127.0.0.1:60243 - R:localhost/127.0.0.1:12813] for GET '/session/930c68446927a4be21ff2af02f9625d4/screenshot'
20:54:31.273 [AsyncHttpClient-1-2] DEBUG org.asynchttpclient.netty.handler.HttpHandler - 

Request DefaultFullHttpRequest(decodeResult: success, version: HTTP/1.1, content: EmptyByteBufBE)
GET /session/930c68446927a4be21ff2af02f9625d4/screenshot HTTP/1.1
User-Agent: selenium/4.8.1 (java windows)
Cache-Control: no-cache
Content-Type: application/json; charset=utf-8
host: localhost:12813
accept: */*

Response DefaultHttpResponse(decodeResult: success, version: HTTP/1.1)
HTTP/1.1 200 OK
Content-Length: 197688
Content-Type: application/json; charset=utf-8
cache-control: no-cache

20:54:31.274 [AsyncHttpClient-1-2] DEBUG org.asynchttpclient.netty.channel.ChannelManager - Adding key: http://localhost:12813 for channel [id: 0x13c3d0a1, L:/127.0.0.1:60243 - R:localhost/127.0.0.1:12813]
20:54:31.279 [main] DEBUG net.serenitybdd.core.photography.Darkroom - Send negative for processing for target\site\serenity\f95e5553f09c077ac11cb84237fffd335652ab5b3041311532127660bd0fae8d.png
20:54:31.279 [Darkroom Processing Line] DEBUG net.serenitybdd.core.photography.DarkroomProcessingLine - Processing screenshot image in /var/screenshots/screenshot-10821575107617354277
20:54:31.279 [Darkroom Processing Line] DEBUG net.serenitybdd.core.photography.DarkroomProcessingLine - Saving screenshot to target\site\serenity\f95e5553f09c077ac11cb84237fffd335652ab5b3041311532127660bd0fae8d.png
20:54:31.281 [Forwarding getPageSource on session 930c68446927a4be21ff2af02f9625d4 to remote] DEBUG org.asynchttpclient.netty.request.NettyRequestSender - Using pooled Channel '[id: 0x13c3d0a1, L:/127.0.0.1:60243 - R:localhost/127.0.0.1:12813]' for 'POST' to 'http://localhost:12813/session/930c68446927a4be21ff2af02f9625d4/execute/sync'
20:54:31.281 [Forwarding getPageSource on session 930c68446927a4be21ff2af02f9625d4 to remote] DEBUG org.asynchttpclient.netty.request.NettyRequestSender - Using open Channel [id: 0x13c3d0a1, L:/127.0.0.1:60243 - R:localhost/127.0.0.1:12813] for POST '/session/930c68446927a4be21ff2af02f9625d4/execute/sync'
20:54:31.290 [AsyncHttpClient-1-2] DEBUG org.asynchttpclient.netty.handler.HttpHandler - 

Request DefaultHttpRequest(decodeResult: success, version: HTTP/1.1)
POST /session/930c68446927a4be21ff2af02f9625d4/execute/sync HTTP/1.1
User-Agent: selenium/4.8.1 (java windows)
Content-Length: 176
Content-Type: application/json; charset=utf-8
host: localhost:12813
accept: */*

Response DefaultHttpResponse(decodeResult: success, version: HTTP/1.1)
HTTP/1.1 200 OK
Content-Length: 119782
Content-Type: application/json; charset=utf-8
cache-control: no-cache

20:54:31.291 [AsyncHttpClient-1-2] DEBUG org.asynchttpclient.netty.channel.ChannelManager - Adding key: http://localhost:12813 for channel [id: 0x13c3d0a1, L:/127.0.0.1:60243 - R:localhost/127.0.0.1:12813]
20:54:31.303 [Forwarding getCurrentUrl on session 930c68446927a4be21ff2af02f9625d4 to remote] DEBUG org.asynchttpclient.netty.request.NettyRequestSender - Using pooled Channel '[id: 0x13c3d0a1, L:/127.0.0.1:60243 - R:localhost/127.0.0.1:12813]' for 'GET' to 'http://localhost:12813/session/930c68446927a4be21ff2af02f9625d4/url'
20:54:31.303 [Forwarding getCurrentUrl on session 930c68446927a4be21ff2af02f9625d4 to remote] DEBUG org.asynchttpclient.netty.request.NettyRequestSender - Using open Channel [id: 0x13c3d0a1, L:/127.0.0.1:60243 - R:localhost/127.0.0.1:12813] for GET '/session/930c68446927a4be21ff2af02f9625d4/url'
20:54:31.307 [AsyncHttpClient-1-2] DEBUG org.asynchttpclient.netty.handler.HttpHandler - 

Request DefaultFullHttpRequest(decodeResult: success, version: HTTP/1.1, content: EmptyByteBufBE)
GET /session/930c68446927a4be21ff2af02f9625d4/url HTTP/1.1
User-Agent: selenium/4.8.1 (java windows)
Cache-Control: no-cache
Content-Type: application/json; charset=utf-8
host: localhost:12813
accept: */*

Response DefaultHttpResponse(decodeResult: success, version: HTTP/1.1)
HTTP/1.1 200 OK
Content-Length: 42
Content-Type: application/json; charset=utf-8
cache-control: no-cache

20:54:31.307 [AsyncHttpClient-1-2] DEBUG org.asynchttpclient.netty.channel.ChannelManager - Adding key: http://localhost:12813 for channel [id: 0x13c3d0a1, L:/127.0.0.1:60243 - R:localhost/127.0.0.1:12813]
20:54:31.311 [main] DEBUG net.thucydides.core.steps.StepInterceptor - STARTING STEP: LoginSteps.i_will_successfully_redirect_to_homepage - checkHomeButtonExist
20:54:31.317 [Forwarding findElement on session 930c68446927a4be21ff2af02f9625d4 to remote] DEBUG org.asynchttpclient.netty.request.NettyRequestSender - Using pooled Channel '[id: 0x13c3d0a1, L:/127.0.0.1:60243 - R:localhost/127.0.0.1:12813]' for 'POST' to 'http://localhost:12813/session/930c68446927a4be21ff2af02f9625d4/element'
20:54:31.317 [Forwarding findElement on session 930c68446927a4be21ff2af02f9625d4 to remote] DEBUG org.asynchttpclient.netty.request.NettyRequestSender - Using open Channel [id: 0x13c3d0a1, L:/127.0.0.1:60243 - R:localhost/127.0.0.1:12813] for POST '/session/930c68446927a4be21ff2af02f9625d4/element'
20:54:31.470 [AsyncHttpClient-1-1] DEBUG org.asynchttpclient.netty.channel.DefaultChannelPool - Entry count for : http://localhost:60244 : 1
20:54:32.570 [AsyncHttpClient-1-1] DEBUG org.asynchttpclient.netty.channel.DefaultChannelPool - Entry count for : http://localhost:60244 : 1
20:54:33.324 [AsyncHttpClient-1-2] DEBUG org.asynchttpclient.netty.handler.HttpHandler - 

Request DefaultHttpRequest(decodeResult: success, version: HTTP/1.1)
POST /session/930c68446927a4be21ff2af02f9625d4/element HTTP/1.1
User-Agent: selenium/4.8.1 (java windows)
Content-Length: 80
Content-Type: application/json; charset=utf-8
host: localhost:12813
accept: */*

Response DefaultHttpResponse(decodeResult: success, version: HTTP/1.1)
HTTP/1.1 404 Not Found
Content-Length: 959
Content-Type: application/json; charset=utf-8
cache-control: no-cache

20:54:33.325 [AsyncHttpClient-1-2] DEBUG org.asynchttpclient.netty.channel.ChannelManager - Adding key: http://localhost:12813 for channel [id: 0x13c3d0a1, L:/127.0.0.1:60243 - R:localhost/127.0.0.1:12813]
20:54:33.430 [Forwarding findElement on session 930c68446927a4be21ff2af02f9625d4 to remote] DEBUG org.asynchttpclient.netty.request.NettyRequestSender - Using pooled Channel '[id: 0x13c3d0a1, L:/127.0.0.1:60243 - R:localhost/127.0.0.1:12813]' for 'POST' to 'http://localhost:12813/session/930c68446927a4be21ff2af02f9625d4/element'
20:54:33.430 [Forwarding findElement on session 930c68446927a4be21ff2af02f9625d4 to remote] DEBUG org.asynchttpclient.netty.request.NettyRequestSender - Using open Channel [id: 0x13c3d0a1, L:/127.0.0.1:60243 - R:localhost/127.0.0.1:12813] for POST '/session/930c68446927a4be21ff2af02f9625d4/element'
20:54:33.670 [AsyncHttpClient-1-1] DEBUG org.asynchttpclient.netty.channel.DefaultChannelPool - Entry count for : http://localhost:60244 : 1
20:54:33.913 [AsyncHttpClient-1-2] DEBUG org.asynchttpclient.netty.handler.HttpHandler - 

Request DefaultHttpRequest(decodeResult: success, version: HTTP/1.1)
POST /session/930c68446927a4be21ff2af02f9625d4/element HTTP/1.1
User-Agent: selenium/4.8.1 (java windows)
Content-Length: 80
Content-Type: application/json; charset=utf-8
host: localhost:12813
accept: */*

Response DefaultHttpResponse(decodeResult: success, version: HTTP/1.1)
HTTP/1.1 200 OK
Content-Length: 88
Content-Type: application/json; charset=utf-8
cache-control: no-cache

20:54:33.913 [AsyncHttpClient-1-2] DEBUG org.asynchttpclient.netty.channel.ChannelManager - Adding key: http://localhost:12813 for channel [id: 0x13c3d0a1, L:/127.0.0.1:60243 - R:localhost/127.0.0.1:12813]
20:54:33.918 [Forwarding isElementDisplayed on session 930c68446927a4be21ff2af02f9625d4 to remote] DEBUG org.asynchttpclient.netty.request.NettyRequestSender - Using pooled Channel '[id: 0x13c3d0a1, L:/127.0.0.1:60243 - R:localhost/127.0.0.1:12813]' for 'POST' to 'http://localhost:12813/session/930c68446927a4be21ff2af02f9625d4/execute/sync'
20:54:33.918 [Forwarding isElementDisplayed on session 930c68446927a4be21ff2af02f9625d4 to remote] DEBUG org.asynchttpclient.netty.request.NettyRequestSender - Using open Channel [id: 0x13c3d0a1, L:/127.0.0.1:60243 - R:localhost/127.0.0.1:12813] for POST '/session/930c68446927a4be21ff2af02f9625d4/execute/sync'
20:54:33.948 [AsyncHttpClient-1-2] DEBUG org.asynchttpclient.netty.handler.HttpHandler - 

Request DefaultHttpRequest(decodeResult: success, version: HTTP/1.1)
POST /session/930c68446927a4be21ff2af02f9625d4/execute/sync HTTP/1.1
User-Agent: selenium/4.8.1 (java windows)
Content-Length: 48807
Content-Type: application/json; charset=utf-8
host: localhost:12813
accept: */*

Response DefaultHttpResponse(decodeResult: success, version: HTTP/1.1)
HTTP/1.1 200 OK
Content-Length: 14
Content-Type: application/json; charset=utf-8
cache-control: no-cache

20:54:33.949 [AsyncHttpClient-1-2] DEBUG org.asynchttpclient.netty.channel.ChannelManager - Adding key: http://localhost:12813 for channel [id: 0x13c3d0a1, L:/127.0.0.1:60243 - R:localhost/127.0.0.1:12813]
20:54:33.957 [Forwarding getAlertText on session 930c68446927a4be21ff2af02f9625d4 to remote] DEBUG org.asynchttpclient.netty.request.NettyRequestSender - Using pooled Channel '[id: 0x13c3d0a1, L:/127.0.0.1:60243 - R:localhost/127.0.0.1:12813]' for 'GET' to 'http://localhost:12813/session/930c68446927a4be21ff2af02f9625d4/alert/text'
20:54:33.957 [Forwarding getAlertText on session 930c68446927a4be21ff2af02f9625d4 to remote] DEBUG org.asynchttpclient.netty.request.NettyRequestSender - Using open Channel [id: 0x13c3d0a1, L:/127.0.0.1:60243 - R:localhost/127.0.0.1:12813] for GET '/session/930c68446927a4be21ff2af02f9625d4/alert/text'
20:54:33.959 [AsyncHttpClient-1-2] DEBUG org.asynchttpclient.netty.handler.HttpHandler - 

Request DefaultFullHttpRequest(decodeResult: success, version: HTTP/1.1, content: EmptyByteBufBE)
GET /session/930c68446927a4be21ff2af02f9625d4/alert/text HTTP/1.1
User-Agent: selenium/4.8.1 (java windows)
Cache-Control: no-cache
Content-Type: application/json; charset=utf-8
host: localhost:12813
accept: */*

Response DefaultHttpResponse(decodeResult: success, version: HTTP/1.1)
HTTP/1.1 404 Not Found
Content-Length: 816
Content-Type: application/json; charset=utf-8
cache-control: no-cache

20:54:33.959 [AsyncHttpClient-1-2] DEBUG org.asynchttpclient.netty.channel.ChannelManager - Adding key: http://localhost:12813 for channel [id: 0x13c3d0a1, L:/127.0.0.1:60243 - R:localhost/127.0.0.1:12813]
20:54:33.961 [Forwarding getCurrentUrl on session 930c68446927a4be21ff2af02f9625d4 to remote] DEBUG org.asynchttpclient.netty.request.NettyRequestSender - Using pooled Channel '[id: 0x13c3d0a1, L:/127.0.0.1:60243 - R:localhost/127.0.0.1:12813]' for 'GET' to 'http://localhost:12813/session/930c68446927a4be21ff2af02f9625d4/url'
20:54:33.961 [Forwarding getCurrentUrl on session 930c68446927a4be21ff2af02f9625d4 to remote] DEBUG org.asynchttpclient.netty.request.NettyRequestSender - Using open Channel [id: 0x13c3d0a1, L:/127.0.0.1:60243 - R:localhost/127.0.0.1:12813] for GET '/session/930c68446927a4be21ff2af02f9625d4/url'
20:54:33.964 [AsyncHttpClient-1-2] DEBUG org.asynchttpclient.netty.handler.HttpHandler - 

Request DefaultFullHttpRequest(decodeResult: success, version: HTTP/1.1, content: EmptyByteBufBE)
GET /session/930c68446927a4be21ff2af02f9625d4/url HTTP/1.1
User-Agent: selenium/4.8.1 (java windows)
Cache-Control: no-cache
Content-Type: application/json; charset=utf-8
host: localhost:12813
accept: */*

Response DefaultHttpResponse(decodeResult: success, version: HTTP/1.1)
HTTP/1.1 200 OK
Content-Length: 36
Content-Type: application/json; charset=utf-8
cache-control: no-cache

20:54:33.964 [AsyncHttpClient-1-2] DEBUG org.asynchttpclient.netty.channel.ChannelManager - Adding key: http://localhost:12813 for channel [id: 0x13c3d0a1, L:/127.0.0.1:60243 - R:localhost/127.0.0.1:12813]
20:54:33.966 [Forwarding screenshot on session 930c68446927a4be21ff2af02f9625d4 to remote] DEBUG org.asynchttpclient.netty.request.NettyRequestSender - Using pooled Channel '[id: 0x13c3d0a1, L:/127.0.0.1:60243 - R:localhost/127.0.0.1:12813]' for 'GET' to 'http://localhost:12813/session/930c68446927a4be21ff2af02f9625d4/screenshot'
20:54:33.966 [Forwarding screenshot on session 930c68446927a4be21ff2af02f9625d4 to remote] DEBUG org.asynchttpclient.netty.request.NettyRequestSender - Using open Channel [id: 0x13c3d0a1, L:/127.0.0.1:60243 - R:localhost/127.0.0.1:12813] for GET '/session/930c68446927a4be21ff2af02f9625d4/screenshot'
20:54:34.178 [AsyncHttpClient-1-2] DEBUG org.asynchttpclient.netty.handler.HttpHandler - 

Request DefaultFullHttpRequest(decodeResult: success, version: HTTP/1.1, content: EmptyByteBufBE)
GET /session/930c68446927a4be21ff2af02f9625d4/screenshot HTTP/1.1
User-Agent: selenium/4.8.1 (java windows)
Cache-Control: no-cache
Content-Type: application/json; charset=utf-8
host: localhost:12813
accept: */*

Response DefaultHttpResponse(decodeResult: success, version: HTTP/1.1)
HTTP/1.1 200 OK
Content-Length: 26292
Content-Type: application/json; charset=utf-8
cache-control: no-cache

20:54:34.179 [AsyncHttpClient-1-2] DEBUG org.asynchttpclient.netty.channel.ChannelManager - Adding key: http://localhost:12813 for channel [id: 0x13c3d0a1, L:/127.0.0.1:60243 - R:localhost/127.0.0.1:12813]
20:54:34.181 [main] DEBUG net.serenitybdd.core.photography.Darkroom - Send negative for processing for target\site\serenity\bc8323fa421dde9022f61380cfc89ba9d220bf1bc6a3b2e7a5d13fb0b5169c23.png
20:54:34.181 [main] DEBUG net.thucydides.core.steps.StepInterceptor - STEP DONE: checkHomeButtonExist
20:54:34.181 [Darkroom Processing Line] DEBUG net.serenitybdd.core.photography.DarkroomProcessingLine - Processing screenshot image in /var/screenshots/screenshot-12568653302913884528
20:54:34.181 [Darkroom Processing Line] DEBUG net.serenitybdd.core.photography.DarkroomProcessingLine - Saving screenshot to target\site\serenity\bc8323fa421dde9022f61380cfc89ba9d220bf1bc6a3b2e7a5d13fb0b5169c23.png
  &amp#27;[32mThen &amp#27;[0m&amp#27;[32mI will successfully redirect to homepage&amp#27;[0m                                 &amp#27;[90m# starter.stepDefinitions.LoginSteps.i_will_successfully_redirect_to_homepage()&amp#27;[0m
20:54:34.264 [Driver Command Executor] DEBUG org.asynchttpclient.netty.request.NettyRequestSender - Using pooled Channel '[id: 0x13c3d0a1, L:/127.0.0.1:60243 - R:localhost/127.0.0.1:12813]' for 'DELETE' to 'http://localhost:12813/session/930c68446927a4be21ff2af02f9625d4'
20:54:34.264 [Driver Command Executor] DEBUG org.asynchttpclient.netty.request.NettyRequestSender - Using open Channel [id: 0x13c3d0a1, L:/127.0.0.1:60243 - R:localhost/127.0.0.1:12813] for DELETE '/session/930c68446927a4be21ff2af02f9625d4'
20:54:34.331 [AsyncHttpClient-1-3] DEBUG org.asynchttpclient.netty.handler.HttpHandler - Unexpected I/O exception on channel [id: 0x74dfe66b, L:/127.0.0.1:60251 - R:localhost/127.0.0.1:60244]
java.net.SocketException: Connection reset
	at java.base/sun.nio.ch.SocketChannelImpl.throwConnectionReset(SocketChannelImpl.java:401)
	at java.base/sun.nio.ch.SocketChannelImpl.read(SocketChannelImpl.java:434)
	at io.netty.buffer.PooledByteBuf.setBytes(PooledByteBuf.java:259)
	at io.netty.buffer.AbstractByteBuf.writeBytes(AbstractByteBuf.java:1132)
	at io.netty.channel.socket.nio.NioSocketChannel.doReadBytes(NioSocketChannel.java:357)
	at io.netty.channel.nio.AbstractNioByteChannel$NioByteUnsafe.read(AbstractNioByteChannel.java:151)
	at io.netty.channel.nio.NioEventLoop.processSelectedKey(NioEventLoop.java:788)
	at io.netty.channel.nio.NioEventLoop.processSelectedKeysOptimized(NioEventLoop.java:724)
	at io.netty.channel.nio.NioEventLoop.processSelectedKeys(NioEventLoop.java:650)
	at io.netty.channel.nio.NioEventLoop.run(NioEventLoop.java:562)
	at io.netty.util.concurrent.SingleThreadEventExecutor$4.run(SingleThreadEventExecutor.java:997)
	at io.netty.util.internal.ThreadExecutorMap$2.run(ThreadExecutorMap.java:74)
	at io.netty.util.concurrent.FastThreadLocalRunnable.run(FastThreadLocalRunnable.java:30)
	at java.base/java.lang.Thread.run(Thread.java:1589)
20:54:34.331 [AsyncHttpClient-1-4] DEBUG org.asynchttpclient.netty.handler.WebSocketHandler - Unexpected I/O exception on channel [id: 0x053f290a, L:/127.0.0.1:60252 - R:localhost/127.0.0.1:60244]
java.net.SocketException: Connection reset
	at java.base/sun.nio.ch.SocketChannelImpl.throwConnectionReset(SocketChannelImpl.java:401)
	at java.base/sun.nio.ch.SocketChannelImpl.read(SocketChannelImpl.java:434)
	at io.netty.buffer.PooledByteBuf.setBytes(PooledByteBuf.java:259)
	at io.netty.buffer.AbstractByteBuf.writeBytes(AbstractByteBuf.java:1132)
	at io.netty.channel.socket.nio.NioSocketChannel.doReadBytes(NioSocketChannel.java:357)
	at io.netty.channel.nio.AbstractNioByteChannel$NioByteUnsafe.read(AbstractNioByteChannel.java:151)
	at io.netty.channel.nio.NioEventLoop.processSelectedKey(NioEventLoop.java:788)
	at io.netty.channel.nio.NioEventLoop.processSelectedKeysOptimized(NioEventLoop.java:724)
	at io.netty.channel.nio.NioEventLoop.processSelectedKeys(NioEventLoop.java:650)
	at io.netty.channel.nio.NioEventLoop.run(NioEventLoop.java:562)
	at io.netty.util.concurrent.SingleThreadEventExecutor$4.run(SingleThreadEventExecutor.java:997)
	at io.netty.util.internal.ThreadExecutorMap$2.run(ThreadExecutorMap.java:74)
	at io.netty.util.concurrent.FastThreadLocalRunnable.run(FastThreadLocalRunnable.java:30)
	at java.base/java.lang.Thread.run(Thread.java:1589)
20:54:34.331 [AsyncHttpClient-1-3] DEBUG org.asynchttpclient.netty.channel.ChannelManager - Closing Channel [id: 0x74dfe66b, L:/127.0.0.1:60251 - R:localhost/127.0.0.1:60244] 
20:54:34.332 [AsyncHttpClient-1-4] DEBUG org.asynchttpclient.netty.handler.WebSocketHandler - Was unable to recover Future: NettyResponseFuture{currentRetry=0,
	isDone=1,
	isCancelled=0,
	asyncHandler=org.asynchttpclient.ws.WebSocketUpgradeHandler@82f3010,
	nettyRequest=org.asynchttpclient.netty.request.NettyRequest@277e6752,
	future=java.util.concurrent.CompletableFuture@5c28e876[Completed normally],
	uri=ws://localhost:60244/devtools/browser/1a0b6f75-63d7-4513-b018-adc0d31a20cf,
	keepAlive=true,
	redirectCount=0,
	timeoutsHolder=null,
	inAuth=0,
	touch=1680616474331}
20:54:34.332 [AsyncHttpClient-1-4] DEBUG org.asynchttpclient.netty.channel.ChannelManager - Closing Channel [id: 0x053f290a, L:/127.0.0.1:60252 - R:localhost/127.0.0.1:60244] 
20:54:34.333 [AsyncHttpClient-1-4] WARN org.asynchttpclient.netty.handler.WebSocketHandler - onError
java.net.SocketException: Connection reset
	at java.base/sun.nio.ch.SocketChannelImpl.throwConnectionReset(SocketChannelImpl.java:401)
	at java.base/sun.nio.ch.SocketChannelImpl.read(SocketChannelImpl.java:434)
	at io.netty.buffer.PooledByteBuf.setBytes(PooledByteBuf.java:259)
	at io.netty.buffer.AbstractByteBuf.writeBytes(AbstractByteBuf.java:1132)
	at io.netty.channel.socket.nio.NioSocketChannel.doReadBytes(NioSocketChannel.java:357)
	at io.netty.channel.nio.AbstractNioByteChannel$NioByteUnsafe.read(AbstractNioByteChannel.java:151)
	at io.netty.channel.nio.NioEventLoop.processSelectedKey(NioEventLoop.java:788)
	at io.netty.channel.nio.NioEventLoop.processSelectedKeysOptimized(NioEventLoop.java:724)
	at io.netty.channel.nio.NioEventLoop.processSelectedKeys(NioEventLoop.java:650)
	at io.netty.channel.nio.NioEventLoop.run(NioEventLoop.java:562)
	at io.netty.util.concurrent.SingleThreadEventExecutor$4.run(SingleThreadEventExecutor.java:997)
	at io.netty.util.internal.ThreadExecutorMap$2.run(ThreadExecutorMap.java:74)
	at io.netty.util.concurrent.FastThreadLocalRunnable.run(FastThreadLocalRunnable.java:30)
	at java.base/java.lang.Thread.run(Thread.java:1589)
20:54:34.334 [AsyncHttpClient-1-3] DEBUG org.asynchttpclient.netty.handler.HttpHandler - Channel Closed: [id: 0x74dfe66b, L:/127.0.0.1:60251 ! R:localhost/127.0.0.1:60244] with attribute DISCARD
20:54:34.335 [AsyncHttpClient-1-4] DEBUG org.asynchttpclient.netty.channel.ChannelManager - Closing Channel [id: 0x053f290a, L:/127.0.0.1:60252 ! R:localhost/127.0.0.1:60244] 
20:54:34.335 [AsyncHttpClient-1-4] DEBUG org.asynchttpclient.netty.handler.WebSocketHandler - Channel Closed: [id: 0x053f290a, L:/127.0.0.1:60252 ! R:localhost/127.0.0.1:60244] with attribute DISCARD
20:54:34.348 [AsyncHttpClient-1-2] DEBUG org.asynchttpclient.netty.handler.HttpHandler - 

Request DefaultFullHttpRequest(decodeResult: success, version: HTTP/1.1, content: EmptyByteBufBE)
DELETE /session/930c68446927a4be21ff2af02f9625d4 HTTP/1.1
User-Agent: selenium/4.8.1 (java windows)
Content-Type: application/json; charset=utf-8
host: localhost:12813
accept: */*

Response DefaultHttpResponse(decodeResult: success, version: HTTP/1.1)
HTTP/1.1 200 OK
Content-Length: 14
Content-Type: application/json; charset=utf-8
cache-control: no-cache

20:54:34.348 [AsyncHttpClient-1-2] DEBUG org.asynchttpclient.netty.channel.ChannelManager - Adding key: http://localhost:12813 for channel [id: 0x13c3d0a1, L:/127.0.0.1:60243 - R:localhost/127.0.0.1:12813]
20:54:34.418 [AsyncHttpClient-1-2] DEBUG org.asynchttpclient.netty.handler.HttpHandler - Channel Closed: [id: 0x13c3d0a1, L:/127.0.0.1:60243 ! R:localhost/127.0.0.1:12813] with attribute DISCARD
20:54:34.510 [main] INFO  - 
  _____   ___   ___   _____     ___     _     ___   ___   ___   ___  
 |_   _| | __| / __| |_   _|   | _ \   /_\   / __| / __| | __| |   \ 
   | |   | _|  \__ \   | |     |  _/  / _ \  \__ \ \__ \ | _|  | |) |
   |_|   |___| |___/   |_|     |_|   /_/ \_\ |___/ |___/ |___| |___/ 

As a registered user i want to be able to login
----------------------------------------------------------------------
]]></system-out>
    <system-err><![CDATA[Starting ChromeDriver 111.0.5563.64 (c710e93d5b63b7095afe8c2c17df34408078439d-refs/branch-heads/5563@{#995}) on port 12813
Only local connections are allowed.
Please see https://chromedriver.chromium.org/security-considerations for suggestions on keeping ChromeDriver safe.
ChromeDriver was started successfully.
Apr 04, 2023 8:54:28 PM org.openqa.selenium.devtools.CdpVersionFinder findNearestMatch
WARNING: Unable to find an exact match for CDP version 111, so returning the closest version found: 110
Apr 04, 2023 8:54:34 PM org.openqa.selenium.remote.http.WebSocket$Listener onError
WARNING: Connection reset
java.net.SocketException: Connection reset
	at java.base/sun.nio.ch.SocketChannelImpl.throwConnectionReset(SocketChannelImpl.java:401)
	at java.base/sun.nio.ch.SocketChannelImpl.read(SocketChannelImpl.java:434)
	at io.netty.buffer.PooledByteBuf.setBytes(PooledByteBuf.java:259)
	at io.netty.buffer.AbstractByteBuf.writeBytes(AbstractByteBuf.java:1132)
	at io.netty.channel.socket.nio.NioSocketChannel.doReadBytes(NioSocketChannel.java:357)
	at io.netty.channel.nio.AbstractNioByteChannel$NioByteUnsafe.read(AbstractNioByteChannel.java:151)
	at io.netty.channel.nio.NioEventLoop.processSelectedKey(NioEventLoop.java:788)
	at io.netty.channel.nio.NioEventLoop.processSelectedKeysOptimized(NioEventLoop.java:724)
	at io.netty.channel.nio.NioEventLoop.processSelectedKeys(NioEventLoop.java:650)
	at io.netty.channel.nio.NioEventLoop.run(NioEventLoop.java:562)
	at io.netty.util.concurrent.SingleThreadEventExecutor$4.run(SingleThreadEventExecutor.java:997)
	at io.netty.util.internal.ThreadExecutorMap$2.run(ThreadExecutorMap.java:74)
	at io.netty.util.concurrent.FastThreadLocalRunnable.run(FastThreadLocalRunnable.java:30)
	at java.base/java.lang.Thread.run(Thread.java:1589)

]]></system-err>
  </testcase>
  <testcase name="As a non registered user i want to try login with invalid credentials #1" classname="login" time="5.497">
    <system-out><![CDATA[
@login
Scenario Outline: As a non registered user i want to try login with invalid credentials &amp#27;[90m# src/test/resources/features/Login.feature:20&amp#27;[0m
20:54:34.523 [main] DEBUG io.cucumber.core.plugin.SerenityReporter - Running feature from file:///C:/Users/TrisetioPutra/Documents/serenity_sauce/serenity-sepulsa/src/test/resources/features/Login.feature
20:54:34.527 [main] INFO  - 
  _____   ___   ___   _____     ___   _____     _     ___   _____   ___   ___  
 |_   _| | __| / __| |_   _|   / __| |_   _|   /_\   | _ \ |_   _| | __| |   \ 
   | |   | _|  \__ \   | |     \__ \   | |    / _ \  |   /   | |   | _|  | |) |
   |_|   |___| |___/   |_|     |___/   |_|   /_/ \_\ |_|_\   |_|   |___| |___/ 

As a non registered user i want to try login with invalid credentials(login;as-a-non-registered-user-i-want-to-try-login-with-invalid-credentials)
--------------------------------------------------------------------------------
20:54:34.619 [main] INFO net.serenitybdd.core.webdriver.driverproviders.ChromeDriverProvider - Starting Chrome driver instance with capabilities:
20:54:34.619 [main] INFO net.serenitybdd.core.webdriver.driverproviders.ChromeDriverProvider - Capabilities {acceptInsecureCerts: true, browserName: chrome, goog:chromeOptions: {args: [remote-allow-origins=*, test-type, no-sandbox, ignore-certificate-errors, --window-size=1000,800, incognito, disable-infobars, disable-gpu, disable-default-apps, disable-popup-blocking, remote-allow-origins=*, test-type, no-sandbox, ignore-certificate-errors, --window-size=1000,800, incognito, disable-infobars, disable-gpu, disable-default-apps, disable-popup-blocking, remote-allow-origins=*], extensions: []}}
20:54:34.719 [AsyncHttpClient-1-5] DEBUG org.asynchttpclient.netty.channel.NettyConnectListener - Using new Channel '[id: 0xe2f50400, L:/127.0.0.1:60286 - R:localhost/127.0.0.1:38989]' for 'POST' to '/session'
20:54:34.771 [AsyncHttpClient-1-1] DEBUG org.asynchttpclient.netty.channel.DefaultChannelPool - Entry count for : http://localhost:60244 : 1
20:54:34.771 [AsyncHttpClient-1-1] DEBUG org.asynchttpclient.netty.channel.DefaultChannelPool - Entry count for : http://localhost:12813 : 1
20:54:34.771 [AsyncHttpClient-1-1] DEBUG org.asynchttpclient.netty.channel.DefaultChannelPool - Adding Candidate expired Channel [id: 0x74dfe66b, L:/127.0.0.1:60251 ! R:localhost/127.0.0.1:60244] isIdleTimeoutExpired=false isRemotelyClosed=true isTtlExpired=false
20:54:34.771 [AsyncHttpClient-1-1] DEBUG org.asynchttpclient.netty.channel.DefaultChannelPool - Closing Idle Channel [id: 0x74dfe66b, L:/127.0.0.1:60251 ! R:localhost/127.0.0.1:60244]
20:54:34.771 [AsyncHttpClient-1-1] DEBUG org.asynchttpclient.netty.channel.DefaultChannelPool - Adding Candidate expired Channel [id: 0x13c3d0a1, L:/127.0.0.1:60243 ! R:localhost/127.0.0.1:12813] isIdleTimeoutExpired=false isRemotelyClosed=true isTtlExpired=false
20:54:34.771 [AsyncHttpClient-1-1] DEBUG org.asynchttpclient.netty.channel.DefaultChannelPool - Closing Idle Channel [id: 0x13c3d0a1, L:/127.0.0.1:60243 ! R:localhost/127.0.0.1:12813]
20:54:34.771 [AsyncHttpClient-1-1] DEBUG org.asynchttpclient.netty.channel.DefaultChannelPool - Closed 2 connections out of 2 in 0 ms
20:54:35.320 [AsyncHttpClient-1-5] DEBUG org.asynchttpclient.netty.handler.HttpHandler - 

Request DefaultHttpRequest(decodeResult: success, version: HTTP/1.1)
POST /session HTTP/1.1
User-Agent: selenium/4.8.1 (java windows)
Content-Length: 1729
Content-Type: application/json; charset=utf-8
host: localhost:38989
accept: */*

Response DefaultHttpResponse(decodeResult: success, version: HTTP/1.1)
HTTP/1.1 200 OK
Content-Length: 862
Content-Type: application/json; charset=utf-8
cache-control: no-cache

20:54:35.320 [AsyncHttpClient-1-5] DEBUG org.asynchttpclient.netty.channel.ChannelManager - Adding key: http://localhost:38989 for channel [id: 0xe2f50400, L:/127.0.0.1:60286 - R:localhost/127.0.0.1:38989]
20:54:35.328 [AsyncHttpClient-1-6] DEBUG org.asynchttpclient.netty.channel.NettyConnectListener - Using new Channel '[id: 0xa5f72ace, L:/127.0.0.1:60295 - R:localhost/127.0.0.1:60287]' for 'GET' to '/json/version'
20:54:35.331 [AsyncHttpClient-1-6] DEBUG org.asynchttpclient.netty.handler.HttpHandler - 

Request DefaultFullHttpRequest(decodeResult: success, version: HTTP/1.1, content: EmptyByteBufBE)
GET /json/version HTTP/1.1
User-Agent: selenium/4.8.1 (java windows)
host: localhost:60287
accept: */*

Response DefaultHttpResponse(decodeResult: success, version: HTTP/1.1)
HTTP/1.1 200 OK
Content-Security-Policy: frame-ancestors 'none'
Content-Length: 424
Content-Type: application/json; charset=UTF-8

20:54:35.331 [AsyncHttpClient-1-6] DEBUG org.asynchttpclient.netty.channel.ChannelManager - Adding key: http://localhost:60287 for channel [id: 0xa5f72ace, L:/127.0.0.1:60295 - R:localhost/127.0.0.1:60287]
20:54:35.334 [AsyncHttpClient-1-7] DEBUG org.asynchttpclient.netty.channel.NettyConnectListener - Using new Channel '[id: 0xf39235aa, L:/127.0.0.1:60296 - R:localhost/127.0.0.1:60287]' for 'GET' to '/devtools/browser/d6d7cec3-c5d7-4167-a06f-6ef4ede85e53'
20:54:35.336 [AsyncHttpClient-1-7] DEBUG org.asynchttpclient.netty.handler.WebSocketHandler - 

Request DefaultFullHttpRequest(decodeResult: success, version: HTTP/1.1, content: EmptyByteBufBE)
GET /devtools/browser/d6d7cec3-c5d7-4167-a06f-6ef4ede85e53 HTTP/1.1
upgrade: websocket
connection: upgrade
sec-websocket-key: iHkf480YCn6yULWo9f+pjA==
sec-websocket-version: 13
origin: http://localhost:60287
host: localhost:60287
accept: */*
user-agent: AHC/2.1

Response DefaultHttpResponse(decodeResult: success, version: HTTP/1.1)
HTTP/1.1 101 WebSocket Protocol Handshake
Upgrade: WebSocket
Connection: Upgrade
Sec-WebSocket-Accept: aDhatWiXx9iMyYB9rPvYutVxiLw=

20:54:35.341 [Forwarding get on session f83bf6acb7c55a221094b7107128ff28 to remote] DEBUG org.asynchttpclient.netty.request.NettyRequestSender - Using pooled Channel '[id: 0xe2f50400, L:/127.0.0.1:60286 - R:localhost/127.0.0.1:38989]' for 'POST' to 'http://localhost:38989/session/f83bf6acb7c55a221094b7107128ff28/url'
20:54:35.341 [Forwarding get on session f83bf6acb7c55a221094b7107128ff28 to remote] DEBUG org.asynchttpclient.netty.request.NettyRequestSender - Using open Channel [id: 0xe2f50400, L:/127.0.0.1:60286 - R:localhost/127.0.0.1:38989] for POST '/session/f83bf6acb7c55a221094b7107128ff28/url'
20:54:35.868 [AsyncHttpClient-1-1] DEBUG org.asynchttpclient.netty.channel.DefaultChannelPool - Entry count for : http://localhost:60287 : 1
20:54:36.250 [AsyncHttpClient-1-5] DEBUG org.asynchttpclient.netty.handler.HttpHandler - 

Request DefaultHttpRequest(decodeResult: success, version: HTTP/1.1)
POST /session/f83bf6acb7c55a221094b7107128ff28/url HTTP/1.1
User-Agent: selenium/4.8.1 (java windows)
Content-Length: 60
Content-Type: application/json; charset=utf-8
host: localhost:38989
accept: */*

Response DefaultHttpResponse(decodeResult: success, version: HTTP/1.1)
HTTP/1.1 200 OK
Content-Length: 14
Content-Type: application/json; charset=utf-8
cache-control: no-cache

20:54:36.250 [AsyncHttpClient-1-5] DEBUG org.asynchttpclient.netty.channel.ChannelManager - Adding key: http://localhost:38989 for channel [id: 0xe2f50400, L:/127.0.0.1:60286 - R:localhost/127.0.0.1:38989]
20:54:36.252 [Forwarding setTimeout on session f83bf6acb7c55a221094b7107128ff28 to remote] DEBUG org.asynchttpclient.netty.request.NettyRequestSender - Using pooled Channel '[id: 0xe2f50400, L:/127.0.0.1:60286 - R:localhost/127.0.0.1:38989]' for 'POST' to 'http://localhost:38989/session/f83bf6acb7c55a221094b7107128ff28/timeouts'
20:54:36.252 [Forwarding setTimeout on session f83bf6acb7c55a221094b7107128ff28 to remote] DEBUG org.asynchttpclient.netty.request.NettyRequestSender - Using open Channel [id: 0xe2f50400, L:/127.0.0.1:60286 - R:localhost/127.0.0.1:38989] for POST '/session/f83bf6acb7c55a221094b7107128ff28/timeouts'
20:54:36.255 [AsyncHttpClient-1-5] DEBUG org.asynchttpclient.netty.handler.HttpHandler - 

Request DefaultHttpRequest(decodeResult: success, version: HTTP/1.1)
POST /session/f83bf6acb7c55a221094b7107128ff28/timeouts HTTP/1.1
User-Agent: selenium/4.8.1 (java windows)
Content-Length: 22
Content-Type: application/json; charset=utf-8
host: localhost:38989
accept: */*

Response DefaultHttpResponse(decodeResult: success, version: HTTP/1.1)
HTTP/1.1 200 OK
Content-Length: 14
Content-Type: application/json; charset=utf-8
cache-control: no-cache

20:54:36.256 [AsyncHttpClient-1-5] DEBUG org.asynchttpclient.netty.channel.ChannelManager - Adding key: http://localhost:38989 for channel [id: 0xe2f50400, L:/127.0.0.1:60286 - R:localhost/127.0.0.1:38989]
20:54:36.262 [Forwarding findElement on session f83bf6acb7c55a221094b7107128ff28 to remote] DEBUG org.asynchttpclient.netty.request.NettyRequestSender - Using pooled Channel '[id: 0xe2f50400, L:/127.0.0.1:60286 - R:localhost/127.0.0.1:38989]' for 'POST' to 'http://localhost:38989/session/f83bf6acb7c55a221094b7107128ff28/element'
20:54:36.262 [Forwarding findElement on session f83bf6acb7c55a221094b7107128ff28 to remote] DEBUG org.asynchttpclient.netty.request.NettyRequestSender - Using open Channel [id: 0xe2f50400, L:/127.0.0.1:60286 - R:localhost/127.0.0.1:38989] for POST '/session/f83bf6acb7c55a221094b7107128ff28/element'
20:54:36.277 [AsyncHttpClient-1-5] DEBUG org.asynchttpclient.netty.handler.HttpHandler - 

Request DefaultHttpRequest(decodeResult: success, version: HTTP/1.1)
POST /session/f83bf6acb7c55a221094b7107128ff28/element HTTP/1.1
User-Agent: selenium/4.8.1 (java windows)
Content-Length: 60
Content-Type: application/json; charset=utf-8
host: localhost:38989
accept: */*

Response DefaultHttpResponse(decodeResult: success, version: HTTP/1.1)
HTTP/1.1 200 OK
Content-Length: 88
Content-Type: application/json; charset=utf-8
cache-control: no-cache

20:54:36.277 [AsyncHttpClient-1-5] DEBUG org.asynchttpclient.netty.channel.ChannelManager - Adding key: http://localhost:38989 for channel [id: 0xe2f50400, L:/127.0.0.1:60286 - R:localhost/127.0.0.1:38989]
20:54:36.282 [Forwarding isElementDisplayed on session f83bf6acb7c55a221094b7107128ff28 to remote] DEBUG org.asynchttpclient.netty.request.NettyRequestSender - Using pooled Channel '[id: 0xe2f50400, L:/127.0.0.1:60286 - R:localhost/127.0.0.1:38989]' for 'POST' to 'http://localhost:38989/session/f83bf6acb7c55a221094b7107128ff28/execute/sync'
20:54:36.282 [Forwarding isElementDisplayed on session f83bf6acb7c55a221094b7107128ff28 to remote] DEBUG org.asynchttpclient.netty.request.NettyRequestSender - Using open Channel [id: 0xe2f50400, L:/127.0.0.1:60286 - R:localhost/127.0.0.1:38989] for POST '/session/f83bf6acb7c55a221094b7107128ff28/execute/sync'
20:54:36.300 [AsyncHttpClient-1-5] DEBUG org.asynchttpclient.netty.handler.HttpHandler - 

Request DefaultHttpRequest(decodeResult: success, version: HTTP/1.1)
POST /session/f83bf6acb7c55a221094b7107128ff28/execute/sync HTTP/1.1
User-Agent: selenium/4.8.1 (java windows)
Content-Length: 48807
Content-Type: application/json; charset=utf-8
host: localhost:38989
accept: */*

Response DefaultHttpResponse(decodeResult: success, version: HTTP/1.1)
HTTP/1.1 200 OK
Content-Length: 14
Content-Type: application/json; charset=utf-8
cache-control: no-cache

20:54:36.301 [AsyncHttpClient-1-5] DEBUG org.asynchttpclient.netty.channel.ChannelManager - Adding key: http://localhost:38989 for channel [id: 0xe2f50400, L:/127.0.0.1:60286 - R:localhost/127.0.0.1:38989]
  &amp#27;[32mGiven &amp#27;[0m&amp#27;[32mI open sepulsa.com login page&amp#27;[0m                                                   &amp#27;[90m# starter.stepDefinitions.LoginSteps.onTheLoginPage()&amp#27;[0m
20:54:36.309 [Forwarding getAlertText on session f83bf6acb7c55a221094b7107128ff28 to remote] DEBUG org.asynchttpclient.netty.request.NettyRequestSender - Using pooled Channel '[id: 0xe2f50400, L:/127.0.0.1:60286 - R:localhost/127.0.0.1:38989]' for 'GET' to 'http://localhost:38989/session/f83bf6acb7c55a221094b7107128ff28/alert/text'
20:54:36.309 [Forwarding getAlertText on session f83bf6acb7c55a221094b7107128ff28 to remote] DEBUG org.asynchttpclient.netty.request.NettyRequestSender - Using open Channel [id: 0xe2f50400, L:/127.0.0.1:60286 - R:localhost/127.0.0.1:38989] for GET '/session/f83bf6acb7c55a221094b7107128ff28/alert/text'
20:54:36.311 [AsyncHttpClient-1-5] DEBUG org.asynchttpclient.netty.handler.HttpHandler - 

Request DefaultFullHttpRequest(decodeResult: success, version: HTTP/1.1, content: EmptyByteBufBE)
GET /session/f83bf6acb7c55a221094b7107128ff28/alert/text HTTP/1.1
User-Agent: selenium/4.8.1 (java windows)
Cache-Control: no-cache
Content-Type: application/json; charset=utf-8
host: localhost:38989
accept: */*

Response DefaultHttpResponse(decodeResult: success, version: HTTP/1.1)
HTTP/1.1 404 Not Found
Content-Length: 816
Content-Type: application/json; charset=utf-8
cache-control: no-cache

20:54:36.312 [AsyncHttpClient-1-5] DEBUG org.asynchttpclient.netty.channel.ChannelManager - Adding key: http://localhost:38989 for channel [id: 0xe2f50400, L:/127.0.0.1:60286 - R:localhost/127.0.0.1:38989]
20:54:36.314 [Forwarding getCurrentUrl on session f83bf6acb7c55a221094b7107128ff28 to remote] DEBUG org.asynchttpclient.netty.request.NettyRequestSender - Using pooled Channel '[id: 0xe2f50400, L:/127.0.0.1:60286 - R:localhost/127.0.0.1:38989]' for 'GET' to 'http://localhost:38989/session/f83bf6acb7c55a221094b7107128ff28/url'
20:54:36.314 [Forwarding getCurrentUrl on session f83bf6acb7c55a221094b7107128ff28 to remote] DEBUG org.asynchttpclient.netty.request.NettyRequestSender - Using open Channel [id: 0xe2f50400, L:/127.0.0.1:60286 - R:localhost/127.0.0.1:38989] for GET '/session/f83bf6acb7c55a221094b7107128ff28/url'
20:54:36.320 [AsyncHttpClient-1-5] DEBUG org.asynchttpclient.netty.handler.HttpHandler - 

Request DefaultFullHttpRequest(decodeResult: success, version: HTTP/1.1, content: EmptyByteBufBE)
GET /session/f83bf6acb7c55a221094b7107128ff28/url HTTP/1.1
User-Agent: selenium/4.8.1 (java windows)
Cache-Control: no-cache
Content-Type: application/json; charset=utf-8
host: localhost:38989
accept: */*

Response DefaultHttpResponse(decodeResult: success, version: HTTP/1.1)
HTTP/1.1 200 OK
Content-Length: 42
Content-Type: application/json; charset=utf-8
cache-control: no-cache

20:54:36.320 [AsyncHttpClient-1-5] DEBUG org.asynchttpclient.netty.channel.ChannelManager - Adding key: http://localhost:38989 for channel [id: 0xe2f50400, L:/127.0.0.1:60286 - R:localhost/127.0.0.1:38989]
20:54:36.321 [Forwarding screenshot on session f83bf6acb7c55a221094b7107128ff28 to remote] DEBUG org.asynchttpclient.netty.request.NettyRequestSender - Using pooled Channel '[id: 0xe2f50400, L:/127.0.0.1:60286 - R:localhost/127.0.0.1:38989]' for 'GET' to 'http://localhost:38989/session/f83bf6acb7c55a221094b7107128ff28/screenshot'
20:54:36.321 [Forwarding screenshot on session f83bf6acb7c55a221094b7107128ff28 to remote] DEBUG org.asynchttpclient.netty.request.NettyRequestSender - Using open Channel [id: 0xe2f50400, L:/127.0.0.1:60286 - R:localhost/127.0.0.1:38989] for GET '/session/f83bf6acb7c55a221094b7107128ff28/screenshot'
20:54:36.566 [AsyncHttpClient-1-5] DEBUG org.asynchttpclient.netty.handler.HttpHandler - 

Request DefaultFullHttpRequest(decodeResult: success, version: HTTP/1.1, content: EmptyByteBufBE)
GET /session/f83bf6acb7c55a221094b7107128ff28/screenshot HTTP/1.1
User-Agent: selenium/4.8.1 (java windows)
Cache-Control: no-cache
Content-Type: application/json; charset=utf-8
host: localhost:38989
accept: */*

Response DefaultHttpResponse(decodeResult: success, version: HTTP/1.1)
HTTP/1.1 200 OK
Content-Length: 388844
Content-Type: application/json; charset=utf-8
cache-control: no-cache

20:54:36.568 [AsyncHttpClient-1-5] DEBUG org.asynchttpclient.netty.channel.ChannelManager - Adding key: http://localhost:38989 for channel [id: 0xe2f50400, L:/127.0.0.1:60286 - R:localhost/127.0.0.1:38989]
20:54:36.581 [main] DEBUG net.serenitybdd.core.photography.Darkroom - Send negative for processing for target\site\serenity\23074d7b0f6fbb0160ca61e969d97bf2339a1ebcbf0ccf3dbb9a7cd8a50b4f4b.png
20:54:36.588 [Forwarding getPageSource on session f83bf6acb7c55a221094b7107128ff28 to remote] DEBUG org.asynchttpclient.netty.request.NettyRequestSender - Using pooled Channel '[id: 0xe2f50400, L:/127.0.0.1:60286 - R:localhost/127.0.0.1:38989]' for 'POST' to 'http://localhost:38989/session/f83bf6acb7c55a221094b7107128ff28/execute/sync'
20:54:36.588 [Forwarding getPageSource on session f83bf6acb7c55a221094b7107128ff28 to remote] DEBUG org.asynchttpclient.netty.request.NettyRequestSender - Using open Channel [id: 0xe2f50400, L:/127.0.0.1:60286 - R:localhost/127.0.0.1:38989] for POST '/session/f83bf6acb7c55a221094b7107128ff28/execute/sync'
20:54:36.598 [AsyncHttpClient-1-5] DEBUG org.asynchttpclient.netty.handler.HttpHandler - 

Request DefaultHttpRequest(decodeResult: success, version: HTTP/1.1)
POST /session/f83bf6acb7c55a221094b7107128ff28/execute/sync HTTP/1.1
User-Agent: selenium/4.8.1 (java windows)
Content-Length: 176
Content-Type: application/json; charset=utf-8
host: localhost:38989
accept: */*

Response DefaultHttpResponse(decodeResult: success, version: HTTP/1.1)
HTTP/1.1 200 OK
Content-Length: 113270
Content-Type: application/json; charset=utf-8
cache-control: no-cache

20:54:36.599 [AsyncHttpClient-1-5] DEBUG org.asynchttpclient.netty.channel.ChannelManager - Adding key: http://localhost:38989 for channel [id: 0xe2f50400, L:/127.0.0.1:60286 - R:localhost/127.0.0.1:38989]
20:54:36.610 [Forwarding getCurrentUrl on session f83bf6acb7c55a221094b7107128ff28 to remote] DEBUG org.asynchttpclient.netty.request.NettyRequestSender - Using pooled Channel '[id: 0xe2f50400, L:/127.0.0.1:60286 - R:localhost/127.0.0.1:38989]' for 'GET' to 'http://localhost:38989/session/f83bf6acb7c55a221094b7107128ff28/url'
20:54:36.610 [Forwarding getCurrentUrl on session f83bf6acb7c55a221094b7107128ff28 to remote] DEBUG org.asynchttpclient.netty.request.NettyRequestSender - Using open Channel [id: 0xe2f50400, L:/127.0.0.1:60286 - R:localhost/127.0.0.1:38989] for GET '/session/f83bf6acb7c55a221094b7107128ff28/url'
20:54:36.614 [AsyncHttpClient-1-5] DEBUG org.asynchttpclient.netty.handler.HttpHandler - 

Request DefaultFullHttpRequest(decodeResult: success, version: HTTP/1.1, content: EmptyByteBufBE)
GET /session/f83bf6acb7c55a221094b7107128ff28/url HTTP/1.1
User-Agent: selenium/4.8.1 (java windows)
Cache-Control: no-cache
Content-Type: application/json; charset=utf-8
host: localhost:38989
accept: */*

Response DefaultHttpResponse(decodeResult: success, version: HTTP/1.1)
HTTP/1.1 200 OK
Content-Length: 42
Content-Type: application/json; charset=utf-8
cache-control: no-cache

20:54:36.614 [AsyncHttpClient-1-5] DEBUG org.asynchttpclient.netty.channel.ChannelManager - Adding key: http://localhost:38989 for channel [id: 0xe2f50400, L:/127.0.0.1:60286 - R:localhost/127.0.0.1:38989]
20:54:36.621 [Forwarding findElement on session f83bf6acb7c55a221094b7107128ff28 to remote] DEBUG org.asynchttpclient.netty.request.NettyRequestSender - Using pooled Channel '[id: 0xe2f50400, L:/127.0.0.1:60286 - R:localhost/127.0.0.1:38989]' for 'POST' to 'http://localhost:38989/session/f83bf6acb7c55a221094b7107128ff28/element'
20:54:36.621 [Forwarding findElement on session f83bf6acb7c55a221094b7107128ff28 to remote] DEBUG org.asynchttpclient.netty.request.NettyRequestSender - Using open Channel [id: 0xe2f50400, L:/127.0.0.1:60286 - R:localhost/127.0.0.1:38989] for POST '/session/f83bf6acb7c55a221094b7107128ff28/element'
20:54:36.631 [AsyncHttpClient-1-5] DEBUG org.asynchttpclient.netty.handler.HttpHandler - 

Request DefaultHttpRequest(decodeResult: success, version: HTTP/1.1)
POST /session/f83bf6acb7c55a221094b7107128ff28/element HTTP/1.1
User-Agent: selenium/4.8.1 (java windows)
Content-Length: 50
Content-Type: application/json; charset=utf-8
host: localhost:38989
accept: */*

Response DefaultHttpResponse(decodeResult: success, version: HTTP/1.1)
HTTP/1.1 200 OK
Content-Length: 88
Content-Type: application/json; charset=utf-8
cache-control: no-cache

20:54:36.631 [AsyncHttpClient-1-5] DEBUG org.asynchttpclient.netty.channel.ChannelManager - Adding key: http://localhost:38989 for channel [id: 0xe2f50400, L:/127.0.0.1:60286 - R:localhost/127.0.0.1:38989]
20:54:36.633 [Forwarding clearElement on session f83bf6acb7c55a221094b7107128ff28 to remote] DEBUG org.asynchttpclient.netty.request.NettyRequestSender - Using pooled Channel '[id: 0xe2f50400, L:/127.0.0.1:60286 - R:localhost/127.0.0.1:38989]' for 'POST' to 'http://localhost:38989/session/f83bf6acb7c55a221094b7107128ff28/element/e52d1ec2-2323-46ad-8538-a45dcad89876/clear'
20:54:36.633 [Forwarding clearElement on session f83bf6acb7c55a221094b7107128ff28 to remote] DEBUG org.asynchttpclient.netty.request.NettyRequestSender - Using open Channel [id: 0xe2f50400, L:/127.0.0.1:60286 - R:localhost/127.0.0.1:38989] for POST '/session/f83bf6acb7c55a221094b7107128ff28/element/e52d1ec2-2323-46ad-8538-a45dcad89876/clear'
20:54:36.662 [AsyncHttpClient-1-5] DEBUG org.asynchttpclient.netty.handler.HttpHandler - 

Request DefaultHttpRequest(decodeResult: success, version: HTTP/1.1)
POST /session/f83bf6acb7c55a221094b7107128ff28/element/e52d1ec2-2323-46ad-8538-a45dcad89876/clear HTTP/1.1
User-Agent: selenium/4.8.1 (java windows)
Content-Length: 50
Content-Type: application/json; charset=utf-8
host: localhost:38989
accept: */*

Response DefaultHttpResponse(decodeResult: success, version: HTTP/1.1)
HTTP/1.1 200 OK
Content-Length: 14
Content-Type: application/json; charset=utf-8
cache-control: no-cache

20:54:36.663 [AsyncHttpClient-1-5] DEBUG org.asynchttpclient.netty.channel.ChannelManager - Adding key: http://localhost:38989 for channel [id: 0xe2f50400, L:/127.0.0.1:60286 - R:localhost/127.0.0.1:38989]
20:54:36.664 [Forwarding sendKeysToElement on session f83bf6acb7c55a221094b7107128ff28 to remote] DEBUG org.asynchttpclient.netty.request.NettyRequestSender - Using pooled Channel '[id: 0xe2f50400, L:/127.0.0.1:60286 - R:localhost/127.0.0.1:38989]' for 'POST' to 'http://localhost:38989/session/f83bf6acb7c55a221094b7107128ff28/element/e52d1ec2-2323-46ad-8538-a45dcad89876/value'
20:54:36.665 [Forwarding sendKeysToElement on session f83bf6acb7c55a221094b7107128ff28 to remote] DEBUG org.asynchttpclient.netty.request.NettyRequestSender - Using open Channel [id: 0xe2f50400, L:/127.0.0.1:60286 - R:localhost/127.0.0.1:38989] for POST '/session/f83bf6acb7c55a221094b7107128ff28/element/e52d1ec2-2323-46ad-8538-a45dcad89876/value'
20:54:36.775 [AsyncHttpClient-1-5] DEBUG org.asynchttpclient.netty.handler.HttpHandler - 

Request DefaultHttpRequest(decodeResult: success, version: HTTP/1.1)
POST /session/f83bf6acb7c55a221094b7107128ff28/element/e52d1ec2-2323-46ad-8538-a45dcad89876/value HTTP/1.1
User-Agent: selenium/4.8.1 (java windows)
Content-Length: 251
Content-Type: application/json; charset=utf-8
host: localhost:38989
accept: */*

Response DefaultHttpResponse(decodeResult: success, version: HTTP/1.1)
HTTP/1.1 200 OK
Content-Length: 14
Content-Type: application/json; charset=utf-8
cache-control: no-cache

20:54:36.776 [AsyncHttpClient-1-5] DEBUG org.asynchttpclient.netty.channel.ChannelManager - Adding key: http://localhost:38989 for channel [id: 0xe2f50400, L:/127.0.0.1:60286 - R:localhost/127.0.0.1:38989]
20:54:36.781 [Forwarding findElement on session f83bf6acb7c55a221094b7107128ff28 to remote] DEBUG org.asynchttpclient.netty.request.NettyRequestSender - Using pooled Channel '[id: 0xe2f50400, L:/127.0.0.1:60286 - R:localhost/127.0.0.1:38989]' for 'POST' to 'http://localhost:38989/session/f83bf6acb7c55a221094b7107128ff28/element'
20:54:36.781 [Forwarding findElement on session f83bf6acb7c55a221094b7107128ff28 to remote] DEBUG org.asynchttpclient.netty.request.NettyRequestSender - Using open Channel [id: 0xe2f50400, L:/127.0.0.1:60286 - R:localhost/127.0.0.1:38989] for POST '/session/f83bf6acb7c55a221094b7107128ff28/element'
20:54:36.793 [AsyncHttpClient-1-5] DEBUG org.asynchttpclient.netty.handler.HttpHandler - 

Request DefaultHttpRequest(decodeResult: success, version: HTTP/1.1)
POST /session/f83bf6acb7c55a221094b7107128ff28/element HTTP/1.1
User-Agent: selenium/4.8.1 (java windows)
Content-Length: 53
Content-Type: application/json; charset=utf-8
host: localhost:38989
accept: */*

Response DefaultHttpResponse(decodeResult: success, version: HTTP/1.1)
HTTP/1.1 200 OK
Content-Length: 88
Content-Type: application/json; charset=utf-8
cache-control: no-cache

20:54:36.793 [AsyncHttpClient-1-5] DEBUG org.asynchttpclient.netty.channel.ChannelManager - Adding key: http://localhost:38989 for channel [id: 0xe2f50400, L:/127.0.0.1:60286 - R:localhost/127.0.0.1:38989]
20:54:36.795 [Forwarding clearElement on session f83bf6acb7c55a221094b7107128ff28 to remote] DEBUG org.asynchttpclient.netty.request.NettyRequestSender - Using pooled Channel '[id: 0xe2f50400, L:/127.0.0.1:60286 - R:localhost/127.0.0.1:38989]' for 'POST' to 'http://localhost:38989/session/f83bf6acb7c55a221094b7107128ff28/element/a544992c-9fcf-438b-8aa4-b267f5b58ce7/clear'
20:54:36.795 [Forwarding clearElement on session f83bf6acb7c55a221094b7107128ff28 to remote] DEBUG org.asynchttpclient.netty.request.NettyRequestSender - Using open Channel [id: 0xe2f50400, L:/127.0.0.1:60286 - R:localhost/127.0.0.1:38989] for POST '/session/f83bf6acb7c55a221094b7107128ff28/element/a544992c-9fcf-438b-8aa4-b267f5b58ce7/clear'
20:54:36.825 [AsyncHttpClient-1-5] DEBUG org.asynchttpclient.netty.handler.HttpHandler - 

Request DefaultHttpRequest(decodeResult: success, version: HTTP/1.1)
POST /session/f83bf6acb7c55a221094b7107128ff28/element/a544992c-9fcf-438b-8aa4-b267f5b58ce7/clear HTTP/1.1
User-Agent: selenium/4.8.1 (java windows)
Content-Length: 50
Content-Type: application/json; charset=utf-8
host: localhost:38989
accept: */*

Response DefaultHttpResponse(decodeResult: success, version: HTTP/1.1)
HTTP/1.1 200 OK
Content-Length: 14
Content-Type: application/json; charset=utf-8
cache-control: no-cache

20:54:36.826 [AsyncHttpClient-1-5] DEBUG org.asynchttpclient.netty.channel.ChannelManager - Adding key: http://localhost:38989 for channel [id: 0xe2f50400, L:/127.0.0.1:60286 - R:localhost/127.0.0.1:38989]
20:54:36.828 [Forwarding sendKeysToElement on session f83bf6acb7c55a221094b7107128ff28 to remote] DEBUG org.asynchttpclient.netty.request.NettyRequestSender - Using pooled Channel '[id: 0xe2f50400, L:/127.0.0.1:60286 - R:localhost/127.0.0.1:38989]' for 'POST' to 'http://localhost:38989/session/f83bf6acb7c55a221094b7107128ff28/element/a544992c-9fcf-438b-8aa4-b267f5b58ce7/value'
20:54:36.828 [Forwarding sendKeysToElement on session f83bf6acb7c55a221094b7107128ff28 to remote] DEBUG org.asynchttpclient.netty.request.NettyRequestSender - Using open Channel [id: 0xe2f50400, L:/127.0.0.1:60286 - R:localhost/127.0.0.1:38989] for POST '/session/f83bf6acb7c55a221094b7107128ff28/element/a544992c-9fcf-438b-8aa4-b267f5b58ce7/value'
20:54:36.909 [AsyncHttpClient-1-5] DEBUG org.asynchttpclient.netty.handler.HttpHandler - 

Request DefaultHttpRequest(decodeResult: success, version: HTTP/1.1)
POST /session/f83bf6acb7c55a221094b7107128ff28/element/a544992c-9fcf-438b-8aa4-b267f5b58ce7/value HTTP/1.1
User-Agent: selenium/4.8.1 (java windows)
Content-Length: 201
Content-Type: application/json; charset=utf-8
host: localhost:38989
accept: */*

Response DefaultHttpResponse(decodeResult: success, version: HTTP/1.1)
HTTP/1.1 200 OK
Content-Length: 14
Content-Type: application/json; charset=utf-8
cache-control: no-cache

20:54:36.909 [AsyncHttpClient-1-5] DEBUG org.asynchttpclient.netty.channel.ChannelManager - Adding key: http://localhost:38989 for channel [id: 0xe2f50400, L:/127.0.0.1:60286 - R:localhost/127.0.0.1:38989]
  &amp#27;[32mWhen &amp#27;[0m&amp#27;[32mI enter credentials on &amp#27;[0m&amp#27;[32m&amp#27;[1m"testing@gmail.com"&amp#27;[0m&amp#27;[32m and &amp#27;[0m&amp#27;[32m&amp#27;[1m"Testing1234$"&amp#27;[0m&amp#27;[32m fields&amp#27;[0m             &amp#27;[90m# starter.stepDefinitions.LoginSteps.i_enter_credentials_on_and_fields(java.lang.String,java.lang.String)&amp#27;[0m
20:54:36.918 [Forwarding getAlertText on session f83bf6acb7c55a221094b7107128ff28 to remote] DEBUG org.asynchttpclient.netty.request.NettyRequestSender - Using pooled Channel '[id: 0xe2f50400, L:/127.0.0.1:60286 - R:localhost/127.0.0.1:38989]' for 'GET' to 'http://localhost:38989/session/f83bf6acb7c55a221094b7107128ff28/alert/text'
20:54:36.918 [Forwarding getAlertText on session f83bf6acb7c55a221094b7107128ff28 to remote] DEBUG org.asynchttpclient.netty.request.NettyRequestSender - Using open Channel [id: 0xe2f50400, L:/127.0.0.1:60286 - R:localhost/127.0.0.1:38989] for GET '/session/f83bf6acb7c55a221094b7107128ff28/alert/text'
20:54:36.920 [AsyncHttpClient-1-5] DEBUG org.asynchttpclient.netty.handler.HttpHandler - 

Request DefaultFullHttpRequest(decodeResult: success, version: HTTP/1.1, content: EmptyByteBufBE)
GET /session/f83bf6acb7c55a221094b7107128ff28/alert/text HTTP/1.1
User-Agent: selenium/4.8.1 (java windows)
Cache-Control: no-cache
Content-Type: application/json; charset=utf-8
host: localhost:38989
accept: */*

Response DefaultHttpResponse(decodeResult: success, version: HTTP/1.1)
HTTP/1.1 404 Not Found
Content-Length: 816
Content-Type: application/json; charset=utf-8
cache-control: no-cache

20:54:36.920 [AsyncHttpClient-1-5] DEBUG org.asynchttpclient.netty.channel.ChannelManager - Adding key: http://localhost:38989 for channel [id: 0xe2f50400, L:/127.0.0.1:60286 - R:localhost/127.0.0.1:38989]
20:54:36.922 [Forwarding getCurrentUrl on session f83bf6acb7c55a221094b7107128ff28 to remote] DEBUG org.asynchttpclient.netty.request.NettyRequestSender - Using pooled Channel '[id: 0xe2f50400, L:/127.0.0.1:60286 - R:localhost/127.0.0.1:38989]' for 'GET' to 'http://localhost:38989/session/f83bf6acb7c55a221094b7107128ff28/url'
20:54:36.922 [Forwarding getCurrentUrl on session f83bf6acb7c55a221094b7107128ff28 to remote] DEBUG org.asynchttpclient.netty.request.NettyRequestSender - Using open Channel [id: 0xe2f50400, L:/127.0.0.1:60286 - R:localhost/127.0.0.1:38989] for GET '/session/f83bf6acb7c55a221094b7107128ff28/url'
20:54:36.925 [AsyncHttpClient-1-5] DEBUG org.asynchttpclient.netty.handler.HttpHandler - 

Request DefaultFullHttpRequest(decodeResult: success, version: HTTP/1.1, content: EmptyByteBufBE)
GET /session/f83bf6acb7c55a221094b7107128ff28/url HTTP/1.1
User-Agent: selenium/4.8.1 (java windows)
Cache-Control: no-cache
Content-Type: application/json; charset=utf-8
host: localhost:38989
accept: */*

Response DefaultHttpResponse(decodeResult: success, version: HTTP/1.1)
HTTP/1.1 200 OK
Content-Length: 42
Content-Type: application/json; charset=utf-8
cache-control: no-cache

20:54:36.925 [AsyncHttpClient-1-5] DEBUG org.asynchttpclient.netty.channel.ChannelManager - Adding key: http://localhost:38989 for channel [id: 0xe2f50400, L:/127.0.0.1:60286 - R:localhost/127.0.0.1:38989]
20:54:36.927 [Forwarding screenshot on session f83bf6acb7c55a221094b7107128ff28 to remote] DEBUG org.asynchttpclient.netty.request.NettyRequestSender - Using pooled Channel '[id: 0xe2f50400, L:/127.0.0.1:60286 - R:localhost/127.0.0.1:38989]' for 'GET' to 'http://localhost:38989/session/f83bf6acb7c55a221094b7107128ff28/screenshot'
20:54:36.927 [Forwarding screenshot on session f83bf6acb7c55a221094b7107128ff28 to remote] DEBUG org.asynchttpclient.netty.request.NettyRequestSender - Using open Channel [id: 0xe2f50400, L:/127.0.0.1:60286 - R:localhost/127.0.0.1:38989] for GET '/session/f83bf6acb7c55a221094b7107128ff28/screenshot'
20:54:36.969 [AsyncHttpClient-1-1] DEBUG org.asynchttpclient.netty.channel.DefaultChannelPool - Entry count for : http://localhost:60287 : 1
20:54:37.206 [AsyncHttpClient-1-5] DEBUG org.asynchttpclient.netty.handler.HttpHandler - 

Request DefaultFullHttpRequest(decodeResult: success, version: HTTP/1.1, content: EmptyByteBufBE)
GET /session/f83bf6acb7c55a221094b7107128ff28/screenshot HTTP/1.1
User-Agent: selenium/4.8.1 (java windows)
Cache-Control: no-cache
Content-Type: application/json; charset=utf-8
host: localhost:38989
accept: */*

Response DefaultHttpResponse(decodeResult: success, version: HTTP/1.1)
HTTP/1.1 200 OK
Content-Length: 391944
Content-Type: application/json; charset=utf-8
cache-control: no-cache

20:54:37.208 [AsyncHttpClient-1-5] DEBUG org.asynchttpclient.netty.channel.ChannelManager - Adding key: http://localhost:38989 for channel [id: 0xe2f50400, L:/127.0.0.1:60286 - R:localhost/127.0.0.1:38989]
20:54:37.217 [main] DEBUG net.serenitybdd.core.photography.Darkroom - Send negative for processing for target\site\serenity\d026152fbf130f61dfe80f176969c5e888fb13203bd4c83c5eac4d2bd924b1ae.png
20:54:37.217 [Darkroom Processing Line] DEBUG net.serenitybdd.core.photography.DarkroomProcessingLine - Processing screenshot image in /var/screenshots/screenshot-15228810369362291968
20:54:37.217 [Darkroom Processing Line] DEBUG net.serenitybdd.core.photography.DarkroomProcessingLine - Saving screenshot to target\site\serenity\d026152fbf130f61dfe80f176969c5e888fb13203bd4c83c5eac4d2bd924b1ae.png
20:54:37.225 [Forwarding getPageSource on session f83bf6acb7c55a221094b7107128ff28 to remote] DEBUG org.asynchttpclient.netty.request.NettyRequestSender - Using pooled Channel '[id: 0xe2f50400, L:/127.0.0.1:60286 - R:localhost/127.0.0.1:38989]' for 'POST' to 'http://localhost:38989/session/f83bf6acb7c55a221094b7107128ff28/execute/sync'
20:54:37.225 [Forwarding getPageSource on session f83bf6acb7c55a221094b7107128ff28 to remote] DEBUG org.asynchttpclient.netty.request.NettyRequestSender - Using open Channel [id: 0xe2f50400, L:/127.0.0.1:60286 - R:localhost/127.0.0.1:38989] for POST '/session/f83bf6acb7c55a221094b7107128ff28/execute/sync'
20:54:37.236 [AsyncHttpClient-1-5] DEBUG org.asynchttpclient.netty.handler.HttpHandler - 

Request DefaultHttpRequest(decodeResult: success, version: HTTP/1.1)
POST /session/f83bf6acb7c55a221094b7107128ff28/execute/sync HTTP/1.1
User-Agent: selenium/4.8.1 (java windows)
Content-Length: 176
Content-Type: application/json; charset=utf-8
host: localhost:38989
accept: */*

Response DefaultHttpResponse(decodeResult: success, version: HTTP/1.1)
HTTP/1.1 200 OK
Content-Length: 113329
Content-Type: application/json; charset=utf-8
cache-control: no-cache

20:54:37.237 [AsyncHttpClient-1-5] DEBUG org.asynchttpclient.netty.channel.ChannelManager - Adding key: http://localhost:38989 for channel [id: 0xe2f50400, L:/127.0.0.1:60286 - R:localhost/127.0.0.1:38989]
20:54:37.245 [Forwarding getCurrentUrl on session f83bf6acb7c55a221094b7107128ff28 to remote] DEBUG org.asynchttpclient.netty.request.NettyRequestSender - Using pooled Channel '[id: 0xe2f50400, L:/127.0.0.1:60286 - R:localhost/127.0.0.1:38989]' for 'GET' to 'http://localhost:38989/session/f83bf6acb7c55a221094b7107128ff28/url'
20:54:37.245 [Forwarding getCurrentUrl on session f83bf6acb7c55a221094b7107128ff28 to remote] DEBUG org.asynchttpclient.netty.request.NettyRequestSender - Using open Channel [id: 0xe2f50400, L:/127.0.0.1:60286 - R:localhost/127.0.0.1:38989] for GET '/session/f83bf6acb7c55a221094b7107128ff28/url'
20:54:37.250 [AsyncHttpClient-1-5] DEBUG org.asynchttpclient.netty.handler.HttpHandler - 

Request DefaultFullHttpRequest(decodeResult: success, version: HTTP/1.1, content: EmptyByteBufBE)
GET /session/f83bf6acb7c55a221094b7107128ff28/url HTTP/1.1
User-Agent: selenium/4.8.1 (java windows)
Cache-Control: no-cache
Content-Type: application/json; charset=utf-8
host: localhost:38989
accept: */*

Response DefaultHttpResponse(decodeResult: success, version: HTTP/1.1)
HTTP/1.1 200 OK
Content-Length: 42
Content-Type: application/json; charset=utf-8
cache-control: no-cache

20:54:37.250 [AsyncHttpClient-1-5] DEBUG org.asynchttpclient.netty.channel.ChannelManager - Adding key: http://localhost:38989 for channel [id: 0xe2f50400, L:/127.0.0.1:60286 - R:localhost/127.0.0.1:38989]
20:54:37.258 [Forwarding findElement on session f83bf6acb7c55a221094b7107128ff28 to remote] DEBUG org.asynchttpclient.netty.request.NettyRequestSender - Using pooled Channel '[id: 0xe2f50400, L:/127.0.0.1:60286 - R:localhost/127.0.0.1:38989]' for 'POST' to 'http://localhost:38989/session/f83bf6acb7c55a221094b7107128ff28/element'
20:54:37.259 [Forwarding findElement on session f83bf6acb7c55a221094b7107128ff28 to remote] DEBUG org.asynchttpclient.netty.request.NettyRequestSender - Using open Channel [id: 0xe2f50400, L:/127.0.0.1:60286 - R:localhost/127.0.0.1:38989] for POST '/session/f83bf6acb7c55a221094b7107128ff28/element'
20:54:37.266 [AsyncHttpClient-1-5] DEBUG org.asynchttpclient.netty.handler.HttpHandler - 

Request DefaultHttpRequest(decodeResult: success, version: HTTP/1.1)
POST /session/f83bf6acb7c55a221094b7107128ff28/element HTTP/1.1
User-Agent: selenium/4.8.1 (java windows)
Content-Length: 60
Content-Type: application/json; charset=utf-8
host: localhost:38989
accept: */*

Response DefaultHttpResponse(decodeResult: success, version: HTTP/1.1)
HTTP/1.1 200 OK
Content-Length: 88
Content-Type: application/json; charset=utf-8
cache-control: no-cache

20:54:37.266 [AsyncHttpClient-1-5] DEBUG org.asynchttpclient.netty.channel.ChannelManager - Adding key: http://localhost:38989 for channel [id: 0xe2f50400, L:/127.0.0.1:60286 - R:localhost/127.0.0.1:38989]
20:54:37.268 [Forwarding getElementTagName on session f83bf6acb7c55a221094b7107128ff28 to remote] DEBUG org.asynchttpclient.netty.request.NettyRequestSender - Using pooled Channel '[id: 0xe2f50400, L:/127.0.0.1:60286 - R:localhost/127.0.0.1:38989]' for 'GET' to 'http://localhost:38989/session/f83bf6acb7c55a221094b7107128ff28/element/5e92bb2e-cabb-449c-9bed-de305586ab42/name'
20:54:37.268 [Forwarding getElementTagName on session f83bf6acb7c55a221094b7107128ff28 to remote] DEBUG org.asynchttpclient.netty.request.NettyRequestSender - Using open Channel [id: 0xe2f50400, L:/127.0.0.1:60286 - R:localhost/127.0.0.1:38989] for GET '/session/f83bf6acb7c55a221094b7107128ff28/element/5e92bb2e-cabb-449c-9bed-de305586ab42/name'
20:54:37.273 [AsyncHttpClient-1-5] DEBUG org.asynchttpclient.netty.handler.HttpHandler - 

Request DefaultFullHttpRequest(decodeResult: success, version: HTTP/1.1, content: EmptyByteBufBE)
GET /session/f83bf6acb7c55a221094b7107128ff28/element/5e92bb2e-cabb-449c-9bed-de305586ab42/name HTTP/1.1
User-Agent: selenium/4.8.1 (java windows)
Cache-Control: no-cache
Content-Type: application/json; charset=utf-8
host: localhost:38989
accept: */*

Response DefaultHttpResponse(decodeResult: success, version: HTTP/1.1)
HTTP/1.1 200 OK
Content-Length: 15
Content-Type: application/json; charset=utf-8
cache-control: no-cache

20:54:37.273 [AsyncHttpClient-1-5] DEBUG org.asynchttpclient.netty.channel.ChannelManager - Adding key: http://localhost:38989 for channel [id: 0xe2f50400, L:/127.0.0.1:60286 - R:localhost/127.0.0.1:38989]
20:54:37.274 [Forwarding getElementTagName on session f83bf6acb7c55a221094b7107128ff28 to remote] DEBUG org.asynchttpclient.netty.request.NettyRequestSender - Using pooled Channel '[id: 0xe2f50400, L:/127.0.0.1:60286 - R:localhost/127.0.0.1:38989]' for 'GET' to 'http://localhost:38989/session/f83bf6acb7c55a221094b7107128ff28/element/5e92bb2e-cabb-449c-9bed-de305586ab42/name'
20:54:37.275 [Forwarding getElementTagName on session f83bf6acb7c55a221094b7107128ff28 to remote] DEBUG org.asynchttpclient.netty.request.NettyRequestSender - Using open Channel [id: 0xe2f50400, L:/127.0.0.1:60286 - R:localhost/127.0.0.1:38989] for GET '/session/f83bf6acb7c55a221094b7107128ff28/element/5e92bb2e-cabb-449c-9bed-de305586ab42/name'
20:54:37.278 [AsyncHttpClient-1-5] DEBUG org.asynchttpclient.netty.handler.HttpHandler - 

Request DefaultFullHttpRequest(decodeResult: success, version: HTTP/1.1, content: EmptyByteBufBE)
GET /session/f83bf6acb7c55a221094b7107128ff28/element/5e92bb2e-cabb-449c-9bed-de305586ab42/name HTTP/1.1
User-Agent: selenium/4.8.1 (java windows)
Cache-Control: no-cache
Content-Type: application/json; charset=utf-8
host: localhost:38989
accept: */*

Response DefaultHttpResponse(decodeResult: success, version: HTTP/1.1)
HTTP/1.1 200 OK
Content-Length: 15
Content-Type: application/json; charset=utf-8
cache-control: no-cache

20:54:37.278 [AsyncHttpClient-1-5] DEBUG org.asynchttpclient.netty.channel.ChannelManager - Adding key: http://localhost:38989 for channel [id: 0xe2f50400, L:/127.0.0.1:60286 - R:localhost/127.0.0.1:38989]
20:54:37.281 [Forwarding findElement on session f83bf6acb7c55a221094b7107128ff28 to remote] DEBUG org.asynchttpclient.netty.request.NettyRequestSender - Using pooled Channel '[id: 0xe2f50400, L:/127.0.0.1:60286 - R:localhost/127.0.0.1:38989]' for 'POST' to 'http://localhost:38989/session/f83bf6acb7c55a221094b7107128ff28/element'
20:54:37.281 [Forwarding findElement on session f83bf6acb7c55a221094b7107128ff28 to remote] DEBUG org.asynchttpclient.netty.request.NettyRequestSender - Using open Channel [id: 0xe2f50400, L:/127.0.0.1:60286 - R:localhost/127.0.0.1:38989] for POST '/session/f83bf6acb7c55a221094b7107128ff28/element'
20:54:37.287 [AsyncHttpClient-1-5] DEBUG org.asynchttpclient.netty.handler.HttpHandler - 

Request DefaultHttpRequest(decodeResult: success, version: HTTP/1.1)
POST /session/f83bf6acb7c55a221094b7107128ff28/element HTTP/1.1
User-Agent: selenium/4.8.1 (java windows)
Content-Length: 60
Content-Type: application/json; charset=utf-8
host: localhost:38989
accept: */*

Response DefaultHttpResponse(decodeResult: success, version: HTTP/1.1)
HTTP/1.1 200 OK
Content-Length: 88
Content-Type: application/json; charset=utf-8
cache-control: no-cache

20:54:37.287 [AsyncHttpClient-1-5] DEBUG org.asynchttpclient.netty.channel.ChannelManager - Adding key: http://localhost:38989 for channel [id: 0xe2f50400, L:/127.0.0.1:60286 - R:localhost/127.0.0.1:38989]
20:54:37.289 [Forwarding clickElement on session f83bf6acb7c55a221094b7107128ff28 to remote] DEBUG org.asynchttpclient.netty.request.NettyRequestSender - Using pooled Channel '[id: 0xe2f50400, L:/127.0.0.1:60286 - R:localhost/127.0.0.1:38989]' for 'POST' to 'http://localhost:38989/session/f83bf6acb7c55a221094b7107128ff28/element/5e92bb2e-cabb-449c-9bed-de305586ab42/click'
20:54:37.289 [Forwarding clickElement on session f83bf6acb7c55a221094b7107128ff28 to remote] DEBUG org.asynchttpclient.netty.request.NettyRequestSender - Using open Channel [id: 0xe2f50400, L:/127.0.0.1:60286 - R:localhost/127.0.0.1:38989] for POST '/session/f83bf6acb7c55a221094b7107128ff28/element/5e92bb2e-cabb-449c-9bed-de305586ab42/click'
20:54:37.362 [AsyncHttpClient-1-5] DEBUG org.asynchttpclient.netty.handler.HttpHandler - 

Request DefaultHttpRequest(decodeResult: success, version: HTTP/1.1)
POST /session/f83bf6acb7c55a221094b7107128ff28/element/5e92bb2e-cabb-449c-9bed-de305586ab42/click HTTP/1.1
User-Agent: selenium/4.8.1 (java windows)
Content-Length: 50
Content-Type: application/json; charset=utf-8
host: localhost:38989
accept: */*

Response DefaultHttpResponse(decodeResult: success, version: HTTP/1.1)
HTTP/1.1 200 OK
Content-Length: 14
Content-Type: application/json; charset=utf-8
cache-control: no-cache

20:54:37.362 [AsyncHttpClient-1-5] DEBUG org.asynchttpclient.netty.channel.ChannelManager - Adding key: http://localhost:38989 for channel [id: 0xe2f50400, L:/127.0.0.1:60286 - R:localhost/127.0.0.1:38989]
  &amp#27;[32mAnd &amp#27;[0m&amp#27;[32mI press submit button&amp#27;[0m                                                             &amp#27;[90m# starter.stepDefinitions.LoginSteps.i_press_submit_button()&amp#27;[0m
20:54:37.376 [Forwarding getAlertText on session f83bf6acb7c55a221094b7107128ff28 to remote] DEBUG org.asynchttpclient.netty.request.NettyRequestSender - Using pooled Channel '[id: 0xe2f50400, L:/127.0.0.1:60286 - R:localhost/127.0.0.1:38989]' for 'GET' to 'http://localhost:38989/session/f83bf6acb7c55a221094b7107128ff28/alert/text'
20:54:37.376 [Forwarding getAlertText on session f83bf6acb7c55a221094b7107128ff28 to remote] DEBUG org.asynchttpclient.netty.request.NettyRequestSender - Using open Channel [id: 0xe2f50400, L:/127.0.0.1:60286 - R:localhost/127.0.0.1:38989] for GET '/session/f83bf6acb7c55a221094b7107128ff28/alert/text'
20:54:37.378 [AsyncHttpClient-1-5] DEBUG org.asynchttpclient.netty.handler.HttpHandler - 

Request DefaultFullHttpRequest(decodeResult: success, version: HTTP/1.1, content: EmptyByteBufBE)
GET /session/f83bf6acb7c55a221094b7107128ff28/alert/text HTTP/1.1
User-Agent: selenium/4.8.1 (java windows)
Cache-Control: no-cache
Content-Type: application/json; charset=utf-8
host: localhost:38989
accept: */*

Response DefaultHttpResponse(decodeResult: success, version: HTTP/1.1)
HTTP/1.1 404 Not Found
Content-Length: 816
Content-Type: application/json; charset=utf-8
cache-control: no-cache

20:54:37.378 [AsyncHttpClient-1-5] DEBUG org.asynchttpclient.netty.channel.ChannelManager - Adding key: http://localhost:38989 for channel [id: 0xe2f50400, L:/127.0.0.1:60286 - R:localhost/127.0.0.1:38989]
20:54:37.380 [Forwarding getCurrentUrl on session f83bf6acb7c55a221094b7107128ff28 to remote] DEBUG org.asynchttpclient.netty.request.NettyRequestSender - Using pooled Channel '[id: 0xe2f50400, L:/127.0.0.1:60286 - R:localhost/127.0.0.1:38989]' for 'GET' to 'http://localhost:38989/session/f83bf6acb7c55a221094b7107128ff28/url'
20:54:37.380 [Forwarding getCurrentUrl on session f83bf6acb7c55a221094b7107128ff28 to remote] DEBUG org.asynchttpclient.netty.request.NettyRequestSender - Using open Channel [id: 0xe2f50400, L:/127.0.0.1:60286 - R:localhost/127.0.0.1:38989] for GET '/session/f83bf6acb7c55a221094b7107128ff28/url'
20:54:37.383 [AsyncHttpClient-1-5] DEBUG org.asynchttpclient.netty.handler.HttpHandler - 

Request DefaultFullHttpRequest(decodeResult: success, version: HTTP/1.1, content: EmptyByteBufBE)
GET /session/f83bf6acb7c55a221094b7107128ff28/url HTTP/1.1
User-Agent: selenium/4.8.1 (java windows)
Cache-Control: no-cache
Content-Type: application/json; charset=utf-8
host: localhost:38989
accept: */*

Response DefaultHttpResponse(decodeResult: success, version: HTTP/1.1)
HTTP/1.1 200 OK
Content-Length: 42
Content-Type: application/json; charset=utf-8
cache-control: no-cache

20:54:37.383 [AsyncHttpClient-1-5] DEBUG org.asynchttpclient.netty.channel.ChannelManager - Adding key: http://localhost:38989 for channel [id: 0xe2f50400, L:/127.0.0.1:60286 - R:localhost/127.0.0.1:38989]
20:54:37.384 [Forwarding screenshot on session f83bf6acb7c55a221094b7107128ff28 to remote] DEBUG org.asynchttpclient.netty.request.NettyRequestSender - Using pooled Channel '[id: 0xe2f50400, L:/127.0.0.1:60286 - R:localhost/127.0.0.1:38989]' for 'GET' to 'http://localhost:38989/session/f83bf6acb7c55a221094b7107128ff28/screenshot'
20:54:37.384 [Forwarding screenshot on session f83bf6acb7c55a221094b7107128ff28 to remote] DEBUG org.asynchttpclient.netty.request.NettyRequestSender - Using open Channel [id: 0xe2f50400, L:/127.0.0.1:60286 - R:localhost/127.0.0.1:38989] for GET '/session/f83bf6acb7c55a221094b7107128ff28/screenshot'
20:54:37.572 [AsyncHttpClient-1-5] DEBUG org.asynchttpclient.netty.handler.HttpHandler - 

Request DefaultFullHttpRequest(decodeResult: success, version: HTTP/1.1, content: EmptyByteBufBE)
GET /session/f83bf6acb7c55a221094b7107128ff28/screenshot HTTP/1.1
User-Agent: selenium/4.8.1 (java windows)
Cache-Control: no-cache
Content-Type: application/json; charset=utf-8
host: localhost:38989
accept: */*

Response DefaultHttpResponse(decodeResult: success, version: HTTP/1.1)
HTTP/1.1 200 OK
Content-Length: 195456
Content-Type: application/json; charset=utf-8
cache-control: no-cache

20:54:37.574 [AsyncHttpClient-1-5] DEBUG org.asynchttpclient.netty.channel.ChannelManager - Adding key: http://localhost:38989 for channel [id: 0xe2f50400, L:/127.0.0.1:60286 - R:localhost/127.0.0.1:38989]
20:54:37.579 [main] DEBUG net.serenitybdd.core.photography.Darkroom - Send negative for processing for target\site\serenity\6806efe0cdd6e4a3fa52c813b99cfc92f1a322c5c612bcef2e009540bf61c4cc.png
20:54:37.579 [Darkroom Processing Line] DEBUG net.serenitybdd.core.photography.DarkroomProcessingLine - Processing screenshot image in /var/screenshots/screenshot-5358847395235178634
20:54:37.579 [Darkroom Processing Line] DEBUG net.serenitybdd.core.photography.DarkroomProcessingLine - Saving screenshot to target\site\serenity\6806efe0cdd6e4a3fa52c813b99cfc92f1a322c5c612bcef2e009540bf61c4cc.png
20:54:37.587 [Forwarding getPageSource on session f83bf6acb7c55a221094b7107128ff28 to remote] DEBUG org.asynchttpclient.netty.request.NettyRequestSender - Using pooled Channel '[id: 0xe2f50400, L:/127.0.0.1:60286 - R:localhost/127.0.0.1:38989]' for 'POST' to 'http://localhost:38989/session/f83bf6acb7c55a221094b7107128ff28/execute/sync'
20:54:37.587 [Forwarding getPageSource on session f83bf6acb7c55a221094b7107128ff28 to remote] DEBUG org.asynchttpclient.netty.request.NettyRequestSender - Using open Channel [id: 0xe2f50400, L:/127.0.0.1:60286 - R:localhost/127.0.0.1:38989] for POST '/session/f83bf6acb7c55a221094b7107128ff28/execute/sync'
20:54:37.600 [AsyncHttpClient-1-5] DEBUG org.asynchttpclient.netty.handler.HttpHandler - 

Request DefaultHttpRequest(decodeResult: success, version: HTTP/1.1)
POST /session/f83bf6acb7c55a221094b7107128ff28/execute/sync HTTP/1.1
User-Agent: selenium/4.8.1 (java windows)
Content-Length: 176
Content-Type: application/json; charset=utf-8
host: localhost:38989
accept: */*

Response DefaultHttpResponse(decodeResult: success, version: HTTP/1.1)
HTTP/1.1 200 OK
Content-Length: 119795
Content-Type: application/json; charset=utf-8
cache-control: no-cache

20:54:37.600 [AsyncHttpClient-1-5] DEBUG org.asynchttpclient.netty.channel.ChannelManager - Adding key: http://localhost:38989 for channel [id: 0xe2f50400, L:/127.0.0.1:60286 - R:localhost/127.0.0.1:38989]
20:54:37.610 [Forwarding getCurrentUrl on session f83bf6acb7c55a221094b7107128ff28 to remote] DEBUG org.asynchttpclient.netty.request.NettyRequestSender - Using pooled Channel '[id: 0xe2f50400, L:/127.0.0.1:60286 - R:localhost/127.0.0.1:38989]' for 'GET' to 'http://localhost:38989/session/f83bf6acb7c55a221094b7107128ff28/url'
20:54:37.610 [Forwarding getCurrentUrl on session f83bf6acb7c55a221094b7107128ff28 to remote] DEBUG org.asynchttpclient.netty.request.NettyRequestSender - Using open Channel [id: 0xe2f50400, L:/127.0.0.1:60286 - R:localhost/127.0.0.1:38989] for GET '/session/f83bf6acb7c55a221094b7107128ff28/url'
20:54:37.614 [AsyncHttpClient-1-5] DEBUG org.asynchttpclient.netty.handler.HttpHandler - 

Request DefaultFullHttpRequest(decodeResult: success, version: HTTP/1.1, content: EmptyByteBufBE)
GET /session/f83bf6acb7c55a221094b7107128ff28/url HTTP/1.1
User-Agent: selenium/4.8.1 (java windows)
Cache-Control: no-cache
Content-Type: application/json; charset=utf-8
host: localhost:38989
accept: */*

Response DefaultHttpResponse(decodeResult: success, version: HTTP/1.1)
HTTP/1.1 200 OK
Content-Length: 42
Content-Type: application/json; charset=utf-8
cache-control: no-cache

20:54:37.615 [AsyncHttpClient-1-5] DEBUG org.asynchttpclient.netty.channel.ChannelManager - Adding key: http://localhost:38989 for channel [id: 0xe2f50400, L:/127.0.0.1:60286 - R:localhost/127.0.0.1:38989]
20:54:37.623 [Forwarding findElement on session f83bf6acb7c55a221094b7107128ff28 to remote] DEBUG org.asynchttpclient.netty.request.NettyRequestSender - Using pooled Channel '[id: 0xe2f50400, L:/127.0.0.1:60286 - R:localhost/127.0.0.1:38989]' for 'POST' to 'http://localhost:38989/session/f83bf6acb7c55a221094b7107128ff28/element'
20:54:37.623 [Forwarding findElement on session f83bf6acb7c55a221094b7107128ff28 to remote] DEBUG org.asynchttpclient.netty.request.NettyRequestSender - Using open Channel [id: 0xe2f50400, L:/127.0.0.1:60286 - R:localhost/127.0.0.1:38989] for POST '/session/f83bf6acb7c55a221094b7107128ff28/element'
20:54:38.072 [AsyncHttpClient-1-1] DEBUG org.asynchttpclient.netty.channel.DefaultChannelPool - Entry count for : http://localhost:60287 : 1
20:54:39.171 [AsyncHttpClient-1-1] DEBUG org.asynchttpclient.netty.channel.DefaultChannelPool - Entry count for : http://localhost:60287 : 1
20:54:39.484 [AsyncHttpClient-1-5] DEBUG org.asynchttpclient.netty.handler.HttpHandler - 

Request DefaultHttpRequest(decodeResult: success, version: HTTP/1.1)
POST /session/f83bf6acb7c55a221094b7107128ff28/element HTTP/1.1
User-Agent: selenium/4.8.1 (java windows)
Content-Length: 62
Content-Type: application/json; charset=utf-8
host: localhost:38989
accept: */*

Response DefaultHttpResponse(decodeResult: success, version: HTTP/1.1)
HTTP/1.1 200 OK
Content-Length: 88
Content-Type: application/json; charset=utf-8
cache-control: no-cache

20:54:39.485 [AsyncHttpClient-1-5] DEBUG org.asynchttpclient.netty.channel.ChannelManager - Adding key: http://localhost:38989 for channel [id: 0xe2f50400, L:/127.0.0.1:60286 - R:localhost/127.0.0.1:38989]
20:54:39.490 [Forwarding isElementDisplayed on session f83bf6acb7c55a221094b7107128ff28 to remote] DEBUG org.asynchttpclient.netty.request.NettyRequestSender - Using pooled Channel '[id: 0xe2f50400, L:/127.0.0.1:60286 - R:localhost/127.0.0.1:38989]' for 'POST' to 'http://localhost:38989/session/f83bf6acb7c55a221094b7107128ff28/execute/sync'
20:54:39.490 [Forwarding isElementDisplayed on session f83bf6acb7c55a221094b7107128ff28 to remote] DEBUG org.asynchttpclient.netty.request.NettyRequestSender - Using open Channel [id: 0xe2f50400, L:/127.0.0.1:60286 - R:localhost/127.0.0.1:38989] for POST '/session/f83bf6acb7c55a221094b7107128ff28/execute/sync'
20:54:39.506 [AsyncHttpClient-1-5] DEBUG org.asynchttpclient.netty.handler.HttpHandler - 

Request DefaultHttpRequest(decodeResult: success, version: HTTP/1.1)
POST /session/f83bf6acb7c55a221094b7107128ff28/execute/sync HTTP/1.1
User-Agent: selenium/4.8.1 (java windows)
Content-Length: 48807
Content-Type: application/json; charset=utf-8
host: localhost:38989
accept: */*

Response DefaultHttpResponse(decodeResult: success, version: HTTP/1.1)
HTTP/1.1 200 OK
Content-Length: 14
Content-Type: application/json; charset=utf-8
cache-control: no-cache

20:54:39.507 [AsyncHttpClient-1-5] DEBUG org.asynchttpclient.netty.channel.ChannelManager - Adding key: http://localhost:38989 for channel [id: 0xe2f50400, L:/127.0.0.1:60286 - R:localhost/127.0.0.1:38989]
  &amp#27;[32mThen &amp#27;[0m&amp#27;[32mI will see error message&amp#27;[0m                                                         &amp#27;[90m# starter.stepDefinitions.LoginSteps.i_will_see_error_message()&amp#27;[0m
20:54:39.517 [Forwarding getAlertText on session f83bf6acb7c55a221094b7107128ff28 to remote] DEBUG org.asynchttpclient.netty.request.NettyRequestSender - Using pooled Channel '[id: 0xe2f50400, L:/127.0.0.1:60286 - R:localhost/127.0.0.1:38989]' for 'GET' to 'http://localhost:38989/session/f83bf6acb7c55a221094b7107128ff28/alert/text'
20:54:39.517 [Forwarding getAlertText on session f83bf6acb7c55a221094b7107128ff28 to remote] DEBUG org.asynchttpclient.netty.request.NettyRequestSender - Using open Channel [id: 0xe2f50400, L:/127.0.0.1:60286 - R:localhost/127.0.0.1:38989] for GET '/session/f83bf6acb7c55a221094b7107128ff28/alert/text'
20:54:39.519 [AsyncHttpClient-1-5] DEBUG org.asynchttpclient.netty.handler.HttpHandler - 

Request DefaultFullHttpRequest(decodeResult: success, version: HTTP/1.1, content: EmptyByteBufBE)
GET /session/f83bf6acb7c55a221094b7107128ff28/alert/text HTTP/1.1
User-Agent: selenium/4.8.1 (java windows)
Cache-Control: no-cache
Content-Type: application/json; charset=utf-8
host: localhost:38989
accept: */*

Response DefaultHttpResponse(decodeResult: success, version: HTTP/1.1)
HTTP/1.1 404 Not Found
Content-Length: 816
Content-Type: application/json; charset=utf-8
cache-control: no-cache

20:54:39.519 [AsyncHttpClient-1-5] DEBUG org.asynchttpclient.netty.channel.ChannelManager - Adding key: http://localhost:38989 for channel [id: 0xe2f50400, L:/127.0.0.1:60286 - R:localhost/127.0.0.1:38989]
20:54:39.521 [Forwarding getCurrentUrl on session f83bf6acb7c55a221094b7107128ff28 to remote] DEBUG org.asynchttpclient.netty.request.NettyRequestSender - Using pooled Channel '[id: 0xe2f50400, L:/127.0.0.1:60286 - R:localhost/127.0.0.1:38989]' for 'GET' to 'http://localhost:38989/session/f83bf6acb7c55a221094b7107128ff28/url'
20:54:39.521 [Forwarding getCurrentUrl on session f83bf6acb7c55a221094b7107128ff28 to remote] DEBUG org.asynchttpclient.netty.request.NettyRequestSender - Using open Channel [id: 0xe2f50400, L:/127.0.0.1:60286 - R:localhost/127.0.0.1:38989] for GET '/session/f83bf6acb7c55a221094b7107128ff28/url'
20:54:39.525 [AsyncHttpClient-1-5] DEBUG org.asynchttpclient.netty.handler.HttpHandler - 

Request DefaultFullHttpRequest(decodeResult: success, version: HTTP/1.1, content: EmptyByteBufBE)
GET /session/f83bf6acb7c55a221094b7107128ff28/url HTTP/1.1
User-Agent: selenium/4.8.1 (java windows)
Cache-Control: no-cache
Content-Type: application/json; charset=utf-8
host: localhost:38989
accept: */*

Response DefaultHttpResponse(decodeResult: success, version: HTTP/1.1)
HTTP/1.1 200 OK
Content-Length: 42
Content-Type: application/json; charset=utf-8
cache-control: no-cache

20:54:39.525 [AsyncHttpClient-1-5] DEBUG org.asynchttpclient.netty.channel.ChannelManager - Adding key: http://localhost:38989 for channel [id: 0xe2f50400, L:/127.0.0.1:60286 - R:localhost/127.0.0.1:38989]
20:54:39.527 [Forwarding screenshot on session f83bf6acb7c55a221094b7107128ff28 to remote] DEBUG org.asynchttpclient.netty.request.NettyRequestSender - Using pooled Channel '[id: 0xe2f50400, L:/127.0.0.1:60286 - R:localhost/127.0.0.1:38989]' for 'GET' to 'http://localhost:38989/session/f83bf6acb7c55a221094b7107128ff28/screenshot'
20:54:39.527 [Forwarding screenshot on session f83bf6acb7c55a221094b7107128ff28 to remote] DEBUG org.asynchttpclient.netty.request.NettyRequestSender - Using open Channel [id: 0xe2f50400, L:/127.0.0.1:60286 - R:localhost/127.0.0.1:38989] for GET '/session/f83bf6acb7c55a221094b7107128ff28/screenshot'
20:54:39.780 [AsyncHttpClient-1-5] DEBUG org.asynchttpclient.netty.handler.HttpHandler - 

Request DefaultFullHttpRequest(decodeResult: success, version: HTTP/1.1, content: EmptyByteBufBE)
GET /session/f83bf6acb7c55a221094b7107128ff28/screenshot HTTP/1.1
User-Agent: selenium/4.8.1 (java windows)
Cache-Control: no-cache
Content-Type: application/json; charset=utf-8
host: localhost:38989
accept: */*

Response DefaultHttpResponse(decodeResult: success, version: HTTP/1.1)
HTTP/1.1 200 OK
Content-Length: 393220
Content-Type: application/json; charset=utf-8
cache-control: no-cache

20:54:39.782 [AsyncHttpClient-1-5] DEBUG org.asynchttpclient.netty.channel.ChannelManager - Adding key: http://localhost:38989 for channel [id: 0xe2f50400, L:/127.0.0.1:60286 - R:localhost/127.0.0.1:38989]
20:54:39.791 [main] DEBUG net.serenitybdd.core.photography.Darkroom - Send negative for processing for target\site\serenity\c9a6c659a65ae6d7c0d428d974a19c7cdd74ac6ca75bf39ea5256f66de7fa74f.png
20:54:39.791 [Darkroom Processing Line] DEBUG net.serenitybdd.core.photography.DarkroomProcessingLine - Processing screenshot image in /var/screenshots/screenshot-17342996016180134215
20:54:39.791 [Darkroom Processing Line] DEBUG net.serenitybdd.core.photography.DarkroomProcessingLine - Saving screenshot to target\site\serenity\c9a6c659a65ae6d7c0d428d974a19c7cdd74ac6ca75bf39ea5256f66de7fa74f.png
20:54:39.798 [Driver Command Executor] DEBUG org.asynchttpclient.netty.request.NettyRequestSender - Using pooled Channel '[id: 0xe2f50400, L:/127.0.0.1:60286 - R:localhost/127.0.0.1:38989]' for 'DELETE' to 'http://localhost:38989/session/f83bf6acb7c55a221094b7107128ff28'
20:54:39.798 [AsyncHttpClient-1-7] DEBUG org.asynchttpclient.netty.handler.WebSocketHandler - Channel Closed: [id: 0xf39235aa, L:/127.0.0.1:60296 ! R:localhost/127.0.0.1:60287] with attribute NettyResponseFuture{currentRetry=0,
	isDone=1,
	isCancelled=0,
	asyncHandler=org.asynchttpclient.ws.WebSocketUpgradeHandler@68de166a,
	nettyRequest=org.asynchttpclient.netty.request.NettyRequest@2ddc9515,
	future=java.util.concurrent.CompletableFuture@7cc3f319[Completed normally],
	uri=ws://localhost:60287/devtools/browser/d6d7cec3-c5d7-4167-a06f-6ef4ede85e53,
	keepAlive=true,
	redirectCount=0,
	timeoutsHolder=null,
	inAuth=0,
	touch=1680616475337}
20:54:39.798 [Driver Command Executor] DEBUG org.asynchttpclient.netty.request.NettyRequestSender - Using open Channel [id: 0xe2f50400, L:/127.0.0.1:60286 - R:localhost/127.0.0.1:38989] for DELETE '/session/f83bf6acb7c55a221094b7107128ff28'
20:54:39.798 [AsyncHttpClient-1-7] DEBUG org.asynchttpclient.netty.channel.ChannelManager - Closing Channel [id: 0xf39235aa, L:/127.0.0.1:60296 ! R:localhost/127.0.0.1:60287] 
20:54:39.844 [AsyncHttpClient-1-6] DEBUG org.asynchttpclient.netty.handler.HttpHandler - Unexpected I/O exception on channel [id: 0xa5f72ace, L:/127.0.0.1:60295 - R:localhost/127.0.0.1:60287]
java.net.SocketException: Connection reset
	at java.base/sun.nio.ch.SocketChannelImpl.throwConnectionReset(SocketChannelImpl.java:401)
	at java.base/sun.nio.ch.SocketChannelImpl.read(SocketChannelImpl.java:434)
	at io.netty.buffer.PooledByteBuf.setBytes(PooledByteBuf.java:259)
	at io.netty.buffer.AbstractByteBuf.writeBytes(AbstractByteBuf.java:1132)
	at io.netty.channel.socket.nio.NioSocketChannel.doReadBytes(NioSocketChannel.java:357)
	at io.netty.channel.nio.AbstractNioByteChannel$NioByteUnsafe.read(AbstractNioByteChannel.java:151)
	at io.netty.channel.nio.NioEventLoop.processSelectedKey(NioEventLoop.java:788)
	at io.netty.channel.nio.NioEventLoop.processSelectedKeysOptimized(NioEventLoop.java:724)
	at io.netty.channel.nio.NioEventLoop.processSelectedKeys(NioEventLoop.java:650)
	at io.netty.channel.nio.NioEventLoop.run(NioEventLoop.java:562)
	at io.netty.util.concurrent.SingleThreadEventExecutor$4.run(SingleThreadEventExecutor.java:997)
	at io.netty.util.internal.ThreadExecutorMap$2.run(ThreadExecutorMap.java:74)
	at io.netty.util.concurrent.FastThreadLocalRunnable.run(FastThreadLocalRunnable.java:30)
	at java.base/java.lang.Thread.run(Thread.java:1589)
20:54:39.844 [AsyncHttpClient-1-6] DEBUG org.asynchttpclient.netty.channel.ChannelManager - Closing Channel [id: 0xa5f72ace, L:/127.0.0.1:60295 - R:localhost/127.0.0.1:60287] 
20:54:39.845 [AsyncHttpClient-1-6] DEBUG org.asynchttpclient.netty.handler.HttpHandler - Channel Closed: [id: 0xa5f72ace, L:/127.0.0.1:60295 ! R:localhost/127.0.0.1:60287] with attribute DISCARD
20:54:39.900 [AsyncHttpClient-1-5] DEBUG org.asynchttpclient.netty.handler.HttpHandler - 

Request DefaultFullHttpRequest(decodeResult: success, version: HTTP/1.1, content: EmptyByteBufBE)
DELETE /session/f83bf6acb7c55a221094b7107128ff28 HTTP/1.1
User-Agent: selenium/4.8.1 (java windows)
Content-Type: application/json; charset=utf-8
host: localhost:38989
accept: */*

Response DefaultHttpResponse(decodeResult: success, version: HTTP/1.1)
HTTP/1.1 200 OK
Content-Length: 14
Content-Type: application/json; charset=utf-8
cache-control: no-cache

20:54:39.901 [AsyncHttpClient-1-5] DEBUG org.asynchttpclient.netty.channel.ChannelManager - Adding key: http://localhost:38989 for channel [id: 0xe2f50400, L:/127.0.0.1:60286 - R:localhost/127.0.0.1:38989]
20:54:39.968 [AsyncHttpClient-1-5] DEBUG org.asynchttpclient.netty.handler.HttpHandler - Channel Closed: [id: 0xe2f50400, L:/127.0.0.1:60286 ! R:localhost/127.0.0.1:38989] with attribute DISCARD
20:54:40.011 [main] INFO  - 
  _____   ___   ___   _____     ___     _     ___   ___   ___   ___  
 |_   _| | __| / __| |_   _|   | _ \   /_\   / __| / __| | __| |   \ 
   | |   | _|  \__ \   | |     |  _/  / _ \  \__ \ \__ \ | _|  | |) |
   |_|   |___| |___/   |_|     |_|   /_/ \_\ |___/ |___/ |___| |___/ 

As a non registered user i want to try login with invalid credentials
----------------------------------------------------------------------
]]></system-out>
    <system-err><![CDATA[Starting ChromeDriver 111.0.5563.64 (c710e93d5b63b7095afe8c2c17df34408078439d-refs/branch-heads/5563@{#995}) on port 38989
Only local connections are allowed.
Please see https://chromedriver.chromium.org/security-considerations for suggestions on keeping ChromeDriver safe.
ChromeDriver was started successfully.
Apr 04, 2023 8:54:35 PM org.openqa.selenium.devtools.CdpVersionFinder findNearestMatch
WARNING: Unable to find an exact match for CDP version 111, so returning the closest version found: 110
]]></system-err>
  </testcase>
  <testcase name="As a non registered user i want to try login with invalid credentials #2" classname="login" time="5.388">
    <system-out><![CDATA[
@login
Scenario Outline: As a non registered user i want to try login with invalid credentials &amp#27;[90m# src/test/resources/features/Login.feature:21&amp#27;[0m
20:54:40.019 [main] DEBUG io.cucumber.core.plugin.SerenityReporter - Running feature from file:///C:/Users/TrisetioPutra/Documents/serenity_sauce/serenity-sepulsa/src/test/resources/features/Login.feature
20:54:40.096 [main] INFO net.serenitybdd.core.webdriver.driverproviders.ChromeDriverProvider - Starting Chrome driver instance with capabilities:
20:54:40.096 [main] INFO net.serenitybdd.core.webdriver.driverproviders.ChromeDriverProvider - Capabilities {acceptInsecureCerts: true, browserName: chrome, goog:chromeOptions: {args: [remote-allow-origins=*, test-type, no-sandbox, ignore-certificate-errors, --window-size=1000,800, incognito, disable-infobars, disable-gpu, disable-default-apps, disable-popup-blocking, remote-allow-origins=*, test-type, no-sandbox, ignore-certificate-errors, --window-size=1000,800, incognito, disable-infobars, disable-gpu, disable-default-apps, disable-popup-blocking, remote-allow-origins=*], extensions: []}}
20:54:40.213 [AsyncHttpClient-1-8] DEBUG org.asynchttpclient.netty.channel.NettyConnectListener - Using new Channel '[id: 0xa31c52c8, L:/127.0.0.1:60331 - R:localhost/127.0.0.1:42194]' for 'POST' to '/session'
20:54:40.274 [AsyncHttpClient-1-1] DEBUG org.asynchttpclient.netty.channel.DefaultChannelPool - Entry count for : http://localhost:60287 : 1
20:54:40.274 [AsyncHttpClient-1-1] DEBUG org.asynchttpclient.netty.channel.DefaultChannelPool - Entry count for : http://localhost:38989 : 1
20:54:40.274 [AsyncHttpClient-1-1] DEBUG org.asynchttpclient.netty.channel.DefaultChannelPool - Adding Candidate expired Channel [id: 0xa5f72ace, L:/127.0.0.1:60295 ! R:localhost/127.0.0.1:60287] isIdleTimeoutExpired=false isRemotelyClosed=true isTtlExpired=false
20:54:40.274 [AsyncHttpClient-1-1] DEBUG org.asynchttpclient.netty.channel.DefaultChannelPool - Closing Idle Channel [id: 0xa5f72ace, L:/127.0.0.1:60295 ! R:localhost/127.0.0.1:60287]
20:54:40.274 [AsyncHttpClient-1-1] DEBUG org.asynchttpclient.netty.channel.DefaultChannelPool - Adding Candidate expired Channel [id: 0xe2f50400, L:/127.0.0.1:60286 ! R:localhost/127.0.0.1:38989] isIdleTimeoutExpired=false isRemotelyClosed=true isTtlExpired=false
20:54:40.274 [AsyncHttpClient-1-1] DEBUG org.asynchttpclient.netty.channel.DefaultChannelPool - Closing Idle Channel [id: 0xe2f50400, L:/127.0.0.1:60286 ! R:localhost/127.0.0.1:38989]
20:54:40.274 [AsyncHttpClient-1-1] DEBUG org.asynchttpclient.netty.channel.DefaultChannelPool - Closed 2 connections out of 2 in 0 ms
20:54:40.844 [AsyncHttpClient-1-8] DEBUG org.asynchttpclient.netty.handler.HttpHandler - 

Request DefaultHttpRequest(decodeResult: success, version: HTTP/1.1)
POST /session HTTP/1.1
User-Agent: selenium/4.8.1 (java windows)
Content-Length: 1729
Content-Type: application/json; charset=utf-8
host: localhost:42194
accept: */*

Response DefaultHttpResponse(decodeResult: success, version: HTTP/1.1)
HTTP/1.1 200 OK
Content-Length: 861
Content-Type: application/json; charset=utf-8
cache-control: no-cache

20:54:40.844 [AsyncHttpClient-1-8] DEBUG org.asynchttpclient.netty.channel.ChannelManager - Adding key: http://localhost:42194 for channel [id: 0xa31c52c8, L:/127.0.0.1:60331 - R:localhost/127.0.0.1:42194]
20:54:40.852 [AsyncHttpClient-1-9] DEBUG org.asynchttpclient.netty.channel.NettyConnectListener - Using new Channel '[id: 0x839879d4, L:/127.0.0.1:60338 - R:localhost/127.0.0.1:60332]' for 'GET' to '/json/version'
20:54:40.855 [AsyncHttpClient-1-9] DEBUG org.asynchttpclient.netty.handler.HttpHandler - 

Request DefaultFullHttpRequest(decodeResult: success, version: HTTP/1.1, content: EmptyByteBufBE)
GET /json/version HTTP/1.1
User-Agent: selenium/4.8.1 (java windows)
host: localhost:60332
accept: */*

Response DefaultHttpResponse(decodeResult: success, version: HTTP/1.1)
HTTP/1.1 200 OK
Content-Security-Policy: frame-ancestors 'none'
Content-Length: 424
Content-Type: application/json; charset=UTF-8

20:54:40.855 [AsyncHttpClient-1-9] DEBUG org.asynchttpclient.netty.channel.ChannelManager - Adding key: http://localhost:60332 for channel [id: 0x839879d4, L:/127.0.0.1:60338 - R:localhost/127.0.0.1:60332]
20:54:40.859 [AsyncHttpClient-1-10] DEBUG org.asynchttpclient.netty.channel.NettyConnectListener - Using new Channel '[id: 0x22522bbf, L:/127.0.0.1:60339 - R:localhost/127.0.0.1:60332]' for 'GET' to '/devtools/browser/93663065-86a6-4b70-ab72-6ec1235ac11c'
20:54:40.861 [AsyncHttpClient-1-10] DEBUG org.asynchttpclient.netty.handler.WebSocketHandler - 

Request DefaultFullHttpRequest(decodeResult: success, version: HTTP/1.1, content: EmptyByteBufBE)
GET /devtools/browser/93663065-86a6-4b70-ab72-6ec1235ac11c HTTP/1.1
upgrade: websocket
connection: upgrade
sec-websocket-key: zRoOGVMIUEdlWYx0QPZB1Q==
sec-websocket-version: 13
origin: http://localhost:60332
host: localhost:60332
accept: */*
user-agent: AHC/2.1

Response DefaultHttpResponse(decodeResult: success, version: HTTP/1.1)
HTTP/1.1 101 WebSocket Protocol Handshake
Upgrade: WebSocket
Connection: Upgrade
Sec-WebSocket-Accept: BHwjF/6CxVf31Kkiqqd1miCiw74=

20:54:40.866 [Forwarding get on session 1553df08de52fc20ec2c28cf2a37562f to remote] DEBUG org.asynchttpclient.netty.request.NettyRequestSender - Using pooled Channel '[id: 0xa31c52c8, L:/127.0.0.1:60331 - R:localhost/127.0.0.1:42194]' for 'POST' to 'http://localhost:42194/session/1553df08de52fc20ec2c28cf2a37562f/url'
20:54:40.866 [Forwarding get on session 1553df08de52fc20ec2c28cf2a37562f to remote] DEBUG org.asynchttpclient.netty.request.NettyRequestSender - Using open Channel [id: 0xa31c52c8, L:/127.0.0.1:60331 - R:localhost/127.0.0.1:42194] for POST '/session/1553df08de52fc20ec2c28cf2a37562f/url'
20:54:41.369 [AsyncHttpClient-1-1] DEBUG org.asynchttpclient.netty.channel.DefaultChannelPool - Entry count for : http://localhost:60332 : 1
20:54:42.237 [AsyncHttpClient-1-8] DEBUG org.asynchttpclient.netty.handler.HttpHandler - 

Request DefaultHttpRequest(decodeResult: success, version: HTTP/1.1)
POST /session/1553df08de52fc20ec2c28cf2a37562f/url HTTP/1.1
User-Agent: selenium/4.8.1 (java windows)
Content-Length: 60
Content-Type: application/json; charset=utf-8
host: localhost:42194
accept: */*

Response DefaultHttpResponse(decodeResult: success, version: HTTP/1.1)
HTTP/1.1 200 OK
Content-Length: 14
Content-Type: application/json; charset=utf-8
cache-control: no-cache

20:54:42.237 [AsyncHttpClient-1-8] DEBUG org.asynchttpclient.netty.channel.ChannelManager - Adding key: http://localhost:42194 for channel [id: 0xa31c52c8, L:/127.0.0.1:60331 - R:localhost/127.0.0.1:42194]
20:54:42.239 [Forwarding setTimeout on session 1553df08de52fc20ec2c28cf2a37562f to remote] DEBUG org.asynchttpclient.netty.request.NettyRequestSender - Using pooled Channel '[id: 0xa31c52c8, L:/127.0.0.1:60331 - R:localhost/127.0.0.1:42194]' for 'POST' to 'http://localhost:42194/session/1553df08de52fc20ec2c28cf2a37562f/timeouts'
20:54:42.239 [Forwarding setTimeout on session 1553df08de52fc20ec2c28cf2a37562f to remote] DEBUG org.asynchttpclient.netty.request.NettyRequestSender - Using open Channel [id: 0xa31c52c8, L:/127.0.0.1:60331 - R:localhost/127.0.0.1:42194] for POST '/session/1553df08de52fc20ec2c28cf2a37562f/timeouts'
20:54:42.241 [AsyncHttpClient-1-8] DEBUG org.asynchttpclient.netty.handler.HttpHandler - 

Request DefaultHttpRequest(decodeResult: success, version: HTTP/1.1)
POST /session/1553df08de52fc20ec2c28cf2a37562f/timeouts HTTP/1.1
User-Agent: selenium/4.8.1 (java windows)
Content-Length: 22
Content-Type: application/json; charset=utf-8
host: localhost:42194
accept: */*

Response DefaultHttpResponse(decodeResult: success, version: HTTP/1.1)
HTTP/1.1 200 OK
Content-Length: 14
Content-Type: application/json; charset=utf-8
cache-control: no-cache

20:54:42.241 [AsyncHttpClient-1-8] DEBUG org.asynchttpclient.netty.channel.ChannelManager - Adding key: http://localhost:42194 for channel [id: 0xa31c52c8, L:/127.0.0.1:60331 - R:localhost/127.0.0.1:42194]
20:54:42.248 [Forwarding findElement on session 1553df08de52fc20ec2c28cf2a37562f to remote] DEBUG org.asynchttpclient.netty.request.NettyRequestSender - Using pooled Channel '[id: 0xa31c52c8, L:/127.0.0.1:60331 - R:localhost/127.0.0.1:42194]' for 'POST' to 'http://localhost:42194/session/1553df08de52fc20ec2c28cf2a37562f/element'
20:54:42.248 [Forwarding findElement on session 1553df08de52fc20ec2c28cf2a37562f to remote] DEBUG org.asynchttpclient.netty.request.NettyRequestSender - Using open Channel [id: 0xa31c52c8, L:/127.0.0.1:60331 - R:localhost/127.0.0.1:42194] for POST '/session/1553df08de52fc20ec2c28cf2a37562f/element'
20:54:42.261 [AsyncHttpClient-1-8] DEBUG org.asynchttpclient.netty.handler.HttpHandler - 

Request DefaultHttpRequest(decodeResult: success, version: HTTP/1.1)
POST /session/1553df08de52fc20ec2c28cf2a37562f/element HTTP/1.1
User-Agent: selenium/4.8.1 (java windows)
Content-Length: 60
Content-Type: application/json; charset=utf-8
host: localhost:42194
accept: */*

Response DefaultHttpResponse(decodeResult: success, version: HTTP/1.1)
HTTP/1.1 200 OK
Content-Length: 88
Content-Type: application/json; charset=utf-8
cache-control: no-cache

20:54:42.261 [AsyncHttpClient-1-8] DEBUG org.asynchttpclient.netty.channel.ChannelManager - Adding key: http://localhost:42194 for channel [id: 0xa31c52c8, L:/127.0.0.1:60331 - R:localhost/127.0.0.1:42194]
20:54:42.265 [Forwarding isElementDisplayed on session 1553df08de52fc20ec2c28cf2a37562f to remote] DEBUG org.asynchttpclient.netty.request.NettyRequestSender - Using pooled Channel '[id: 0xa31c52c8, L:/127.0.0.1:60331 - R:localhost/127.0.0.1:42194]' for 'POST' to 'http://localhost:42194/session/1553df08de52fc20ec2c28cf2a37562f/execute/sync'
20:54:42.265 [Forwarding isElementDisplayed on session 1553df08de52fc20ec2c28cf2a37562f to remote] DEBUG org.asynchttpclient.netty.request.NettyRequestSender - Using open Channel [id: 0xa31c52c8, L:/127.0.0.1:60331 - R:localhost/127.0.0.1:42194] for POST '/session/1553df08de52fc20ec2c28cf2a37562f/execute/sync'
20:54:42.281 [AsyncHttpClient-1-8] DEBUG org.asynchttpclient.netty.handler.HttpHandler - 

Request DefaultHttpRequest(decodeResult: success, version: HTTP/1.1)
POST /session/1553df08de52fc20ec2c28cf2a37562f/execute/sync HTTP/1.1
User-Agent: selenium/4.8.1 (java windows)
Content-Length: 48807
Content-Type: application/json; charset=utf-8
host: localhost:42194
accept: */*

Response DefaultHttpResponse(decodeResult: success, version: HTTP/1.1)
HTTP/1.1 200 OK
Content-Length: 14
Content-Type: application/json; charset=utf-8
cache-control: no-cache

20:54:42.281 [AsyncHttpClient-1-8] DEBUG org.asynchttpclient.netty.channel.ChannelManager - Adding key: http://localhost:42194 for channel [id: 0xa31c52c8, L:/127.0.0.1:60331 - R:localhost/127.0.0.1:42194]
  &amp#27;[32mGiven &amp#27;[0m&amp#27;[32mI open sepulsa.com login page&amp#27;[0m                                                   &amp#27;[90m# starter.stepDefinitions.LoginSteps.onTheLoginPage()&amp#27;[0m
20:54:42.289 [Forwarding getAlertText on session 1553df08de52fc20ec2c28cf2a37562f to remote] DEBUG org.asynchttpclient.netty.request.NettyRequestSender - Using pooled Channel '[id: 0xa31c52c8, L:/127.0.0.1:60331 - R:localhost/127.0.0.1:42194]' for 'GET' to 'http://localhost:42194/session/1553df08de52fc20ec2c28cf2a37562f/alert/text'
20:54:42.289 [Forwarding getAlertText on session 1553df08de52fc20ec2c28cf2a37562f to remote] DEBUG org.asynchttpclient.netty.request.NettyRequestSender - Using open Channel [id: 0xa31c52c8, L:/127.0.0.1:60331 - R:localhost/127.0.0.1:42194] for GET '/session/1553df08de52fc20ec2c28cf2a37562f/alert/text'
20:54:42.291 [AsyncHttpClient-1-8] DEBUG org.asynchttpclient.netty.handler.HttpHandler - 

Request DefaultFullHttpRequest(decodeResult: success, version: HTTP/1.1, content: EmptyByteBufBE)
GET /session/1553df08de52fc20ec2c28cf2a37562f/alert/text HTTP/1.1
User-Agent: selenium/4.8.1 (java windows)
Cache-Control: no-cache
Content-Type: application/json; charset=utf-8
host: localhost:42194
accept: */*

Response DefaultHttpResponse(decodeResult: success, version: HTTP/1.1)
HTTP/1.1 404 Not Found
Content-Length: 816
Content-Type: application/json; charset=utf-8
cache-control: no-cache

20:54:42.291 [AsyncHttpClient-1-8] DEBUG org.asynchttpclient.netty.channel.ChannelManager - Adding key: http://localhost:42194 for channel [id: 0xa31c52c8, L:/127.0.0.1:60331 - R:localhost/127.0.0.1:42194]
20:54:42.292 [Forwarding getCurrentUrl on session 1553df08de52fc20ec2c28cf2a37562f to remote] DEBUG org.asynchttpclient.netty.request.NettyRequestSender - Using pooled Channel '[id: 0xa31c52c8, L:/127.0.0.1:60331 - R:localhost/127.0.0.1:42194]' for 'GET' to 'http://localhost:42194/session/1553df08de52fc20ec2c28cf2a37562f/url'
20:54:42.292 [Forwarding getCurrentUrl on session 1553df08de52fc20ec2c28cf2a37562f to remote] DEBUG org.asynchttpclient.netty.request.NettyRequestSender - Using open Channel [id: 0xa31c52c8, L:/127.0.0.1:60331 - R:localhost/127.0.0.1:42194] for GET '/session/1553df08de52fc20ec2c28cf2a37562f/url'
20:54:42.296 [AsyncHttpClient-1-8] DEBUG org.asynchttpclient.netty.handler.HttpHandler - 

Request DefaultFullHttpRequest(decodeResult: success, version: HTTP/1.1, content: EmptyByteBufBE)
GET /session/1553df08de52fc20ec2c28cf2a37562f/url HTTP/1.1
User-Agent: selenium/4.8.1 (java windows)
Cache-Control: no-cache
Content-Type: application/json; charset=utf-8
host: localhost:42194
accept: */*

Response DefaultHttpResponse(decodeResult: success, version: HTTP/1.1)
HTTP/1.1 200 OK
Content-Length: 42
Content-Type: application/json; charset=utf-8
cache-control: no-cache

20:54:42.296 [AsyncHttpClient-1-8] DEBUG org.asynchttpclient.netty.channel.ChannelManager - Adding key: http://localhost:42194 for channel [id: 0xa31c52c8, L:/127.0.0.1:60331 - R:localhost/127.0.0.1:42194]
20:54:42.297 [Forwarding screenshot on session 1553df08de52fc20ec2c28cf2a37562f to remote] DEBUG org.asynchttpclient.netty.request.NettyRequestSender - Using pooled Channel '[id: 0xa31c52c8, L:/127.0.0.1:60331 - R:localhost/127.0.0.1:42194]' for 'GET' to 'http://localhost:42194/session/1553df08de52fc20ec2c28cf2a37562f/screenshot'
20:54:42.297 [Forwarding screenshot on session 1553df08de52fc20ec2c28cf2a37562f to remote] DEBUG org.asynchttpclient.netty.request.NettyRequestSender - Using open Channel [id: 0xa31c52c8, L:/127.0.0.1:60331 - R:localhost/127.0.0.1:42194] for GET '/session/1553df08de52fc20ec2c28cf2a37562f/screenshot'
20:54:42.469 [AsyncHttpClient-1-1] DEBUG org.asynchttpclient.netty.channel.DefaultChannelPool - Entry count for : http://localhost:60332 : 1
20:54:42.523 [AsyncHttpClient-1-8] DEBUG org.asynchttpclient.netty.handler.HttpHandler - 

Request DefaultFullHttpRequest(decodeResult: success, version: HTTP/1.1, content: EmptyByteBufBE)
GET /session/1553df08de52fc20ec2c28cf2a37562f/screenshot HTTP/1.1
User-Agent: selenium/4.8.1 (java windows)
Cache-Control: no-cache
Content-Type: application/json; charset=utf-8
host: localhost:42194
accept: */*

Response DefaultHttpResponse(decodeResult: success, version: HTTP/1.1)
HTTP/1.1 200 OK
Content-Length: 388844
Content-Type: application/json; charset=utf-8
cache-control: no-cache

20:54:42.524 [AsyncHttpClient-1-8] DEBUG org.asynchttpclient.netty.channel.ChannelManager - Adding key: http://localhost:42194 for channel [id: 0xa31c52c8, L:/127.0.0.1:60331 - R:localhost/127.0.0.1:42194]
20:54:42.531 [main] DEBUG net.serenitybdd.core.photography.Darkroom - Send negative for processing for target\site\serenity\23074d7b0f6fbb0160ca61e969d97bf2339a1ebcbf0ccf3dbb9a7cd8a50b4f4b.png
20:54:42.539 [Forwarding getPageSource on session 1553df08de52fc20ec2c28cf2a37562f to remote] DEBUG org.asynchttpclient.netty.request.NettyRequestSender - Using pooled Channel '[id: 0xa31c52c8, L:/127.0.0.1:60331 - R:localhost/127.0.0.1:42194]' for 'POST' to 'http://localhost:42194/session/1553df08de52fc20ec2c28cf2a37562f/execute/sync'
20:54:42.539 [Forwarding getPageSource on session 1553df08de52fc20ec2c28cf2a37562f to remote] DEBUG org.asynchttpclient.netty.request.NettyRequestSender - Using open Channel [id: 0xa31c52c8, L:/127.0.0.1:60331 - R:localhost/127.0.0.1:42194] for POST '/session/1553df08de52fc20ec2c28cf2a37562f/execute/sync'
20:54:42.550 [AsyncHttpClient-1-8] DEBUG org.asynchttpclient.netty.handler.HttpHandler - 

Request DefaultHttpRequest(decodeResult: success, version: HTTP/1.1)
POST /session/1553df08de52fc20ec2c28cf2a37562f/execute/sync HTTP/1.1
User-Agent: selenium/4.8.1 (java windows)
Content-Length: 176
Content-Type: application/json; charset=utf-8
host: localhost:42194
accept: */*

Response DefaultHttpResponse(decodeResult: success, version: HTTP/1.1)
HTTP/1.1 200 OK
Content-Length: 113270
Content-Type: application/json; charset=utf-8
cache-control: no-cache

20:54:42.550 [AsyncHttpClient-1-8] DEBUG org.asynchttpclient.netty.channel.ChannelManager - Adding key: http://localhost:42194 for channel [id: 0xa31c52c8, L:/127.0.0.1:60331 - R:localhost/127.0.0.1:42194]
20:54:42.558 [Forwarding getCurrentUrl on session 1553df08de52fc20ec2c28cf2a37562f to remote] DEBUG org.asynchttpclient.netty.request.NettyRequestSender - Using pooled Channel '[id: 0xa31c52c8, L:/127.0.0.1:60331 - R:localhost/127.0.0.1:42194]' for 'GET' to 'http://localhost:42194/session/1553df08de52fc20ec2c28cf2a37562f/url'
20:54:42.558 [Forwarding getCurrentUrl on session 1553df08de52fc20ec2c28cf2a37562f to remote] DEBUG org.asynchttpclient.netty.request.NettyRequestSender - Using open Channel [id: 0xa31c52c8, L:/127.0.0.1:60331 - R:localhost/127.0.0.1:42194] for GET '/session/1553df08de52fc20ec2c28cf2a37562f/url'
20:54:42.562 [AsyncHttpClient-1-8] DEBUG org.asynchttpclient.netty.handler.HttpHandler - 

Request DefaultFullHttpRequest(decodeResult: success, version: HTTP/1.1, content: EmptyByteBufBE)
GET /session/1553df08de52fc20ec2c28cf2a37562f/url HTTP/1.1
User-Agent: selenium/4.8.1 (java windows)
Cache-Control: no-cache
Content-Type: application/json; charset=utf-8
host: localhost:42194
accept: */*

Response DefaultHttpResponse(decodeResult: success, version: HTTP/1.1)
HTTP/1.1 200 OK
Content-Length: 42
Content-Type: application/json; charset=utf-8
cache-control: no-cache

20:54:42.562 [AsyncHttpClient-1-8] DEBUG org.asynchttpclient.netty.channel.ChannelManager - Adding key: http://localhost:42194 for channel [id: 0xa31c52c8, L:/127.0.0.1:60331 - R:localhost/127.0.0.1:42194]
20:54:42.568 [Forwarding findElement on session 1553df08de52fc20ec2c28cf2a37562f to remote] DEBUG org.asynchttpclient.netty.request.NettyRequestSender - Using pooled Channel '[id: 0xa31c52c8, L:/127.0.0.1:60331 - R:localhost/127.0.0.1:42194]' for 'POST' to 'http://localhost:42194/session/1553df08de52fc20ec2c28cf2a37562f/element'
20:54:42.569 [Forwarding findElement on session 1553df08de52fc20ec2c28cf2a37562f to remote] DEBUG org.asynchttpclient.netty.request.NettyRequestSender - Using open Channel [id: 0xa31c52c8, L:/127.0.0.1:60331 - R:localhost/127.0.0.1:42194] for POST '/session/1553df08de52fc20ec2c28cf2a37562f/element'
20:54:42.579 [AsyncHttpClient-1-8] DEBUG org.asynchttpclient.netty.handler.HttpHandler - 

Request DefaultHttpRequest(decodeResult: success, version: HTTP/1.1)
POST /session/1553df08de52fc20ec2c28cf2a37562f/element HTTP/1.1
User-Agent: selenium/4.8.1 (java windows)
Content-Length: 50
Content-Type: application/json; charset=utf-8
host: localhost:42194
accept: */*

Response DefaultHttpResponse(decodeResult: success, version: HTTP/1.1)
HTTP/1.1 200 OK
Content-Length: 88
Content-Type: application/json; charset=utf-8
cache-control: no-cache

20:54:42.579 [AsyncHttpClient-1-8] DEBUG org.asynchttpclient.netty.channel.ChannelManager - Adding key: http://localhost:42194 for channel [id: 0xa31c52c8, L:/127.0.0.1:60331 - R:localhost/127.0.0.1:42194]
20:54:42.580 [Forwarding clearElement on session 1553df08de52fc20ec2c28cf2a37562f to remote] DEBUG org.asynchttpclient.netty.request.NettyRequestSender - Using pooled Channel '[id: 0xa31c52c8, L:/127.0.0.1:60331 - R:localhost/127.0.0.1:42194]' for 'POST' to 'http://localhost:42194/session/1553df08de52fc20ec2c28cf2a37562f/element/619fc69c-abb8-403b-8091-991042a3bdf4/clear'
20:54:42.580 [Forwarding clearElement on session 1553df08de52fc20ec2c28cf2a37562f to remote] DEBUG org.asynchttpclient.netty.request.NettyRequestSender - Using open Channel [id: 0xa31c52c8, L:/127.0.0.1:60331 - R:localhost/127.0.0.1:42194] for POST '/session/1553df08de52fc20ec2c28cf2a37562f/element/619fc69c-abb8-403b-8091-991042a3bdf4/clear'
20:54:42.607 [AsyncHttpClient-1-8] DEBUG org.asynchttpclient.netty.handler.HttpHandler - 

Request DefaultHttpRequest(decodeResult: success, version: HTTP/1.1)
POST /session/1553df08de52fc20ec2c28cf2a37562f/element/619fc69c-abb8-403b-8091-991042a3bdf4/clear HTTP/1.1
User-Agent: selenium/4.8.1 (java windows)
Content-Length: 50
Content-Type: application/json; charset=utf-8
host: localhost:42194
accept: */*

Response DefaultHttpResponse(decodeResult: success, version: HTTP/1.1)
HTTP/1.1 200 OK
Content-Length: 14
Content-Type: application/json; charset=utf-8
cache-control: no-cache

20:54:42.607 [AsyncHttpClient-1-8] DEBUG org.asynchttpclient.netty.channel.ChannelManager - Adding key: http://localhost:42194 for channel [id: 0xa31c52c8, L:/127.0.0.1:60331 - R:localhost/127.0.0.1:42194]
20:54:42.609 [Forwarding sendKeysToElement on session 1553df08de52fc20ec2c28cf2a37562f to remote] DEBUG org.asynchttpclient.netty.request.NettyRequestSender - Using pooled Channel '[id: 0xa31c52c8, L:/127.0.0.1:60331 - R:localhost/127.0.0.1:42194]' for 'POST' to 'http://localhost:42194/session/1553df08de52fc20ec2c28cf2a37562f/element/619fc69c-abb8-403b-8091-991042a3bdf4/value'
20:54:42.609 [Forwarding sendKeysToElement on session 1553df08de52fc20ec2c28cf2a37562f to remote] DEBUG org.asynchttpclient.netty.request.NettyRequestSender - Using open Channel [id: 0xa31c52c8, L:/127.0.0.1:60331 - R:localhost/127.0.0.1:42194] for POST '/session/1553df08de52fc20ec2c28cf2a37562f/element/619fc69c-abb8-403b-8091-991042a3bdf4/value'
20:54:42.717 [AsyncHttpClient-1-8] DEBUG org.asynchttpclient.netty.handler.HttpHandler - 

Request DefaultHttpRequest(decodeResult: success, version: HTTP/1.1)
POST /session/1553df08de52fc20ec2c28cf2a37562f/element/619fc69c-abb8-403b-8091-991042a3bdf4/value HTTP/1.1
User-Agent: selenium/4.8.1 (java windows)
Content-Length: 281
Content-Type: application/json; charset=utf-8
host: localhost:42194
accept: */*

Response DefaultHttpResponse(decodeResult: success, version: HTTP/1.1)
HTTP/1.1 200 OK
Content-Length: 14
Content-Type: application/json; charset=utf-8
cache-control: no-cache

20:54:42.717 [AsyncHttpClient-1-8] DEBUG org.asynchttpclient.netty.channel.ChannelManager - Adding key: http://localhost:42194 for channel [id: 0xa31c52c8, L:/127.0.0.1:60331 - R:localhost/127.0.0.1:42194]
20:54:42.722 [Forwarding findElement on session 1553df08de52fc20ec2c28cf2a37562f to remote] DEBUG org.asynchttpclient.netty.request.NettyRequestSender - Using pooled Channel '[id: 0xa31c52c8, L:/127.0.0.1:60331 - R:localhost/127.0.0.1:42194]' for 'POST' to 'http://localhost:42194/session/1553df08de52fc20ec2c28cf2a37562f/element'
20:54:42.723 [Forwarding findElement on session 1553df08de52fc20ec2c28cf2a37562f to remote] DEBUG org.asynchttpclient.netty.request.NettyRequestSender - Using open Channel [id: 0xa31c52c8, L:/127.0.0.1:60331 - R:localhost/127.0.0.1:42194] for POST '/session/1553df08de52fc20ec2c28cf2a37562f/element'
20:54:42.733 [AsyncHttpClient-1-8] DEBUG org.asynchttpclient.netty.handler.HttpHandler - 

Request DefaultHttpRequest(decodeResult: success, version: HTTP/1.1)
POST /session/1553df08de52fc20ec2c28cf2a37562f/element HTTP/1.1
User-Agent: selenium/4.8.1 (java windows)
Content-Length: 53
Content-Type: application/json; charset=utf-8
host: localhost:42194
accept: */*

Response DefaultHttpResponse(decodeResult: success, version: HTTP/1.1)
HTTP/1.1 200 OK
Content-Length: 88
Content-Type: application/json; charset=utf-8
cache-control: no-cache

20:54:42.733 [AsyncHttpClient-1-8] DEBUG org.asynchttpclient.netty.channel.ChannelManager - Adding key: http://localhost:42194 for channel [id: 0xa31c52c8, L:/127.0.0.1:60331 - R:localhost/127.0.0.1:42194]
20:54:42.735 [Forwarding clearElement on session 1553df08de52fc20ec2c28cf2a37562f to remote] DEBUG org.asynchttpclient.netty.request.NettyRequestSender - Using pooled Channel '[id: 0xa31c52c8, L:/127.0.0.1:60331 - R:localhost/127.0.0.1:42194]' for 'POST' to 'http://localhost:42194/session/1553df08de52fc20ec2c28cf2a37562f/element/08726842-b588-49b9-ab70-07471368a743/clear'
20:54:42.735 [Forwarding clearElement on session 1553df08de52fc20ec2c28cf2a37562f to remote] DEBUG org.asynchttpclient.netty.request.NettyRequestSender - Using open Channel [id: 0xa31c52c8, L:/127.0.0.1:60331 - R:localhost/127.0.0.1:42194] for POST '/session/1553df08de52fc20ec2c28cf2a37562f/element/08726842-b588-49b9-ab70-07471368a743/clear'
20:54:42.765 [AsyncHttpClient-1-8] DEBUG org.asynchttpclient.netty.handler.HttpHandler - 

Request DefaultHttpRequest(decodeResult: success, version: HTTP/1.1)
POST /session/1553df08de52fc20ec2c28cf2a37562f/element/08726842-b588-49b9-ab70-07471368a743/clear HTTP/1.1
User-Agent: selenium/4.8.1 (java windows)
Content-Length: 50
Content-Type: application/json; charset=utf-8
host: localhost:42194
accept: */*

Response DefaultHttpResponse(decodeResult: success, version: HTTP/1.1)
HTTP/1.1 200 OK
Content-Length: 14
Content-Type: application/json; charset=utf-8
cache-control: no-cache

20:54:42.765 [AsyncHttpClient-1-8] DEBUG org.asynchttpclient.netty.channel.ChannelManager - Adding key: http://localhost:42194 for channel [id: 0xa31c52c8, L:/127.0.0.1:60331 - R:localhost/127.0.0.1:42194]
20:54:42.767 [Forwarding sendKeysToElement on session 1553df08de52fc20ec2c28cf2a37562f to remote] DEBUG org.asynchttpclient.netty.request.NettyRequestSender - Using pooled Channel '[id: 0xa31c52c8, L:/127.0.0.1:60331 - R:localhost/127.0.0.1:42194]' for 'POST' to 'http://localhost:42194/session/1553df08de52fc20ec2c28cf2a37562f/element/08726842-b588-49b9-ab70-07471368a743/value'
20:54:42.768 [Forwarding sendKeysToElement on session 1553df08de52fc20ec2c28cf2a37562f to remote] DEBUG org.asynchttpclient.netty.request.NettyRequestSender - Using open Channel [id: 0xa31c52c8, L:/127.0.0.1:60331 - R:localhost/127.0.0.1:42194] for POST '/session/1553df08de52fc20ec2c28cf2a37562f/element/08726842-b588-49b9-ab70-07471368a743/value'
20:54:42.834 [AsyncHttpClient-1-8] DEBUG org.asynchttpclient.netty.handler.HttpHandler - 

Request DefaultHttpRequest(decodeResult: success, version: HTTP/1.1)
POST /session/1553df08de52fc20ec2c28cf2a37562f/element/08726842-b588-49b9-ab70-07471368a743/value HTTP/1.1
User-Agent: selenium/4.8.1 (java windows)
Content-Length: 161
Content-Type: application/json; charset=utf-8
host: localhost:42194
accept: */*

Response DefaultHttpResponse(decodeResult: success, version: HTTP/1.1)
HTTP/1.1 200 OK
Content-Length: 14
Content-Type: application/json; charset=utf-8
cache-control: no-cache

20:54:42.834 [AsyncHttpClient-1-8] DEBUG org.asynchttpclient.netty.channel.ChannelManager - Adding key: http://localhost:42194 for channel [id: 0xa31c52c8, L:/127.0.0.1:60331 - R:localhost/127.0.0.1:42194]
  &amp#27;[32mWhen &amp#27;[0m&amp#27;[32mI enter credentials on &amp#27;[0m&amp#27;[32m&amp#27;[1m"testing123@gmail.com"&amp#27;[0m&amp#27;[32m and &amp#27;[0m&amp#27;[32m&amp#27;[1m"Testsaja"&amp#27;[0m&amp#27;[32m fields&amp#27;[0m              &amp#27;[90m# starter.stepDefinitions.LoginSteps.i_enter_credentials_on_and_fields(java.lang.String,java.lang.String)&amp#27;[0m
20:54:42.843 [Forwarding getAlertText on session 1553df08de52fc20ec2c28cf2a37562f to remote] DEBUG org.asynchttpclient.netty.request.NettyRequestSender - Using pooled Channel '[id: 0xa31c52c8, L:/127.0.0.1:60331 - R:localhost/127.0.0.1:42194]' for 'GET' to 'http://localhost:42194/session/1553df08de52fc20ec2c28cf2a37562f/alert/text'
20:54:42.843 [Forwarding getAlertText on session 1553df08de52fc20ec2c28cf2a37562f to remote] DEBUG org.asynchttpclient.netty.request.NettyRequestSender - Using open Channel [id: 0xa31c52c8, L:/127.0.0.1:60331 - R:localhost/127.0.0.1:42194] for GET '/session/1553df08de52fc20ec2c28cf2a37562f/alert/text'
20:54:42.846 [AsyncHttpClient-1-8] DEBUG org.asynchttpclient.netty.handler.HttpHandler - 

Request DefaultFullHttpRequest(decodeResult: success, version: HTTP/1.1, content: EmptyByteBufBE)
GET /session/1553df08de52fc20ec2c28cf2a37562f/alert/text HTTP/1.1
User-Agent: selenium/4.8.1 (java windows)
Cache-Control: no-cache
Content-Type: application/json; charset=utf-8
host: localhost:42194
accept: */*

Response DefaultHttpResponse(decodeResult: success, version: HTTP/1.1)
HTTP/1.1 404 Not Found
Content-Length: 816
Content-Type: application/json; charset=utf-8
cache-control: no-cache

20:54:42.846 [AsyncHttpClient-1-8] DEBUG org.asynchttpclient.netty.channel.ChannelManager - Adding key: http://localhost:42194 for channel [id: 0xa31c52c8, L:/127.0.0.1:60331 - R:localhost/127.0.0.1:42194]
20:54:42.847 [Forwarding getCurrentUrl on session 1553df08de52fc20ec2c28cf2a37562f to remote] DEBUG org.asynchttpclient.netty.request.NettyRequestSender - Using pooled Channel '[id: 0xa31c52c8, L:/127.0.0.1:60331 - R:localhost/127.0.0.1:42194]' for 'GET' to 'http://localhost:42194/session/1553df08de52fc20ec2c28cf2a37562f/url'
20:54:42.847 [Forwarding getCurrentUrl on session 1553df08de52fc20ec2c28cf2a37562f to remote] DEBUG org.asynchttpclient.netty.request.NettyRequestSender - Using open Channel [id: 0xa31c52c8, L:/127.0.0.1:60331 - R:localhost/127.0.0.1:42194] for GET '/session/1553df08de52fc20ec2c28cf2a37562f/url'
20:54:42.850 [AsyncHttpClient-1-8] DEBUG org.asynchttpclient.netty.handler.HttpHandler - 

Request DefaultFullHttpRequest(decodeResult: success, version: HTTP/1.1, content: EmptyByteBufBE)
GET /session/1553df08de52fc20ec2c28cf2a37562f/url HTTP/1.1
User-Agent: selenium/4.8.1 (java windows)
Cache-Control: no-cache
Content-Type: application/json; charset=utf-8
host: localhost:42194
accept: */*

Response DefaultHttpResponse(decodeResult: success, version: HTTP/1.1)
HTTP/1.1 200 OK
Content-Length: 42
Content-Type: application/json; charset=utf-8
cache-control: no-cache

20:54:42.851 [AsyncHttpClient-1-8] DEBUG org.asynchttpclient.netty.channel.ChannelManager - Adding key: http://localhost:42194 for channel [id: 0xa31c52c8, L:/127.0.0.1:60331 - R:localhost/127.0.0.1:42194]
20:54:42.851 [Forwarding screenshot on session 1553df08de52fc20ec2c28cf2a37562f to remote] DEBUG org.asynchttpclient.netty.request.NettyRequestSender - Using pooled Channel '[id: 0xa31c52c8, L:/127.0.0.1:60331 - R:localhost/127.0.0.1:42194]' for 'GET' to 'http://localhost:42194/session/1553df08de52fc20ec2c28cf2a37562f/screenshot'
20:54:42.852 [Forwarding screenshot on session 1553df08de52fc20ec2c28cf2a37562f to remote] DEBUG org.asynchttpclient.netty.request.NettyRequestSender - Using open Channel [id: 0xa31c52c8, L:/127.0.0.1:60331 - R:localhost/127.0.0.1:42194] for GET '/session/1553df08de52fc20ec2c28cf2a37562f/screenshot'
20:54:43.129 [AsyncHttpClient-1-8] DEBUG org.asynchttpclient.netty.handler.HttpHandler - 

Request DefaultFullHttpRequest(decodeResult: success, version: HTTP/1.1, content: EmptyByteBufBE)
GET /session/1553df08de52fc20ec2c28cf2a37562f/screenshot HTTP/1.1
User-Agent: selenium/4.8.1 (java windows)
Cache-Control: no-cache
Content-Type: application/json; charset=utf-8
host: localhost:42194
accept: */*

Response DefaultHttpResponse(decodeResult: success, version: HTTP/1.1)
HTTP/1.1 200 OK
Content-Length: 392276
Content-Type: application/json; charset=utf-8
cache-control: no-cache

20:54:43.131 [AsyncHttpClient-1-8] DEBUG org.asynchttpclient.netty.channel.ChannelManager - Adding key: http://localhost:42194 for channel [id: 0xa31c52c8, L:/127.0.0.1:60331 - R:localhost/127.0.0.1:42194]
20:54:43.142 [main] DEBUG net.serenitybdd.core.photography.Darkroom - Send negative for processing for target\site\serenity\8d7951ab6337eb3cd91e494f7e138884ac28d481d83433157fadc902cc2ab833.png
20:54:43.143 [Darkroom Processing Line] DEBUG net.serenitybdd.core.photography.DarkroomProcessingLine - Processing screenshot image in /var/screenshots/screenshot-641151805489087447
20:54:43.143 [Darkroom Processing Line] DEBUG net.serenitybdd.core.photography.DarkroomProcessingLine - Saving screenshot to target\site\serenity\8d7951ab6337eb3cd91e494f7e138884ac28d481d83433157fadc902cc2ab833.png
20:54:43.148 [Forwarding getPageSource on session 1553df08de52fc20ec2c28cf2a37562f to remote] DEBUG org.asynchttpclient.netty.request.NettyRequestSender - Using pooled Channel '[id: 0xa31c52c8, L:/127.0.0.1:60331 - R:localhost/127.0.0.1:42194]' for 'POST' to 'http://localhost:42194/session/1553df08de52fc20ec2c28cf2a37562f/execute/sync'
20:54:43.149 [Forwarding getPageSource on session 1553df08de52fc20ec2c28cf2a37562f to remote] DEBUG org.asynchttpclient.netty.request.NettyRequestSender - Using open Channel [id: 0xa31c52c8, L:/127.0.0.1:60331 - R:localhost/127.0.0.1:42194] for POST '/session/1553df08de52fc20ec2c28cf2a37562f/execute/sync'
20:54:43.160 [AsyncHttpClient-1-8] DEBUG org.asynchttpclient.netty.handler.HttpHandler - 

Request DefaultHttpRequest(decodeResult: success, version: HTTP/1.1)
POST /session/1553df08de52fc20ec2c28cf2a37562f/execute/sync HTTP/1.1
User-Agent: selenium/4.8.1 (java windows)
Content-Length: 176
Content-Type: application/json; charset=utf-8
host: localhost:42194
accept: */*

Response DefaultHttpResponse(decodeResult: success, version: HTTP/1.1)
HTTP/1.1 200 OK
Content-Length: 113328
Content-Type: application/json; charset=utf-8
cache-control: no-cache

20:54:43.161 [AsyncHttpClient-1-8] DEBUG org.asynchttpclient.netty.channel.ChannelManager - Adding key: http://localhost:42194 for channel [id: 0xa31c52c8, L:/127.0.0.1:60331 - R:localhost/127.0.0.1:42194]
20:54:43.173 [Forwarding getCurrentUrl on session 1553df08de52fc20ec2c28cf2a37562f to remote] DEBUG org.asynchttpclient.netty.request.NettyRequestSender - Using pooled Channel '[id: 0xa31c52c8, L:/127.0.0.1:60331 - R:localhost/127.0.0.1:42194]' for 'GET' to 'http://localhost:42194/session/1553df08de52fc20ec2c28cf2a37562f/url'
20:54:43.173 [Forwarding getCurrentUrl on session 1553df08de52fc20ec2c28cf2a37562f to remote] DEBUG org.asynchttpclient.netty.request.NettyRequestSender - Using open Channel [id: 0xa31c52c8, L:/127.0.0.1:60331 - R:localhost/127.0.0.1:42194] for GET '/session/1553df08de52fc20ec2c28cf2a37562f/url'
20:54:43.176 [AsyncHttpClient-1-8] DEBUG org.asynchttpclient.netty.handler.HttpHandler - 

Request DefaultFullHttpRequest(decodeResult: success, version: HTTP/1.1, content: EmptyByteBufBE)
GET /session/1553df08de52fc20ec2c28cf2a37562f/url HTTP/1.1
User-Agent: selenium/4.8.1 (java windows)
Cache-Control: no-cache
Content-Type: application/json; charset=utf-8
host: localhost:42194
accept: */*

Response DefaultHttpResponse(decodeResult: success, version: HTTP/1.1)
HTTP/1.1 200 OK
Content-Length: 42
Content-Type: application/json; charset=utf-8
cache-control: no-cache

20:54:43.176 [AsyncHttpClient-1-8] DEBUG org.asynchttpclient.netty.channel.ChannelManager - Adding key: http://localhost:42194 for channel [id: 0xa31c52c8, L:/127.0.0.1:60331 - R:localhost/127.0.0.1:42194]
20:54:43.184 [Forwarding findElement on session 1553df08de52fc20ec2c28cf2a37562f to remote] DEBUG org.asynchttpclient.netty.request.NettyRequestSender - Using pooled Channel '[id: 0xa31c52c8, L:/127.0.0.1:60331 - R:localhost/127.0.0.1:42194]' for 'POST' to 'http://localhost:42194/session/1553df08de52fc20ec2c28cf2a37562f/element'
20:54:43.184 [Forwarding findElement on session 1553df08de52fc20ec2c28cf2a37562f to remote] DEBUG org.asynchttpclient.netty.request.NettyRequestSender - Using open Channel [id: 0xa31c52c8, L:/127.0.0.1:60331 - R:localhost/127.0.0.1:42194] for POST '/session/1553df08de52fc20ec2c28cf2a37562f/element'
20:54:43.190 [AsyncHttpClient-1-8] DEBUG org.asynchttpclient.netty.handler.HttpHandler - 

Request DefaultHttpRequest(decodeResult: success, version: HTTP/1.1)
POST /session/1553df08de52fc20ec2c28cf2a37562f/element HTTP/1.1
User-Agent: selenium/4.8.1 (java windows)
Content-Length: 60
Content-Type: application/json; charset=utf-8
host: localhost:42194
accept: */*

Response DefaultHttpResponse(decodeResult: success, version: HTTP/1.1)
HTTP/1.1 200 OK
Content-Length: 88
Content-Type: application/json; charset=utf-8
cache-control: no-cache

20:54:43.190 [AsyncHttpClient-1-8] DEBUG org.asynchttpclient.netty.channel.ChannelManager - Adding key: http://localhost:42194 for channel [id: 0xa31c52c8, L:/127.0.0.1:60331 - R:localhost/127.0.0.1:42194]
20:54:43.192 [Forwarding getElementTagName on session 1553df08de52fc20ec2c28cf2a37562f to remote] DEBUG org.asynchttpclient.netty.request.NettyRequestSender - Using pooled Channel '[id: 0xa31c52c8, L:/127.0.0.1:60331 - R:localhost/127.0.0.1:42194]' for 'GET' to 'http://localhost:42194/session/1553df08de52fc20ec2c28cf2a37562f/element/8499e7ba-7df6-4e25-9808-14a0e85a84a8/name'
20:54:43.192 [Forwarding getElementTagName on session 1553df08de52fc20ec2c28cf2a37562f to remote] DEBUG org.asynchttpclient.netty.request.NettyRequestSender - Using open Channel [id: 0xa31c52c8, L:/127.0.0.1:60331 - R:localhost/127.0.0.1:42194] for GET '/session/1553df08de52fc20ec2c28cf2a37562f/element/8499e7ba-7df6-4e25-9808-14a0e85a84a8/name'
20:54:43.196 [AsyncHttpClient-1-8] DEBUG org.asynchttpclient.netty.handler.HttpHandler - 

Request DefaultFullHttpRequest(decodeResult: success, version: HTTP/1.1, content: EmptyByteBufBE)
GET /session/1553df08de52fc20ec2c28cf2a37562f/element/8499e7ba-7df6-4e25-9808-14a0e85a84a8/name HTTP/1.1
User-Agent: selenium/4.8.1 (java windows)
Cache-Control: no-cache
Content-Type: application/json; charset=utf-8
host: localhost:42194
accept: */*

Response DefaultHttpResponse(decodeResult: success, version: HTTP/1.1)
HTTP/1.1 200 OK
Content-Length: 15
Content-Type: application/json; charset=utf-8
cache-control: no-cache

20:54:43.196 [AsyncHttpClient-1-8] DEBUG org.asynchttpclient.netty.channel.ChannelManager - Adding key: http://localhost:42194 for channel [id: 0xa31c52c8, L:/127.0.0.1:60331 - R:localhost/127.0.0.1:42194]
20:54:43.198 [Forwarding getElementTagName on session 1553df08de52fc20ec2c28cf2a37562f to remote] DEBUG org.asynchttpclient.netty.request.NettyRequestSender - Using pooled Channel '[id: 0xa31c52c8, L:/127.0.0.1:60331 - R:localhost/127.0.0.1:42194]' for 'GET' to 'http://localhost:42194/session/1553df08de52fc20ec2c28cf2a37562f/element/8499e7ba-7df6-4e25-9808-14a0e85a84a8/name'
20:54:43.198 [Forwarding getElementTagName on session 1553df08de52fc20ec2c28cf2a37562f to remote] DEBUG org.asynchttpclient.netty.request.NettyRequestSender - Using open Channel [id: 0xa31c52c8, L:/127.0.0.1:60331 - R:localhost/127.0.0.1:42194] for GET '/session/1553df08de52fc20ec2c28cf2a37562f/element/8499e7ba-7df6-4e25-9808-14a0e85a84a8/name'
20:54:43.201 [AsyncHttpClient-1-8] DEBUG org.asynchttpclient.netty.handler.HttpHandler - 

Request DefaultFullHttpRequest(decodeResult: success, version: HTTP/1.1, content: EmptyByteBufBE)
GET /session/1553df08de52fc20ec2c28cf2a37562f/element/8499e7ba-7df6-4e25-9808-14a0e85a84a8/name HTTP/1.1
User-Agent: selenium/4.8.1 (java windows)
Cache-Control: no-cache
Content-Type: application/json; charset=utf-8
host: localhost:42194
accept: */*

Response DefaultHttpResponse(decodeResult: success, version: HTTP/1.1)
HTTP/1.1 200 OK
Content-Length: 15
Content-Type: application/json; charset=utf-8
cache-control: no-cache

20:54:43.201 [AsyncHttpClient-1-8] DEBUG org.asynchttpclient.netty.channel.ChannelManager - Adding key: http://localhost:42194 for channel [id: 0xa31c52c8, L:/127.0.0.1:60331 - R:localhost/127.0.0.1:42194]
20:54:43.204 [Forwarding findElement on session 1553df08de52fc20ec2c28cf2a37562f to remote] DEBUG org.asynchttpclient.netty.request.NettyRequestSender - Using pooled Channel '[id: 0xa31c52c8, L:/127.0.0.1:60331 - R:localhost/127.0.0.1:42194]' for 'POST' to 'http://localhost:42194/session/1553df08de52fc20ec2c28cf2a37562f/element'
20:54:43.204 [Forwarding findElement on session 1553df08de52fc20ec2c28cf2a37562f to remote] DEBUG org.asynchttpclient.netty.request.NettyRequestSender - Using open Channel [id: 0xa31c52c8, L:/127.0.0.1:60331 - R:localhost/127.0.0.1:42194] for POST '/session/1553df08de52fc20ec2c28cf2a37562f/element'
20:54:43.210 [AsyncHttpClient-1-8] DEBUG org.asynchttpclient.netty.handler.HttpHandler - 

Request DefaultHttpRequest(decodeResult: success, version: HTTP/1.1)
POST /session/1553df08de52fc20ec2c28cf2a37562f/element HTTP/1.1
User-Agent: selenium/4.8.1 (java windows)
Content-Length: 60
Content-Type: application/json; charset=utf-8
host: localhost:42194
accept: */*

Response DefaultHttpResponse(decodeResult: success, version: HTTP/1.1)
HTTP/1.1 200 OK
Content-Length: 88
Content-Type: application/json; charset=utf-8
cache-control: no-cache

20:54:43.210 [AsyncHttpClient-1-8] DEBUG org.asynchttpclient.netty.channel.ChannelManager - Adding key: http://localhost:42194 for channel [id: 0xa31c52c8, L:/127.0.0.1:60331 - R:localhost/127.0.0.1:42194]
20:54:43.212 [Forwarding clickElement on session 1553df08de52fc20ec2c28cf2a37562f to remote] DEBUG org.asynchttpclient.netty.request.NettyRequestSender - Using pooled Channel '[id: 0xa31c52c8, L:/127.0.0.1:60331 - R:localhost/127.0.0.1:42194]' for 'POST' to 'http://localhost:42194/session/1553df08de52fc20ec2c28cf2a37562f/element/8499e7ba-7df6-4e25-9808-14a0e85a84a8/click'
20:54:43.212 [Forwarding clickElement on session 1553df08de52fc20ec2c28cf2a37562f to remote] DEBUG org.asynchttpclient.netty.request.NettyRequestSender - Using open Channel [id: 0xa31c52c8, L:/127.0.0.1:60331 - R:localhost/127.0.0.1:42194] for POST '/session/1553df08de52fc20ec2c28cf2a37562f/element/8499e7ba-7df6-4e25-9808-14a0e85a84a8/click'
20:54:43.294 [AsyncHttpClient-1-8] DEBUG org.asynchttpclient.netty.handler.HttpHandler - 

Request DefaultHttpRequest(decodeResult: success, version: HTTP/1.1)
POST /session/1553df08de52fc20ec2c28cf2a37562f/element/8499e7ba-7df6-4e25-9808-14a0e85a84a8/click HTTP/1.1
User-Agent: selenium/4.8.1 (java windows)
Content-Length: 50
Content-Type: application/json; charset=utf-8
host: localhost:42194
accept: */*

Response DefaultHttpResponse(decodeResult: success, version: HTTP/1.1)
HTTP/1.1 200 OK
Content-Length: 14
Content-Type: application/json; charset=utf-8
cache-control: no-cache

20:54:43.294 [AsyncHttpClient-1-8] DEBUG org.asynchttpclient.netty.channel.ChannelManager - Adding key: http://localhost:42194 for channel [id: 0xa31c52c8, L:/127.0.0.1:60331 - R:localhost/127.0.0.1:42194]
  &amp#27;[32mAnd &amp#27;[0m&amp#27;[32mI press submit button&amp#27;[0m                                                             &amp#27;[90m# starter.stepDefinitions.LoginSteps.i_press_submit_button()&amp#27;[0m
20:54:43.301 [Forwarding getAlertText on session 1553df08de52fc20ec2c28cf2a37562f to remote] DEBUG org.asynchttpclient.netty.request.NettyRequestSender - Using pooled Channel '[id: 0xa31c52c8, L:/127.0.0.1:60331 - R:localhost/127.0.0.1:42194]' for 'GET' to 'http://localhost:42194/session/1553df08de52fc20ec2c28cf2a37562f/alert/text'
20:54:43.301 [Forwarding getAlertText on session 1553df08de52fc20ec2c28cf2a37562f to remote] DEBUG org.asynchttpclient.netty.request.NettyRequestSender - Using open Channel [id: 0xa31c52c8, L:/127.0.0.1:60331 - R:localhost/127.0.0.1:42194] for GET '/session/1553df08de52fc20ec2c28cf2a37562f/alert/text'
20:54:43.303 [AsyncHttpClient-1-8] DEBUG org.asynchttpclient.netty.handler.HttpHandler - 

Request DefaultFullHttpRequest(decodeResult: success, version: HTTP/1.1, content: EmptyByteBufBE)
GET /session/1553df08de52fc20ec2c28cf2a37562f/alert/text HTTP/1.1
User-Agent: selenium/4.8.1 (java windows)
Cache-Control: no-cache
Content-Type: application/json; charset=utf-8
host: localhost:42194
accept: */*

Response DefaultHttpResponse(decodeResult: success, version: HTTP/1.1)
HTTP/1.1 404 Not Found
Content-Length: 816
Content-Type: application/json; charset=utf-8
cache-control: no-cache

20:54:43.303 [AsyncHttpClient-1-8] DEBUG org.asynchttpclient.netty.channel.ChannelManager - Adding key: http://localhost:42194 for channel [id: 0xa31c52c8, L:/127.0.0.1:60331 - R:localhost/127.0.0.1:42194]
20:54:43.305 [Forwarding getCurrentUrl on session 1553df08de52fc20ec2c28cf2a37562f to remote] DEBUG org.asynchttpclient.netty.request.NettyRequestSender - Using pooled Channel '[id: 0xa31c52c8, L:/127.0.0.1:60331 - R:localhost/127.0.0.1:42194]' for 'GET' to 'http://localhost:42194/session/1553df08de52fc20ec2c28cf2a37562f/url'
20:54:43.305 [Forwarding getCurrentUrl on session 1553df08de52fc20ec2c28cf2a37562f to remote] DEBUG org.asynchttpclient.netty.request.NettyRequestSender - Using open Channel [id: 0xa31c52c8, L:/127.0.0.1:60331 - R:localhost/127.0.0.1:42194] for GET '/session/1553df08de52fc20ec2c28cf2a37562f/url'
20:54:43.309 [AsyncHttpClient-1-8] DEBUG org.asynchttpclient.netty.handler.HttpHandler - 

Request DefaultFullHttpRequest(decodeResult: success, version: HTTP/1.1, content: EmptyByteBufBE)
GET /session/1553df08de52fc20ec2c28cf2a37562f/url HTTP/1.1
User-Agent: selenium/4.8.1 (java windows)
Cache-Control: no-cache
Content-Type: application/json; charset=utf-8
host: localhost:42194
accept: */*

Response DefaultHttpResponse(decodeResult: success, version: HTTP/1.1)
HTTP/1.1 200 OK
Content-Length: 42
Content-Type: application/json; charset=utf-8
cache-control: no-cache

20:54:43.309 [AsyncHttpClient-1-8] DEBUG org.asynchttpclient.netty.channel.ChannelManager - Adding key: http://localhost:42194 for channel [id: 0xa31c52c8, L:/127.0.0.1:60331 - R:localhost/127.0.0.1:42194]
20:54:43.310 [Forwarding screenshot on session 1553df08de52fc20ec2c28cf2a37562f to remote] DEBUG org.asynchttpclient.netty.request.NettyRequestSender - Using pooled Channel '[id: 0xa31c52c8, L:/127.0.0.1:60331 - R:localhost/127.0.0.1:42194]' for 'GET' to 'http://localhost:42194/session/1553df08de52fc20ec2c28cf2a37562f/screenshot'
20:54:43.310 [Forwarding screenshot on session 1553df08de52fc20ec2c28cf2a37562f to remote] DEBUG org.asynchttpclient.netty.request.NettyRequestSender - Using open Channel [id: 0xa31c52c8, L:/127.0.0.1:60331 - R:localhost/127.0.0.1:42194] for GET '/session/1553df08de52fc20ec2c28cf2a37562f/screenshot'
20:54:43.547 [AsyncHttpClient-1-8] DEBUG org.asynchttpclient.netty.handler.HttpHandler - 

Request DefaultFullHttpRequest(decodeResult: success, version: HTTP/1.1, content: EmptyByteBufBE)
GET /session/1553df08de52fc20ec2c28cf2a37562f/screenshot HTTP/1.1
User-Agent: selenium/4.8.1 (java windows)
Cache-Control: no-cache
Content-Type: application/json; charset=utf-8
host: localhost:42194
accept: */*

Response DefaultHttpResponse(decodeResult: success, version: HTTP/1.1)
HTTP/1.1 200 OK
Content-Length: 196568
Content-Type: application/json; charset=utf-8
cache-control: no-cache

20:54:43.548 [AsyncHttpClient-1-8] DEBUG org.asynchttpclient.netty.channel.ChannelManager - Adding key: http://localhost:42194 for channel [id: 0xa31c52c8, L:/127.0.0.1:60331 - R:localhost/127.0.0.1:42194]
20:54:43.552 [main] DEBUG net.serenitybdd.core.photography.Darkroom - Send negative for processing for target\site\serenity\9ef82124c22b7238095fce0f745fe4030e8254eaca288c834352788feef5d3b6.png
20:54:43.553 [Darkroom Processing Line] DEBUG net.serenitybdd.core.photography.DarkroomProcessingLine - Processing screenshot image in /var/screenshots/screenshot-4403473512194153130
20:54:43.553 [Darkroom Processing Line] DEBUG net.serenitybdd.core.photography.DarkroomProcessingLine - Saving screenshot to target\site\serenity\9ef82124c22b7238095fce0f745fe4030e8254eaca288c834352788feef5d3b6.png
20:54:43.562 [Forwarding getPageSource on session 1553df08de52fc20ec2c28cf2a37562f to remote] DEBUG org.asynchttpclient.netty.request.NettyRequestSender - Using pooled Channel '[id: 0xa31c52c8, L:/127.0.0.1:60331 - R:localhost/127.0.0.1:42194]' for 'POST' to 'http://localhost:42194/session/1553df08de52fc20ec2c28cf2a37562f/execute/sync'
20:54:43.562 [Forwarding getPageSource on session 1553df08de52fc20ec2c28cf2a37562f to remote] DEBUG org.asynchttpclient.netty.request.NettyRequestSender - Using open Channel [id: 0xa31c52c8, L:/127.0.0.1:60331 - R:localhost/127.0.0.1:42194] for POST '/session/1553df08de52fc20ec2c28cf2a37562f/execute/sync'
20:54:43.570 [AsyncHttpClient-1-1] DEBUG org.asynchttpclient.netty.channel.DefaultChannelPool - Entry count for : http://localhost:60332 : 1
20:54:43.592 [AsyncHttpClient-1-8] DEBUG org.asynchttpclient.netty.handler.HttpHandler - 

Request DefaultHttpRequest(decodeResult: success, version: HTTP/1.1)
POST /session/1553df08de52fc20ec2c28cf2a37562f/execute/sync HTTP/1.1
User-Agent: selenium/4.8.1 (java windows)
Content-Length: 176
Content-Type: application/json; charset=utf-8
host: localhost:42194
accept: */*

Response DefaultHttpResponse(decodeResult: success, version: HTTP/1.1)
HTTP/1.1 200 OK
Content-Length: 119793
Content-Type: application/json; charset=utf-8
cache-control: no-cache

20:54:43.592 [AsyncHttpClient-1-8] DEBUG org.asynchttpclient.netty.channel.ChannelManager - Adding key: http://localhost:42194 for channel [id: 0xa31c52c8, L:/127.0.0.1:60331 - R:localhost/127.0.0.1:42194]
20:54:43.601 [Forwarding getCurrentUrl on session 1553df08de52fc20ec2c28cf2a37562f to remote] DEBUG org.asynchttpclient.netty.request.NettyRequestSender - Using pooled Channel '[id: 0xa31c52c8, L:/127.0.0.1:60331 - R:localhost/127.0.0.1:42194]' for 'GET' to 'http://localhost:42194/session/1553df08de52fc20ec2c28cf2a37562f/url'
20:54:43.602 [Forwarding getCurrentUrl on session 1553df08de52fc20ec2c28cf2a37562f to remote] DEBUG org.asynchttpclient.netty.request.NettyRequestSender - Using open Channel [id: 0xa31c52c8, L:/127.0.0.1:60331 - R:localhost/127.0.0.1:42194] for GET '/session/1553df08de52fc20ec2c28cf2a37562f/url'
20:54:43.606 [AsyncHttpClient-1-8] DEBUG org.asynchttpclient.netty.handler.HttpHandler - 

Request DefaultFullHttpRequest(decodeResult: success, version: HTTP/1.1, content: EmptyByteBufBE)
GET /session/1553df08de52fc20ec2c28cf2a37562f/url HTTP/1.1
User-Agent: selenium/4.8.1 (java windows)
Cache-Control: no-cache
Content-Type: application/json; charset=utf-8
host: localhost:42194
accept: */*

Response DefaultHttpResponse(decodeResult: success, version: HTTP/1.1)
HTTP/1.1 200 OK
Content-Length: 42
Content-Type: application/json; charset=utf-8
cache-control: no-cache

20:54:43.606 [AsyncHttpClient-1-8] DEBUG org.asynchttpclient.netty.channel.ChannelManager - Adding key: http://localhost:42194 for channel [id: 0xa31c52c8, L:/127.0.0.1:60331 - R:localhost/127.0.0.1:42194]
20:54:43.614 [Forwarding findElement on session 1553df08de52fc20ec2c28cf2a37562f to remote] DEBUG org.asynchttpclient.netty.request.NettyRequestSender - Using pooled Channel '[id: 0xa31c52c8, L:/127.0.0.1:60331 - R:localhost/127.0.0.1:42194]' for 'POST' to 'http://localhost:42194/session/1553df08de52fc20ec2c28cf2a37562f/element'
20:54:43.614 [Forwarding findElement on session 1553df08de52fc20ec2c28cf2a37562f to remote] DEBUG org.asynchttpclient.netty.request.NettyRequestSender - Using open Channel [id: 0xa31c52c8, L:/127.0.0.1:60331 - R:localhost/127.0.0.1:42194] for POST '/session/1553df08de52fc20ec2c28cf2a37562f/element'
20:54:44.672 [AsyncHttpClient-1-1] DEBUG org.asynchttpclient.netty.channel.DefaultChannelPool - Entry count for : http://localhost:60332 : 1
20:54:44.932 [AsyncHttpClient-1-8] DEBUG org.asynchttpclient.netty.handler.HttpHandler - 

Request DefaultHttpRequest(decodeResult: success, version: HTTP/1.1)
POST /session/1553df08de52fc20ec2c28cf2a37562f/element HTTP/1.1
User-Agent: selenium/4.8.1 (java windows)
Content-Length: 62
Content-Type: application/json; charset=utf-8
host: localhost:42194
accept: */*

Response DefaultHttpResponse(decodeResult: success, version: HTTP/1.1)
HTTP/1.1 200 OK
Content-Length: 88
Content-Type: application/json; charset=utf-8
cache-control: no-cache

20:54:44.933 [AsyncHttpClient-1-8] DEBUG org.asynchttpclient.netty.channel.ChannelManager - Adding key: http://localhost:42194 for channel [id: 0xa31c52c8, L:/127.0.0.1:60331 - R:localhost/127.0.0.1:42194]
20:54:44.936 [Forwarding isElementDisplayed on session 1553df08de52fc20ec2c28cf2a37562f to remote] DEBUG org.asynchttpclient.netty.request.NettyRequestSender - Using pooled Channel '[id: 0xa31c52c8, L:/127.0.0.1:60331 - R:localhost/127.0.0.1:42194]' for 'POST' to 'http://localhost:42194/session/1553df08de52fc20ec2c28cf2a37562f/execute/sync'
20:54:44.937 [Forwarding isElementDisplayed on session 1553df08de52fc20ec2c28cf2a37562f to remote] DEBUG org.asynchttpclient.netty.request.NettyRequestSender - Using open Channel [id: 0xa31c52c8, L:/127.0.0.1:60331 - R:localhost/127.0.0.1:42194] for POST '/session/1553df08de52fc20ec2c28cf2a37562f/execute/sync'
20:54:44.950 [AsyncHttpClient-1-8] DEBUG org.asynchttpclient.netty.handler.HttpHandler - 

Request DefaultHttpRequest(decodeResult: success, version: HTTP/1.1)
POST /session/1553df08de52fc20ec2c28cf2a37562f/execute/sync HTTP/1.1
User-Agent: selenium/4.8.1 (java windows)
Content-Length: 48807
Content-Type: application/json; charset=utf-8
host: localhost:42194
accept: */*

Response DefaultHttpResponse(decodeResult: success, version: HTTP/1.1)
HTTP/1.1 200 OK
Content-Length: 14
Content-Type: application/json; charset=utf-8
cache-control: no-cache

20:54:44.950 [AsyncHttpClient-1-8] DEBUG org.asynchttpclient.netty.channel.ChannelManager - Adding key: http://localhost:42194 for channel [id: 0xa31c52c8, L:/127.0.0.1:60331 - R:localhost/127.0.0.1:42194]
  &amp#27;[32mThen &amp#27;[0m&amp#27;[32mI will see error message&amp#27;[0m                                                         &amp#27;[90m# starter.stepDefinitions.LoginSteps.i_will_see_error_message()&amp#27;[0m
20:54:44.959 [Forwarding getAlertText on session 1553df08de52fc20ec2c28cf2a37562f to remote] DEBUG org.asynchttpclient.netty.request.NettyRequestSender - Using pooled Channel '[id: 0xa31c52c8, L:/127.0.0.1:60331 - R:localhost/127.0.0.1:42194]' for 'GET' to 'http://localhost:42194/session/1553df08de52fc20ec2c28cf2a37562f/alert/text'
20:54:44.959 [Forwarding getAlertText on session 1553df08de52fc20ec2c28cf2a37562f to remote] DEBUG org.asynchttpclient.netty.request.NettyRequestSender - Using open Channel [id: 0xa31c52c8, L:/127.0.0.1:60331 - R:localhost/127.0.0.1:42194] for GET '/session/1553df08de52fc20ec2c28cf2a37562f/alert/text'
20:54:44.963 [AsyncHttpClient-1-8] DEBUG org.asynchttpclient.netty.handler.HttpHandler - 

Request DefaultFullHttpRequest(decodeResult: success, version: HTTP/1.1, content: EmptyByteBufBE)
GET /session/1553df08de52fc20ec2c28cf2a37562f/alert/text HTTP/1.1
User-Agent: selenium/4.8.1 (java windows)
Cache-Control: no-cache
Content-Type: application/json; charset=utf-8
host: localhost:42194
accept: */*

Response DefaultHttpResponse(decodeResult: success, version: HTTP/1.1)
HTTP/1.1 404 Not Found
Content-Length: 816
Content-Type: application/json; charset=utf-8
cache-control: no-cache

20:54:44.963 [AsyncHttpClient-1-8] DEBUG org.asynchttpclient.netty.channel.ChannelManager - Adding key: http://localhost:42194 for channel [id: 0xa31c52c8, L:/127.0.0.1:60331 - R:localhost/127.0.0.1:42194]
20:54:44.966 [Forwarding getCurrentUrl on session 1553df08de52fc20ec2c28cf2a37562f to remote] DEBUG org.asynchttpclient.netty.request.NettyRequestSender - Using pooled Channel '[id: 0xa31c52c8, L:/127.0.0.1:60331 - R:localhost/127.0.0.1:42194]' for 'GET' to 'http://localhost:42194/session/1553df08de52fc20ec2c28cf2a37562f/url'
20:54:44.966 [Forwarding getCurrentUrl on session 1553df08de52fc20ec2c28cf2a37562f to remote] DEBUG org.asynchttpclient.netty.request.NettyRequestSender - Using open Channel [id: 0xa31c52c8, L:/127.0.0.1:60331 - R:localhost/127.0.0.1:42194] for GET '/session/1553df08de52fc20ec2c28cf2a37562f/url'
20:54:44.969 [AsyncHttpClient-1-8] DEBUG org.asynchttpclient.netty.handler.HttpHandler - 

Request DefaultFullHttpRequest(decodeResult: success, version: HTTP/1.1, content: EmptyByteBufBE)
GET /session/1553df08de52fc20ec2c28cf2a37562f/url HTTP/1.1
User-Agent: selenium/4.8.1 (java windows)
Cache-Control: no-cache
Content-Type: application/json; charset=utf-8
host: localhost:42194
accept: */*

Response DefaultHttpResponse(decodeResult: success, version: HTTP/1.1)
HTTP/1.1 200 OK
Content-Length: 42
Content-Type: application/json; charset=utf-8
cache-control: no-cache

20:54:44.970 [AsyncHttpClient-1-8] DEBUG org.asynchttpclient.netty.channel.ChannelManager - Adding key: http://localhost:42194 for channel [id: 0xa31c52c8, L:/127.0.0.1:60331 - R:localhost/127.0.0.1:42194]
20:54:44.972 [Forwarding screenshot on session 1553df08de52fc20ec2c28cf2a37562f to remote] DEBUG org.asynchttpclient.netty.request.NettyRequestSender - Using pooled Channel '[id: 0xa31c52c8, L:/127.0.0.1:60331 - R:localhost/127.0.0.1:42194]' for 'GET' to 'http://localhost:42194/session/1553df08de52fc20ec2c28cf2a37562f/screenshot'
20:54:44.972 [Forwarding screenshot on session 1553df08de52fc20ec2c28cf2a37562f to remote] DEBUG org.asynchttpclient.netty.request.NettyRequestSender - Using open Channel [id: 0xa31c52c8, L:/127.0.0.1:60331 - R:localhost/127.0.0.1:42194] for GET '/session/1553df08de52fc20ec2c28cf2a37562f/screenshot'
20:54:45.201 [AsyncHttpClient-1-8] DEBUG org.asynchttpclient.netty.handler.HttpHandler - 

Request DefaultFullHttpRequest(decodeResult: success, version: HTTP/1.1, content: EmptyByteBufBE)
GET /session/1553df08de52fc20ec2c28cf2a37562f/screenshot HTTP/1.1
User-Agent: selenium/4.8.1 (java windows)
Cache-Control: no-cache
Content-Type: application/json; charset=utf-8
host: localhost:42194
accept: */*

Response DefaultHttpResponse(decodeResult: success, version: HTTP/1.1)
HTTP/1.1 200 OK
Content-Length: 394288
Content-Type: application/json; charset=utf-8
cache-control: no-cache

20:54:45.202 [AsyncHttpClient-1-8] DEBUG org.asynchttpclient.netty.channel.ChannelManager - Adding key: http://localhost:42194 for channel [id: 0xa31c52c8, L:/127.0.0.1:60331 - R:localhost/127.0.0.1:42194]
20:54:45.212 [main] DEBUG net.serenitybdd.core.photography.Darkroom - Send negative for processing for target\site\serenity\4ada793a0edc7e9577bc8a5f783870b05891a6cdd946151e515b4b9e74cf6ab8.png
20:54:45.212 [Darkroom Processing Line] DEBUG net.serenitybdd.core.photography.DarkroomProcessingLine - Processing screenshot image in /var/screenshots/screenshot-609620597584718433
20:54:45.212 [Darkroom Processing Line] DEBUG net.serenitybdd.core.photography.DarkroomProcessingLine - Saving screenshot to target\site\serenity\4ada793a0edc7e9577bc8a5f783870b05891a6cdd946151e515b4b9e74cf6ab8.png
20:54:45.219 [Driver Command Executor] DEBUG org.asynchttpclient.netty.request.NettyRequestSender - Using pooled Channel '[id: 0xa31c52c8, L:/127.0.0.1:60331 - R:localhost/127.0.0.1:42194]' for 'DELETE' to 'http://localhost:42194/session/1553df08de52fc20ec2c28cf2a37562f'
20:54:45.219 [Driver Command Executor] DEBUG org.asynchttpclient.netty.request.NettyRequestSender - Using open Channel [id: 0xa31c52c8, L:/127.0.0.1:60331 - R:localhost/127.0.0.1:42194] for DELETE '/session/1553df08de52fc20ec2c28cf2a37562f'
20:54:45.219 [AsyncHttpClient-1-10] DEBUG org.asynchttpclient.netty.handler.WebSocketHandler - Channel Closed: [id: 0x22522bbf, L:/127.0.0.1:60339 ! R:localhost/127.0.0.1:60332] with attribute NettyResponseFuture{currentRetry=0,
	isDone=1,
	isCancelled=0,
	asyncHandler=org.asynchttpclient.ws.WebSocketUpgradeHandler@57470fbb,
	nettyRequest=org.asynchttpclient.netty.request.NettyRequest@12459b37,
	future=java.util.concurrent.CompletableFuture@347a2c88[Completed normally],
	uri=ws://localhost:60332/devtools/browser/93663065-86a6-4b70-ab72-6ec1235ac11c,
	keepAlive=true,
	redirectCount=0,
	timeoutsHolder=null,
	inAuth=0,
	touch=1680616480862}
20:54:45.219 [AsyncHttpClient-1-10] DEBUG org.asynchttpclient.netty.channel.ChannelManager - Closing Channel [id: 0x22522bbf, L:/127.0.0.1:60339 ! R:localhost/127.0.0.1:60332] 
20:54:45.283 [AsyncHttpClient-1-9] DEBUG org.asynchttpclient.netty.handler.HttpHandler - Unexpected I/O exception on channel [id: 0x839879d4, L:/127.0.0.1:60338 - R:localhost/127.0.0.1:60332]
java.net.SocketException: Connection reset
	at java.base/sun.nio.ch.SocketChannelImpl.throwConnectionReset(SocketChannelImpl.java:401)
	at java.base/sun.nio.ch.SocketChannelImpl.read(SocketChannelImpl.java:434)
	at io.netty.buffer.PooledByteBuf.setBytes(PooledByteBuf.java:259)
	at io.netty.buffer.AbstractByteBuf.writeBytes(AbstractByteBuf.java:1132)
	at io.netty.channel.socket.nio.NioSocketChannel.doReadBytes(NioSocketChannel.java:357)
	at io.netty.channel.nio.AbstractNioByteChannel$NioByteUnsafe.read(AbstractNioByteChannel.java:151)
	at io.netty.channel.nio.NioEventLoop.processSelectedKey(NioEventLoop.java:788)
	at io.netty.channel.nio.NioEventLoop.processSelectedKeysOptimized(NioEventLoop.java:724)
	at io.netty.channel.nio.NioEventLoop.processSelectedKeys(NioEventLoop.java:650)
	at io.netty.channel.nio.NioEventLoop.run(NioEventLoop.java:562)
	at io.netty.util.concurrent.SingleThreadEventExecutor$4.run(SingleThreadEventExecutor.java:997)
	at io.netty.util.internal.ThreadExecutorMap$2.run(ThreadExecutorMap.java:74)
	at io.netty.util.concurrent.FastThreadLocalRunnable.run(FastThreadLocalRunnable.java:30)
	at java.base/java.lang.Thread.run(Thread.java:1589)
20:54:45.283 [AsyncHttpClient-1-9] DEBUG org.asynchttpclient.netty.channel.ChannelManager - Closing Channel [id: 0x839879d4, L:/127.0.0.1:60338 - R:localhost/127.0.0.1:60332] 
20:54:45.283 [AsyncHttpClient-1-9] DEBUG org.asynchttpclient.netty.handler.HttpHandler - Channel Closed: [id: 0x839879d4, L:/127.0.0.1:60338 ! R:localhost/127.0.0.1:60332] with attribute DISCARD
20:54:45.296 [AsyncHttpClient-1-8] DEBUG org.asynchttpclient.netty.handler.HttpHandler - 

Request DefaultFullHttpRequest(decodeResult: success, version: HTTP/1.1, content: EmptyByteBufBE)
DELETE /session/1553df08de52fc20ec2c28cf2a37562f HTTP/1.1
User-Agent: selenium/4.8.1 (java windows)
Content-Type: application/json; charset=utf-8
host: localhost:42194
accept: */*

Response DefaultHttpResponse(decodeResult: success, version: HTTP/1.1)
HTTP/1.1 200 OK
Content-Length: 14
Content-Type: application/json; charset=utf-8
cache-control: no-cache

20:54:45.296 [AsyncHttpClient-1-8] DEBUG org.asynchttpclient.netty.channel.ChannelManager - Adding key: http://localhost:42194 for channel [id: 0xa31c52c8, L:/127.0.0.1:60331 - R:localhost/127.0.0.1:42194]
20:54:45.351 [AsyncHttpClient-1-8] DEBUG org.asynchttpclient.netty.handler.HttpHandler - Channel Closed: [id: 0xa31c52c8, L:/127.0.0.1:60331 ! R:localhost/127.0.0.1:42194] with attribute DISCARD
20:54:45.399 [main] INFO  - 
  _____   ___   ___   _____     ___     _     ___   ___   ___   ___  
 |_   _| | __| / __| |_   _|   | _ \   /_\   / __| / __| | __| |   \ 
   | |   | _|  \__ \   | |     |  _/  / _ \  \__ \ \__ \ | _|  | |) |
   |_|   |___| |___/   |_|     |_|   /_/ \_\ |___/ |___/ |___| |___/ 

As a non registered user i want to try login with invalid credentials
----------------------------------------------------------------------
]]></system-out>
    <system-err><![CDATA[Starting ChromeDriver 111.0.5563.64 (c710e93d5b63b7095afe8c2c17df34408078439d-refs/branch-heads/5563@{#995}) on port 42194
Only local connections are allowed.
Please see https://chromedriver.chromium.org/security-considerations for suggestions on keeping ChromeDriver safe.
ChromeDriver was started successfully.
Apr 04, 2023 8:54:40 PM org.openqa.selenium.devtools.CdpVersionFinder findNearestMatch
WARNING: Unable to find an exact match for CDP version 111, so returning the closest version found: 110
]]></system-err>
  </testcase>
  <testcase name="As a user i want to be able to order pulsa product" classname="order" time="15.946">
    <system-out><![CDATA[20:54:45.401 [main] DEBUG io.cucumber.core.plugin.SerenityReporter - Running feature from file:///C:/Users/TrisetioPutra/Documents/serenity_sauce/serenity-sepulsa/src/test/resources/features/Order.feature
20:54:45.404 [main] DEBUG net.thucydides.core.steps.StepEventBus - Test suite started for story net.thucydides.core.model.Story@cc4b76a8
20:54:45.405 [main] INFO  - Test Suite Started: Order

@order
Scenario Outline: As a user i want to be able to order pulsa product &amp#27;[90m# src/test/resources/features/Order.feature:17&amp#27;[0m
20:54:45.412 [main] DEBUG io.cucumber.core.plugin.SerenityReporter - Running feature from file:///C:/Users/TrisetioPutra/Documents/serenity_sauce/serenity-sepulsa/src/test/resources/features/Order.feature
20:54:45.414 [main] INFO  - 
  _____   ___   ___   _____     ___   _____     _     ___   _____   ___   ___  
 |_   _| | __| / __| |_   _|   / __| |_   _|   /_\   | _ \ |_   _| | __| |   \ 
   | |   | _|  \__ \   | |     \__ \   | |    / _ \  |   /   | |   | _|  | |) |
   |_|   |___| |___/   |_|     |___/   |_|   /_/ \_\ |_|_\   |_|   |___| |___/ 

As a user i want to be able to order pulsa product(order;as-a-user-i-want-to-be-able-to-order-pulsa-product)
--------------------------------------------------------------------------------
20:54:45.579 [main] INFO net.serenitybdd.core.webdriver.driverproviders.ChromeDriverProvider - Starting Chrome driver instance with capabilities:
20:54:45.579 [main] INFO net.serenitybdd.core.webdriver.driverproviders.ChromeDriverProvider - Capabilities {acceptInsecureCerts: true, browserName: chrome, goog:chromeOptions: {args: [remote-allow-origins=*, test-type, no-sandbox, ignore-certificate-errors, --window-size=1000,800, incognito, disable-infobars, disable-gpu, disable-default-apps, disable-popup-blocking, remote-allow-origins=*, test-type, no-sandbox, ignore-certificate-errors, --window-size=1000,800, incognito, disable-infobars, disable-gpu, disable-default-apps, disable-popup-blocking, remote-allow-origins=*], extensions: []}}
20:54:45.658 [AsyncHttpClient-1-11] DEBUG org.asynchttpclient.netty.channel.NettyConnectListener - Using new Channel '[id: 0x6eabcca2, L:/127.0.0.1:60366 - R:localhost/127.0.0.1:48726]' for 'POST' to '/session'
20:54:45.773 [AsyncHttpClient-1-1] DEBUG org.asynchttpclient.netty.channel.DefaultChannelPool - Entry count for : http://localhost:60332 : 1
20:54:45.773 [AsyncHttpClient-1-1] DEBUG org.asynchttpclient.netty.channel.DefaultChannelPool - Entry count for : http://localhost:42194 : 1
20:54:45.773 [AsyncHttpClient-1-1] DEBUG org.asynchttpclient.netty.channel.DefaultChannelPool - Adding Candidate expired Channel [id: 0x839879d4, L:/127.0.0.1:60338 ! R:localhost/127.0.0.1:60332] isIdleTimeoutExpired=false isRemotelyClosed=true isTtlExpired=false
20:54:45.773 [AsyncHttpClient-1-1] DEBUG org.asynchttpclient.netty.channel.DefaultChannelPool - Closing Idle Channel [id: 0x839879d4, L:/127.0.0.1:60338 ! R:localhost/127.0.0.1:60332]
20:54:45.773 [AsyncHttpClient-1-1] DEBUG org.asynchttpclient.netty.channel.DefaultChannelPool - Adding Candidate expired Channel [id: 0xa31c52c8, L:/127.0.0.1:60331 ! R:localhost/127.0.0.1:42194] isIdleTimeoutExpired=false isRemotelyClosed=true isTtlExpired=false
20:54:45.773 [AsyncHttpClient-1-1] DEBUG org.asynchttpclient.netty.channel.DefaultChannelPool - Closing Idle Channel [id: 0xa31c52c8, L:/127.0.0.1:60331 ! R:localhost/127.0.0.1:42194]
20:54:45.773 [AsyncHttpClient-1-1] DEBUG org.asynchttpclient.netty.channel.DefaultChannelPool - Closed 2 connections out of 2 in 0 ms
20:54:46.258 [AsyncHttpClient-1-11] DEBUG org.asynchttpclient.netty.handler.HttpHandler - 

Request DefaultHttpRequest(decodeResult: success, version: HTTP/1.1)
POST /session HTTP/1.1
User-Agent: selenium/4.8.1 (java windows)
Content-Length: 1729
Content-Type: application/json; charset=utf-8
host: localhost:48726
accept: */*

Response DefaultHttpResponse(decodeResult: success, version: HTTP/1.1)
HTTP/1.1 200 OK
Content-Length: 862
Content-Type: application/json; charset=utf-8
cache-control: no-cache

20:54:46.258 [AsyncHttpClient-1-11] DEBUG org.asynchttpclient.netty.channel.ChannelManager - Adding key: http://localhost:48726 for channel [id: 0x6eabcca2, L:/127.0.0.1:60366 - R:localhost/127.0.0.1:48726]
20:54:46.265 [AsyncHttpClient-1-12] DEBUG org.asynchttpclient.netty.channel.NettyConnectListener - Using new Channel '[id: 0xbebafc9c, L:/127.0.0.1:60373 - R:localhost/127.0.0.1:60367]' for 'GET' to '/json/version'
20:54:46.268 [AsyncHttpClient-1-12] DEBUG org.asynchttpclient.netty.handler.HttpHandler - 

Request DefaultFullHttpRequest(decodeResult: success, version: HTTP/1.1, content: EmptyByteBufBE)
GET /json/version HTTP/1.1
User-Agent: selenium/4.8.1 (java windows)
host: localhost:60367
accept: */*

Response DefaultHttpResponse(decodeResult: success, version: HTTP/1.1)
HTTP/1.1 200 OK
Content-Security-Policy: frame-ancestors 'none'
Content-Length: 424
Content-Type: application/json; charset=UTF-8

20:54:46.268 [AsyncHttpClient-1-12] DEBUG org.asynchttpclient.netty.channel.ChannelManager - Adding key: http://localhost:60367 for channel [id: 0xbebafc9c, L:/127.0.0.1:60373 - R:localhost/127.0.0.1:60367]
20:54:46.271 [AsyncHttpClient-1-13] DEBUG org.asynchttpclient.netty.channel.NettyConnectListener - Using new Channel '[id: 0xbcd44587, L:/127.0.0.1:60374 - R:localhost/127.0.0.1:60367]' for 'GET' to '/devtools/browser/c5a90e8a-3f43-4791-adfb-ca1969ad28c5'
20:54:46.273 [AsyncHttpClient-1-13] DEBUG org.asynchttpclient.netty.handler.WebSocketHandler - 

Request DefaultFullHttpRequest(decodeResult: success, version: HTTP/1.1, content: EmptyByteBufBE)
GET /devtools/browser/c5a90e8a-3f43-4791-adfb-ca1969ad28c5 HTTP/1.1
upgrade: websocket
connection: upgrade
sec-websocket-key: 79UgzRvXyWVHrQ41/0Yoog==
sec-websocket-version: 13
origin: http://localhost:60367
host: localhost:60367
accept: */*
user-agent: AHC/2.1

Response DefaultHttpResponse(decodeResult: success, version: HTTP/1.1)
HTTP/1.1 101 WebSocket Protocol Handshake
Upgrade: WebSocket
Connection: Upgrade
Sec-WebSocket-Accept: ijCZndAwnxpE6QxYAg2yt+btKJI=

20:54:46.277 [Forwarding get on session 25cb7f778c060e368573799d51dfb6b0 to remote] DEBUG org.asynchttpclient.netty.request.NettyRequestSender - Using pooled Channel '[id: 0x6eabcca2, L:/127.0.0.1:60366 - R:localhost/127.0.0.1:48726]' for 'POST' to 'http://localhost:48726/session/25cb7f778c060e368573799d51dfb6b0/url'
20:54:46.277 [Forwarding get on session 25cb7f778c060e368573799d51dfb6b0 to remote] DEBUG org.asynchttpclient.netty.request.NettyRequestSender - Using open Channel [id: 0x6eabcca2, L:/127.0.0.1:60366 - R:localhost/127.0.0.1:48726] for POST '/session/25cb7f778c060e368573799d51dfb6b0/url'
20:54:46.869 [AsyncHttpClient-1-1] DEBUG org.asynchttpclient.netty.channel.DefaultChannelPool - Entry count for : http://localhost:60367 : 1
20:54:47.968 [AsyncHttpClient-1-1] DEBUG org.asynchttpclient.netty.channel.DefaultChannelPool - Entry count for : http://localhost:60367 : 1
20:54:49.068 [AsyncHttpClient-1-1] DEBUG org.asynchttpclient.netty.channel.DefaultChannelPool - Entry count for : http://localhost:60367 : 1
20:54:49.296 [AsyncHttpClient-1-11] DEBUG org.asynchttpclient.netty.handler.HttpHandler - 

Request DefaultHttpRequest(decodeResult: success, version: HTTP/1.1)
POST /session/25cb7f778c060e368573799d51dfb6b0/url HTTP/1.1
User-Agent: selenium/4.8.1 (java windows)
Content-Length: 54
Content-Type: application/json; charset=utf-8
host: localhost:48726
accept: */*

Response DefaultHttpResponse(decodeResult: success, version: HTTP/1.1)
HTTP/1.1 200 OK
Content-Length: 14
Content-Type: application/json; charset=utf-8
cache-control: no-cache

20:54:49.296 [AsyncHttpClient-1-11] DEBUG org.asynchttpclient.netty.channel.ChannelManager - Adding key: http://localhost:48726 for channel [id: 0x6eabcca2, L:/127.0.0.1:60366 - R:localhost/127.0.0.1:48726]
20:54:49.298 [Forwarding setTimeout on session 25cb7f778c060e368573799d51dfb6b0 to remote] DEBUG org.asynchttpclient.netty.request.NettyRequestSender - Using pooled Channel '[id: 0x6eabcca2, L:/127.0.0.1:60366 - R:localhost/127.0.0.1:48726]' for 'POST' to 'http://localhost:48726/session/25cb7f778c060e368573799d51dfb6b0/timeouts'
20:54:49.298 [Forwarding setTimeout on session 25cb7f778c060e368573799d51dfb6b0 to remote] DEBUG org.asynchttpclient.netty.request.NettyRequestSender - Using open Channel [id: 0x6eabcca2, L:/127.0.0.1:60366 - R:localhost/127.0.0.1:48726] for POST '/session/25cb7f778c060e368573799d51dfb6b0/timeouts'
20:54:49.299 [AsyncHttpClient-1-11] DEBUG org.asynchttpclient.netty.handler.HttpHandler - 

Request DefaultHttpRequest(decodeResult: success, version: HTTP/1.1)
POST /session/25cb7f778c060e368573799d51dfb6b0/timeouts HTTP/1.1
User-Agent: selenium/4.8.1 (java windows)
Content-Length: 22
Content-Type: application/json; charset=utf-8
host: localhost:48726
accept: */*

Response DefaultHttpResponse(decodeResult: success, version: HTTP/1.1)
HTTP/1.1 200 OK
Content-Length: 14
Content-Type: application/json; charset=utf-8
cache-control: no-cache

20:54:49.299 [AsyncHttpClient-1-11] DEBUG org.asynchttpclient.netty.channel.ChannelManager - Adding key: http://localhost:48726 for channel [id: 0x6eabcca2, L:/127.0.0.1:60366 - R:localhost/127.0.0.1:48726]
20:54:49.312 [main] DEBUG net.serenitybdd.core.photography.Darkroom - Opening darkroom
20:54:49.313 [Darkroom Processing Line] DEBUG net.serenitybdd.core.photography.DarkroomProcessingLine - Darkroom processing line starting up
20:54:49.314 [Forwarding getAlertText on session 25cb7f778c060e368573799d51dfb6b0 to remote] DEBUG org.asynchttpclient.netty.request.NettyRequestSender - Using pooled Channel '[id: 0x6eabcca2, L:/127.0.0.1:60366 - R:localhost/127.0.0.1:48726]' for 'GET' to 'http://localhost:48726/session/25cb7f778c060e368573799d51dfb6b0/alert/text'
20:54:49.314 [Forwarding getAlertText on session 25cb7f778c060e368573799d51dfb6b0 to remote] DEBUG org.asynchttpclient.netty.request.NettyRequestSender - Using open Channel [id: 0x6eabcca2, L:/127.0.0.1:60366 - R:localhost/127.0.0.1:48726] for GET '/session/25cb7f778c060e368573799d51dfb6b0/alert/text'
20:54:49.355 [AsyncHttpClient-1-11] DEBUG org.asynchttpclient.netty.handler.HttpHandler - 

Request DefaultFullHttpRequest(decodeResult: success, version: HTTP/1.1, content: EmptyByteBufBE)
GET /session/25cb7f778c060e368573799d51dfb6b0/alert/text HTTP/1.1
User-Agent: selenium/4.8.1 (java windows)
Cache-Control: no-cache
Content-Type: application/json; charset=utf-8
host: localhost:48726
accept: */*

Response DefaultHttpResponse(decodeResult: success, version: HTTP/1.1)
HTTP/1.1 404 Not Found
Content-Length: 816
Content-Type: application/json; charset=utf-8
cache-control: no-cache

20:54:49.355 [AsyncHttpClient-1-11] DEBUG org.asynchttpclient.netty.channel.ChannelManager - Adding key: http://localhost:48726 for channel [id: 0x6eabcca2, L:/127.0.0.1:60366 - R:localhost/127.0.0.1:48726]
20:54:49.357 [Forwarding getCurrentUrl on session 25cb7f778c060e368573799d51dfb6b0 to remote] DEBUG org.asynchttpclient.netty.request.NettyRequestSender - Using pooled Channel '[id: 0x6eabcca2, L:/127.0.0.1:60366 - R:localhost/127.0.0.1:48726]' for 'GET' to 'http://localhost:48726/session/25cb7f778c060e368573799d51dfb6b0/url'
20:54:49.357 [Forwarding getCurrentUrl on session 25cb7f778c060e368573799d51dfb6b0 to remote] DEBUG org.asynchttpclient.netty.request.NettyRequestSender - Using open Channel [id: 0x6eabcca2, L:/127.0.0.1:60366 - R:localhost/127.0.0.1:48726] for GET '/session/25cb7f778c060e368573799d51dfb6b0/url'
20:54:49.434 [AsyncHttpClient-1-11] DEBUG org.asynchttpclient.netty.handler.HttpHandler - 

Request DefaultFullHttpRequest(decodeResult: success, version: HTTP/1.1, content: EmptyByteBufBE)
GET /session/25cb7f778c060e368573799d51dfb6b0/url HTTP/1.1
User-Agent: selenium/4.8.1 (java windows)
Cache-Control: no-cache
Content-Type: application/json; charset=utf-8
host: localhost:48726
accept: */*

Response DefaultHttpResponse(decodeResult: success, version: HTTP/1.1)
HTTP/1.1 200 OK
Content-Length: 36
Content-Type: application/json; charset=utf-8
cache-control: no-cache

20:54:49.434 [AsyncHttpClient-1-11] DEBUG org.asynchttpclient.netty.channel.ChannelManager - Adding key: http://localhost:48726 for channel [id: 0x6eabcca2, L:/127.0.0.1:60366 - R:localhost/127.0.0.1:48726]
20:54:49.437 [Forwarding screenshot on session 25cb7f778c060e368573799d51dfb6b0 to remote] DEBUG org.asynchttpclient.netty.request.NettyRequestSender - Using pooled Channel '[id: 0x6eabcca2, L:/127.0.0.1:60366 - R:localhost/127.0.0.1:48726]' for 'GET' to 'http://localhost:48726/session/25cb7f778c060e368573799d51dfb6b0/screenshot'
20:54:49.438 [Forwarding screenshot on session 25cb7f778c060e368573799d51dfb6b0 to remote] DEBUG org.asynchttpclient.netty.request.NettyRequestSender - Using open Channel [id: 0x6eabcca2, L:/127.0.0.1:60366 - R:localhost/127.0.0.1:48726] for GET '/session/25cb7f778c060e368573799d51dfb6b0/screenshot'
20:54:49.733 [AsyncHttpClient-1-11] DEBUG org.asynchttpclient.netty.handler.HttpHandler - 

Request DefaultFullHttpRequest(decodeResult: success, version: HTTP/1.1, content: EmptyByteBufBE)
GET /session/25cb7f778c060e368573799d51dfb6b0/screenshot HTTP/1.1
User-Agent: selenium/4.8.1 (java windows)
Cache-Control: no-cache
Content-Type: application/json; charset=utf-8
host: localhost:48726
accept: */*

Response DefaultHttpResponse(decodeResult: success, version: HTTP/1.1)
HTTP/1.1 200 OK
Content-Length: 270748
Content-Type: application/json; charset=utf-8
cache-control: no-cache

20:54:49.734 [AsyncHttpClient-1-11] DEBUG org.asynchttpclient.netty.channel.ChannelManager - Adding key: http://localhost:48726 for channel [id: 0x6eabcca2, L:/127.0.0.1:60366 - R:localhost/127.0.0.1:48726]
20:54:49.740 [main] DEBUG net.serenitybdd.core.photography.Darkroom - Send negative for processing for target\site\serenity\f576bb7371314d145b78fe7897883d072f042bddebc73a94ba732ec81a4768f2.png
20:54:49.741 [Darkroom Processing Line] DEBUG net.serenitybdd.core.photography.DarkroomProcessingLine - Processing screenshot image in /var/screenshots/screenshot-14381894839942488091
20:54:49.741 [Darkroom Processing Line] DEBUG net.serenitybdd.core.photography.DarkroomProcessingLine - Saving screenshot to target\site\serenity\f576bb7371314d145b78fe7897883d072f042bddebc73a94ba732ec81a4768f2.png
20:54:49.742 [Forwarding getPageSource on session 25cb7f778c060e368573799d51dfb6b0 to remote] DEBUG org.asynchttpclient.netty.request.NettyRequestSender - Using pooled Channel '[id: 0x6eabcca2, L:/127.0.0.1:60366 - R:localhost/127.0.0.1:48726]' for 'POST' to 'http://localhost:48726/session/25cb7f778c060e368573799d51dfb6b0/execute/sync'
20:54:49.742 [Forwarding getPageSource on session 25cb7f778c060e368573799d51dfb6b0 to remote] DEBUG org.asynchttpclient.netty.request.NettyRequestSender - Using open Channel [id: 0x6eabcca2, L:/127.0.0.1:60366 - R:localhost/127.0.0.1:48726] for POST '/session/25cb7f778c060e368573799d51dfb6b0/execute/sync'
20:54:49.761 [AsyncHttpClient-1-11] DEBUG org.asynchttpclient.netty.handler.HttpHandler - 

Request DefaultHttpRequest(decodeResult: success, version: HTTP/1.1)
POST /session/25cb7f778c060e368573799d51dfb6b0/execute/sync HTTP/1.1
User-Agent: selenium/4.8.1 (java windows)
Content-Length: 176
Content-Type: application/json; charset=utf-8
host: localhost:48726
accept: */*

Response DefaultHttpResponse(decodeResult: success, version: HTTP/1.1)
HTTP/1.1 200 OK
Content-Length: 182088
Content-Type: application/json; charset=utf-8
cache-control: no-cache

20:54:49.762 [AsyncHttpClient-1-11] DEBUG org.asynchttpclient.netty.channel.ChannelManager - Adding key: http://localhost:48726 for channel [id: 0x6eabcca2, L:/127.0.0.1:60366 - R:localhost/127.0.0.1:48726]
20:54:49.817 [Forwarding getCurrentUrl on session 25cb7f778c060e368573799d51dfb6b0 to remote] DEBUG org.asynchttpclient.netty.request.NettyRequestSender - Using pooled Channel '[id: 0x6eabcca2, L:/127.0.0.1:60366 - R:localhost/127.0.0.1:48726]' for 'GET' to 'http://localhost:48726/session/25cb7f778c060e368573799d51dfb6b0/url'
20:54:49.817 [Forwarding getCurrentUrl on session 25cb7f778c060e368573799d51dfb6b0 to remote] DEBUG org.asynchttpclient.netty.request.NettyRequestSender - Using open Channel [id: 0x6eabcca2, L:/127.0.0.1:60366 - R:localhost/127.0.0.1:48726] for GET '/session/25cb7f778c060e368573799d51dfb6b0/url'
20:54:49.821 [AsyncHttpClient-1-11] DEBUG org.asynchttpclient.netty.handler.HttpHandler - 

Request DefaultFullHttpRequest(decodeResult: success, version: HTTP/1.1, content: EmptyByteBufBE)
GET /session/25cb7f778c060e368573799d51dfb6b0/url HTTP/1.1
User-Agent: selenium/4.8.1 (java windows)
Cache-Control: no-cache
Content-Type: application/json; charset=utf-8
host: localhost:48726
accept: */*

Response DefaultHttpResponse(decodeResult: success, version: HTTP/1.1)
HTTP/1.1 200 OK
Content-Length: 36
Content-Type: application/json; charset=utf-8
cache-control: no-cache

20:54:49.821 [AsyncHttpClient-1-11] DEBUG org.asynchttpclient.netty.channel.ChannelManager - Adding key: http://localhost:48726 for channel [id: 0x6eabcca2, L:/127.0.0.1:60366 - R:localhost/127.0.0.1:48726]
20:54:49.824 [main] DEBUG net.thucydides.core.steps.StepInterceptor - STARTING STEP: ProductSteps.i_open_sepulsa_com_homepage - checkHomeButtonExist
20:54:49.829 [Forwarding findElement on session 25cb7f778c060e368573799d51dfb6b0 to remote] DEBUG org.asynchttpclient.netty.request.NettyRequestSender - Using pooled Channel '[id: 0x6eabcca2, L:/127.0.0.1:60366 - R:localhost/127.0.0.1:48726]' for 'POST' to 'http://localhost:48726/session/25cb7f778c060e368573799d51dfb6b0/element'
20:54:49.829 [Forwarding findElement on session 25cb7f778c060e368573799d51dfb6b0 to remote] DEBUG org.asynchttpclient.netty.request.NettyRequestSender - Using open Channel [id: 0x6eabcca2, L:/127.0.0.1:60366 - R:localhost/127.0.0.1:48726] for POST '/session/25cb7f778c060e368573799d51dfb6b0/element'
20:54:49.840 [AsyncHttpClient-1-11] DEBUG org.asynchttpclient.netty.handler.HttpHandler - 

Request DefaultHttpRequest(decodeResult: success, version: HTTP/1.1)
POST /session/25cb7f778c060e368573799d51dfb6b0/element HTTP/1.1
User-Agent: selenium/4.8.1 (java windows)
Content-Length: 80
Content-Type: application/json; charset=utf-8
host: localhost:48726
accept: */*

Response DefaultHttpResponse(decodeResult: success, version: HTTP/1.1)
HTTP/1.1 200 OK
Content-Length: 88
Content-Type: application/json; charset=utf-8
cache-control: no-cache

20:54:49.841 [AsyncHttpClient-1-11] DEBUG org.asynchttpclient.netty.channel.ChannelManager - Adding key: http://localhost:48726 for channel [id: 0x6eabcca2, L:/127.0.0.1:60366 - R:localhost/127.0.0.1:48726]
20:54:49.844 [Forwarding isElementDisplayed on session 25cb7f778c060e368573799d51dfb6b0 to remote] DEBUG org.asynchttpclient.netty.request.NettyRequestSender - Using pooled Channel '[id: 0x6eabcca2, L:/127.0.0.1:60366 - R:localhost/127.0.0.1:48726]' for 'POST' to 'http://localhost:48726/session/25cb7f778c060e368573799d51dfb6b0/execute/sync'
20:54:49.844 [Forwarding isElementDisplayed on session 25cb7f778c060e368573799d51dfb6b0 to remote] DEBUG org.asynchttpclient.netty.request.NettyRequestSender - Using open Channel [id: 0x6eabcca2, L:/127.0.0.1:60366 - R:localhost/127.0.0.1:48726] for POST '/session/25cb7f778c060e368573799d51dfb6b0/execute/sync'
20:54:49.856 [AsyncHttpClient-1-11] DEBUG org.asynchttpclient.netty.handler.HttpHandler - 

Request DefaultHttpRequest(decodeResult: success, version: HTTP/1.1)
POST /session/25cb7f778c060e368573799d51dfb6b0/execute/sync HTTP/1.1
User-Agent: selenium/4.8.1 (java windows)
Content-Length: 48807
Content-Type: application/json; charset=utf-8
host: localhost:48726
accept: */*

Response DefaultHttpResponse(decodeResult: success, version: HTTP/1.1)
HTTP/1.1 200 OK
Content-Length: 14
Content-Type: application/json; charset=utf-8
cache-control: no-cache

20:54:49.857 [AsyncHttpClient-1-11] DEBUG org.asynchttpclient.netty.channel.ChannelManager - Adding key: http://localhost:48726 for channel [id: 0x6eabcca2, L:/127.0.0.1:60366 - R:localhost/127.0.0.1:48726]
20:54:49.861 [Forwarding getAlertText on session 25cb7f778c060e368573799d51dfb6b0 to remote] DEBUG org.asynchttpclient.netty.request.NettyRequestSender - Using pooled Channel '[id: 0x6eabcca2, L:/127.0.0.1:60366 - R:localhost/127.0.0.1:48726]' for 'GET' to 'http://localhost:48726/session/25cb7f778c060e368573799d51dfb6b0/alert/text'
20:54:49.861 [Forwarding getAlertText on session 25cb7f778c060e368573799d51dfb6b0 to remote] DEBUG org.asynchttpclient.netty.request.NettyRequestSender - Using open Channel [id: 0x6eabcca2, L:/127.0.0.1:60366 - R:localhost/127.0.0.1:48726] for GET '/session/25cb7f778c060e368573799d51dfb6b0/alert/text'
20:54:49.863 [AsyncHttpClient-1-11] DEBUG org.asynchttpclient.netty.handler.HttpHandler - 

Request DefaultFullHttpRequest(decodeResult: success, version: HTTP/1.1, content: EmptyByteBufBE)
GET /session/25cb7f778c060e368573799d51dfb6b0/alert/text HTTP/1.1
User-Agent: selenium/4.8.1 (java windows)
Cache-Control: no-cache
Content-Type: application/json; charset=utf-8
host: localhost:48726
accept: */*

Response DefaultHttpResponse(decodeResult: success, version: HTTP/1.1)
HTTP/1.1 404 Not Found
Content-Length: 816
Content-Type: application/json; charset=utf-8
cache-control: no-cache

20:54:49.863 [AsyncHttpClient-1-11] DEBUG org.asynchttpclient.netty.channel.ChannelManager - Adding key: http://localhost:48726 for channel [id: 0x6eabcca2, L:/127.0.0.1:60366 - R:localhost/127.0.0.1:48726]
20:54:49.865 [Forwarding getCurrentUrl on session 25cb7f778c060e368573799d51dfb6b0 to remote] DEBUG org.asynchttpclient.netty.request.NettyRequestSender - Using pooled Channel '[id: 0x6eabcca2, L:/127.0.0.1:60366 - R:localhost/127.0.0.1:48726]' for 'GET' to 'http://localhost:48726/session/25cb7f778c060e368573799d51dfb6b0/url'
20:54:49.865 [Forwarding getCurrentUrl on session 25cb7f778c060e368573799d51dfb6b0 to remote] DEBUG org.asynchttpclient.netty.request.NettyRequestSender - Using open Channel [id: 0x6eabcca2, L:/127.0.0.1:60366 - R:localhost/127.0.0.1:48726] for GET '/session/25cb7f778c060e368573799d51dfb6b0/url'
20:54:49.868 [AsyncHttpClient-1-11] DEBUG org.asynchttpclient.netty.handler.HttpHandler - 

Request DefaultFullHttpRequest(decodeResult: success, version: HTTP/1.1, content: EmptyByteBufBE)
GET /session/25cb7f778c060e368573799d51dfb6b0/url HTTP/1.1
User-Agent: selenium/4.8.1 (java windows)
Cache-Control: no-cache
Content-Type: application/json; charset=utf-8
host: localhost:48726
accept: */*

Response DefaultHttpResponse(decodeResult: success, version: HTTP/1.1)
HTTP/1.1 200 OK
Content-Length: 36
Content-Type: application/json; charset=utf-8
cache-control: no-cache

20:54:49.868 [AsyncHttpClient-1-11] DEBUG org.asynchttpclient.netty.channel.ChannelManager - Adding key: http://localhost:48726 for channel [id: 0x6eabcca2, L:/127.0.0.1:60366 - R:localhost/127.0.0.1:48726]
20:54:49.869 [Forwarding screenshot on session 25cb7f778c060e368573799d51dfb6b0 to remote] DEBUG org.asynchttpclient.netty.request.NettyRequestSender - Using pooled Channel '[id: 0x6eabcca2, L:/127.0.0.1:60366 - R:localhost/127.0.0.1:48726]' for 'GET' to 'http://localhost:48726/session/25cb7f778c060e368573799d51dfb6b0/screenshot'
20:54:49.869 [Forwarding screenshot on session 25cb7f778c060e368573799d51dfb6b0 to remote] DEBUG org.asynchttpclient.netty.request.NettyRequestSender - Using open Channel [id: 0x6eabcca2, L:/127.0.0.1:60366 - R:localhost/127.0.0.1:48726] for GET '/session/25cb7f778c060e368573799d51dfb6b0/screenshot'
20:54:50.167 [AsyncHttpClient-1-11] DEBUG org.asynchttpclient.netty.handler.HttpHandler - 

Request DefaultFullHttpRequest(decodeResult: success, version: HTTP/1.1, content: EmptyByteBufBE)
GET /session/25cb7f778c060e368573799d51dfb6b0/screenshot HTTP/1.1
User-Agent: selenium/4.8.1 (java windows)
Cache-Control: no-cache
Content-Type: application/json; charset=utf-8
host: localhost:48726
accept: */*

Response DefaultHttpResponse(decodeResult: success, version: HTTP/1.1)
HTTP/1.1 200 OK
Content-Length: 652120
Content-Type: application/json; charset=utf-8
cache-control: no-cache

20:54:50.169 [AsyncHttpClient-1-11] DEBUG org.asynchttpclient.netty.channel.ChannelManager - Adding key: http://localhost:48726 for channel [id: 0x6eabcca2, L:/127.0.0.1:60366 - R:localhost/127.0.0.1:48726]
20:54:50.174 [AsyncHttpClient-1-1] DEBUG org.asynchttpclient.netty.channel.DefaultChannelPool - Entry count for : http://localhost:48726 : 1
20:54:50.174 [AsyncHttpClient-1-1] DEBUG org.asynchttpclient.netty.channel.DefaultChannelPool - Entry count for : http://localhost:60367 : 1
20:54:50.193 [main] DEBUG net.serenitybdd.core.photography.Darkroom - Send negative for processing for target\site\serenity\421c4ddb2eaa833954d61109deb094fc5bbe818a1a58a1807822d1c530540cea.png
20:54:50.194 [main] DEBUG net.thucydides.core.steps.StepInterceptor - STEP DONE: checkHomeButtonExist
  &amp#27;[32mGiven &amp#27;[0m&amp#27;[32mI open sepulsa.com homepage&amp#27;[0m                                  &amp#27;[90m# starter.stepDefinitions.ProductSteps.i_open_sepulsa_com_homepage()&amp#27;[0m
20:54:50.194 [Darkroom Processing Line] DEBUG net.serenitybdd.core.photography.DarkroomProcessingLine - Processing screenshot image in /var/screenshots/screenshot-15419745197178070418
20:54:50.194 [Darkroom Processing Line] DEBUG net.serenitybdd.core.photography.DarkroomProcessingLine - Saving screenshot to target\site\serenity\421c4ddb2eaa833954d61109deb094fc5bbe818a1a58a1807822d1c530540cea.png
20:54:50.212 [Forwarding getPageSource on session 25cb7f778c060e368573799d51dfb6b0 to remote] DEBUG org.asynchttpclient.netty.request.NettyRequestSender - Using pooled Channel '[id: 0x6eabcca2, L:/127.0.0.1:60366 - R:localhost/127.0.0.1:48726]' for 'POST' to 'http://localhost:48726/session/25cb7f778c060e368573799d51dfb6b0/execute/sync'
20:54:50.212 [Forwarding getPageSource on session 25cb7f778c060e368573799d51dfb6b0 to remote] DEBUG org.asynchttpclient.netty.request.NettyRequestSender - Using open Channel [id: 0x6eabcca2, L:/127.0.0.1:60366 - R:localhost/127.0.0.1:48726] for POST '/session/25cb7f778c060e368573799d51dfb6b0/execute/sync'
20:54:50.231 [AsyncHttpClient-1-11] DEBUG org.asynchttpclient.netty.handler.HttpHandler - 

Request DefaultHttpRequest(decodeResult: success, version: HTTP/1.1)
POST /session/25cb7f778c060e368573799d51dfb6b0/execute/sync HTTP/1.1
User-Agent: selenium/4.8.1 (java windows)
Content-Length: 176
Content-Type: application/json; charset=utf-8
host: localhost:48726
accept: */*

Response DefaultHttpResponse(decodeResult: success, version: HTTP/1.1)
HTTP/1.1 200 OK
Content-Length: 182088
Content-Type: application/json; charset=utf-8
cache-control: no-cache

20:54:50.232 [AsyncHttpClient-1-11] DEBUG org.asynchttpclient.netty.channel.ChannelManager - Adding key: http://localhost:48726 for channel [id: 0x6eabcca2, L:/127.0.0.1:60366 - R:localhost/127.0.0.1:48726]
20:54:50.258 [Forwarding getCurrentUrl on session 25cb7f778c060e368573799d51dfb6b0 to remote] DEBUG org.asynchttpclient.netty.request.NettyRequestSender - Using pooled Channel '[id: 0x6eabcca2, L:/127.0.0.1:60366 - R:localhost/127.0.0.1:48726]' for 'GET' to 'http://localhost:48726/session/25cb7f778c060e368573799d51dfb6b0/url'
20:54:50.258 [Forwarding getCurrentUrl on session 25cb7f778c060e368573799d51dfb6b0 to remote] DEBUG org.asynchttpclient.netty.request.NettyRequestSender - Using open Channel [id: 0x6eabcca2, L:/127.0.0.1:60366 - R:localhost/127.0.0.1:48726] for GET '/session/25cb7f778c060e368573799d51dfb6b0/url'
20:54:50.261 [AsyncHttpClient-1-11] DEBUG org.asynchttpclient.netty.handler.HttpHandler - 

Request DefaultFullHttpRequest(decodeResult: success, version: HTTP/1.1, content: EmptyByteBufBE)
GET /session/25cb7f778c060e368573799d51dfb6b0/url HTTP/1.1
User-Agent: selenium/4.8.1 (java windows)
Cache-Control: no-cache
Content-Type: application/json; charset=utf-8
host: localhost:48726
accept: */*

Response DefaultHttpResponse(decodeResult: success, version: HTTP/1.1)
HTTP/1.1 200 OK
Content-Length: 36
Content-Type: application/json; charset=utf-8
cache-control: no-cache

20:54:50.261 [AsyncHttpClient-1-11] DEBUG org.asynchttpclient.netty.channel.ChannelManager - Adding key: http://localhost:48726 for channel [id: 0x6eabcca2, L:/127.0.0.1:60366 - R:localhost/127.0.0.1:48726]
20:54:50.275 [Forwarding getAlertText on session 25cb7f778c060e368573799d51dfb6b0 to remote] DEBUG org.asynchttpclient.netty.request.NettyRequestSender - Using pooled Channel '[id: 0x6eabcca2, L:/127.0.0.1:60366 - R:localhost/127.0.0.1:48726]' for 'GET' to 'http://localhost:48726/session/25cb7f778c060e368573799d51dfb6b0/alert/text'
20:54:50.275 [Forwarding getAlertText on session 25cb7f778c060e368573799d51dfb6b0 to remote] DEBUG org.asynchttpclient.netty.request.NettyRequestSender - Using open Channel [id: 0x6eabcca2, L:/127.0.0.1:60366 - R:localhost/127.0.0.1:48726] for GET '/session/25cb7f778c060e368573799d51dfb6b0/alert/text'
20:54:50.277 [AsyncHttpClient-1-11] DEBUG org.asynchttpclient.netty.handler.HttpHandler - 

Request DefaultFullHttpRequest(decodeResult: success, version: HTTP/1.1, content: EmptyByteBufBE)
GET /session/25cb7f778c060e368573799d51dfb6b0/alert/text HTTP/1.1
User-Agent: selenium/4.8.1 (java windows)
Cache-Control: no-cache
Content-Type: application/json; charset=utf-8
host: localhost:48726
accept: */*

Response DefaultHttpResponse(decodeResult: success, version: HTTP/1.1)
HTTP/1.1 404 Not Found
Content-Length: 816
Content-Type: application/json; charset=utf-8
cache-control: no-cache

20:54:50.277 [AsyncHttpClient-1-11] DEBUG org.asynchttpclient.netty.channel.ChannelManager - Adding key: http://localhost:48726 for channel [id: 0x6eabcca2, L:/127.0.0.1:60366 - R:localhost/127.0.0.1:48726]
20:54:50.278 [Forwarding getCurrentUrl on session 25cb7f778c060e368573799d51dfb6b0 to remote] DEBUG org.asynchttpclient.netty.request.NettyRequestSender - Using pooled Channel '[id: 0x6eabcca2, L:/127.0.0.1:60366 - R:localhost/127.0.0.1:48726]' for 'GET' to 'http://localhost:48726/session/25cb7f778c060e368573799d51dfb6b0/url'
20:54:50.278 [Forwarding getCurrentUrl on session 25cb7f778c060e368573799d51dfb6b0 to remote] DEBUG org.asynchttpclient.netty.request.NettyRequestSender - Using open Channel [id: 0x6eabcca2, L:/127.0.0.1:60366 - R:localhost/127.0.0.1:48726] for GET '/session/25cb7f778c060e368573799d51dfb6b0/url'
20:54:50.283 [AsyncHttpClient-1-11] DEBUG org.asynchttpclient.netty.handler.HttpHandler - 

Request DefaultFullHttpRequest(decodeResult: success, version: HTTP/1.1, content: EmptyByteBufBE)
GET /session/25cb7f778c060e368573799d51dfb6b0/url HTTP/1.1
User-Agent: selenium/4.8.1 (java windows)
Cache-Control: no-cache
Content-Type: application/json; charset=utf-8
host: localhost:48726
accept: */*

Response DefaultHttpResponse(decodeResult: success, version: HTTP/1.1)
HTTP/1.1 200 OK
Content-Length: 36
Content-Type: application/json; charset=utf-8
cache-control: no-cache

20:54:50.283 [AsyncHttpClient-1-11] DEBUG org.asynchttpclient.netty.channel.ChannelManager - Adding key: http://localhost:48726 for channel [id: 0x6eabcca2, L:/127.0.0.1:60366 - R:localhost/127.0.0.1:48726]
20:54:50.284 [Forwarding screenshot on session 25cb7f778c060e368573799d51dfb6b0 to remote] DEBUG org.asynchttpclient.netty.request.NettyRequestSender - Using pooled Channel '[id: 0x6eabcca2, L:/127.0.0.1:60366 - R:localhost/127.0.0.1:48726]' for 'GET' to 'http://localhost:48726/session/25cb7f778c060e368573799d51dfb6b0/screenshot'
20:54:50.284 [Forwarding screenshot on session 25cb7f778c060e368573799d51dfb6b0 to remote] DEBUG org.asynchttpclient.netty.request.NettyRequestSender - Using open Channel [id: 0x6eabcca2, L:/127.0.0.1:60366 - R:localhost/127.0.0.1:48726] for GET '/session/25cb7f778c060e368573799d51dfb6b0/screenshot'
20:54:50.559 [AsyncHttpClient-1-11] DEBUG org.asynchttpclient.netty.handler.HttpHandler - 

Request DefaultFullHttpRequest(decodeResult: success, version: HTTP/1.1, content: EmptyByteBufBE)
GET /session/25cb7f778c060e368573799d51dfb6b0/screenshot HTTP/1.1
User-Agent: selenium/4.8.1 (java windows)
Cache-Control: no-cache
Content-Type: application/json; charset=utf-8
host: localhost:48726
accept: */*

Response DefaultHttpResponse(decodeResult: success, version: HTTP/1.1)
HTTP/1.1 200 OK
Content-Length: 652120
Content-Type: application/json; charset=utf-8
cache-control: no-cache

20:54:50.561 [AsyncHttpClient-1-11] DEBUG org.asynchttpclient.netty.channel.ChannelManager - Adding key: http://localhost:48726 for channel [id: 0x6eabcca2, L:/127.0.0.1:60366 - R:localhost/127.0.0.1:48726]
20:54:50.575 [main] DEBUG net.serenitybdd.core.photography.Darkroom - Send negative for processing for target\site\serenity\421c4ddb2eaa833954d61109deb094fc5bbe818a1a58a1807822d1c530540cea.png
20:54:50.577 [Forwarding getPageSource on session 25cb7f778c060e368573799d51dfb6b0 to remote] DEBUG org.asynchttpclient.netty.request.NettyRequestSender - Using pooled Channel '[id: 0x6eabcca2, L:/127.0.0.1:60366 - R:localhost/127.0.0.1:48726]' for 'POST' to 'http://localhost:48726/session/25cb7f778c060e368573799d51dfb6b0/execute/sync'
20:54:50.577 [Forwarding getPageSource on session 25cb7f778c060e368573799d51dfb6b0 to remote] DEBUG org.asynchttpclient.netty.request.NettyRequestSender - Using open Channel [id: 0x6eabcca2, L:/127.0.0.1:60366 - R:localhost/127.0.0.1:48726] for POST '/session/25cb7f778c060e368573799d51dfb6b0/execute/sync'
20:54:50.595 [AsyncHttpClient-1-11] DEBUG org.asynchttpclient.netty.handler.HttpHandler - 

Request DefaultHttpRequest(decodeResult: success, version: HTTP/1.1)
POST /session/25cb7f778c060e368573799d51dfb6b0/execute/sync HTTP/1.1
User-Agent: selenium/4.8.1 (java windows)
Content-Length: 176
Content-Type: application/json; charset=utf-8
host: localhost:48726
accept: */*

Response DefaultHttpResponse(decodeResult: success, version: HTTP/1.1)
HTTP/1.1 200 OK
Content-Length: 182088
Content-Type: application/json; charset=utf-8
cache-control: no-cache

20:54:50.596 [AsyncHttpClient-1-11] DEBUG org.asynchttpclient.netty.channel.ChannelManager - Adding key: http://localhost:48726 for channel [id: 0x6eabcca2, L:/127.0.0.1:60366 - R:localhost/127.0.0.1:48726]
20:54:50.609 [Forwarding getCurrentUrl on session 25cb7f778c060e368573799d51dfb6b0 to remote] DEBUG org.asynchttpclient.netty.request.NettyRequestSender - Using pooled Channel '[id: 0x6eabcca2, L:/127.0.0.1:60366 - R:localhost/127.0.0.1:48726]' for 'GET' to 'http://localhost:48726/session/25cb7f778c060e368573799d51dfb6b0/url'
20:54:50.609 [Forwarding getCurrentUrl on session 25cb7f778c060e368573799d51dfb6b0 to remote] DEBUG org.asynchttpclient.netty.request.NettyRequestSender - Using open Channel [id: 0x6eabcca2, L:/127.0.0.1:60366 - R:localhost/127.0.0.1:48726] for GET '/session/25cb7f778c060e368573799d51dfb6b0/url'
20:54:50.613 [AsyncHttpClient-1-11] DEBUG org.asynchttpclient.netty.handler.HttpHandler - 

Request DefaultFullHttpRequest(decodeResult: success, version: HTTP/1.1, content: EmptyByteBufBE)
GET /session/25cb7f778c060e368573799d51dfb6b0/url HTTP/1.1
User-Agent: selenium/4.8.1 (java windows)
Cache-Control: no-cache
Content-Type: application/json; charset=utf-8
host: localhost:48726
accept: */*

Response DefaultHttpResponse(decodeResult: success, version: HTTP/1.1)
HTTP/1.1 200 OK
Content-Length: 36
Content-Type: application/json; charset=utf-8
cache-control: no-cache

20:54:50.613 [AsyncHttpClient-1-11] DEBUG org.asynchttpclient.netty.channel.ChannelManager - Adding key: http://localhost:48726 for channel [id: 0x6eabcca2, L:/127.0.0.1:60366 - R:localhost/127.0.0.1:48726]
20:54:50.616 [main] DEBUG net.thucydides.core.steps.StepInterceptor - STARTING STEP: ProductSteps.i_press_at_product_icon - pressProduct
20:54:50.619 [Forwarding findElement on session 25cb7f778c060e368573799d51dfb6b0 to remote] DEBUG org.asynchttpclient.netty.request.NettyRequestSender - Using pooled Channel '[id: 0x6eabcca2, L:/127.0.0.1:60366 - R:localhost/127.0.0.1:48726]' for 'POST' to 'http://localhost:48726/session/25cb7f778c060e368573799d51dfb6b0/element'
20:54:50.619 [Forwarding findElement on session 25cb7f778c060e368573799d51dfb6b0 to remote] DEBUG org.asynchttpclient.netty.request.NettyRequestSender - Using open Channel [id: 0x6eabcca2, L:/127.0.0.1:60366 - R:localhost/127.0.0.1:48726] for POST '/session/25cb7f778c060e368573799d51dfb6b0/element'
20:54:50.630 [AsyncHttpClient-1-11] DEBUG org.asynchttpclient.netty.handler.HttpHandler - 

Request DefaultHttpRequest(decodeResult: success, version: HTTP/1.1)
POST /session/25cb7f778c060e368573799d51dfb6b0/element HTTP/1.1
User-Agent: selenium/4.8.1 (java windows)
Content-Length: 66
Content-Type: application/json; charset=utf-8
host: localhost:48726
accept: */*

Response DefaultHttpResponse(decodeResult: success, version: HTTP/1.1)
HTTP/1.1 200 OK
Content-Length: 88
Content-Type: application/json; charset=utf-8
cache-control: no-cache

20:54:50.631 [AsyncHttpClient-1-11] DEBUG org.asynchttpclient.netty.channel.ChannelManager - Adding key: http://localhost:48726 for channel [id: 0x6eabcca2, L:/127.0.0.1:60366 - R:localhost/127.0.0.1:48726]
20:54:50.632 [Forwarding getElementTagName on session 25cb7f778c060e368573799d51dfb6b0 to remote] DEBUG org.asynchttpclient.netty.request.NettyRequestSender - Using pooled Channel '[id: 0x6eabcca2, L:/127.0.0.1:60366 - R:localhost/127.0.0.1:48726]' for 'GET' to 'http://localhost:48726/session/25cb7f778c060e368573799d51dfb6b0/element/108d4de7-6b16-43d7-8c19-9f39ef3380e8/name'
20:54:50.632 [Forwarding getElementTagName on session 25cb7f778c060e368573799d51dfb6b0 to remote] DEBUG org.asynchttpclient.netty.request.NettyRequestSender - Using open Channel [id: 0x6eabcca2, L:/127.0.0.1:60366 - R:localhost/127.0.0.1:48726] for GET '/session/25cb7f778c060e368573799d51dfb6b0/element/108d4de7-6b16-43d7-8c19-9f39ef3380e8/name'
20:54:50.636 [AsyncHttpClient-1-11] DEBUG org.asynchttpclient.netty.handler.HttpHandler - 

Request DefaultFullHttpRequest(decodeResult: success, version: HTTP/1.1, content: EmptyByteBufBE)
GET /session/25cb7f778c060e368573799d51dfb6b0/element/108d4de7-6b16-43d7-8c19-9f39ef3380e8/name HTTP/1.1
User-Agent: selenium/4.8.1 (java windows)
Cache-Control: no-cache
Content-Type: application/json; charset=utf-8
host: localhost:48726
accept: */*

Response DefaultHttpResponse(decodeResult: success, version: HTTP/1.1)
HTTP/1.1 200 OK
Content-Length: 13
Content-Type: application/json; charset=utf-8
cache-control: no-cache

20:54:50.636 [AsyncHttpClient-1-11] DEBUG org.asynchttpclient.netty.channel.ChannelManager - Adding key: http://localhost:48726 for channel [id: 0x6eabcca2, L:/127.0.0.1:60366 - R:localhost/127.0.0.1:48726]
20:54:50.638 [Forwarding getElementTagName on session 25cb7f778c060e368573799d51dfb6b0 to remote] DEBUG org.asynchttpclient.netty.request.NettyRequestSender - Using pooled Channel '[id: 0x6eabcca2, L:/127.0.0.1:60366 - R:localhost/127.0.0.1:48726]' for 'GET' to 'http://localhost:48726/session/25cb7f778c060e368573799d51dfb6b0/element/108d4de7-6b16-43d7-8c19-9f39ef3380e8/name'
20:54:50.638 [Forwarding getElementTagName on session 25cb7f778c060e368573799d51dfb6b0 to remote] DEBUG org.asynchttpclient.netty.request.NettyRequestSender - Using open Channel [id: 0x6eabcca2, L:/127.0.0.1:60366 - R:localhost/127.0.0.1:48726] for GET '/session/25cb7f778c060e368573799d51dfb6b0/element/108d4de7-6b16-43d7-8c19-9f39ef3380e8/name'
20:54:50.641 [AsyncHttpClient-1-11] DEBUG org.asynchttpclient.netty.handler.HttpHandler - 

Request DefaultFullHttpRequest(decodeResult: success, version: HTTP/1.1, content: EmptyByteBufBE)
GET /session/25cb7f778c060e368573799d51dfb6b0/element/108d4de7-6b16-43d7-8c19-9f39ef3380e8/name HTTP/1.1
User-Agent: selenium/4.8.1 (java windows)
Cache-Control: no-cache
Content-Type: application/json; charset=utf-8
host: localhost:48726
accept: */*

Response DefaultHttpResponse(decodeResult: success, version: HTTP/1.1)
HTTP/1.1 200 OK
Content-Length: 13
Content-Type: application/json; charset=utf-8
cache-control: no-cache

20:54:50.641 [AsyncHttpClient-1-11] DEBUG org.asynchttpclient.netty.channel.ChannelManager - Adding key: http://localhost:48726 for channel [id: 0x6eabcca2, L:/127.0.0.1:60366 - R:localhost/127.0.0.1:48726]
20:54:50.643 [Forwarding findElement on session 25cb7f778c060e368573799d51dfb6b0 to remote] DEBUG org.asynchttpclient.netty.request.NettyRequestSender - Using pooled Channel '[id: 0x6eabcca2, L:/127.0.0.1:60366 - R:localhost/127.0.0.1:48726]' for 'POST' to 'http://localhost:48726/session/25cb7f778c060e368573799d51dfb6b0/element'
20:54:50.643 [Forwarding findElement on session 25cb7f778c060e368573799d51dfb6b0 to remote] DEBUG org.asynchttpclient.netty.request.NettyRequestSender - Using open Channel [id: 0x6eabcca2, L:/127.0.0.1:60366 - R:localhost/127.0.0.1:48726] for POST '/session/25cb7f778c060e368573799d51dfb6b0/element'
20:54:50.649 [AsyncHttpClient-1-11] DEBUG org.asynchttpclient.netty.handler.HttpHandler - 

Request DefaultHttpRequest(decodeResult: success, version: HTTP/1.1)
POST /session/25cb7f778c060e368573799d51dfb6b0/element HTTP/1.1
User-Agent: selenium/4.8.1 (java windows)
Content-Length: 66
Content-Type: application/json; charset=utf-8
host: localhost:48726
accept: */*

Response DefaultHttpResponse(decodeResult: success, version: HTTP/1.1)
HTTP/1.1 200 OK
Content-Length: 88
Content-Type: application/json; charset=utf-8
cache-control: no-cache

20:54:50.649 [AsyncHttpClient-1-11] DEBUG org.asynchttpclient.netty.channel.ChannelManager - Adding key: http://localhost:48726 for channel [id: 0x6eabcca2, L:/127.0.0.1:60366 - R:localhost/127.0.0.1:48726]
20:54:50.650 [Forwarding clickElement on session 25cb7f778c060e368573799d51dfb6b0 to remote] DEBUG org.asynchttpclient.netty.request.NettyRequestSender - Using pooled Channel '[id: 0x6eabcca2, L:/127.0.0.1:60366 - R:localhost/127.0.0.1:48726]' for 'POST' to 'http://localhost:48726/session/25cb7f778c060e368573799d51dfb6b0/element/108d4de7-6b16-43d7-8c19-9f39ef3380e8/click'
20:54:50.650 [Forwarding clickElement on session 25cb7f778c060e368573799d51dfb6b0 to remote] DEBUG org.asynchttpclient.netty.request.NettyRequestSender - Using open Channel [id: 0x6eabcca2, L:/127.0.0.1:60366 - R:localhost/127.0.0.1:48726] for POST '/session/25cb7f778c060e368573799d51dfb6b0/element/108d4de7-6b16-43d7-8c19-9f39ef3380e8/click'
20:54:51.268 [AsyncHttpClient-1-1] DEBUG org.asynchttpclient.netty.channel.DefaultChannelPool - Entry count for : http://localhost:60367 : 1
20:54:51.739 [AsyncHttpClient-1-11] DEBUG org.asynchttpclient.netty.handler.HttpHandler - 

Request DefaultHttpRequest(decodeResult: success, version: HTTP/1.1)
POST /session/25cb7f778c060e368573799d51dfb6b0/element/108d4de7-6b16-43d7-8c19-9f39ef3380e8/click HTTP/1.1
User-Agent: selenium/4.8.1 (java windows)
Content-Length: 50
Content-Type: application/json; charset=utf-8
host: localhost:48726
accept: */*

Response DefaultHttpResponse(decodeResult: success, version: HTTP/1.1)
HTTP/1.1 400 Bad Request
Content-Length: 1160
Content-Type: application/json; charset=utf-8
cache-control: no-cache

20:54:51.739 [AsyncHttpClient-1-11] DEBUG org.asynchttpclient.netty.channel.ChannelManager - Adding key: http://localhost:48726 for channel [id: 0x6eabcca2, L:/127.0.0.1:60366 - R:localhost/127.0.0.1:48726]
20:54:52.002 [Forwarding clickElement on session 25cb7f778c060e368573799d51dfb6b0 to remote] DEBUG org.asynchttpclient.netty.request.NettyRequestSender - Using pooled Channel '[id: 0x6eabcca2, L:/127.0.0.1:60366 - R:localhost/127.0.0.1:48726]' for 'POST' to 'http://localhost:48726/session/25cb7f778c060e368573799d51dfb6b0/element/108d4de7-6b16-43d7-8c19-9f39ef3380e8/click'
20:54:52.002 [Forwarding clickElement on session 25cb7f778c060e368573799d51dfb6b0 to remote] DEBUG org.asynchttpclient.netty.request.NettyRequestSender - Using open Channel [id: 0x6eabcca2, L:/127.0.0.1:60366 - R:localhost/127.0.0.1:48726] for POST '/session/25cb7f778c060e368573799d51dfb6b0/element/108d4de7-6b16-43d7-8c19-9f39ef3380e8/click'
20:54:52.160 [AsyncHttpClient-1-11] DEBUG org.asynchttpclient.netty.handler.HttpHandler - 

Request DefaultHttpRequest(decodeResult: success, version: HTTP/1.1)
POST /session/25cb7f778c060e368573799d51dfb6b0/element/108d4de7-6b16-43d7-8c19-9f39ef3380e8/click HTTP/1.1
User-Agent: selenium/4.8.1 (java windows)
Content-Length: 50
Content-Type: application/json; charset=utf-8
host: localhost:48726
accept: */*

Response DefaultHttpResponse(decodeResult: success, version: HTTP/1.1)
HTTP/1.1 200 OK
Content-Length: 14
Content-Type: application/json; charset=utf-8
cache-control: no-cache

20:54:52.160 [AsyncHttpClient-1-11] DEBUG org.asynchttpclient.netty.channel.ChannelManager - Adding key: http://localhost:48726 for channel [id: 0x6eabcca2, L:/127.0.0.1:60366 - R:localhost/127.0.0.1:48726]
20:54:52.171 [Forwarding getAlertText on session 25cb7f778c060e368573799d51dfb6b0 to remote] DEBUG org.asynchttpclient.netty.request.NettyRequestSender - Using pooled Channel '[id: 0x6eabcca2, L:/127.0.0.1:60366 - R:localhost/127.0.0.1:48726]' for 'GET' to 'http://localhost:48726/session/25cb7f778c060e368573799d51dfb6b0/alert/text'
20:54:52.171 [Forwarding getAlertText on session 25cb7f778c060e368573799d51dfb6b0 to remote] DEBUG org.asynchttpclient.netty.request.NettyRequestSender - Using open Channel [id: 0x6eabcca2, L:/127.0.0.1:60366 - R:localhost/127.0.0.1:48726] for GET '/session/25cb7f778c060e368573799d51dfb6b0/alert/text'
20:54:52.229 [AsyncHttpClient-1-11] DEBUG org.asynchttpclient.netty.handler.HttpHandler - 

Request DefaultFullHttpRequest(decodeResult: success, version: HTTP/1.1, content: EmptyByteBufBE)
GET /session/25cb7f778c060e368573799d51dfb6b0/alert/text HTTP/1.1
User-Agent: selenium/4.8.1 (java windows)
Cache-Control: no-cache
Content-Type: application/json; charset=utf-8
host: localhost:48726
accept: */*

Response DefaultHttpResponse(decodeResult: success, version: HTTP/1.1)
HTTP/1.1 404 Not Found
Content-Length: 816
Content-Type: application/json; charset=utf-8
cache-control: no-cache

20:54:52.229 [AsyncHttpClient-1-11] DEBUG org.asynchttpclient.netty.channel.ChannelManager - Adding key: http://localhost:48726 for channel [id: 0x6eabcca2, L:/127.0.0.1:60366 - R:localhost/127.0.0.1:48726]
20:54:52.231 [Forwarding getCurrentUrl on session 25cb7f778c060e368573799d51dfb6b0 to remote] DEBUG org.asynchttpclient.netty.request.NettyRequestSender - Using pooled Channel '[id: 0x6eabcca2, L:/127.0.0.1:60366 - R:localhost/127.0.0.1:48726]' for 'GET' to 'http://localhost:48726/session/25cb7f778c060e368573799d51dfb6b0/url'
20:54:52.231 [Forwarding getCurrentUrl on session 25cb7f778c060e368573799d51dfb6b0 to remote] DEBUG org.asynchttpclient.netty.request.NettyRequestSender - Using open Channel [id: 0x6eabcca2, L:/127.0.0.1:60366 - R:localhost/127.0.0.1:48726] for GET '/session/25cb7f778c060e368573799d51dfb6b0/url'
20:54:52.275 [AsyncHttpClient-1-11] DEBUG org.asynchttpclient.netty.handler.HttpHandler - 

Request DefaultFullHttpRequest(decodeResult: success, version: HTTP/1.1, content: EmptyByteBufBE)
GET /session/25cb7f778c060e368573799d51dfb6b0/url HTTP/1.1
User-Agent: selenium/4.8.1 (java windows)
Cache-Control: no-cache
Content-Type: application/json; charset=utf-8
host: localhost:48726
accept: */*

Response DefaultHttpResponse(decodeResult: success, version: HTTP/1.1)
HTTP/1.1 200 OK
Content-Length: 53
Content-Type: application/json; charset=utf-8
cache-control: no-cache

20:54:52.275 [AsyncHttpClient-1-11] DEBUG org.asynchttpclient.netty.channel.ChannelManager - Adding key: http://localhost:48726 for channel [id: 0x6eabcca2, L:/127.0.0.1:60366 - R:localhost/127.0.0.1:48726]
20:54:52.278 [Forwarding screenshot on session 25cb7f778c060e368573799d51dfb6b0 to remote] DEBUG org.asynchttpclient.netty.request.NettyRequestSender - Using pooled Channel '[id: 0x6eabcca2, L:/127.0.0.1:60366 - R:localhost/127.0.0.1:48726]' for 'GET' to 'http://localhost:48726/session/25cb7f778c060e368573799d51dfb6b0/screenshot'
20:54:52.278 [Forwarding screenshot on session 25cb7f778c060e368573799d51dfb6b0 to remote] DEBUG org.asynchttpclient.netty.request.NettyRequestSender - Using open Channel [id: 0x6eabcca2, L:/127.0.0.1:60366 - R:localhost/127.0.0.1:48726] for GET '/session/25cb7f778c060e368573799d51dfb6b0/screenshot'
20:54:52.373 [AsyncHttpClient-1-1] DEBUG org.asynchttpclient.netty.channel.DefaultChannelPool - Entry count for : http://localhost:60367 : 1
20:54:52.562 [AsyncHttpClient-1-11] DEBUG org.asynchttpclient.netty.handler.HttpHandler - 

Request DefaultFullHttpRequest(decodeResult: success, version: HTTP/1.1, content: EmptyByteBufBE)
GET /session/25cb7f778c060e368573799d51dfb6b0/screenshot HTTP/1.1
User-Agent: selenium/4.8.1 (java windows)
Cache-Control: no-cache
Content-Type: application/json; charset=utf-8
host: localhost:48726
accept: */*

Response DefaultHttpResponse(decodeResult: success, version: HTTP/1.1)
HTTP/1.1 200 OK
Content-Length: 300388
Content-Type: application/json; charset=utf-8
cache-control: no-cache

20:54:52.564 [AsyncHttpClient-1-11] DEBUG org.asynchttpclient.netty.channel.ChannelManager - Adding key: http://localhost:48726 for channel [id: 0x6eabcca2, L:/127.0.0.1:60366 - R:localhost/127.0.0.1:48726]
20:54:52.572 [main] DEBUG net.serenitybdd.core.photography.Darkroom - Send negative for processing for target\site\serenity\954fc89ae2702f1af32da93488345f00107ac99cf1560ef49a97d63a10723aff.png
20:54:52.573 [main] DEBUG net.thucydides.core.steps.StepInterceptor - STEP DONE: pressProduct
  &amp#27;[32mWhen &amp#27;[0m&amp#27;[32mI press at &amp#27;[0m&amp#27;[32m&amp#27;[1m"Pulsa"&amp#27;[0m&amp#27;[32m product icon&amp#27;[0m                               &amp#27;[90m# starter.stepDefinitions.ProductSteps.i_press_at_product_icon(java.lang.String)&amp#27;[0m
20:54:52.574 [Darkroom Processing Line] DEBUG net.serenitybdd.core.photography.DarkroomProcessingLine - Processing screenshot image in /var/screenshots/screenshot-1115233699473674663
20:54:52.574 [Darkroom Processing Line] DEBUG net.serenitybdd.core.photography.DarkroomProcessingLine - Saving screenshot to target\site\serenity\954fc89ae2702f1af32da93488345f00107ac99cf1560ef49a97d63a10723aff.png
20:54:52.585 [Forwarding getPageSource on session 25cb7f778c060e368573799d51dfb6b0 to remote] DEBUG org.asynchttpclient.netty.request.NettyRequestSender - Using pooled Channel '[id: 0x6eabcca2, L:/127.0.0.1:60366 - R:localhost/127.0.0.1:48726]' for 'POST' to 'http://localhost:48726/session/25cb7f778c060e368573799d51dfb6b0/execute/sync'
20:54:52.585 [Forwarding getPageSource on session 25cb7f778c060e368573799d51dfb6b0 to remote] DEBUG org.asynchttpclient.netty.request.NettyRequestSender - Using open Channel [id: 0x6eabcca2, L:/127.0.0.1:60366 - R:localhost/127.0.0.1:48726] for POST '/session/25cb7f778c060e368573799d51dfb6b0/execute/sync'
20:54:52.605 [AsyncHttpClient-1-11] DEBUG org.asynchttpclient.netty.handler.HttpHandler - 

Request DefaultHttpRequest(decodeResult: success, version: HTTP/1.1)
POST /session/25cb7f778c060e368573799d51dfb6b0/execute/sync HTTP/1.1
User-Agent: selenium/4.8.1 (java windows)
Content-Length: 176
Content-Type: application/json; charset=utf-8
host: localhost:48726
accept: */*

Response DefaultHttpResponse(decodeResult: success, version: HTTP/1.1)
HTTP/1.1 200 OK
Content-Length: 210881
Content-Type: application/json; charset=utf-8
cache-control: no-cache

20:54:52.606 [AsyncHttpClient-1-11] DEBUG org.asynchttpclient.netty.channel.ChannelManager - Adding key: http://localhost:48726 for channel [id: 0x6eabcca2, L:/127.0.0.1:60366 - R:localhost/127.0.0.1:48726]
20:54:52.627 [Forwarding getCurrentUrl on session 25cb7f778c060e368573799d51dfb6b0 to remote] DEBUG org.asynchttpclient.netty.request.NettyRequestSender - Using pooled Channel '[id: 0x6eabcca2, L:/127.0.0.1:60366 - R:localhost/127.0.0.1:48726]' for 'GET' to 'http://localhost:48726/session/25cb7f778c060e368573799d51dfb6b0/url'
20:54:52.627 [Forwarding getCurrentUrl on session 25cb7f778c060e368573799d51dfb6b0 to remote] DEBUG org.asynchttpclient.netty.request.NettyRequestSender - Using open Channel [id: 0x6eabcca2, L:/127.0.0.1:60366 - R:localhost/127.0.0.1:48726] for GET '/session/25cb7f778c060e368573799d51dfb6b0/url'
20:54:52.631 [AsyncHttpClient-1-11] DEBUG org.asynchttpclient.netty.handler.HttpHandler - 

Request DefaultFullHttpRequest(decodeResult: success, version: HTTP/1.1, content: EmptyByteBufBE)
GET /session/25cb7f778c060e368573799d51dfb6b0/url HTTP/1.1
User-Agent: selenium/4.8.1 (java windows)
Cache-Control: no-cache
Content-Type: application/json; charset=utf-8
host: localhost:48726
accept: */*

Response DefaultHttpResponse(decodeResult: success, version: HTTP/1.1)
HTTP/1.1 200 OK
Content-Length: 53
Content-Type: application/json; charset=utf-8
cache-control: no-cache

20:54:52.631 [AsyncHttpClient-1-11] DEBUG org.asynchttpclient.netty.channel.ChannelManager - Adding key: http://localhost:48726 for channel [id: 0x6eabcca2, L:/127.0.0.1:60366 - R:localhost/127.0.0.1:48726]
20:54:52.650 [Forwarding getAlertText on session 25cb7f778c060e368573799d51dfb6b0 to remote] DEBUG org.asynchttpclient.netty.request.NettyRequestSender - Using pooled Channel '[id: 0x6eabcca2, L:/127.0.0.1:60366 - R:localhost/127.0.0.1:48726]' for 'GET' to 'http://localhost:48726/session/25cb7f778c060e368573799d51dfb6b0/alert/text'
20:54:52.651 [Forwarding getAlertText on session 25cb7f778c060e368573799d51dfb6b0 to remote] DEBUG org.asynchttpclient.netty.request.NettyRequestSender - Using open Channel [id: 0x6eabcca2, L:/127.0.0.1:60366 - R:localhost/127.0.0.1:48726] for GET '/session/25cb7f778c060e368573799d51dfb6b0/alert/text'
20:54:52.654 [AsyncHttpClient-1-11] DEBUG org.asynchttpclient.netty.handler.HttpHandler - 

Request DefaultFullHttpRequest(decodeResult: success, version: HTTP/1.1, content: EmptyByteBufBE)
GET /session/25cb7f778c060e368573799d51dfb6b0/alert/text HTTP/1.1
User-Agent: selenium/4.8.1 (java windows)
Cache-Control: no-cache
Content-Type: application/json; charset=utf-8
host: localhost:48726
accept: */*

Response DefaultHttpResponse(decodeResult: success, version: HTTP/1.1)
HTTP/1.1 404 Not Found
Content-Length: 816
Content-Type: application/json; charset=utf-8
cache-control: no-cache

20:54:52.654 [AsyncHttpClient-1-11] DEBUG org.asynchttpclient.netty.channel.ChannelManager - Adding key: http://localhost:48726 for channel [id: 0x6eabcca2, L:/127.0.0.1:60366 - R:localhost/127.0.0.1:48726]
20:54:52.655 [Forwarding getCurrentUrl on session 25cb7f778c060e368573799d51dfb6b0 to remote] DEBUG org.asynchttpclient.netty.request.NettyRequestSender - Using pooled Channel '[id: 0x6eabcca2, L:/127.0.0.1:60366 - R:localhost/127.0.0.1:48726]' for 'GET' to 'http://localhost:48726/session/25cb7f778c060e368573799d51dfb6b0/url'
20:54:52.655 [Forwarding getCurrentUrl on session 25cb7f778c060e368573799d51dfb6b0 to remote] DEBUG org.asynchttpclient.netty.request.NettyRequestSender - Using open Channel [id: 0x6eabcca2, L:/127.0.0.1:60366 - R:localhost/127.0.0.1:48726] for GET '/session/25cb7f778c060e368573799d51dfb6b0/url'
20:54:52.659 [AsyncHttpClient-1-11] DEBUG org.asynchttpclient.netty.handler.HttpHandler - 

Request DefaultFullHttpRequest(decodeResult: success, version: HTTP/1.1, content: EmptyByteBufBE)
GET /session/25cb7f778c060e368573799d51dfb6b0/url HTTP/1.1
User-Agent: selenium/4.8.1 (java windows)
Cache-Control: no-cache
Content-Type: application/json; charset=utf-8
host: localhost:48726
accept: */*

Response DefaultHttpResponse(decodeResult: success, version: HTTP/1.1)
HTTP/1.1 200 OK
Content-Length: 53
Content-Type: application/json; charset=utf-8
cache-control: no-cache

20:54:52.659 [AsyncHttpClient-1-11] DEBUG org.asynchttpclient.netty.channel.ChannelManager - Adding key: http://localhost:48726 for channel [id: 0x6eabcca2, L:/127.0.0.1:60366 - R:localhost/127.0.0.1:48726]
20:54:52.661 [Forwarding screenshot on session 25cb7f778c060e368573799d51dfb6b0 to remote] DEBUG org.asynchttpclient.netty.request.NettyRequestSender - Using pooled Channel '[id: 0x6eabcca2, L:/127.0.0.1:60366 - R:localhost/127.0.0.1:48726]' for 'GET' to 'http://localhost:48726/session/25cb7f778c060e368573799d51dfb6b0/screenshot'
20:54:52.661 [Forwarding screenshot on session 25cb7f778c060e368573799d51dfb6b0 to remote] DEBUG org.asynchttpclient.netty.request.NettyRequestSender - Using open Channel [id: 0x6eabcca2, L:/127.0.0.1:60366 - R:localhost/127.0.0.1:48726] for GET '/session/25cb7f778c060e368573799d51dfb6b0/screenshot'
20:54:52.862 [AsyncHttpClient-1-11] DEBUG org.asynchttpclient.netty.handler.HttpHandler - 

Request DefaultFullHttpRequest(decodeResult: success, version: HTTP/1.1, content: EmptyByteBufBE)
GET /session/25cb7f778c060e368573799d51dfb6b0/screenshot HTTP/1.1
User-Agent: selenium/4.8.1 (java windows)
Cache-Control: no-cache
Content-Type: application/json; charset=utf-8
host: localhost:48726
accept: */*

Response DefaultHttpResponse(decodeResult: success, version: HTTP/1.1)
HTTP/1.1 200 OK
Content-Length: 300708
Content-Type: application/json; charset=utf-8
cache-control: no-cache

20:54:52.863 [AsyncHttpClient-1-11] DEBUG org.asynchttpclient.netty.channel.ChannelManager - Adding key: http://localhost:48726 for channel [id: 0x6eabcca2, L:/127.0.0.1:60366 - R:localhost/127.0.0.1:48726]
20:54:52.870 [main] DEBUG net.serenitybdd.core.photography.Darkroom - Send negative for processing for target\site\serenity\6fe579a9cfdd7ead0d0d137f0821d8218f8f73240cbed7dc37b4d608d84c1ded.png
20:54:52.871 [Darkroom Processing Line] DEBUG net.serenitybdd.core.photography.DarkroomProcessingLine - Processing screenshot image in /var/screenshots/screenshot-16702990192492238424
20:54:52.871 [Darkroom Processing Line] DEBUG net.serenitybdd.core.photography.DarkroomProcessingLine - Saving screenshot to target\site\serenity\6fe579a9cfdd7ead0d0d137f0821d8218f8f73240cbed7dc37b4d608d84c1ded.png
20:54:52.872 [Forwarding getPageSource on session 25cb7f778c060e368573799d51dfb6b0 to remote] DEBUG org.asynchttpclient.netty.request.NettyRequestSender - Using pooled Channel '[id: 0x6eabcca2, L:/127.0.0.1:60366 - R:localhost/127.0.0.1:48726]' for 'POST' to 'http://localhost:48726/session/25cb7f778c060e368573799d51dfb6b0/execute/sync'
20:54:52.873 [Forwarding getPageSource on session 25cb7f778c060e368573799d51dfb6b0 to remote] DEBUG org.asynchttpclient.netty.request.NettyRequestSender - Using open Channel [id: 0x6eabcca2, L:/127.0.0.1:60366 - R:localhost/127.0.0.1:48726] for POST '/session/25cb7f778c060e368573799d51dfb6b0/execute/sync'
20:54:52.893 [AsyncHttpClient-1-11] DEBUG org.asynchttpclient.netty.handler.HttpHandler - 

Request DefaultHttpRequest(decodeResult: success, version: HTTP/1.1)
POST /session/25cb7f778c060e368573799d51dfb6b0/execute/sync HTTP/1.1
User-Agent: selenium/4.8.1 (java windows)
Content-Length: 176
Content-Type: application/json; charset=utf-8
host: localhost:48726
accept: */*

Response DefaultHttpResponse(decodeResult: success, version: HTTP/1.1)
HTTP/1.1 200 OK
Content-Length: 210881
Content-Type: application/json; charset=utf-8
cache-control: no-cache

20:54:52.894 [AsyncHttpClient-1-11] DEBUG org.asynchttpclient.netty.channel.ChannelManager - Adding key: http://localhost:48726 for channel [id: 0x6eabcca2, L:/127.0.0.1:60366 - R:localhost/127.0.0.1:48726]
20:54:52.915 [Forwarding getCurrentUrl on session 25cb7f778c060e368573799d51dfb6b0 to remote] DEBUG org.asynchttpclient.netty.request.NettyRequestSender - Using pooled Channel '[id: 0x6eabcca2, L:/127.0.0.1:60366 - R:localhost/127.0.0.1:48726]' for 'GET' to 'http://localhost:48726/session/25cb7f778c060e368573799d51dfb6b0/url'
20:54:52.915 [Forwarding getCurrentUrl on session 25cb7f778c060e368573799d51dfb6b0 to remote] DEBUG org.asynchttpclient.netty.request.NettyRequestSender - Using open Channel [id: 0x6eabcca2, L:/127.0.0.1:60366 - R:localhost/127.0.0.1:48726] for GET '/session/25cb7f778c060e368573799d51dfb6b0/url'
20:54:52.919 [AsyncHttpClient-1-11] DEBUG org.asynchttpclient.netty.handler.HttpHandler - 

Request DefaultFullHttpRequest(decodeResult: success, version: HTTP/1.1, content: EmptyByteBufBE)
GET /session/25cb7f778c060e368573799d51dfb6b0/url HTTP/1.1
User-Agent: selenium/4.8.1 (java windows)
Cache-Control: no-cache
Content-Type: application/json; charset=utf-8
host: localhost:48726
accept: */*

Response DefaultHttpResponse(decodeResult: success, version: HTTP/1.1)
HTTP/1.1 200 OK
Content-Length: 53
Content-Type: application/json; charset=utf-8
cache-control: no-cache

20:54:52.919 [AsyncHttpClient-1-11] DEBUG org.asynchttpclient.netty.channel.ChannelManager - Adding key: http://localhost:48726 for channel [id: 0x6eabcca2, L:/127.0.0.1:60366 - R:localhost/127.0.0.1:48726]
20:54:52.922 [main] DEBUG net.thucydides.core.steps.StepInterceptor - STARTING STEP: ProductSteps.i_will_be_directed_to_the_correct_product_page - checkTitleWording
20:54:52.959 [Forwarding findElement on session 25cb7f778c060e368573799d51dfb6b0 to remote] DEBUG org.asynchttpclient.netty.request.NettyRequestSender - Using pooled Channel '[id: 0x6eabcca2, L:/127.0.0.1:60366 - R:localhost/127.0.0.1:48726]' for 'POST' to 'http://localhost:48726/session/25cb7f778c060e368573799d51dfb6b0/element'
20:54:52.959 [Forwarding findElement on session 25cb7f778c060e368573799d51dfb6b0 to remote] DEBUG org.asynchttpclient.netty.request.NettyRequestSender - Using open Channel [id: 0x6eabcca2, L:/127.0.0.1:60366 - R:localhost/127.0.0.1:48726] for POST '/session/25cb7f778c060e368573799d51dfb6b0/element'
20:54:52.971 [AsyncHttpClient-1-11] DEBUG org.asynchttpclient.netty.handler.HttpHandler - 

Request DefaultHttpRequest(decodeResult: success, version: HTTP/1.1)
POST /session/25cb7f778c060e368573799d51dfb6b0/element HTTP/1.1
User-Agent: selenium/4.8.1 (java windows)
Content-Length: 57
Content-Type: application/json; charset=utf-8
host: localhost:48726
accept: */*

Response DefaultHttpResponse(decodeResult: success, version: HTTP/1.1)
HTTP/1.1 200 OK
Content-Length: 88
Content-Type: application/json; charset=utf-8
cache-control: no-cache

20:54:52.971 [AsyncHttpClient-1-11] DEBUG org.asynchttpclient.netty.channel.ChannelManager - Adding key: http://localhost:48726 for channel [id: 0x6eabcca2, L:/127.0.0.1:60366 - R:localhost/127.0.0.1:48726]
20:54:52.972 [Forwarding findChildElements on session 25cb7f778c060e368573799d51dfb6b0 to remote] DEBUG org.asynchttpclient.netty.request.NettyRequestSender - Using pooled Channel '[id: 0x6eabcca2, L:/127.0.0.1:60366 - R:localhost/127.0.0.1:48726]' for 'POST' to 'http://localhost:48726/session/25cb7f778c060e368573799d51dfb6b0/element/4e14df6d-292a-4aef-bf57-871d57ad3998/elements'
20:54:52.972 [Forwarding findChildElements on session 25cb7f778c060e368573799d51dfb6b0 to remote] DEBUG org.asynchttpclient.netty.request.NettyRequestSender - Using open Channel [id: 0x6eabcca2, L:/127.0.0.1:60366 - R:localhost/127.0.0.1:48726] for POST '/session/25cb7f778c060e368573799d51dfb6b0/element/4e14df6d-292a-4aef-bf57-871d57ad3998/elements'
20:54:53.471 [AsyncHttpClient-1-1] DEBUG org.asynchttpclient.netty.channel.DefaultChannelPool - Entry count for : http://localhost:60367 : 1
20:54:54.576 [AsyncHttpClient-1-1] DEBUG org.asynchttpclient.netty.channel.DefaultChannelPool - Entry count for : http://localhost:60367 : 1
20:54:54.989 [AsyncHttpClient-1-11] DEBUG org.asynchttpclient.netty.handler.HttpHandler - 

Request DefaultHttpRequest(decodeResult: success, version: HTTP/1.1)
POST /session/25cb7f778c060e368573799d51dfb6b0/element/4e14df6d-292a-4aef-bf57-871d57ad3998/elements HTTP/1.1
User-Agent: selenium/4.8.1 (java windows)
Content-Length: 90
Content-Type: application/json; charset=utf-8
host: localhost:48726
accept: */*

Response DefaultHttpResponse(decodeResult: success, version: HTTP/1.1)
HTTP/1.1 200 OK
Content-Length: 12
Content-Type: application/json; charset=utf-8
cache-control: no-cache

20:54:54.989 [AsyncHttpClient-1-11] DEBUG org.asynchttpclient.netty.channel.ChannelManager - Adding key: http://localhost:48726 for channel [id: 0x6eabcca2, L:/127.0.0.1:60366 - R:localhost/127.0.0.1:48726]
20:54:54.995 [Forwarding getAlertText on session 25cb7f778c060e368573799d51dfb6b0 to remote] DEBUG org.asynchttpclient.netty.request.NettyRequestSender - Using pooled Channel '[id: 0x6eabcca2, L:/127.0.0.1:60366 - R:localhost/127.0.0.1:48726]' for 'GET' to 'http://localhost:48726/session/25cb7f778c060e368573799d51dfb6b0/alert/text'
20:54:54.995 [Forwarding getAlertText on session 25cb7f778c060e368573799d51dfb6b0 to remote] DEBUG org.asynchttpclient.netty.request.NettyRequestSender - Using open Channel [id: 0x6eabcca2, L:/127.0.0.1:60366 - R:localhost/127.0.0.1:48726] for GET '/session/25cb7f778c060e368573799d51dfb6b0/alert/text'
20:54:54.997 [AsyncHttpClient-1-11] DEBUG org.asynchttpclient.netty.handler.HttpHandler - 

Request DefaultFullHttpRequest(decodeResult: success, version: HTTP/1.1, content: EmptyByteBufBE)
GET /session/25cb7f778c060e368573799d51dfb6b0/alert/text HTTP/1.1
User-Agent: selenium/4.8.1 (java windows)
Cache-Control: no-cache
Content-Type: application/json; charset=utf-8
host: localhost:48726
accept: */*

Response DefaultHttpResponse(decodeResult: success, version: HTTP/1.1)
HTTP/1.1 404 Not Found
Content-Length: 816
Content-Type: application/json; charset=utf-8
cache-control: no-cache

20:54:54.997 [AsyncHttpClient-1-11] DEBUG org.asynchttpclient.netty.channel.ChannelManager - Adding key: http://localhost:48726 for channel [id: 0x6eabcca2, L:/127.0.0.1:60366 - R:localhost/127.0.0.1:48726]
20:54:54.998 [Forwarding getCurrentUrl on session 25cb7f778c060e368573799d51dfb6b0 to remote] DEBUG org.asynchttpclient.netty.request.NettyRequestSender - Using pooled Channel '[id: 0x6eabcca2, L:/127.0.0.1:60366 - R:localhost/127.0.0.1:48726]' for 'GET' to 'http://localhost:48726/session/25cb7f778c060e368573799d51dfb6b0/url'
20:54:54.998 [Forwarding getCurrentUrl on session 25cb7f778c060e368573799d51dfb6b0 to remote] DEBUG org.asynchttpclient.netty.request.NettyRequestSender - Using open Channel [id: 0x6eabcca2, L:/127.0.0.1:60366 - R:localhost/127.0.0.1:48726] for GET '/session/25cb7f778c060e368573799d51dfb6b0/url'
20:54:55.001 [AsyncHttpClient-1-11] DEBUG org.asynchttpclient.netty.handler.HttpHandler - 

Request DefaultFullHttpRequest(decodeResult: success, version: HTTP/1.1, content: EmptyByteBufBE)
GET /session/25cb7f778c060e368573799d51dfb6b0/url HTTP/1.1
User-Agent: selenium/4.8.1 (java windows)
Cache-Control: no-cache
Content-Type: application/json; charset=utf-8
host: localhost:48726
accept: */*

Response DefaultHttpResponse(decodeResult: success, version: HTTP/1.1)
HTTP/1.1 200 OK
Content-Length: 53
Content-Type: application/json; charset=utf-8
cache-control: no-cache

20:54:55.001 [AsyncHttpClient-1-11] DEBUG org.asynchttpclient.netty.channel.ChannelManager - Adding key: http://localhost:48726 for channel [id: 0x6eabcca2, L:/127.0.0.1:60366 - R:localhost/127.0.0.1:48726]
20:54:55.001 [Forwarding screenshot on session 25cb7f778c060e368573799d51dfb6b0 to remote] DEBUG org.asynchttpclient.netty.request.NettyRequestSender - Using pooled Channel '[id: 0x6eabcca2, L:/127.0.0.1:60366 - R:localhost/127.0.0.1:48726]' for 'GET' to 'http://localhost:48726/session/25cb7f778c060e368573799d51dfb6b0/screenshot'
20:54:55.002 [Forwarding screenshot on session 25cb7f778c060e368573799d51dfb6b0 to remote] DEBUG org.asynchttpclient.netty.request.NettyRequestSender - Using open Channel [id: 0x6eabcca2, L:/127.0.0.1:60366 - R:localhost/127.0.0.1:48726] for GET '/session/25cb7f778c060e368573799d51dfb6b0/screenshot'
20:54:55.178 [AsyncHttpClient-1-11] DEBUG org.asynchttpclient.netty.handler.HttpHandler - 

Request DefaultFullHttpRequest(decodeResult: success, version: HTTP/1.1, content: EmptyByteBufBE)
GET /session/25cb7f778c060e368573799d51dfb6b0/screenshot HTTP/1.1
User-Agent: selenium/4.8.1 (java windows)
Cache-Control: no-cache
Content-Type: application/json; charset=utf-8
host: localhost:48726
accept: */*

Response DefaultHttpResponse(decodeResult: success, version: HTTP/1.1)
HTTP/1.1 200 OK
Content-Length: 300708
Content-Type: application/json; charset=utf-8
cache-control: no-cache

20:54:55.179 [AsyncHttpClient-1-11] DEBUG org.asynchttpclient.netty.channel.ChannelManager - Adding key: http://localhost:48726 for channel [id: 0x6eabcca2, L:/127.0.0.1:60366 - R:localhost/127.0.0.1:48726]
20:54:55.184 [main] DEBUG net.serenitybdd.core.photography.Darkroom - Send negative for processing for target\site\serenity\6fe579a9cfdd7ead0d0d137f0821d8218f8f73240cbed7dc37b4d608d84c1ded.png
20:54:55.184 [main] DEBUG net.thucydides.core.steps.StepInterceptor - STEP DONE: checkTitleWording
  &amp#27;[32mThen &amp#27;[0m&amp#27;[32mI will be directed to the correct &amp#27;[0m&amp#27;[32m&amp#27;[1m"Pulsa"&amp#27;[0m&amp#27;[32m product page&amp#27;[0m        &amp#27;[90m# starter.stepDefinitions.ProductSteps.i_will_be_directed_to_the_correct_product_page(java.lang.String)&amp#27;[0m
20:54:55.195 [Forwarding getPageSource on session 25cb7f778c060e368573799d51dfb6b0 to remote] DEBUG org.asynchttpclient.netty.request.NettyRequestSender - Using pooled Channel '[id: 0x6eabcca2, L:/127.0.0.1:60366 - R:localhost/127.0.0.1:48726]' for 'POST' to 'http://localhost:48726/session/25cb7f778c060e368573799d51dfb6b0/execute/sync'
20:54:55.195 [Forwarding getPageSource on session 25cb7f778c060e368573799d51dfb6b0 to remote] DEBUG org.asynchttpclient.netty.request.NettyRequestSender - Using open Channel [id: 0x6eabcca2, L:/127.0.0.1:60366 - R:localhost/127.0.0.1:48726] for POST '/session/25cb7f778c060e368573799d51dfb6b0/execute/sync'
20:54:55.212 [AsyncHttpClient-1-11] DEBUG org.asynchttpclient.netty.handler.HttpHandler - 

Request DefaultHttpRequest(decodeResult: success, version: HTTP/1.1)
POST /session/25cb7f778c060e368573799d51dfb6b0/execute/sync HTTP/1.1
User-Agent: selenium/4.8.1 (java windows)
Content-Length: 176
Content-Type: application/json; charset=utf-8
host: localhost:48726
accept: */*

Response DefaultHttpResponse(decodeResult: success, version: HTTP/1.1)
HTTP/1.1 200 OK
Content-Length: 210881
Content-Type: application/json; charset=utf-8
cache-control: no-cache

20:54:55.212 [AsyncHttpClient-1-11] DEBUG org.asynchttpclient.netty.channel.ChannelManager - Adding key: http://localhost:48726 for channel [id: 0x6eabcca2, L:/127.0.0.1:60366 - R:localhost/127.0.0.1:48726]
20:54:55.225 [Forwarding getCurrentUrl on session 25cb7f778c060e368573799d51dfb6b0 to remote] DEBUG org.asynchttpclient.netty.request.NettyRequestSender - Using pooled Channel '[id: 0x6eabcca2, L:/127.0.0.1:60366 - R:localhost/127.0.0.1:48726]' for 'GET' to 'http://localhost:48726/session/25cb7f778c060e368573799d51dfb6b0/url'
20:54:55.225 [Forwarding getCurrentUrl on session 25cb7f778c060e368573799d51dfb6b0 to remote] DEBUG org.asynchttpclient.netty.request.NettyRequestSender - Using open Channel [id: 0x6eabcca2, L:/127.0.0.1:60366 - R:localhost/127.0.0.1:48726] for GET '/session/25cb7f778c060e368573799d51dfb6b0/url'
20:54:55.228 [AsyncHttpClient-1-11] DEBUG org.asynchttpclient.netty.handler.HttpHandler - 

Request DefaultFullHttpRequest(decodeResult: success, version: HTTP/1.1, content: EmptyByteBufBE)
GET /session/25cb7f778c060e368573799d51dfb6b0/url HTTP/1.1
User-Agent: selenium/4.8.1 (java windows)
Cache-Control: no-cache
Content-Type: application/json; charset=utf-8
host: localhost:48726
accept: */*

Response DefaultHttpResponse(decodeResult: success, version: HTTP/1.1)
HTTP/1.1 200 OK
Content-Length: 53
Content-Type: application/json; charset=utf-8
cache-control: no-cache

20:54:55.228 [AsyncHttpClient-1-11] DEBUG org.asynchttpclient.netty.channel.ChannelManager - Adding key: http://localhost:48726 for channel [id: 0x6eabcca2, L:/127.0.0.1:60366 - R:localhost/127.0.0.1:48726]
20:54:55.386 [Forwarding getAlertText on session 25cb7f778c060e368573799d51dfb6b0 to remote] DEBUG org.asynchttpclient.netty.request.NettyRequestSender - Using pooled Channel '[id: 0x6eabcca2, L:/127.0.0.1:60366 - R:localhost/127.0.0.1:48726]' for 'GET' to 'http://localhost:48726/session/25cb7f778c060e368573799d51dfb6b0/alert/text'
20:54:55.386 [Forwarding getAlertText on session 25cb7f778c060e368573799d51dfb6b0 to remote] DEBUG org.asynchttpclient.netty.request.NettyRequestSender - Using open Channel [id: 0x6eabcca2, L:/127.0.0.1:60366 - R:localhost/127.0.0.1:48726] for GET '/session/25cb7f778c060e368573799d51dfb6b0/alert/text'
20:54:55.388 [AsyncHttpClient-1-11] DEBUG org.asynchttpclient.netty.handler.HttpHandler - 

Request DefaultFullHttpRequest(decodeResult: success, version: HTTP/1.1, content: EmptyByteBufBE)
GET /session/25cb7f778c060e368573799d51dfb6b0/alert/text HTTP/1.1
User-Agent: selenium/4.8.1 (java windows)
Cache-Control: no-cache
Content-Type: application/json; charset=utf-8
host: localhost:48726
accept: */*

Response DefaultHttpResponse(decodeResult: success, version: HTTP/1.1)
HTTP/1.1 404 Not Found
Content-Length: 816
Content-Type: application/json; charset=utf-8
cache-control: no-cache

20:54:55.388 [AsyncHttpClient-1-11] DEBUG org.asynchttpclient.netty.channel.ChannelManager - Adding key: http://localhost:48726 for channel [id: 0x6eabcca2, L:/127.0.0.1:60366 - R:localhost/127.0.0.1:48726]
20:54:55.390 [Forwarding getCurrentUrl on session 25cb7f778c060e368573799d51dfb6b0 to remote] DEBUG org.asynchttpclient.netty.request.NettyRequestSender - Using pooled Channel '[id: 0x6eabcca2, L:/127.0.0.1:60366 - R:localhost/127.0.0.1:48726]' for 'GET' to 'http://localhost:48726/session/25cb7f778c060e368573799d51dfb6b0/url'
20:54:55.390 [Forwarding getCurrentUrl on session 25cb7f778c060e368573799d51dfb6b0 to remote] DEBUG org.asynchttpclient.netty.request.NettyRequestSender - Using open Channel [id: 0x6eabcca2, L:/127.0.0.1:60366 - R:localhost/127.0.0.1:48726] for GET '/session/25cb7f778c060e368573799d51dfb6b0/url'
20:54:55.393 [AsyncHttpClient-1-11] DEBUG org.asynchttpclient.netty.handler.HttpHandler - 

Request DefaultFullHttpRequest(decodeResult: success, version: HTTP/1.1, content: EmptyByteBufBE)
GET /session/25cb7f778c060e368573799d51dfb6b0/url HTTP/1.1
User-Agent: selenium/4.8.1 (java windows)
Cache-Control: no-cache
Content-Type: application/json; charset=utf-8
host: localhost:48726
accept: */*

Response DefaultHttpResponse(decodeResult: success, version: HTTP/1.1)
HTTP/1.1 200 OK
Content-Length: 53
Content-Type: application/json; charset=utf-8
cache-control: no-cache

20:54:55.393 [AsyncHttpClient-1-11] DEBUG org.asynchttpclient.netty.channel.ChannelManager - Adding key: http://localhost:48726 for channel [id: 0x6eabcca2, L:/127.0.0.1:60366 - R:localhost/127.0.0.1:48726]
20:54:55.395 [Forwarding screenshot on session 25cb7f778c060e368573799d51dfb6b0 to remote] DEBUG org.asynchttpclient.netty.request.NettyRequestSender - Using pooled Channel '[id: 0x6eabcca2, L:/127.0.0.1:60366 - R:localhost/127.0.0.1:48726]' for 'GET' to 'http://localhost:48726/session/25cb7f778c060e368573799d51dfb6b0/screenshot'
20:54:55.395 [Forwarding screenshot on session 25cb7f778c060e368573799d51dfb6b0 to remote] DEBUG org.asynchttpclient.netty.request.NettyRequestSender - Using open Channel [id: 0x6eabcca2, L:/127.0.0.1:60366 - R:localhost/127.0.0.1:48726] for GET '/session/25cb7f778c060e368573799d51dfb6b0/screenshot'
20:54:55.594 [AsyncHttpClient-1-11] DEBUG org.asynchttpclient.netty.handler.HttpHandler - 

Request DefaultFullHttpRequest(decodeResult: success, version: HTTP/1.1, content: EmptyByteBufBE)
GET /session/25cb7f778c060e368573799d51dfb6b0/screenshot HTTP/1.1
User-Agent: selenium/4.8.1 (java windows)
Cache-Control: no-cache
Content-Type: application/json; charset=utf-8
host: localhost:48726
accept: */*

Response DefaultHttpResponse(decodeResult: success, version: HTTP/1.1)
HTTP/1.1 200 OK
Content-Length: 300708
Content-Type: application/json; charset=utf-8
cache-control: no-cache

20:54:55.594 [AsyncHttpClient-1-11] DEBUG org.asynchttpclient.netty.channel.ChannelManager - Adding key: http://localhost:48726 for channel [id: 0x6eabcca2, L:/127.0.0.1:60366 - R:localhost/127.0.0.1:48726]
20:54:55.600 [main] DEBUG net.serenitybdd.core.photography.Darkroom - Send negative for processing for target\site\serenity\6fe579a9cfdd7ead0d0d137f0821d8218f8f73240cbed7dc37b4d608d84c1ded.png
20:54:55.601 [Forwarding getPageSource on session 25cb7f778c060e368573799d51dfb6b0 to remote] DEBUG org.asynchttpclient.netty.request.NettyRequestSender - Using pooled Channel '[id: 0x6eabcca2, L:/127.0.0.1:60366 - R:localhost/127.0.0.1:48726]' for 'POST' to 'http://localhost:48726/session/25cb7f778c060e368573799d51dfb6b0/execute/sync'
20:54:55.601 [Forwarding getPageSource on session 25cb7f778c060e368573799d51dfb6b0 to remote] DEBUG org.asynchttpclient.netty.request.NettyRequestSender - Using open Channel [id: 0x6eabcca2, L:/127.0.0.1:60366 - R:localhost/127.0.0.1:48726] for POST '/session/25cb7f778c060e368573799d51dfb6b0/execute/sync'
20:54:55.618 [AsyncHttpClient-1-11] DEBUG org.asynchttpclient.netty.handler.HttpHandler - 

Request DefaultHttpRequest(decodeResult: success, version: HTTP/1.1)
POST /session/25cb7f778c060e368573799d51dfb6b0/execute/sync HTTP/1.1
User-Agent: selenium/4.8.1 (java windows)
Content-Length: 176
Content-Type: application/json; charset=utf-8
host: localhost:48726
accept: */*

Response DefaultHttpResponse(decodeResult: success, version: HTTP/1.1)
HTTP/1.1 200 OK
Content-Length: 210881
Content-Type: application/json; charset=utf-8
cache-control: no-cache

20:54:55.618 [AsyncHttpClient-1-11] DEBUG org.asynchttpclient.netty.channel.ChannelManager - Adding key: http://localhost:48726 for channel [id: 0x6eabcca2, L:/127.0.0.1:60366 - R:localhost/127.0.0.1:48726]
20:54:55.631 [Forwarding getCurrentUrl on session 25cb7f778c060e368573799d51dfb6b0 to remote] DEBUG org.asynchttpclient.netty.request.NettyRequestSender - Using pooled Channel '[id: 0x6eabcca2, L:/127.0.0.1:60366 - R:localhost/127.0.0.1:48726]' for 'GET' to 'http://localhost:48726/session/25cb7f778c060e368573799d51dfb6b0/url'
20:54:55.631 [Forwarding getCurrentUrl on session 25cb7f778c060e368573799d51dfb6b0 to remote] DEBUG org.asynchttpclient.netty.request.NettyRequestSender - Using open Channel [id: 0x6eabcca2, L:/127.0.0.1:60366 - R:localhost/127.0.0.1:48726] for GET '/session/25cb7f778c060e368573799d51dfb6b0/url'
20:54:55.634 [AsyncHttpClient-1-11] DEBUG org.asynchttpclient.netty.handler.HttpHandler - 

Request DefaultFullHttpRequest(decodeResult: success, version: HTTP/1.1, content: EmptyByteBufBE)
GET /session/25cb7f778c060e368573799d51dfb6b0/url HTTP/1.1
User-Agent: selenium/4.8.1 (java windows)
Cache-Control: no-cache
Content-Type: application/json; charset=utf-8
host: localhost:48726
accept: */*

Response DefaultHttpResponse(decodeResult: success, version: HTTP/1.1)
HTTP/1.1 200 OK
Content-Length: 53
Content-Type: application/json; charset=utf-8
cache-control: no-cache

20:54:55.635 [AsyncHttpClient-1-11] DEBUG org.asynchttpclient.netty.channel.ChannelManager - Adding key: http://localhost:48726 for channel [id: 0x6eabcca2, L:/127.0.0.1:60366 - R:localhost/127.0.0.1:48726]
20:54:55.637 [main] DEBUG net.thucydides.core.steps.StepInterceptor - STARTING STEP: OrderSteps.i_enter_at_form_field - enterPulsa
20:54:55.640 [Forwarding findElement on session 25cb7f778c060e368573799d51dfb6b0 to remote] DEBUG org.asynchttpclient.netty.request.NettyRequestSender - Using pooled Channel '[id: 0x6eabcca2, L:/127.0.0.1:60366 - R:localhost/127.0.0.1:48726]' for 'POST' to 'http://localhost:48726/session/25cb7f778c060e368573799d51dfb6b0/element'
20:54:55.640 [Forwarding findElement on session 25cb7f778c060e368573799d51dfb6b0 to remote] DEBUG org.asynchttpclient.netty.request.NettyRequestSender - Using open Channel [id: 0x6eabcca2, L:/127.0.0.1:60366 - R:localhost/127.0.0.1:48726] for POST '/session/25cb7f778c060e368573799d51dfb6b0/element'
20:54:55.651 [AsyncHttpClient-1-11] DEBUG org.asynchttpclient.netty.handler.HttpHandler - 

Request DefaultHttpRequest(decodeResult: success, version: HTTP/1.1)
POST /session/25cb7f778c060e368573799d51dfb6b0/element HTTP/1.1
User-Agent: selenium/4.8.1 (java windows)
Content-Length: 57
Content-Type: application/json; charset=utf-8
host: localhost:48726
accept: */*

Response DefaultHttpResponse(decodeResult: success, version: HTTP/1.1)
HTTP/1.1 200 OK
Content-Length: 88
Content-Type: application/json; charset=utf-8
cache-control: no-cache

20:54:55.651 [AsyncHttpClient-1-11] DEBUG org.asynchttpclient.netty.channel.ChannelManager - Adding key: http://localhost:48726 for channel [id: 0x6eabcca2, L:/127.0.0.1:60366 - R:localhost/127.0.0.1:48726]
20:54:55.653 [Forwarding clearElement on session 25cb7f778c060e368573799d51dfb6b0 to remote] DEBUG org.asynchttpclient.netty.request.NettyRequestSender - Using pooled Channel '[id: 0x6eabcca2, L:/127.0.0.1:60366 - R:localhost/127.0.0.1:48726]' for 'POST' to 'http://localhost:48726/session/25cb7f778c060e368573799d51dfb6b0/element/bed8565c-f101-47db-8d38-178f542ee0a3/clear'
20:54:55.653 [Forwarding clearElement on session 25cb7f778c060e368573799d51dfb6b0 to remote] DEBUG org.asynchttpclient.netty.request.NettyRequestSender - Using open Channel [id: 0x6eabcca2, L:/127.0.0.1:60366 - R:localhost/127.0.0.1:48726] for POST '/session/25cb7f778c060e368573799d51dfb6b0/element/bed8565c-f101-47db-8d38-178f542ee0a3/clear'
20:54:55.670 [AsyncHttpClient-1-1] DEBUG org.asynchttpclient.netty.channel.DefaultChannelPool - Entry count for : http://localhost:60367 : 1
20:54:55.685 [AsyncHttpClient-1-11] DEBUG org.asynchttpclient.netty.handler.HttpHandler - 

Request DefaultHttpRequest(decodeResult: success, version: HTTP/1.1)
POST /session/25cb7f778c060e368573799d51dfb6b0/element/bed8565c-f101-47db-8d38-178f542ee0a3/clear HTTP/1.1
User-Agent: selenium/4.8.1 (java windows)
Content-Length: 50
Content-Type: application/json; charset=utf-8
host: localhost:48726
accept: */*

Response DefaultHttpResponse(decodeResult: success, version: HTTP/1.1)
HTTP/1.1 200 OK
Content-Length: 14
Content-Type: application/json; charset=utf-8
cache-control: no-cache

20:54:55.685 [AsyncHttpClient-1-11] DEBUG org.asynchttpclient.netty.channel.ChannelManager - Adding key: http://localhost:48726 for channel [id: 0x6eabcca2, L:/127.0.0.1:60366 - R:localhost/127.0.0.1:48726]
20:54:55.687 [Forwarding sendKeysToElement on session 25cb7f778c060e368573799d51dfb6b0 to remote] DEBUG org.asynchttpclient.netty.request.NettyRequestSender - Using pooled Channel '[id: 0x6eabcca2, L:/127.0.0.1:60366 - R:localhost/127.0.0.1:48726]' for 'POST' to 'http://localhost:48726/session/25cb7f778c060e368573799d51dfb6b0/element/bed8565c-f101-47db-8d38-178f542ee0a3/value'
20:54:55.687 [Forwarding sendKeysToElement on session 25cb7f778c060e368573799d51dfb6b0 to remote] DEBUG org.asynchttpclient.netty.request.NettyRequestSender - Using open Channel [id: 0x6eabcca2, L:/127.0.0.1:60366 - R:localhost/127.0.0.1:48726] for POST '/session/25cb7f778c060e368573799d51dfb6b0/element/bed8565c-f101-47db-8d38-178f542ee0a3/value'
20:54:55.859 [AsyncHttpClient-1-11] DEBUG org.asynchttpclient.netty.handler.HttpHandler - 

Request DefaultHttpRequest(decodeResult: success, version: HTTP/1.1)
POST /session/25cb7f778c060e368573799d51dfb6b0/element/bed8565c-f101-47db-8d38-178f542ee0a3/value HTTP/1.1
User-Agent: selenium/4.8.1 (java windows)
Content-Length: 201
Content-Type: application/json; charset=utf-8
host: localhost:48726
accept: */*

Response DefaultHttpResponse(decodeResult: success, version: HTTP/1.1)
HTTP/1.1 200 OK
Content-Length: 14
Content-Type: application/json; charset=utf-8
cache-control: no-cache

20:54:55.859 [AsyncHttpClient-1-11] DEBUG org.asynchttpclient.netty.channel.ChannelManager - Adding key: http://localhost:48726 for channel [id: 0x6eabcca2, L:/127.0.0.1:60366 - R:localhost/127.0.0.1:48726]
20:54:55.869 [Forwarding getAlertText on session 25cb7f778c060e368573799d51dfb6b0 to remote] DEBUG org.asynchttpclient.netty.request.NettyRequestSender - Using pooled Channel '[id: 0x6eabcca2, L:/127.0.0.1:60366 - R:localhost/127.0.0.1:48726]' for 'GET' to 'http://localhost:48726/session/25cb7f778c060e368573799d51dfb6b0/alert/text'
20:54:55.869 [Forwarding getAlertText on session 25cb7f778c060e368573799d51dfb6b0 to remote] DEBUG org.asynchttpclient.netty.request.NettyRequestSender - Using open Channel [id: 0x6eabcca2, L:/127.0.0.1:60366 - R:localhost/127.0.0.1:48726] for GET '/session/25cb7f778c060e368573799d51dfb6b0/alert/text'
20:54:55.874 [AsyncHttpClient-1-11] DEBUG org.asynchttpclient.netty.handler.HttpHandler - 

Request DefaultFullHttpRequest(decodeResult: success, version: HTTP/1.1, content: EmptyByteBufBE)
GET /session/25cb7f778c060e368573799d51dfb6b0/alert/text HTTP/1.1
User-Agent: selenium/4.8.1 (java windows)
Cache-Control: no-cache
Content-Type: application/json; charset=utf-8
host: localhost:48726
accept: */*

Response DefaultHttpResponse(decodeResult: success, version: HTTP/1.1)
HTTP/1.1 404 Not Found
Content-Length: 816
Content-Type: application/json; charset=utf-8
cache-control: no-cache

20:54:55.874 [AsyncHttpClient-1-11] DEBUG org.asynchttpclient.netty.channel.ChannelManager - Adding key: http://localhost:48726 for channel [id: 0x6eabcca2, L:/127.0.0.1:60366 - R:localhost/127.0.0.1:48726]
20:54:55.876 [Forwarding getCurrentUrl on session 25cb7f778c060e368573799d51dfb6b0 to remote] DEBUG org.asynchttpclient.netty.request.NettyRequestSender - Using pooled Channel '[id: 0x6eabcca2, L:/127.0.0.1:60366 - R:localhost/127.0.0.1:48726]' for 'GET' to 'http://localhost:48726/session/25cb7f778c060e368573799d51dfb6b0/url'
20:54:55.877 [Forwarding getCurrentUrl on session 25cb7f778c060e368573799d51dfb6b0 to remote] DEBUG org.asynchttpclient.netty.request.NettyRequestSender - Using open Channel [id: 0x6eabcca2, L:/127.0.0.1:60366 - R:localhost/127.0.0.1:48726] for GET '/session/25cb7f778c060e368573799d51dfb6b0/url'
20:54:55.915 [AsyncHttpClient-1-11] DEBUG org.asynchttpclient.netty.handler.HttpHandler - 

Request DefaultFullHttpRequest(decodeResult: success, version: HTTP/1.1, content: EmptyByteBufBE)
GET /session/25cb7f778c060e368573799d51dfb6b0/url HTTP/1.1
User-Agent: selenium/4.8.1 (java windows)
Cache-Control: no-cache
Content-Type: application/json; charset=utf-8
host: localhost:48726
accept: */*

Response DefaultHttpResponse(decodeResult: success, version: HTTP/1.1)
HTTP/1.1 200 OK
Content-Length: 53
Content-Type: application/json; charset=utf-8
cache-control: no-cache

20:54:55.915 [AsyncHttpClient-1-11] DEBUG org.asynchttpclient.netty.channel.ChannelManager - Adding key: http://localhost:48726 for channel [id: 0x6eabcca2, L:/127.0.0.1:60366 - R:localhost/127.0.0.1:48726]
20:54:55.918 [Forwarding screenshot on session 25cb7f778c060e368573799d51dfb6b0 to remote] DEBUG org.asynchttpclient.netty.request.NettyRequestSender - Using pooled Channel '[id: 0x6eabcca2, L:/127.0.0.1:60366 - R:localhost/127.0.0.1:48726]' for 'GET' to 'http://localhost:48726/session/25cb7f778c060e368573799d51dfb6b0/screenshot'
20:54:55.918 [Forwarding screenshot on session 25cb7f778c060e368573799d51dfb6b0 to remote] DEBUG org.asynchttpclient.netty.request.NettyRequestSender - Using open Channel [id: 0x6eabcca2, L:/127.0.0.1:60366 - R:localhost/127.0.0.1:48726] for GET '/session/25cb7f778c060e368573799d51dfb6b0/screenshot'
20:54:56.128 [AsyncHttpClient-1-11] DEBUG org.asynchttpclient.netty.handler.HttpHandler - 

Request DefaultFullHttpRequest(decodeResult: success, version: HTTP/1.1, content: EmptyByteBufBE)
GET /session/25cb7f778c060e368573799d51dfb6b0/screenshot HTTP/1.1
User-Agent: selenium/4.8.1 (java windows)
Cache-Control: no-cache
Content-Type: application/json; charset=utf-8
host: localhost:48726
accept: */*

Response DefaultHttpResponse(decodeResult: success, version: HTTP/1.1)
HTTP/1.1 200 OK
Content-Length: 252772
Content-Type: application/json; charset=utf-8
cache-control: no-cache

20:54:56.129 [AsyncHttpClient-1-11] DEBUG org.asynchttpclient.netty.channel.ChannelManager - Adding key: http://localhost:48726 for channel [id: 0x6eabcca2, L:/127.0.0.1:60366 - R:localhost/127.0.0.1:48726]
20:54:56.133 [main] DEBUG net.serenitybdd.core.photography.Darkroom - Send negative for processing for target\site\serenity\0aadc202feda6053cbf86f1066915f670748cd883d50447a69b45b31cfd7202f.png
20:54:56.133 [main] DEBUG net.thucydides.core.steps.StepInterceptor - STEP DONE: enterPulsa
20:54:56.133 [Darkroom Processing Line] DEBUG net.serenitybdd.core.photography.DarkroomProcessingLine - Processing screenshot image in /var/screenshots/screenshot-7086042957006460905
  &amp#27;[32mAnd &amp#27;[0m&amp#27;[32mI enter &amp#27;[0m&amp#27;[32m&amp#27;[1m"081212121212"&amp#27;[0m&amp#27;[32m at form field&amp#27;[0m                           &amp#27;[90m# starter.stepDefinitions.OrderSteps.i_enter_at_form_field(java.lang.String)&amp#27;[0m
20:54:56.133 [Darkroom Processing Line] DEBUG net.serenitybdd.core.photography.DarkroomProcessingLine - Saving screenshot to target\site\serenity\0aadc202feda6053cbf86f1066915f670748cd883d50447a69b45b31cfd7202f.png
20:54:56.145 [Forwarding getPageSource on session 25cb7f778c060e368573799d51dfb6b0 to remote] DEBUG org.asynchttpclient.netty.request.NettyRequestSender - Using pooled Channel '[id: 0x6eabcca2, L:/127.0.0.1:60366 - R:localhost/127.0.0.1:48726]' for 'POST' to 'http://localhost:48726/session/25cb7f778c060e368573799d51dfb6b0/execute/sync'
20:54:56.145 [Forwarding getPageSource on session 25cb7f778c060e368573799d51dfb6b0 to remote] DEBUG org.asynchttpclient.netty.request.NettyRequestSender - Using open Channel [id: 0x6eabcca2, L:/127.0.0.1:60366 - R:localhost/127.0.0.1:48726] for POST '/session/25cb7f778c060e368573799d51dfb6b0/execute/sync'
20:54:56.160 [AsyncHttpClient-1-11] DEBUG org.asynchttpclient.netty.handler.HttpHandler - 

Request DefaultHttpRequest(decodeResult: success, version: HTTP/1.1)
POST /session/25cb7f778c060e368573799d51dfb6b0/execute/sync HTTP/1.1
User-Agent: selenium/4.8.1 (java windows)
Content-Length: 176
Content-Type: application/json; charset=utf-8
host: localhost:48726
accept: */*

Response DefaultHttpResponse(decodeResult: success, version: HTTP/1.1)
HTTP/1.1 200 OK
Content-Length: 151929
Content-Type: application/json; charset=utf-8
cache-control: no-cache

20:54:56.161 [AsyncHttpClient-1-11] DEBUG org.asynchttpclient.netty.channel.ChannelManager - Adding key: http://localhost:48726 for channel [id: 0x6eabcca2, L:/127.0.0.1:60366 - R:localhost/127.0.0.1:48726]
20:54:56.168 [Forwarding getCurrentUrl on session 25cb7f778c060e368573799d51dfb6b0 to remote] DEBUG org.asynchttpclient.netty.request.NettyRequestSender - Using pooled Channel '[id: 0x6eabcca2, L:/127.0.0.1:60366 - R:localhost/127.0.0.1:48726]' for 'GET' to 'http://localhost:48726/session/25cb7f778c060e368573799d51dfb6b0/url'
20:54:56.168 [Forwarding getCurrentUrl on session 25cb7f778c060e368573799d51dfb6b0 to remote] DEBUG org.asynchttpclient.netty.request.NettyRequestSender - Using open Channel [id: 0x6eabcca2, L:/127.0.0.1:60366 - R:localhost/127.0.0.1:48726] for GET '/session/25cb7f778c060e368573799d51dfb6b0/url'
20:54:56.172 [AsyncHttpClient-1-11] DEBUG org.asynchttpclient.netty.handler.HttpHandler - 

Request DefaultFullHttpRequest(decodeResult: success, version: HTTP/1.1, content: EmptyByteBufBE)
GET /session/25cb7f778c060e368573799d51dfb6b0/url HTTP/1.1
User-Agent: selenium/4.8.1 (java windows)
Cache-Control: no-cache
Content-Type: application/json; charset=utf-8
host: localhost:48726
accept: */*

Response DefaultHttpResponse(decodeResult: success, version: HTTP/1.1)
HTTP/1.1 200 OK
Content-Length: 53
Content-Type: application/json; charset=utf-8
cache-control: no-cache

20:54:56.172 [AsyncHttpClient-1-11] DEBUG org.asynchttpclient.netty.channel.ChannelManager - Adding key: http://localhost:48726 for channel [id: 0x6eabcca2, L:/127.0.0.1:60366 - R:localhost/127.0.0.1:48726]
20:54:56.183 [Forwarding getPageSource on session 25cb7f778c060e368573799d51dfb6b0 to remote] DEBUG org.asynchttpclient.netty.request.NettyRequestSender - Using pooled Channel '[id: 0x6eabcca2, L:/127.0.0.1:60366 - R:localhost/127.0.0.1:48726]' for 'POST' to 'http://localhost:48726/session/25cb7f778c060e368573799d51dfb6b0/execute/sync'
20:54:56.184 [Forwarding getPageSource on session 25cb7f778c060e368573799d51dfb6b0 to remote] DEBUG org.asynchttpclient.netty.request.NettyRequestSender - Using open Channel [id: 0x6eabcca2, L:/127.0.0.1:60366 - R:localhost/127.0.0.1:48726] for POST '/session/25cb7f778c060e368573799d51dfb6b0/execute/sync'
20:54:56.196 [AsyncHttpClient-1-11] DEBUG org.asynchttpclient.netty.handler.HttpHandler - 

Request DefaultHttpRequest(decodeResult: success, version: HTTP/1.1)
POST /session/25cb7f778c060e368573799d51dfb6b0/execute/sync HTTP/1.1
User-Agent: selenium/4.8.1 (java windows)
Content-Length: 176
Content-Type: application/json; charset=utf-8
host: localhost:48726
accept: */*

Response DefaultHttpResponse(decodeResult: success, version: HTTP/1.1)
HTTP/1.1 200 OK
Content-Length: 151929
Content-Type: application/json; charset=utf-8
cache-control: no-cache

20:54:56.196 [AsyncHttpClient-1-11] DEBUG org.asynchttpclient.netty.channel.ChannelManager - Adding key: http://localhost:48726 for channel [id: 0x6eabcca2, L:/127.0.0.1:60366 - R:localhost/127.0.0.1:48726]
20:54:56.204 [Forwarding getCurrentUrl on session 25cb7f778c060e368573799d51dfb6b0 to remote] DEBUG org.asynchttpclient.netty.request.NettyRequestSender - Using pooled Channel '[id: 0x6eabcca2, L:/127.0.0.1:60366 - R:localhost/127.0.0.1:48726]' for 'GET' to 'http://localhost:48726/session/25cb7f778c060e368573799d51dfb6b0/url'
20:54:56.204 [Forwarding getCurrentUrl on session 25cb7f778c060e368573799d51dfb6b0 to remote] DEBUG org.asynchttpclient.netty.request.NettyRequestSender - Using open Channel [id: 0x6eabcca2, L:/127.0.0.1:60366 - R:localhost/127.0.0.1:48726] for GET '/session/25cb7f778c060e368573799d51dfb6b0/url'
20:54:56.208 [AsyncHttpClient-1-11] DEBUG org.asynchttpclient.netty.handler.HttpHandler - 

Request DefaultFullHttpRequest(decodeResult: success, version: HTTP/1.1, content: EmptyByteBufBE)
GET /session/25cb7f778c060e368573799d51dfb6b0/url HTTP/1.1
User-Agent: selenium/4.8.1 (java windows)
Cache-Control: no-cache
Content-Type: application/json; charset=utf-8
host: localhost:48726
accept: */*

Response DefaultHttpResponse(decodeResult: success, version: HTTP/1.1)
HTTP/1.1 200 OK
Content-Length: 53
Content-Type: application/json; charset=utf-8
cache-control: no-cache

20:54:56.208 [AsyncHttpClient-1-11] DEBUG org.asynchttpclient.netty.channel.ChannelManager - Adding key: http://localhost:48726 for channel [id: 0x6eabcca2, L:/127.0.0.1:60366 - R:localhost/127.0.0.1:48726]
20:54:56.211 [main] DEBUG net.thucydides.core.steps.StepInterceptor - STARTING STEP: OrderSteps.i_select_the_first_pulsa_package - selectNominal
20:54:56.215 [Forwarding findElement on session 25cb7f778c060e368573799d51dfb6b0 to remote] DEBUG org.asynchttpclient.netty.request.NettyRequestSender - Using pooled Channel '[id: 0x6eabcca2, L:/127.0.0.1:60366 - R:localhost/127.0.0.1:48726]' for 'POST' to 'http://localhost:48726/session/25cb7f778c060e368573799d51dfb6b0/element'
20:54:56.215 [Forwarding findElement on session 25cb7f778c060e368573799d51dfb6b0 to remote] DEBUG org.asynchttpclient.netty.request.NettyRequestSender - Using open Channel [id: 0x6eabcca2, L:/127.0.0.1:60366 - R:localhost/127.0.0.1:48726] for POST '/session/25cb7f778c060e368573799d51dfb6b0/element'
20:54:56.226 [AsyncHttpClient-1-11] DEBUG org.asynchttpclient.netty.handler.HttpHandler - 

Request DefaultHttpRequest(decodeResult: success, version: HTTP/1.1)
POST /session/25cb7f778c060e368573799d51dfb6b0/element HTTP/1.1
User-Agent: selenium/4.8.1 (java windows)
Content-Length: 59
Content-Type: application/json; charset=utf-8
host: localhost:48726
accept: */*

Response DefaultHttpResponse(decodeResult: success, version: HTTP/1.1)
HTTP/1.1 200 OK
Content-Length: 88
Content-Type: application/json; charset=utf-8
cache-control: no-cache

20:54:56.226 [AsyncHttpClient-1-11] DEBUG org.asynchttpclient.netty.channel.ChannelManager - Adding key: http://localhost:48726 for channel [id: 0x6eabcca2, L:/127.0.0.1:60366 - R:localhost/127.0.0.1:48726]
20:54:56.227 [Forwarding getElementTagName on session 25cb7f778c060e368573799d51dfb6b0 to remote] DEBUG org.asynchttpclient.netty.request.NettyRequestSender - Using pooled Channel '[id: 0x6eabcca2, L:/127.0.0.1:60366 - R:localhost/127.0.0.1:48726]' for 'GET' to 'http://localhost:48726/session/25cb7f778c060e368573799d51dfb6b0/element/a14f374e-a018-405f-8481-49fa97a4e789/name'
20:54:56.227 [Forwarding getElementTagName on session 25cb7f778c060e368573799d51dfb6b0 to remote] DEBUG org.asynchttpclient.netty.request.NettyRequestSender - Using open Channel [id: 0x6eabcca2, L:/127.0.0.1:60366 - R:localhost/127.0.0.1:48726] for GET '/session/25cb7f778c060e368573799d51dfb6b0/element/a14f374e-a018-405f-8481-49fa97a4e789/name'
20:54:56.231 [AsyncHttpClient-1-11] DEBUG org.asynchttpclient.netty.handler.HttpHandler - 

Request DefaultFullHttpRequest(decodeResult: success, version: HTTP/1.1, content: EmptyByteBufBE)
GET /session/25cb7f778c060e368573799d51dfb6b0/element/a14f374e-a018-405f-8481-49fa97a4e789/name HTTP/1.1
User-Agent: selenium/4.8.1 (java windows)
Cache-Control: no-cache
Content-Type: application/json; charset=utf-8
host: localhost:48726
accept: */*

Response DefaultHttpResponse(decodeResult: success, version: HTTP/1.1)
HTTP/1.1 200 OK
Content-Length: 15
Content-Type: application/json; charset=utf-8
cache-control: no-cache

20:54:56.231 [AsyncHttpClient-1-11] DEBUG org.asynchttpclient.netty.channel.ChannelManager - Adding key: http://localhost:48726 for channel [id: 0x6eabcca2, L:/127.0.0.1:60366 - R:localhost/127.0.0.1:48726]
20:54:56.233 [Forwarding getElementTagName on session 25cb7f778c060e368573799d51dfb6b0 to remote] DEBUG org.asynchttpclient.netty.request.NettyRequestSender - Using pooled Channel '[id: 0x6eabcca2, L:/127.0.0.1:60366 - R:localhost/127.0.0.1:48726]' for 'GET' to 'http://localhost:48726/session/25cb7f778c060e368573799d51dfb6b0/element/a14f374e-a018-405f-8481-49fa97a4e789/name'
20:54:56.233 [Forwarding getElementTagName on session 25cb7f778c060e368573799d51dfb6b0 to remote] DEBUG org.asynchttpclient.netty.request.NettyRequestSender - Using open Channel [id: 0x6eabcca2, L:/127.0.0.1:60366 - R:localhost/127.0.0.1:48726] for GET '/session/25cb7f778c060e368573799d51dfb6b0/element/a14f374e-a018-405f-8481-49fa97a4e789/name'
20:54:56.235 [AsyncHttpClient-1-11] DEBUG org.asynchttpclient.netty.handler.HttpHandler - 

Request DefaultFullHttpRequest(decodeResult: success, version: HTTP/1.1, content: EmptyByteBufBE)
GET /session/25cb7f778c060e368573799d51dfb6b0/element/a14f374e-a018-405f-8481-49fa97a4e789/name HTTP/1.1
User-Agent: selenium/4.8.1 (java windows)
Cache-Control: no-cache
Content-Type: application/json; charset=utf-8
host: localhost:48726
accept: */*

Response DefaultHttpResponse(decodeResult: success, version: HTTP/1.1)
HTTP/1.1 200 OK
Content-Length: 15
Content-Type: application/json; charset=utf-8
cache-control: no-cache

20:54:56.235 [AsyncHttpClient-1-11] DEBUG org.asynchttpclient.netty.channel.ChannelManager - Adding key: http://localhost:48726 for channel [id: 0x6eabcca2, L:/127.0.0.1:60366 - R:localhost/127.0.0.1:48726]
20:54:56.238 [Forwarding findElement on session 25cb7f778c060e368573799d51dfb6b0 to remote] DEBUG org.asynchttpclient.netty.request.NettyRequestSender - Using pooled Channel '[id: 0x6eabcca2, L:/127.0.0.1:60366 - R:localhost/127.0.0.1:48726]' for 'POST' to 'http://localhost:48726/session/25cb7f778c060e368573799d51dfb6b0/element'
20:54:56.238 [Forwarding findElement on session 25cb7f778c060e368573799d51dfb6b0 to remote] DEBUG org.asynchttpclient.netty.request.NettyRequestSender - Using open Channel [id: 0x6eabcca2, L:/127.0.0.1:60366 - R:localhost/127.0.0.1:48726] for POST '/session/25cb7f778c060e368573799d51dfb6b0/element'
20:54:56.243 [AsyncHttpClient-1-11] DEBUG org.asynchttpclient.netty.handler.HttpHandler - 

Request DefaultHttpRequest(decodeResult: success, version: HTTP/1.1)
POST /session/25cb7f778c060e368573799d51dfb6b0/element HTTP/1.1
User-Agent: selenium/4.8.1 (java windows)
Content-Length: 59
Content-Type: application/json; charset=utf-8
host: localhost:48726
accept: */*

Response DefaultHttpResponse(decodeResult: success, version: HTTP/1.1)
HTTP/1.1 200 OK
Content-Length: 88
Content-Type: application/json; charset=utf-8
cache-control: no-cache

20:54:56.243 [AsyncHttpClient-1-11] DEBUG org.asynchttpclient.netty.channel.ChannelManager - Adding key: http://localhost:48726 for channel [id: 0x6eabcca2, L:/127.0.0.1:60366 - R:localhost/127.0.0.1:48726]
20:54:56.244 [Forwarding clickElement on session 25cb7f778c060e368573799d51dfb6b0 to remote] DEBUG org.asynchttpclient.netty.request.NettyRequestSender - Using pooled Channel '[id: 0x6eabcca2, L:/127.0.0.1:60366 - R:localhost/127.0.0.1:48726]' for 'POST' to 'http://localhost:48726/session/25cb7f778c060e368573799d51dfb6b0/element/a14f374e-a018-405f-8481-49fa97a4e789/click'
20:54:56.245 [Forwarding clickElement on session 25cb7f778c060e368573799d51dfb6b0 to remote] DEBUG org.asynchttpclient.netty.request.NettyRequestSender - Using open Channel [id: 0x6eabcca2, L:/127.0.0.1:60366 - R:localhost/127.0.0.1:48726] for POST '/session/25cb7f778c060e368573799d51dfb6b0/element/a14f374e-a018-405f-8481-49fa97a4e789/click'
20:54:56.301 [AsyncHttpClient-1-11] DEBUG org.asynchttpclient.netty.handler.HttpHandler - 

Request DefaultHttpRequest(decodeResult: success, version: HTTP/1.1)
POST /session/25cb7f778c060e368573799d51dfb6b0/element/a14f374e-a018-405f-8481-49fa97a4e789/click HTTP/1.1
User-Agent: selenium/4.8.1 (java windows)
Content-Length: 50
Content-Type: application/json; charset=utf-8
host: localhost:48726
accept: */*

Response DefaultHttpResponse(decodeResult: success, version: HTTP/1.1)
HTTP/1.1 200 OK
Content-Length: 14
Content-Type: application/json; charset=utf-8
cache-control: no-cache

20:54:56.302 [AsyncHttpClient-1-11] DEBUG org.asynchttpclient.netty.channel.ChannelManager - Adding key: http://localhost:48726 for channel [id: 0x6eabcca2, L:/127.0.0.1:60366 - R:localhost/127.0.0.1:48726]
20:54:56.310 [Forwarding getAlertText on session 25cb7f778c060e368573799d51dfb6b0 to remote] DEBUG org.asynchttpclient.netty.request.NettyRequestSender - Using pooled Channel '[id: 0x6eabcca2, L:/127.0.0.1:60366 - R:localhost/127.0.0.1:48726]' for 'GET' to 'http://localhost:48726/session/25cb7f778c060e368573799d51dfb6b0/alert/text'
20:54:56.310 [Forwarding getAlertText on session 25cb7f778c060e368573799d51dfb6b0 to remote] DEBUG org.asynchttpclient.netty.request.NettyRequestSender - Using open Channel [id: 0x6eabcca2, L:/127.0.0.1:60366 - R:localhost/127.0.0.1:48726] for GET '/session/25cb7f778c060e368573799d51dfb6b0/alert/text'
20:54:56.312 [AsyncHttpClient-1-11] DEBUG org.asynchttpclient.netty.handler.HttpHandler - 

Request DefaultFullHttpRequest(decodeResult: success, version: HTTP/1.1, content: EmptyByteBufBE)
GET /session/25cb7f778c060e368573799d51dfb6b0/alert/text HTTP/1.1
User-Agent: selenium/4.8.1 (java windows)
Cache-Control: no-cache
Content-Type: application/json; charset=utf-8
host: localhost:48726
accept: */*

Response DefaultHttpResponse(decodeResult: success, version: HTTP/1.1)
HTTP/1.1 404 Not Found
Content-Length: 816
Content-Type: application/json; charset=utf-8
cache-control: no-cache

20:54:56.312 [AsyncHttpClient-1-11] DEBUG org.asynchttpclient.netty.channel.ChannelManager - Adding key: http://localhost:48726 for channel [id: 0x6eabcca2, L:/127.0.0.1:60366 - R:localhost/127.0.0.1:48726]
20:54:56.313 [Forwarding getCurrentUrl on session 25cb7f778c060e368573799d51dfb6b0 to remote] DEBUG org.asynchttpclient.netty.request.NettyRequestSender - Using pooled Channel '[id: 0x6eabcca2, L:/127.0.0.1:60366 - R:localhost/127.0.0.1:48726]' for 'GET' to 'http://localhost:48726/session/25cb7f778c060e368573799d51dfb6b0/url'
20:54:56.313 [Forwarding getCurrentUrl on session 25cb7f778c060e368573799d51dfb6b0 to remote] DEBUG org.asynchttpclient.netty.request.NettyRequestSender - Using open Channel [id: 0x6eabcca2, L:/127.0.0.1:60366 - R:localhost/127.0.0.1:48726] for GET '/session/25cb7f778c060e368573799d51dfb6b0/url'
20:54:56.317 [AsyncHttpClient-1-11] DEBUG org.asynchttpclient.netty.handler.HttpHandler - 

Request DefaultFullHttpRequest(decodeResult: success, version: HTTP/1.1, content: EmptyByteBufBE)
GET /session/25cb7f778c060e368573799d51dfb6b0/url HTTP/1.1
User-Agent: selenium/4.8.1 (java windows)
Cache-Control: no-cache
Content-Type: application/json; charset=utf-8
host: localhost:48726
accept: */*

Response DefaultHttpResponse(decodeResult: success, version: HTTP/1.1)
HTTP/1.1 200 OK
Content-Length: 53
Content-Type: application/json; charset=utf-8
cache-control: no-cache

20:54:56.317 [AsyncHttpClient-1-11] DEBUG org.asynchttpclient.netty.channel.ChannelManager - Adding key: http://localhost:48726 for channel [id: 0x6eabcca2, L:/127.0.0.1:60366 - R:localhost/127.0.0.1:48726]
20:54:56.318 [Forwarding screenshot on session 25cb7f778c060e368573799d51dfb6b0 to remote] DEBUG org.asynchttpclient.netty.request.NettyRequestSender - Using pooled Channel '[id: 0x6eabcca2, L:/127.0.0.1:60366 - R:localhost/127.0.0.1:48726]' for 'GET' to 'http://localhost:48726/session/25cb7f778c060e368573799d51dfb6b0/screenshot'
20:54:56.318 [Forwarding screenshot on session 25cb7f778c060e368573799d51dfb6b0 to remote] DEBUG org.asynchttpclient.netty.request.NettyRequestSender - Using open Channel [id: 0x6eabcca2, L:/127.0.0.1:60366 - R:localhost/127.0.0.1:48726] for GET '/session/25cb7f778c060e368573799d51dfb6b0/screenshot'
20:54:56.531 [AsyncHttpClient-1-11] DEBUG org.asynchttpclient.netty.handler.HttpHandler - 

Request DefaultFullHttpRequest(decodeResult: success, version: HTTP/1.1, content: EmptyByteBufBE)
GET /session/25cb7f778c060e368573799d51dfb6b0/screenshot HTTP/1.1
User-Agent: selenium/4.8.1 (java windows)
Cache-Control: no-cache
Content-Type: application/json; charset=utf-8
host: localhost:48726
accept: */*

Response DefaultHttpResponse(decodeResult: success, version: HTTP/1.1)
HTTP/1.1 200 OK
Content-Length: 171984
Content-Type: application/json; charset=utf-8
cache-control: no-cache

20:54:56.532 [AsyncHttpClient-1-11] DEBUG org.asynchttpclient.netty.channel.ChannelManager - Adding key: http://localhost:48726 for channel [id: 0x6eabcca2, L:/127.0.0.1:60366 - R:localhost/127.0.0.1:48726]
20:54:56.537 [main] DEBUG net.serenitybdd.core.photography.Darkroom - Send negative for processing for target\site\serenity\8bb91cbf0bfadfddb2f9b5ab055e22e013a513b8317da92c7728b02785a96bf0.png
20:54:56.537 [main] DEBUG net.thucydides.core.steps.StepInterceptor - STEP DONE: selectNominal
20:54:56.537 [Darkroom Processing Line] DEBUG net.serenitybdd.core.photography.DarkroomProcessingLine - Processing screenshot image in /var/screenshots/screenshot-12284602318382251706
20:54:56.537 [Darkroom Processing Line] DEBUG net.serenitybdd.core.photography.DarkroomProcessingLine - Saving screenshot to target\site\serenity\8bb91cbf0bfadfddb2f9b5ab055e22e013a513b8317da92c7728b02785a96bf0.png
  &amp#27;[32mAnd &amp#27;[0m&amp#27;[32mI select the first pulsa package&amp#27;[0m                               &amp#27;[90m# starter.stepDefinitions.OrderSteps.i_select_the_first_pulsa_package()&amp#27;[0m
20:54:56.547 [Forwarding getPageSource on session 25cb7f778c060e368573799d51dfb6b0 to remote] DEBUG org.asynchttpclient.netty.request.NettyRequestSender - Using pooled Channel '[id: 0x6eabcca2, L:/127.0.0.1:60366 - R:localhost/127.0.0.1:48726]' for 'POST' to 'http://localhost:48726/session/25cb7f778c060e368573799d51dfb6b0/execute/sync'
20:54:56.547 [Forwarding getPageSource on session 25cb7f778c060e368573799d51dfb6b0 to remote] DEBUG org.asynchttpclient.netty.request.NettyRequestSender - Using open Channel [id: 0x6eabcca2, L:/127.0.0.1:60366 - R:localhost/127.0.0.1:48726] for POST '/session/25cb7f778c060e368573799d51dfb6b0/execute/sync'
20:54:56.560 [AsyncHttpClient-1-11] DEBUG org.asynchttpclient.netty.handler.HttpHandler - 

Request DefaultHttpRequest(decodeResult: success, version: HTTP/1.1)
POST /session/25cb7f778c060e368573799d51dfb6b0/execute/sync HTTP/1.1
User-Agent: selenium/4.8.1 (java windows)
Content-Length: 176
Content-Type: application/json; charset=utf-8
host: localhost:48726
accept: */*

Response DefaultHttpResponse(decodeResult: success, version: HTTP/1.1)
HTTP/1.1 200 OK
Content-Length: 152012
Content-Type: application/json; charset=utf-8
cache-control: no-cache

20:54:56.560 [AsyncHttpClient-1-11] DEBUG org.asynchttpclient.netty.channel.ChannelManager - Adding key: http://localhost:48726 for channel [id: 0x6eabcca2, L:/127.0.0.1:60366 - R:localhost/127.0.0.1:48726]
20:54:56.566 [Forwarding getCurrentUrl on session 25cb7f778c060e368573799d51dfb6b0 to remote] DEBUG org.asynchttpclient.netty.request.NettyRequestSender - Using pooled Channel '[id: 0x6eabcca2, L:/127.0.0.1:60366 - R:localhost/127.0.0.1:48726]' for 'GET' to 'http://localhost:48726/session/25cb7f778c060e368573799d51dfb6b0/url'
20:54:56.567 [Forwarding getCurrentUrl on session 25cb7f778c060e368573799d51dfb6b0 to remote] DEBUG org.asynchttpclient.netty.request.NettyRequestSender - Using open Channel [id: 0x6eabcca2, L:/127.0.0.1:60366 - R:localhost/127.0.0.1:48726] for GET '/session/25cb7f778c060e368573799d51dfb6b0/url'
20:54:56.582 [AsyncHttpClient-1-11] DEBUG org.asynchttpclient.netty.handler.HttpHandler - 

Request DefaultFullHttpRequest(decodeResult: success, version: HTTP/1.1, content: EmptyByteBufBE)
GET /session/25cb7f778c060e368573799d51dfb6b0/url HTTP/1.1
User-Agent: selenium/4.8.1 (java windows)
Cache-Control: no-cache
Content-Type: application/json; charset=utf-8
host: localhost:48726
accept: */*

Response DefaultHttpResponse(decodeResult: success, version: HTTP/1.1)
HTTP/1.1 200 OK
Content-Length: 56
Content-Type: application/json; charset=utf-8
cache-control: no-cache

20:54:56.582 [AsyncHttpClient-1-11] DEBUG org.asynchttpclient.netty.channel.ChannelManager - Adding key: http://localhost:48726 for channel [id: 0x6eabcca2, L:/127.0.0.1:60366 - R:localhost/127.0.0.1:48726]
20:54:56.600 [Forwarding getAlertText on session 25cb7f778c060e368573799d51dfb6b0 to remote] DEBUG org.asynchttpclient.netty.request.NettyRequestSender - Using pooled Channel '[id: 0x6eabcca2, L:/127.0.0.1:60366 - R:localhost/127.0.0.1:48726]' for 'GET' to 'http://localhost:48726/session/25cb7f778c060e368573799d51dfb6b0/alert/text'
20:54:56.600 [Forwarding getAlertText on session 25cb7f778c060e368573799d51dfb6b0 to remote] DEBUG org.asynchttpclient.netty.request.NettyRequestSender - Using open Channel [id: 0x6eabcca2, L:/127.0.0.1:60366 - R:localhost/127.0.0.1:48726] for GET '/session/25cb7f778c060e368573799d51dfb6b0/alert/text'
20:54:56.601 [AsyncHttpClient-1-11] DEBUG org.asynchttpclient.netty.handler.HttpHandler - 

Request DefaultFullHttpRequest(decodeResult: success, version: HTTP/1.1, content: EmptyByteBufBE)
GET /session/25cb7f778c060e368573799d51dfb6b0/alert/text HTTP/1.1
User-Agent: selenium/4.8.1 (java windows)
Cache-Control: no-cache
Content-Type: application/json; charset=utf-8
host: localhost:48726
accept: */*

Response DefaultHttpResponse(decodeResult: success, version: HTTP/1.1)
HTTP/1.1 404 Not Found
Content-Length: 816
Content-Type: application/json; charset=utf-8
cache-control: no-cache

20:54:56.601 [AsyncHttpClient-1-11] DEBUG org.asynchttpclient.netty.channel.ChannelManager - Adding key: http://localhost:48726 for channel [id: 0x6eabcca2, L:/127.0.0.1:60366 - R:localhost/127.0.0.1:48726]
20:54:56.604 [Forwarding getCurrentUrl on session 25cb7f778c060e368573799d51dfb6b0 to remote] DEBUG org.asynchttpclient.netty.request.NettyRequestSender - Using pooled Channel '[id: 0x6eabcca2, L:/127.0.0.1:60366 - R:localhost/127.0.0.1:48726]' for 'GET' to 'http://localhost:48726/session/25cb7f778c060e368573799d51dfb6b0/url'
20:54:56.604 [Forwarding getCurrentUrl on session 25cb7f778c060e368573799d51dfb6b0 to remote] DEBUG org.asynchttpclient.netty.request.NettyRequestSender - Using open Channel [id: 0x6eabcca2, L:/127.0.0.1:60366 - R:localhost/127.0.0.1:48726] for GET '/session/25cb7f778c060e368573799d51dfb6b0/url'
20:54:56.607 [AsyncHttpClient-1-11] DEBUG org.asynchttpclient.netty.handler.HttpHandler - 

Request DefaultFullHttpRequest(decodeResult: success, version: HTTP/1.1, content: EmptyByteBufBE)
GET /session/25cb7f778c060e368573799d51dfb6b0/url HTTP/1.1
User-Agent: selenium/4.8.1 (java windows)
Cache-Control: no-cache
Content-Type: application/json; charset=utf-8
host: localhost:48726
accept: */*

Response DefaultHttpResponse(decodeResult: success, version: HTTP/1.1)
HTTP/1.1 200 OK
Content-Length: 56
Content-Type: application/json; charset=utf-8
cache-control: no-cache

20:54:56.608 [AsyncHttpClient-1-11] DEBUG org.asynchttpclient.netty.channel.ChannelManager - Adding key: http://localhost:48726 for channel [id: 0x6eabcca2, L:/127.0.0.1:60366 - R:localhost/127.0.0.1:48726]
20:54:56.608 [Forwarding screenshot on session 25cb7f778c060e368573799d51dfb6b0 to remote] DEBUG org.asynchttpclient.netty.request.NettyRequestSender - Using pooled Channel '[id: 0x6eabcca2, L:/127.0.0.1:60366 - R:localhost/127.0.0.1:48726]' for 'GET' to 'http://localhost:48726/session/25cb7f778c060e368573799d51dfb6b0/screenshot'
20:54:56.608 [Forwarding screenshot on session 25cb7f778c060e368573799d51dfb6b0 to remote] DEBUG org.asynchttpclient.netty.request.NettyRequestSender - Using open Channel [id: 0x6eabcca2, L:/127.0.0.1:60366 - R:localhost/127.0.0.1:48726] for GET '/session/25cb7f778c060e368573799d51dfb6b0/screenshot'
20:54:56.773 [AsyncHttpClient-1-1] DEBUG org.asynchttpclient.netty.channel.DefaultChannelPool - Entry count for : http://localhost:60367 : 1
20:54:56.838 [AsyncHttpClient-1-11] DEBUG org.asynchttpclient.netty.handler.HttpHandler - 

Request DefaultFullHttpRequest(decodeResult: success, version: HTTP/1.1, content: EmptyByteBufBE)
GET /session/25cb7f778c060e368573799d51dfb6b0/screenshot HTTP/1.1
User-Agent: selenium/4.8.1 (java windows)
Cache-Control: no-cache
Content-Type: application/json; charset=utf-8
host: localhost:48726
accept: */*

Response DefaultHttpResponse(decodeResult: success, version: HTTP/1.1)
HTTP/1.1 200 OK
Content-Length: 240844
Content-Type: application/json; charset=utf-8
cache-control: no-cache

20:54:56.839 [AsyncHttpClient-1-11] DEBUG org.asynchttpclient.netty.channel.ChannelManager - Adding key: http://localhost:48726 for channel [id: 0x6eabcca2, L:/127.0.0.1:60366 - R:localhost/127.0.0.1:48726]
20:54:56.845 [main] DEBUG net.serenitybdd.core.photography.Darkroom - Send negative for processing for target\site\serenity\9b1cf8f898d88ce6f5aaa5b975f3469c18ef5a32db6780fd6c1a8d94bbb9990f.png
20:54:56.845 [Darkroom Processing Line] DEBUG net.serenitybdd.core.photography.DarkroomProcessingLine - Processing screenshot image in /var/screenshots/screenshot-8159657013779385233
20:54:56.845 [Darkroom Processing Line] DEBUG net.serenitybdd.core.photography.DarkroomProcessingLine - Saving screenshot to target\site\serenity\9b1cf8f898d88ce6f5aaa5b975f3469c18ef5a32db6780fd6c1a8d94bbb9990f.png
20:54:56.847 [Forwarding getPageSource on session 25cb7f778c060e368573799d51dfb6b0 to remote] DEBUG org.asynchttpclient.netty.request.NettyRequestSender - Using pooled Channel '[id: 0x6eabcca2, L:/127.0.0.1:60366 - R:localhost/127.0.0.1:48726]' for 'POST' to 'http://localhost:48726/session/25cb7f778c060e368573799d51dfb6b0/execute/sync'
20:54:56.847 [Forwarding getPageSource on session 25cb7f778c060e368573799d51dfb6b0 to remote] DEBUG org.asynchttpclient.netty.request.NettyRequestSender - Using open Channel [id: 0x6eabcca2, L:/127.0.0.1:60366 - R:localhost/127.0.0.1:48726] for POST '/session/25cb7f778c060e368573799d51dfb6b0/execute/sync'
20:54:56.855 [AsyncHttpClient-1-11] DEBUG org.asynchttpclient.netty.handler.HttpHandler - 

Request DefaultHttpRequest(decodeResult: success, version: HTTP/1.1)
POST /session/25cb7f778c060e368573799d51dfb6b0/execute/sync HTTP/1.1
User-Agent: selenium/4.8.1 (java windows)
Content-Length: 176
Content-Type: application/json; charset=utf-8
host: localhost:48726
accept: */*

Response DefaultHttpResponse(decodeResult: success, version: HTTP/1.1)
HTTP/1.1 200 OK
Content-Length: 65493
Content-Type: application/json; charset=utf-8
cache-control: no-cache

20:54:56.855 [AsyncHttpClient-1-11] DEBUG org.asynchttpclient.netty.channel.ChannelManager - Adding key: http://localhost:48726 for channel [id: 0x6eabcca2, L:/127.0.0.1:60366 - R:localhost/127.0.0.1:48726]
20:54:56.860 [Forwarding getCurrentUrl on session 25cb7f778c060e368573799d51dfb6b0 to remote] DEBUG org.asynchttpclient.netty.request.NettyRequestSender - Using pooled Channel '[id: 0x6eabcca2, L:/127.0.0.1:60366 - R:localhost/127.0.0.1:48726]' for 'GET' to 'http://localhost:48726/session/25cb7f778c060e368573799d51dfb6b0/url'
20:54:56.860 [Forwarding getCurrentUrl on session 25cb7f778c060e368573799d51dfb6b0 to remote] DEBUG org.asynchttpclient.netty.request.NettyRequestSender - Using open Channel [id: 0x6eabcca2, L:/127.0.0.1:60366 - R:localhost/127.0.0.1:48726] for GET '/session/25cb7f778c060e368573799d51dfb6b0/url'
20:54:56.864 [AsyncHttpClient-1-11] DEBUG org.asynchttpclient.netty.handler.HttpHandler - 

Request DefaultFullHttpRequest(decodeResult: success, version: HTTP/1.1, content: EmptyByteBufBE)
GET /session/25cb7f778c060e368573799d51dfb6b0/url HTTP/1.1
User-Agent: selenium/4.8.1 (java windows)
Cache-Control: no-cache
Content-Type: application/json; charset=utf-8
host: localhost:48726
accept: */*

Response DefaultHttpResponse(decodeResult: success, version: HTTP/1.1)
HTTP/1.1 200 OK
Content-Length: 56
Content-Type: application/json; charset=utf-8
cache-control: no-cache

20:54:56.864 [AsyncHttpClient-1-11] DEBUG org.asynchttpclient.netty.channel.ChannelManager - Adding key: http://localhost:48726 for channel [id: 0x6eabcca2, L:/127.0.0.1:60366 - R:localhost/127.0.0.1:48726]
20:54:56.867 [main] DEBUG net.thucydides.core.steps.StepInterceptor - STARTING STEP: OrderSteps.i_will_be_directed_to_payment_page - checkCheckoutDetail
20:54:56.871 [Forwarding findElement on session 25cb7f778c060e368573799d51dfb6b0 to remote] DEBUG org.asynchttpclient.netty.request.NettyRequestSender - Using pooled Channel '[id: 0x6eabcca2, L:/127.0.0.1:60366 - R:localhost/127.0.0.1:48726]' for 'POST' to 'http://localhost:48726/session/25cb7f778c060e368573799d51dfb6b0/element'
20:54:56.871 [Forwarding findElement on session 25cb7f778c060e368573799d51dfb6b0 to remote] DEBUG org.asynchttpclient.netty.request.NettyRequestSender - Using open Channel [id: 0x6eabcca2, L:/127.0.0.1:60366 - R:localhost/127.0.0.1:48726] for POST '/session/25cb7f778c060e368573799d51dfb6b0/element'
20:54:57.868 [AsyncHttpClient-1-1] DEBUG org.asynchttpclient.netty.channel.DefaultChannelPool - Entry count for : http://localhost:60367 : 1
20:54:58.894 [AsyncHttpClient-1-11] DEBUG org.asynchttpclient.netty.handler.HttpHandler - 

Request DefaultHttpRequest(decodeResult: success, version: HTTP/1.1)
POST /session/25cb7f778c060e368573799d51dfb6b0/element HTTP/1.1
User-Agent: selenium/4.8.1 (java windows)
Content-Length: 60
Content-Type: application/json; charset=utf-8
host: localhost:48726
accept: */*

Response DefaultHttpResponse(decodeResult: success, version: HTTP/1.1)
HTTP/1.1 404 Not Found
Content-Length: 939
Content-Type: application/json; charset=utf-8
cache-control: no-cache

20:54:58.894 [AsyncHttpClient-1-11] DEBUG org.asynchttpclient.netty.channel.ChannelManager - Adding key: http://localhost:48726 for channel [id: 0x6eabcca2, L:/127.0.0.1:60366 - R:localhost/127.0.0.1:48726]
20:54:58.899 [Forwarding getAlertText on session 25cb7f778c060e368573799d51dfb6b0 to remote] DEBUG org.asynchttpclient.netty.request.NettyRequestSender - Using pooled Channel '[id: 0x6eabcca2, L:/127.0.0.1:60366 - R:localhost/127.0.0.1:48726]' for 'GET' to 'http://localhost:48726/session/25cb7f778c060e368573799d51dfb6b0/alert/text'
20:54:58.899 [Forwarding getAlertText on session 25cb7f778c060e368573799d51dfb6b0 to remote] DEBUG org.asynchttpclient.netty.request.NettyRequestSender - Using open Channel [id: 0x6eabcca2, L:/127.0.0.1:60366 - R:localhost/127.0.0.1:48726] for GET '/session/25cb7f778c060e368573799d51dfb6b0/alert/text'
20:54:58.900 [AsyncHttpClient-1-11] DEBUG org.asynchttpclient.netty.handler.HttpHandler - 

Request DefaultFullHttpRequest(decodeResult: success, version: HTTP/1.1, content: EmptyByteBufBE)
GET /session/25cb7f778c060e368573799d51dfb6b0/alert/text HTTP/1.1
User-Agent: selenium/4.8.1 (java windows)
Cache-Control: no-cache
Content-Type: application/json; charset=utf-8
host: localhost:48726
accept: */*

Response DefaultHttpResponse(decodeResult: success, version: HTTP/1.1)
HTTP/1.1 404 Not Found
Content-Length: 816
Content-Type: application/json; charset=utf-8
cache-control: no-cache

20:54:58.900 [AsyncHttpClient-1-11] DEBUG org.asynchttpclient.netty.channel.ChannelManager - Adding key: http://localhost:48726 for channel [id: 0x6eabcca2, L:/127.0.0.1:60366 - R:localhost/127.0.0.1:48726]
20:54:58.901 [Forwarding getCurrentUrl on session 25cb7f778c060e368573799d51dfb6b0 to remote] DEBUG org.asynchttpclient.netty.request.NettyRequestSender - Using pooled Channel '[id: 0x6eabcca2, L:/127.0.0.1:60366 - R:localhost/127.0.0.1:48726]' for 'GET' to 'http://localhost:48726/session/25cb7f778c060e368573799d51dfb6b0/url'
20:54:58.901 [Forwarding getCurrentUrl on session 25cb7f778c060e368573799d51dfb6b0 to remote] DEBUG org.asynchttpclient.netty.request.NettyRequestSender - Using open Channel [id: 0x6eabcca2, L:/127.0.0.1:60366 - R:localhost/127.0.0.1:48726] for GET '/session/25cb7f778c060e368573799d51dfb6b0/url'
20:54:58.907 [AsyncHttpClient-1-11] DEBUG org.asynchttpclient.netty.handler.HttpHandler - 

Request DefaultFullHttpRequest(decodeResult: success, version: HTTP/1.1, content: EmptyByteBufBE)
GET /session/25cb7f778c060e368573799d51dfb6b0/url HTTP/1.1
User-Agent: selenium/4.8.1 (java windows)
Cache-Control: no-cache
Content-Type: application/json; charset=utf-8
host: localhost:48726
accept: */*

Response DefaultHttpResponse(decodeResult: success, version: HTTP/1.1)
HTTP/1.1 200 OK
Content-Length: 56
Content-Type: application/json; charset=utf-8
cache-control: no-cache

20:54:58.907 [AsyncHttpClient-1-11] DEBUG org.asynchttpclient.netty.channel.ChannelManager - Adding key: http://localhost:48726 for channel [id: 0x6eabcca2, L:/127.0.0.1:60366 - R:localhost/127.0.0.1:48726]
20:54:58.908 [Forwarding screenshot on session 25cb7f778c060e368573799d51dfb6b0 to remote] DEBUG org.asynchttpclient.netty.request.NettyRequestSender - Using pooled Channel '[id: 0x6eabcca2, L:/127.0.0.1:60366 - R:localhost/127.0.0.1:48726]' for 'GET' to 'http://localhost:48726/session/25cb7f778c060e368573799d51dfb6b0/screenshot'
20:54:58.908 [Forwarding screenshot on session 25cb7f778c060e368573799d51dfb6b0 to remote] DEBUG org.asynchttpclient.netty.request.NettyRequestSender - Using open Channel [id: 0x6eabcca2, L:/127.0.0.1:60366 - R:localhost/127.0.0.1:48726] for GET '/session/25cb7f778c060e368573799d51dfb6b0/screenshot'
20:54:58.970 [AsyncHttpClient-1-1] DEBUG org.asynchttpclient.netty.channel.DefaultChannelPool - Entry count for : http://localhost:60367 : 1
20:54:59.073 [AsyncHttpClient-1-11] DEBUG org.asynchttpclient.netty.handler.HttpHandler - 

Request DefaultFullHttpRequest(decodeResult: success, version: HTTP/1.1, content: EmptyByteBufBE)
GET /session/25cb7f778c060e368573799d51dfb6b0/screenshot HTTP/1.1
User-Agent: selenium/4.8.1 (java windows)
Cache-Control: no-cache
Content-Type: application/json; charset=utf-8
host: localhost:48726
accept: */*

Response DefaultHttpResponse(decodeResult: success, version: HTTP/1.1)
HTTP/1.1 200 OK
Content-Length: 265168
Content-Type: application/json; charset=utf-8
cache-control: no-cache

20:54:59.074 [AsyncHttpClient-1-11] DEBUG org.asynchttpclient.netty.channel.ChannelManager - Adding key: http://localhost:48726 for channel [id: 0x6eabcca2, L:/127.0.0.1:60366 - R:localhost/127.0.0.1:48726]
20:54:59.083 [main] DEBUG net.serenitybdd.core.photography.Darkroom - Send negative for processing for target\site\serenity\494e7706bd2b2a1e0360c933dec25dfd8efa8ab8d02b14f28869173937e6405b.png
20:54:59.083 [main] DEBUG net.thucydides.core.steps.StepInterceptor - STEP DONE: checkCheckoutDetail
20:54:59.083 [Darkroom Processing Line] DEBUG net.serenitybdd.core.photography.DarkroomProcessingLine - Processing screenshot image in /var/screenshots/screenshot-10801476684140104275
20:54:59.083 [Darkroom Processing Line] DEBUG net.serenitybdd.core.photography.DarkroomProcessingLine - Saving screenshot to target\site\serenity\494e7706bd2b2a1e0360c933dec25dfd8efa8ab8d02b14f28869173937e6405b.png
  &amp#27;[32mThen &amp#27;[0m&amp#27;[32mI will be directed to payment page&amp#27;[0m                            &amp#27;[90m# starter.stepDefinitions.OrderSteps.i_will_be_directed_to_payment_page()&amp#27;[0m
20:54:59.094 [Forwarding getPageSource on session 25cb7f778c060e368573799d51dfb6b0 to remote] DEBUG org.asynchttpclient.netty.request.NettyRequestSender - Using pooled Channel '[id: 0x6eabcca2, L:/127.0.0.1:60366 - R:localhost/127.0.0.1:48726]' for 'POST' to 'http://localhost:48726/session/25cb7f778c060e368573799d51dfb6b0/execute/sync'
20:54:59.094 [Forwarding getPageSource on session 25cb7f778c060e368573799d51dfb6b0 to remote] DEBUG org.asynchttpclient.netty.request.NettyRequestSender - Using open Channel [id: 0x6eabcca2, L:/127.0.0.1:60366 - R:localhost/127.0.0.1:48726] for POST '/session/25cb7f778c060e368573799d51dfb6b0/execute/sync'
20:54:59.104 [AsyncHttpClient-1-11] DEBUG org.asynchttpclient.netty.handler.HttpHandler - 

Request DefaultHttpRequest(decodeResult: success, version: HTTP/1.1)
POST /session/25cb7f778c060e368573799d51dfb6b0/execute/sync HTTP/1.1
User-Agent: selenium/4.8.1 (java windows)
Content-Length: 176
Content-Type: application/json; charset=utf-8
host: localhost:48726
accept: */*

Response DefaultHttpResponse(decodeResult: success, version: HTTP/1.1)
HTTP/1.1 200 OK
Content-Length: 97770
Content-Type: application/json; charset=utf-8
cache-control: no-cache

20:54:59.104 [AsyncHttpClient-1-11] DEBUG org.asynchttpclient.netty.channel.ChannelManager - Adding key: http://localhost:48726 for channel [id: 0x6eabcca2, L:/127.0.0.1:60366 - R:localhost/127.0.0.1:48726]
20:54:59.110 [Forwarding getCurrentUrl on session 25cb7f778c060e368573799d51dfb6b0 to remote] DEBUG org.asynchttpclient.netty.request.NettyRequestSender - Using pooled Channel '[id: 0x6eabcca2, L:/127.0.0.1:60366 - R:localhost/127.0.0.1:48726]' for 'GET' to 'http://localhost:48726/session/25cb7f778c060e368573799d51dfb6b0/url'
20:54:59.110 [Forwarding getCurrentUrl on session 25cb7f778c060e368573799d51dfb6b0 to remote] DEBUG org.asynchttpclient.netty.request.NettyRequestSender - Using open Channel [id: 0x6eabcca2, L:/127.0.0.1:60366 - R:localhost/127.0.0.1:48726] for GET '/session/25cb7f778c060e368573799d51dfb6b0/url'
20:54:59.113 [AsyncHttpClient-1-11] DEBUG org.asynchttpclient.netty.handler.HttpHandler - 

Request DefaultFullHttpRequest(decodeResult: success, version: HTTP/1.1, content: EmptyByteBufBE)
GET /session/25cb7f778c060e368573799d51dfb6b0/url HTTP/1.1
User-Agent: selenium/4.8.1 (java windows)
Cache-Control: no-cache
Content-Type: application/json; charset=utf-8
host: localhost:48726
accept: */*

Response DefaultHttpResponse(decodeResult: success, version: HTTP/1.1)
HTTP/1.1 200 OK
Content-Length: 56
Content-Type: application/json; charset=utf-8
cache-control: no-cache

20:54:59.113 [AsyncHttpClient-1-11] DEBUG org.asynchttpclient.netty.channel.ChannelManager - Adding key: http://localhost:48726 for channel [id: 0x6eabcca2, L:/127.0.0.1:60366 - R:localhost/127.0.0.1:48726]
20:54:59.125 [Forwarding getPageSource on session 25cb7f778c060e368573799d51dfb6b0 to remote] DEBUG org.asynchttpclient.netty.request.NettyRequestSender - Using pooled Channel '[id: 0x6eabcca2, L:/127.0.0.1:60366 - R:localhost/127.0.0.1:48726]' for 'POST' to 'http://localhost:48726/session/25cb7f778c060e368573799d51dfb6b0/execute/sync'
20:54:59.125 [Forwarding getPageSource on session 25cb7f778c060e368573799d51dfb6b0 to remote] DEBUG org.asynchttpclient.netty.request.NettyRequestSender - Using open Channel [id: 0x6eabcca2, L:/127.0.0.1:60366 - R:localhost/127.0.0.1:48726] for POST '/session/25cb7f778c060e368573799d51dfb6b0/execute/sync'
20:54:59.134 [AsyncHttpClient-1-11] DEBUG org.asynchttpclient.netty.handler.HttpHandler - 

Request DefaultHttpRequest(decodeResult: success, version: HTTP/1.1)
POST /session/25cb7f778c060e368573799d51dfb6b0/execute/sync HTTP/1.1
User-Agent: selenium/4.8.1 (java windows)
Content-Length: 176
Content-Type: application/json; charset=utf-8
host: localhost:48726
accept: */*

Response DefaultHttpResponse(decodeResult: success, version: HTTP/1.1)
HTTP/1.1 200 OK
Content-Length: 97770
Content-Type: application/json; charset=utf-8
cache-control: no-cache

20:54:59.134 [AsyncHttpClient-1-11] DEBUG org.asynchttpclient.netty.channel.ChannelManager - Adding key: http://localhost:48726 for channel [id: 0x6eabcca2, L:/127.0.0.1:60366 - R:localhost/127.0.0.1:48726]
20:54:59.139 [Forwarding getCurrentUrl on session 25cb7f778c060e368573799d51dfb6b0 to remote] DEBUG org.asynchttpclient.netty.request.NettyRequestSender - Using pooled Channel '[id: 0x6eabcca2, L:/127.0.0.1:60366 - R:localhost/127.0.0.1:48726]' for 'GET' to 'http://localhost:48726/session/25cb7f778c060e368573799d51dfb6b0/url'
20:54:59.139 [Forwarding getCurrentUrl on session 25cb7f778c060e368573799d51dfb6b0 to remote] DEBUG org.asynchttpclient.netty.request.NettyRequestSender - Using open Channel [id: 0x6eabcca2, L:/127.0.0.1:60366 - R:localhost/127.0.0.1:48726] for GET '/session/25cb7f778c060e368573799d51dfb6b0/url'
20:54:59.143 [AsyncHttpClient-1-11] DEBUG org.asynchttpclient.netty.handler.HttpHandler - 

Request DefaultFullHttpRequest(decodeResult: success, version: HTTP/1.1, content: EmptyByteBufBE)
GET /session/25cb7f778c060e368573799d51dfb6b0/url HTTP/1.1
User-Agent: selenium/4.8.1 (java windows)
Cache-Control: no-cache
Content-Type: application/json; charset=utf-8
host: localhost:48726
accept: */*

Response DefaultHttpResponse(decodeResult: success, version: HTTP/1.1)
HTTP/1.1 200 OK
Content-Length: 56
Content-Type: application/json; charset=utf-8
cache-control: no-cache

20:54:59.143 [AsyncHttpClient-1-11] DEBUG org.asynchttpclient.netty.channel.ChannelManager - Adding key: http://localhost:48726 for channel [id: 0x6eabcca2, L:/127.0.0.1:60366 - R:localhost/127.0.0.1:48726]
20:54:59.146 [main] DEBUG net.thucydides.core.steps.StepInterceptor - STARTING STEP: OrderSteps.i_enter_valid_at_form_field - typeEmailForm
20:54:59.148 [Forwarding findElement on session 25cb7f778c060e368573799d51dfb6b0 to remote] DEBUG org.asynchttpclient.netty.request.NettyRequestSender - Using pooled Channel '[id: 0x6eabcca2, L:/127.0.0.1:60366 - R:localhost/127.0.0.1:48726]' for 'POST' to 'http://localhost:48726/session/25cb7f778c060e368573799d51dfb6b0/element'
20:54:59.148 [Forwarding findElement on session 25cb7f778c060e368573799d51dfb6b0 to remote] DEBUG org.asynchttpclient.netty.request.NettyRequestSender - Using open Channel [id: 0x6eabcca2, L:/127.0.0.1:60366 - R:localhost/127.0.0.1:48726] for POST '/session/25cb7f778c060e368573799d51dfb6b0/element'
20:54:59.160 [AsyncHttpClient-1-11] DEBUG org.asynchttpclient.netty.handler.HttpHandler - 

Request DefaultHttpRequest(decodeResult: success, version: HTTP/1.1)
POST /session/25cb7f778c060e368573799d51dfb6b0/element HTTP/1.1
User-Agent: selenium/4.8.1 (java windows)
Content-Length: 56
Content-Type: application/json; charset=utf-8
host: localhost:48726
accept: */*

Response DefaultHttpResponse(decodeResult: success, version: HTTP/1.1)
HTTP/1.1 200 OK
Content-Length: 88
Content-Type: application/json; charset=utf-8
cache-control: no-cache

20:54:59.161 [AsyncHttpClient-1-11] DEBUG org.asynchttpclient.netty.channel.ChannelManager - Adding key: http://localhost:48726 for channel [id: 0x6eabcca2, L:/127.0.0.1:60366 - R:localhost/127.0.0.1:48726]
20:54:59.162 [Forwarding clearElement on session 25cb7f778c060e368573799d51dfb6b0 to remote] DEBUG org.asynchttpclient.netty.request.NettyRequestSender - Using pooled Channel '[id: 0x6eabcca2, L:/127.0.0.1:60366 - R:localhost/127.0.0.1:48726]' for 'POST' to 'http://localhost:48726/session/25cb7f778c060e368573799d51dfb6b0/element/920b5801-94c4-40c2-8ca1-53b18fb6082b/clear'
20:54:59.162 [Forwarding clearElement on session 25cb7f778c060e368573799d51dfb6b0 to remote] DEBUG org.asynchttpclient.netty.request.NettyRequestSender - Using open Channel [id: 0x6eabcca2, L:/127.0.0.1:60366 - R:localhost/127.0.0.1:48726] for POST '/session/25cb7f778c060e368573799d51dfb6b0/element/920b5801-94c4-40c2-8ca1-53b18fb6082b/clear'
20:54:59.197 [AsyncHttpClient-1-11] DEBUG org.asynchttpclient.netty.handler.HttpHandler - 

Request DefaultHttpRequest(decodeResult: success, version: HTTP/1.1)
POST /session/25cb7f778c060e368573799d51dfb6b0/element/920b5801-94c4-40c2-8ca1-53b18fb6082b/clear HTTP/1.1
User-Agent: selenium/4.8.1 (java windows)
Content-Length: 50
Content-Type: application/json; charset=utf-8
host: localhost:48726
accept: */*

Response DefaultHttpResponse(decodeResult: success, version: HTTP/1.1)
HTTP/1.1 200 OK
Content-Length: 14
Content-Type: application/json; charset=utf-8
cache-control: no-cache

20:54:59.197 [AsyncHttpClient-1-11] DEBUG org.asynchttpclient.netty.channel.ChannelManager - Adding key: http://localhost:48726 for channel [id: 0x6eabcca2, L:/127.0.0.1:60366 - R:localhost/127.0.0.1:48726]
20:54:59.199 [Forwarding sendKeysToElement on session 25cb7f778c060e368573799d51dfb6b0 to remote] DEBUG org.asynchttpclient.netty.request.NettyRequestSender - Using pooled Channel '[id: 0x6eabcca2, L:/127.0.0.1:60366 - R:localhost/127.0.0.1:48726]' for 'POST' to 'http://localhost:48726/session/25cb7f778c060e368573799d51dfb6b0/element/920b5801-94c4-40c2-8ca1-53b18fb6082b/value'
20:54:59.199 [Forwarding sendKeysToElement on session 25cb7f778c060e368573799d51dfb6b0 to remote] DEBUG org.asynchttpclient.netty.request.NettyRequestSender - Using open Channel [id: 0x6eabcca2, L:/127.0.0.1:60366 - R:localhost/127.0.0.1:48726] for POST '/session/25cb7f778c060e368573799d51dfb6b0/element/920b5801-94c4-40c2-8ca1-53b18fb6082b/value'
20:54:59.323 [AsyncHttpClient-1-11] DEBUG org.asynchttpclient.netty.handler.HttpHandler - 

Request DefaultHttpRequest(decodeResult: success, version: HTTP/1.1)
POST /session/25cb7f778c060e368573799d51dfb6b0/element/920b5801-94c4-40c2-8ca1-53b18fb6082b/value HTTP/1.1
User-Agent: selenium/4.8.1 (java windows)
Content-Length: 291
Content-Type: application/json; charset=utf-8
host: localhost:48726
accept: */*

Response DefaultHttpResponse(decodeResult: success, version: HTTP/1.1)
HTTP/1.1 200 OK
Content-Length: 14
Content-Type: application/json; charset=utf-8
cache-control: no-cache

20:54:59.324 [AsyncHttpClient-1-11] DEBUG org.asynchttpclient.netty.channel.ChannelManager - Adding key: http://localhost:48726 for channel [id: 0x6eabcca2, L:/127.0.0.1:60366 - R:localhost/127.0.0.1:48726]
20:54:59.332 [Forwarding getAlertText on session 25cb7f778c060e368573799d51dfb6b0 to remote] DEBUG org.asynchttpclient.netty.request.NettyRequestSender - Using pooled Channel '[id: 0x6eabcca2, L:/127.0.0.1:60366 - R:localhost/127.0.0.1:48726]' for 'GET' to 'http://localhost:48726/session/25cb7f778c060e368573799d51dfb6b0/alert/text'
20:54:59.332 [Forwarding getAlertText on session 25cb7f778c060e368573799d51dfb6b0 to remote] DEBUG org.asynchttpclient.netty.request.NettyRequestSender - Using open Channel [id: 0x6eabcca2, L:/127.0.0.1:60366 - R:localhost/127.0.0.1:48726] for GET '/session/25cb7f778c060e368573799d51dfb6b0/alert/text'
20:54:59.333 [AsyncHttpClient-1-11] DEBUG org.asynchttpclient.netty.handler.HttpHandler - 

Request DefaultFullHttpRequest(decodeResult: success, version: HTTP/1.1, content: EmptyByteBufBE)
GET /session/25cb7f778c060e368573799d51dfb6b0/alert/text HTTP/1.1
User-Agent: selenium/4.8.1 (java windows)
Cache-Control: no-cache
Content-Type: application/json; charset=utf-8
host: localhost:48726
accept: */*

Response DefaultHttpResponse(decodeResult: success, version: HTTP/1.1)
HTTP/1.1 404 Not Found
Content-Length: 816
Content-Type: application/json; charset=utf-8
cache-control: no-cache

20:54:59.333 [AsyncHttpClient-1-11] DEBUG org.asynchttpclient.netty.channel.ChannelManager - Adding key: http://localhost:48726 for channel [id: 0x6eabcca2, L:/127.0.0.1:60366 - R:localhost/127.0.0.1:48726]
20:54:59.334 [Forwarding getCurrentUrl on session 25cb7f778c060e368573799d51dfb6b0 to remote] DEBUG org.asynchttpclient.netty.request.NettyRequestSender - Using pooled Channel '[id: 0x6eabcca2, L:/127.0.0.1:60366 - R:localhost/127.0.0.1:48726]' for 'GET' to 'http://localhost:48726/session/25cb7f778c060e368573799d51dfb6b0/url'
20:54:59.334 [Forwarding getCurrentUrl on session 25cb7f778c060e368573799d51dfb6b0 to remote] DEBUG org.asynchttpclient.netty.request.NettyRequestSender - Using open Channel [id: 0x6eabcca2, L:/127.0.0.1:60366 - R:localhost/127.0.0.1:48726] for GET '/session/25cb7f778c060e368573799d51dfb6b0/url'
20:54:59.337 [AsyncHttpClient-1-11] DEBUG org.asynchttpclient.netty.handler.HttpHandler - 

Request DefaultFullHttpRequest(decodeResult: success, version: HTTP/1.1, content: EmptyByteBufBE)
GET /session/25cb7f778c060e368573799d51dfb6b0/url HTTP/1.1
User-Agent: selenium/4.8.1 (java windows)
Cache-Control: no-cache
Content-Type: application/json; charset=utf-8
host: localhost:48726
accept: */*

Response DefaultHttpResponse(decodeResult: success, version: HTTP/1.1)
HTTP/1.1 200 OK
Content-Length: 56
Content-Type: application/json; charset=utf-8
cache-control: no-cache

20:54:59.337 [AsyncHttpClient-1-11] DEBUG org.asynchttpclient.netty.channel.ChannelManager - Adding key: http://localhost:48726 for channel [id: 0x6eabcca2, L:/127.0.0.1:60366 - R:localhost/127.0.0.1:48726]
20:54:59.338 [Forwarding screenshot on session 25cb7f778c060e368573799d51dfb6b0 to remote] DEBUG org.asynchttpclient.netty.request.NettyRequestSender - Using pooled Channel '[id: 0x6eabcca2, L:/127.0.0.1:60366 - R:localhost/127.0.0.1:48726]' for 'GET' to 'http://localhost:48726/session/25cb7f778c060e368573799d51dfb6b0/screenshot'
20:54:59.339 [Forwarding screenshot on session 25cb7f778c060e368573799d51dfb6b0 to remote] DEBUG org.asynchttpclient.netty.request.NettyRequestSender - Using open Channel [id: 0x6eabcca2, L:/127.0.0.1:60366 - R:localhost/127.0.0.1:48726] for GET '/session/25cb7f778c060e368573799d51dfb6b0/screenshot'
20:54:59.548 [AsyncHttpClient-1-11] DEBUG org.asynchttpclient.netty.handler.HttpHandler - 

Request DefaultFullHttpRequest(decodeResult: success, version: HTTP/1.1, content: EmptyByteBufBE)
GET /session/25cb7f778c060e368573799d51dfb6b0/screenshot HTTP/1.1
User-Agent: selenium/4.8.1 (java windows)
Cache-Control: no-cache
Content-Type: application/json; charset=utf-8
host: localhost:48726
accept: */*

Response DefaultHttpResponse(decodeResult: success, version: HTTP/1.1)
HTTP/1.1 200 OK
Content-Length: 264180
Content-Type: application/json; charset=utf-8
cache-control: no-cache

20:54:59.549 [AsyncHttpClient-1-11] DEBUG org.asynchttpclient.netty.channel.ChannelManager - Adding key: http://localhost:48726 for channel [id: 0x6eabcca2, L:/127.0.0.1:60366 - R:localhost/127.0.0.1:48726]
20:54:59.553 [main] DEBUG net.serenitybdd.core.photography.Darkroom - Send negative for processing for target\site\serenity\11e26d9f6da79d48deabc18c9af73f2dda79297a6b286ed18734adeaf3411f55.png
20:54:59.553 [main] DEBUG net.thucydides.core.steps.StepInterceptor - STEP DONE: typeEmailForm
  &amp#27;[32mWhen &amp#27;[0m&amp#27;[32mI enter valid &amp#27;[0m&amp#27;[32m&amp#27;[1m"Testing1234@gmail.com"&amp#27;[0m&amp#27;[32m at form field&amp#27;[0m           &amp#27;[90m# starter.stepDefinitions.OrderSteps.i_enter_valid_at_form_field(java.lang.String)&amp#27;[0m
20:54:59.554 [Darkroom Processing Line] DEBUG net.serenitybdd.core.photography.DarkroomProcessingLine - Processing screenshot image in /var/screenshots/screenshot-12747820691594591301
20:54:59.554 [Darkroom Processing Line] DEBUG net.serenitybdd.core.photography.DarkroomProcessingLine - Saving screenshot to target\site\serenity\11e26d9f6da79d48deabc18c9af73f2dda79297a6b286ed18734adeaf3411f55.png
20:54:59.562 [Forwarding getPageSource on session 25cb7f778c060e368573799d51dfb6b0 to remote] DEBUG org.asynchttpclient.netty.request.NettyRequestSender - Using pooled Channel '[id: 0x6eabcca2, L:/127.0.0.1:60366 - R:localhost/127.0.0.1:48726]' for 'POST' to 'http://localhost:48726/session/25cb7f778c060e368573799d51dfb6b0/execute/sync'
20:54:59.562 [Forwarding getPageSource on session 25cb7f778c060e368573799d51dfb6b0 to remote] DEBUG org.asynchttpclient.netty.request.NettyRequestSender - Using open Channel [id: 0x6eabcca2, L:/127.0.0.1:60366 - R:localhost/127.0.0.1:48726] for POST '/session/25cb7f778c060e368573799d51dfb6b0/execute/sync'
20:54:59.570 [AsyncHttpClient-1-11] DEBUG org.asynchttpclient.netty.handler.HttpHandler - 

Request DefaultHttpRequest(decodeResult: success, version: HTTP/1.1)
POST /session/25cb7f778c060e368573799d51dfb6b0/execute/sync HTTP/1.1
User-Agent: selenium/4.8.1 (java windows)
Content-Length: 176
Content-Type: application/json; charset=utf-8
host: localhost:48726
accept: */*

Response DefaultHttpResponse(decodeResult: success, version: HTTP/1.1)
HTTP/1.1 200 OK
Content-Length: 98170
Content-Type: application/json; charset=utf-8
cache-control: no-cache

20:54:59.570 [AsyncHttpClient-1-11] DEBUG org.asynchttpclient.netty.channel.ChannelManager - Adding key: http://localhost:48726 for channel [id: 0x6eabcca2, L:/127.0.0.1:60366 - R:localhost/127.0.0.1:48726]
20:54:59.576 [Forwarding getCurrentUrl on session 25cb7f778c060e368573799d51dfb6b0 to remote] DEBUG org.asynchttpclient.netty.request.NettyRequestSender - Using pooled Channel '[id: 0x6eabcca2, L:/127.0.0.1:60366 - R:localhost/127.0.0.1:48726]' for 'GET' to 'http://localhost:48726/session/25cb7f778c060e368573799d51dfb6b0/url'
20:54:59.576 [Forwarding getCurrentUrl on session 25cb7f778c060e368573799d51dfb6b0 to remote] DEBUG org.asynchttpclient.netty.request.NettyRequestSender - Using open Channel [id: 0x6eabcca2, L:/127.0.0.1:60366 - R:localhost/127.0.0.1:48726] for GET '/session/25cb7f778c060e368573799d51dfb6b0/url'
20:54:59.579 [AsyncHttpClient-1-11] DEBUG org.asynchttpclient.netty.handler.HttpHandler - 

Request DefaultFullHttpRequest(decodeResult: success, version: HTTP/1.1, content: EmptyByteBufBE)
GET /session/25cb7f778c060e368573799d51dfb6b0/url HTTP/1.1
User-Agent: selenium/4.8.1 (java windows)
Cache-Control: no-cache
Content-Type: application/json; charset=utf-8
host: localhost:48726
accept: */*

Response DefaultHttpResponse(decodeResult: success, version: HTTP/1.1)
HTTP/1.1 200 OK
Content-Length: 56
Content-Type: application/json; charset=utf-8
cache-control: no-cache

20:54:59.579 [AsyncHttpClient-1-11] DEBUG org.asynchttpclient.netty.channel.ChannelManager - Adding key: http://localhost:48726 for channel [id: 0x6eabcca2, L:/127.0.0.1:60366 - R:localhost/127.0.0.1:48726]
20:54:59.592 [Forwarding getPageSource on session 25cb7f778c060e368573799d51dfb6b0 to remote] DEBUG org.asynchttpclient.netty.request.NettyRequestSender - Using pooled Channel '[id: 0x6eabcca2, L:/127.0.0.1:60366 - R:localhost/127.0.0.1:48726]' for 'POST' to 'http://localhost:48726/session/25cb7f778c060e368573799d51dfb6b0/execute/sync'
20:54:59.592 [Forwarding getPageSource on session 25cb7f778c060e368573799d51dfb6b0 to remote] DEBUG org.asynchttpclient.netty.request.NettyRequestSender - Using open Channel [id: 0x6eabcca2, L:/127.0.0.1:60366 - R:localhost/127.0.0.1:48726] for POST '/session/25cb7f778c060e368573799d51dfb6b0/execute/sync'
20:54:59.601 [AsyncHttpClient-1-11] DEBUG org.asynchttpclient.netty.handler.HttpHandler - 

Request DefaultHttpRequest(decodeResult: success, version: HTTP/1.1)
POST /session/25cb7f778c060e368573799d51dfb6b0/execute/sync HTTP/1.1
User-Agent: selenium/4.8.1 (java windows)
Content-Length: 176
Content-Type: application/json; charset=utf-8
host: localhost:48726
accept: */*

Response DefaultHttpResponse(decodeResult: success, version: HTTP/1.1)
HTTP/1.1 200 OK
Content-Length: 98170
Content-Type: application/json; charset=utf-8
cache-control: no-cache

20:54:59.602 [AsyncHttpClient-1-11] DEBUG org.asynchttpclient.netty.channel.ChannelManager - Adding key: http://localhost:48726 for channel [id: 0x6eabcca2, L:/127.0.0.1:60366 - R:localhost/127.0.0.1:48726]
20:54:59.607 [Forwarding getCurrentUrl on session 25cb7f778c060e368573799d51dfb6b0 to remote] DEBUG org.asynchttpclient.netty.request.NettyRequestSender - Using pooled Channel '[id: 0x6eabcca2, L:/127.0.0.1:60366 - R:localhost/127.0.0.1:48726]' for 'GET' to 'http://localhost:48726/session/25cb7f778c060e368573799d51dfb6b0/url'
20:54:59.607 [Forwarding getCurrentUrl on session 25cb7f778c060e368573799d51dfb6b0 to remote] DEBUG org.asynchttpclient.netty.request.NettyRequestSender - Using open Channel [id: 0x6eabcca2, L:/127.0.0.1:60366 - R:localhost/127.0.0.1:48726] for GET '/session/25cb7f778c060e368573799d51dfb6b0/url'
20:54:59.610 [AsyncHttpClient-1-11] DEBUG org.asynchttpclient.netty.handler.HttpHandler - 

Request DefaultFullHttpRequest(decodeResult: success, version: HTTP/1.1, content: EmptyByteBufBE)
GET /session/25cb7f778c060e368573799d51dfb6b0/url HTTP/1.1
User-Agent: selenium/4.8.1 (java windows)
Cache-Control: no-cache
Content-Type: application/json; charset=utf-8
host: localhost:48726
accept: */*

Response DefaultHttpResponse(decodeResult: success, version: HTTP/1.1)
HTTP/1.1 200 OK
Content-Length: 56
Content-Type: application/json; charset=utf-8
cache-control: no-cache

20:54:59.610 [AsyncHttpClient-1-11] DEBUG org.asynchttpclient.netty.channel.ChannelManager - Adding key: http://localhost:48726 for channel [id: 0x6eabcca2, L:/127.0.0.1:60366 - R:localhost/127.0.0.1:48726]
20:54:59.613 [main] DEBUG net.thucydides.core.steps.StepInterceptor - STARTING STEP: OrderSteps.i_select_payment_method - pressCheckbox
20:54:59.617 [Forwarding findElement on session 25cb7f778c060e368573799d51dfb6b0 to remote] DEBUG org.asynchttpclient.netty.request.NettyRequestSender - Using pooled Channel '[id: 0x6eabcca2, L:/127.0.0.1:60366 - R:localhost/127.0.0.1:48726]' for 'POST' to 'http://localhost:48726/session/25cb7f778c060e368573799d51dfb6b0/element'
20:54:59.617 [Forwarding findElement on session 25cb7f778c060e368573799d51dfb6b0 to remote] DEBUG org.asynchttpclient.netty.request.NettyRequestSender - Using open Channel [id: 0x6eabcca2, L:/127.0.0.1:60366 - R:localhost/127.0.0.1:48726] for POST '/session/25cb7f778c060e368573799d51dfb6b0/element'
20:54:59.628 [AsyncHttpClient-1-11] DEBUG org.asynchttpclient.netty.handler.HttpHandler - 

Request DefaultHttpRequest(decodeResult: success, version: HTTP/1.1)
POST /session/25cb7f778c060e368573799d51dfb6b0/element HTTP/1.1
User-Agent: selenium/4.8.1 (java windows)
Content-Length: 66
Content-Type: application/json; charset=utf-8
host: localhost:48726
accept: */*

Response DefaultHttpResponse(decodeResult: success, version: HTTP/1.1)
HTTP/1.1 200 OK
Content-Length: 88
Content-Type: application/json; charset=utf-8
cache-control: no-cache

20:54:59.629 [AsyncHttpClient-1-11] DEBUG org.asynchttpclient.netty.channel.ChannelManager - Adding key: http://localhost:48726 for channel [id: 0x6eabcca2, L:/127.0.0.1:60366 - R:localhost/127.0.0.1:48726]
20:54:59.630 [Forwarding getElementTagName on session 25cb7f778c060e368573799d51dfb6b0 to remote] DEBUG org.asynchttpclient.netty.request.NettyRequestSender - Using pooled Channel '[id: 0x6eabcca2, L:/127.0.0.1:60366 - R:localhost/127.0.0.1:48726]' for 'GET' to 'http://localhost:48726/session/25cb7f778c060e368573799d51dfb6b0/element/90d62254-8e3c-40f7-a33c-da51eed5c67e/name'
20:54:59.630 [Forwarding getElementTagName on session 25cb7f778c060e368573799d51dfb6b0 to remote] DEBUG org.asynchttpclient.netty.request.NettyRequestSender - Using open Channel [id: 0x6eabcca2, L:/127.0.0.1:60366 - R:localhost/127.0.0.1:48726] for GET '/session/25cb7f778c060e368573799d51dfb6b0/element/90d62254-8e3c-40f7-a33c-da51eed5c67e/name'
20:54:59.634 [AsyncHttpClient-1-11] DEBUG org.asynchttpclient.netty.handler.HttpHandler - 

Request DefaultFullHttpRequest(decodeResult: success, version: HTTP/1.1, content: EmptyByteBufBE)
GET /session/25cb7f778c060e368573799d51dfb6b0/element/90d62254-8e3c-40f7-a33c-da51eed5c67e/name HTTP/1.1
User-Agent: selenium/4.8.1 (java windows)
Cache-Control: no-cache
Content-Type: application/json; charset=utf-8
host: localhost:48726
accept: */*

Response DefaultHttpResponse(decodeResult: success, version: HTTP/1.1)
HTTP/1.1 200 OK
Content-Length: 14
Content-Type: application/json; charset=utf-8
cache-control: no-cache

20:54:59.634 [AsyncHttpClient-1-11] DEBUG org.asynchttpclient.netty.channel.ChannelManager - Adding key: http://localhost:48726 for channel [id: 0x6eabcca2, L:/127.0.0.1:60366 - R:localhost/127.0.0.1:48726]
20:54:59.635 [Forwarding getElementTagName on session 25cb7f778c060e368573799d51dfb6b0 to remote] DEBUG org.asynchttpclient.netty.request.NettyRequestSender - Using pooled Channel '[id: 0x6eabcca2, L:/127.0.0.1:60366 - R:localhost/127.0.0.1:48726]' for 'GET' to 'http://localhost:48726/session/25cb7f778c060e368573799d51dfb6b0/element/90d62254-8e3c-40f7-a33c-da51eed5c67e/name'
20:54:59.635 [Forwarding getElementTagName on session 25cb7f778c060e368573799d51dfb6b0 to remote] DEBUG org.asynchttpclient.netty.request.NettyRequestSender - Using open Channel [id: 0x6eabcca2, L:/127.0.0.1:60366 - R:localhost/127.0.0.1:48726] for GET '/session/25cb7f778c060e368573799d51dfb6b0/element/90d62254-8e3c-40f7-a33c-da51eed5c67e/name'
20:54:59.638 [AsyncHttpClient-1-11] DEBUG org.asynchttpclient.netty.handler.HttpHandler - 

Request DefaultFullHttpRequest(decodeResult: success, version: HTTP/1.1, content: EmptyByteBufBE)
GET /session/25cb7f778c060e368573799d51dfb6b0/element/90d62254-8e3c-40f7-a33c-da51eed5c67e/name HTTP/1.1
User-Agent: selenium/4.8.1 (java windows)
Cache-Control: no-cache
Content-Type: application/json; charset=utf-8
host: localhost:48726
accept: */*

Response DefaultHttpResponse(decodeResult: success, version: HTTP/1.1)
HTTP/1.1 200 OK
Content-Length: 14
Content-Type: application/json; charset=utf-8
cache-control: no-cache

20:54:59.638 [AsyncHttpClient-1-11] DEBUG org.asynchttpclient.netty.channel.ChannelManager - Adding key: http://localhost:48726 for channel [id: 0x6eabcca2, L:/127.0.0.1:60366 - R:localhost/127.0.0.1:48726]
20:54:59.640 [Forwarding findElement on session 25cb7f778c060e368573799d51dfb6b0 to remote] DEBUG org.asynchttpclient.netty.request.NettyRequestSender - Using pooled Channel '[id: 0x6eabcca2, L:/127.0.0.1:60366 - R:localhost/127.0.0.1:48726]' for 'POST' to 'http://localhost:48726/session/25cb7f778c060e368573799d51dfb6b0/element'
20:54:59.640 [Forwarding findElement on session 25cb7f778c060e368573799d51dfb6b0 to remote] DEBUG org.asynchttpclient.netty.request.NettyRequestSender - Using open Channel [id: 0x6eabcca2, L:/127.0.0.1:60366 - R:localhost/127.0.0.1:48726] for POST '/session/25cb7f778c060e368573799d51dfb6b0/element'
20:54:59.646 [AsyncHttpClient-1-11] DEBUG org.asynchttpclient.netty.handler.HttpHandler - 

Request DefaultHttpRequest(decodeResult: success, version: HTTP/1.1)
POST /session/25cb7f778c060e368573799d51dfb6b0/element HTTP/1.1
User-Agent: selenium/4.8.1 (java windows)
Content-Length: 66
Content-Type: application/json; charset=utf-8
host: localhost:48726
accept: */*

Response DefaultHttpResponse(decodeResult: success, version: HTTP/1.1)
HTTP/1.1 200 OK
Content-Length: 88
Content-Type: application/json; charset=utf-8
cache-control: no-cache

20:54:59.647 [AsyncHttpClient-1-11] DEBUG org.asynchttpclient.netty.channel.ChannelManager - Adding key: http://localhost:48726 for channel [id: 0x6eabcca2, L:/127.0.0.1:60366 - R:localhost/127.0.0.1:48726]
20:54:59.648 [Forwarding clickElement on session 25cb7f778c060e368573799d51dfb6b0 to remote] DEBUG org.asynchttpclient.netty.request.NettyRequestSender - Using pooled Channel '[id: 0x6eabcca2, L:/127.0.0.1:60366 - R:localhost/127.0.0.1:48726]' for 'POST' to 'http://localhost:48726/session/25cb7f778c060e368573799d51dfb6b0/element/90d62254-8e3c-40f7-a33c-da51eed5c67e/click'
20:54:59.648 [Forwarding clickElement on session 25cb7f778c060e368573799d51dfb6b0 to remote] DEBUG org.asynchttpclient.netty.request.NettyRequestSender - Using open Channel [id: 0x6eabcca2, L:/127.0.0.1:60366 - R:localhost/127.0.0.1:48726] for POST '/session/25cb7f778c060e368573799d51dfb6b0/element/90d62254-8e3c-40f7-a33c-da51eed5c67e/click'
20:54:59.696 [AsyncHttpClient-1-11] DEBUG org.asynchttpclient.netty.handler.HttpHandler - 

Request DefaultHttpRequest(decodeResult: success, version: HTTP/1.1)
POST /session/25cb7f778c060e368573799d51dfb6b0/element/90d62254-8e3c-40f7-a33c-da51eed5c67e/click HTTP/1.1
User-Agent: selenium/4.8.1 (java windows)
Content-Length: 50
Content-Type: application/json; charset=utf-8
host: localhost:48726
accept: */*

Response DefaultHttpResponse(decodeResult: success, version: HTTP/1.1)
HTTP/1.1 200 OK
Content-Length: 14
Content-Type: application/json; charset=utf-8
cache-control: no-cache

20:54:59.696 [AsyncHttpClient-1-11] DEBUG org.asynchttpclient.netty.channel.ChannelManager - Adding key: http://localhost:48726 for channel [id: 0x6eabcca2, L:/127.0.0.1:60366 - R:localhost/127.0.0.1:48726]
20:54:59.704 [Forwarding getAlertText on session 25cb7f778c060e368573799d51dfb6b0 to remote] DEBUG org.asynchttpclient.netty.request.NettyRequestSender - Using pooled Channel '[id: 0x6eabcca2, L:/127.0.0.1:60366 - R:localhost/127.0.0.1:48726]' for 'GET' to 'http://localhost:48726/session/25cb7f778c060e368573799d51dfb6b0/alert/text'
20:54:59.704 [Forwarding getAlertText on session 25cb7f778c060e368573799d51dfb6b0 to remote] DEBUG org.asynchttpclient.netty.request.NettyRequestSender - Using open Channel [id: 0x6eabcca2, L:/127.0.0.1:60366 - R:localhost/127.0.0.1:48726] for GET '/session/25cb7f778c060e368573799d51dfb6b0/alert/text'
20:54:59.706 [AsyncHttpClient-1-11] DEBUG org.asynchttpclient.netty.handler.HttpHandler - 

Request DefaultFullHttpRequest(decodeResult: success, version: HTTP/1.1, content: EmptyByteBufBE)
GET /session/25cb7f778c060e368573799d51dfb6b0/alert/text HTTP/1.1
User-Agent: selenium/4.8.1 (java windows)
Cache-Control: no-cache
Content-Type: application/json; charset=utf-8
host: localhost:48726
accept: */*

Response DefaultHttpResponse(decodeResult: success, version: HTTP/1.1)
HTTP/1.1 404 Not Found
Content-Length: 816
Content-Type: application/json; charset=utf-8
cache-control: no-cache

20:54:59.706 [AsyncHttpClient-1-11] DEBUG org.asynchttpclient.netty.channel.ChannelManager - Adding key: http://localhost:48726 for channel [id: 0x6eabcca2, L:/127.0.0.1:60366 - R:localhost/127.0.0.1:48726]
20:54:59.709 [Forwarding getCurrentUrl on session 25cb7f778c060e368573799d51dfb6b0 to remote] DEBUG org.asynchttpclient.netty.request.NettyRequestSender - Using pooled Channel '[id: 0x6eabcca2, L:/127.0.0.1:60366 - R:localhost/127.0.0.1:48726]' for 'GET' to 'http://localhost:48726/session/25cb7f778c060e368573799d51dfb6b0/url'
20:54:59.709 [Forwarding getCurrentUrl on session 25cb7f778c060e368573799d51dfb6b0 to remote] DEBUG org.asynchttpclient.netty.request.NettyRequestSender - Using open Channel [id: 0x6eabcca2, L:/127.0.0.1:60366 - R:localhost/127.0.0.1:48726] for GET '/session/25cb7f778c060e368573799d51dfb6b0/url'
20:54:59.711 [AsyncHttpClient-1-11] DEBUG org.asynchttpclient.netty.handler.HttpHandler - 

Request DefaultFullHttpRequest(decodeResult: success, version: HTTP/1.1, content: EmptyByteBufBE)
GET /session/25cb7f778c060e368573799d51dfb6b0/url HTTP/1.1
User-Agent: selenium/4.8.1 (java windows)
Cache-Control: no-cache
Content-Type: application/json; charset=utf-8
host: localhost:48726
accept: */*

Response DefaultHttpResponse(decodeResult: success, version: HTTP/1.1)
HTTP/1.1 200 OK
Content-Length: 56
Content-Type: application/json; charset=utf-8
cache-control: no-cache

20:54:59.711 [AsyncHttpClient-1-11] DEBUG org.asynchttpclient.netty.channel.ChannelManager - Adding key: http://localhost:48726 for channel [id: 0x6eabcca2, L:/127.0.0.1:60366 - R:localhost/127.0.0.1:48726]
20:54:59.712 [Forwarding screenshot on session 25cb7f778c060e368573799d51dfb6b0 to remote] DEBUG org.asynchttpclient.netty.request.NettyRequestSender - Using pooled Channel '[id: 0x6eabcca2, L:/127.0.0.1:60366 - R:localhost/127.0.0.1:48726]' for 'GET' to 'http://localhost:48726/session/25cb7f778c060e368573799d51dfb6b0/screenshot'
20:54:59.712 [Forwarding screenshot on session 25cb7f778c060e368573799d51dfb6b0 to remote] DEBUG org.asynchttpclient.netty.request.NettyRequestSender - Using open Channel [id: 0x6eabcca2, L:/127.0.0.1:60366 - R:localhost/127.0.0.1:48726] for GET '/session/25cb7f778c060e368573799d51dfb6b0/screenshot'
20:54:59.886 [AsyncHttpClient-1-11] DEBUG org.asynchttpclient.netty.handler.HttpHandler - 

Request DefaultFullHttpRequest(decodeResult: success, version: HTTP/1.1, content: EmptyByteBufBE)
GET /session/25cb7f778c060e368573799d51dfb6b0/screenshot HTTP/1.1
User-Agent: selenium/4.8.1 (java windows)
Cache-Control: no-cache
Content-Type: application/json; charset=utf-8
host: localhost:48726
accept: */*

Response DefaultHttpResponse(decodeResult: success, version: HTTP/1.1)
HTTP/1.1 200 OK
Content-Length: 183440
Content-Type: application/json; charset=utf-8
cache-control: no-cache

20:54:59.886 [AsyncHttpClient-1-11] DEBUG org.asynchttpclient.netty.channel.ChannelManager - Adding key: http://localhost:48726 for channel [id: 0x6eabcca2, L:/127.0.0.1:60366 - R:localhost/127.0.0.1:48726]
20:54:59.893 [main] DEBUG net.serenitybdd.core.photography.Darkroom - Send negative for processing for target\site\serenity\439d14e0a44b4bab39b15700e116749f8b04ee5dec57a6fdb9679a702c99d43e.png
20:54:59.893 [main] DEBUG net.thucydides.core.steps.StepInterceptor - STEP DONE: pressCheckbox
  &amp#27;[32mAnd &amp#27;[0m&amp#27;[32mI select payment method&amp#27;[0m                                        &amp#27;[90m# starter.stepDefinitions.OrderSteps.i_select_payment_method()&amp#27;[0m
20:54:59.893 [Darkroom Processing Line] DEBUG net.serenitybdd.core.photography.DarkroomProcessingLine - Processing screenshot image in /var/screenshots/screenshot-13653779072564615293
20:54:59.894 [Darkroom Processing Line] DEBUG net.serenitybdd.core.photography.DarkroomProcessingLine - Saving screenshot to target\site\serenity\439d14e0a44b4bab39b15700e116749f8b04ee5dec57a6fdb9679a702c99d43e.png
20:54:59.901 [Forwarding getPageSource on session 25cb7f778c060e368573799d51dfb6b0 to remote] DEBUG org.asynchttpclient.netty.request.NettyRequestSender - Using pooled Channel '[id: 0x6eabcca2, L:/127.0.0.1:60366 - R:localhost/127.0.0.1:48726]' for 'POST' to 'http://localhost:48726/session/25cb7f778c060e368573799d51dfb6b0/execute/sync'
20:54:59.902 [Forwarding getPageSource on session 25cb7f778c060e368573799d51dfb6b0 to remote] DEBUG org.asynchttpclient.netty.request.NettyRequestSender - Using open Channel [id: 0x6eabcca2, L:/127.0.0.1:60366 - R:localhost/127.0.0.1:48726] for POST '/session/25cb7f778c060e368573799d51dfb6b0/execute/sync'
20:54:59.911 [AsyncHttpClient-1-11] DEBUG org.asynchttpclient.netty.handler.HttpHandler - 

Request DefaultHttpRequest(decodeResult: success, version: HTTP/1.1)
POST /session/25cb7f778c060e368573799d51dfb6b0/execute/sync HTTP/1.1
User-Agent: selenium/4.8.1 (java windows)
Content-Length: 176
Content-Type: application/json; charset=utf-8
host: localhost:48726
accept: */*

Response DefaultHttpResponse(decodeResult: success, version: HTTP/1.1)
HTTP/1.1 200 OK
Content-Length: 103570
Content-Type: application/json; charset=utf-8
cache-control: no-cache

20:54:59.911 [AsyncHttpClient-1-11] DEBUG org.asynchttpclient.netty.channel.ChannelManager - Adding key: http://localhost:48726 for channel [id: 0x6eabcca2, L:/127.0.0.1:60366 - R:localhost/127.0.0.1:48726]
20:54:59.918 [Forwarding getCurrentUrl on session 25cb7f778c060e368573799d51dfb6b0 to remote] DEBUG org.asynchttpclient.netty.request.NettyRequestSender - Using pooled Channel '[id: 0x6eabcca2, L:/127.0.0.1:60366 - R:localhost/127.0.0.1:48726]' for 'GET' to 'http://localhost:48726/session/25cb7f778c060e368573799d51dfb6b0/url'
20:54:59.918 [Forwarding getCurrentUrl on session 25cb7f778c060e368573799d51dfb6b0 to remote] DEBUG org.asynchttpclient.netty.request.NettyRequestSender - Using open Channel [id: 0x6eabcca2, L:/127.0.0.1:60366 - R:localhost/127.0.0.1:48726] for GET '/session/25cb7f778c060e368573799d51dfb6b0/url'
20:54:59.923 [AsyncHttpClient-1-11] DEBUG org.asynchttpclient.netty.handler.HttpHandler - 

Request DefaultFullHttpRequest(decodeResult: success, version: HTTP/1.1, content: EmptyByteBufBE)
GET /session/25cb7f778c060e368573799d51dfb6b0/url HTTP/1.1
User-Agent: selenium/4.8.1 (java windows)
Cache-Control: no-cache
Content-Type: application/json; charset=utf-8
host: localhost:48726
accept: */*

Response DefaultHttpResponse(decodeResult: success, version: HTTP/1.1)
HTTP/1.1 200 OK
Content-Length: 56
Content-Type: application/json; charset=utf-8
cache-control: no-cache

20:54:59.923 [AsyncHttpClient-1-11] DEBUG org.asynchttpclient.netty.channel.ChannelManager - Adding key: http://localhost:48726 for channel [id: 0x6eabcca2, L:/127.0.0.1:60366 - R:localhost/127.0.0.1:48726]
20:54:59.937 [Forwarding getPageSource on session 25cb7f778c060e368573799d51dfb6b0 to remote] DEBUG org.asynchttpclient.netty.request.NettyRequestSender - Using pooled Channel '[id: 0x6eabcca2, L:/127.0.0.1:60366 - R:localhost/127.0.0.1:48726]' for 'POST' to 'http://localhost:48726/session/25cb7f778c060e368573799d51dfb6b0/execute/sync'
20:54:59.937 [Forwarding getPageSource on session 25cb7f778c060e368573799d51dfb6b0 to remote] DEBUG org.asynchttpclient.netty.request.NettyRequestSender - Using open Channel [id: 0x6eabcca2, L:/127.0.0.1:60366 - R:localhost/127.0.0.1:48726] for POST '/session/25cb7f778c060e368573799d51dfb6b0/execute/sync'
20:54:59.949 [AsyncHttpClient-1-11] DEBUG org.asynchttpclient.netty.handler.HttpHandler - 

Request DefaultHttpRequest(decodeResult: success, version: HTTP/1.1)
POST /session/25cb7f778c060e368573799d51dfb6b0/execute/sync HTTP/1.1
User-Agent: selenium/4.8.1 (java windows)
Content-Length: 176
Content-Type: application/json; charset=utf-8
host: localhost:48726
accept: */*

Response DefaultHttpResponse(decodeResult: success, version: HTTP/1.1)
HTTP/1.1 200 OK
Content-Length: 103570
Content-Type: application/json; charset=utf-8
cache-control: no-cache

20:54:59.949 [AsyncHttpClient-1-11] DEBUG org.asynchttpclient.netty.channel.ChannelManager - Adding key: http://localhost:48726 for channel [id: 0x6eabcca2, L:/127.0.0.1:60366 - R:localhost/127.0.0.1:48726]
20:54:59.956 [Forwarding getCurrentUrl on session 25cb7f778c060e368573799d51dfb6b0 to remote] DEBUG org.asynchttpclient.netty.request.NettyRequestSender - Using pooled Channel '[id: 0x6eabcca2, L:/127.0.0.1:60366 - R:localhost/127.0.0.1:48726]' for 'GET' to 'http://localhost:48726/session/25cb7f778c060e368573799d51dfb6b0/url'
20:54:59.956 [Forwarding getCurrentUrl on session 25cb7f778c060e368573799d51dfb6b0 to remote] DEBUG org.asynchttpclient.netty.request.NettyRequestSender - Using open Channel [id: 0x6eabcca2, L:/127.0.0.1:60366 - R:localhost/127.0.0.1:48726] for GET '/session/25cb7f778c060e368573799d51dfb6b0/url'
20:54:59.960 [AsyncHttpClient-1-11] DEBUG org.asynchttpclient.netty.handler.HttpHandler - 

Request DefaultFullHttpRequest(decodeResult: success, version: HTTP/1.1, content: EmptyByteBufBE)
GET /session/25cb7f778c060e368573799d51dfb6b0/url HTTP/1.1
User-Agent: selenium/4.8.1 (java windows)
Cache-Control: no-cache
Content-Type: application/json; charset=utf-8
host: localhost:48726
accept: */*

Response DefaultHttpResponse(decodeResult: success, version: HTTP/1.1)
HTTP/1.1 200 OK
Content-Length: 56
Content-Type: application/json; charset=utf-8
cache-control: no-cache

20:54:59.960 [AsyncHttpClient-1-11] DEBUG org.asynchttpclient.netty.channel.ChannelManager - Adding key: http://localhost:48726 for channel [id: 0x6eabcca2, L:/127.0.0.1:60366 - R:localhost/127.0.0.1:48726]
20:54:59.964 [main] DEBUG net.thucydides.core.steps.StepInterceptor - STARTING STEP: OrderSteps.i_select_bayar_sekarang_button - pressPayButton
20:54:59.967 [Forwarding findElement on session 25cb7f778c060e368573799d51dfb6b0 to remote] DEBUG org.asynchttpclient.netty.request.NettyRequestSender - Using pooled Channel '[id: 0x6eabcca2, L:/127.0.0.1:60366 - R:localhost/127.0.0.1:48726]' for 'POST' to 'http://localhost:48726/session/25cb7f778c060e368573799d51dfb6b0/element'
20:54:59.967 [Forwarding findElement on session 25cb7f778c060e368573799d51dfb6b0 to remote] DEBUG org.asynchttpclient.netty.request.NettyRequestSender - Using open Channel [id: 0x6eabcca2, L:/127.0.0.1:60366 - R:localhost/127.0.0.1:48726] for POST '/session/25cb7f778c060e368573799d51dfb6b0/element'
20:54:59.979 [AsyncHttpClient-1-11] DEBUG org.asynchttpclient.netty.handler.HttpHandler - 

Request DefaultHttpRequest(decodeResult: success, version: HTTP/1.1)
POST /session/25cb7f778c060e368573799d51dfb6b0/element HTTP/1.1
User-Agent: selenium/4.8.1 (java windows)
Content-Length: 59
Content-Type: application/json; charset=utf-8
host: localhost:48726
accept: */*

Response DefaultHttpResponse(decodeResult: success, version: HTTP/1.1)
HTTP/1.1 200 OK
Content-Length: 88
Content-Type: application/json; charset=utf-8
cache-control: no-cache

20:54:59.979 [AsyncHttpClient-1-11] DEBUG org.asynchttpclient.netty.channel.ChannelManager - Adding key: http://localhost:48726 for channel [id: 0x6eabcca2, L:/127.0.0.1:60366 - R:localhost/127.0.0.1:48726]
20:54:59.982 [Forwarding isElementDisplayed on session 25cb7f778c060e368573799d51dfb6b0 to remote] DEBUG org.asynchttpclient.netty.request.NettyRequestSender - Using pooled Channel '[id: 0x6eabcca2, L:/127.0.0.1:60366 - R:localhost/127.0.0.1:48726]' for 'POST' to 'http://localhost:48726/session/25cb7f778c060e368573799d51dfb6b0/execute/sync'
20:54:59.982 [Forwarding isElementDisplayed on session 25cb7f778c060e368573799d51dfb6b0 to remote] DEBUG org.asynchttpclient.netty.request.NettyRequestSender - Using open Channel [id: 0x6eabcca2, L:/127.0.0.1:60366 - R:localhost/127.0.0.1:48726] for POST '/session/25cb7f778c060e368573799d51dfb6b0/execute/sync'
20:54:59.996 [AsyncHttpClient-1-11] DEBUG org.asynchttpclient.netty.handler.HttpHandler - 

Request DefaultHttpRequest(decodeResult: success, version: HTTP/1.1)
POST /session/25cb7f778c060e368573799d51dfb6b0/execute/sync HTTP/1.1
User-Agent: selenium/4.8.1 (java windows)
Content-Length: 48807
Content-Type: application/json; charset=utf-8
host: localhost:48726
accept: */*

Response DefaultHttpResponse(decodeResult: success, version: HTTP/1.1)
HTTP/1.1 200 OK
Content-Length: 14
Content-Type: application/json; charset=utf-8
cache-control: no-cache

20:54:59.996 [AsyncHttpClient-1-11] DEBUG org.asynchttpclient.netty.channel.ChannelManager - Adding key: http://localhost:48726 for channel [id: 0x6eabcca2, L:/127.0.0.1:60366 - R:localhost/127.0.0.1:48726]
20:54:59.999 [Forwarding getElementTagName on session 25cb7f778c060e368573799d51dfb6b0 to remote] DEBUG org.asynchttpclient.netty.request.NettyRequestSender - Using pooled Channel '[id: 0x6eabcca2, L:/127.0.0.1:60366 - R:localhost/127.0.0.1:48726]' for 'GET' to 'http://localhost:48726/session/25cb7f778c060e368573799d51dfb6b0/element/6a5e81b7-488f-4bd7-bd97-f32e90734fec/name'
20:54:59.999 [Forwarding getElementTagName on session 25cb7f778c060e368573799d51dfb6b0 to remote] DEBUG org.asynchttpclient.netty.request.NettyRequestSender - Using open Channel [id: 0x6eabcca2, L:/127.0.0.1:60366 - R:localhost/127.0.0.1:48726] for GET '/session/25cb7f778c060e368573799d51dfb6b0/element/6a5e81b7-488f-4bd7-bd97-f32e90734fec/name'
20:55:00.003 [AsyncHttpClient-1-11] DEBUG org.asynchttpclient.netty.handler.HttpHandler - 

Request DefaultFullHttpRequest(decodeResult: success, version: HTTP/1.1, content: EmptyByteBufBE)
GET /session/25cb7f778c060e368573799d51dfb6b0/element/6a5e81b7-488f-4bd7-bd97-f32e90734fec/name HTTP/1.1
User-Agent: selenium/4.8.1 (java windows)
Cache-Control: no-cache
Content-Type: application/json; charset=utf-8
host: localhost:48726
accept: */*

Response DefaultHttpResponse(decodeResult: success, version: HTTP/1.1)
HTTP/1.1 200 OK
Content-Length: 18
Content-Type: application/json; charset=utf-8
cache-control: no-cache

20:55:00.003 [AsyncHttpClient-1-11] DEBUG org.asynchttpclient.netty.channel.ChannelManager - Adding key: http://localhost:48726 for channel [id: 0x6eabcca2, L:/127.0.0.1:60366 - R:localhost/127.0.0.1:48726]
20:55:00.005 [Forwarding getElementTagName on session 25cb7f778c060e368573799d51dfb6b0 to remote] DEBUG org.asynchttpclient.netty.request.NettyRequestSender - Using pooled Channel '[id: 0x6eabcca2, L:/127.0.0.1:60366 - R:localhost/127.0.0.1:48726]' for 'GET' to 'http://localhost:48726/session/25cb7f778c060e368573799d51dfb6b0/element/6a5e81b7-488f-4bd7-bd97-f32e90734fec/name'
20:55:00.005 [Forwarding getElementTagName on session 25cb7f778c060e368573799d51dfb6b0 to remote] DEBUG org.asynchttpclient.netty.request.NettyRequestSender - Using open Channel [id: 0x6eabcca2, L:/127.0.0.1:60366 - R:localhost/127.0.0.1:48726] for GET '/session/25cb7f778c060e368573799d51dfb6b0/element/6a5e81b7-488f-4bd7-bd97-f32e90734fec/name'
20:55:00.008 [AsyncHttpClient-1-11] DEBUG org.asynchttpclient.netty.handler.HttpHandler - 

Request DefaultFullHttpRequest(decodeResult: success, version: HTTP/1.1, content: EmptyByteBufBE)
GET /session/25cb7f778c060e368573799d51dfb6b0/element/6a5e81b7-488f-4bd7-bd97-f32e90734fec/name HTTP/1.1
User-Agent: selenium/4.8.1 (java windows)
Cache-Control: no-cache
Content-Type: application/json; charset=utf-8
host: localhost:48726
accept: */*

Response DefaultHttpResponse(decodeResult: success, version: HTTP/1.1)
HTTP/1.1 200 OK
Content-Length: 18
Content-Type: application/json; charset=utf-8
cache-control: no-cache

20:55:00.008 [AsyncHttpClient-1-11] DEBUG org.asynchttpclient.netty.channel.ChannelManager - Adding key: http://localhost:48726 for channel [id: 0x6eabcca2, L:/127.0.0.1:60366 - R:localhost/127.0.0.1:48726]
20:55:00.012 [Forwarding isElementEnabled on session 25cb7f778c060e368573799d51dfb6b0 to remote] DEBUG org.asynchttpclient.netty.request.NettyRequestSender - Using pooled Channel '[id: 0x6eabcca2, L:/127.0.0.1:60366 - R:localhost/127.0.0.1:48726]' for 'GET' to 'http://localhost:48726/session/25cb7f778c060e368573799d51dfb6b0/element/6a5e81b7-488f-4bd7-bd97-f32e90734fec/enabled'
20:55:00.012 [Forwarding isElementEnabled on session 25cb7f778c060e368573799d51dfb6b0 to remote] DEBUG org.asynchttpclient.netty.request.NettyRequestSender - Using open Channel [id: 0x6eabcca2, L:/127.0.0.1:60366 - R:localhost/127.0.0.1:48726] for GET '/session/25cb7f778c060e368573799d51dfb6b0/element/6a5e81b7-488f-4bd7-bd97-f32e90734fec/enabled'
20:55:00.023 [AsyncHttpClient-1-11] DEBUG org.asynchttpclient.netty.handler.HttpHandler - 

Request DefaultFullHttpRequest(decodeResult: success, version: HTTP/1.1, content: EmptyByteBufBE)
GET /session/25cb7f778c060e368573799d51dfb6b0/element/6a5e81b7-488f-4bd7-bd97-f32e90734fec/enabled HTTP/1.1
User-Agent: selenium/4.8.1 (java windows)
Cache-Control: no-cache
Content-Type: application/json; charset=utf-8
host: localhost:48726
accept: */*

Response DefaultHttpResponse(decodeResult: success, version: HTTP/1.1)
HTTP/1.1 200 OK
Content-Length: 14
Content-Type: application/json; charset=utf-8
cache-control: no-cache

20:55:00.023 [AsyncHttpClient-1-11] DEBUG org.asynchttpclient.netty.channel.ChannelManager - Adding key: http://localhost:48726 for channel [id: 0x6eabcca2, L:/127.0.0.1:60366 - R:localhost/127.0.0.1:48726]
20:55:00.024 [Forwarding isElementEnabled on session 25cb7f778c060e368573799d51dfb6b0 to remote] DEBUG org.asynchttpclient.netty.request.NettyRequestSender - Using pooled Channel '[id: 0x6eabcca2, L:/127.0.0.1:60366 - R:localhost/127.0.0.1:48726]' for 'GET' to 'http://localhost:48726/session/25cb7f778c060e368573799d51dfb6b0/element/6a5e81b7-488f-4bd7-bd97-f32e90734fec/enabled'
20:55:00.025 [Forwarding isElementEnabled on session 25cb7f778c060e368573799d51dfb6b0 to remote] DEBUG org.asynchttpclient.netty.request.NettyRequestSender - Using open Channel [id: 0x6eabcca2, L:/127.0.0.1:60366 - R:localhost/127.0.0.1:48726] for GET '/session/25cb7f778c060e368573799d51dfb6b0/element/6a5e81b7-488f-4bd7-bd97-f32e90734fec/enabled'
20:55:00.031 [AsyncHttpClient-1-11] DEBUG org.asynchttpclient.netty.handler.HttpHandler - 

Request DefaultFullHttpRequest(decodeResult: success, version: HTTP/1.1, content: EmptyByteBufBE)
GET /session/25cb7f778c060e368573799d51dfb6b0/element/6a5e81b7-488f-4bd7-bd97-f32e90734fec/enabled HTTP/1.1
User-Agent: selenium/4.8.1 (java windows)
Cache-Control: no-cache
Content-Type: application/json; charset=utf-8
host: localhost:48726
accept: */*

Response DefaultHttpResponse(decodeResult: success, version: HTTP/1.1)
HTTP/1.1 200 OK
Content-Length: 14
Content-Type: application/json; charset=utf-8
cache-control: no-cache

20:55:00.031 [AsyncHttpClient-1-11] DEBUG org.asynchttpclient.netty.channel.ChannelManager - Adding key: http://localhost:48726 for channel [id: 0x6eabcca2, L:/127.0.0.1:60366 - R:localhost/127.0.0.1:48726]
20:55:00.033 [Forwarding clickElement on session 25cb7f778c060e368573799d51dfb6b0 to remote] DEBUG org.asynchttpclient.netty.request.NettyRequestSender - Using pooled Channel '[id: 0x6eabcca2, L:/127.0.0.1:60366 - R:localhost/127.0.0.1:48726]' for 'POST' to 'http://localhost:48726/session/25cb7f778c060e368573799d51dfb6b0/element/6a5e81b7-488f-4bd7-bd97-f32e90734fec/click'
20:55:00.033 [Forwarding clickElement on session 25cb7f778c060e368573799d51dfb6b0 to remote] DEBUG org.asynchttpclient.netty.request.NettyRequestSender - Using open Channel [id: 0x6eabcca2, L:/127.0.0.1:60366 - R:localhost/127.0.0.1:48726] for POST '/session/25cb7f778c060e368573799d51dfb6b0/element/6a5e81b7-488f-4bd7-bd97-f32e90734fec/click'
20:55:00.073 [AsyncHttpClient-1-1] DEBUG org.asynchttpclient.netty.channel.DefaultChannelPool - Entry count for : http://localhost:60367 : 1
20:55:00.392 [AsyncHttpClient-1-11] DEBUG org.asynchttpclient.netty.handler.HttpHandler - 

Request DefaultHttpRequest(decodeResult: success, version: HTTP/1.1)
POST /session/25cb7f778c060e368573799d51dfb6b0/element/6a5e81b7-488f-4bd7-bd97-f32e90734fec/click HTTP/1.1
User-Agent: selenium/4.8.1 (java windows)
Content-Length: 50
Content-Type: application/json; charset=utf-8
host: localhost:48726
accept: */*

Response DefaultHttpResponse(decodeResult: success, version: HTTP/1.1)
HTTP/1.1 200 OK
Content-Length: 14
Content-Type: application/json; charset=utf-8
cache-control: no-cache

20:55:00.393 [AsyncHttpClient-1-11] DEBUG org.asynchttpclient.netty.channel.ChannelManager - Adding key: http://localhost:48726 for channel [id: 0x6eabcca2, L:/127.0.0.1:60366 - R:localhost/127.0.0.1:48726]
20:55:00.399 [Forwarding getAlertText on session 25cb7f778c060e368573799d51dfb6b0 to remote] DEBUG org.asynchttpclient.netty.request.NettyRequestSender - Using pooled Channel '[id: 0x6eabcca2, L:/127.0.0.1:60366 - R:localhost/127.0.0.1:48726]' for 'GET' to 'http://localhost:48726/session/25cb7f778c060e368573799d51dfb6b0/alert/text'
20:55:00.399 [Forwarding getAlertText on session 25cb7f778c060e368573799d51dfb6b0 to remote] DEBUG org.asynchttpclient.netty.request.NettyRequestSender - Using open Channel [id: 0x6eabcca2, L:/127.0.0.1:60366 - R:localhost/127.0.0.1:48726] for GET '/session/25cb7f778c060e368573799d51dfb6b0/alert/text'
20:55:00.401 [AsyncHttpClient-1-11] DEBUG org.asynchttpclient.netty.handler.HttpHandler - 

Request DefaultFullHttpRequest(decodeResult: success, version: HTTP/1.1, content: EmptyByteBufBE)
GET /session/25cb7f778c060e368573799d51dfb6b0/alert/text HTTP/1.1
User-Agent: selenium/4.8.1 (java windows)
Cache-Control: no-cache
Content-Type: application/json; charset=utf-8
host: localhost:48726
accept: */*

Response DefaultHttpResponse(decodeResult: success, version: HTTP/1.1)
HTTP/1.1 404 Not Found
Content-Length: 816
Content-Type: application/json; charset=utf-8
cache-control: no-cache

20:55:00.401 [AsyncHttpClient-1-11] DEBUG org.asynchttpclient.netty.channel.ChannelManager - Adding key: http://localhost:48726 for channel [id: 0x6eabcca2, L:/127.0.0.1:60366 - R:localhost/127.0.0.1:48726]
20:55:00.403 [Forwarding getCurrentUrl on session 25cb7f778c060e368573799d51dfb6b0 to remote] DEBUG org.asynchttpclient.netty.request.NettyRequestSender - Using pooled Channel '[id: 0x6eabcca2, L:/127.0.0.1:60366 - R:localhost/127.0.0.1:48726]' for 'GET' to 'http://localhost:48726/session/25cb7f778c060e368573799d51dfb6b0/url'
20:55:00.403 [Forwarding getCurrentUrl on session 25cb7f778c060e368573799d51dfb6b0 to remote] DEBUG org.asynchttpclient.netty.request.NettyRequestSender - Using open Channel [id: 0x6eabcca2, L:/127.0.0.1:60366 - R:localhost/127.0.0.1:48726] for GET '/session/25cb7f778c060e368573799d51dfb6b0/url'
20:55:00.407 [AsyncHttpClient-1-11] DEBUG org.asynchttpclient.netty.handler.HttpHandler - 

Request DefaultFullHttpRequest(decodeResult: success, version: HTTP/1.1, content: EmptyByteBufBE)
GET /session/25cb7f778c060e368573799d51dfb6b0/url HTTP/1.1
User-Agent: selenium/4.8.1 (java windows)
Cache-Control: no-cache
Content-Type: application/json; charset=utf-8
host: localhost:48726
accept: */*

Response DefaultHttpResponse(decodeResult: success, version: HTTP/1.1)
HTTP/1.1 200 OK
Content-Length: 56
Content-Type: application/json; charset=utf-8
cache-control: no-cache

20:55:00.407 [AsyncHttpClient-1-11] DEBUG org.asynchttpclient.netty.channel.ChannelManager - Adding key: http://localhost:48726 for channel [id: 0x6eabcca2, L:/127.0.0.1:60366 - R:localhost/127.0.0.1:48726]
20:55:00.408 [Forwarding screenshot on session 25cb7f778c060e368573799d51dfb6b0 to remote] DEBUG org.asynchttpclient.netty.request.NettyRequestSender - Using pooled Channel '[id: 0x6eabcca2, L:/127.0.0.1:60366 - R:localhost/127.0.0.1:48726]' for 'GET' to 'http://localhost:48726/session/25cb7f778c060e368573799d51dfb6b0/screenshot'
20:55:00.408 [Forwarding screenshot on session 25cb7f778c060e368573799d51dfb6b0 to remote] DEBUG org.asynchttpclient.netty.request.NettyRequestSender - Using open Channel [id: 0x6eabcca2, L:/127.0.0.1:60366 - R:localhost/127.0.0.1:48726] for GET '/session/25cb7f778c060e368573799d51dfb6b0/screenshot'
20:55:00.598 [AsyncHttpClient-1-11] DEBUG org.asynchttpclient.netty.handler.HttpHandler - 

Request DefaultFullHttpRequest(decodeResult: success, version: HTTP/1.1, content: EmptyByteBufBE)
GET /session/25cb7f778c060e368573799d51dfb6b0/screenshot HTTP/1.1
User-Agent: selenium/4.8.1 (java windows)
Cache-Control: no-cache
Content-Type: application/json; charset=utf-8
host: localhost:48726
accept: */*

Response DefaultHttpResponse(decodeResult: success, version: HTTP/1.1)
HTTP/1.1 200 OK
Content-Length: 182864
Content-Type: application/json; charset=utf-8
cache-control: no-cache

20:55:00.599 [AsyncHttpClient-1-11] DEBUG org.asynchttpclient.netty.channel.ChannelManager - Adding key: http://localhost:48726 for channel [id: 0x6eabcca2, L:/127.0.0.1:60366 - R:localhost/127.0.0.1:48726]
20:55:00.603 [main] DEBUG net.serenitybdd.core.photography.Darkroom - Send negative for processing for target\site\serenity\f158428779e58377802c68808198b2dd2272e2f3a974512e3b0539941a36551f.png
20:55:00.604 [main] DEBUG net.thucydides.core.steps.StepInterceptor - STEP DONE: pressPayButton
20:55:00.604 [Darkroom Processing Line] DEBUG net.serenitybdd.core.photography.DarkroomProcessingLine - Processing screenshot image in /var/screenshots/screenshot-2119785605180846698
20:55:00.604 [Darkroom Processing Line] DEBUG net.serenitybdd.core.photography.DarkroomProcessingLine - Saving screenshot to target\site\serenity\f158428779e58377802c68808198b2dd2272e2f3a974512e3b0539941a36551f.png
  &amp#27;[32mAnd &amp#27;[0m&amp#27;[32mI select Bayar Sekarang button&amp#27;[0m                                 &amp#27;[90m# starter.stepDefinitions.OrderSteps.i_select_bayar_sekarang_button()&amp#27;[0m
20:55:00.614 [Forwarding getPageSource on session 25cb7f778c060e368573799d51dfb6b0 to remote] DEBUG org.asynchttpclient.netty.request.NettyRequestSender - Using pooled Channel '[id: 0x6eabcca2, L:/127.0.0.1:60366 - R:localhost/127.0.0.1:48726]' for 'POST' to 'http://localhost:48726/session/25cb7f778c060e368573799d51dfb6b0/execute/sync'
20:55:00.614 [Forwarding getPageSource on session 25cb7f778c060e368573799d51dfb6b0 to remote] DEBUG org.asynchttpclient.netty.request.NettyRequestSender - Using open Channel [id: 0x6eabcca2, L:/127.0.0.1:60366 - R:localhost/127.0.0.1:48726] for POST '/session/25cb7f778c060e368573799d51dfb6b0/execute/sync'
20:55:00.628 [AsyncHttpClient-1-11] DEBUG org.asynchttpclient.netty.handler.HttpHandler - 

Request DefaultHttpRequest(decodeResult: success, version: HTTP/1.1)
POST /session/25cb7f778c060e368573799d51dfb6b0/execute/sync HTTP/1.1
User-Agent: selenium/4.8.1 (java windows)
Content-Length: 176
Content-Type: application/json; charset=utf-8
host: localhost:48726
accept: */*

Response DefaultHttpResponse(decodeResult: success, version: HTTP/1.1)
HTTP/1.1 200 OK
Content-Length: 103818
Content-Type: application/json; charset=utf-8
cache-control: no-cache

20:55:00.629 [AsyncHttpClient-1-11] DEBUG org.asynchttpclient.netty.channel.ChannelManager - Adding key: http://localhost:48726 for channel [id: 0x6eabcca2, L:/127.0.0.1:60366 - R:localhost/127.0.0.1:48726]
20:55:00.636 [Forwarding getCurrentUrl on session 25cb7f778c060e368573799d51dfb6b0 to remote] DEBUG org.asynchttpclient.netty.request.NettyRequestSender - Using pooled Channel '[id: 0x6eabcca2, L:/127.0.0.1:60366 - R:localhost/127.0.0.1:48726]' for 'GET' to 'http://localhost:48726/session/25cb7f778c060e368573799d51dfb6b0/url'
20:55:00.636 [Forwarding getCurrentUrl on session 25cb7f778c060e368573799d51dfb6b0 to remote] DEBUG org.asynchttpclient.netty.request.NettyRequestSender - Using open Channel [id: 0x6eabcca2, L:/127.0.0.1:60366 - R:localhost/127.0.0.1:48726] for GET '/session/25cb7f778c060e368573799d51dfb6b0/url'
20:55:00.641 [AsyncHttpClient-1-11] DEBUG org.asynchttpclient.netty.handler.HttpHandler - 

Request DefaultFullHttpRequest(decodeResult: success, version: HTTP/1.1, content: EmptyByteBufBE)
GET /session/25cb7f778c060e368573799d51dfb6b0/url HTTP/1.1
User-Agent: selenium/4.8.1 (java windows)
Cache-Control: no-cache
Content-Type: application/json; charset=utf-8
host: localhost:48726
accept: */*

Response DefaultHttpResponse(decodeResult: success, version: HTTP/1.1)
HTTP/1.1 200 OK
Content-Length: 56
Content-Type: application/json; charset=utf-8
cache-control: no-cache

20:55:00.641 [AsyncHttpClient-1-11] DEBUG org.asynchttpclient.netty.channel.ChannelManager - Adding key: http://localhost:48726 for channel [id: 0x6eabcca2, L:/127.0.0.1:60366 - R:localhost/127.0.0.1:48726]
20:55:00.678 [Forwarding getAlertText on session 25cb7f778c060e368573799d51dfb6b0 to remote] DEBUG org.asynchttpclient.netty.request.NettyRequestSender - Using pooled Channel '[id: 0x6eabcca2, L:/127.0.0.1:60366 - R:localhost/127.0.0.1:48726]' for 'GET' to 'http://localhost:48726/session/25cb7f778c060e368573799d51dfb6b0/alert/text'
20:55:00.678 [Forwarding getAlertText on session 25cb7f778c060e368573799d51dfb6b0 to remote] DEBUG org.asynchttpclient.netty.request.NettyRequestSender - Using open Channel [id: 0x6eabcca2, L:/127.0.0.1:60366 - R:localhost/127.0.0.1:48726] for GET '/session/25cb7f778c060e368573799d51dfb6b0/alert/text'
20:55:00.679 [AsyncHttpClient-1-11] DEBUG org.asynchttpclient.netty.handler.HttpHandler - 

Request DefaultFullHttpRequest(decodeResult: success, version: HTTP/1.1, content: EmptyByteBufBE)
GET /session/25cb7f778c060e368573799d51dfb6b0/alert/text HTTP/1.1
User-Agent: selenium/4.8.1 (java windows)
Cache-Control: no-cache
Content-Type: application/json; charset=utf-8
host: localhost:48726
accept: */*

Response DefaultHttpResponse(decodeResult: success, version: HTTP/1.1)
HTTP/1.1 404 Not Found
Content-Length: 816
Content-Type: application/json; charset=utf-8
cache-control: no-cache

20:55:00.679 [AsyncHttpClient-1-11] DEBUG org.asynchttpclient.netty.channel.ChannelManager - Adding key: http://localhost:48726 for channel [id: 0x6eabcca2, L:/127.0.0.1:60366 - R:localhost/127.0.0.1:48726]
20:55:00.680 [Forwarding getCurrentUrl on session 25cb7f778c060e368573799d51dfb6b0 to remote] DEBUG org.asynchttpclient.netty.request.NettyRequestSender - Using pooled Channel '[id: 0x6eabcca2, L:/127.0.0.1:60366 - R:localhost/127.0.0.1:48726]' for 'GET' to 'http://localhost:48726/session/25cb7f778c060e368573799d51dfb6b0/url'
20:55:00.680 [Forwarding getCurrentUrl on session 25cb7f778c060e368573799d51dfb6b0 to remote] DEBUG org.asynchttpclient.netty.request.NettyRequestSender - Using open Channel [id: 0x6eabcca2, L:/127.0.0.1:60366 - R:localhost/127.0.0.1:48726] for GET '/session/25cb7f778c060e368573799d51dfb6b0/url'
20:55:00.683 [AsyncHttpClient-1-11] DEBUG org.asynchttpclient.netty.handler.HttpHandler - 

Request DefaultFullHttpRequest(decodeResult: success, version: HTTP/1.1, content: EmptyByteBufBE)
GET /session/25cb7f778c060e368573799d51dfb6b0/url HTTP/1.1
User-Agent: selenium/4.8.1 (java windows)
Cache-Control: no-cache
Content-Type: application/json; charset=utf-8
host: localhost:48726
accept: */*

Response DefaultHttpResponse(decodeResult: success, version: HTTP/1.1)
HTTP/1.1 200 OK
Content-Length: 56
Content-Type: application/json; charset=utf-8
cache-control: no-cache

20:55:00.683 [AsyncHttpClient-1-11] DEBUG org.asynchttpclient.netty.channel.ChannelManager - Adding key: http://localhost:48726 for channel [id: 0x6eabcca2, L:/127.0.0.1:60366 - R:localhost/127.0.0.1:48726]
20:55:00.684 [Forwarding screenshot on session 25cb7f778c060e368573799d51dfb6b0 to remote] DEBUG org.asynchttpclient.netty.request.NettyRequestSender - Using pooled Channel '[id: 0x6eabcca2, L:/127.0.0.1:60366 - R:localhost/127.0.0.1:48726]' for 'GET' to 'http://localhost:48726/session/25cb7f778c060e368573799d51dfb6b0/screenshot'
20:55:00.684 [Forwarding screenshot on session 25cb7f778c060e368573799d51dfb6b0 to remote] DEBUG org.asynchttpclient.netty.request.NettyRequestSender - Using open Channel [id: 0x6eabcca2, L:/127.0.0.1:60366 - R:localhost/127.0.0.1:48726] for GET '/session/25cb7f778c060e368573799d51dfb6b0/screenshot'
20:55:00.867 [AsyncHttpClient-1-11] DEBUG org.asynchttpclient.netty.handler.HttpHandler - 

Request DefaultFullHttpRequest(decodeResult: success, version: HTTP/1.1, content: EmptyByteBufBE)
GET /session/25cb7f778c060e368573799d51dfb6b0/screenshot HTTP/1.1
User-Agent: selenium/4.8.1 (java windows)
Cache-Control: no-cache
Content-Type: application/json; charset=utf-8
host: localhost:48726
accept: */*

Response DefaultHttpResponse(decodeResult: success, version: HTTP/1.1)
HTTP/1.1 200 OK
Content-Length: 183368
Content-Type: application/json; charset=utf-8
cache-control: no-cache

20:55:00.868 [AsyncHttpClient-1-11] DEBUG org.asynchttpclient.netty.channel.ChannelManager - Adding key: http://localhost:48726 for channel [id: 0x6eabcca2, L:/127.0.0.1:60366 - R:localhost/127.0.0.1:48726]
20:55:00.872 [main] DEBUG net.serenitybdd.core.photography.Darkroom - Send negative for processing for target\site\serenity\0ee72a12383ccb9ef62b10337d0532f84e6607618962b09580825904ff1fcecb.png
20:55:00.872 [Darkroom Processing Line] DEBUG net.serenitybdd.core.photography.DarkroomProcessingLine - Processing screenshot image in /var/screenshots/screenshot-12904944721438453015
20:55:00.872 [Darkroom Processing Line] DEBUG net.serenitybdd.core.photography.DarkroomProcessingLine - Saving screenshot to target\site\serenity\0ee72a12383ccb9ef62b10337d0532f84e6607618962b09580825904ff1fcecb.png
20:55:00.874 [Forwarding getPageSource on session 25cb7f778c060e368573799d51dfb6b0 to remote] DEBUG org.asynchttpclient.netty.request.NettyRequestSender - Using pooled Channel '[id: 0x6eabcca2, L:/127.0.0.1:60366 - R:localhost/127.0.0.1:48726]' for 'POST' to 'http://localhost:48726/session/25cb7f778c060e368573799d51dfb6b0/execute/sync'
20:55:00.874 [Forwarding getPageSource on session 25cb7f778c060e368573799d51dfb6b0 to remote] DEBUG org.asynchttpclient.netty.request.NettyRequestSender - Using open Channel [id: 0x6eabcca2, L:/127.0.0.1:60366 - R:localhost/127.0.0.1:48726] for POST '/session/25cb7f778c060e368573799d51dfb6b0/execute/sync'
20:55:00.884 [AsyncHttpClient-1-11] DEBUG org.asynchttpclient.netty.handler.HttpHandler - 

Request DefaultHttpRequest(decodeResult: success, version: HTTP/1.1)
POST /session/25cb7f778c060e368573799d51dfb6b0/execute/sync HTTP/1.1
User-Agent: selenium/4.8.1 (java windows)
Content-Length: 176
Content-Type: application/json; charset=utf-8
host: localhost:48726
accept: */*

Response DefaultHttpResponse(decodeResult: success, version: HTTP/1.1)
HTTP/1.1 200 OK
Content-Length: 103818
Content-Type: application/json; charset=utf-8
cache-control: no-cache

20:55:00.884 [AsyncHttpClient-1-11] DEBUG org.asynchttpclient.netty.channel.ChannelManager - Adding key: http://localhost:48726 for channel [id: 0x6eabcca2, L:/127.0.0.1:60366 - R:localhost/127.0.0.1:48726]
20:55:00.890 [Forwarding getCurrentUrl on session 25cb7f778c060e368573799d51dfb6b0 to remote] DEBUG org.asynchttpclient.netty.request.NettyRequestSender - Using pooled Channel '[id: 0x6eabcca2, L:/127.0.0.1:60366 - R:localhost/127.0.0.1:48726]' for 'GET' to 'http://localhost:48726/session/25cb7f778c060e368573799d51dfb6b0/url'
20:55:00.890 [Forwarding getCurrentUrl on session 25cb7f778c060e368573799d51dfb6b0 to remote] DEBUG org.asynchttpclient.netty.request.NettyRequestSender - Using open Channel [id: 0x6eabcca2, L:/127.0.0.1:60366 - R:localhost/127.0.0.1:48726] for GET '/session/25cb7f778c060e368573799d51dfb6b0/url'
20:55:00.894 [AsyncHttpClient-1-11] DEBUG org.asynchttpclient.netty.handler.HttpHandler - 

Request DefaultFullHttpRequest(decodeResult: success, version: HTTP/1.1, content: EmptyByteBufBE)
GET /session/25cb7f778c060e368573799d51dfb6b0/url HTTP/1.1
User-Agent: selenium/4.8.1 (java windows)
Cache-Control: no-cache
Content-Type: application/json; charset=utf-8
host: localhost:48726
accept: */*

Response DefaultHttpResponse(decodeResult: success, version: HTTP/1.1)
HTTP/1.1 200 OK
Content-Length: 56
Content-Type: application/json; charset=utf-8
cache-control: no-cache

20:55:00.894 [AsyncHttpClient-1-11] DEBUG org.asynchttpclient.netty.channel.ChannelManager - Adding key: http://localhost:48726 for channel [id: 0x6eabcca2, L:/127.0.0.1:60366 - R:localhost/127.0.0.1:48726]
20:55:00.898 [main] DEBUG net.thucydides.core.steps.StepInterceptor - STARTING STEP: OrderSteps.i_will_be_directed_to_finish_transaction_page - checkBackButtonExist
20:55:00.901 [Forwarding findElement on session 25cb7f778c060e368573799d51dfb6b0 to remote] DEBUG org.asynchttpclient.netty.request.NettyRequestSender - Using pooled Channel '[id: 0x6eabcca2, L:/127.0.0.1:60366 - R:localhost/127.0.0.1:48726]' for 'POST' to 'http://localhost:48726/session/25cb7f778c060e368573799d51dfb6b0/element'
20:55:00.901 [Forwarding findElement on session 25cb7f778c060e368573799d51dfb6b0 to remote] DEBUG org.asynchttpclient.netty.request.NettyRequestSender - Using open Channel [id: 0x6eabcca2, L:/127.0.0.1:60366 - R:localhost/127.0.0.1:48726] for POST '/session/25cb7f778c060e368573799d51dfb6b0/element'
20:55:00.913 [AsyncHttpClient-1-11] DEBUG org.asynchttpclient.netty.handler.HttpHandler - 

Request DefaultHttpRequest(decodeResult: success, version: HTTP/1.1)
POST /session/25cb7f778c060e368573799d51dfb6b0/element HTTP/1.1
User-Agent: selenium/4.8.1 (java windows)
Content-Length: 65
Content-Type: application/json; charset=utf-8
host: localhost:48726
accept: */*

Response DefaultHttpResponse(decodeResult: success, version: HTTP/1.1)
HTTP/1.1 200 OK
Content-Length: 88
Content-Type: application/json; charset=utf-8
cache-control: no-cache

20:55:00.913 [AsyncHttpClient-1-11] DEBUG org.asynchttpclient.netty.channel.ChannelManager - Adding key: http://localhost:48726 for channel [id: 0x6eabcca2, L:/127.0.0.1:60366 - R:localhost/127.0.0.1:48726]
20:55:00.916 [Forwarding isElementDisplayed on session 25cb7f778c060e368573799d51dfb6b0 to remote] DEBUG org.asynchttpclient.netty.request.NettyRequestSender - Using pooled Channel '[id: 0x6eabcca2, L:/127.0.0.1:60366 - R:localhost/127.0.0.1:48726]' for 'POST' to 'http://localhost:48726/session/25cb7f778c060e368573799d51dfb6b0/execute/sync'
20:55:00.916 [Forwarding isElementDisplayed on session 25cb7f778c060e368573799d51dfb6b0 to remote] DEBUG org.asynchttpclient.netty.request.NettyRequestSender - Using open Channel [id: 0x6eabcca2, L:/127.0.0.1:60366 - R:localhost/127.0.0.1:48726] for POST '/session/25cb7f778c060e368573799d51dfb6b0/execute/sync'
20:55:00.926 [AsyncHttpClient-1-11] DEBUG org.asynchttpclient.netty.handler.HttpHandler - 

Request DefaultHttpRequest(decodeResult: success, version: HTTP/1.1)
POST /session/25cb7f778c060e368573799d51dfb6b0/execute/sync HTTP/1.1
User-Agent: selenium/4.8.1 (java windows)
Content-Length: 48807
Content-Type: application/json; charset=utf-8
host: localhost:48726
accept: */*

Response DefaultHttpResponse(decodeResult: success, version: HTTP/1.1)
HTTP/1.1 200 OK
Content-Length: 14
Content-Type: application/json; charset=utf-8
cache-control: no-cache

20:55:00.927 [AsyncHttpClient-1-11] DEBUG org.asynchttpclient.netty.channel.ChannelManager - Adding key: http://localhost:48726 for channel [id: 0x6eabcca2, L:/127.0.0.1:60366 - R:localhost/127.0.0.1:48726]
20:55:00.931 [Forwarding getAlertText on session 25cb7f778c060e368573799d51dfb6b0 to remote] DEBUG org.asynchttpclient.netty.request.NettyRequestSender - Using pooled Channel '[id: 0x6eabcca2, L:/127.0.0.1:60366 - R:localhost/127.0.0.1:48726]' for 'GET' to 'http://localhost:48726/session/25cb7f778c060e368573799d51dfb6b0/alert/text'
20:55:00.931 [Forwarding getAlertText on session 25cb7f778c060e368573799d51dfb6b0 to remote] DEBUG org.asynchttpclient.netty.request.NettyRequestSender - Using open Channel [id: 0x6eabcca2, L:/127.0.0.1:60366 - R:localhost/127.0.0.1:48726] for GET '/session/25cb7f778c060e368573799d51dfb6b0/alert/text'
20:55:00.933 [AsyncHttpClient-1-11] DEBUG org.asynchttpclient.netty.handler.HttpHandler - 

Request DefaultFullHttpRequest(decodeResult: success, version: HTTP/1.1, content: EmptyByteBufBE)
GET /session/25cb7f778c060e368573799d51dfb6b0/alert/text HTTP/1.1
User-Agent: selenium/4.8.1 (java windows)
Cache-Control: no-cache
Content-Type: application/json; charset=utf-8
host: localhost:48726
accept: */*

Response DefaultHttpResponse(decodeResult: success, version: HTTP/1.1)
HTTP/1.1 404 Not Found
Content-Length: 816
Content-Type: application/json; charset=utf-8
cache-control: no-cache

20:55:00.933 [AsyncHttpClient-1-11] DEBUG org.asynchttpclient.netty.channel.ChannelManager - Adding key: http://localhost:48726 for channel [id: 0x6eabcca2, L:/127.0.0.1:60366 - R:localhost/127.0.0.1:48726]
20:55:00.934 [Forwarding getCurrentUrl on session 25cb7f778c060e368573799d51dfb6b0 to remote] DEBUG org.asynchttpclient.netty.request.NettyRequestSender - Using pooled Channel '[id: 0x6eabcca2, L:/127.0.0.1:60366 - R:localhost/127.0.0.1:48726]' for 'GET' to 'http://localhost:48726/session/25cb7f778c060e368573799d51dfb6b0/url'
20:55:00.934 [Forwarding getCurrentUrl on session 25cb7f778c060e368573799d51dfb6b0 to remote] DEBUG org.asynchttpclient.netty.request.NettyRequestSender - Using open Channel [id: 0x6eabcca2, L:/127.0.0.1:60366 - R:localhost/127.0.0.1:48726] for GET '/session/25cb7f778c060e368573799d51dfb6b0/url'
20:55:00.937 [AsyncHttpClient-1-11] DEBUG org.asynchttpclient.netty.handler.HttpHandler - 

Request DefaultFullHttpRequest(decodeResult: success, version: HTTP/1.1, content: EmptyByteBufBE)
GET /session/25cb7f778c060e368573799d51dfb6b0/url HTTP/1.1
User-Agent: selenium/4.8.1 (java windows)
Cache-Control: no-cache
Content-Type: application/json; charset=utf-8
host: localhost:48726
accept: */*

Response DefaultHttpResponse(decodeResult: success, version: HTTP/1.1)
HTTP/1.1 200 OK
Content-Length: 56
Content-Type: application/json; charset=utf-8
cache-control: no-cache

20:55:00.937 [AsyncHttpClient-1-11] DEBUG org.asynchttpclient.netty.channel.ChannelManager - Adding key: http://localhost:48726 for channel [id: 0x6eabcca2, L:/127.0.0.1:60366 - R:localhost/127.0.0.1:48726]
20:55:00.938 [Forwarding screenshot on session 25cb7f778c060e368573799d51dfb6b0 to remote] DEBUG org.asynchttpclient.netty.request.NettyRequestSender - Using pooled Channel '[id: 0x6eabcca2, L:/127.0.0.1:60366 - R:localhost/127.0.0.1:48726]' for 'GET' to 'http://localhost:48726/session/25cb7f778c060e368573799d51dfb6b0/screenshot'
20:55:00.938 [Forwarding screenshot on session 25cb7f778c060e368573799d51dfb6b0 to remote] DEBUG org.asynchttpclient.netty.request.NettyRequestSender - Using open Channel [id: 0x6eabcca2, L:/127.0.0.1:60366 - R:localhost/127.0.0.1:48726] for GET '/session/25cb7f778c060e368573799d51dfb6b0/screenshot'
20:55:01.111 [AsyncHttpClient-1-11] DEBUG org.asynchttpclient.netty.handler.HttpHandler - 

Request DefaultFullHttpRequest(decodeResult: success, version: HTTP/1.1, content: EmptyByteBufBE)
GET /session/25cb7f778c060e368573799d51dfb6b0/screenshot HTTP/1.1
User-Agent: selenium/4.8.1 (java windows)
Cache-Control: no-cache
Content-Type: application/json; charset=utf-8
host: localhost:48726
accept: */*

Response DefaultHttpResponse(decodeResult: success, version: HTTP/1.1)
HTTP/1.1 200 OK
Content-Length: 185144
Content-Type: application/json; charset=utf-8
cache-control: no-cache

20:55:01.112 [AsyncHttpClient-1-11] DEBUG org.asynchttpclient.netty.channel.ChannelManager - Adding key: http://localhost:48726 for channel [id: 0x6eabcca2, L:/127.0.0.1:60366 - R:localhost/127.0.0.1:48726]
20:55:01.119 [main] DEBUG net.serenitybdd.core.photography.Darkroom - Send negative for processing for target\site\serenity\2d15013d311bfa36bfdb30ee5e43a98064ee6e50f50330fb11ef885b04da85b3.png
20:55:01.119 [main] DEBUG net.thucydides.core.steps.StepInterceptor - STEP DONE: checkBackButtonExist
20:55:01.119 [Darkroom Processing Line] DEBUG net.serenitybdd.core.photography.DarkroomProcessingLine - Processing screenshot image in /var/screenshots/screenshot-10724687028923534524
20:55:01.119 [Darkroom Processing Line] DEBUG net.serenitybdd.core.photography.DarkroomProcessingLine - Saving screenshot to target\site\serenity\2d15013d311bfa36bfdb30ee5e43a98064ee6e50f50330fb11ef885b04da85b3.png
  &amp#27;[32mThen &amp#27;[0m&amp#27;[32mI will be directed to finish transaction page&amp#27;[0m                 &amp#27;[90m# starter.stepDefinitions.OrderSteps.i_will_be_directed_to_finish_transaction_page()&amp#27;[0m
20:55:01.129 [AsyncHttpClient-1-13] DEBUG org.asynchttpclient.netty.handler.WebSocketHandler - Channel Closed: [id: 0xbcd44587, L:/127.0.0.1:60374 ! R:localhost/127.0.0.1:60367] with attribute NettyResponseFuture{currentRetry=0,
	isDone=1,
	isCancelled=0,
	asyncHandler=org.asynchttpclient.ws.WebSocketUpgradeHandler@70dc5a88,
	nettyRequest=org.asynchttpclient.netty.request.NettyRequest@35dedaf7,
	future=java.util.concurrent.CompletableFuture@6eae8645[Completed normally],
	uri=ws://localhost:60367/devtools/browser/c5a90e8a-3f43-4791-adfb-ca1969ad28c5,
	keepAlive=true,
	redirectCount=0,
	timeoutsHolder=null,
	inAuth=0,
	touch=1680616486273}
20:55:01.129 [Driver Command Executor] DEBUG org.asynchttpclient.netty.request.NettyRequestSender - Using pooled Channel '[id: 0x6eabcca2, L:/127.0.0.1:60366 - R:localhost/127.0.0.1:48726]' for 'DELETE' to 'http://localhost:48726/session/25cb7f778c060e368573799d51dfb6b0'
20:55:01.129 [AsyncHttpClient-1-13] DEBUG org.asynchttpclient.netty.channel.ChannelManager - Closing Channel [id: 0xbcd44587, L:/127.0.0.1:60374 ! R:localhost/127.0.0.1:60367] 
20:55:01.129 [Driver Command Executor] DEBUG org.asynchttpclient.netty.request.NettyRequestSender - Using open Channel [id: 0x6eabcca2, L:/127.0.0.1:60366 - R:localhost/127.0.0.1:48726] for DELETE '/session/25cb7f778c060e368573799d51dfb6b0'
20:55:01.161 [AsyncHttpClient-1-12] DEBUG org.asynchttpclient.netty.handler.HttpHandler - Unexpected I/O exception on channel [id: 0xbebafc9c, L:/127.0.0.1:60373 - R:localhost/127.0.0.1:60367]
java.net.SocketException: Connection reset
	at java.base/sun.nio.ch.SocketChannelImpl.throwConnectionReset(SocketChannelImpl.java:401)
	at java.base/sun.nio.ch.SocketChannelImpl.read(SocketChannelImpl.java:434)
	at io.netty.buffer.PooledByteBuf.setBytes(PooledByteBuf.java:259)
	at io.netty.buffer.AbstractByteBuf.writeBytes(AbstractByteBuf.java:1132)
	at io.netty.channel.socket.nio.NioSocketChannel.doReadBytes(NioSocketChannel.java:357)
	at io.netty.channel.nio.AbstractNioByteChannel$NioByteUnsafe.read(AbstractNioByteChannel.java:151)
	at io.netty.channel.nio.NioEventLoop.processSelectedKey(NioEventLoop.java:788)
	at io.netty.channel.nio.NioEventLoop.processSelectedKeysOptimized(NioEventLoop.java:724)
	at io.netty.channel.nio.NioEventLoop.processSelectedKeys(NioEventLoop.java:650)
	at io.netty.channel.nio.NioEventLoop.run(NioEventLoop.java:562)
	at io.netty.util.concurrent.SingleThreadEventExecutor$4.run(SingleThreadEventExecutor.java:997)
	at io.netty.util.internal.ThreadExecutorMap$2.run(ThreadExecutorMap.java:74)
	at io.netty.util.concurrent.FastThreadLocalRunnable.run(FastThreadLocalRunnable.java:30)
	at java.base/java.lang.Thread.run(Thread.java:1589)
20:55:01.162 [AsyncHttpClient-1-12] DEBUG org.asynchttpclient.netty.channel.ChannelManager - Closing Channel [id: 0xbebafc9c, L:/127.0.0.1:60373 - R:localhost/127.0.0.1:60367] 
20:55:01.162 [AsyncHttpClient-1-12] DEBUG org.asynchttpclient.netty.handler.HttpHandler - Channel Closed: [id: 0xbebafc9c, L:/127.0.0.1:60373 ! R:localhost/127.0.0.1:60367] with attribute DISCARD
20:55:01.171 [AsyncHttpClient-1-1] DEBUG org.asynchttpclient.netty.channel.DefaultChannelPool - Entry count for : http://localhost:60367 : 1
20:55:01.171 [AsyncHttpClient-1-1] DEBUG org.asynchttpclient.netty.channel.DefaultChannelPool - Adding Candidate expired Channel [id: 0xbebafc9c, L:/127.0.0.1:60373 ! R:localhost/127.0.0.1:60367] isIdleTimeoutExpired=false isRemotelyClosed=true isTtlExpired=false
20:55:01.172 [AsyncHttpClient-1-1] DEBUG org.asynchttpclient.netty.channel.DefaultChannelPool - Closing Idle Channel [id: 0xbebafc9c, L:/127.0.0.1:60373 ! R:localhost/127.0.0.1:60367]
20:55:01.172 [AsyncHttpClient-1-1] DEBUG org.asynchttpclient.netty.channel.DefaultChannelPool - Closed 1 connections out of 1 in 1 ms
20:55:01.183 [AsyncHttpClient-1-11] DEBUG org.asynchttpclient.netty.handler.HttpHandler - 

Request DefaultFullHttpRequest(decodeResult: success, version: HTTP/1.1, content: EmptyByteBufBE)
DELETE /session/25cb7f778c060e368573799d51dfb6b0 HTTP/1.1
User-Agent: selenium/4.8.1 (java windows)
Content-Type: application/json; charset=utf-8
host: localhost:48726
accept: */*

Response DefaultHttpResponse(decodeResult: success, version: HTTP/1.1)
HTTP/1.1 200 OK
Content-Length: 14
Content-Type: application/json; charset=utf-8
cache-control: no-cache

20:55:01.184 [AsyncHttpClient-1-11] DEBUG org.asynchttpclient.netty.channel.ChannelManager - Adding key: http://localhost:48726 for channel [id: 0x6eabcca2, L:/127.0.0.1:60366 - R:localhost/127.0.0.1:48726]
20:55:01.273 [AsyncHttpClient-1-11] DEBUG org.asynchttpclient.netty.handler.HttpHandler - Channel Closed: [id: 0x6eabcca2, L:/127.0.0.1:60366 ! R:localhost/127.0.0.1:48726] with attribute DISCARD
20:55:01.352 [main] INFO  - 
  _____   ___   ___   _____     ___     _     ___   ___   ___   ___  
 |_   _| | __| / __| |_   _|   | _ \   /_\   / __| / __| | __| |   \ 
   | |   | _|  \__ \   | |     |  _/  / _ \  \__ \ \__ \ | _|  | |) |
   |_|   |___| |___/   |_|     |_|   /_/ \_\ |___/ |___/ |___| |___/ 

As a user i want to be able to order pulsa product
----------------------------------------------------------------------
]]></system-out>
    <system-err><![CDATA[Starting ChromeDriver 111.0.5563.64 (c710e93d5b63b7095afe8c2c17df34408078439d-refs/branch-heads/5563@{#995}) on port 48726
Only local connections are allowed.
Please see https://chromedriver.chromium.org/security-considerations for suggestions on keeping ChromeDriver safe.
ChromeDriver was started successfully.
Apr 04, 2023 8:54:46 PM org.openqa.selenium.devtools.CdpVersionFinder findNearestMatch
WARNING: Unable to find an exact match for CDP version 111, so returning the closest version found: 110
]]></system-err>
  </testcase>
  <testcase name="As a user i can select product on homepage #1" classname="product" time="8.129">
    <system-out><![CDATA[20:55:01.353 [main] DEBUG io.cucumber.core.plugin.SerenityReporter - Running feature from file:///C:/Users/TrisetioPutra/Documents/serenity_sauce/serenity-sepulsa/src/test/resources/features/Product.feature
20:55:01.356 [main] DEBUG net.thucydides.core.steps.StepEventBus - Test suite started for story net.thucydides.core.model.Story@fdbc81c8
20:55:01.356 [main] INFO  - Test Suite Started: Product

@product
Scenario Outline: As a user i can select product on homepage  &amp#27;[90m# src/test/resources/features/Product.feature:10&amp#27;[0m
20:55:01.361 [main] DEBUG io.cucumber.core.plugin.SerenityReporter - Running feature from file:///C:/Users/TrisetioPutra/Documents/serenity_sauce/serenity-sepulsa/src/test/resources/features/Product.feature
20:55:01.363 [main] INFO  - 
  _____   ___   ___   _____     ___   _____     _     ___   _____   ___   ___  
 |_   _| | __| / __| |_   _|   / __| |_   _|   /_\   | _ \ |_   _| | __| |   \ 
   | |   | _|  \__ \   | |     \__ \   | |    / _ \  |   /   | |   | _|  | |) |
   |_|   |___| |___/   |_|     |___/   |_|   /_/ \_\ |_|_\   |_|   |___| |___/ 

As a user i can select product on homepage(product;as-a-user-i-can-select-product-on-homepage)
--------------------------------------------------------------------------------
20:55:01.428 [main] INFO net.serenitybdd.core.webdriver.driverproviders.ChromeDriverProvider - Starting Chrome driver instance with capabilities:
20:55:01.428 [main] INFO net.serenitybdd.core.webdriver.driverproviders.ChromeDriverProvider - Capabilities {acceptInsecureCerts: true, browserName: chrome, goog:chromeOptions: {args: [remote-allow-origins=*, test-type, no-sandbox, ignore-certificate-errors, --window-size=1000,800, incognito, disable-infobars, disable-gpu, disable-default-apps, disable-popup-blocking, remote-allow-origins=*, test-type, no-sandbox, ignore-certificate-errors, --window-size=1000,800, incognito, disable-infobars, disable-gpu, disable-default-apps, disable-popup-blocking, remote-allow-origins=*], extensions: []}}
20:55:01.546 [AsyncHttpClient-1-14] DEBUG org.asynchttpclient.netty.channel.NettyConnectListener - Using new Channel '[id: 0xc9f610c8, L:/127.0.0.1:60421 - R:localhost/127.0.0.1:34313]' for 'POST' to '/session'
20:55:02.272 [AsyncHttpClient-1-1] DEBUG org.asynchttpclient.netty.channel.DefaultChannelPool - Entry count for : http://localhost:48726 : 1
20:55:02.272 [AsyncHttpClient-1-1] DEBUG org.asynchttpclient.netty.channel.DefaultChannelPool - Adding Candidate expired Channel [id: 0x6eabcca2, L:/127.0.0.1:60366 ! R:localhost/127.0.0.1:48726] isIdleTimeoutExpired=false isRemotelyClosed=true isTtlExpired=false
20:55:02.272 [AsyncHttpClient-1-1] DEBUG org.asynchttpclient.netty.channel.DefaultChannelPool - Closing Idle Channel [id: 0x6eabcca2, L:/127.0.0.1:60366 ! R:localhost/127.0.0.1:48726]
20:55:02.272 [AsyncHttpClient-1-1] DEBUG org.asynchttpclient.netty.channel.DefaultChannelPool - Closed 1 connections out of 1 in 0 ms
20:55:02.430 [AsyncHttpClient-1-14] DEBUG org.asynchttpclient.netty.handler.HttpHandler - 

Request DefaultHttpRequest(decodeResult: success, version: HTTP/1.1)
POST /session HTTP/1.1
User-Agent: selenium/4.8.1 (java windows)
Content-Length: 1729
Content-Type: application/json; charset=utf-8
host: localhost:34313
accept: */*

Response DefaultHttpResponse(decodeResult: success, version: HTTP/1.1)
HTTP/1.1 200 OK
Content-Length: 862
Content-Type: application/json; charset=utf-8
cache-control: no-cache

20:55:02.431 [AsyncHttpClient-1-14] DEBUG org.asynchttpclient.netty.channel.ChannelManager - Adding key: http://localhost:34313 for channel [id: 0xc9f610c8, L:/127.0.0.1:60421 - R:localhost/127.0.0.1:34313]
20:55:02.437 [AsyncHttpClient-1-15] DEBUG org.asynchttpclient.netty.channel.NettyConnectListener - Using new Channel '[id: 0x81f6e590, L:/127.0.0.1:60429 - R:localhost/127.0.0.1:60423]' for 'GET' to '/json/version'
20:55:02.439 [AsyncHttpClient-1-15] DEBUG org.asynchttpclient.netty.handler.HttpHandler - 

Request DefaultFullHttpRequest(decodeResult: success, version: HTTP/1.1, content: EmptyByteBufBE)
GET /json/version HTTP/1.1
User-Agent: selenium/4.8.1 (java windows)
host: localhost:60423
accept: */*

Response DefaultHttpResponse(decodeResult: success, version: HTTP/1.1)
HTTP/1.1 200 OK
Content-Security-Policy: frame-ancestors 'none'
Content-Length: 424
Content-Type: application/json; charset=UTF-8

20:55:02.439 [AsyncHttpClient-1-15] DEBUG org.asynchttpclient.netty.channel.ChannelManager - Adding key: http://localhost:60423 for channel [id: 0x81f6e590, L:/127.0.0.1:60429 - R:localhost/127.0.0.1:60423]
20:55:02.442 [AsyncHttpClient-1-16] DEBUG org.asynchttpclient.netty.channel.NettyConnectListener - Using new Channel '[id: 0xc0dfc4b1, L:/127.0.0.1:60430 - R:localhost/127.0.0.1:60423]' for 'GET' to '/devtools/browser/aa1e61d6-58a6-48d9-af00-eff320690ca5'
20:55:02.444 [AsyncHttpClient-1-16] DEBUG org.asynchttpclient.netty.handler.WebSocketHandler - 

Request DefaultFullHttpRequest(decodeResult: success, version: HTTP/1.1, content: EmptyByteBufBE)
GET /devtools/browser/aa1e61d6-58a6-48d9-af00-eff320690ca5 HTTP/1.1
upgrade: websocket
connection: upgrade
sec-websocket-key: OF4XwLIKgV8DIFPTG9XFkA==
sec-websocket-version: 13
origin: http://localhost:60423
host: localhost:60423
accept: */*
user-agent: AHC/2.1

Response DefaultHttpResponse(decodeResult: success, version: HTTP/1.1)
HTTP/1.1 101 WebSocket Protocol Handshake
Upgrade: WebSocket
Connection: Upgrade
Sec-WebSocket-Accept: voRMeA2ghfbBrmDy5vjCfFSeJG8=

20:55:02.449 [Forwarding get on session bee4abebf1feaded52c5b182a58219bb to remote] DEBUG org.asynchttpclient.netty.request.NettyRequestSender - Using pooled Channel '[id: 0xc9f610c8, L:/127.0.0.1:60421 - R:localhost/127.0.0.1:34313]' for 'POST' to 'http://localhost:34313/session/bee4abebf1feaded52c5b182a58219bb/url'
20:55:02.449 [Forwarding get on session bee4abebf1feaded52c5b182a58219bb to remote] DEBUG org.asynchttpclient.netty.request.NettyRequestSender - Using open Channel [id: 0xc9f610c8, L:/127.0.0.1:60421 - R:localhost/127.0.0.1:34313] for POST '/session/bee4abebf1feaded52c5b182a58219bb/url'
20:55:03.370 [AsyncHttpClient-1-1] DEBUG org.asynchttpclient.netty.channel.DefaultChannelPool - Entry count for : http://localhost:60423 : 1
20:55:03.678 [AsyncHttpClient-1-14] DEBUG org.asynchttpclient.netty.handler.HttpHandler - 

Request DefaultHttpRequest(decodeResult: success, version: HTTP/1.1)
POST /session/bee4abebf1feaded52c5b182a58219bb/url HTTP/1.1
User-Agent: selenium/4.8.1 (java windows)
Content-Length: 54
Content-Type: application/json; charset=utf-8
host: localhost:34313
accept: */*

Response DefaultHttpResponse(decodeResult: success, version: HTTP/1.1)
HTTP/1.1 200 OK
Content-Length: 14
Content-Type: application/json; charset=utf-8
cache-control: no-cache

20:55:03.678 [AsyncHttpClient-1-14] DEBUG org.asynchttpclient.netty.channel.ChannelManager - Adding key: http://localhost:34313 for channel [id: 0xc9f610c8, L:/127.0.0.1:60421 - R:localhost/127.0.0.1:34313]
20:55:03.680 [Forwarding setTimeout on session bee4abebf1feaded52c5b182a58219bb to remote] DEBUG org.asynchttpclient.netty.request.NettyRequestSender - Using pooled Channel '[id: 0xc9f610c8, L:/127.0.0.1:60421 - R:localhost/127.0.0.1:34313]' for 'POST' to 'http://localhost:34313/session/bee4abebf1feaded52c5b182a58219bb/timeouts'
20:55:03.680 [Forwarding setTimeout on session bee4abebf1feaded52c5b182a58219bb to remote] DEBUG org.asynchttpclient.netty.request.NettyRequestSender - Using open Channel [id: 0xc9f610c8, L:/127.0.0.1:60421 - R:localhost/127.0.0.1:34313] for POST '/session/bee4abebf1feaded52c5b182a58219bb/timeouts'
20:55:03.681 [AsyncHttpClient-1-14] DEBUG org.asynchttpclient.netty.handler.HttpHandler - 

Request DefaultHttpRequest(decodeResult: success, version: HTTP/1.1)
POST /session/bee4abebf1feaded52c5b182a58219bb/timeouts HTTP/1.1
User-Agent: selenium/4.8.1 (java windows)
Content-Length: 22
Content-Type: application/json; charset=utf-8
host: localhost:34313
accept: */*

Response DefaultHttpResponse(decodeResult: success, version: HTTP/1.1)
HTTP/1.1 200 OK
Content-Length: 14
Content-Type: application/json; charset=utf-8
cache-control: no-cache

20:55:03.682 [AsyncHttpClient-1-14] DEBUG org.asynchttpclient.netty.channel.ChannelManager - Adding key: http://localhost:34313 for channel [id: 0xc9f610c8, L:/127.0.0.1:60421 - R:localhost/127.0.0.1:34313]
20:55:03.691 [main] DEBUG net.serenitybdd.core.photography.Darkroom - Opening darkroom
20:55:03.692 [Darkroom Processing Line] DEBUG net.serenitybdd.core.photography.DarkroomProcessingLine - Darkroom processing line starting up
20:55:03.693 [Forwarding getAlertText on session bee4abebf1feaded52c5b182a58219bb to remote] DEBUG org.asynchttpclient.netty.request.NettyRequestSender - Using pooled Channel '[id: 0xc9f610c8, L:/127.0.0.1:60421 - R:localhost/127.0.0.1:34313]' for 'GET' to 'http://localhost:34313/session/bee4abebf1feaded52c5b182a58219bb/alert/text'
20:55:03.693 [Forwarding getAlertText on session bee4abebf1feaded52c5b182a58219bb to remote] DEBUG org.asynchttpclient.netty.request.NettyRequestSender - Using open Channel [id: 0xc9f610c8, L:/127.0.0.1:60421 - R:localhost/127.0.0.1:34313] for GET '/session/bee4abebf1feaded52c5b182a58219bb/alert/text'
20:55:03.725 [AsyncHttpClient-1-14] DEBUG org.asynchttpclient.netty.handler.HttpHandler - 

Request DefaultFullHttpRequest(decodeResult: success, version: HTTP/1.1, content: EmptyByteBufBE)
GET /session/bee4abebf1feaded52c5b182a58219bb/alert/text HTTP/1.1
User-Agent: selenium/4.8.1 (java windows)
Cache-Control: no-cache
Content-Type: application/json; charset=utf-8
host: localhost:34313
accept: */*

Response DefaultHttpResponse(decodeResult: success, version: HTTP/1.1)
HTTP/1.1 404 Not Found
Content-Length: 816
Content-Type: application/json; charset=utf-8
cache-control: no-cache

20:55:03.725 [AsyncHttpClient-1-14] DEBUG org.asynchttpclient.netty.channel.ChannelManager - Adding key: http://localhost:34313 for channel [id: 0xc9f610c8, L:/127.0.0.1:60421 - R:localhost/127.0.0.1:34313]
20:55:03.727 [Forwarding getCurrentUrl on session bee4abebf1feaded52c5b182a58219bb to remote] DEBUG org.asynchttpclient.netty.request.NettyRequestSender - Using pooled Channel '[id: 0xc9f610c8, L:/127.0.0.1:60421 - R:localhost/127.0.0.1:34313]' for 'GET' to 'http://localhost:34313/session/bee4abebf1feaded52c5b182a58219bb/url'
20:55:03.727 [Forwarding getCurrentUrl on session bee4abebf1feaded52c5b182a58219bb to remote] DEBUG org.asynchttpclient.netty.request.NettyRequestSender - Using open Channel [id: 0xc9f610c8, L:/127.0.0.1:60421 - R:localhost/127.0.0.1:34313] for GET '/session/bee4abebf1feaded52c5b182a58219bb/url'
20:55:03.731 [AsyncHttpClient-1-14] DEBUG org.asynchttpclient.netty.handler.HttpHandler - 

Request DefaultFullHttpRequest(decodeResult: success, version: HTTP/1.1, content: EmptyByteBufBE)
GET /session/bee4abebf1feaded52c5b182a58219bb/url HTTP/1.1
User-Agent: selenium/4.8.1 (java windows)
Cache-Control: no-cache
Content-Type: application/json; charset=utf-8
host: localhost:34313
accept: */*

Response DefaultHttpResponse(decodeResult: success, version: HTTP/1.1)
HTTP/1.1 200 OK
Content-Length: 36
Content-Type: application/json; charset=utf-8
cache-control: no-cache

20:55:03.731 [AsyncHttpClient-1-14] DEBUG org.asynchttpclient.netty.channel.ChannelManager - Adding key: http://localhost:34313 for channel [id: 0xc9f610c8, L:/127.0.0.1:60421 - R:localhost/127.0.0.1:34313]
20:55:03.732 [Forwarding screenshot on session bee4abebf1feaded52c5b182a58219bb to remote] DEBUG org.asynchttpclient.netty.request.NettyRequestSender - Using pooled Channel '[id: 0xc9f610c8, L:/127.0.0.1:60421 - R:localhost/127.0.0.1:34313]' for 'GET' to 'http://localhost:34313/session/bee4abebf1feaded52c5b182a58219bb/screenshot'
20:55:03.732 [Forwarding screenshot on session bee4abebf1feaded52c5b182a58219bb to remote] DEBUG org.asynchttpclient.netty.request.NettyRequestSender - Using open Channel [id: 0xc9f610c8, L:/127.0.0.1:60421 - R:localhost/127.0.0.1:34313] for GET '/session/bee4abebf1feaded52c5b182a58219bb/screenshot'
20:55:03.997 [AsyncHttpClient-1-14] DEBUG org.asynchttpclient.netty.handler.HttpHandler - 

Request DefaultFullHttpRequest(decodeResult: success, version: HTTP/1.1, content: EmptyByteBufBE)
GET /session/bee4abebf1feaded52c5b182a58219bb/screenshot HTTP/1.1
User-Agent: selenium/4.8.1 (java windows)
Cache-Control: no-cache
Content-Type: application/json; charset=utf-8
host: localhost:34313
accept: */*

Response DefaultHttpResponse(decodeResult: success, version: HTTP/1.1)
HTTP/1.1 200 OK
Content-Length: 268048
Content-Type: application/json; charset=utf-8
cache-control: no-cache

20:55:03.998 [AsyncHttpClient-1-14] DEBUG org.asynchttpclient.netty.channel.ChannelManager - Adding key: http://localhost:34313 for channel [id: 0xc9f610c8, L:/127.0.0.1:60421 - R:localhost/127.0.0.1:34313]
20:55:04.005 [main] DEBUG net.serenitybdd.core.photography.Darkroom - Send negative for processing for target\site\serenity\96d341273f069dc766e306992c7345543e05140ba0f1e95ef6cc6a48573ae509.png
20:55:04.005 [Darkroom Processing Line] DEBUG net.serenitybdd.core.photography.DarkroomProcessingLine - Processing screenshot image in /var/screenshots/screenshot-17997721999293171871
20:55:04.006 [Darkroom Processing Line] DEBUG net.serenitybdd.core.photography.DarkroomProcessingLine - Saving screenshot to target\site\serenity\96d341273f069dc766e306992c7345543e05140ba0f1e95ef6cc6a48573ae509.png
20:55:04.007 [Forwarding getPageSource on session bee4abebf1feaded52c5b182a58219bb to remote] DEBUG org.asynchttpclient.netty.request.NettyRequestSender - Using pooled Channel '[id: 0xc9f610c8, L:/127.0.0.1:60421 - R:localhost/127.0.0.1:34313]' for 'POST' to 'http://localhost:34313/session/bee4abebf1feaded52c5b182a58219bb/execute/sync'
20:55:04.007 [Forwarding getPageSource on session bee4abebf1feaded52c5b182a58219bb to remote] DEBUG org.asynchttpclient.netty.request.NettyRequestSender - Using open Channel [id: 0xc9f610c8, L:/127.0.0.1:60421 - R:localhost/127.0.0.1:34313] for POST '/session/bee4abebf1feaded52c5b182a58219bb/execute/sync'
20:55:04.067 [AsyncHttpClient-1-14] DEBUG org.asynchttpclient.netty.handler.HttpHandler - 

Request DefaultHttpRequest(decodeResult: success, version: HTTP/1.1)
POST /session/bee4abebf1feaded52c5b182a58219bb/execute/sync HTTP/1.1
User-Agent: selenium/4.8.1 (java windows)
Content-Length: 176
Content-Type: application/json; charset=utf-8
host: localhost:34313
accept: */*

Response DefaultHttpResponse(decodeResult: success, version: HTTP/1.1)
HTTP/1.1 200 OK
Content-Length: 182088
Content-Type: application/json; charset=utf-8
cache-control: no-cache

20:55:04.068 [AsyncHttpClient-1-14] DEBUG org.asynchttpclient.netty.channel.ChannelManager - Adding key: http://localhost:34313 for channel [id: 0xc9f610c8, L:/127.0.0.1:60421 - R:localhost/127.0.0.1:34313]
20:55:04.080 [Forwarding getCurrentUrl on session bee4abebf1feaded52c5b182a58219bb to remote] DEBUG org.asynchttpclient.netty.request.NettyRequestSender - Using pooled Channel '[id: 0xc9f610c8, L:/127.0.0.1:60421 - R:localhost/127.0.0.1:34313]' for 'GET' to 'http://localhost:34313/session/bee4abebf1feaded52c5b182a58219bb/url'
20:55:04.080 [Forwarding getCurrentUrl on session bee4abebf1feaded52c5b182a58219bb to remote] DEBUG org.asynchttpclient.netty.request.NettyRequestSender - Using open Channel [id: 0xc9f610c8, L:/127.0.0.1:60421 - R:localhost/127.0.0.1:34313] for GET '/session/bee4abebf1feaded52c5b182a58219bb/url'
20:55:04.084 [AsyncHttpClient-1-14] DEBUG org.asynchttpclient.netty.handler.HttpHandler - 

Request DefaultFullHttpRequest(decodeResult: success, version: HTTP/1.1, content: EmptyByteBufBE)
GET /session/bee4abebf1feaded52c5b182a58219bb/url HTTP/1.1
User-Agent: selenium/4.8.1 (java windows)
Cache-Control: no-cache
Content-Type: application/json; charset=utf-8
host: localhost:34313
accept: */*

Response DefaultHttpResponse(decodeResult: success, version: HTTP/1.1)
HTTP/1.1 200 OK
Content-Length: 36
Content-Type: application/json; charset=utf-8
cache-control: no-cache

20:55:04.084 [AsyncHttpClient-1-14] DEBUG org.asynchttpclient.netty.channel.ChannelManager - Adding key: http://localhost:34313 for channel [id: 0xc9f610c8, L:/127.0.0.1:60421 - R:localhost/127.0.0.1:34313]
20:55:04.089 [main] DEBUG net.thucydides.core.steps.StepInterceptor - STARTING STEP: ProductSteps.i_open_sepulsa_com_homepage - checkHomeButtonExist
20:55:04.091 [Forwarding findElement on session bee4abebf1feaded52c5b182a58219bb to remote] DEBUG org.asynchttpclient.netty.request.NettyRequestSender - Using pooled Channel '[id: 0xc9f610c8, L:/127.0.0.1:60421 - R:localhost/127.0.0.1:34313]' for 'POST' to 'http://localhost:34313/session/bee4abebf1feaded52c5b182a58219bb/element'
20:55:04.091 [Forwarding findElement on session bee4abebf1feaded52c5b182a58219bb to remote] DEBUG org.asynchttpclient.netty.request.NettyRequestSender - Using open Channel [id: 0xc9f610c8, L:/127.0.0.1:60421 - R:localhost/127.0.0.1:34313] for POST '/session/bee4abebf1feaded52c5b182a58219bb/element'
20:55:04.102 [AsyncHttpClient-1-14] DEBUG org.asynchttpclient.netty.handler.HttpHandler - 

Request DefaultHttpRequest(decodeResult: success, version: HTTP/1.1)
POST /session/bee4abebf1feaded52c5b182a58219bb/element HTTP/1.1
User-Agent: selenium/4.8.1 (java windows)
Content-Length: 80
Content-Type: application/json; charset=utf-8
host: localhost:34313
accept: */*

Response DefaultHttpResponse(decodeResult: success, version: HTTP/1.1)
HTTP/1.1 200 OK
Content-Length: 88
Content-Type: application/json; charset=utf-8
cache-control: no-cache

20:55:04.103 [AsyncHttpClient-1-14] DEBUG org.asynchttpclient.netty.channel.ChannelManager - Adding key: http://localhost:34313 for channel [id: 0xc9f610c8, L:/127.0.0.1:60421 - R:localhost/127.0.0.1:34313]
20:55:04.106 [Forwarding isElementDisplayed on session bee4abebf1feaded52c5b182a58219bb to remote] DEBUG org.asynchttpclient.netty.request.NettyRequestSender - Using pooled Channel '[id: 0xc9f610c8, L:/127.0.0.1:60421 - R:localhost/127.0.0.1:34313]' for 'POST' to 'http://localhost:34313/session/bee4abebf1feaded52c5b182a58219bb/execute/sync'
20:55:04.106 [Forwarding isElementDisplayed on session bee4abebf1feaded52c5b182a58219bb to remote] DEBUG org.asynchttpclient.netty.request.NettyRequestSender - Using open Channel [id: 0xc9f610c8, L:/127.0.0.1:60421 - R:localhost/127.0.0.1:34313] for POST '/session/bee4abebf1feaded52c5b182a58219bb/execute/sync'
20:55:04.118 [AsyncHttpClient-1-14] DEBUG org.asynchttpclient.netty.handler.HttpHandler - 

Request DefaultHttpRequest(decodeResult: success, version: HTTP/1.1)
POST /session/bee4abebf1feaded52c5b182a58219bb/execute/sync HTTP/1.1
User-Agent: selenium/4.8.1 (java windows)
Content-Length: 48807
Content-Type: application/json; charset=utf-8
host: localhost:34313
accept: */*

Response DefaultHttpResponse(decodeResult: success, version: HTTP/1.1)
HTTP/1.1 200 OK
Content-Length: 14
Content-Type: application/json; charset=utf-8
cache-control: no-cache

20:55:04.122 [AsyncHttpClient-1-14] DEBUG org.asynchttpclient.netty.channel.ChannelManager - Adding key: http://localhost:34313 for channel [id: 0xc9f610c8, L:/127.0.0.1:60421 - R:localhost/127.0.0.1:34313]
20:55:04.126 [Forwarding getAlertText on session bee4abebf1feaded52c5b182a58219bb to remote] DEBUG org.asynchttpclient.netty.request.NettyRequestSender - Using pooled Channel '[id: 0xc9f610c8, L:/127.0.0.1:60421 - R:localhost/127.0.0.1:34313]' for 'GET' to 'http://localhost:34313/session/bee4abebf1feaded52c5b182a58219bb/alert/text'
20:55:04.126 [Forwarding getAlertText on session bee4abebf1feaded52c5b182a58219bb to remote] DEBUG org.asynchttpclient.netty.request.NettyRequestSender - Using open Channel [id: 0xc9f610c8, L:/127.0.0.1:60421 - R:localhost/127.0.0.1:34313] for GET '/session/bee4abebf1feaded52c5b182a58219bb/alert/text'
20:55:04.128 [AsyncHttpClient-1-14] DEBUG org.asynchttpclient.netty.handler.HttpHandler - 

Request DefaultFullHttpRequest(decodeResult: success, version: HTTP/1.1, content: EmptyByteBufBE)
GET /session/bee4abebf1feaded52c5b182a58219bb/alert/text HTTP/1.1
User-Agent: selenium/4.8.1 (java windows)
Cache-Control: no-cache
Content-Type: application/json; charset=utf-8
host: localhost:34313
accept: */*

Response DefaultHttpResponse(decodeResult: success, version: HTTP/1.1)
HTTP/1.1 404 Not Found
Content-Length: 816
Content-Type: application/json; charset=utf-8
cache-control: no-cache

20:55:04.128 [AsyncHttpClient-1-14] DEBUG org.asynchttpclient.netty.channel.ChannelManager - Adding key: http://localhost:34313 for channel [id: 0xc9f610c8, L:/127.0.0.1:60421 - R:localhost/127.0.0.1:34313]
20:55:04.129 [Forwarding getCurrentUrl on session bee4abebf1feaded52c5b182a58219bb to remote] DEBUG org.asynchttpclient.netty.request.NettyRequestSender - Using pooled Channel '[id: 0xc9f610c8, L:/127.0.0.1:60421 - R:localhost/127.0.0.1:34313]' for 'GET' to 'http://localhost:34313/session/bee4abebf1feaded52c5b182a58219bb/url'
20:55:04.129 [Forwarding getCurrentUrl on session bee4abebf1feaded52c5b182a58219bb to remote] DEBUG org.asynchttpclient.netty.request.NettyRequestSender - Using open Channel [id: 0xc9f610c8, L:/127.0.0.1:60421 - R:localhost/127.0.0.1:34313] for GET '/session/bee4abebf1feaded52c5b182a58219bb/url'
20:55:04.132 [AsyncHttpClient-1-14] DEBUG org.asynchttpclient.netty.handler.HttpHandler - 

Request DefaultFullHttpRequest(decodeResult: success, version: HTTP/1.1, content: EmptyByteBufBE)
GET /session/bee4abebf1feaded52c5b182a58219bb/url HTTP/1.1
User-Agent: selenium/4.8.1 (java windows)
Cache-Control: no-cache
Content-Type: application/json; charset=utf-8
host: localhost:34313
accept: */*

Response DefaultHttpResponse(decodeResult: success, version: HTTP/1.1)
HTTP/1.1 200 OK
Content-Length: 36
Content-Type: application/json; charset=utf-8
cache-control: no-cache

20:55:04.132 [AsyncHttpClient-1-14] DEBUG org.asynchttpclient.netty.channel.ChannelManager - Adding key: http://localhost:34313 for channel [id: 0xc9f610c8, L:/127.0.0.1:60421 - R:localhost/127.0.0.1:34313]
20:55:04.133 [Forwarding screenshot on session bee4abebf1feaded52c5b182a58219bb to remote] DEBUG org.asynchttpclient.netty.request.NettyRequestSender - Using pooled Channel '[id: 0xc9f610c8, L:/127.0.0.1:60421 - R:localhost/127.0.0.1:34313]' for 'GET' to 'http://localhost:34313/session/bee4abebf1feaded52c5b182a58219bb/screenshot'
20:55:04.133 [Forwarding screenshot on session bee4abebf1feaded52c5b182a58219bb to remote] DEBUG org.asynchttpclient.netty.request.NettyRequestSender - Using open Channel [id: 0xc9f610c8, L:/127.0.0.1:60421 - R:localhost/127.0.0.1:34313] for GET '/session/bee4abebf1feaded52c5b182a58219bb/screenshot'
20:55:04.407 [AsyncHttpClient-1-14] DEBUG org.asynchttpclient.netty.handler.HttpHandler - 

Request DefaultFullHttpRequest(decodeResult: success, version: HTTP/1.1, content: EmptyByteBufBE)
GET /session/bee4abebf1feaded52c5b182a58219bb/screenshot HTTP/1.1
User-Agent: selenium/4.8.1 (java windows)
Cache-Control: no-cache
Content-Type: application/json; charset=utf-8
host: localhost:34313
accept: */*

Response DefaultHttpResponse(decodeResult: success, version: HTTP/1.1)
HTTP/1.1 200 OK
Content-Length: 652120
Content-Type: application/json; charset=utf-8
cache-control: no-cache

20:55:04.408 [AsyncHttpClient-1-14] DEBUG org.asynchttpclient.netty.channel.ChannelManager - Adding key: http://localhost:34313 for channel [id: 0xc9f610c8, L:/127.0.0.1:60421 - R:localhost/127.0.0.1:34313]
20:55:04.419 [main] DEBUG net.serenitybdd.core.photography.Darkroom - Send negative for processing for target\site\serenity\421c4ddb2eaa833954d61109deb094fc5bbe818a1a58a1807822d1c530540cea.png
20:55:04.420 [main] DEBUG net.thucydides.core.steps.StepInterceptor - STEP DONE: checkHomeButtonExist
  &amp#27;[32mGiven &amp#27;[0m&amp#27;[32mI open sepulsa.com homepage&amp#27;[0m                           &amp#27;[90m# starter.stepDefinitions.ProductSteps.i_open_sepulsa_com_homepage()&amp#27;[0m
20:55:04.427 [Forwarding getPageSource on session bee4abebf1feaded52c5b182a58219bb to remote] DEBUG org.asynchttpclient.netty.request.NettyRequestSender - Using pooled Channel '[id: 0xc9f610c8, L:/127.0.0.1:60421 - R:localhost/127.0.0.1:34313]' for 'POST' to 'http://localhost:34313/session/bee4abebf1feaded52c5b182a58219bb/execute/sync'
20:55:04.427 [Forwarding getPageSource on session bee4abebf1feaded52c5b182a58219bb to remote] DEBUG org.asynchttpclient.netty.request.NettyRequestSender - Using open Channel [id: 0xc9f610c8, L:/127.0.0.1:60421 - R:localhost/127.0.0.1:34313] for POST '/session/bee4abebf1feaded52c5b182a58219bb/execute/sync'
20:55:04.448 [AsyncHttpClient-1-14] DEBUG org.asynchttpclient.netty.handler.HttpHandler - 

Request DefaultHttpRequest(decodeResult: success, version: HTTP/1.1)
POST /session/bee4abebf1feaded52c5b182a58219bb/execute/sync HTTP/1.1
User-Agent: selenium/4.8.1 (java windows)
Content-Length: 176
Content-Type: application/json; charset=utf-8
host: localhost:34313
accept: */*

Response DefaultHttpResponse(decodeResult: success, version: HTTP/1.1)
HTTP/1.1 200 OK
Content-Length: 182088
Content-Type: application/json; charset=utf-8
cache-control: no-cache

20:55:04.448 [AsyncHttpClient-1-14] DEBUG org.asynchttpclient.netty.channel.ChannelManager - Adding key: http://localhost:34313 for channel [id: 0xc9f610c8, L:/127.0.0.1:60421 - R:localhost/127.0.0.1:34313]
20:55:04.459 [Forwarding getCurrentUrl on session bee4abebf1feaded52c5b182a58219bb to remote] DEBUG org.asynchttpclient.netty.request.NettyRequestSender - Using pooled Channel '[id: 0xc9f610c8, L:/127.0.0.1:60421 - R:localhost/127.0.0.1:34313]' for 'GET' to 'http://localhost:34313/session/bee4abebf1feaded52c5b182a58219bb/url'
20:55:04.459 [Forwarding getCurrentUrl on session bee4abebf1feaded52c5b182a58219bb to remote] DEBUG org.asynchttpclient.netty.request.NettyRequestSender - Using open Channel [id: 0xc9f610c8, L:/127.0.0.1:60421 - R:localhost/127.0.0.1:34313] for GET '/session/bee4abebf1feaded52c5b182a58219bb/url'
20:55:04.463 [AsyncHttpClient-1-14] DEBUG org.asynchttpclient.netty.handler.HttpHandler - 

Request DefaultFullHttpRequest(decodeResult: success, version: HTTP/1.1, content: EmptyByteBufBE)
GET /session/bee4abebf1feaded52c5b182a58219bb/url HTTP/1.1
User-Agent: selenium/4.8.1 (java windows)
Cache-Control: no-cache
Content-Type: application/json; charset=utf-8
host: localhost:34313
accept: */*

Response DefaultHttpResponse(decodeResult: success, version: HTTP/1.1)
HTTP/1.1 200 OK
Content-Length: 36
Content-Type: application/json; charset=utf-8
cache-control: no-cache

20:55:04.463 [AsyncHttpClient-1-14] DEBUG org.asynchttpclient.netty.channel.ChannelManager - Adding key: http://localhost:34313 for channel [id: 0xc9f610c8, L:/127.0.0.1:60421 - R:localhost/127.0.0.1:34313]
20:55:04.473 [Forwarding getAlertText on session bee4abebf1feaded52c5b182a58219bb to remote] DEBUG org.asynchttpclient.netty.request.NettyRequestSender - Using pooled Channel '[id: 0xc9f610c8, L:/127.0.0.1:60421 - R:localhost/127.0.0.1:34313]' for 'GET' to 'http://localhost:34313/session/bee4abebf1feaded52c5b182a58219bb/alert/text'
20:55:04.473 [Forwarding getAlertText on session bee4abebf1feaded52c5b182a58219bb to remote] DEBUG org.asynchttpclient.netty.request.NettyRequestSender - Using open Channel [id: 0xc9f610c8, L:/127.0.0.1:60421 - R:localhost/127.0.0.1:34313] for GET '/session/bee4abebf1feaded52c5b182a58219bb/alert/text'
20:55:04.475 [AsyncHttpClient-1-1] DEBUG org.asynchttpclient.netty.channel.DefaultChannelPool - Entry count for : http://localhost:60423 : 1
20:55:04.476 [AsyncHttpClient-1-14] DEBUG org.asynchttpclient.netty.handler.HttpHandler - 

Request DefaultFullHttpRequest(decodeResult: success, version: HTTP/1.1, content: EmptyByteBufBE)
GET /session/bee4abebf1feaded52c5b182a58219bb/alert/text HTTP/1.1
User-Agent: selenium/4.8.1 (java windows)
Cache-Control: no-cache
Content-Type: application/json; charset=utf-8
host: localhost:34313
accept: */*

Response DefaultHttpResponse(decodeResult: success, version: HTTP/1.1)
HTTP/1.1 404 Not Found
Content-Length: 816
Content-Type: application/json; charset=utf-8
cache-control: no-cache

20:55:04.476 [AsyncHttpClient-1-14] DEBUG org.asynchttpclient.netty.channel.ChannelManager - Adding key: http://localhost:34313 for channel [id: 0xc9f610c8, L:/127.0.0.1:60421 - R:localhost/127.0.0.1:34313]
20:55:04.476 [Forwarding getCurrentUrl on session bee4abebf1feaded52c5b182a58219bb to remote] DEBUG org.asynchttpclient.netty.request.NettyRequestSender - Using pooled Channel '[id: 0xc9f610c8, L:/127.0.0.1:60421 - R:localhost/127.0.0.1:34313]' for 'GET' to 'http://localhost:34313/session/bee4abebf1feaded52c5b182a58219bb/url'
20:55:04.476 [Forwarding getCurrentUrl on session bee4abebf1feaded52c5b182a58219bb to remote] DEBUG org.asynchttpclient.netty.request.NettyRequestSender - Using open Channel [id: 0xc9f610c8, L:/127.0.0.1:60421 - R:localhost/127.0.0.1:34313] for GET '/session/bee4abebf1feaded52c5b182a58219bb/url'
20:55:04.481 [AsyncHttpClient-1-14] DEBUG org.asynchttpclient.netty.handler.HttpHandler - 

Request DefaultFullHttpRequest(decodeResult: success, version: HTTP/1.1, content: EmptyByteBufBE)
GET /session/bee4abebf1feaded52c5b182a58219bb/url HTTP/1.1
User-Agent: selenium/4.8.1 (java windows)
Cache-Control: no-cache
Content-Type: application/json; charset=utf-8
host: localhost:34313
accept: */*

Response DefaultHttpResponse(decodeResult: success, version: HTTP/1.1)
HTTP/1.1 200 OK
Content-Length: 36
Content-Type: application/json; charset=utf-8
cache-control: no-cache

20:55:04.481 [AsyncHttpClient-1-14] DEBUG org.asynchttpclient.netty.channel.ChannelManager - Adding key: http://localhost:34313 for channel [id: 0xc9f610c8, L:/127.0.0.1:60421 - R:localhost/127.0.0.1:34313]
20:55:04.481 [Forwarding screenshot on session bee4abebf1feaded52c5b182a58219bb to remote] DEBUG org.asynchttpclient.netty.request.NettyRequestSender - Using pooled Channel '[id: 0xc9f610c8, L:/127.0.0.1:60421 - R:localhost/127.0.0.1:34313]' for 'GET' to 'http://localhost:34313/session/bee4abebf1feaded52c5b182a58219bb/screenshot'
20:55:04.481 [Forwarding screenshot on session bee4abebf1feaded52c5b182a58219bb to remote] DEBUG org.asynchttpclient.netty.request.NettyRequestSender - Using open Channel [id: 0xc9f610c8, L:/127.0.0.1:60421 - R:localhost/127.0.0.1:34313] for GET '/session/bee4abebf1feaded52c5b182a58219bb/screenshot'
20:55:04.775 [AsyncHttpClient-1-14] DEBUG org.asynchttpclient.netty.handler.HttpHandler - 

Request DefaultFullHttpRequest(decodeResult: success, version: HTTP/1.1, content: EmptyByteBufBE)
GET /session/bee4abebf1feaded52c5b182a58219bb/screenshot HTTP/1.1
User-Agent: selenium/4.8.1 (java windows)
Cache-Control: no-cache
Content-Type: application/json; charset=utf-8
host: localhost:34313
accept: */*

Response DefaultHttpResponse(decodeResult: success, version: HTTP/1.1)
HTTP/1.1 200 OK
Content-Length: 652120
Content-Type: application/json; charset=utf-8
cache-control: no-cache

20:55:04.777 [AsyncHttpClient-1-14] DEBUG org.asynchttpclient.netty.channel.ChannelManager - Adding key: http://localhost:34313 for channel [id: 0xc9f610c8, L:/127.0.0.1:60421 - R:localhost/127.0.0.1:34313]
20:55:04.792 [main] DEBUG net.serenitybdd.core.photography.Darkroom - Send negative for processing for target\site\serenity\421c4ddb2eaa833954d61109deb094fc5bbe818a1a58a1807822d1c530540cea.png
20:55:04.794 [Forwarding getPageSource on session bee4abebf1feaded52c5b182a58219bb to remote] DEBUG org.asynchttpclient.netty.request.NettyRequestSender - Using pooled Channel '[id: 0xc9f610c8, L:/127.0.0.1:60421 - R:localhost/127.0.0.1:34313]' for 'POST' to 'http://localhost:34313/session/bee4abebf1feaded52c5b182a58219bb/execute/sync'
20:55:04.795 [Forwarding getPageSource on session bee4abebf1feaded52c5b182a58219bb to remote] DEBUG org.asynchttpclient.netty.request.NettyRequestSender - Using open Channel [id: 0xc9f610c8, L:/127.0.0.1:60421 - R:localhost/127.0.0.1:34313] for POST '/session/bee4abebf1feaded52c5b182a58219bb/execute/sync'
20:55:04.812 [AsyncHttpClient-1-14] DEBUG org.asynchttpclient.netty.handler.HttpHandler - 

Request DefaultHttpRequest(decodeResult: success, version: HTTP/1.1)
POST /session/bee4abebf1feaded52c5b182a58219bb/execute/sync HTTP/1.1
User-Agent: selenium/4.8.1 (java windows)
Content-Length: 176
Content-Type: application/json; charset=utf-8
host: localhost:34313
accept: */*

Response DefaultHttpResponse(decodeResult: success, version: HTTP/1.1)
HTTP/1.1 200 OK
Content-Length: 182088
Content-Type: application/json; charset=utf-8
cache-control: no-cache

20:55:04.813 [AsyncHttpClient-1-14] DEBUG org.asynchttpclient.netty.channel.ChannelManager - Adding key: http://localhost:34313 for channel [id: 0xc9f610c8, L:/127.0.0.1:60421 - R:localhost/127.0.0.1:34313]
20:55:04.824 [Forwarding getCurrentUrl on session bee4abebf1feaded52c5b182a58219bb to remote] DEBUG org.asynchttpclient.netty.request.NettyRequestSender - Using pooled Channel '[id: 0xc9f610c8, L:/127.0.0.1:60421 - R:localhost/127.0.0.1:34313]' for 'GET' to 'http://localhost:34313/session/bee4abebf1feaded52c5b182a58219bb/url'
20:55:04.824 [Forwarding getCurrentUrl on session bee4abebf1feaded52c5b182a58219bb to remote] DEBUG org.asynchttpclient.netty.request.NettyRequestSender - Using open Channel [id: 0xc9f610c8, L:/127.0.0.1:60421 - R:localhost/127.0.0.1:34313] for GET '/session/bee4abebf1feaded52c5b182a58219bb/url'
20:55:04.827 [AsyncHttpClient-1-14] DEBUG org.asynchttpclient.netty.handler.HttpHandler - 

Request DefaultFullHttpRequest(decodeResult: success, version: HTTP/1.1, content: EmptyByteBufBE)
GET /session/bee4abebf1feaded52c5b182a58219bb/url HTTP/1.1
User-Agent: selenium/4.8.1 (java windows)
Cache-Control: no-cache
Content-Type: application/json; charset=utf-8
host: localhost:34313
accept: */*

Response DefaultHttpResponse(decodeResult: success, version: HTTP/1.1)
HTTP/1.1 200 OK
Content-Length: 36
Content-Type: application/json; charset=utf-8
cache-control: no-cache

20:55:04.827 [AsyncHttpClient-1-14] DEBUG org.asynchttpclient.netty.channel.ChannelManager - Adding key: http://localhost:34313 for channel [id: 0xc9f610c8, L:/127.0.0.1:60421 - R:localhost/127.0.0.1:34313]
20:55:04.865 [main] DEBUG net.thucydides.core.steps.StepInterceptor - STARTING STEP: ProductSteps.i_press_at_product_icon - pressProduct
20:55:04.868 [Forwarding findElement on session bee4abebf1feaded52c5b182a58219bb to remote] DEBUG org.asynchttpclient.netty.request.NettyRequestSender - Using pooled Channel '[id: 0xc9f610c8, L:/127.0.0.1:60421 - R:localhost/127.0.0.1:34313]' for 'POST' to 'http://localhost:34313/session/bee4abebf1feaded52c5b182a58219bb/element'
20:55:04.868 [Forwarding findElement on session bee4abebf1feaded52c5b182a58219bb to remote] DEBUG org.asynchttpclient.netty.request.NettyRequestSender - Using open Channel [id: 0xc9f610c8, L:/127.0.0.1:60421 - R:localhost/127.0.0.1:34313] for POST '/session/bee4abebf1feaded52c5b182a58219bb/element'
20:55:04.879 [AsyncHttpClient-1-14] DEBUG org.asynchttpclient.netty.handler.HttpHandler - 

Request DefaultHttpRequest(decodeResult: success, version: HTTP/1.1)
POST /session/bee4abebf1feaded52c5b182a58219bb/element HTTP/1.1
User-Agent: selenium/4.8.1 (java windows)
Content-Length: 66
Content-Type: application/json; charset=utf-8
host: localhost:34313
accept: */*

Response DefaultHttpResponse(decodeResult: success, version: HTTP/1.1)
HTTP/1.1 200 OK
Content-Length: 88
Content-Type: application/json; charset=utf-8
cache-control: no-cache

20:55:04.879 [AsyncHttpClient-1-14] DEBUG org.asynchttpclient.netty.channel.ChannelManager - Adding key: http://localhost:34313 for channel [id: 0xc9f610c8, L:/127.0.0.1:60421 - R:localhost/127.0.0.1:34313]
20:55:04.880 [Forwarding getElementTagName on session bee4abebf1feaded52c5b182a58219bb to remote] DEBUG org.asynchttpclient.netty.request.NettyRequestSender - Using pooled Channel '[id: 0xc9f610c8, L:/127.0.0.1:60421 - R:localhost/127.0.0.1:34313]' for 'GET' to 'http://localhost:34313/session/bee4abebf1feaded52c5b182a58219bb/element/54233e95-94fb-4ab7-8af5-e14c75fe37b3/name'
20:55:04.880 [Forwarding getElementTagName on session bee4abebf1feaded52c5b182a58219bb to remote] DEBUG org.asynchttpclient.netty.request.NettyRequestSender - Using open Channel [id: 0xc9f610c8, L:/127.0.0.1:60421 - R:localhost/127.0.0.1:34313] for GET '/session/bee4abebf1feaded52c5b182a58219bb/element/54233e95-94fb-4ab7-8af5-e14c75fe37b3/name'
20:55:04.884 [AsyncHttpClient-1-14] DEBUG org.asynchttpclient.netty.handler.HttpHandler - 

Request DefaultFullHttpRequest(decodeResult: success, version: HTTP/1.1, content: EmptyByteBufBE)
GET /session/bee4abebf1feaded52c5b182a58219bb/element/54233e95-94fb-4ab7-8af5-e14c75fe37b3/name HTTP/1.1
User-Agent: selenium/4.8.1 (java windows)
Cache-Control: no-cache
Content-Type: application/json; charset=utf-8
host: localhost:34313
accept: */*

Response DefaultHttpResponse(decodeResult: success, version: HTTP/1.1)
HTTP/1.1 200 OK
Content-Length: 13
Content-Type: application/json; charset=utf-8
cache-control: no-cache

20:55:04.884 [AsyncHttpClient-1-14] DEBUG org.asynchttpclient.netty.channel.ChannelManager - Adding key: http://localhost:34313 for channel [id: 0xc9f610c8, L:/127.0.0.1:60421 - R:localhost/127.0.0.1:34313]
20:55:04.885 [Forwarding getElementTagName on session bee4abebf1feaded52c5b182a58219bb to remote] DEBUG org.asynchttpclient.netty.request.NettyRequestSender - Using pooled Channel '[id: 0xc9f610c8, L:/127.0.0.1:60421 - R:localhost/127.0.0.1:34313]' for 'GET' to 'http://localhost:34313/session/bee4abebf1feaded52c5b182a58219bb/element/54233e95-94fb-4ab7-8af5-e14c75fe37b3/name'
20:55:04.885 [Forwarding getElementTagName on session bee4abebf1feaded52c5b182a58219bb to remote] DEBUG org.asynchttpclient.netty.request.NettyRequestSender - Using open Channel [id: 0xc9f610c8, L:/127.0.0.1:60421 - R:localhost/127.0.0.1:34313] for GET '/session/bee4abebf1feaded52c5b182a58219bb/element/54233e95-94fb-4ab7-8af5-e14c75fe37b3/name'
20:55:04.887 [AsyncHttpClient-1-14] DEBUG org.asynchttpclient.netty.handler.HttpHandler - 

Request DefaultFullHttpRequest(decodeResult: success, version: HTTP/1.1, content: EmptyByteBufBE)
GET /session/bee4abebf1feaded52c5b182a58219bb/element/54233e95-94fb-4ab7-8af5-e14c75fe37b3/name HTTP/1.1
User-Agent: selenium/4.8.1 (java windows)
Cache-Control: no-cache
Content-Type: application/json; charset=utf-8
host: localhost:34313
accept: */*

Response DefaultHttpResponse(decodeResult: success, version: HTTP/1.1)
HTTP/1.1 200 OK
Content-Length: 13
Content-Type: application/json; charset=utf-8
cache-control: no-cache

20:55:04.887 [AsyncHttpClient-1-14] DEBUG org.asynchttpclient.netty.channel.ChannelManager - Adding key: http://localhost:34313 for channel [id: 0xc9f610c8, L:/127.0.0.1:60421 - R:localhost/127.0.0.1:34313]
20:55:04.889 [Forwarding findElement on session bee4abebf1feaded52c5b182a58219bb to remote] DEBUG org.asynchttpclient.netty.request.NettyRequestSender - Using pooled Channel '[id: 0xc9f610c8, L:/127.0.0.1:60421 - R:localhost/127.0.0.1:34313]' for 'POST' to 'http://localhost:34313/session/bee4abebf1feaded52c5b182a58219bb/element'
20:55:04.889 [Forwarding findElement on session bee4abebf1feaded52c5b182a58219bb to remote] DEBUG org.asynchttpclient.netty.request.NettyRequestSender - Using open Channel [id: 0xc9f610c8, L:/127.0.0.1:60421 - R:localhost/127.0.0.1:34313] for POST '/session/bee4abebf1feaded52c5b182a58219bb/element'
20:55:04.894 [AsyncHttpClient-1-14] DEBUG org.asynchttpclient.netty.handler.HttpHandler - 

Request DefaultHttpRequest(decodeResult: success, version: HTTP/1.1)
POST /session/bee4abebf1feaded52c5b182a58219bb/element HTTP/1.1
User-Agent: selenium/4.8.1 (java windows)
Content-Length: 66
Content-Type: application/json; charset=utf-8
host: localhost:34313
accept: */*

Response DefaultHttpResponse(decodeResult: success, version: HTTP/1.1)
HTTP/1.1 200 OK
Content-Length: 88
Content-Type: application/json; charset=utf-8
cache-control: no-cache

20:55:04.895 [AsyncHttpClient-1-14] DEBUG org.asynchttpclient.netty.channel.ChannelManager - Adding key: http://localhost:34313 for channel [id: 0xc9f610c8, L:/127.0.0.1:60421 - R:localhost/127.0.0.1:34313]
20:55:04.895 [Forwarding clickElement on session bee4abebf1feaded52c5b182a58219bb to remote] DEBUG org.asynchttpclient.netty.request.NettyRequestSender - Using pooled Channel '[id: 0xc9f610c8, L:/127.0.0.1:60421 - R:localhost/127.0.0.1:34313]' for 'POST' to 'http://localhost:34313/session/bee4abebf1feaded52c5b182a58219bb/element/54233e95-94fb-4ab7-8af5-e14c75fe37b3/click'
20:55:04.895 [Forwarding clickElement on session bee4abebf1feaded52c5b182a58219bb to remote] DEBUG org.asynchttpclient.netty.request.NettyRequestSender - Using open Channel [id: 0xc9f610c8, L:/127.0.0.1:60421 - R:localhost/127.0.0.1:34313] for POST '/session/bee4abebf1feaded52c5b182a58219bb/element/54233e95-94fb-4ab7-8af5-e14c75fe37b3/click'
20:55:05.569 [AsyncHttpClient-1-1] DEBUG org.asynchttpclient.netty.channel.DefaultChannelPool - Entry count for : http://localhost:60423 : 1
20:55:05.928 [AsyncHttpClient-1-14] DEBUG org.asynchttpclient.netty.handler.HttpHandler - 

Request DefaultHttpRequest(decodeResult: success, version: HTTP/1.1)
POST /session/bee4abebf1feaded52c5b182a58219bb/element/54233e95-94fb-4ab7-8af5-e14c75fe37b3/click HTTP/1.1
User-Agent: selenium/4.8.1 (java windows)
Content-Length: 50
Content-Type: application/json; charset=utf-8
host: localhost:34313
accept: */*

Response DefaultHttpResponse(decodeResult: success, version: HTTP/1.1)
HTTP/1.1 400 Bad Request
Content-Length: 1160
Content-Type: application/json; charset=utf-8
cache-control: no-cache

20:55:05.928 [AsyncHttpClient-1-14] DEBUG org.asynchttpclient.netty.channel.ChannelManager - Adding key: http://localhost:34313 for channel [id: 0xc9f610c8, L:/127.0.0.1:60421 - R:localhost/127.0.0.1:34313]
20:55:06.190 [Forwarding clickElement on session bee4abebf1feaded52c5b182a58219bb to remote] DEBUG org.asynchttpclient.netty.request.NettyRequestSender - Using pooled Channel '[id: 0xc9f610c8, L:/127.0.0.1:60421 - R:localhost/127.0.0.1:34313]' for 'POST' to 'http://localhost:34313/session/bee4abebf1feaded52c5b182a58219bb/element/54233e95-94fb-4ab7-8af5-e14c75fe37b3/click'
20:55:06.190 [Forwarding clickElement on session bee4abebf1feaded52c5b182a58219bb to remote] DEBUG org.asynchttpclient.netty.request.NettyRequestSender - Using open Channel [id: 0xc9f610c8, L:/127.0.0.1:60421 - R:localhost/127.0.0.1:34313] for POST '/session/bee4abebf1feaded52c5b182a58219bb/element/54233e95-94fb-4ab7-8af5-e14c75fe37b3/click'
20:55:06.592 [AsyncHttpClient-1-14] DEBUG org.asynchttpclient.netty.handler.HttpHandler - 

Request DefaultHttpRequest(decodeResult: success, version: HTTP/1.1)
POST /session/bee4abebf1feaded52c5b182a58219bb/element/54233e95-94fb-4ab7-8af5-e14c75fe37b3/click HTTP/1.1
User-Agent: selenium/4.8.1 (java windows)
Content-Length: 50
Content-Type: application/json; charset=utf-8
host: localhost:34313
accept: */*

Response DefaultHttpResponse(decodeResult: success, version: HTTP/1.1)
HTTP/1.1 200 OK
Content-Length: 14
Content-Type: application/json; charset=utf-8
cache-control: no-cache

20:55:06.592 [AsyncHttpClient-1-14] DEBUG org.asynchttpclient.netty.channel.ChannelManager - Adding key: http://localhost:34313 for channel [id: 0xc9f610c8, L:/127.0.0.1:60421 - R:localhost/127.0.0.1:34313]
20:55:06.598 [Forwarding getAlertText on session bee4abebf1feaded52c5b182a58219bb to remote] DEBUG org.asynchttpclient.netty.request.NettyRequestSender - Using pooled Channel '[id: 0xc9f610c8, L:/127.0.0.1:60421 - R:localhost/127.0.0.1:34313]' for 'GET' to 'http://localhost:34313/session/bee4abebf1feaded52c5b182a58219bb/alert/text'
20:55:06.598 [Forwarding getAlertText on session bee4abebf1feaded52c5b182a58219bb to remote] DEBUG org.asynchttpclient.netty.request.NettyRequestSender - Using open Channel [id: 0xc9f610c8, L:/127.0.0.1:60421 - R:localhost/127.0.0.1:34313] for GET '/session/bee4abebf1feaded52c5b182a58219bb/alert/text'
20:55:06.649 [AsyncHttpClient-1-14] DEBUG org.asynchttpclient.netty.handler.HttpHandler - 

Request DefaultFullHttpRequest(decodeResult: success, version: HTTP/1.1, content: EmptyByteBufBE)
GET /session/bee4abebf1feaded52c5b182a58219bb/alert/text HTTP/1.1
User-Agent: selenium/4.8.1 (java windows)
Cache-Control: no-cache
Content-Type: application/json; charset=utf-8
host: localhost:34313
accept: */*

Response DefaultHttpResponse(decodeResult: success, version: HTTP/1.1)
HTTP/1.1 404 Not Found
Content-Length: 816
Content-Type: application/json; charset=utf-8
cache-control: no-cache

20:55:06.649 [AsyncHttpClient-1-14] DEBUG org.asynchttpclient.netty.channel.ChannelManager - Adding key: http://localhost:34313 for channel [id: 0xc9f610c8, L:/127.0.0.1:60421 - R:localhost/127.0.0.1:34313]
20:55:06.651 [Forwarding getCurrentUrl on session bee4abebf1feaded52c5b182a58219bb to remote] DEBUG org.asynchttpclient.netty.request.NettyRequestSender - Using pooled Channel '[id: 0xc9f610c8, L:/127.0.0.1:60421 - R:localhost/127.0.0.1:34313]' for 'GET' to 'http://localhost:34313/session/bee4abebf1feaded52c5b182a58219bb/url'
20:55:06.651 [Forwarding getCurrentUrl on session bee4abebf1feaded52c5b182a58219bb to remote] DEBUG org.asynchttpclient.netty.request.NettyRequestSender - Using open Channel [id: 0xc9f610c8, L:/127.0.0.1:60421 - R:localhost/127.0.0.1:34313] for GET '/session/bee4abebf1feaded52c5b182a58219bb/url'
20:55:06.667 [AsyncHttpClient-1-1] DEBUG org.asynchttpclient.netty.channel.DefaultChannelPool - Entry count for : http://localhost:60423 : 1
20:55:06.695 [AsyncHttpClient-1-14] DEBUG org.asynchttpclient.netty.handler.HttpHandler - 

Request DefaultFullHttpRequest(decodeResult: success, version: HTTP/1.1, content: EmptyByteBufBE)
GET /session/bee4abebf1feaded52c5b182a58219bb/url HTTP/1.1
User-Agent: selenium/4.8.1 (java windows)
Cache-Control: no-cache
Content-Type: application/json; charset=utf-8
host: localhost:34313
accept: */*

Response DefaultHttpResponse(decodeResult: success, version: HTTP/1.1)
HTTP/1.1 200 OK
Content-Length: 53
Content-Type: application/json; charset=utf-8
cache-control: no-cache

20:55:06.696 [AsyncHttpClient-1-14] DEBUG org.asynchttpclient.netty.channel.ChannelManager - Adding key: http://localhost:34313 for channel [id: 0xc9f610c8, L:/127.0.0.1:60421 - R:localhost/127.0.0.1:34313]
20:55:06.699 [Forwarding screenshot on session bee4abebf1feaded52c5b182a58219bb to remote] DEBUG org.asynchttpclient.netty.request.NettyRequestSender - Using pooled Channel '[id: 0xc9f610c8, L:/127.0.0.1:60421 - R:localhost/127.0.0.1:34313]' for 'GET' to 'http://localhost:34313/session/bee4abebf1feaded52c5b182a58219bb/screenshot'
20:55:06.699 [Forwarding screenshot on session bee4abebf1feaded52c5b182a58219bb to remote] DEBUG org.asynchttpclient.netty.request.NettyRequestSender - Using open Channel [id: 0xc9f610c8, L:/127.0.0.1:60421 - R:localhost/127.0.0.1:34313] for GET '/session/bee4abebf1feaded52c5b182a58219bb/screenshot'
20:55:06.939 [AsyncHttpClient-1-14] DEBUG org.asynchttpclient.netty.handler.HttpHandler - 

Request DefaultFullHttpRequest(decodeResult: success, version: HTTP/1.1, content: EmptyByteBufBE)
GET /session/bee4abebf1feaded52c5b182a58219bb/screenshot HTTP/1.1
User-Agent: selenium/4.8.1 (java windows)
Cache-Control: no-cache
Content-Type: application/json; charset=utf-8
host: localhost:34313
accept: */*

Response DefaultHttpResponse(decodeResult: success, version: HTTP/1.1)
HTTP/1.1 200 OK
Content-Length: 300388
Content-Type: application/json; charset=utf-8
cache-control: no-cache

20:55:06.939 [AsyncHttpClient-1-14] DEBUG org.asynchttpclient.netty.channel.ChannelManager - Adding key: http://localhost:34313 for channel [id: 0xc9f610c8, L:/127.0.0.1:60421 - R:localhost/127.0.0.1:34313]
20:55:06.944 [main] DEBUG net.serenitybdd.core.photography.Darkroom - Send negative for processing for target\site\serenity\954fc89ae2702f1af32da93488345f00107ac99cf1560ef49a97d63a10723aff.png
20:55:06.945 [main] DEBUG net.thucydides.core.steps.StepInterceptor - STEP DONE: pressProduct
  &amp#27;[32mWhen &amp#27;[0m&amp#27;[32mI press at &amp#27;[0m&amp#27;[32m&amp#27;[1m"Pulsa"&amp#27;[0m&amp#27;[32m product icon&amp#27;[0m                        &amp#27;[90m# starter.stepDefinitions.ProductSteps.i_press_at_product_icon(java.lang.String)&amp#27;[0m
20:55:06.953 [Forwarding getPageSource on session bee4abebf1feaded52c5b182a58219bb to remote] DEBUG org.asynchttpclient.netty.request.NettyRequestSender - Using pooled Channel '[id: 0xc9f610c8, L:/127.0.0.1:60421 - R:localhost/127.0.0.1:34313]' for 'POST' to 'http://localhost:34313/session/bee4abebf1feaded52c5b182a58219bb/execute/sync'
20:55:06.953 [Forwarding getPageSource on session bee4abebf1feaded52c5b182a58219bb to remote] DEBUG org.asynchttpclient.netty.request.NettyRequestSender - Using open Channel [id: 0xc9f610c8, L:/127.0.0.1:60421 - R:localhost/127.0.0.1:34313] for POST '/session/bee4abebf1feaded52c5b182a58219bb/execute/sync'
20:55:06.967 [AsyncHttpClient-1-14] DEBUG org.asynchttpclient.netty.handler.HttpHandler - 

Request DefaultHttpRequest(decodeResult: success, version: HTTP/1.1)
POST /session/bee4abebf1feaded52c5b182a58219bb/execute/sync HTTP/1.1
User-Agent: selenium/4.8.1 (java windows)
Content-Length: 176
Content-Type: application/json; charset=utf-8
host: localhost:34313
accept: */*

Response DefaultHttpResponse(decodeResult: success, version: HTTP/1.1)
HTTP/1.1 200 OK
Content-Length: 170256
Content-Type: application/json; charset=utf-8
cache-control: no-cache

20:55:06.967 [AsyncHttpClient-1-14] DEBUG org.asynchttpclient.netty.channel.ChannelManager - Adding key: http://localhost:34313 for channel [id: 0xc9f610c8, L:/127.0.0.1:60421 - R:localhost/127.0.0.1:34313]
20:55:06.980 [Forwarding getCurrentUrl on session bee4abebf1feaded52c5b182a58219bb to remote] DEBUG org.asynchttpclient.netty.request.NettyRequestSender - Using pooled Channel '[id: 0xc9f610c8, L:/127.0.0.1:60421 - R:localhost/127.0.0.1:34313]' for 'GET' to 'http://localhost:34313/session/bee4abebf1feaded52c5b182a58219bb/url'
20:55:06.980 [Forwarding getCurrentUrl on session bee4abebf1feaded52c5b182a58219bb to remote] DEBUG org.asynchttpclient.netty.request.NettyRequestSender - Using open Channel [id: 0xc9f610c8, L:/127.0.0.1:60421 - R:localhost/127.0.0.1:34313] for GET '/session/bee4abebf1feaded52c5b182a58219bb/url'
20:55:06.983 [AsyncHttpClient-1-14] DEBUG org.asynchttpclient.netty.handler.HttpHandler - 

Request DefaultFullHttpRequest(decodeResult: success, version: HTTP/1.1, content: EmptyByteBufBE)
GET /session/bee4abebf1feaded52c5b182a58219bb/url HTTP/1.1
User-Agent: selenium/4.8.1 (java windows)
Cache-Control: no-cache
Content-Type: application/json; charset=utf-8
host: localhost:34313
accept: */*

Response DefaultHttpResponse(decodeResult: success, version: HTTP/1.1)
HTTP/1.1 200 OK
Content-Length: 53
Content-Type: application/json; charset=utf-8
cache-control: no-cache

20:55:06.983 [AsyncHttpClient-1-14] DEBUG org.asynchttpclient.netty.channel.ChannelManager - Adding key: http://localhost:34313 for channel [id: 0xc9f610c8, L:/127.0.0.1:60421 - R:localhost/127.0.0.1:34313]
20:55:06.992 [Forwarding getPageSource on session bee4abebf1feaded52c5b182a58219bb to remote] DEBUG org.asynchttpclient.netty.request.NettyRequestSender - Using pooled Channel '[id: 0xc9f610c8, L:/127.0.0.1:60421 - R:localhost/127.0.0.1:34313]' for 'POST' to 'http://localhost:34313/session/bee4abebf1feaded52c5b182a58219bb/execute/sync'
20:55:06.993 [Forwarding getPageSource on session bee4abebf1feaded52c5b182a58219bb to remote] DEBUG org.asynchttpclient.netty.request.NettyRequestSender - Using open Channel [id: 0xc9f610c8, L:/127.0.0.1:60421 - R:localhost/127.0.0.1:34313] for POST '/session/bee4abebf1feaded52c5b182a58219bb/execute/sync'
20:55:07.005 [AsyncHttpClient-1-14] DEBUG org.asynchttpclient.netty.handler.HttpHandler - 

Request DefaultHttpRequest(decodeResult: success, version: HTTP/1.1)
POST /session/bee4abebf1feaded52c5b182a58219bb/execute/sync HTTP/1.1
User-Agent: selenium/4.8.1 (java windows)
Content-Length: 176
Content-Type: application/json; charset=utf-8
host: localhost:34313
accept: */*

Response DefaultHttpResponse(decodeResult: success, version: HTTP/1.1)
HTTP/1.1 200 OK
Content-Length: 170256
Content-Type: application/json; charset=utf-8
cache-control: no-cache

20:55:07.006 [AsyncHttpClient-1-14] DEBUG org.asynchttpclient.netty.channel.ChannelManager - Adding key: http://localhost:34313 for channel [id: 0xc9f610c8, L:/127.0.0.1:60421 - R:localhost/127.0.0.1:34313]
20:55:07.014 [Forwarding getCurrentUrl on session bee4abebf1feaded52c5b182a58219bb to remote] DEBUG org.asynchttpclient.netty.request.NettyRequestSender - Using pooled Channel '[id: 0xc9f610c8, L:/127.0.0.1:60421 - R:localhost/127.0.0.1:34313]' for 'GET' to 'http://localhost:34313/session/bee4abebf1feaded52c5b182a58219bb/url'
20:55:07.014 [Forwarding getCurrentUrl on session bee4abebf1feaded52c5b182a58219bb to remote] DEBUG org.asynchttpclient.netty.request.NettyRequestSender - Using open Channel [id: 0xc9f610c8, L:/127.0.0.1:60421 - R:localhost/127.0.0.1:34313] for GET '/session/bee4abebf1feaded52c5b182a58219bb/url'
20:55:07.017 [AsyncHttpClient-1-14] DEBUG org.asynchttpclient.netty.handler.HttpHandler - 

Request DefaultFullHttpRequest(decodeResult: success, version: HTTP/1.1, content: EmptyByteBufBE)
GET /session/bee4abebf1feaded52c5b182a58219bb/url HTTP/1.1
User-Agent: selenium/4.8.1 (java windows)
Cache-Control: no-cache
Content-Type: application/json; charset=utf-8
host: localhost:34313
accept: */*

Response DefaultHttpResponse(decodeResult: success, version: HTTP/1.1)
HTTP/1.1 200 OK
Content-Length: 53
Content-Type: application/json; charset=utf-8
cache-control: no-cache

20:55:07.018 [AsyncHttpClient-1-14] DEBUG org.asynchttpclient.netty.channel.ChannelManager - Adding key: http://localhost:34313 for channel [id: 0xc9f610c8, L:/127.0.0.1:60421 - R:localhost/127.0.0.1:34313]
20:55:07.021 [main] DEBUG net.thucydides.core.steps.StepInterceptor - STARTING STEP: ProductSteps.i_will_be_directed_to_the_correct_product_page - checkTitleWording
20:55:07.024 [Forwarding findElement on session bee4abebf1feaded52c5b182a58219bb to remote] DEBUG org.asynchttpclient.netty.request.NettyRequestSender - Using pooled Channel '[id: 0xc9f610c8, L:/127.0.0.1:60421 - R:localhost/127.0.0.1:34313]' for 'POST' to 'http://localhost:34313/session/bee4abebf1feaded52c5b182a58219bb/element'
20:55:07.024 [Forwarding findElement on session bee4abebf1feaded52c5b182a58219bb to remote] DEBUG org.asynchttpclient.netty.request.NettyRequestSender - Using open Channel [id: 0xc9f610c8, L:/127.0.0.1:60421 - R:localhost/127.0.0.1:34313] for POST '/session/bee4abebf1feaded52c5b182a58219bb/element'
20:55:07.034 [AsyncHttpClient-1-14] DEBUG org.asynchttpclient.netty.handler.HttpHandler - 

Request DefaultHttpRequest(decodeResult: success, version: HTTP/1.1)
POST /session/bee4abebf1feaded52c5b182a58219bb/element HTTP/1.1
User-Agent: selenium/4.8.1 (java windows)
Content-Length: 57
Content-Type: application/json; charset=utf-8
host: localhost:34313
accept: */*

Response DefaultHttpResponse(decodeResult: success, version: HTTP/1.1)
HTTP/1.1 200 OK
Content-Length: 88
Content-Type: application/json; charset=utf-8
cache-control: no-cache

20:55:07.034 [AsyncHttpClient-1-14] DEBUG org.asynchttpclient.netty.channel.ChannelManager - Adding key: http://localhost:34313 for channel [id: 0xc9f610c8, L:/127.0.0.1:60421 - R:localhost/127.0.0.1:34313]
20:55:07.035 [Forwarding findChildElements on session bee4abebf1feaded52c5b182a58219bb to remote] DEBUG org.asynchttpclient.netty.request.NettyRequestSender - Using pooled Channel '[id: 0xc9f610c8, L:/127.0.0.1:60421 - R:localhost/127.0.0.1:34313]' for 'POST' to 'http://localhost:34313/session/bee4abebf1feaded52c5b182a58219bb/element/7a23526b-53c7-4ef4-9f7e-ee5e285156a2/elements'
20:55:07.035 [Forwarding findChildElements on session bee4abebf1feaded52c5b182a58219bb to remote] DEBUG org.asynchttpclient.netty.request.NettyRequestSender - Using open Channel [id: 0xc9f610c8, L:/127.0.0.1:60421 - R:localhost/127.0.0.1:34313] for POST '/session/bee4abebf1feaded52c5b182a58219bb/element/7a23526b-53c7-4ef4-9f7e-ee5e285156a2/elements'
20:55:07.769 [AsyncHttpClient-1-1] DEBUG org.asynchttpclient.netty.channel.DefaultChannelPool - Entry count for : http://localhost:60423 : 1
20:55:08.876 [AsyncHttpClient-1-1] DEBUG org.asynchttpclient.netty.channel.DefaultChannelPool - Entry count for : http://localhost:60423 : 1
20:55:09.098 [AsyncHttpClient-1-14] DEBUG org.asynchttpclient.netty.handler.HttpHandler - 

Request DefaultHttpRequest(decodeResult: success, version: HTTP/1.1)
POST /session/bee4abebf1feaded52c5b182a58219bb/element/7a23526b-53c7-4ef4-9f7e-ee5e285156a2/elements HTTP/1.1
User-Agent: selenium/4.8.1 (java windows)
Content-Length: 90
Content-Type: application/json; charset=utf-8
host: localhost:34313
accept: */*

Response DefaultHttpResponse(decodeResult: success, version: HTTP/1.1)
HTTP/1.1 200 OK
Content-Length: 12
Content-Type: application/json; charset=utf-8
cache-control: no-cache

20:55:09.099 [AsyncHttpClient-1-14] DEBUG org.asynchttpclient.netty.channel.ChannelManager - Adding key: http://localhost:34313 for channel [id: 0xc9f610c8, L:/127.0.0.1:60421 - R:localhost/127.0.0.1:34313]
20:55:09.104 [Forwarding getAlertText on session bee4abebf1feaded52c5b182a58219bb to remote] DEBUG org.asynchttpclient.netty.request.NettyRequestSender - Using pooled Channel '[id: 0xc9f610c8, L:/127.0.0.1:60421 - R:localhost/127.0.0.1:34313]' for 'GET' to 'http://localhost:34313/session/bee4abebf1feaded52c5b182a58219bb/alert/text'
20:55:09.104 [Forwarding getAlertText on session bee4abebf1feaded52c5b182a58219bb to remote] DEBUG org.asynchttpclient.netty.request.NettyRequestSender - Using open Channel [id: 0xc9f610c8, L:/127.0.0.1:60421 - R:localhost/127.0.0.1:34313] for GET '/session/bee4abebf1feaded52c5b182a58219bb/alert/text'
20:55:09.106 [AsyncHttpClient-1-14] DEBUG org.asynchttpclient.netty.handler.HttpHandler - 

Request DefaultFullHttpRequest(decodeResult: success, version: HTTP/1.1, content: EmptyByteBufBE)
GET /session/bee4abebf1feaded52c5b182a58219bb/alert/text HTTP/1.1
User-Agent: selenium/4.8.1 (java windows)
Cache-Control: no-cache
Content-Type: application/json; charset=utf-8
host: localhost:34313
accept: */*

Response DefaultHttpResponse(decodeResult: success, version: HTTP/1.1)
HTTP/1.1 404 Not Found
Content-Length: 816
Content-Type: application/json; charset=utf-8
cache-control: no-cache

20:55:09.106 [AsyncHttpClient-1-14] DEBUG org.asynchttpclient.netty.channel.ChannelManager - Adding key: http://localhost:34313 for channel [id: 0xc9f610c8, L:/127.0.0.1:60421 - R:localhost/127.0.0.1:34313]
20:55:09.107 [Forwarding getCurrentUrl on session bee4abebf1feaded52c5b182a58219bb to remote] DEBUG org.asynchttpclient.netty.request.NettyRequestSender - Using pooled Channel '[id: 0xc9f610c8, L:/127.0.0.1:60421 - R:localhost/127.0.0.1:34313]' for 'GET' to 'http://localhost:34313/session/bee4abebf1feaded52c5b182a58219bb/url'
20:55:09.107 [Forwarding getCurrentUrl on session bee4abebf1feaded52c5b182a58219bb to remote] DEBUG org.asynchttpclient.netty.request.NettyRequestSender - Using open Channel [id: 0xc9f610c8, L:/127.0.0.1:60421 - R:localhost/127.0.0.1:34313] for GET '/session/bee4abebf1feaded52c5b182a58219bb/url'
20:55:09.110 [AsyncHttpClient-1-14] DEBUG org.asynchttpclient.netty.handler.HttpHandler - 

Request DefaultFullHttpRequest(decodeResult: success, version: HTTP/1.1, content: EmptyByteBufBE)
GET /session/bee4abebf1feaded52c5b182a58219bb/url HTTP/1.1
User-Agent: selenium/4.8.1 (java windows)
Cache-Control: no-cache
Content-Type: application/json; charset=utf-8
host: localhost:34313
accept: */*

Response DefaultHttpResponse(decodeResult: success, version: HTTP/1.1)
HTTP/1.1 200 OK
Content-Length: 53
Content-Type: application/json; charset=utf-8
cache-control: no-cache

20:55:09.110 [AsyncHttpClient-1-14] DEBUG org.asynchttpclient.netty.channel.ChannelManager - Adding key: http://localhost:34313 for channel [id: 0xc9f610c8, L:/127.0.0.1:60421 - R:localhost/127.0.0.1:34313]
20:55:09.111 [Forwarding screenshot on session bee4abebf1feaded52c5b182a58219bb to remote] DEBUG org.asynchttpclient.netty.request.NettyRequestSender - Using pooled Channel '[id: 0xc9f610c8, L:/127.0.0.1:60421 - R:localhost/127.0.0.1:34313]' for 'GET' to 'http://localhost:34313/session/bee4abebf1feaded52c5b182a58219bb/screenshot'
20:55:09.111 [Forwarding screenshot on session bee4abebf1feaded52c5b182a58219bb to remote] DEBUG org.asynchttpclient.netty.request.NettyRequestSender - Using open Channel [id: 0xc9f610c8, L:/127.0.0.1:60421 - R:localhost/127.0.0.1:34313] for GET '/session/bee4abebf1feaded52c5b182a58219bb/screenshot'
20:55:09.271 [AsyncHttpClient-1-14] DEBUG org.asynchttpclient.netty.handler.HttpHandler - 

Request DefaultFullHttpRequest(decodeResult: success, version: HTTP/1.1, content: EmptyByteBufBE)
GET /session/bee4abebf1feaded52c5b182a58219bb/screenshot HTTP/1.1
User-Agent: selenium/4.8.1 (java windows)
Cache-Control: no-cache
Content-Type: application/json; charset=utf-8
host: localhost:34313
accept: */*

Response DefaultHttpResponse(decodeResult: success, version: HTTP/1.1)
HTTP/1.1 200 OK
Content-Length: 300708
Content-Type: application/json; charset=utf-8
cache-control: no-cache

20:55:09.272 [AsyncHttpClient-1-14] DEBUG org.asynchttpclient.netty.channel.ChannelManager - Adding key: http://localhost:34313 for channel [id: 0xc9f610c8, L:/127.0.0.1:60421 - R:localhost/127.0.0.1:34313]
20:55:09.278 [main] DEBUG net.serenitybdd.core.photography.Darkroom - Send negative for processing for target\site\serenity\6fe579a9cfdd7ead0d0d137f0821d8218f8f73240cbed7dc37b4d608d84c1ded.png
20:55:09.279 [main] DEBUG net.thucydides.core.steps.StepInterceptor - STEP DONE: checkTitleWording
  &amp#27;[32mThen &amp#27;[0m&amp#27;[32mI will be directed to the correct &amp#27;[0m&amp#27;[32m&amp#27;[1m"Pulsa"&amp#27;[0m&amp#27;[32m product page&amp#27;[0m &amp#27;[90m# starter.stepDefinitions.ProductSteps.i_will_be_directed_to_the_correct_product_page(java.lang.String)&amp#27;[0m
20:55:09.289 [AsyncHttpClient-1-16] DEBUG org.asynchttpclient.netty.handler.WebSocketHandler - Channel Closed: [id: 0xc0dfc4b1, L:/127.0.0.1:60430 ! R:localhost/127.0.0.1:60423] with attribute NettyResponseFuture{currentRetry=0,
	isDone=1,
	isCancelled=0,
	asyncHandler=org.asynchttpclient.ws.WebSocketUpgradeHandler@7b62d4ed,
	nettyRequest=org.asynchttpclient.netty.request.NettyRequest@3e6055e5,
	future=java.util.concurrent.CompletableFuture@1a2263e3[Completed normally],
	uri=ws://localhost:60423/devtools/browser/aa1e61d6-58a6-48d9-af00-eff320690ca5,
	keepAlive=true,
	redirectCount=0,
	timeoutsHolder=null,
	inAuth=0,
	touch=1680616502445}
20:55:09.289 [Driver Command Executor] DEBUG org.asynchttpclient.netty.request.NettyRequestSender - Using pooled Channel '[id: 0xc9f610c8, L:/127.0.0.1:60421 - R:localhost/127.0.0.1:34313]' for 'DELETE' to 'http://localhost:34313/session/bee4abebf1feaded52c5b182a58219bb'
20:55:09.289 [Driver Command Executor] DEBUG org.asynchttpclient.netty.request.NettyRequestSender - Using open Channel [id: 0xc9f610c8, L:/127.0.0.1:60421 - R:localhost/127.0.0.1:34313] for DELETE '/session/bee4abebf1feaded52c5b182a58219bb'
20:55:09.289 [AsyncHttpClient-1-16] DEBUG org.asynchttpclient.netty.channel.ChannelManager - Closing Channel [id: 0xc0dfc4b1, L:/127.0.0.1:60430 ! R:localhost/127.0.0.1:60423] 
20:55:09.323 [AsyncHttpClient-1-15] DEBUG org.asynchttpclient.netty.handler.HttpHandler - Unexpected I/O exception on channel [id: 0x81f6e590, L:/127.0.0.1:60429 - R:localhost/127.0.0.1:60423]
java.net.SocketException: Connection reset
	at java.base/sun.nio.ch.SocketChannelImpl.throwConnectionReset(SocketChannelImpl.java:401)
	at java.base/sun.nio.ch.SocketChannelImpl.read(SocketChannelImpl.java:434)
	at io.netty.buffer.PooledByteBuf.setBytes(PooledByteBuf.java:259)
	at io.netty.buffer.AbstractByteBuf.writeBytes(AbstractByteBuf.java:1132)
	at io.netty.channel.socket.nio.NioSocketChannel.doReadBytes(NioSocketChannel.java:357)
	at io.netty.channel.nio.AbstractNioByteChannel$NioByteUnsafe.read(AbstractNioByteChannel.java:151)
	at io.netty.channel.nio.NioEventLoop.processSelectedKey(NioEventLoop.java:788)
	at io.netty.channel.nio.NioEventLoop.processSelectedKeysOptimized(NioEventLoop.java:724)
	at io.netty.channel.nio.NioEventLoop.processSelectedKeys(NioEventLoop.java:650)
	at io.netty.channel.nio.NioEventLoop.run(NioEventLoop.java:562)
	at io.netty.util.concurrent.SingleThreadEventExecutor$4.run(SingleThreadEventExecutor.java:997)
	at io.netty.util.internal.ThreadExecutorMap$2.run(ThreadExecutorMap.java:74)
	at io.netty.util.concurrent.FastThreadLocalRunnable.run(FastThreadLocalRunnable.java:30)
	at java.base/java.lang.Thread.run(Thread.java:1589)
20:55:09.323 [AsyncHttpClient-1-15] DEBUG org.asynchttpclient.netty.channel.ChannelManager - Closing Channel [id: 0x81f6e590, L:/127.0.0.1:60429 - R:localhost/127.0.0.1:60423] 
20:55:09.323 [AsyncHttpClient-1-15] DEBUG org.asynchttpclient.netty.handler.HttpHandler - Channel Closed: [id: 0x81f6e590, L:/127.0.0.1:60429 ! R:localhost/127.0.0.1:60423] with attribute DISCARD
20:55:09.346 [AsyncHttpClient-1-14] DEBUG org.asynchttpclient.netty.handler.HttpHandler - 

Request DefaultFullHttpRequest(decodeResult: success, version: HTTP/1.1, content: EmptyByteBufBE)
DELETE /session/bee4abebf1feaded52c5b182a58219bb HTTP/1.1
User-Agent: selenium/4.8.1 (java windows)
Content-Type: application/json; charset=utf-8
host: localhost:34313
accept: */*

Response DefaultHttpResponse(decodeResult: success, version: HTTP/1.1)
HTTP/1.1 200 OK
Content-Length: 14
Content-Type: application/json; charset=utf-8
cache-control: no-cache

20:55:09.346 [AsyncHttpClient-1-14] DEBUG org.asynchttpclient.netty.channel.ChannelManager - Adding key: http://localhost:34313 for channel [id: 0xc9f610c8, L:/127.0.0.1:60421 - R:localhost/127.0.0.1:34313]
20:55:09.412 [AsyncHttpClient-1-14] DEBUG org.asynchttpclient.netty.handler.HttpHandler - Channel Closed: [id: 0xc9f610c8, L:/127.0.0.1:60421 ! R:localhost/127.0.0.1:34313] with attribute DISCARD
20:55:09.485 [main] INFO  - 
  _____   ___   ___   _____     ___     _     ___   ___   ___   ___  
 |_   _| | __| / __| |_   _|   | _ \   /_\   / __| / __| | __| |   \ 
   | |   | _|  \__ \   | |     |  _/  / _ \  \__ \ \__ \ | _|  | |) |
   |_|   |___| |___/   |_|     |_|   /_/ \_\ |___/ |___/ |___| |___/ 

As a user i can select product on homepage
----------------------------------------------------------------------
]]></system-out>
    <system-err><![CDATA[Starting ChromeDriver 111.0.5563.64 (c710e93d5b63b7095afe8c2c17df34408078439d-refs/branch-heads/5563@{#995}) on port 34313
Only local connections are allowed.
Please see https://chromedriver.chromium.org/security-considerations for suggestions on keeping ChromeDriver safe.
ChromeDriver was started successfully.
Apr 04, 2023 8:55:02 PM org.openqa.selenium.devtools.CdpVersionFinder findNearestMatch
WARNING: Unable to find an exact match for CDP version 111, so returning the closest version found: 110
]]></system-err>
  </testcase>
  <testcase name="As a user i can select product on homepage #2" classname="product" time="8.017">
    <system-out><![CDATA[
@product
Scenario Outline: As a user i can select product on homepage         &amp#27;[90m# src/test/resources/features/Product.feature:11&amp#27;[0m
20:55:09.490 [main] DEBUG io.cucumber.core.plugin.SerenityReporter - Running feature from file:///C:/Users/TrisetioPutra/Documents/serenity_sauce/serenity-sepulsa/src/test/resources/features/Product.feature
20:55:09.561 [main] INFO net.serenitybdd.core.webdriver.driverproviders.ChromeDriverProvider - Starting Chrome driver instance with capabilities:
20:55:09.561 [main] INFO net.serenitybdd.core.webdriver.driverproviders.ChromeDriverProvider - Capabilities {acceptInsecureCerts: true, browserName: chrome, goog:chromeOptions: {args: [remote-allow-origins=*, test-type, no-sandbox, ignore-certificate-errors, --window-size=1000,800, incognito, disable-infobars, disable-gpu, disable-default-apps, disable-popup-blocking, remote-allow-origins=*, test-type, no-sandbox, ignore-certificate-errors, --window-size=1000,800, incognito, disable-infobars, disable-gpu, disable-default-apps, disable-popup-blocking, remote-allow-origins=*], extensions: []}}
20:55:09.646 [AsyncHttpClient-1-17] DEBUG org.asynchttpclient.netty.channel.NettyConnectListener - Using new Channel '[id: 0x6626780f, L:/127.0.0.1:60462 - R:localhost/127.0.0.1:12984]' for 'POST' to '/session'
20:55:09.968 [AsyncHttpClient-1-1] DEBUG org.asynchttpclient.netty.channel.DefaultChannelPool - Entry count for : http://localhost:60423 : 1
20:55:09.968 [AsyncHttpClient-1-1] DEBUG org.asynchttpclient.netty.channel.DefaultChannelPool - Entry count for : http://localhost:34313 : 1
20:55:09.968 [AsyncHttpClient-1-1] DEBUG org.asynchttpclient.netty.channel.DefaultChannelPool - Adding Candidate expired Channel [id: 0x81f6e590, L:/127.0.0.1:60429 ! R:localhost/127.0.0.1:60423] isIdleTimeoutExpired=false isRemotelyClosed=true isTtlExpired=false
20:55:09.968 [AsyncHttpClient-1-1] DEBUG org.asynchttpclient.netty.channel.DefaultChannelPool - Closing Idle Channel [id: 0x81f6e590, L:/127.0.0.1:60429 ! R:localhost/127.0.0.1:60423]
20:55:09.968 [AsyncHttpClient-1-1] DEBUG org.asynchttpclient.netty.channel.DefaultChannelPool - Adding Candidate expired Channel [id: 0xc9f610c8, L:/127.0.0.1:60421 ! R:localhost/127.0.0.1:34313] isIdleTimeoutExpired=false isRemotelyClosed=true isTtlExpired=false
20:55:09.968 [AsyncHttpClient-1-1] DEBUG org.asynchttpclient.netty.channel.DefaultChannelPool - Closing Idle Channel [id: 0xc9f610c8, L:/127.0.0.1:60421 ! R:localhost/127.0.0.1:34313]
20:55:09.968 [AsyncHttpClient-1-1] DEBUG org.asynchttpclient.netty.channel.DefaultChannelPool - Closed 2 connections out of 2 in 0 ms
20:55:10.312 [AsyncHttpClient-1-17] DEBUG org.asynchttpclient.netty.handler.HttpHandler - 

Request DefaultHttpRequest(decodeResult: success, version: HTTP/1.1)
POST /session HTTP/1.1
User-Agent: selenium/4.8.1 (java windows)
Content-Length: 1729
Content-Type: application/json; charset=utf-8
host: localhost:12984
accept: */*

Response DefaultHttpResponse(decodeResult: success, version: HTTP/1.1)
HTTP/1.1 200 OK
Content-Length: 861
Content-Type: application/json; charset=utf-8
cache-control: no-cache

20:55:10.312 [AsyncHttpClient-1-17] DEBUG org.asynchttpclient.netty.channel.ChannelManager - Adding key: http://localhost:12984 for channel [id: 0x6626780f, L:/127.0.0.1:60462 - R:localhost/127.0.0.1:12984]
20:55:10.318 [AsyncHttpClient-1-18] DEBUG org.asynchttpclient.netty.channel.NettyConnectListener - Using new Channel '[id: 0x0c9021a3, L:/127.0.0.1:60471 - R:localhost/127.0.0.1:60464]' for 'GET' to '/json/version'
20:55:10.319 [AsyncHttpClient-1-18] DEBUG org.asynchttpclient.netty.handler.HttpHandler - 

Request DefaultFullHttpRequest(decodeResult: success, version: HTTP/1.1, content: EmptyByteBufBE)
GET /json/version HTTP/1.1
User-Agent: selenium/4.8.1 (java windows)
host: localhost:60464
accept: */*

Response DefaultHttpResponse(decodeResult: success, version: HTTP/1.1)
HTTP/1.1 200 OK
Content-Security-Policy: frame-ancestors 'none'
Content-Length: 424
Content-Type: application/json; charset=UTF-8

20:55:10.319 [AsyncHttpClient-1-18] DEBUG org.asynchttpclient.netty.channel.ChannelManager - Adding key: http://localhost:60464 for channel [id: 0x0c9021a3, L:/127.0.0.1:60471 - R:localhost/127.0.0.1:60464]
20:55:10.323 [AsyncHttpClient-1-19] DEBUG org.asynchttpclient.netty.channel.NettyConnectListener - Using new Channel '[id: 0xcfb6244c, L:/127.0.0.1:60472 - R:localhost/127.0.0.1:60464]' for 'GET' to '/devtools/browser/f8dbaa57-bf32-49a0-9540-764f45cee68f'
20:55:10.324 [AsyncHttpClient-1-19] DEBUG org.asynchttpclient.netty.handler.WebSocketHandler - 

Request DefaultFullHttpRequest(decodeResult: success, version: HTTP/1.1, content: EmptyByteBufBE)
GET /devtools/browser/f8dbaa57-bf32-49a0-9540-764f45cee68f HTTP/1.1
upgrade: websocket
connection: upgrade
sec-websocket-key: 8KJEj69+A08tkUgxMDbELw==
sec-websocket-version: 13
origin: http://localhost:60464
host: localhost:60464
accept: */*
user-agent: AHC/2.1

Response DefaultHttpResponse(decodeResult: success, version: HTTP/1.1)
HTTP/1.1 101 WebSocket Protocol Handshake
Upgrade: WebSocket
Connection: Upgrade
Sec-WebSocket-Accept: 9BVhOsZuAnMiin7RKBir/o8t0Ng=

20:55:10.331 [Forwarding get on session 75f3c693838d264373d5f1ef0cef2af6 to remote] DEBUG org.asynchttpclient.netty.request.NettyRequestSender - Using pooled Channel '[id: 0x6626780f, L:/127.0.0.1:60462 - R:localhost/127.0.0.1:12984]' for 'POST' to 'http://localhost:12984/session/75f3c693838d264373d5f1ef0cef2af6/url'
20:55:10.331 [Forwarding get on session 75f3c693838d264373d5f1ef0cef2af6 to remote] DEBUG org.asynchttpclient.netty.request.NettyRequestSender - Using open Channel [id: 0x6626780f, L:/127.0.0.1:60462 - R:localhost/127.0.0.1:12984] for POST '/session/75f3c693838d264373d5f1ef0cef2af6/url'
20:55:11.075 [AsyncHttpClient-1-1] DEBUG org.asynchttpclient.netty.channel.DefaultChannelPool - Entry count for : http://localhost:60464 : 1
20:55:11.338 [AsyncHttpClient-1-17] DEBUG org.asynchttpclient.netty.handler.HttpHandler - 

Request DefaultHttpRequest(decodeResult: success, version: HTTP/1.1)
POST /session/75f3c693838d264373d5f1ef0cef2af6/url HTTP/1.1
User-Agent: selenium/4.8.1 (java windows)
Content-Length: 54
Content-Type: application/json; charset=utf-8
host: localhost:12984
accept: */*

Response DefaultHttpResponse(decodeResult: success, version: HTTP/1.1)
HTTP/1.1 200 OK
Content-Length: 14
Content-Type: application/json; charset=utf-8
cache-control: no-cache

20:55:11.338 [AsyncHttpClient-1-17] DEBUG org.asynchttpclient.netty.channel.ChannelManager - Adding key: http://localhost:12984 for channel [id: 0x6626780f, L:/127.0.0.1:60462 - R:localhost/127.0.0.1:12984]
20:55:11.340 [Forwarding setTimeout on session 75f3c693838d264373d5f1ef0cef2af6 to remote] DEBUG org.asynchttpclient.netty.request.NettyRequestSender - Using pooled Channel '[id: 0x6626780f, L:/127.0.0.1:60462 - R:localhost/127.0.0.1:12984]' for 'POST' to 'http://localhost:12984/session/75f3c693838d264373d5f1ef0cef2af6/timeouts'
20:55:11.340 [Forwarding setTimeout on session 75f3c693838d264373d5f1ef0cef2af6 to remote] DEBUG org.asynchttpclient.netty.request.NettyRequestSender - Using open Channel [id: 0x6626780f, L:/127.0.0.1:60462 - R:localhost/127.0.0.1:12984] for POST '/session/75f3c693838d264373d5f1ef0cef2af6/timeouts'
20:55:11.341 [AsyncHttpClient-1-17] DEBUG org.asynchttpclient.netty.handler.HttpHandler - 

Request DefaultHttpRequest(decodeResult: success, version: HTTP/1.1)
POST /session/75f3c693838d264373d5f1ef0cef2af6/timeouts HTTP/1.1
User-Agent: selenium/4.8.1 (java windows)
Content-Length: 22
Content-Type: application/json; charset=utf-8
host: localhost:12984
accept: */*

Response DefaultHttpResponse(decodeResult: success, version: HTTP/1.1)
HTTP/1.1 200 OK
Content-Length: 14
Content-Type: application/json; charset=utf-8
cache-control: no-cache

20:55:11.341 [AsyncHttpClient-1-17] DEBUG org.asynchttpclient.netty.channel.ChannelManager - Adding key: http://localhost:12984 for channel [id: 0x6626780f, L:/127.0.0.1:60462 - R:localhost/127.0.0.1:12984]
20:55:11.352 [Forwarding getAlertText on session 75f3c693838d264373d5f1ef0cef2af6 to remote] DEBUG org.asynchttpclient.netty.request.NettyRequestSender - Using pooled Channel '[id: 0x6626780f, L:/127.0.0.1:60462 - R:localhost/127.0.0.1:12984]' for 'GET' to 'http://localhost:12984/session/75f3c693838d264373d5f1ef0cef2af6/alert/text'
20:55:11.352 [Forwarding getAlertText on session 75f3c693838d264373d5f1ef0cef2af6 to remote] DEBUG org.asynchttpclient.netty.request.NettyRequestSender - Using open Channel [id: 0x6626780f, L:/127.0.0.1:60462 - R:localhost/127.0.0.1:12984] for GET '/session/75f3c693838d264373d5f1ef0cef2af6/alert/text'
20:55:11.401 [AsyncHttpClient-1-17] DEBUG org.asynchttpclient.netty.handler.HttpHandler - 

Request DefaultFullHttpRequest(decodeResult: success, version: HTTP/1.1, content: EmptyByteBufBE)
GET /session/75f3c693838d264373d5f1ef0cef2af6/alert/text HTTP/1.1
User-Agent: selenium/4.8.1 (java windows)
Cache-Control: no-cache
Content-Type: application/json; charset=utf-8
host: localhost:12984
accept: */*

Response DefaultHttpResponse(decodeResult: success, version: HTTP/1.1)
HTTP/1.1 404 Not Found
Content-Length: 816
Content-Type: application/json; charset=utf-8
cache-control: no-cache

20:55:11.401 [AsyncHttpClient-1-17] DEBUG org.asynchttpclient.netty.channel.ChannelManager - Adding key: http://localhost:12984 for channel [id: 0x6626780f, L:/127.0.0.1:60462 - R:localhost/127.0.0.1:12984]
20:55:11.404 [Forwarding getCurrentUrl on session 75f3c693838d264373d5f1ef0cef2af6 to remote] DEBUG org.asynchttpclient.netty.request.NettyRequestSender - Using pooled Channel '[id: 0x6626780f, L:/127.0.0.1:60462 - R:localhost/127.0.0.1:12984]' for 'GET' to 'http://localhost:12984/session/75f3c693838d264373d5f1ef0cef2af6/url'
20:55:11.404 [Forwarding getCurrentUrl on session 75f3c693838d264373d5f1ef0cef2af6 to remote] DEBUG org.asynchttpclient.netty.request.NettyRequestSender - Using open Channel [id: 0x6626780f, L:/127.0.0.1:60462 - R:localhost/127.0.0.1:12984] for GET '/session/75f3c693838d264373d5f1ef0cef2af6/url'
20:55:11.416 [AsyncHttpClient-1-17] DEBUG org.asynchttpclient.netty.handler.HttpHandler - 

Request DefaultFullHttpRequest(decodeResult: success, version: HTTP/1.1, content: EmptyByteBufBE)
GET /session/75f3c693838d264373d5f1ef0cef2af6/url HTTP/1.1
User-Agent: selenium/4.8.1 (java windows)
Cache-Control: no-cache
Content-Type: application/json; charset=utf-8
host: localhost:12984
accept: */*

Response DefaultHttpResponse(decodeResult: success, version: HTTP/1.1)
HTTP/1.1 200 OK
Content-Length: 36
Content-Type: application/json; charset=utf-8
cache-control: no-cache

20:55:11.416 [AsyncHttpClient-1-17] DEBUG org.asynchttpclient.netty.channel.ChannelManager - Adding key: http://localhost:12984 for channel [id: 0x6626780f, L:/127.0.0.1:60462 - R:localhost/127.0.0.1:12984]
20:55:11.417 [Forwarding screenshot on session 75f3c693838d264373d5f1ef0cef2af6 to remote] DEBUG org.asynchttpclient.netty.request.NettyRequestSender - Using pooled Channel '[id: 0x6626780f, L:/127.0.0.1:60462 - R:localhost/127.0.0.1:12984]' for 'GET' to 'http://localhost:12984/session/75f3c693838d264373d5f1ef0cef2af6/screenshot'
20:55:11.418 [Forwarding screenshot on session 75f3c693838d264373d5f1ef0cef2af6 to remote] DEBUG org.asynchttpclient.netty.request.NettyRequestSender - Using open Channel [id: 0x6626780f, L:/127.0.0.1:60462 - R:localhost/127.0.0.1:12984] for GET '/session/75f3c693838d264373d5f1ef0cef2af6/screenshot'
20:55:11.730 [AsyncHttpClient-1-17] DEBUG org.asynchttpclient.netty.handler.HttpHandler - 

Request DefaultFullHttpRequest(decodeResult: success, version: HTTP/1.1, content: EmptyByteBufBE)
GET /session/75f3c693838d264373d5f1ef0cef2af6/screenshot HTTP/1.1
User-Agent: selenium/4.8.1 (java windows)
Cache-Control: no-cache
Content-Type: application/json; charset=utf-8
host: localhost:12984
accept: */*

Response DefaultHttpResponse(decodeResult: success, version: HTTP/1.1)
HTTP/1.1 200 OK
Content-Length: 270748
Content-Type: application/json; charset=utf-8
cache-control: no-cache

20:55:11.730 [AsyncHttpClient-1-17] DEBUG org.asynchttpclient.netty.channel.ChannelManager - Adding key: http://localhost:12984 for channel [id: 0x6626780f, L:/127.0.0.1:60462 - R:localhost/127.0.0.1:12984]
20:55:11.735 [main] DEBUG net.serenitybdd.core.photography.Darkroom - Send negative for processing for target\site\serenity\f576bb7371314d145b78fe7897883d072f042bddebc73a94ba732ec81a4768f2.png
20:55:11.736 [Forwarding getPageSource on session 75f3c693838d264373d5f1ef0cef2af6 to remote] DEBUG org.asynchttpclient.netty.request.NettyRequestSender - Using pooled Channel '[id: 0x6626780f, L:/127.0.0.1:60462 - R:localhost/127.0.0.1:12984]' for 'POST' to 'http://localhost:12984/session/75f3c693838d264373d5f1ef0cef2af6/execute/sync'
20:55:11.736 [Forwarding getPageSource on session 75f3c693838d264373d5f1ef0cef2af6 to remote] DEBUG org.asynchttpclient.netty.request.NettyRequestSender - Using open Channel [id: 0x6626780f, L:/127.0.0.1:60462 - R:localhost/127.0.0.1:12984] for POST '/session/75f3c693838d264373d5f1ef0cef2af6/execute/sync'
20:55:11.755 [AsyncHttpClient-1-17] DEBUG org.asynchttpclient.netty.handler.HttpHandler - 

Request DefaultHttpRequest(decodeResult: success, version: HTTP/1.1)
POST /session/75f3c693838d264373d5f1ef0cef2af6/execute/sync HTTP/1.1
User-Agent: selenium/4.8.1 (java windows)
Content-Length: 176
Content-Type: application/json; charset=utf-8
host: localhost:12984
accept: */*

Response DefaultHttpResponse(decodeResult: success, version: HTTP/1.1)
HTTP/1.1 200 OK
Content-Length: 182088
Content-Type: application/json; charset=utf-8
cache-control: no-cache

20:55:11.756 [AsyncHttpClient-1-17] DEBUG org.asynchttpclient.netty.channel.ChannelManager - Adding key: http://localhost:12984 for channel [id: 0x6626780f, L:/127.0.0.1:60462 - R:localhost/127.0.0.1:12984]
20:55:11.769 [Forwarding getCurrentUrl on session 75f3c693838d264373d5f1ef0cef2af6 to remote] DEBUG org.asynchttpclient.netty.request.NettyRequestSender - Using pooled Channel '[id: 0x6626780f, L:/127.0.0.1:60462 - R:localhost/127.0.0.1:12984]' for 'GET' to 'http://localhost:12984/session/75f3c693838d264373d5f1ef0cef2af6/url'
20:55:11.769 [Forwarding getCurrentUrl on session 75f3c693838d264373d5f1ef0cef2af6 to remote] DEBUG org.asynchttpclient.netty.request.NettyRequestSender - Using open Channel [id: 0x6626780f, L:/127.0.0.1:60462 - R:localhost/127.0.0.1:12984] for GET '/session/75f3c693838d264373d5f1ef0cef2af6/url'
20:55:11.772 [AsyncHttpClient-1-17] DEBUG org.asynchttpclient.netty.handler.HttpHandler - 

Request DefaultFullHttpRequest(decodeResult: success, version: HTTP/1.1, content: EmptyByteBufBE)
GET /session/75f3c693838d264373d5f1ef0cef2af6/url HTTP/1.1
User-Agent: selenium/4.8.1 (java windows)
Cache-Control: no-cache
Content-Type: application/json; charset=utf-8
host: localhost:12984
accept: */*

Response DefaultHttpResponse(decodeResult: success, version: HTTP/1.1)
HTTP/1.1 200 OK
Content-Length: 36
Content-Type: application/json; charset=utf-8
cache-control: no-cache

20:55:11.773 [AsyncHttpClient-1-17] DEBUG org.asynchttpclient.netty.channel.ChannelManager - Adding key: http://localhost:12984 for channel [id: 0x6626780f, L:/127.0.0.1:60462 - R:localhost/127.0.0.1:12984]
20:55:11.776 [main] DEBUG net.thucydides.core.steps.StepInterceptor - STARTING STEP: ProductSteps.i_open_sepulsa_com_homepage - checkHomeButtonExist
20:55:11.779 [Forwarding findElement on session 75f3c693838d264373d5f1ef0cef2af6 to remote] DEBUG org.asynchttpclient.netty.request.NettyRequestSender - Using pooled Channel '[id: 0x6626780f, L:/127.0.0.1:60462 - R:localhost/127.0.0.1:12984]' for 'POST' to 'http://localhost:12984/session/75f3c693838d264373d5f1ef0cef2af6/element'
20:55:11.779 [Forwarding findElement on session 75f3c693838d264373d5f1ef0cef2af6 to remote] DEBUG org.asynchttpclient.netty.request.NettyRequestSender - Using open Channel [id: 0x6626780f, L:/127.0.0.1:60462 - R:localhost/127.0.0.1:12984] for POST '/session/75f3c693838d264373d5f1ef0cef2af6/element'
20:55:11.791 [AsyncHttpClient-1-17] DEBUG org.asynchttpclient.netty.handler.HttpHandler - 

Request DefaultHttpRequest(decodeResult: success, version: HTTP/1.1)
POST /session/75f3c693838d264373d5f1ef0cef2af6/element HTTP/1.1
User-Agent: selenium/4.8.1 (java windows)
Content-Length: 80
Content-Type: application/json; charset=utf-8
host: localhost:12984
accept: */*

Response DefaultHttpResponse(decodeResult: success, version: HTTP/1.1)
HTTP/1.1 200 OK
Content-Length: 88
Content-Type: application/json; charset=utf-8
cache-control: no-cache

20:55:11.791 [AsyncHttpClient-1-17] DEBUG org.asynchttpclient.netty.channel.ChannelManager - Adding key: http://localhost:12984 for channel [id: 0x6626780f, L:/127.0.0.1:60462 - R:localhost/127.0.0.1:12984]
20:55:11.794 [Forwarding isElementDisplayed on session 75f3c693838d264373d5f1ef0cef2af6 to remote] DEBUG org.asynchttpclient.netty.request.NettyRequestSender - Using pooled Channel '[id: 0x6626780f, L:/127.0.0.1:60462 - R:localhost/127.0.0.1:12984]' for 'POST' to 'http://localhost:12984/session/75f3c693838d264373d5f1ef0cef2af6/execute/sync'
20:55:11.795 [Forwarding isElementDisplayed on session 75f3c693838d264373d5f1ef0cef2af6 to remote] DEBUG org.asynchttpclient.netty.request.NettyRequestSender - Using open Channel [id: 0x6626780f, L:/127.0.0.1:60462 - R:localhost/127.0.0.1:12984] for POST '/session/75f3c693838d264373d5f1ef0cef2af6/execute/sync'
20:55:11.809 [AsyncHttpClient-1-17] DEBUG org.asynchttpclient.netty.handler.HttpHandler - 

Request DefaultHttpRequest(decodeResult: success, version: HTTP/1.1)
POST /session/75f3c693838d264373d5f1ef0cef2af6/execute/sync HTTP/1.1
User-Agent: selenium/4.8.1 (java windows)
Content-Length: 48807
Content-Type: application/json; charset=utf-8
host: localhost:12984
accept: */*

Response DefaultHttpResponse(decodeResult: success, version: HTTP/1.1)
HTTP/1.1 200 OK
Content-Length: 14
Content-Type: application/json; charset=utf-8
cache-control: no-cache

20:55:11.809 [AsyncHttpClient-1-17] DEBUG org.asynchttpclient.netty.channel.ChannelManager - Adding key: http://localhost:12984 for channel [id: 0x6626780f, L:/127.0.0.1:60462 - R:localhost/127.0.0.1:12984]
20:55:11.814 [Forwarding getAlertText on session 75f3c693838d264373d5f1ef0cef2af6 to remote] DEBUG org.asynchttpclient.netty.request.NettyRequestSender - Using pooled Channel '[id: 0x6626780f, L:/127.0.0.1:60462 - R:localhost/127.0.0.1:12984]' for 'GET' to 'http://localhost:12984/session/75f3c693838d264373d5f1ef0cef2af6/alert/text'
20:55:11.814 [Forwarding getAlertText on session 75f3c693838d264373d5f1ef0cef2af6 to remote] DEBUG org.asynchttpclient.netty.request.NettyRequestSender - Using open Channel [id: 0x6626780f, L:/127.0.0.1:60462 - R:localhost/127.0.0.1:12984] for GET '/session/75f3c693838d264373d5f1ef0cef2af6/alert/text'
20:55:11.816 [AsyncHttpClient-1-17] DEBUG org.asynchttpclient.netty.handler.HttpHandler - 

Request DefaultFullHttpRequest(decodeResult: success, version: HTTP/1.1, content: EmptyByteBufBE)
GET /session/75f3c693838d264373d5f1ef0cef2af6/alert/text HTTP/1.1
User-Agent: selenium/4.8.1 (java windows)
Cache-Control: no-cache
Content-Type: application/json; charset=utf-8
host: localhost:12984
accept: */*

Response DefaultHttpResponse(decodeResult: success, version: HTTP/1.1)
HTTP/1.1 404 Not Found
Content-Length: 816
Content-Type: application/json; charset=utf-8
cache-control: no-cache

20:55:11.816 [AsyncHttpClient-1-17] DEBUG org.asynchttpclient.netty.channel.ChannelManager - Adding key: http://localhost:12984 for channel [id: 0x6626780f, L:/127.0.0.1:60462 - R:localhost/127.0.0.1:12984]
20:55:11.817 [Forwarding getCurrentUrl on session 75f3c693838d264373d5f1ef0cef2af6 to remote] DEBUG org.asynchttpclient.netty.request.NettyRequestSender - Using pooled Channel '[id: 0x6626780f, L:/127.0.0.1:60462 - R:localhost/127.0.0.1:12984]' for 'GET' to 'http://localhost:12984/session/75f3c693838d264373d5f1ef0cef2af6/url'
20:55:11.817 [Forwarding getCurrentUrl on session 75f3c693838d264373d5f1ef0cef2af6 to remote] DEBUG org.asynchttpclient.netty.request.NettyRequestSender - Using open Channel [id: 0x6626780f, L:/127.0.0.1:60462 - R:localhost/127.0.0.1:12984] for GET '/session/75f3c693838d264373d5f1ef0cef2af6/url'
20:55:11.820 [AsyncHttpClient-1-17] DEBUG org.asynchttpclient.netty.handler.HttpHandler - 

Request DefaultFullHttpRequest(decodeResult: success, version: HTTP/1.1, content: EmptyByteBufBE)
GET /session/75f3c693838d264373d5f1ef0cef2af6/url HTTP/1.1
User-Agent: selenium/4.8.1 (java windows)
Cache-Control: no-cache
Content-Type: application/json; charset=utf-8
host: localhost:12984
accept: */*

Response DefaultHttpResponse(decodeResult: success, version: HTTP/1.1)
HTTP/1.1 200 OK
Content-Length: 36
Content-Type: application/json; charset=utf-8
cache-control: no-cache

20:55:11.821 [AsyncHttpClient-1-17] DEBUG org.asynchttpclient.netty.channel.ChannelManager - Adding key: http://localhost:12984 for channel [id: 0x6626780f, L:/127.0.0.1:60462 - R:localhost/127.0.0.1:12984]
20:55:11.821 [Forwarding screenshot on session 75f3c693838d264373d5f1ef0cef2af6 to remote] DEBUG org.asynchttpclient.netty.request.NettyRequestSender - Using pooled Channel '[id: 0x6626780f, L:/127.0.0.1:60462 - R:localhost/127.0.0.1:12984]' for 'GET' to 'http://localhost:12984/session/75f3c693838d264373d5f1ef0cef2af6/screenshot'
20:55:11.821 [Forwarding screenshot on session 75f3c693838d264373d5f1ef0cef2af6 to remote] DEBUG org.asynchttpclient.netty.request.NettyRequestSender - Using open Channel [id: 0x6626780f, L:/127.0.0.1:60462 - R:localhost/127.0.0.1:12984] for GET '/session/75f3c693838d264373d5f1ef0cef2af6/screenshot'
20:55:12.121 [AsyncHttpClient-1-17] DEBUG org.asynchttpclient.netty.handler.HttpHandler - 

Request DefaultFullHttpRequest(decodeResult: success, version: HTTP/1.1, content: EmptyByteBufBE)
GET /session/75f3c693838d264373d5f1ef0cef2af6/screenshot HTTP/1.1
User-Agent: selenium/4.8.1 (java windows)
Cache-Control: no-cache
Content-Type: application/json; charset=utf-8
host: localhost:12984
accept: */*

Response DefaultHttpResponse(decodeResult: success, version: HTTP/1.1)
HTTP/1.1 200 OK
Content-Length: 652120
Content-Type: application/json; charset=utf-8
cache-control: no-cache

20:55:12.123 [AsyncHttpClient-1-17] DEBUG org.asynchttpclient.netty.channel.ChannelManager - Adding key: http://localhost:12984 for channel [id: 0x6626780f, L:/127.0.0.1:60462 - R:localhost/127.0.0.1:12984]
20:55:12.134 [main] DEBUG net.serenitybdd.core.photography.Darkroom - Send negative for processing for target\site\serenity\421c4ddb2eaa833954d61109deb094fc5bbe818a1a58a1807822d1c530540cea.png
20:55:12.134 [main] DEBUG net.thucydides.core.steps.StepInterceptor - STEP DONE: checkHomeButtonExist
  &amp#27;[32mGiven &amp#27;[0m&amp#27;[32mI open sepulsa.com homepage&amp#27;[0m                                  &amp#27;[90m# starter.stepDefinitions.ProductSteps.i_open_sepulsa_com_homepage()&amp#27;[0m
20:55:12.142 [Forwarding getPageSource on session 75f3c693838d264373d5f1ef0cef2af6 to remote] DEBUG org.asynchttpclient.netty.request.NettyRequestSender - Using pooled Channel '[id: 0x6626780f, L:/127.0.0.1:60462 - R:localhost/127.0.0.1:12984]' for 'POST' to 'http://localhost:12984/session/75f3c693838d264373d5f1ef0cef2af6/execute/sync'
20:55:12.142 [Forwarding getPageSource on session 75f3c693838d264373d5f1ef0cef2af6 to remote] DEBUG org.asynchttpclient.netty.request.NettyRequestSender - Using open Channel [id: 0x6626780f, L:/127.0.0.1:60462 - R:localhost/127.0.0.1:12984] for POST '/session/75f3c693838d264373d5f1ef0cef2af6/execute/sync'
20:55:12.160 [AsyncHttpClient-1-17] DEBUG org.asynchttpclient.netty.handler.HttpHandler - 

Request DefaultHttpRequest(decodeResult: success, version: HTTP/1.1)
POST /session/75f3c693838d264373d5f1ef0cef2af6/execute/sync HTTP/1.1
User-Agent: selenium/4.8.1 (java windows)
Content-Length: 176
Content-Type: application/json; charset=utf-8
host: localhost:12984
accept: */*

Response DefaultHttpResponse(decodeResult: success, version: HTTP/1.1)
HTTP/1.1 200 OK
Content-Length: 182088
Content-Type: application/json; charset=utf-8
cache-control: no-cache

20:55:12.160 [AsyncHttpClient-1-17] DEBUG org.asynchttpclient.netty.channel.ChannelManager - Adding key: http://localhost:12984 for channel [id: 0x6626780f, L:/127.0.0.1:60462 - R:localhost/127.0.0.1:12984]
20:55:12.169 [AsyncHttpClient-1-1] DEBUG org.asynchttpclient.netty.channel.DefaultChannelPool - Entry count for : http://localhost:60464 : 1
20:55:12.169 [AsyncHttpClient-1-1] DEBUG org.asynchttpclient.netty.channel.DefaultChannelPool - Entry count for : http://localhost:12984 : 1
20:55:12.171 [Forwarding getCurrentUrl on session 75f3c693838d264373d5f1ef0cef2af6 to remote] DEBUG org.asynchttpclient.netty.request.NettyRequestSender - Using pooled Channel '[id: 0x6626780f, L:/127.0.0.1:60462 - R:localhost/127.0.0.1:12984]' for 'GET' to 'http://localhost:12984/session/75f3c693838d264373d5f1ef0cef2af6/url'
20:55:12.172 [Forwarding getCurrentUrl on session 75f3c693838d264373d5f1ef0cef2af6 to remote] DEBUG org.asynchttpclient.netty.request.NettyRequestSender - Using open Channel [id: 0x6626780f, L:/127.0.0.1:60462 - R:localhost/127.0.0.1:12984] for GET '/session/75f3c693838d264373d5f1ef0cef2af6/url'
20:55:12.175 [AsyncHttpClient-1-17] DEBUG org.asynchttpclient.netty.handler.HttpHandler - 

Request DefaultFullHttpRequest(decodeResult: success, version: HTTP/1.1, content: EmptyByteBufBE)
GET /session/75f3c693838d264373d5f1ef0cef2af6/url HTTP/1.1
User-Agent: selenium/4.8.1 (java windows)
Cache-Control: no-cache
Content-Type: application/json; charset=utf-8
host: localhost:12984
accept: */*

Response DefaultHttpResponse(decodeResult: success, version: HTTP/1.1)
HTTP/1.1 200 OK
Content-Length: 36
Content-Type: application/json; charset=utf-8
cache-control: no-cache

20:55:12.176 [AsyncHttpClient-1-17] DEBUG org.asynchttpclient.netty.channel.ChannelManager - Adding key: http://localhost:12984 for channel [id: 0x6626780f, L:/127.0.0.1:60462 - R:localhost/127.0.0.1:12984]
20:55:12.185 [Forwarding getAlertText on session 75f3c693838d264373d5f1ef0cef2af6 to remote] DEBUG org.asynchttpclient.netty.request.NettyRequestSender - Using pooled Channel '[id: 0x6626780f, L:/127.0.0.1:60462 - R:localhost/127.0.0.1:12984]' for 'GET' to 'http://localhost:12984/session/75f3c693838d264373d5f1ef0cef2af6/alert/text'
20:55:12.185 [Forwarding getAlertText on session 75f3c693838d264373d5f1ef0cef2af6 to remote] DEBUG org.asynchttpclient.netty.request.NettyRequestSender - Using open Channel [id: 0x6626780f, L:/127.0.0.1:60462 - R:localhost/127.0.0.1:12984] for GET '/session/75f3c693838d264373d5f1ef0cef2af6/alert/text'
20:55:12.187 [AsyncHttpClient-1-17] DEBUG org.asynchttpclient.netty.handler.HttpHandler - 

Request DefaultFullHttpRequest(decodeResult: success, version: HTTP/1.1, content: EmptyByteBufBE)
GET /session/75f3c693838d264373d5f1ef0cef2af6/alert/text HTTP/1.1
User-Agent: selenium/4.8.1 (java windows)
Cache-Control: no-cache
Content-Type: application/json; charset=utf-8
host: localhost:12984
accept: */*

Response DefaultHttpResponse(decodeResult: success, version: HTTP/1.1)
HTTP/1.1 404 Not Found
Content-Length: 816
Content-Type: application/json; charset=utf-8
cache-control: no-cache

20:55:12.187 [AsyncHttpClient-1-17] DEBUG org.asynchttpclient.netty.channel.ChannelManager - Adding key: http://localhost:12984 for channel [id: 0x6626780f, L:/127.0.0.1:60462 - R:localhost/127.0.0.1:12984]
20:55:12.188 [Forwarding getCurrentUrl on session 75f3c693838d264373d5f1ef0cef2af6 to remote] DEBUG org.asynchttpclient.netty.request.NettyRequestSender - Using pooled Channel '[id: 0x6626780f, L:/127.0.0.1:60462 - R:localhost/127.0.0.1:12984]' for 'GET' to 'http://localhost:12984/session/75f3c693838d264373d5f1ef0cef2af6/url'
20:55:12.188 [Forwarding getCurrentUrl on session 75f3c693838d264373d5f1ef0cef2af6 to remote] DEBUG org.asynchttpclient.netty.request.NettyRequestSender - Using open Channel [id: 0x6626780f, L:/127.0.0.1:60462 - R:localhost/127.0.0.1:12984] for GET '/session/75f3c693838d264373d5f1ef0cef2af6/url'
20:55:12.192 [AsyncHttpClient-1-17] DEBUG org.asynchttpclient.netty.handler.HttpHandler - 

Request DefaultFullHttpRequest(decodeResult: success, version: HTTP/1.1, content: EmptyByteBufBE)
GET /session/75f3c693838d264373d5f1ef0cef2af6/url HTTP/1.1
User-Agent: selenium/4.8.1 (java windows)
Cache-Control: no-cache
Content-Type: application/json; charset=utf-8
host: localhost:12984
accept: */*

Response DefaultHttpResponse(decodeResult: success, version: HTTP/1.1)
HTTP/1.1 200 OK
Content-Length: 36
Content-Type: application/json; charset=utf-8
cache-control: no-cache

20:55:12.192 [AsyncHttpClient-1-17] DEBUG org.asynchttpclient.netty.channel.ChannelManager - Adding key: http://localhost:12984 for channel [id: 0x6626780f, L:/127.0.0.1:60462 - R:localhost/127.0.0.1:12984]
20:55:12.193 [Forwarding screenshot on session 75f3c693838d264373d5f1ef0cef2af6 to remote] DEBUG org.asynchttpclient.netty.request.NettyRequestSender - Using pooled Channel '[id: 0x6626780f, L:/127.0.0.1:60462 - R:localhost/127.0.0.1:12984]' for 'GET' to 'http://localhost:12984/session/75f3c693838d264373d5f1ef0cef2af6/screenshot'
20:55:12.193 [Forwarding screenshot on session 75f3c693838d264373d5f1ef0cef2af6 to remote] DEBUG org.asynchttpclient.netty.request.NettyRequestSender - Using open Channel [id: 0x6626780f, L:/127.0.0.1:60462 - R:localhost/127.0.0.1:12984] for GET '/session/75f3c693838d264373d5f1ef0cef2af6/screenshot'
20:55:12.488 [AsyncHttpClient-1-17] DEBUG org.asynchttpclient.netty.handler.HttpHandler - 

Request DefaultFullHttpRequest(decodeResult: success, version: HTTP/1.1, content: EmptyByteBufBE)
GET /session/75f3c693838d264373d5f1ef0cef2af6/screenshot HTTP/1.1
User-Agent: selenium/4.8.1 (java windows)
Cache-Control: no-cache
Content-Type: application/json; charset=utf-8
host: localhost:12984
accept: */*

Response DefaultHttpResponse(decodeResult: success, version: HTTP/1.1)
HTTP/1.1 200 OK
Content-Length: 652120
Content-Type: application/json; charset=utf-8
cache-control: no-cache

20:55:12.488 [AsyncHttpClient-1-17] DEBUG org.asynchttpclient.netty.channel.ChannelManager - Adding key: http://localhost:12984 for channel [id: 0x6626780f, L:/127.0.0.1:60462 - R:localhost/127.0.0.1:12984]
20:55:12.502 [main] DEBUG net.serenitybdd.core.photography.Darkroom - Send negative for processing for target\site\serenity\421c4ddb2eaa833954d61109deb094fc5bbe818a1a58a1807822d1c530540cea.png
20:55:12.505 [Forwarding getPageSource on session 75f3c693838d264373d5f1ef0cef2af6 to remote] DEBUG org.asynchttpclient.netty.request.NettyRequestSender - Using pooled Channel '[id: 0x6626780f, L:/127.0.0.1:60462 - R:localhost/127.0.0.1:12984]' for 'POST' to 'http://localhost:12984/session/75f3c693838d264373d5f1ef0cef2af6/execute/sync'
20:55:12.505 [Forwarding getPageSource on session 75f3c693838d264373d5f1ef0cef2af6 to remote] DEBUG org.asynchttpclient.netty.request.NettyRequestSender - Using open Channel [id: 0x6626780f, L:/127.0.0.1:60462 - R:localhost/127.0.0.1:12984] for POST '/session/75f3c693838d264373d5f1ef0cef2af6/execute/sync'
20:55:12.524 [AsyncHttpClient-1-17] DEBUG org.asynchttpclient.netty.handler.HttpHandler - 

Request DefaultHttpRequest(decodeResult: success, version: HTTP/1.1)
POST /session/75f3c693838d264373d5f1ef0cef2af6/execute/sync HTTP/1.1
User-Agent: selenium/4.8.1 (java windows)
Content-Length: 176
Content-Type: application/json; charset=utf-8
host: localhost:12984
accept: */*

Response DefaultHttpResponse(decodeResult: success, version: HTTP/1.1)
HTTP/1.1 200 OK
Content-Length: 182088
Content-Type: application/json; charset=utf-8
cache-control: no-cache

20:55:12.525 [AsyncHttpClient-1-17] DEBUG org.asynchttpclient.netty.channel.ChannelManager - Adding key: http://localhost:12984 for channel [id: 0x6626780f, L:/127.0.0.1:60462 - R:localhost/127.0.0.1:12984]
20:55:12.536 [Forwarding getCurrentUrl on session 75f3c693838d264373d5f1ef0cef2af6 to remote] DEBUG org.asynchttpclient.netty.request.NettyRequestSender - Using pooled Channel '[id: 0x6626780f, L:/127.0.0.1:60462 - R:localhost/127.0.0.1:12984]' for 'GET' to 'http://localhost:12984/session/75f3c693838d264373d5f1ef0cef2af6/url'
20:55:12.536 [Forwarding getCurrentUrl on session 75f3c693838d264373d5f1ef0cef2af6 to remote] DEBUG org.asynchttpclient.netty.request.NettyRequestSender - Using open Channel [id: 0x6626780f, L:/127.0.0.1:60462 - R:localhost/127.0.0.1:12984] for GET '/session/75f3c693838d264373d5f1ef0cef2af6/url'
20:55:12.540 [AsyncHttpClient-1-17] DEBUG org.asynchttpclient.netty.handler.HttpHandler - 

Request DefaultFullHttpRequest(decodeResult: success, version: HTTP/1.1, content: EmptyByteBufBE)
GET /session/75f3c693838d264373d5f1ef0cef2af6/url HTTP/1.1
User-Agent: selenium/4.8.1 (java windows)
Cache-Control: no-cache
Content-Type: application/json; charset=utf-8
host: localhost:12984
accept: */*

Response DefaultHttpResponse(decodeResult: success, version: HTTP/1.1)
HTTP/1.1 200 OK
Content-Length: 36
Content-Type: application/json; charset=utf-8
cache-control: no-cache

20:55:12.540 [AsyncHttpClient-1-17] DEBUG org.asynchttpclient.netty.channel.ChannelManager - Adding key: http://localhost:12984 for channel [id: 0x6626780f, L:/127.0.0.1:60462 - R:localhost/127.0.0.1:12984]
20:55:12.543 [main] DEBUG net.thucydides.core.steps.StepInterceptor - STARTING STEP: ProductSteps.i_press_at_product_icon - pressProduct
20:55:12.545 [Forwarding findElement on session 75f3c693838d264373d5f1ef0cef2af6 to remote] DEBUG org.asynchttpclient.netty.request.NettyRequestSender - Using pooled Channel '[id: 0x6626780f, L:/127.0.0.1:60462 - R:localhost/127.0.0.1:12984]' for 'POST' to 'http://localhost:12984/session/75f3c693838d264373d5f1ef0cef2af6/element'
20:55:12.545 [Forwarding findElement on session 75f3c693838d264373d5f1ef0cef2af6 to remote] DEBUG org.asynchttpclient.netty.request.NettyRequestSender - Using open Channel [id: 0x6626780f, L:/127.0.0.1:60462 - R:localhost/127.0.0.1:12984] for POST '/session/75f3c693838d264373d5f1ef0cef2af6/element'
20:55:12.557 [AsyncHttpClient-1-17] DEBUG org.asynchttpclient.netty.handler.HttpHandler - 

Request DefaultHttpRequest(decodeResult: success, version: HTTP/1.1)
POST /session/75f3c693838d264373d5f1ef0cef2af6/element HTTP/1.1
User-Agent: selenium/4.8.1 (java windows)
Content-Length: 73
Content-Type: application/json; charset=utf-8
host: localhost:12984
accept: */*

Response DefaultHttpResponse(decodeResult: success, version: HTTP/1.1)
HTTP/1.1 200 OK
Content-Length: 88
Content-Type: application/json; charset=utf-8
cache-control: no-cache

20:55:12.557 [AsyncHttpClient-1-17] DEBUG org.asynchttpclient.netty.channel.ChannelManager - Adding key: http://localhost:12984 for channel [id: 0x6626780f, L:/127.0.0.1:60462 - R:localhost/127.0.0.1:12984]
20:55:12.558 [Forwarding getElementTagName on session 75f3c693838d264373d5f1ef0cef2af6 to remote] DEBUG org.asynchttpclient.netty.request.NettyRequestSender - Using pooled Channel '[id: 0x6626780f, L:/127.0.0.1:60462 - R:localhost/127.0.0.1:12984]' for 'GET' to 'http://localhost:12984/session/75f3c693838d264373d5f1ef0cef2af6/element/4157b72d-055c-4f20-a0a4-e117da95ba98/name'
20:55:12.558 [Forwarding getElementTagName on session 75f3c693838d264373d5f1ef0cef2af6 to remote] DEBUG org.asynchttpclient.netty.request.NettyRequestSender - Using open Channel [id: 0x6626780f, L:/127.0.0.1:60462 - R:localhost/127.0.0.1:12984] for GET '/session/75f3c693838d264373d5f1ef0cef2af6/element/4157b72d-055c-4f20-a0a4-e117da95ba98/name'
20:55:12.562 [AsyncHttpClient-1-17] DEBUG org.asynchttpclient.netty.handler.HttpHandler - 

Request DefaultFullHttpRequest(decodeResult: success, version: HTTP/1.1, content: EmptyByteBufBE)
GET /session/75f3c693838d264373d5f1ef0cef2af6/element/4157b72d-055c-4f20-a0a4-e117da95ba98/name HTTP/1.1
User-Agent: selenium/4.8.1 (java windows)
Cache-Control: no-cache
Content-Type: application/json; charset=utf-8
host: localhost:12984
accept: */*

Response DefaultHttpResponse(decodeResult: success, version: HTTP/1.1)
HTTP/1.1 200 OK
Content-Length: 13
Content-Type: application/json; charset=utf-8
cache-control: no-cache

20:55:12.562 [AsyncHttpClient-1-17] DEBUG org.asynchttpclient.netty.channel.ChannelManager - Adding key: http://localhost:12984 for channel [id: 0x6626780f, L:/127.0.0.1:60462 - R:localhost/127.0.0.1:12984]
20:55:12.563 [Forwarding getElementTagName on session 75f3c693838d264373d5f1ef0cef2af6 to remote] DEBUG org.asynchttpclient.netty.request.NettyRequestSender - Using pooled Channel '[id: 0x6626780f, L:/127.0.0.1:60462 - R:localhost/127.0.0.1:12984]' for 'GET' to 'http://localhost:12984/session/75f3c693838d264373d5f1ef0cef2af6/element/4157b72d-055c-4f20-a0a4-e117da95ba98/name'
20:55:12.563 [Forwarding getElementTagName on session 75f3c693838d264373d5f1ef0cef2af6 to remote] DEBUG org.asynchttpclient.netty.request.NettyRequestSender - Using open Channel [id: 0x6626780f, L:/127.0.0.1:60462 - R:localhost/127.0.0.1:12984] for GET '/session/75f3c693838d264373d5f1ef0cef2af6/element/4157b72d-055c-4f20-a0a4-e117da95ba98/name'
20:55:12.565 [AsyncHttpClient-1-17] DEBUG org.asynchttpclient.netty.handler.HttpHandler - 

Request DefaultFullHttpRequest(decodeResult: success, version: HTTP/1.1, content: EmptyByteBufBE)
GET /session/75f3c693838d264373d5f1ef0cef2af6/element/4157b72d-055c-4f20-a0a4-e117da95ba98/name HTTP/1.1
User-Agent: selenium/4.8.1 (java windows)
Cache-Control: no-cache
Content-Type: application/json; charset=utf-8
host: localhost:12984
accept: */*

Response DefaultHttpResponse(decodeResult: success, version: HTTP/1.1)
HTTP/1.1 200 OK
Content-Length: 13
Content-Type: application/json; charset=utf-8
cache-control: no-cache

20:55:12.566 [AsyncHttpClient-1-17] DEBUG org.asynchttpclient.netty.channel.ChannelManager - Adding key: http://localhost:12984 for channel [id: 0x6626780f, L:/127.0.0.1:60462 - R:localhost/127.0.0.1:12984]
20:55:12.568 [Forwarding findElement on session 75f3c693838d264373d5f1ef0cef2af6 to remote] DEBUG org.asynchttpclient.netty.request.NettyRequestSender - Using pooled Channel '[id: 0x6626780f, L:/127.0.0.1:60462 - R:localhost/127.0.0.1:12984]' for 'POST' to 'http://localhost:12984/session/75f3c693838d264373d5f1ef0cef2af6/element'
20:55:12.568 [Forwarding findElement on session 75f3c693838d264373d5f1ef0cef2af6 to remote] DEBUG org.asynchttpclient.netty.request.NettyRequestSender - Using open Channel [id: 0x6626780f, L:/127.0.0.1:60462 - R:localhost/127.0.0.1:12984] for POST '/session/75f3c693838d264373d5f1ef0cef2af6/element'
20:55:12.574 [AsyncHttpClient-1-17] DEBUG org.asynchttpclient.netty.handler.HttpHandler - 

Request DefaultHttpRequest(decodeResult: success, version: HTTP/1.1)
POST /session/75f3c693838d264373d5f1ef0cef2af6/element HTTP/1.1
User-Agent: selenium/4.8.1 (java windows)
Content-Length: 73
Content-Type: application/json; charset=utf-8
host: localhost:12984
accept: */*

Response DefaultHttpResponse(decodeResult: success, version: HTTP/1.1)
HTTP/1.1 200 OK
Content-Length: 88
Content-Type: application/json; charset=utf-8
cache-control: no-cache

20:55:12.574 [AsyncHttpClient-1-17] DEBUG org.asynchttpclient.netty.channel.ChannelManager - Adding key: http://localhost:12984 for channel [id: 0x6626780f, L:/127.0.0.1:60462 - R:localhost/127.0.0.1:12984]
20:55:12.575 [Forwarding clickElement on session 75f3c693838d264373d5f1ef0cef2af6 to remote] DEBUG org.asynchttpclient.netty.request.NettyRequestSender - Using pooled Channel '[id: 0x6626780f, L:/127.0.0.1:60462 - R:localhost/127.0.0.1:12984]' for 'POST' to 'http://localhost:12984/session/75f3c693838d264373d5f1ef0cef2af6/element/4157b72d-055c-4f20-a0a4-e117da95ba98/click'
20:55:12.575 [Forwarding clickElement on session 75f3c693838d264373d5f1ef0cef2af6 to remote] DEBUG org.asynchttpclient.netty.request.NettyRequestSender - Using open Channel [id: 0x6626780f, L:/127.0.0.1:60462 - R:localhost/127.0.0.1:12984] for POST '/session/75f3c693838d264373d5f1ef0cef2af6/element/4157b72d-055c-4f20-a0a4-e117da95ba98/click'
20:55:13.269 [AsyncHttpClient-1-1] DEBUG org.asynchttpclient.netty.channel.DefaultChannelPool - Entry count for : http://localhost:60464 : 1
20:55:13.661 [AsyncHttpClient-1-17] DEBUG org.asynchttpclient.netty.handler.HttpHandler - 

Request DefaultHttpRequest(decodeResult: success, version: HTTP/1.1)
POST /session/75f3c693838d264373d5f1ef0cef2af6/element/4157b72d-055c-4f20-a0a4-e117da95ba98/click HTTP/1.1
User-Agent: selenium/4.8.1 (java windows)
Content-Length: 50
Content-Type: application/json; charset=utf-8
host: localhost:12984
accept: */*

Response DefaultHttpResponse(decodeResult: success, version: HTTP/1.1)
HTTP/1.1 400 Bad Request
Content-Length: 1160
Content-Type: application/json; charset=utf-8
cache-control: no-cache

20:55:13.662 [AsyncHttpClient-1-17] DEBUG org.asynchttpclient.netty.channel.ChannelManager - Adding key: http://localhost:12984 for channel [id: 0x6626780f, L:/127.0.0.1:60462 - R:localhost/127.0.0.1:12984]
20:55:13.925 [Forwarding clickElement on session 75f3c693838d264373d5f1ef0cef2af6 to remote] DEBUG org.asynchttpclient.netty.request.NettyRequestSender - Using pooled Channel '[id: 0x6626780f, L:/127.0.0.1:60462 - R:localhost/127.0.0.1:12984]' for 'POST' to 'http://localhost:12984/session/75f3c693838d264373d5f1ef0cef2af6/element/4157b72d-055c-4f20-a0a4-e117da95ba98/click'
20:55:13.925 [Forwarding clickElement on session 75f3c693838d264373d5f1ef0cef2af6 to remote] DEBUG org.asynchttpclient.netty.request.NettyRequestSender - Using open Channel [id: 0x6626780f, L:/127.0.0.1:60462 - R:localhost/127.0.0.1:12984] for POST '/session/75f3c693838d264373d5f1ef0cef2af6/element/4157b72d-055c-4f20-a0a4-e117da95ba98/click'
20:55:14.269 [AsyncHttpClient-1-17] DEBUG org.asynchttpclient.netty.handler.HttpHandler - 

Request DefaultHttpRequest(decodeResult: success, version: HTTP/1.1)
POST /session/75f3c693838d264373d5f1ef0cef2af6/element/4157b72d-055c-4f20-a0a4-e117da95ba98/click HTTP/1.1
User-Agent: selenium/4.8.1 (java windows)
Content-Length: 50
Content-Type: application/json; charset=utf-8
host: localhost:12984
accept: */*

Response DefaultHttpResponse(decodeResult: success, version: HTTP/1.1)
HTTP/1.1 200 OK
Content-Length: 14
Content-Type: application/json; charset=utf-8
cache-control: no-cache

20:55:14.269 [AsyncHttpClient-1-17] DEBUG org.asynchttpclient.netty.channel.ChannelManager - Adding key: http://localhost:12984 for channel [id: 0x6626780f, L:/127.0.0.1:60462 - R:localhost/127.0.0.1:12984]
20:55:14.276 [Forwarding getAlertText on session 75f3c693838d264373d5f1ef0cef2af6 to remote] DEBUG org.asynchttpclient.netty.request.NettyRequestSender - Using pooled Channel '[id: 0x6626780f, L:/127.0.0.1:60462 - R:localhost/127.0.0.1:12984]' for 'GET' to 'http://localhost:12984/session/75f3c693838d264373d5f1ef0cef2af6/alert/text'
20:55:14.276 [Forwarding getAlertText on session 75f3c693838d264373d5f1ef0cef2af6 to remote] DEBUG org.asynchttpclient.netty.request.NettyRequestSender - Using open Channel [id: 0x6626780f, L:/127.0.0.1:60462 - R:localhost/127.0.0.1:12984] for GET '/session/75f3c693838d264373d5f1ef0cef2af6/alert/text'
20:55:14.355 [AsyncHttpClient-1-17] DEBUG org.asynchttpclient.netty.handler.HttpHandler - 

Request DefaultFullHttpRequest(decodeResult: success, version: HTTP/1.1, content: EmptyByteBufBE)
GET /session/75f3c693838d264373d5f1ef0cef2af6/alert/text HTTP/1.1
User-Agent: selenium/4.8.1 (java windows)
Cache-Control: no-cache
Content-Type: application/json; charset=utf-8
host: localhost:12984
accept: */*

Response DefaultHttpResponse(decodeResult: success, version: HTTP/1.1)
HTTP/1.1 404 Not Found
Content-Length: 816
Content-Type: application/json; charset=utf-8
cache-control: no-cache

20:55:14.355 [AsyncHttpClient-1-17] DEBUG org.asynchttpclient.netty.channel.ChannelManager - Adding key: http://localhost:12984 for channel [id: 0x6626780f, L:/127.0.0.1:60462 - R:localhost/127.0.0.1:12984]
20:55:14.357 [Forwarding getCurrentUrl on session 75f3c693838d264373d5f1ef0cef2af6 to remote] DEBUG org.asynchttpclient.netty.request.NettyRequestSender - Using pooled Channel '[id: 0x6626780f, L:/127.0.0.1:60462 - R:localhost/127.0.0.1:12984]' for 'GET' to 'http://localhost:12984/session/75f3c693838d264373d5f1ef0cef2af6/url'
20:55:14.358 [Forwarding getCurrentUrl on session 75f3c693838d264373d5f1ef0cef2af6 to remote] DEBUG org.asynchttpclient.netty.request.NettyRequestSender - Using open Channel [id: 0x6626780f, L:/127.0.0.1:60462 - R:localhost/127.0.0.1:12984] for GET '/session/75f3c693838d264373d5f1ef0cef2af6/url'
20:55:14.371 [AsyncHttpClient-1-1] DEBUG org.asynchttpclient.netty.channel.DefaultChannelPool - Entry count for : http://localhost:60464 : 1
20:55:14.482 [AsyncHttpClient-1-17] DEBUG org.asynchttpclient.netty.handler.HttpHandler - 

Request DefaultFullHttpRequest(decodeResult: success, version: HTTP/1.1, content: EmptyByteBufBE)
GET /session/75f3c693838d264373d5f1ef0cef2af6/url HTTP/1.1
User-Agent: selenium/4.8.1 (java windows)
Cache-Control: no-cache
Content-Type: application/json; charset=utf-8
host: localhost:12984
accept: */*

Response DefaultHttpResponse(decodeResult: success, version: HTTP/1.1)
HTTP/1.1 200 OK
Content-Length: 60
Content-Type: application/json; charset=utf-8
cache-control: no-cache

20:55:14.482 [AsyncHttpClient-1-17] DEBUG org.asynchttpclient.netty.channel.ChannelManager - Adding key: http://localhost:12984 for channel [id: 0x6626780f, L:/127.0.0.1:60462 - R:localhost/127.0.0.1:12984]
20:55:14.483 [Forwarding screenshot on session 75f3c693838d264373d5f1ef0cef2af6 to remote] DEBUG org.asynchttpclient.netty.request.NettyRequestSender - Using pooled Channel '[id: 0x6626780f, L:/127.0.0.1:60462 - R:localhost/127.0.0.1:12984]' for 'GET' to 'http://localhost:12984/session/75f3c693838d264373d5f1ef0cef2af6/screenshot'
20:55:14.484 [Forwarding screenshot on session 75f3c693838d264373d5f1ef0cef2af6 to remote] DEBUG org.asynchttpclient.netty.request.NettyRequestSender - Using open Channel [id: 0x6626780f, L:/127.0.0.1:60462 - R:localhost/127.0.0.1:12984] for GET '/session/75f3c693838d264373d5f1ef0cef2af6/screenshot'
20:55:14.741 [AsyncHttpClient-1-17] DEBUG org.asynchttpclient.netty.handler.HttpHandler - 

Request DefaultFullHttpRequest(decodeResult: success, version: HTTP/1.1, content: EmptyByteBufBE)
GET /session/75f3c693838d264373d5f1ef0cef2af6/screenshot HTTP/1.1
User-Agent: selenium/4.8.1 (java windows)
Cache-Control: no-cache
Content-Type: application/json; charset=utf-8
host: localhost:12984
accept: */*

Response DefaultHttpResponse(decodeResult: success, version: HTTP/1.1)
HTTP/1.1 200 OK
Content-Length: 260372
Content-Type: application/json; charset=utf-8
cache-control: no-cache

20:55:14.742 [AsyncHttpClient-1-17] DEBUG org.asynchttpclient.netty.channel.ChannelManager - Adding key: http://localhost:12984 for channel [id: 0x6626780f, L:/127.0.0.1:60462 - R:localhost/127.0.0.1:12984]
20:55:14.750 [main] DEBUG net.serenitybdd.core.photography.Darkroom - Send negative for processing for target\site\serenity\9500fcb7f3a5b37f680da2b1c4f8c417116cb1adda25c63821368598466a7d90.png
20:55:14.750 [main] DEBUG net.thucydides.core.steps.StepInterceptor - STEP DONE: pressProduct
20:55:14.750 [Darkroom Processing Line] DEBUG net.serenitybdd.core.photography.DarkroomProcessingLine - Processing screenshot image in /var/screenshots/screenshot-14396712268728090256
  &amp#27;[32mWhen &amp#27;[0m&amp#27;[32mI press at &amp#27;[0m&amp#27;[32m&amp#27;[1m"Voucher Game"&amp#27;[0m&amp#27;[32m product icon&amp#27;[0m                        &amp#27;[90m# starter.stepDefinitions.ProductSteps.i_press_at_product_icon(java.lang.String)&amp#27;[0m
20:55:14.750 [Darkroom Processing Line] DEBUG net.serenitybdd.core.photography.DarkroomProcessingLine - Saving screenshot to target\site\serenity\9500fcb7f3a5b37f680da2b1c4f8c417116cb1adda25c63821368598466a7d90.png
20:55:14.760 [Forwarding getPageSource on session 75f3c693838d264373d5f1ef0cef2af6 to remote] DEBUG org.asynchttpclient.netty.request.NettyRequestSender - Using pooled Channel '[id: 0x6626780f, L:/127.0.0.1:60462 - R:localhost/127.0.0.1:12984]' for 'POST' to 'http://localhost:12984/session/75f3c693838d264373d5f1ef0cef2af6/execute/sync'
20:55:14.760 [Forwarding getPageSource on session 75f3c693838d264373d5f1ef0cef2af6 to remote] DEBUG org.asynchttpclient.netty.request.NettyRequestSender - Using open Channel [id: 0x6626780f, L:/127.0.0.1:60462 - R:localhost/127.0.0.1:12984] for POST '/session/75f3c693838d264373d5f1ef0cef2af6/execute/sync'
20:55:14.778 [AsyncHttpClient-1-17] DEBUG org.asynchttpclient.netty.handler.HttpHandler - 

Request DefaultHttpRequest(decodeResult: success, version: HTTP/1.1)
POST /session/75f3c693838d264373d5f1ef0cef2af6/execute/sync HTTP/1.1
User-Agent: selenium/4.8.1 (java windows)
Content-Length: 176
Content-Type: application/json; charset=utf-8
host: localhost:12984
accept: */*

Response DefaultHttpResponse(decodeResult: success, version: HTTP/1.1)
HTTP/1.1 200 OK
Content-Length: 104877
Content-Type: application/json; charset=utf-8
cache-control: no-cache

20:55:14.779 [AsyncHttpClient-1-17] DEBUG org.asynchttpclient.netty.channel.ChannelManager - Adding key: http://localhost:12984 for channel [id: 0x6626780f, L:/127.0.0.1:60462 - R:localhost/127.0.0.1:12984]
20:55:14.786 [Forwarding getCurrentUrl on session 75f3c693838d264373d5f1ef0cef2af6 to remote] DEBUG org.asynchttpclient.netty.request.NettyRequestSender - Using pooled Channel '[id: 0x6626780f, L:/127.0.0.1:60462 - R:localhost/127.0.0.1:12984]' for 'GET' to 'http://localhost:12984/session/75f3c693838d264373d5f1ef0cef2af6/url'
20:55:14.786 [Forwarding getCurrentUrl on session 75f3c693838d264373d5f1ef0cef2af6 to remote] DEBUG org.asynchttpclient.netty.request.NettyRequestSender - Using open Channel [id: 0x6626780f, L:/127.0.0.1:60462 - R:localhost/127.0.0.1:12984] for GET '/session/75f3c693838d264373d5f1ef0cef2af6/url'
20:55:14.792 [AsyncHttpClient-1-17] DEBUG org.asynchttpclient.netty.handler.HttpHandler - 

Request DefaultFullHttpRequest(decodeResult: success, version: HTTP/1.1, content: EmptyByteBufBE)
GET /session/75f3c693838d264373d5f1ef0cef2af6/url HTTP/1.1
User-Agent: selenium/4.8.1 (java windows)
Cache-Control: no-cache
Content-Type: application/json; charset=utf-8
host: localhost:12984
accept: */*

Response DefaultHttpResponse(decodeResult: success, version: HTTP/1.1)
HTTP/1.1 200 OK
Content-Length: 60
Content-Type: application/json; charset=utf-8
cache-control: no-cache

20:55:14.792 [AsyncHttpClient-1-17] DEBUG org.asynchttpclient.netty.channel.ChannelManager - Adding key: http://localhost:12984 for channel [id: 0x6626780f, L:/127.0.0.1:60462 - R:localhost/127.0.0.1:12984]
20:55:14.805 [Forwarding getAlertText on session 75f3c693838d264373d5f1ef0cef2af6 to remote] DEBUG org.asynchttpclient.netty.request.NettyRequestSender - Using pooled Channel '[id: 0x6626780f, L:/127.0.0.1:60462 - R:localhost/127.0.0.1:12984]' for 'GET' to 'http://localhost:12984/session/75f3c693838d264373d5f1ef0cef2af6/alert/text'
20:55:14.805 [Forwarding getAlertText on session 75f3c693838d264373d5f1ef0cef2af6 to remote] DEBUG org.asynchttpclient.netty.request.NettyRequestSender - Using open Channel [id: 0x6626780f, L:/127.0.0.1:60462 - R:localhost/127.0.0.1:12984] for GET '/session/75f3c693838d264373d5f1ef0cef2af6/alert/text'
20:55:14.806 [AsyncHttpClient-1-17] DEBUG org.asynchttpclient.netty.handler.HttpHandler - 

Request DefaultFullHttpRequest(decodeResult: success, version: HTTP/1.1, content: EmptyByteBufBE)
GET /session/75f3c693838d264373d5f1ef0cef2af6/alert/text HTTP/1.1
User-Agent: selenium/4.8.1 (java windows)
Cache-Control: no-cache
Content-Type: application/json; charset=utf-8
host: localhost:12984
accept: */*

Response DefaultHttpResponse(decodeResult: success, version: HTTP/1.1)
HTTP/1.1 404 Not Found
Content-Length: 816
Content-Type: application/json; charset=utf-8
cache-control: no-cache

20:55:14.807 [AsyncHttpClient-1-17] DEBUG org.asynchttpclient.netty.channel.ChannelManager - Adding key: http://localhost:12984 for channel [id: 0x6626780f, L:/127.0.0.1:60462 - R:localhost/127.0.0.1:12984]
20:55:14.808 [Forwarding getCurrentUrl on session 75f3c693838d264373d5f1ef0cef2af6 to remote] DEBUG org.asynchttpclient.netty.request.NettyRequestSender - Using pooled Channel '[id: 0x6626780f, L:/127.0.0.1:60462 - R:localhost/127.0.0.1:12984]' for 'GET' to 'http://localhost:12984/session/75f3c693838d264373d5f1ef0cef2af6/url'
20:55:14.808 [Forwarding getCurrentUrl on session 75f3c693838d264373d5f1ef0cef2af6 to remote] DEBUG org.asynchttpclient.netty.request.NettyRequestSender - Using open Channel [id: 0x6626780f, L:/127.0.0.1:60462 - R:localhost/127.0.0.1:12984] for GET '/session/75f3c693838d264373d5f1ef0cef2af6/url'
20:55:14.812 [AsyncHttpClient-1-17] DEBUG org.asynchttpclient.netty.handler.HttpHandler - 

Request DefaultFullHttpRequest(decodeResult: success, version: HTTP/1.1, content: EmptyByteBufBE)
GET /session/75f3c693838d264373d5f1ef0cef2af6/url HTTP/1.1
User-Agent: selenium/4.8.1 (java windows)
Cache-Control: no-cache
Content-Type: application/json; charset=utf-8
host: localhost:12984
accept: */*

Response DefaultHttpResponse(decodeResult: success, version: HTTP/1.1)
HTTP/1.1 200 OK
Content-Length: 60
Content-Type: application/json; charset=utf-8
cache-control: no-cache

20:55:14.812 [AsyncHttpClient-1-17] DEBUG org.asynchttpclient.netty.channel.ChannelManager - Adding key: http://localhost:12984 for channel [id: 0x6626780f, L:/127.0.0.1:60462 - R:localhost/127.0.0.1:12984]
20:55:14.813 [Forwarding screenshot on session 75f3c693838d264373d5f1ef0cef2af6 to remote] DEBUG org.asynchttpclient.netty.request.NettyRequestSender - Using pooled Channel '[id: 0x6626780f, L:/127.0.0.1:60462 - R:localhost/127.0.0.1:12984]' for 'GET' to 'http://localhost:12984/session/75f3c693838d264373d5f1ef0cef2af6/screenshot'
20:55:14.813 [Forwarding screenshot on session 75f3c693838d264373d5f1ef0cef2af6 to remote] DEBUG org.asynchttpclient.netty.request.NettyRequestSender - Using open Channel [id: 0x6626780f, L:/127.0.0.1:60462 - R:localhost/127.0.0.1:12984] for GET '/session/75f3c693838d264373d5f1ef0cef2af6/screenshot'
20:55:15.009 [AsyncHttpClient-1-17] DEBUG org.asynchttpclient.netty.handler.HttpHandler - 

Request DefaultFullHttpRequest(decodeResult: success, version: HTTP/1.1, content: EmptyByteBufBE)
GET /session/75f3c693838d264373d5f1ef0cef2af6/screenshot HTTP/1.1
User-Agent: selenium/4.8.1 (java windows)
Cache-Control: no-cache
Content-Type: application/json; charset=utf-8
host: localhost:12984
accept: */*

Response DefaultHttpResponse(decodeResult: success, version: HTTP/1.1)
HTTP/1.1 200 OK
Content-Length: 326896
Content-Type: application/json; charset=utf-8
cache-control: no-cache

20:55:15.010 [AsyncHttpClient-1-17] DEBUG org.asynchttpclient.netty.channel.ChannelManager - Adding key: http://localhost:12984 for channel [id: 0x6626780f, L:/127.0.0.1:60462 - R:localhost/127.0.0.1:12984]
20:55:15.017 [main] DEBUG net.serenitybdd.core.photography.Darkroom - Send negative for processing for target\site\serenity\93e4e5cf3dd86b9e9b867d2cd22df78c8978ff6e9313aafc44af8fe637322209.png
20:55:15.018 [Darkroom Processing Line] DEBUG net.serenitybdd.core.photography.DarkroomProcessingLine - Processing screenshot image in /var/screenshots/screenshot-16374605447366939047
20:55:15.018 [Darkroom Processing Line] DEBUG net.serenitybdd.core.photography.DarkroomProcessingLine - Saving screenshot to target\site\serenity\93e4e5cf3dd86b9e9b867d2cd22df78c8978ff6e9313aafc44af8fe637322209.png
20:55:15.019 [Forwarding getPageSource on session 75f3c693838d264373d5f1ef0cef2af6 to remote] DEBUG org.asynchttpclient.netty.request.NettyRequestSender - Using pooled Channel '[id: 0x6626780f, L:/127.0.0.1:60462 - R:localhost/127.0.0.1:12984]' for 'POST' to 'http://localhost:12984/session/75f3c693838d264373d5f1ef0cef2af6/execute/sync'
20:55:15.019 [Forwarding getPageSource on session 75f3c693838d264373d5f1ef0cef2af6 to remote] DEBUG org.asynchttpclient.netty.request.NettyRequestSender - Using open Channel [id: 0x6626780f, L:/127.0.0.1:60462 - R:localhost/127.0.0.1:12984] for POST '/session/75f3c693838d264373d5f1ef0cef2af6/execute/sync'
20:55:15.039 [AsyncHttpClient-1-17] DEBUG org.asynchttpclient.netty.handler.HttpHandler - 

Request DefaultHttpRequest(decodeResult: success, version: HTTP/1.1)
POST /session/75f3c693838d264373d5f1ef0cef2af6/execute/sync HTTP/1.1
User-Agent: selenium/4.8.1 (java windows)
Content-Length: 176
Content-Type: application/json; charset=utf-8
host: localhost:12984
accept: */*

Response DefaultHttpResponse(decodeResult: success, version: HTTP/1.1)
HTTP/1.1 200 OK
Content-Length: 104877
Content-Type: application/json; charset=utf-8
cache-control: no-cache

20:55:15.039 [AsyncHttpClient-1-17] DEBUG org.asynchttpclient.netty.channel.ChannelManager - Adding key: http://localhost:12984 for channel [id: 0x6626780f, L:/127.0.0.1:60462 - R:localhost/127.0.0.1:12984]
20:55:15.048 [Forwarding getCurrentUrl on session 75f3c693838d264373d5f1ef0cef2af6 to remote] DEBUG org.asynchttpclient.netty.request.NettyRequestSender - Using pooled Channel '[id: 0x6626780f, L:/127.0.0.1:60462 - R:localhost/127.0.0.1:12984]' for 'GET' to 'http://localhost:12984/session/75f3c693838d264373d5f1ef0cef2af6/url'
20:55:15.048 [Forwarding getCurrentUrl on session 75f3c693838d264373d5f1ef0cef2af6 to remote] DEBUG org.asynchttpclient.netty.request.NettyRequestSender - Using open Channel [id: 0x6626780f, L:/127.0.0.1:60462 - R:localhost/127.0.0.1:12984] for GET '/session/75f3c693838d264373d5f1ef0cef2af6/url'
20:55:15.052 [AsyncHttpClient-1-17] DEBUG org.asynchttpclient.netty.handler.HttpHandler - 

Request DefaultFullHttpRequest(decodeResult: success, version: HTTP/1.1, content: EmptyByteBufBE)
GET /session/75f3c693838d264373d5f1ef0cef2af6/url HTTP/1.1
User-Agent: selenium/4.8.1 (java windows)
Cache-Control: no-cache
Content-Type: application/json; charset=utf-8
host: localhost:12984
accept: */*

Response DefaultHttpResponse(decodeResult: success, version: HTTP/1.1)
HTTP/1.1 200 OK
Content-Length: 60
Content-Type: application/json; charset=utf-8
cache-control: no-cache

20:55:15.052 [AsyncHttpClient-1-17] DEBUG org.asynchttpclient.netty.channel.ChannelManager - Adding key: http://localhost:12984 for channel [id: 0x6626780f, L:/127.0.0.1:60462 - R:localhost/127.0.0.1:12984]
20:55:15.055 [main] DEBUG net.thucydides.core.steps.StepInterceptor - STARTING STEP: ProductSteps.i_will_be_directed_to_the_correct_product_page - checkTitleWording
20:55:15.066 [Forwarding findElement on session 75f3c693838d264373d5f1ef0cef2af6 to remote] DEBUG org.asynchttpclient.netty.request.NettyRequestSender - Using pooled Channel '[id: 0x6626780f, L:/127.0.0.1:60462 - R:localhost/127.0.0.1:12984]' for 'POST' to 'http://localhost:12984/session/75f3c693838d264373d5f1ef0cef2af6/element'
20:55:15.066 [Forwarding findElement on session 75f3c693838d264373d5f1ef0cef2af6 to remote] DEBUG org.asynchttpclient.netty.request.NettyRequestSender - Using open Channel [id: 0x6626780f, L:/127.0.0.1:60462 - R:localhost/127.0.0.1:12984] for POST '/session/75f3c693838d264373d5f1ef0cef2af6/element'
20:55:15.079 [AsyncHttpClient-1-17] DEBUG org.asynchttpclient.netty.handler.HttpHandler - 

Request DefaultHttpRequest(decodeResult: success, version: HTTP/1.1)
POST /session/75f3c693838d264373d5f1ef0cef2af6/element HTTP/1.1
User-Agent: selenium/4.8.1 (java windows)
Content-Length: 57
Content-Type: application/json; charset=utf-8
host: localhost:12984
accept: */*

Response DefaultHttpResponse(decodeResult: success, version: HTTP/1.1)
HTTP/1.1 200 OK
Content-Length: 88
Content-Type: application/json; charset=utf-8
cache-control: no-cache

20:55:15.079 [AsyncHttpClient-1-17] DEBUG org.asynchttpclient.netty.channel.ChannelManager - Adding key: http://localhost:12984 for channel [id: 0x6626780f, L:/127.0.0.1:60462 - R:localhost/127.0.0.1:12984]
20:55:15.080 [Forwarding findChildElements on session 75f3c693838d264373d5f1ef0cef2af6 to remote] DEBUG org.asynchttpclient.netty.request.NettyRequestSender - Using pooled Channel '[id: 0x6626780f, L:/127.0.0.1:60462 - R:localhost/127.0.0.1:12984]' for 'POST' to 'http://localhost:12984/session/75f3c693838d264373d5f1ef0cef2af6/element/b17f0dd5-3e64-45f9-acce-1eb23ebd3bc6/elements'
20:55:15.080 [Forwarding findChildElements on session 75f3c693838d264373d5f1ef0cef2af6 to remote] DEBUG org.asynchttpclient.netty.request.NettyRequestSender - Using open Channel [id: 0x6626780f, L:/127.0.0.1:60462 - R:localhost/127.0.0.1:12984] for POST '/session/75f3c693838d264373d5f1ef0cef2af6/element/b17f0dd5-3e64-45f9-acce-1eb23ebd3bc6/elements'
20:55:15.473 [AsyncHttpClient-1-1] DEBUG org.asynchttpclient.netty.channel.DefaultChannelPool - Entry count for : http://localhost:60464 : 1
20:55:16.570 [AsyncHttpClient-1-1] DEBUG org.asynchttpclient.netty.channel.DefaultChannelPool - Entry count for : http://localhost:60464 : 1
20:55:17.083 [AsyncHttpClient-1-17] DEBUG org.asynchttpclient.netty.handler.HttpHandler - 

Request DefaultHttpRequest(decodeResult: success, version: HTTP/1.1)
POST /session/75f3c693838d264373d5f1ef0cef2af6/element/b17f0dd5-3e64-45f9-acce-1eb23ebd3bc6/elements HTTP/1.1
User-Agent: selenium/4.8.1 (java windows)
Content-Length: 104
Content-Type: application/json; charset=utf-8
host: localhost:12984
accept: */*

Response DefaultHttpResponse(decodeResult: success, version: HTTP/1.1)
HTTP/1.1 200 OK
Content-Length: 12
Content-Type: application/json; charset=utf-8
cache-control: no-cache

20:55:17.083 [AsyncHttpClient-1-17] DEBUG org.asynchttpclient.netty.channel.ChannelManager - Adding key: http://localhost:12984 for channel [id: 0x6626780f, L:/127.0.0.1:60462 - R:localhost/127.0.0.1:12984]
20:55:17.087 [Forwarding getAlertText on session 75f3c693838d264373d5f1ef0cef2af6 to remote] DEBUG org.asynchttpclient.netty.request.NettyRequestSender - Using pooled Channel '[id: 0x6626780f, L:/127.0.0.1:60462 - R:localhost/127.0.0.1:12984]' for 'GET' to 'http://localhost:12984/session/75f3c693838d264373d5f1ef0cef2af6/alert/text'
20:55:17.087 [Forwarding getAlertText on session 75f3c693838d264373d5f1ef0cef2af6 to remote] DEBUG org.asynchttpclient.netty.request.NettyRequestSender - Using open Channel [id: 0x6626780f, L:/127.0.0.1:60462 - R:localhost/127.0.0.1:12984] for GET '/session/75f3c693838d264373d5f1ef0cef2af6/alert/text'
20:55:17.089 [AsyncHttpClient-1-17] DEBUG org.asynchttpclient.netty.handler.HttpHandler - 

Request DefaultFullHttpRequest(decodeResult: success, version: HTTP/1.1, content: EmptyByteBufBE)
GET /session/75f3c693838d264373d5f1ef0cef2af6/alert/text HTTP/1.1
User-Agent: selenium/4.8.1 (java windows)
Cache-Control: no-cache
Content-Type: application/json; charset=utf-8
host: localhost:12984
accept: */*

Response DefaultHttpResponse(decodeResult: success, version: HTTP/1.1)
HTTP/1.1 404 Not Found
Content-Length: 816
Content-Type: application/json; charset=utf-8
cache-control: no-cache

20:55:17.089 [AsyncHttpClient-1-17] DEBUG org.asynchttpclient.netty.channel.ChannelManager - Adding key: http://localhost:12984 for channel [id: 0x6626780f, L:/127.0.0.1:60462 - R:localhost/127.0.0.1:12984]
20:55:17.090 [Forwarding getCurrentUrl on session 75f3c693838d264373d5f1ef0cef2af6 to remote] DEBUG org.asynchttpclient.netty.request.NettyRequestSender - Using pooled Channel '[id: 0x6626780f, L:/127.0.0.1:60462 - R:localhost/127.0.0.1:12984]' for 'GET' to 'http://localhost:12984/session/75f3c693838d264373d5f1ef0cef2af6/url'
20:55:17.090 [Forwarding getCurrentUrl on session 75f3c693838d264373d5f1ef0cef2af6 to remote] DEBUG org.asynchttpclient.netty.request.NettyRequestSender - Using open Channel [id: 0x6626780f, L:/127.0.0.1:60462 - R:localhost/127.0.0.1:12984] for GET '/session/75f3c693838d264373d5f1ef0cef2af6/url'
20:55:17.092 [AsyncHttpClient-1-17] DEBUG org.asynchttpclient.netty.handler.HttpHandler - 

Request DefaultFullHttpRequest(decodeResult: success, version: HTTP/1.1, content: EmptyByteBufBE)
GET /session/75f3c693838d264373d5f1ef0cef2af6/url HTTP/1.1
User-Agent: selenium/4.8.1 (java windows)
Cache-Control: no-cache
Content-Type: application/json; charset=utf-8
host: localhost:12984
accept: */*

Response DefaultHttpResponse(decodeResult: success, version: HTTP/1.1)
HTTP/1.1 200 OK
Content-Length: 60
Content-Type: application/json; charset=utf-8
cache-control: no-cache

20:55:17.093 [AsyncHttpClient-1-17] DEBUG org.asynchttpclient.netty.channel.ChannelManager - Adding key: http://localhost:12984 for channel [id: 0x6626780f, L:/127.0.0.1:60462 - R:localhost/127.0.0.1:12984]
20:55:17.093 [Forwarding screenshot on session 75f3c693838d264373d5f1ef0cef2af6 to remote] DEBUG org.asynchttpclient.netty.request.NettyRequestSender - Using pooled Channel '[id: 0x6626780f, L:/127.0.0.1:60462 - R:localhost/127.0.0.1:12984]' for 'GET' to 'http://localhost:12984/session/75f3c693838d264373d5f1ef0cef2af6/screenshot'
20:55:17.093 [Forwarding screenshot on session 75f3c693838d264373d5f1ef0cef2af6 to remote] DEBUG org.asynchttpclient.netty.request.NettyRequestSender - Using open Channel [id: 0x6626780f, L:/127.0.0.1:60462 - R:localhost/127.0.0.1:12984] for GET '/session/75f3c693838d264373d5f1ef0cef2af6/screenshot'
20:55:17.277 [AsyncHttpClient-1-17] DEBUG org.asynchttpclient.netty.handler.HttpHandler - 

Request DefaultFullHttpRequest(decodeResult: success, version: HTTP/1.1, content: EmptyByteBufBE)
GET /session/75f3c693838d264373d5f1ef0cef2af6/screenshot HTTP/1.1
User-Agent: selenium/4.8.1 (java windows)
Cache-Control: no-cache
Content-Type: application/json; charset=utf-8
host: localhost:12984
accept: */*

Response DefaultHttpResponse(decodeResult: success, version: HTTP/1.1)
HTTP/1.1 200 OK
Content-Length: 388708
Content-Type: application/json; charset=utf-8
cache-control: no-cache

20:55:17.278 [AsyncHttpClient-1-17] DEBUG org.asynchttpclient.netty.channel.ChannelManager - Adding key: http://localhost:12984 for channel [id: 0x6626780f, L:/127.0.0.1:60462 - R:localhost/127.0.0.1:12984]
20:55:17.284 [main] DEBUG net.serenitybdd.core.photography.Darkroom - Send negative for processing for target\site\serenity\71d13698730b683653fd178349d9acd29b071076043748f5be2336d107713803.png
20:55:17.284 [main] DEBUG net.thucydides.core.steps.StepInterceptor - STEP DONE: checkTitleWording
  &amp#27;[32mThen &amp#27;[0m&amp#27;[32mI will be directed to the correct &amp#27;[0m&amp#27;[32m&amp#27;[1m"Voucher Game"&amp#27;[0m&amp#27;[32m product page&amp#27;[0m &amp#27;[90m# starter.stepDefinitions.ProductSteps.i_will_be_directed_to_the_correct_product_page(java.lang.String)&amp#27;[0m
20:55:17.285 [Darkroom Processing Line] DEBUG net.serenitybdd.core.photography.DarkroomProcessingLine - Processing screenshot image in /var/screenshots/screenshot-18127362705630396720
20:55:17.285 [Darkroom Processing Line] DEBUG net.serenitybdd.core.photography.DarkroomProcessingLine - Saving screenshot to target\site\serenity\71d13698730b683653fd178349d9acd29b071076043748f5be2336d107713803.png
20:55:17.294 [Driver Command Executor] DEBUG org.asynchttpclient.netty.request.NettyRequestSender - Using pooled Channel '[id: 0x6626780f, L:/127.0.0.1:60462 - R:localhost/127.0.0.1:12984]' for 'DELETE' to 'http://localhost:12984/session/75f3c693838d264373d5f1ef0cef2af6'
20:55:17.294 [AsyncHttpClient-1-19] DEBUG org.asynchttpclient.netty.handler.WebSocketHandler - Channel Closed: [id: 0xcfb6244c, L:/127.0.0.1:60472 ! R:localhost/127.0.0.1:60464] with attribute NettyResponseFuture{currentRetry=0,
	isDone=1,
	isCancelled=0,
	asyncHandler=org.asynchttpclient.ws.WebSocketUpgradeHandler@61151d3a,
	nettyRequest=org.asynchttpclient.netty.request.NettyRequest@24179f7c,
	future=java.util.concurrent.CompletableFuture@24c8e292[Completed normally],
	uri=ws://localhost:60464/devtools/browser/f8dbaa57-bf32-49a0-9540-764f45cee68f,
	keepAlive=true,
	redirectCount=0,
	timeoutsHolder=null,
	inAuth=0,
	touch=1680616510327}
20:55:17.294 [Driver Command Executor] DEBUG org.asynchttpclient.netty.request.NettyRequestSender - Using open Channel [id: 0x6626780f, L:/127.0.0.1:60462 - R:localhost/127.0.0.1:12984] for DELETE '/session/75f3c693838d264373d5f1ef0cef2af6'
20:55:17.294 [AsyncHttpClient-1-19] DEBUG org.asynchttpclient.netty.channel.ChannelManager - Closing Channel [id: 0xcfb6244c, L:/127.0.0.1:60472 ! R:localhost/127.0.0.1:60464] 
20:55:17.334 [AsyncHttpClient-1-18] DEBUG org.asynchttpclient.netty.handler.HttpHandler - Unexpected I/O exception on channel [id: 0x0c9021a3, L:/127.0.0.1:60471 - R:localhost/127.0.0.1:60464]
java.net.SocketException: Connection reset
	at java.base/sun.nio.ch.SocketChannelImpl.throwConnectionReset(SocketChannelImpl.java:401)
	at java.base/sun.nio.ch.SocketChannelImpl.read(SocketChannelImpl.java:434)
	at io.netty.buffer.PooledByteBuf.setBytes(PooledByteBuf.java:259)
	at io.netty.buffer.AbstractByteBuf.writeBytes(AbstractByteBuf.java:1132)
	at io.netty.channel.socket.nio.NioSocketChannel.doReadBytes(NioSocketChannel.java:357)
	at io.netty.channel.nio.AbstractNioByteChannel$NioByteUnsafe.read(AbstractNioByteChannel.java:151)
	at io.netty.channel.nio.NioEventLoop.processSelectedKey(NioEventLoop.java:788)
	at io.netty.channel.nio.NioEventLoop.processSelectedKeysOptimized(NioEventLoop.java:724)
	at io.netty.channel.nio.NioEventLoop.processSelectedKeys(NioEventLoop.java:650)
	at io.netty.channel.nio.NioEventLoop.run(NioEventLoop.java:562)
	at io.netty.util.concurrent.SingleThreadEventExecutor$4.run(SingleThreadEventExecutor.java:997)
	at io.netty.util.internal.ThreadExecutorMap$2.run(ThreadExecutorMap.java:74)
	at io.netty.util.concurrent.FastThreadLocalRunnable.run(FastThreadLocalRunnable.java:30)
	at java.base/java.lang.Thread.run(Thread.java:1589)
20:55:17.335 [AsyncHttpClient-1-18] DEBUG org.asynchttpclient.netty.channel.ChannelManager - Closing Channel [id: 0x0c9021a3, L:/127.0.0.1:60471 - R:localhost/127.0.0.1:60464] 
20:55:17.335 [AsyncHttpClient-1-18] DEBUG org.asynchttpclient.netty.handler.HttpHandler - Channel Closed: [id: 0x0c9021a3, L:/127.0.0.1:60471 ! R:localhost/127.0.0.1:60464] with attribute DISCARD
20:55:17.354 [AsyncHttpClient-1-17] DEBUG org.asynchttpclient.netty.handler.HttpHandler - 

Request DefaultFullHttpRequest(decodeResult: success, version: HTTP/1.1, content: EmptyByteBufBE)
DELETE /session/75f3c693838d264373d5f1ef0cef2af6 HTTP/1.1
User-Agent: selenium/4.8.1 (java windows)
Content-Type: application/json; charset=utf-8
host: localhost:12984
accept: */*

Response DefaultHttpResponse(decodeResult: success, version: HTTP/1.1)
HTTP/1.1 200 OK
Content-Length: 14
Content-Type: application/json; charset=utf-8
cache-control: no-cache

20:55:17.354 [AsyncHttpClient-1-17] DEBUG org.asynchttpclient.netty.channel.ChannelManager - Adding key: http://localhost:12984 for channel [id: 0x6626780f, L:/127.0.0.1:60462 - R:localhost/127.0.0.1:12984]
20:55:17.423 [AsyncHttpClient-1-17] DEBUG org.asynchttpclient.netty.handler.HttpHandler - Channel Closed: [id: 0x6626780f, L:/127.0.0.1:60462 ! R:localhost/127.0.0.1:12984] with attribute DISCARD
20:55:17.501 [main] INFO  - 
  _____   ___   ___   _____     ___     _     ___   ___   ___   ___  
 |_   _| | __| / __| |_   _|   | _ \   /_\   / __| / __| | __| |   \ 
   | |   | _|  \__ \   | |     |  _/  / _ \  \__ \ \__ \ | _|  | |) |
   |_|   |___| |___/   |_|     |_|   /_/ \_\ |___/ |___/ |___| |___/ 

As a user i can select product on homepage
----------------------------------------------------------------------
]]></system-out>
    <system-err><![CDATA[Starting ChromeDriver 111.0.5563.64 (c710e93d5b63b7095afe8c2c17df34408078439d-refs/branch-heads/5563@{#995}) on port 12984
Only local connections are allowed.
Please see https://chromedriver.chromium.org/security-considerations for suggestions on keeping ChromeDriver safe.
ChromeDriver was started successfully.
Apr 04, 2023 8:55:10 PM org.openqa.selenium.devtools.CdpVersionFinder findNearestMatch
WARNING: Unable to find an exact match for CDP version 111, so returning the closest version found: 110
]]></system-err>
  </testcase>
</testsuite>