<?xml version="1.0" encoding="UTF-8"?>
<testsuite xmlns:xsi="http://www.w3.org/2001/XMLSchema-instance" xsi:noNamespaceSchemaLocation="https://maven.apache.org/surefire/maven-failsafe-plugin/xsd/failsafe-test-report-3.0.xsd" version="3.0" name="starter.CucumberTestSuite" time="23.967" tests="1" errors="0" skipped="0" failures="0">
  <properties>
    <property name="java.specification.version" value="19"/>
    <property name="webdriver.chrome.driver" value="C:\Users\TrisetioPutra\.cache\selenium\chromedriver\win32\111.0.5563.64\chromedriver.exe"/>
    <property name="sun.cpu.isalist" value="amd64"/>
    <property name="sun.jnu.encoding" value="Cp1252"/>
    <property name="java.class.path" value="C:\Users\TrisetioPutra\Documents\serenity_sauce\serenity-sepulsa\target\test-classes;C:\Users\TrisetioPutra\.m2\repository\net\serenity-bdd\serenity-core\3.6.21\serenity-core-3.6.21.jar;C:\Users\TrisetioPutra\.m2\repository\net\serenity-bdd\serenity-model\3.6.21\serenity-model-3.6.21.jar;C:\Users\TrisetioPutra\.m2\repository\org\apache\commons\commons-text\1.10.0\commons-text-1.10.0.jar;C:\Users\TrisetioPutra\.m2\repository\commons-net\commons-net\3.9.0\commons-net-3.9.0.jar;C:\Users\TrisetioPutra\.m2\repository\com\google\guava\guava\31.1-jre\guava-31.1-jre.jar;C:\Users\TrisetioPutra\.m2\repository\com\google\guava\failureaccess\1.0.1\failureaccess-1.0.1.jar;C:\Users\TrisetioPutra\.m2\repository\com\google\guava\listenablefuture\9999.0-empty-to-avoid-conflict-with-guava\listenablefuture-9999.0-empty-to-avoid-conflict-with-guava.jar;C:\Users\TrisetioPutra\.m2\repository\com\google\code\findbugs\jsr305\3.0.2\jsr305-3.0.2.jar;C:\Users\TrisetioPutra\.m2\repository\org\checkerframework\checker-qual\3.12.0\checker-qual-3.12.0.jar;C:\Users\TrisetioPutra\.m2\repository\com\google\errorprone\error_prone_annotations\2.11.0\error_prone_annotations-2.11.0.jar;C:\Users\TrisetioPutra\.m2\repository\com\google\j2objc\j2objc-annotations\1.3\j2objc-annotations-1.3.jar;C:\Users\TrisetioPutra\.m2\repository\com\google\inject\guice\5.1.0\guice-5.1.0.jar;C:\Users\TrisetioPutra\.m2\repository\javax\inject\javax.inject\1\javax.inject-1.jar;C:\Users\TrisetioPutra\.m2\repository\aopalliance\aopalliance\1.0\aopalliance-1.0.jar;C:\Users\TrisetioPutra\.m2\repository\org\jsoup\jsoup\1.14.3\jsoup-1.14.3.jar;C:\Users\TrisetioPutra\.m2\repository\com\thoughtworks\xstream\xstream\1.4.20\xstream-1.4.20.jar;C:\Users\TrisetioPutra\.m2\repository\io\github\x-stream\mxparser\1.2.2\mxparser-1.2.2.jar;C:\Users\TrisetioPutra\.m2\repository\xmlpull\xmlpull\1.1.3.1\xmlpull-1.1.3.1.jar;C:\Users\TrisetioPutra\.m2\repository\com\typesafe\config\1.4.2\config-1.4.2.jar;C:\Users\TrisetioPutra\.m2\repository\org\imgscalr\imgscalr-lib\4.2\imgscalr-lib-4.2.jar;C:\Users\TrisetioPutra\.m2\repository\org\awaitility\awaitility\4.2.0\awaitility-4.2.0.jar;C:\Users\TrisetioPutra\.m2\repository\org\freemarker\freemarker\2.3.31\freemarker-2.3.31.jar;C:\Users\TrisetioPutra\.m2\repository\io\github\classgraph\classgraph\4.8.138\classgraph-4.8.138.jar;C:\Users\TrisetioPutra\.m2\repository\net\sourceforge\jexcelapi\jxl\2.6.12\jxl-2.6.12.jar;C:\Users\TrisetioPutra\.m2\repository\net\bytebuddy\byte-buddy-agent\1.14.2\byte-buddy-agent-1.14.2.jar;C:\Users\TrisetioPutra\.m2\repository\org\objenesis\objenesis\3.3\objenesis-3.3.jar;C:\Users\TrisetioPutra\.m2\repository\net\serenity-bdd\serenity-reports\3.6.21\serenity-reports-3.6.21.jar;C:\Users\TrisetioPutra\.m2\repository\net\serenity-bdd\serenity-stats\3.6.21\serenity-stats-3.6.21.jar;C:\Users\TrisetioPutra\.m2\repository\net\serenity-bdd\serenity-reports-configuration\3.6.21\serenity-reports-configuration-3.6.21.jar;C:\Users\TrisetioPutra\.m2\repository\com\vladsch\flexmark\flexmark-all\0.62.2\flexmark-all-0.62.2.jar;C:\Users\TrisetioPutra\.m2\repository\com\vladsch\flexmark\flexmark\0.62.2\flexmark-0.62.2.jar;C:\Users\TrisetioPutra\.m2\repository\com\vladsch\flexmark\flexmark-ext-abbreviation\0.62.2\flexmark-ext-abbreviation-0.62.2.jar;C:\Users\TrisetioPutra\.m2\repository\com\vladsch\flexmark\flexmark-util\0.62.2\flexmark-util-0.62.2.jar;C:\Users\TrisetioPutra\.m2\repository\com\vladsch\flexmark\flexmark-ext-admonition\0.62.2\flexmark-ext-admonition-0.62.2.jar;C:\Users\TrisetioPutra\.m2\repository\com\vladsch\flexmark\flexmark-ext-anchorlink\0.62.2\flexmark-ext-anchorlink-0.62.2.jar;C:\Users\TrisetioPutra\.m2\repository\com\vladsch\flexmark\flexmark-ext-aside\0.62.2\flexmark-ext-aside-0.62.2.jar;C:\Users\TrisetioPutra\.m2\repository\com\vladsch\flexmark\flexmark-ext-attributes\0.62.2\flexmark-ext-attributes-0.62.2.jar;C:\Users\TrisetioPutra\.m2\repository\com\vladsch\flexmark\flexmark-ext-autolink\0.62.2\flexmark-ext-autolink-0.62.2.jar;C:\Users\TrisetioPutra\.m2\repository\org\nibor\autolink\autolink\0.6.0\autolink-0.6.0.jar;C:\Users\TrisetioPutra\.m2\repository\com\vladsch\flexmark\flexmark-ext-definition\0.62.2\flexmark-ext-definition-0.62.2.jar;C:\Users\TrisetioPutra\.m2\repository\com\vladsch\flexmark\flexmark-ext-emoji\0.62.2\flexmark-ext-emoji-0.62.2.jar;C:\Users\TrisetioPutra\.m2\repository\com\vladsch\flexmark\flexmark-ext-enumerated-reference\0.62.2\flexmark-ext-enumerated-reference-0.62.2.jar;C:\Users\TrisetioPutra\.m2\repository\com\vladsch\flexmark\flexmark-ext-escaped-character\0.62.2\flexmark-ext-escaped-character-0.62.2.jar;C:\Users\TrisetioPutra\.m2\repository\com\vladsch\flexmark\flexmark-ext-footnotes\0.62.2\flexmark-ext-footnotes-0.62.2.jar;C:\Users\TrisetioPutra\.m2\repository\com\vladsch\flexmark\flexmark-ext-gfm-issues\0.62.2\flexmark-ext-gfm-issues-0.62.2.jar;C:\Users\TrisetioPutra\.m2\repository\com\vladsch\flexmark\flexmark-ext-gfm-strikethrough\0.62.2\flexmark-ext-gfm-strikethrough-0.62.2.jar;C:\Users\TrisetioPutra\.m2\repository\com\vladsch\flexmark\flexmark-ext-gfm-tasklist\0.62.2\flexmark-ext-gfm-tasklist-0.62.2.jar;C:\Users\TrisetioPutra\.m2\repository\com\vladsch\flexmark\flexmark-ext-gfm-users\0.62.2\flexmark-ext-gfm-users-0.62.2.jar;C:\Users\TrisetioPutra\.m2\repository\com\vladsch\flexmark\flexmark-ext-gitlab\0.62.2\flexmark-ext-gitlab-0.62.2.jar;C:\Users\TrisetioPutra\.m2\repository\com\vladsch\flexmark\flexmark-ext-jekyll-front-matter\0.62.2\flexmark-ext-jekyll-front-matter-0.62.2.jar;C:\Users\TrisetioPutra\.m2\repository\com\vladsch\flexmark\flexmark-ext-jekyll-tag\0.62.2\flexmark-ext-jekyll-tag-0.62.2.jar;C:\Users\TrisetioPutra\.m2\repository\com\vladsch\flexmark\flexmark-ext-media-tags\0.62.2\flexmark-ext-media-tags-0.62.2.jar;C:\Users\TrisetioPutra\.m2\repository\com\vladsch\flexmark\flexmark-ext-macros\0.62.2\flexmark-ext-macros-0.62.2.jar;C:\Users\TrisetioPutra\.m2\repository\com\vladsch\flexmark\flexmark-ext-ins\0.62.2\flexmark-ext-ins-0.62.2.jar;C:\Users\TrisetioPutra\.m2\repository\com\vladsch\flexmark\flexmark-ext-xwiki-macros\0.62.2\flexmark-ext-xwiki-macros-0.62.2.jar;C:\Users\TrisetioPutra\.m2\repository\com\vladsch\flexmark\flexmark-ext-superscript\0.62.2\flexmark-ext-superscript-0.62.2.jar;C:\Users\TrisetioPutra\.m2\repository\com\vladsch\flexmark\flexmark-ext-tables\0.62.2\flexmark-ext-tables-0.62.2.jar;C:\Users\TrisetioPutra\.m2\repository\com\vladsch\flexmark\flexmark-ext-toc\0.62.2\flexmark-ext-toc-0.62.2.jar;C:\Users\TrisetioPutra\.m2\repository\com\vladsch\flexmark\flexmark-ext-typographic\0.62.2\flexmark-ext-typographic-0.62.2.jar;C:\Users\TrisetioPutra\.m2\repository\com\vladsch\flexmark\flexmark-ext-wikilink\0.62.2\flexmark-ext-wikilink-0.62.2.jar;C:\Users\TrisetioPutra\.m2\repository\com\vladsch\flexmark\flexmark-ext-yaml-front-matter\0.62.2\flexmark-ext-yaml-front-matter-0.62.2.jar;C:\Users\TrisetioPutra\.m2\repository\com\vladsch\flexmark\flexmark-ext-youtube-embedded\0.62.2\flexmark-ext-youtube-embedded-0.62.2.jar;C:\Users\TrisetioPutra\.m2\repository\com\vladsch\flexmark\flexmark-html2md-converter\0.62.2\flexmark-html2md-converter-0.62.2.jar;C:\Users\TrisetioPutra\.m2\repository\com\vladsch\flexmark\flexmark-jira-converter\0.62.2\flexmark-jira-converter-0.62.2.jar;C:\Users\TrisetioPutra\.m2\repository\com\vladsch\flexmark\flexmark-pdf-converter\0.62.2\flexmark-pdf-converter-0.62.2.jar;C:\Users\TrisetioPutra\.m2\repository\com\openhtmltopdf\openhtmltopdf-core\1.0.0\openhtmltopdf-core-1.0.0.jar;C:\Users\TrisetioPutra\.m2\repository\com\openhtmltopdf\openhtmltopdf-pdfbox\1.0.0\openhtmltopdf-pdfbox-1.0.0.jar;C:\Users\TrisetioPutra\.m2\repository\org\apache\pdfbox\pdfbox\2.0.16\pdfbox-2.0.16.jar;C:\Users\TrisetioPutra\.m2\repository\org\apache\pdfbox\fontbox\2.0.16\fontbox-2.0.16.jar;C:\Users\TrisetioPutra\.m2\repository\org\apache\pdfbox\xmpbox\2.0.16\xmpbox-2.0.16.jar;C:\Users\TrisetioPutra\.m2\repository\de\rototor\pdfbox\graphics2d\0.24\graphics2d-0.24.jar;C:\Users\TrisetioPutra\.m2\repository\com\openhtmltopdf\openhtmltopdf-rtl-support\1.0.0\openhtmltopdf-rtl-support-1.0.0.jar;C:\Users\TrisetioPutra\.m2\repository\com\openhtmltopdf\openhtmltopdf-jsoup-dom-converter\1.0.0\openhtmltopdf-jsoup-dom-converter-1.0.0.jar;C:\Users\TrisetioPutra\.m2\repository\com\vladsch\flexmark\flexmark-profile-pegdown\0.62.2\flexmark-profile-pegdown-0.62.2.jar;C:\Users\TrisetioPutra\.m2\repository\com\vladsch\flexmark\flexmark-util-ast\0.62.2\flexmark-util-ast-0.62.2.jar;C:\Users\TrisetioPutra\.m2\repository\com\vladsch\flexmark\flexmark-util-builder\0.62.2\flexmark-util-builder-0.62.2.jar;C:\Users\TrisetioPutra\.m2\repository\com\vladsch\flexmark\flexmark-util-collection\0.62.2\flexmark-util-collection-0.62.2.jar;C:\Users\TrisetioPutra\.m2\repository\com\vladsch\flexmark\flexmark-util-data\0.62.2\flexmark-util-data-0.62.2.jar;C:\Users\TrisetioPutra\.m2\repository\com\vladsch\flexmark\flexmark-util-dependency\0.62.2\flexmark-util-dependency-0.62.2.jar;C:\Users\TrisetioPutra\.m2\repository\com\vladsch\flexmark\flexmark-util-format\0.62.2\flexmark-util-format-0.62.2.jar;C:\Users\TrisetioPutra\.m2\repository\com\vladsch\flexmark\flexmark-util-html\0.62.2\flexmark-util-html-0.62.2.jar;C:\Users\TrisetioPutra\.m2\repository\com\vladsch\flexmark\flexmark-util-misc\0.62.2\flexmark-util-misc-0.62.2.jar;C:\Users\TrisetioPutra\.m2\repository\com\vladsch\flexmark\flexmark-util-options\0.62.2\flexmark-util-options-0.62.2.jar;C:\Users\TrisetioPutra\.m2\repository\com\vladsch\flexmark\flexmark-util-sequence\0.62.2\flexmark-util-sequence-0.62.2.jar;C:\Users\TrisetioPutra\.m2\repository\com\vladsch\flexmark\flexmark-util-visitor\0.62.2\flexmark-util-visitor-0.62.2.jar;C:\Users\TrisetioPutra\.m2\repository\com\vladsch\flexmark\flexmark-youtrack-converter\0.62.2\flexmark-youtrack-converter-0.62.2.jar;C:\Users\TrisetioPutra\.m2\repository\com\ibm\icu\icu4j\72.1\icu4j-72.1.jar;C:\Users\TrisetioPutra\.m2\repository\es\nitaur\markdown\txtmark\0.16\txtmark-0.16.jar;C:\Users\TrisetioPutra\.m2\repository\net\serenity-bdd\serenity-report-resources\3.6.21\serenity-report-resources-3.6.21.jar;C:\Users\TrisetioPutra\.m2\repository\com\google\code\gson\gson\2.10.1\gson-2.10.1.jar;C:\Users\TrisetioPutra\.m2\repository\com\fasterxml\jackson\core\jackson-core\2.15.0-rc1\jackson-core-2.15.0-rc1.jar;C:\Users\TrisetioPutra\.m2\repository\com\fasterxml\jackson\core\jackson-databind\2.15.0-rc1\jackson-databind-2.15.0-rc1.jar;C:\Users\TrisetioPutra\.m2\repository\com\fasterxml\jackson\core\jackson-annotations\2.15.0-rc1\jackson-annotations-2.15.0-rc1.jar;C:\Users\TrisetioPutra\.m2\repository\commons-codec\commons-codec\1.15\commons-codec-1.15.jar;C:\Users\TrisetioPutra\.m2\repository\commons-io\commons-io\2.11.0\commons-io-2.11.0.jar;C:\Users\TrisetioPutra\.m2\repository\org\apache\httpcomponents\httpclient\4.5.13\httpclient-4.5.13.jar;C:\Users\TrisetioPutra\.m2\repository\org\apache\httpcomponents\httpcore\4.4.13\httpcore-4.4.13.jar;C:\Users\TrisetioPutra\.m2\repository\commons-logging\commons-logging\1.2\commons-logging-1.2.jar;C:\Users\TrisetioPutra\.m2\repository\org\seleniumhq\selenium\selenium-java\4.8.1\selenium-java-4.8.1.jar;C:\Users\TrisetioPutra\.m2\repository\org\seleniumhq\selenium\selenium-devtools-v108\4.8.1\selenium-devtools-v108-4.8.1.jar;C:\Users\TrisetioPutra\.m2\repository\org\seleniumhq\selenium\selenium-devtools-v109\4.8.1\selenium-devtools-v109-4.8.1.jar;C:\Users\TrisetioPutra\.m2\repository\org\seleniumhq\selenium\selenium-devtools-v110\4.8.1\selenium-devtools-v110-4.8.1.jar;C:\Users\TrisetioPutra\.m2\repository\org\seleniumhq\selenium\selenium-devtools-v85\4.8.1\selenium-devtools-v85-4.8.1.jar;C:\Users\TrisetioPutra\.m2\repository\org\seleniumhq\selenium\selenium-remote-driver\4.8.1\selenium-remote-driver-4.8.1.jar;C:\Users\TrisetioPutra\.m2\repository\com\beust\jcommander\1.82\jcommander-1.82.jar;C:\Users\TrisetioPutra\.m2\repository\io\netty\netty-buffer\4.1.87.Final\netty-buffer-4.1.87.Final.jar;C:\Users\TrisetioPutra\.m2\repository\io\netty\netty-codec-http\4.1.87.Final\netty-codec-http-4.1.87.Final.jar;C:\Users\TrisetioPutra\.m2\repository\io\netty\netty-codec\4.1.87.Final\netty-codec-4.1.87.Final.jar;C:\Users\TrisetioPutra\.m2\repository\io\netty\netty-handler\4.1.87.Final\netty-handler-4.1.87.Final.jar;C:\Users\TrisetioPutra\.m2\repository\io\netty\netty-common\4.1.87.Final\netty-common-4.1.87.Final.jar;C:\Users\TrisetioPutra\.m2\repository\io\netty\netty-transport-classes-epoll\4.1.87.Final\netty-transport-classes-epoll-4.1.87.Final.jar;C:\Users\TrisetioPutra\.m2\repository\io\netty\netty-transport-classes-kqueue\4.1.87.Final\netty-transport-classes-kqueue-4.1.87.Final.jar;C:\Users\TrisetioPutra\.m2\repository\io\netty\netty-transport-native-epoll\4.1.87.Final\netty-transport-native-epoll-4.1.87.Final.jar;C:\Users\TrisetioPutra\.m2\repository\io\netty\netty-transport-native-kqueue\4.1.87.Final\netty-transport-native-kqueue-4.1.87.Final.jar;C:\Users\TrisetioPutra\.m2\repository\io\netty\netty-transport-native-unix-common\4.1.87.Final\netty-transport-native-unix-common-4.1.87.Final.jar;C:\Users\TrisetioPutra\.m2\repository\io\netty\netty-transport\4.1.87.Final\netty-transport-4.1.87.Final.jar;C:\Users\TrisetioPutra\.m2\repository\io\netty\netty-resolver\4.1.87.Final\netty-resolver-4.1.87.Final.jar;C:\Users\TrisetioPutra\.m2\repository\io\opentelemetry\opentelemetry-api\1.22.0\opentelemetry-api-1.22.0.jar;C:\Users\TrisetioPutra\.m2\repository\io\opentelemetry\opentelemetry-context\1.22.0\opentelemetry-context-1.22.0.jar;C:\Users\TrisetioPutra\.m2\repository\io\opentelemetry\opentelemetry-exporter-logging\1.22.0\opentelemetry-exporter-logging-1.22.0.jar;C:\Users\TrisetioPutra\.m2\repository\io\opentelemetry\opentelemetry-sdk-metrics\1.22.0\opentelemetry-sdk-metrics-1.22.0.jar;C:\Users\TrisetioPutra\.m2\repository\io\opentelemetry\opentelemetry-sdk-logs\1.22.0-alpha\opentelemetry-sdk-logs-1.22.0-alpha.jar;C:\Users\TrisetioPutra\.m2\repository\io\opentelemetry\opentelemetry-api-logs\1.22.0-alpha\opentelemetry-api-logs-1.22.0-alpha.jar;C:\Users\TrisetioPutra\.m2\repository\io\opentelemetry\opentelemetry-sdk-common\1.22.0\opentelemetry-sdk-common-1.22.0.jar;C:\Users\TrisetioPutra\.m2\repository\io\opentelemetry\opentelemetry-sdk-extension-autoconfigure-spi\1.22.0\opentelemetry-sdk-extension-autoconfigure-spi-1.22.0.jar;C:\Users\TrisetioPutra\.m2\repository\io\opentelemetry\opentelemetry-sdk-extension-autoconfigure\1.22.0-alpha\opentelemetry-sdk-extension-autoconfigure-1.22.0-alpha.jar;C:\Users\TrisetioPutra\.m2\repository\io\opentelemetry\opentelemetry-sdk-trace\1.22.0\opentelemetry-sdk-trace-1.22.0.jar;C:\Users\TrisetioPutra\.m2\repository\io\opentelemetry\opentelemetry-sdk\1.22.0\opentelemetry-sdk-1.22.0.jar;C:\Users\TrisetioPutra\.m2\repository\io\opentelemetry\opentelemetry-semconv\1.22.0-alpha\opentelemetry-semconv-1.22.0-alpha.jar;C:\Users\TrisetioPutra\.m2\repository\io\ous\jtoml\2.0.0\jtoml-2.0.0.jar;C:\Users\TrisetioPutra\.m2\repository\org\apache\commons\commons-exec\1.3\commons-exec-1.3.jar;C:\Users\TrisetioPutra\.m2\repository\org\asynchttpclient\async-http-client\2.12.3\async-http-client-2.12.3.jar;C:\Users\TrisetioPutra\.m2\repository\org\asynchttpclient\async-http-client-netty-utils\2.12.3\async-http-client-netty-utils-2.12.3.jar;C:\Users\TrisetioPutra\.m2\repository\io\netty\netty-codec-socks\4.1.60.Final\netty-codec-socks-4.1.60.Final.jar;C:\Users\TrisetioPutra\.m2\repository\io\netty\netty-handler-proxy\4.1.60.Final\netty-handler-proxy-4.1.60.Final.jar;C:\Users\TrisetioPutra\.m2\repository\io\netty\netty-transport-native-epoll\4.1.60.Final\netty-transport-native-epoll-4.1.60.Final-linux-x86_64.jar;C:\Users\TrisetioPutra\.m2\repository\io\netty\netty-transport-native-kqueue\4.1.60.Final\netty-transport-native-kqueue-4.1.60.Final-osx-x86_64.jar;C:\Users\TrisetioPutra\.m2\repository\org\reactivestreams\reactive-streams\1.0.3\reactive-streams-1.0.3.jar;C:\Users\TrisetioPutra\.m2\repository\com\typesafe\netty\netty-reactive-streams\2.0.4\netty-reactive-streams-2.0.4.jar;C:\Users\TrisetioPutra\.m2\repository\org\seleniumhq\selenium\selenium-manager\4.8.1\selenium-manager-4.8.1.jar;C:\Users\TrisetioPutra\.m2\repository\org\seleniumhq\selenium\selenium-safari-driver\4.8.1\selenium-safari-driver-4.8.1.jar;C:\Users\TrisetioPutra\.m2\repository\org\seleniumhq\selenium\selenium-api\4.8.1\selenium-api-4.8.1.jar;C:\Users\TrisetioPutra\.m2\repository\org\seleniumhq\selenium\selenium-support\4.8.1\selenium-support-4.8.1.jar;C:\Users\TrisetioPutra\.m2\repository\com\google\auto\service\auto-service-annotations\1.0.1\auto-service-annotations-1.0.1.jar;C:\Users\TrisetioPutra\.m2\repository\com\google\auto\service\auto-service\1.0.1\auto-service-1.0.1.jar;C:\Users\TrisetioPutra\.m2\repository\com\google\auto\auto-common\1.2\auto-common-1.2.jar;C:\Users\TrisetioPutra\.m2\repository\org\seleniumhq\selenium\selenium-json\4.8.1\selenium-json-4.8.1.jar;C:\Users\TrisetioPutra\.m2\repository\org\seleniumhq\selenium\selenium-chrome-driver\4.8.1\selenium-chrome-driver-4.8.1.jar;C:\Users\TrisetioPutra\.m2\repository\org\seleniumhq\selenium\selenium-chromium-driver\4.8.1\selenium-chromium-driver-4.8.1.jar;C:\Users\TrisetioPutra\.m2\repository\org\seleniumhq\selenium\selenium-firefox-driver\4.8.1\selenium-firefox-driver-4.8.1.jar;C:\Users\TrisetioPutra\.m2\repository\org\seleniumhq\selenium\selenium-http\4.8.1\selenium-http-4.8.1.jar;C:\Users\TrisetioPutra\.m2\repository\dev\failsafe\failsafe\3.3.0\failsafe-3.3.0.jar;C:\Users\TrisetioPutra\.m2\repository\org\seleniumhq\selenium\selenium-edge-driver\4.8.1\selenium-edge-driver-4.8.1.jar;C:\Users\TrisetioPutra\.m2\repository\org\seleniumhq\selenium\selenium-ie-driver\4.8.1\selenium-ie-driver-4.8.1.jar;C:\Users\TrisetioPutra\.m2\repository\org\projectlombok\lombok\1.18.20\lombok-1.18.20.jar;C:\Users\TrisetioPutra\.m2\repository\io\appium\java-client\8.3.0\java-client-8.3.0.jar;C:\Users\TrisetioPutra\.m2\repository\commons-validator\commons-validator\1.7\commons-validator-1.7.jar;C:\Users\TrisetioPutra\.m2\repository\commons-digester\commons-digester\2.1\commons-digester-2.1.jar;C:\Users\TrisetioPutra\.m2\repository\org\apache\groovy\groovy\4.0.10\groovy-4.0.10.jar;C:\Users\TrisetioPutra\.m2\repository\net\sf\opencsv\opencsv\2.0\opencsv-2.0.jar;C:\Users\TrisetioPutra\.m2\repository\commons-beanutils\commons-beanutils\1.9.4\commons-beanutils-1.9.4.jar;C:\Users\TrisetioPutra\.m2\repository\org\apache\commons\commons-lang3\3.12.0\commons-lang3-3.12.0.jar;C:\Users\TrisetioPutra\.m2\repository\commons-collections\commons-collections\3.2.2\commons-collections-3.2.2.jar;C:\Users\TrisetioPutra\.m2\repository\org\fluentlenium\fluentlenium-core\0.10.2\fluentlenium-core-0.10.2.jar;C:\Users\TrisetioPutra\.m2\repository\io\github\bonigarcia\webdrivermanager\5.3.0\webdrivermanager-5.3.0.jar;C:\Users\TrisetioPutra\.m2\repository\com\github\docker-java\docker-java\3.2.13\docker-java-3.2.13.jar;C:\Users\TrisetioPutra\.m2\repository\com\github\docker-java\docker-java-core\3.2.13\docker-java-core-3.2.13.jar;C:\Users\TrisetioPutra\.m2\repository\com\github\docker-java\docker-java-api\3.2.13\docker-java-api-3.2.13.jar;C:\Users\TrisetioPutra\.m2\repository\org\apache\commons\commons-compress\1.21\commons-compress-1.21.jar;C:\Users\TrisetioPutra\.m2\repository\org\bouncycastle\bcpkix-jdk15on\1.64\bcpkix-jdk15on-1.64.jar;C:\Users\TrisetioPutra\.m2\repository\org\bouncycastle\bcprov-jdk15on\1.64\bcprov-jdk15on-1.64.jar;C:\Users\TrisetioPutra\.m2\repository\org\slf4j\jcl-over-slf4j\1.7.30\jcl-over-slf4j-1.7.30.jar;C:\Users\TrisetioPutra\.m2\repository\com\github\docker-java\docker-java-transport-httpclient5\3.2.13\docker-java-transport-httpclient5-3.2.13.jar;C:\Users\TrisetioPutra\.m2\repository\com\github\docker-java\docker-java-transport\3.2.13\docker-java-transport-3.2.13.jar;C:\Users\TrisetioPutra\.m2\repository\net\java\dev\jna\jna\5.8.0\jna-5.8.0.jar;C:\Users\TrisetioPutra\.m2\repository\org\brotli\dec\0.1.2\dec-0.1.2.jar;C:\Users\TrisetioPutra\.m2\repository\org\apache\httpcomponents\client5\httpclient5\5.1.3\httpclient5-5.1.3.jar;C:\Users\TrisetioPutra\.m2\repository\org\apache\httpcomponents\core5\httpcore5\5.1.3\httpcore5-5.1.3.jar;C:\Users\TrisetioPutra\.m2\repository\org\apache\httpcomponents\core5\httpcore5-h2\5.1.3\httpcore5-h2-5.1.3.jar;C:\Users\TrisetioPutra\.m2\repository\com\jhlabs\filters\2.0.235\filters-2.0.235.jar;C:\Users\TrisetioPutra\.m2\repository\com\paulhammant\ngwebdriver\1.1.6\ngwebdriver-1.1.6.jar;C:\Users\TrisetioPutra\.m2\repository\joda-time\joda-time\2.12.2\joda-time-2.12.2.jar;C:\Users\TrisetioPutra\.m2\repository\org\hamcrest\hamcrest\2.2\hamcrest-2.2.jar;C:\Users\TrisetioPutra\.m2\repository\com\google\jimfs\jimfs\1.2\jimfs-1.2.jar;C:\Users\TrisetioPutra\.m2\repository\org\mockito\mockito-core\3.3.3\mockito-core-3.3.3.jar;C:\Users\TrisetioPutra\.m2\repository\javax\xml\bind\jaxb-api\2.3.1\jaxb-api-2.3.1.jar;C:\Users\TrisetioPutra\.m2\repository\javax\activation\javax.activation-api\1.2.0\javax.activation-api-1.2.0.jar;C:\Users\TrisetioPutra\.m2\repository\com\sun\xml\bind\jaxb-core\2.3.0.1\jaxb-core-2.3.0.1.jar;C:\Users\TrisetioPutra\.m2\repository\com\sun\xml\bind\jaxb-impl\2.3.3\jaxb-impl-2.3.3.jar;C:\Users\TrisetioPutra\.m2\repository\jakarta\xml\bind\jakarta.xml.bind-api\2.3.3\jakarta.xml.bind-api-2.3.3.jar;C:\Users\TrisetioPutra\.m2\repository\com\sun\activation\jakarta.activation\1.2.2\jakarta.activation-1.2.2.jar;C:\Users\TrisetioPutra\.m2\repository\javax\activation\activation\1.1.1\activation-1.1.1.jar;C:\Users\TrisetioPutra\.m2\repository\net\serenity-bdd\serenity-cucumber\3.6.21\serenity-cucumber-3.6.21.jar;C:\Users\TrisetioPutra\.m2\repository\io\cucumber\cucumber-core\7.11.0\cucumber-core-7.11.0.jar;C:\Users\TrisetioPutra\.m2\repository\io\cucumber\cucumber-gherkin\7.11.0\cucumber-gherkin-7.11.0.jar;C:\Users\TrisetioPutra\.m2\repository\io\cucumber\cucumber-gherkin-messages\7.11.0\cucumber-gherkin-messages-7.11.0.jar;C:\Users\TrisetioPutra\.m2\repository\io\cucumber\gherkin\26.0.3\gherkin-26.0.3.jar;C:\Users\TrisetioPutra\.m2\repository\io\cucumber\messages\21.0.1\messages-21.0.1.jar;C:\Users\TrisetioPutra\.m2\repository\io\cucumber\tag-expressions\5.0.1\tag-expressions-5.0.1.jar;C:\Users\TrisetioPutra\.m2\repository\io\cucumber\cucumber-expressions\16.1.1\cucumber-expressions-16.1.1.jar;C:\Users\TrisetioPutra\.m2\repository\io\cucumber\datatable\7.11.0\datatable-7.11.0.jar;C:\Users\TrisetioPutra\.m2\repository\io\cucumber\cucumber-plugin\7.11.0\cucumber-plugin-7.11.0.jar;C:\Users\TrisetioPutra\.m2\repository\io\cucumber\docstring\7.11.0\docstring-7.11.0.jar;C:\Users\TrisetioPutra\.m2\repository\io\cucumber\html-formatter\20.2.1\html-formatter-20.2.1.jar;C:\Users\TrisetioPutra\.m2\repository\io\cucumber\junit-xml-formatter\0.1.0\junit-xml-formatter-0.1.0.jar;C:\Users\TrisetioPutra\.m2\repository\io\cucumber\ci-environment\9.1.0\ci-environment-9.1.0.jar;C:\Users\TrisetioPutra\.m2\repository\io\cucumber\cucumber-java\7.11.0\cucumber-java-7.11.0.jar;C:\Users\TrisetioPutra\.m2\repository\io\cucumber\cucumber-junit\7.11.0\cucumber-junit-7.11.0.jar;C:\Users\TrisetioPutra\.m2\repository\org\apache\commons\commons-csv\1.5\commons-csv-1.5.jar;C:\Users\TrisetioPutra\.m2\repository\net\serenity-bdd\serenity-screenplay\3.6.21\serenity-screenplay-3.6.21.jar;C:\Users\TrisetioPutra\.m2\repository\net\serenity-bdd\serenity-screenplay-webdriver\3.6.21\serenity-screenplay-webdriver-3.6.21.jar;C:\Users\TrisetioPutra\.m2\repository\net\serenity-bdd\serenity-ensure\3.6.21\serenity-ensure-3.6.21.jar;C:\Users\TrisetioPutra\.m2\repository\net\serenity-bdd\serenity-junit\3.6.21\serenity-junit-3.6.21.jar;C:\Users\TrisetioPutra\.m2\repository\org\jetbrains\kotlin\kotlin-stdlib\1.8.10\kotlin-stdlib-1.8.10.jar;C:\Users\TrisetioPutra\.m2\repository\org\jetbrains\kotlin\kotlin-stdlib-common\1.8.10\kotlin-stdlib-common-1.8.10.jar;C:\Users\TrisetioPutra\.m2\repository\org\jetbrains\annotations\13.0\annotations-13.0.jar;C:\Users\TrisetioPutra\.m2\repository\org\junit\platform\junit-platform-launcher\1.8.2\junit-platform-launcher-1.8.2.jar;C:\Users\TrisetioPutra\.m2\repository\org\junit\platform\junit-platform-engine\1.8.2\junit-platform-engine-1.8.2.jar;C:\Users\TrisetioPutra\.m2\repository\org\opentest4j\opentest4j\1.2.0\opentest4j-1.2.0.jar;C:\Users\TrisetioPutra\.m2\repository\org\junit\platform\junit-platform-commons\1.8.2\junit-platform-commons-1.8.2.jar;C:\Users\TrisetioPutra\.m2\repository\org\apiguardian\apiguardian-api\1.1.2\apiguardian-api-1.1.2.jar;C:\Users\TrisetioPutra\.m2\repository\org\junit\jupiter\junit-jupiter-engine\5.8.2\junit-jupiter-engine-5.8.2.jar;C:\Users\TrisetioPutra\.m2\repository\org\junit\jupiter\junit-jupiter-api\5.8.2\junit-jupiter-api-5.8.2.jar;C:\Users\TrisetioPutra\.m2\repository\org\junit\vintage\junit-vintage-engine\5.8.2\junit-vintage-engine-5.8.2.jar;C:\Users\TrisetioPutra\.m2\repository\junit\junit\4.13.2\junit-4.13.2.jar;C:\Users\TrisetioPutra\.m2\repository\org\hamcrest\hamcrest-core\1.3\hamcrest-core-1.3.jar;C:\Users\TrisetioPutra\.m2\repository\ch\qos\logback\logback-classic\1.2.10\logback-classic-1.2.10.jar;C:\Users\TrisetioPutra\.m2\repository\ch\qos\logback\logback-core\1.2.10\logback-core-1.2.10.jar;C:\Users\TrisetioPutra\.m2\repository\org\slf4j\slf4j-api\1.7.32\slf4j-api-1.7.32.jar;C:\Users\TrisetioPutra\.m2\repository\org\assertj\assertj-core\3.23.1\assertj-core-3.23.1.jar;C:\Users\TrisetioPutra\.m2\repository\net\bytebuddy\byte-buddy\1.12.10\byte-buddy-1.12.10.jar;"/>
    <property name="java.vm.vendor" value="Oracle Corporation"/>
    <property name="sun.arch.data.model" value="64"/>
    <property name="user.variant" value=""/>
    <property name="java.vendor.url" value="https://java.oracle.com/"/>
    <property name="user.timezone" value="Asia/Jakarta"/>
    <property name="os.name" value="Windows 11"/>
    <property name="java.vm.specification.version" value="19"/>
    <property name="sun.java.launcher" value="SUN_STANDARD"/>
    <property name="user.country" value="US"/>
    <property name="sun.boot.library.path" value="C:\Program Files\Java\jdk-19\bin"/>
    <property name="sun.java.command" value="org.apache.maven.surefire.booter.ForkedBooter C:\Users\TrisetioPutra\AppData\Local\Temp\surefire10002261312639143532 2023-04-04T20-26-45_730-jvmRun1 surefire10350766339481065212tmp surefire_02013310483846006988tmp"/>
    <property name="jdk.debug" value="release"/>
    <property name="surefire.test.class.path" value="C:\Users\TrisetioPutra\Documents\serenity_sauce\serenity-sepulsa\target\test-classes;C:\Users\TrisetioPutra\.m2\repository\net\serenity-bdd\serenity-core\3.6.21\serenity-core-3.6.21.jar;C:\Users\TrisetioPutra\.m2\repository\net\serenity-bdd\serenity-model\3.6.21\serenity-model-3.6.21.jar;C:\Users\TrisetioPutra\.m2\repository\org\apache\commons\commons-text\1.10.0\commons-text-1.10.0.jar;C:\Users\TrisetioPutra\.m2\repository\commons-net\commons-net\3.9.0\commons-net-3.9.0.jar;C:\Users\TrisetioPutra\.m2\repository\com\google\guava\guava\31.1-jre\guava-31.1-jre.jar;C:\Users\TrisetioPutra\.m2\repository\com\google\guava\failureaccess\1.0.1\failureaccess-1.0.1.jar;C:\Users\TrisetioPutra\.m2\repository\com\google\guava\listenablefuture\9999.0-empty-to-avoid-conflict-with-guava\listenablefuture-9999.0-empty-to-avoid-conflict-with-guava.jar;C:\Users\TrisetioPutra\.m2\repository\com\google\code\findbugs\jsr305\3.0.2\jsr305-3.0.2.jar;C:\Users\TrisetioPutra\.m2\repository\org\checkerframework\checker-qual\3.12.0\checker-qual-3.12.0.jar;C:\Users\TrisetioPutra\.m2\repository\com\google\errorprone\error_prone_annotations\2.11.0\error_prone_annotations-2.11.0.jar;C:\Users\TrisetioPutra\.m2\repository\com\google\j2objc\j2objc-annotations\1.3\j2objc-annotations-1.3.jar;C:\Users\TrisetioPutra\.m2\repository\com\google\inject\guice\5.1.0\guice-5.1.0.jar;C:\Users\TrisetioPutra\.m2\repository\javax\inject\javax.inject\1\javax.inject-1.jar;C:\Users\TrisetioPutra\.m2\repository\aopalliance\aopalliance\1.0\aopalliance-1.0.jar;C:\Users\TrisetioPutra\.m2\repository\org\jsoup\jsoup\1.14.3\jsoup-1.14.3.jar;C:\Users\TrisetioPutra\.m2\repository\com\thoughtworks\xstream\xstream\1.4.20\xstream-1.4.20.jar;C:\Users\TrisetioPutra\.m2\repository\io\github\x-stream\mxparser\1.2.2\mxparser-1.2.2.jar;C:\Users\TrisetioPutra\.m2\repository\xmlpull\xmlpull\1.1.3.1\xmlpull-1.1.3.1.jar;C:\Users\TrisetioPutra\.m2\repository\com\typesafe\config\1.4.2\config-1.4.2.jar;C:\Users\TrisetioPutra\.m2\repository\org\imgscalr\imgscalr-lib\4.2\imgscalr-lib-4.2.jar;C:\Users\TrisetioPutra\.m2\repository\org\awaitility\awaitility\4.2.0\awaitility-4.2.0.jar;C:\Users\TrisetioPutra\.m2\repository\org\freemarker\freemarker\2.3.31\freemarker-2.3.31.jar;C:\Users\TrisetioPutra\.m2\repository\io\github\classgraph\classgraph\4.8.138\classgraph-4.8.138.jar;C:\Users\TrisetioPutra\.m2\repository\net\sourceforge\jexcelapi\jxl\2.6.12\jxl-2.6.12.jar;C:\Users\TrisetioPutra\.m2\repository\net\bytebuddy\byte-buddy-agent\1.14.2\byte-buddy-agent-1.14.2.jar;C:\Users\TrisetioPutra\.m2\repository\org\objenesis\objenesis\3.3\objenesis-3.3.jar;C:\Users\TrisetioPutra\.m2\repository\net\serenity-bdd\serenity-reports\3.6.21\serenity-reports-3.6.21.jar;C:\Users\TrisetioPutra\.m2\repository\net\serenity-bdd\serenity-stats\3.6.21\serenity-stats-3.6.21.jar;C:\Users\TrisetioPutra\.m2\repository\net\serenity-bdd\serenity-reports-configuration\3.6.21\serenity-reports-configuration-3.6.21.jar;C:\Users\TrisetioPutra\.m2\repository\com\vladsch\flexmark\flexmark-all\0.62.2\flexmark-all-0.62.2.jar;C:\Users\TrisetioPutra\.m2\repository\com\vladsch\flexmark\flexmark\0.62.2\flexmark-0.62.2.jar;C:\Users\TrisetioPutra\.m2\repository\com\vladsch\flexmark\flexmark-ext-abbreviation\0.62.2\flexmark-ext-abbreviation-0.62.2.jar;C:\Users\TrisetioPutra\.m2\repository\com\vladsch\flexmark\flexmark-util\0.62.2\flexmark-util-0.62.2.jar;C:\Users\TrisetioPutra\.m2\repository\com\vladsch\flexmark\flexmark-ext-admonition\0.62.2\flexmark-ext-admonition-0.62.2.jar;C:\Users\TrisetioPutra\.m2\repository\com\vladsch\flexmark\flexmark-ext-anchorlink\0.62.2\flexmark-ext-anchorlink-0.62.2.jar;C:\Users\TrisetioPutra\.m2\repository\com\vladsch\flexmark\flexmark-ext-aside\0.62.2\flexmark-ext-aside-0.62.2.jar;C:\Users\TrisetioPutra\.m2\repository\com\vladsch\flexmark\flexmark-ext-attributes\0.62.2\flexmark-ext-attributes-0.62.2.jar;C:\Users\TrisetioPutra\.m2\repository\com\vladsch\flexmark\flexmark-ext-autolink\0.62.2\flexmark-ext-autolink-0.62.2.jar;C:\Users\TrisetioPutra\.m2\repository\org\nibor\autolink\autolink\0.6.0\autolink-0.6.0.jar;C:\Users\TrisetioPutra\.m2\repository\com\vladsch\flexmark\flexmark-ext-definition\0.62.2\flexmark-ext-definition-0.62.2.jar;C:\Users\TrisetioPutra\.m2\repository\com\vladsch\flexmark\flexmark-ext-emoji\0.62.2\flexmark-ext-emoji-0.62.2.jar;C:\Users\TrisetioPutra\.m2\repository\com\vladsch\flexmark\flexmark-ext-enumerated-reference\0.62.2\flexmark-ext-enumerated-reference-0.62.2.jar;C:\Users\TrisetioPutra\.m2\repository\com\vladsch\flexmark\flexmark-ext-escaped-character\0.62.2\flexmark-ext-escaped-character-0.62.2.jar;C:\Users\TrisetioPutra\.m2\repository\com\vladsch\flexmark\flexmark-ext-footnotes\0.62.2\flexmark-ext-footnotes-0.62.2.jar;C:\Users\TrisetioPutra\.m2\repository\com\vladsch\flexmark\flexmark-ext-gfm-issues\0.62.2\flexmark-ext-gfm-issues-0.62.2.jar;C:\Users\TrisetioPutra\.m2\repository\com\vladsch\flexmark\flexmark-ext-gfm-strikethrough\0.62.2\flexmark-ext-gfm-strikethrough-0.62.2.jar;C:\Users\TrisetioPutra\.m2\repository\com\vladsch\flexmark\flexmark-ext-gfm-tasklist\0.62.2\flexmark-ext-gfm-tasklist-0.62.2.jar;C:\Users\TrisetioPutra\.m2\repository\com\vladsch\flexmark\flexmark-ext-gfm-users\0.62.2\flexmark-ext-gfm-users-0.62.2.jar;C:\Users\TrisetioPutra\.m2\repository\com\vladsch\flexmark\flexmark-ext-gitlab\0.62.2\flexmark-ext-gitlab-0.62.2.jar;C:\Users\TrisetioPutra\.m2\repository\com\vladsch\flexmark\flexmark-ext-jekyll-front-matter\0.62.2\flexmark-ext-jekyll-front-matter-0.62.2.jar;C:\Users\TrisetioPutra\.m2\repository\com\vladsch\flexmark\flexmark-ext-jekyll-tag\0.62.2\flexmark-ext-jekyll-tag-0.62.2.jar;C:\Users\TrisetioPutra\.m2\repository\com\vladsch\flexmark\flexmark-ext-media-tags\0.62.2\flexmark-ext-media-tags-0.62.2.jar;C:\Users\TrisetioPutra\.m2\repository\com\vladsch\flexmark\flexmark-ext-macros\0.62.2\flexmark-ext-macros-0.62.2.jar;C:\Users\TrisetioPutra\.m2\repository\com\vladsch\flexmark\flexmark-ext-ins\0.62.2\flexmark-ext-ins-0.62.2.jar;C:\Users\TrisetioPutra\.m2\repository\com\vladsch\flexmark\flexmark-ext-xwiki-macros\0.62.2\flexmark-ext-xwiki-macros-0.62.2.jar;C:\Users\TrisetioPutra\.m2\repository\com\vladsch\flexmark\flexmark-ext-superscript\0.62.2\flexmark-ext-superscript-0.62.2.jar;C:\Users\TrisetioPutra\.m2\repository\com\vladsch\flexmark\flexmark-ext-tables\0.62.2\flexmark-ext-tables-0.62.2.jar;C:\Users\TrisetioPutra\.m2\repository\com\vladsch\flexmark\flexmark-ext-toc\0.62.2\flexmark-ext-toc-0.62.2.jar;C:\Users\TrisetioPutra\.m2\repository\com\vladsch\flexmark\flexmark-ext-typographic\0.62.2\flexmark-ext-typographic-0.62.2.jar;C:\Users\TrisetioPutra\.m2\repository\com\vladsch\flexmark\flexmark-ext-wikilink\0.62.2\flexmark-ext-wikilink-0.62.2.jar;C:\Users\TrisetioPutra\.m2\repository\com\vladsch\flexmark\flexmark-ext-yaml-front-matter\0.62.2\flexmark-ext-yaml-front-matter-0.62.2.jar;C:\Users\TrisetioPutra\.m2\repository\com\vladsch\flexmark\flexmark-ext-youtube-embedded\0.62.2\flexmark-ext-youtube-embedded-0.62.2.jar;C:\Users\TrisetioPutra\.m2\repository\com\vladsch\flexmark\flexmark-html2md-converter\0.62.2\flexmark-html2md-converter-0.62.2.jar;C:\Users\TrisetioPutra\.m2\repository\com\vladsch\flexmark\flexmark-jira-converter\0.62.2\flexmark-jira-converter-0.62.2.jar;C:\Users\TrisetioPutra\.m2\repository\com\vladsch\flexmark\flexmark-pdf-converter\0.62.2\flexmark-pdf-converter-0.62.2.jar;C:\Users\TrisetioPutra\.m2\repository\com\openhtmltopdf\openhtmltopdf-core\1.0.0\openhtmltopdf-core-1.0.0.jar;C:\Users\TrisetioPutra\.m2\repository\com\openhtmltopdf\openhtmltopdf-pdfbox\1.0.0\openhtmltopdf-pdfbox-1.0.0.jar;C:\Users\TrisetioPutra\.m2\repository\org\apache\pdfbox\pdfbox\2.0.16\pdfbox-2.0.16.jar;C:\Users\TrisetioPutra\.m2\repository\org\apache\pdfbox\fontbox\2.0.16\fontbox-2.0.16.jar;C:\Users\TrisetioPutra\.m2\repository\org\apache\pdfbox\xmpbox\2.0.16\xmpbox-2.0.16.jar;C:\Users\TrisetioPutra\.m2\repository\de\rototor\pdfbox\graphics2d\0.24\graphics2d-0.24.jar;C:\Users\TrisetioPutra\.m2\repository\com\openhtmltopdf\openhtmltopdf-rtl-support\1.0.0\openhtmltopdf-rtl-support-1.0.0.jar;C:\Users\TrisetioPutra\.m2\repository\com\openhtmltopdf\openhtmltopdf-jsoup-dom-converter\1.0.0\openhtmltopdf-jsoup-dom-converter-1.0.0.jar;C:\Users\TrisetioPutra\.m2\repository\com\vladsch\flexmark\flexmark-profile-pegdown\0.62.2\flexmark-profile-pegdown-0.62.2.jar;C:\Users\TrisetioPutra\.m2\repository\com\vladsch\flexmark\flexmark-util-ast\0.62.2\flexmark-util-ast-0.62.2.jar;C:\Users\TrisetioPutra\.m2\repository\com\vladsch\flexmark\flexmark-util-builder\0.62.2\flexmark-util-builder-0.62.2.jar;C:\Users\TrisetioPutra\.m2\repository\com\vladsch\flexmark\flexmark-util-collection\0.62.2\flexmark-util-collection-0.62.2.jar;C:\Users\TrisetioPutra\.m2\repository\com\vladsch\flexmark\flexmark-util-data\0.62.2\flexmark-util-data-0.62.2.jar;C:\Users\TrisetioPutra\.m2\repository\com\vladsch\flexmark\flexmark-util-dependency\0.62.2\flexmark-util-dependency-0.62.2.jar;C:\Users\TrisetioPutra\.m2\repository\com\vladsch\flexmark\flexmark-util-format\0.62.2\flexmark-util-format-0.62.2.jar;C:\Users\TrisetioPutra\.m2\repository\com\vladsch\flexmark\flexmark-util-html\0.62.2\flexmark-util-html-0.62.2.jar;C:\Users\TrisetioPutra\.m2\repository\com\vladsch\flexmark\flexmark-util-misc\0.62.2\flexmark-util-misc-0.62.2.jar;C:\Users\TrisetioPutra\.m2\repository\com\vladsch\flexmark\flexmark-util-options\0.62.2\flexmark-util-options-0.62.2.jar;C:\Users\TrisetioPutra\.m2\repository\com\vladsch\flexmark\flexmark-util-sequence\0.62.2\flexmark-util-sequence-0.62.2.jar;C:\Users\TrisetioPutra\.m2\repository\com\vladsch\flexmark\flexmark-util-visitor\0.62.2\flexmark-util-visitor-0.62.2.jar;C:\Users\TrisetioPutra\.m2\repository\com\vladsch\flexmark\flexmark-youtrack-converter\0.62.2\flexmark-youtrack-converter-0.62.2.jar;C:\Users\TrisetioPutra\.m2\repository\com\ibm\icu\icu4j\72.1\icu4j-72.1.jar;C:\Users\TrisetioPutra\.m2\repository\es\nitaur\markdown\txtmark\0.16\txtmark-0.16.jar;C:\Users\TrisetioPutra\.m2\repository\net\serenity-bdd\serenity-report-resources\3.6.21\serenity-report-resources-3.6.21.jar;C:\Users\TrisetioPutra\.m2\repository\com\google\code\gson\gson\2.10.1\gson-2.10.1.jar;C:\Users\TrisetioPutra\.m2\repository\com\fasterxml\jackson\core\jackson-core\2.15.0-rc1\jackson-core-2.15.0-rc1.jar;C:\Users\TrisetioPutra\.m2\repository\com\fasterxml\jackson\core\jackson-databind\2.15.0-rc1\jackson-databind-2.15.0-rc1.jar;C:\Users\TrisetioPutra\.m2\repository\com\fasterxml\jackson\core\jackson-annotations\2.15.0-rc1\jackson-annotations-2.15.0-rc1.jar;C:\Users\TrisetioPutra\.m2\repository\commons-codec\commons-codec\1.15\commons-codec-1.15.jar;C:\Users\TrisetioPutra\.m2\repository\commons-io\commons-io\2.11.0\commons-io-2.11.0.jar;C:\Users\TrisetioPutra\.m2\repository\org\apache\httpcomponents\httpclient\4.5.13\httpclient-4.5.13.jar;C:\Users\TrisetioPutra\.m2\repository\org\apache\httpcomponents\httpcore\4.4.13\httpcore-4.4.13.jar;C:\Users\TrisetioPutra\.m2\repository\commons-logging\commons-logging\1.2\commons-logging-1.2.jar;C:\Users\TrisetioPutra\.m2\repository\org\seleniumhq\selenium\selenium-java\4.8.1\selenium-java-4.8.1.jar;C:\Users\TrisetioPutra\.m2\repository\org\seleniumhq\selenium\selenium-devtools-v108\4.8.1\selenium-devtools-v108-4.8.1.jar;C:\Users\TrisetioPutra\.m2\repository\org\seleniumhq\selenium\selenium-devtools-v109\4.8.1\selenium-devtools-v109-4.8.1.jar;C:\Users\TrisetioPutra\.m2\repository\org\seleniumhq\selenium\selenium-devtools-v110\4.8.1\selenium-devtools-v110-4.8.1.jar;C:\Users\TrisetioPutra\.m2\repository\org\seleniumhq\selenium\selenium-devtools-v85\4.8.1\selenium-devtools-v85-4.8.1.jar;C:\Users\TrisetioPutra\.m2\repository\org\seleniumhq\selenium\selenium-remote-driver\4.8.1\selenium-remote-driver-4.8.1.jar;C:\Users\TrisetioPutra\.m2\repository\com\beust\jcommander\1.82\jcommander-1.82.jar;C:\Users\TrisetioPutra\.m2\repository\io\netty\netty-buffer\4.1.87.Final\netty-buffer-4.1.87.Final.jar;C:\Users\TrisetioPutra\.m2\repository\io\netty\netty-codec-http\4.1.87.Final\netty-codec-http-4.1.87.Final.jar;C:\Users\TrisetioPutra\.m2\repository\io\netty\netty-codec\4.1.87.Final\netty-codec-4.1.87.Final.jar;C:\Users\TrisetioPutra\.m2\repository\io\netty\netty-handler\4.1.87.Final\netty-handler-4.1.87.Final.jar;C:\Users\TrisetioPutra\.m2\repository\io\netty\netty-common\4.1.87.Final\netty-common-4.1.87.Final.jar;C:\Users\TrisetioPutra\.m2\repository\io\netty\netty-transport-classes-epoll\4.1.87.Final\netty-transport-classes-epoll-4.1.87.Final.jar;C:\Users\TrisetioPutra\.m2\repository\io\netty\netty-transport-classes-kqueue\4.1.87.Final\netty-transport-classes-kqueue-4.1.87.Final.jar;C:\Users\TrisetioPutra\.m2\repository\io\netty\netty-transport-native-epoll\4.1.87.Final\netty-transport-native-epoll-4.1.87.Final.jar;C:\Users\TrisetioPutra\.m2\repository\io\netty\netty-transport-native-kqueue\4.1.87.Final\netty-transport-native-kqueue-4.1.87.Final.jar;C:\Users\TrisetioPutra\.m2\repository\io\netty\netty-transport-native-unix-common\4.1.87.Final\netty-transport-native-unix-common-4.1.87.Final.jar;C:\Users\TrisetioPutra\.m2\repository\io\netty\netty-transport\4.1.87.Final\netty-transport-4.1.87.Final.jar;C:\Users\TrisetioPutra\.m2\repository\io\netty\netty-resolver\4.1.87.Final\netty-resolver-4.1.87.Final.jar;C:\Users\TrisetioPutra\.m2\repository\io\opentelemetry\opentelemetry-api\1.22.0\opentelemetry-api-1.22.0.jar;C:\Users\TrisetioPutra\.m2\repository\io\opentelemetry\opentelemetry-context\1.22.0\opentelemetry-context-1.22.0.jar;C:\Users\TrisetioPutra\.m2\repository\io\opentelemetry\opentelemetry-exporter-logging\1.22.0\opentelemetry-exporter-logging-1.22.0.jar;C:\Users\TrisetioPutra\.m2\repository\io\opentelemetry\opentelemetry-sdk-metrics\1.22.0\opentelemetry-sdk-metrics-1.22.0.jar;C:\Users\TrisetioPutra\.m2\repository\io\opentelemetry\opentelemetry-sdk-logs\1.22.0-alpha\opentelemetry-sdk-logs-1.22.0-alpha.jar;C:\Users\TrisetioPutra\.m2\repository\io\opentelemetry\opentelemetry-api-logs\1.22.0-alpha\opentelemetry-api-logs-1.22.0-alpha.jar;C:\Users\TrisetioPutra\.m2\repository\io\opentelemetry\opentelemetry-sdk-common\1.22.0\opentelemetry-sdk-common-1.22.0.jar;C:\Users\TrisetioPutra\.m2\repository\io\opentelemetry\opentelemetry-sdk-extension-autoconfigure-spi\1.22.0\opentelemetry-sdk-extension-autoconfigure-spi-1.22.0.jar;C:\Users\TrisetioPutra\.m2\repository\io\opentelemetry\opentelemetry-sdk-extension-autoconfigure\1.22.0-alpha\opentelemetry-sdk-extension-autoconfigure-1.22.0-alpha.jar;C:\Users\TrisetioPutra\.m2\repository\io\opentelemetry\opentelemetry-sdk-trace\1.22.0\opentelemetry-sdk-trace-1.22.0.jar;C:\Users\TrisetioPutra\.m2\repository\io\opentelemetry\opentelemetry-sdk\1.22.0\opentelemetry-sdk-1.22.0.jar;C:\Users\TrisetioPutra\.m2\repository\io\opentelemetry\opentelemetry-semconv\1.22.0-alpha\opentelemetry-semconv-1.22.0-alpha.jar;C:\Users\TrisetioPutra\.m2\repository\io\ous\jtoml\2.0.0\jtoml-2.0.0.jar;C:\Users\TrisetioPutra\.m2\repository\org\apache\commons\commons-exec\1.3\commons-exec-1.3.jar;C:\Users\TrisetioPutra\.m2\repository\org\asynchttpclient\async-http-client\2.12.3\async-http-client-2.12.3.jar;C:\Users\TrisetioPutra\.m2\repository\org\asynchttpclient\async-http-client-netty-utils\2.12.3\async-http-client-netty-utils-2.12.3.jar;C:\Users\TrisetioPutra\.m2\repository\io\netty\netty-codec-socks\4.1.60.Final\netty-codec-socks-4.1.60.Final.jar;C:\Users\TrisetioPutra\.m2\repository\io\netty\netty-handler-proxy\4.1.60.Final\netty-handler-proxy-4.1.60.Final.jar;C:\Users\TrisetioPutra\.m2\repository\io\netty\netty-transport-native-epoll\4.1.60.Final\netty-transport-native-epoll-4.1.60.Final-linux-x86_64.jar;C:\Users\TrisetioPutra\.m2\repository\io\netty\netty-transport-native-kqueue\4.1.60.Final\netty-transport-native-kqueue-4.1.60.Final-osx-x86_64.jar;C:\Users\TrisetioPutra\.m2\repository\org\reactivestreams\reactive-streams\1.0.3\reactive-streams-1.0.3.jar;C:\Users\TrisetioPutra\.m2\repository\com\typesafe\netty\netty-reactive-streams\2.0.4\netty-reactive-streams-2.0.4.jar;C:\Users\TrisetioPutra\.m2\repository\org\seleniumhq\selenium\selenium-manager\4.8.1\selenium-manager-4.8.1.jar;C:\Users\TrisetioPutra\.m2\repository\org\seleniumhq\selenium\selenium-safari-driver\4.8.1\selenium-safari-driver-4.8.1.jar;C:\Users\TrisetioPutra\.m2\repository\org\seleniumhq\selenium\selenium-api\4.8.1\selenium-api-4.8.1.jar;C:\Users\TrisetioPutra\.m2\repository\org\seleniumhq\selenium\selenium-support\4.8.1\selenium-support-4.8.1.jar;C:\Users\TrisetioPutra\.m2\repository\com\google\auto\service\auto-service-annotations\1.0.1\auto-service-annotations-1.0.1.jar;C:\Users\TrisetioPutra\.m2\repository\com\google\auto\service\auto-service\1.0.1\auto-service-1.0.1.jar;C:\Users\TrisetioPutra\.m2\repository\com\google\auto\auto-common\1.2\auto-common-1.2.jar;C:\Users\TrisetioPutra\.m2\repository\org\seleniumhq\selenium\selenium-json\4.8.1\selenium-json-4.8.1.jar;C:\Users\TrisetioPutra\.m2\repository\org\seleniumhq\selenium\selenium-chrome-driver\4.8.1\selenium-chrome-driver-4.8.1.jar;C:\Users\TrisetioPutra\.m2\repository\org\seleniumhq\selenium\selenium-chromium-driver\4.8.1\selenium-chromium-driver-4.8.1.jar;C:\Users\TrisetioPutra\.m2\repository\org\seleniumhq\selenium\selenium-firefox-driver\4.8.1\selenium-firefox-driver-4.8.1.jar;C:\Users\TrisetioPutra\.m2\repository\org\seleniumhq\selenium\selenium-http\4.8.1\selenium-http-4.8.1.jar;C:\Users\TrisetioPutra\.m2\repository\dev\failsafe\failsafe\3.3.0\failsafe-3.3.0.jar;C:\Users\TrisetioPutra\.m2\repository\org\seleniumhq\selenium\selenium-edge-driver\4.8.1\selenium-edge-driver-4.8.1.jar;C:\Users\TrisetioPutra\.m2\repository\org\seleniumhq\selenium\selenium-ie-driver\4.8.1\selenium-ie-driver-4.8.1.jar;C:\Users\TrisetioPutra\.m2\repository\org\projectlombok\lombok\1.18.20\lombok-1.18.20.jar;C:\Users\TrisetioPutra\.m2\repository\io\appium\java-client\8.3.0\java-client-8.3.0.jar;C:\Users\TrisetioPutra\.m2\repository\commons-validator\commons-validator\1.7\commons-validator-1.7.jar;C:\Users\TrisetioPutra\.m2\repository\commons-digester\commons-digester\2.1\commons-digester-2.1.jar;C:\Users\TrisetioPutra\.m2\repository\org\apache\groovy\groovy\4.0.10\groovy-4.0.10.jar;C:\Users\TrisetioPutra\.m2\repository\net\sf\opencsv\opencsv\2.0\opencsv-2.0.jar;C:\Users\TrisetioPutra\.m2\repository\commons-beanutils\commons-beanutils\1.9.4\commons-beanutils-1.9.4.jar;C:\Users\TrisetioPutra\.m2\repository\org\apache\commons\commons-lang3\3.12.0\commons-lang3-3.12.0.jar;C:\Users\TrisetioPutra\.m2\repository\commons-collections\commons-collections\3.2.2\commons-collections-3.2.2.jar;C:\Users\TrisetioPutra\.m2\repository\org\fluentlenium\fluentlenium-core\0.10.2\fluentlenium-core-0.10.2.jar;C:\Users\TrisetioPutra\.m2\repository\io\github\bonigarcia\webdrivermanager\5.3.0\webdrivermanager-5.3.0.jar;C:\Users\TrisetioPutra\.m2\repository\com\github\docker-java\docker-java\3.2.13\docker-java-3.2.13.jar;C:\Users\TrisetioPutra\.m2\repository\com\github\docker-java\docker-java-core\3.2.13\docker-java-core-3.2.13.jar;C:\Users\TrisetioPutra\.m2\repository\com\github\docker-java\docker-java-api\3.2.13\docker-java-api-3.2.13.jar;C:\Users\TrisetioPutra\.m2\repository\org\apache\commons\commons-compress\1.21\commons-compress-1.21.jar;C:\Users\TrisetioPutra\.m2\repository\org\bouncycastle\bcpkix-jdk15on\1.64\bcpkix-jdk15on-1.64.jar;C:\Users\TrisetioPutra\.m2\repository\org\bouncycastle\bcprov-jdk15on\1.64\bcprov-jdk15on-1.64.jar;C:\Users\TrisetioPutra\.m2\repository\org\slf4j\jcl-over-slf4j\1.7.30\jcl-over-slf4j-1.7.30.jar;C:\Users\TrisetioPutra\.m2\repository\com\github\docker-java\docker-java-transport-httpclient5\3.2.13\docker-java-transport-httpclient5-3.2.13.jar;C:\Users\TrisetioPutra\.m2\repository\com\github\docker-java\docker-java-transport\3.2.13\docker-java-transport-3.2.13.jar;C:\Users\TrisetioPutra\.m2\repository\net\java\dev\jna\jna\5.8.0\jna-5.8.0.jar;C:\Users\TrisetioPutra\.m2\repository\org\brotli\dec\0.1.2\dec-0.1.2.jar;C:\Users\TrisetioPutra\.m2\repository\org\apache\httpcomponents\client5\httpclient5\5.1.3\httpclient5-5.1.3.jar;C:\Users\TrisetioPutra\.m2\repository\org\apache\httpcomponents\core5\httpcore5\5.1.3\httpcore5-5.1.3.jar;C:\Users\TrisetioPutra\.m2\repository\org\apache\httpcomponents\core5\httpcore5-h2\5.1.3\httpcore5-h2-5.1.3.jar;C:\Users\TrisetioPutra\.m2\repository\com\jhlabs\filters\2.0.235\filters-2.0.235.jar;C:\Users\TrisetioPutra\.m2\repository\com\paulhammant\ngwebdriver\1.1.6\ngwebdriver-1.1.6.jar;C:\Users\TrisetioPutra\.m2\repository\joda-time\joda-time\2.12.2\joda-time-2.12.2.jar;C:\Users\TrisetioPutra\.m2\repository\org\hamcrest\hamcrest\2.2\hamcrest-2.2.jar;C:\Users\TrisetioPutra\.m2\repository\com\google\jimfs\jimfs\1.2\jimfs-1.2.jar;C:\Users\TrisetioPutra\.m2\repository\org\mockito\mockito-core\3.3.3\mockito-core-3.3.3.jar;C:\Users\TrisetioPutra\.m2\repository\javax\xml\bind\jaxb-api\2.3.1\jaxb-api-2.3.1.jar;C:\Users\TrisetioPutra\.m2\repository\javax\activation\javax.activation-api\1.2.0\javax.activation-api-1.2.0.jar;C:\Users\TrisetioPutra\.m2\repository\com\sun\xml\bind\jaxb-core\2.3.0.1\jaxb-core-2.3.0.1.jar;C:\Users\TrisetioPutra\.m2\repository\com\sun\xml\bind\jaxb-impl\2.3.3\jaxb-impl-2.3.3.jar;C:\Users\TrisetioPutra\.m2\repository\jakarta\xml\bind\jakarta.xml.bind-api\2.3.3\jakarta.xml.bind-api-2.3.3.jar;C:\Users\TrisetioPutra\.m2\repository\com\sun\activation\jakarta.activation\1.2.2\jakarta.activation-1.2.2.jar;C:\Users\TrisetioPutra\.m2\repository\javax\activation\activation\1.1.1\activation-1.1.1.jar;C:\Users\TrisetioPutra\.m2\repository\net\serenity-bdd\serenity-cucumber\3.6.21\serenity-cucumber-3.6.21.jar;C:\Users\TrisetioPutra\.m2\repository\io\cucumber\cucumber-core\7.11.0\cucumber-core-7.11.0.jar;C:\Users\TrisetioPutra\.m2\repository\io\cucumber\cucumber-gherkin\7.11.0\cucumber-gherkin-7.11.0.jar;C:\Users\TrisetioPutra\.m2\repository\io\cucumber\cucumber-gherkin-messages\7.11.0\cucumber-gherkin-messages-7.11.0.jar;C:\Users\TrisetioPutra\.m2\repository\io\cucumber\gherkin\26.0.3\gherkin-26.0.3.jar;C:\Users\TrisetioPutra\.m2\repository\io\cucumber\messages\21.0.1\messages-21.0.1.jar;C:\Users\TrisetioPutra\.m2\repository\io\cucumber\tag-expressions\5.0.1\tag-expressions-5.0.1.jar;C:\Users\TrisetioPutra\.m2\repository\io\cucumber\cucumber-expressions\16.1.1\cucumber-expressions-16.1.1.jar;C:\Users\TrisetioPutra\.m2\repository\io\cucumber\datatable\7.11.0\datatable-7.11.0.jar;C:\Users\TrisetioPutra\.m2\repository\io\cucumber\cucumber-plugin\7.11.0\cucumber-plugin-7.11.0.jar;C:\Users\TrisetioPutra\.m2\repository\io\cucumber\docstring\7.11.0\docstring-7.11.0.jar;C:\Users\TrisetioPutra\.m2\repository\io\cucumber\html-formatter\20.2.1\html-formatter-20.2.1.jar;C:\Users\TrisetioPutra\.m2\repository\io\cucumber\junit-xml-formatter\0.1.0\junit-xml-formatter-0.1.0.jar;C:\Users\TrisetioPutra\.m2\repository\io\cucumber\ci-environment\9.1.0\ci-environment-9.1.0.jar;C:\Users\TrisetioPutra\.m2\repository\io\cucumber\cucumber-java\7.11.0\cucumber-java-7.11.0.jar;C:\Users\TrisetioPutra\.m2\repository\io\cucumber\cucumber-junit\7.11.0\cucumber-junit-7.11.0.jar;C:\Users\TrisetioPutra\.m2\repository\org\apache\commons\commons-csv\1.5\commons-csv-1.5.jar;C:\Users\TrisetioPutra\.m2\repository\net\serenity-bdd\serenity-screenplay\3.6.21\serenity-screenplay-3.6.21.jar;C:\Users\TrisetioPutra\.m2\repository\net\serenity-bdd\serenity-screenplay-webdriver\3.6.21\serenity-screenplay-webdriver-3.6.21.jar;C:\Users\TrisetioPutra\.m2\repository\net\serenity-bdd\serenity-ensure\3.6.21\serenity-ensure-3.6.21.jar;C:\Users\TrisetioPutra\.m2\repository\net\serenity-bdd\serenity-junit\3.6.21\serenity-junit-3.6.21.jar;C:\Users\TrisetioPutra\.m2\repository\org\jetbrains\kotlin\kotlin-stdlib\1.8.10\kotlin-stdlib-1.8.10.jar;C:\Users\TrisetioPutra\.m2\repository\org\jetbrains\kotlin\kotlin-stdlib-common\1.8.10\kotlin-stdlib-common-1.8.10.jar;C:\Users\TrisetioPutra\.m2\repository\org\jetbrains\annotations\13.0\annotations-13.0.jar;C:\Users\TrisetioPutra\.m2\repository\org\junit\platform\junit-platform-launcher\1.8.2\junit-platform-launcher-1.8.2.jar;C:\Users\TrisetioPutra\.m2\repository\org\junit\platform\junit-platform-engine\1.8.2\junit-platform-engine-1.8.2.jar;C:\Users\TrisetioPutra\.m2\repository\org\opentest4j\opentest4j\1.2.0\opentest4j-1.2.0.jar;C:\Users\TrisetioPutra\.m2\repository\org\junit\platform\junit-platform-commons\1.8.2\junit-platform-commons-1.8.2.jar;C:\Users\TrisetioPutra\.m2\repository\org\apiguardian\apiguardian-api\1.1.2\apiguardian-api-1.1.2.jar;C:\Users\TrisetioPutra\.m2\repository\org\junit\jupiter\junit-jupiter-engine\5.8.2\junit-jupiter-engine-5.8.2.jar;C:\Users\TrisetioPutra\.m2\repository\org\junit\jupiter\junit-jupiter-api\5.8.2\junit-jupiter-api-5.8.2.jar;C:\Users\TrisetioPutra\.m2\repository\org\junit\vintage\junit-vintage-engine\5.8.2\junit-vintage-engine-5.8.2.jar;C:\Users\TrisetioPutra\.m2\repository\junit\junit\4.13.2\junit-4.13.2.jar;C:\Users\TrisetioPutra\.m2\repository\org\hamcrest\hamcrest-core\1.3\hamcrest-core-1.3.jar;C:\Users\TrisetioPutra\.m2\repository\ch\qos\logback\logback-classic\1.2.10\logback-classic-1.2.10.jar;C:\Users\TrisetioPutra\.m2\repository\ch\qos\logback\logback-core\1.2.10\logback-core-1.2.10.jar;C:\Users\TrisetioPutra\.m2\repository\org\slf4j\slf4j-api\1.7.32\slf4j-api-1.7.32.jar;C:\Users\TrisetioPutra\.m2\repository\org\assertj\assertj-core\3.23.1\assertj-core-3.23.1.jar;C:\Users\TrisetioPutra\.m2\repository\net\bytebuddy\byte-buddy\1.12.10\byte-buddy-1.12.10.jar;"/>
    <property name="sun.cpu.endian" value="little"/>
    <property name="user.home" value="C:\Users\TrisetioPutra"/>
    <property name="user.language" value="en"/>
    <property name="java.specification.vendor" value="Oracle Corporation"/>
    <property name="jdk.module.path" value="C:\Users\TrisetioPutra\Documents\serenity_sauce\serenity-sepulsa\target\PraktikWebTestSerenity-1.0-SNAPSHOT.jar"/>
    <property name="java.version.date" value="2022-09-20"/>
    <property name="java.home" value="C:\Program Files\Java\jdk-19"/>
    <property name="file.separator" value="\"/>
    <property name="basedir" value="C:\Users\TrisetioPutra\Documents\serenity_sauce\serenity-sepulsa"/>
    <property name="java.vm.compressedOopsMode" value="Zero based"/>
    <property name="line.separator" value="&#10;"/>
    <property name="java.vm.specification.vendor" value="Oracle Corporation"/>
    <property name="java.specification.name" value="Java Platform API Specification"/>
    <property name="surefire.real.class.path" value="C:\Users\TrisetioPutra\.m2\repository\org\apache\maven\surefire\surefire-booter\3.0.0-M5\surefire-booter-3.0.0-M5.jar;C:\Users\TrisetioPutra\.m2\repository\org\apache\maven\surefire\surefire-api\3.0.0-M5\surefire-api-3.0.0-M5.jar;C:\Users\TrisetioPutra\.m2\repository\org\apache\maven\surefire\surefire-logger-api\3.0.0-M5\surefire-logger-api-3.0.0-M5.jar;C:\Users\TrisetioPutra\.m2\repository\org\apache\maven\surefire\surefire-shared-utils\3.0.0-M4\surefire-shared-utils-3.0.0-M4.jar;C:\Users\TrisetioPutra\.m2\repository\org\apache\maven\surefire\surefire-extensions-spi\3.0.0-M5\surefire-extensions-spi-3.0.0-M5.jar;C:\Users\TrisetioPutra\Documents\serenity_sauce\serenity-sepulsa\target\test-classes;C:\Users\TrisetioPutra\.m2\repository\net\serenity-bdd\serenity-core\3.6.21\serenity-core-3.6.21.jar;C:\Users\TrisetioPutra\.m2\repository\net\serenity-bdd\serenity-model\3.6.21\serenity-model-3.6.21.jar;C:\Users\TrisetioPutra\.m2\repository\org\apache\commons\commons-text\1.10.0\commons-text-1.10.0.jar;C:\Users\TrisetioPutra\.m2\repository\commons-net\commons-net\3.9.0\commons-net-3.9.0.jar;C:\Users\TrisetioPutra\.m2\repository\com\google\guava\guava\31.1-jre\guava-31.1-jre.jar;C:\Users\TrisetioPutra\.m2\repository\com\google\guava\failureaccess\1.0.1\failureaccess-1.0.1.jar;C:\Users\TrisetioPutra\.m2\repository\com\google\guava\listenablefuture\9999.0-empty-to-avoid-conflict-with-guava\listenablefuture-9999.0-empty-to-avoid-conflict-with-guava.jar;C:\Users\TrisetioPutra\.m2\repository\com\google\code\findbugs\jsr305\3.0.2\jsr305-3.0.2.jar;C:\Users\TrisetioPutra\.m2\repository\org\checkerframework\checker-qual\3.12.0\checker-qual-3.12.0.jar;C:\Users\TrisetioPutra\.m2\repository\com\google\errorprone\error_prone_annotations\2.11.0\error_prone_annotations-2.11.0.jar;C:\Users\TrisetioPutra\.m2\repository\com\google\j2objc\j2objc-annotations\1.3\j2objc-annotations-1.3.jar;C:\Users\TrisetioPutra\.m2\repository\com\google\inject\guice\5.1.0\guice-5.1.0.jar;C:\Users\TrisetioPutra\.m2\repository\javax\inject\javax.inject\1\javax.inject-1.jar;C:\Users\TrisetioPutra\.m2\repository\aopalliance\aopalliance\1.0\aopalliance-1.0.jar;C:\Users\TrisetioPutra\.m2\repository\org\jsoup\jsoup\1.14.3\jsoup-1.14.3.jar;C:\Users\TrisetioPutra\.m2\repository\com\thoughtworks\xstream\xstream\1.4.20\xstream-1.4.20.jar;C:\Users\TrisetioPutra\.m2\repository\io\github\x-stream\mxparser\1.2.2\mxparser-1.2.2.jar;C:\Users\TrisetioPutra\.m2\repository\xmlpull\xmlpull\1.1.3.1\xmlpull-1.1.3.1.jar;C:\Users\TrisetioPutra\.m2\repository\com\typesafe\config\1.4.2\config-1.4.2.jar;C:\Users\TrisetioPutra\.m2\repository\org\imgscalr\imgscalr-lib\4.2\imgscalr-lib-4.2.jar;C:\Users\TrisetioPutra\.m2\repository\org\awaitility\awaitility\4.2.0\awaitility-4.2.0.jar;C:\Users\TrisetioPutra\.m2\repository\org\freemarker\freemarker\2.3.31\freemarker-2.3.31.jar;C:\Users\TrisetioPutra\.m2\repository\io\github\classgraph\classgraph\4.8.138\classgraph-4.8.138.jar;C:\Users\TrisetioPutra\.m2\repository\net\sourceforge\jexcelapi\jxl\2.6.12\jxl-2.6.12.jar;C:\Users\TrisetioPutra\.m2\repository\net\bytebuddy\byte-buddy-agent\1.14.2\byte-buddy-agent-1.14.2.jar;C:\Users\TrisetioPutra\.m2\repository\org\objenesis\objenesis\3.3\objenesis-3.3.jar;C:\Users\TrisetioPutra\.m2\repository\net\serenity-bdd\serenity-reports\3.6.21\serenity-reports-3.6.21.jar;C:\Users\TrisetioPutra\.m2\repository\net\serenity-bdd\serenity-stats\3.6.21\serenity-stats-3.6.21.jar;C:\Users\TrisetioPutra\.m2\repository\net\serenity-bdd\serenity-reports-configuration\3.6.21\serenity-reports-configuration-3.6.21.jar;C:\Users\TrisetioPutra\.m2\repository\com\vladsch\flexmark\flexmark-all\0.62.2\flexmark-all-0.62.2.jar;C:\Users\TrisetioPutra\.m2\repository\com\vladsch\flexmark\flexmark\0.62.2\flexmark-0.62.2.jar;C:\Users\TrisetioPutra\.m2\repository\com\vladsch\flexmark\flexmark-ext-abbreviation\0.62.2\flexmark-ext-abbreviation-0.62.2.jar;C:\Users\TrisetioPutra\.m2\repository\com\vladsch\flexmark\flexmark-util\0.62.2\flexmark-util-0.62.2.jar;C:\Users\TrisetioPutra\.m2\repository\com\vladsch\flexmark\flexmark-ext-admonition\0.62.2\flexmark-ext-admonition-0.62.2.jar;C:\Users\TrisetioPutra\.m2\repository\com\vladsch\flexmark\flexmark-ext-anchorlink\0.62.2\flexmark-ext-anchorlink-0.62.2.jar;C:\Users\TrisetioPutra\.m2\repository\com\vladsch\flexmark\flexmark-ext-aside\0.62.2\flexmark-ext-aside-0.62.2.jar;C:\Users\TrisetioPutra\.m2\repository\com\vladsch\flexmark\flexmark-ext-attributes\0.62.2\flexmark-ext-attributes-0.62.2.jar;C:\Users\TrisetioPutra\.m2\repository\com\vladsch\flexmark\flexmark-ext-autolink\0.62.2\flexmark-ext-autolink-0.62.2.jar;C:\Users\TrisetioPutra\.m2\repository\org\nibor\autolink\autolink\0.6.0\autolink-0.6.0.jar;C:\Users\TrisetioPutra\.m2\repository\com\vladsch\flexmark\flexmark-ext-definition\0.62.2\flexmark-ext-definition-0.62.2.jar;C:\Users\TrisetioPutra\.m2\repository\com\vladsch\flexmark\flexmark-ext-emoji\0.62.2\flexmark-ext-emoji-0.62.2.jar;C:\Users\TrisetioPutra\.m2\repository\com\vladsch\flexmark\flexmark-ext-enumerated-reference\0.62.2\flexmark-ext-enumerated-reference-0.62.2.jar;C:\Users\TrisetioPutra\.m2\repository\com\vladsch\flexmark\flexmark-ext-escaped-character\0.62.2\flexmark-ext-escaped-character-0.62.2.jar;C:\Users\TrisetioPutra\.m2\repository\com\vladsch\flexmark\flexmark-ext-footnotes\0.62.2\flexmark-ext-footnotes-0.62.2.jar;C:\Users\TrisetioPutra\.m2\repository\com\vladsch\flexmark\flexmark-ext-gfm-issues\0.62.2\flexmark-ext-gfm-issues-0.62.2.jar;C:\Users\TrisetioPutra\.m2\repository\com\vladsch\flexmark\flexmark-ext-gfm-strikethrough\0.62.2\flexmark-ext-gfm-strikethrough-0.62.2.jar;C:\Users\TrisetioPutra\.m2\repository\com\vladsch\flexmark\flexmark-ext-gfm-tasklist\0.62.2\flexmark-ext-gfm-tasklist-0.62.2.jar;C:\Users\TrisetioPutra\.m2\repository\com\vladsch\flexmark\flexmark-ext-gfm-users\0.62.2\flexmark-ext-gfm-users-0.62.2.jar;C:\Users\TrisetioPutra\.m2\repository\com\vladsch\flexmark\flexmark-ext-gitlab\0.62.2\flexmark-ext-gitlab-0.62.2.jar;C:\Users\TrisetioPutra\.m2\repository\com\vladsch\flexmark\flexmark-ext-jekyll-front-matter\0.62.2\flexmark-ext-jekyll-front-matter-0.62.2.jar;C:\Users\TrisetioPutra\.m2\repository\com\vladsch\flexmark\flexmark-ext-jekyll-tag\0.62.2\flexmark-ext-jekyll-tag-0.62.2.jar;C:\Users\TrisetioPutra\.m2\repository\com\vladsch\flexmark\flexmark-ext-media-tags\0.62.2\flexmark-ext-media-tags-0.62.2.jar;C:\Users\TrisetioPutra\.m2\repository\com\vladsch\flexmark\flexmark-ext-macros\0.62.2\flexmark-ext-macros-0.62.2.jar;C:\Users\TrisetioPutra\.m2\repository\com\vladsch\flexmark\flexmark-ext-ins\0.62.2\flexmark-ext-ins-0.62.2.jar;C:\Users\TrisetioPutra\.m2\repository\com\vladsch\flexmark\flexmark-ext-xwiki-macros\0.62.2\flexmark-ext-xwiki-macros-0.62.2.jar;C:\Users\TrisetioPutra\.m2\repository\com\vladsch\flexmark\flexmark-ext-superscript\0.62.2\flexmark-ext-superscript-0.62.2.jar;C:\Users\TrisetioPutra\.m2\repository\com\vladsch\flexmark\flexmark-ext-tables\0.62.2\flexmark-ext-tables-0.62.2.jar;C:\Users\TrisetioPutra\.m2\repository\com\vladsch\flexmark\flexmark-ext-toc\0.62.2\flexmark-ext-toc-0.62.2.jar;C:\Users\TrisetioPutra\.m2\repository\com\vladsch\flexmark\flexmark-ext-typographic\0.62.2\flexmark-ext-typographic-0.62.2.jar;C:\Users\TrisetioPutra\.m2\repository\com\vladsch\flexmark\flexmark-ext-wikilink\0.62.2\flexmark-ext-wikilink-0.62.2.jar;C:\Users\TrisetioPutra\.m2\repository\com\vladsch\flexmark\flexmark-ext-yaml-front-matter\0.62.2\flexmark-ext-yaml-front-matter-0.62.2.jar;C:\Users\TrisetioPutra\.m2\repository\com\vladsch\flexmark\flexmark-ext-youtube-embedded\0.62.2\flexmark-ext-youtube-embedded-0.62.2.jar;C:\Users\TrisetioPutra\.m2\repository\com\vladsch\flexmark\flexmark-html2md-converter\0.62.2\flexmark-html2md-converter-0.62.2.jar;C:\Users\TrisetioPutra\.m2\repository\com\vladsch\flexmark\flexmark-jira-converter\0.62.2\flexmark-jira-converter-0.62.2.jar;C:\Users\TrisetioPutra\.m2\repository\com\vladsch\flexmark\flexmark-pdf-converter\0.62.2\flexmark-pdf-converter-0.62.2.jar;C:\Users\TrisetioPutra\.m2\repository\com\openhtmltopdf\openhtmltopdf-core\1.0.0\openhtmltopdf-core-1.0.0.jar;C:\Users\TrisetioPutra\.m2\repository\com\openhtmltopdf\openhtmltopdf-pdfbox\1.0.0\openhtmltopdf-pdfbox-1.0.0.jar;C:\Users\TrisetioPutra\.m2\repository\org\apache\pdfbox\pdfbox\2.0.16\pdfbox-2.0.16.jar;C:\Users\TrisetioPutra\.m2\repository\org\apache\pdfbox\fontbox\2.0.16\fontbox-2.0.16.jar;C:\Users\TrisetioPutra\.m2\repository\org\apache\pdfbox\xmpbox\2.0.16\xmpbox-2.0.16.jar;C:\Users\TrisetioPutra\.m2\repository\de\rototor\pdfbox\graphics2d\0.24\graphics2d-0.24.jar;C:\Users\TrisetioPutra\.m2\repository\com\openhtmltopdf\openhtmltopdf-rtl-support\1.0.0\openhtmltopdf-rtl-support-1.0.0.jar;C:\Users\TrisetioPutra\.m2\repository\com\openhtmltopdf\openhtmltopdf-jsoup-dom-converter\1.0.0\openhtmltopdf-jsoup-dom-converter-1.0.0.jar;C:\Users\TrisetioPutra\.m2\repository\com\vladsch\flexmark\flexmark-profile-pegdown\0.62.2\flexmark-profile-pegdown-0.62.2.jar;C:\Users\TrisetioPutra\.m2\repository\com\vladsch\flexmark\flexmark-util-ast\0.62.2\flexmark-util-ast-0.62.2.jar;C:\Users\TrisetioPutra\.m2\repository\com\vladsch\flexmark\flexmark-util-builder\0.62.2\flexmark-util-builder-0.62.2.jar;C:\Users\TrisetioPutra\.m2\repository\com\vladsch\flexmark\flexmark-util-collection\0.62.2\flexmark-util-collection-0.62.2.jar;C:\Users\TrisetioPutra\.m2\repository\com\vladsch\flexmark\flexmark-util-data\0.62.2\flexmark-util-data-0.62.2.jar;C:\Users\TrisetioPutra\.m2\repository\com\vladsch\flexmark\flexmark-util-dependency\0.62.2\flexmark-util-dependency-0.62.2.jar;C:\Users\TrisetioPutra\.m2\repository\com\vladsch\flexmark\flexmark-util-format\0.62.2\flexmark-util-format-0.62.2.jar;C:\Users\TrisetioPutra\.m2\repository\com\vladsch\flexmark\flexmark-util-html\0.62.2\flexmark-util-html-0.62.2.jar;C:\Users\TrisetioPutra\.m2\repository\com\vladsch\flexmark\flexmark-util-misc\0.62.2\flexmark-util-misc-0.62.2.jar;C:\Users\TrisetioPutra\.m2\repository\com\vladsch\flexmark\flexmark-util-options\0.62.2\flexmark-util-options-0.62.2.jar;C:\Users\TrisetioPutra\.m2\repository\com\vladsch\flexmark\flexmark-util-sequence\0.62.2\flexmark-util-sequence-0.62.2.jar;C:\Users\TrisetioPutra\.m2\repository\com\vladsch\flexmark\flexmark-util-visitor\0.62.2\flexmark-util-visitor-0.62.2.jar;C:\Users\TrisetioPutra\.m2\repository\com\vladsch\flexmark\flexmark-youtrack-converter\0.62.2\flexmark-youtrack-converter-0.62.2.jar;C:\Users\TrisetioPutra\.m2\repository\com\ibm\icu\icu4j\72.1\icu4j-72.1.jar;C:\Users\TrisetioPutra\.m2\repository\es\nitaur\markdown\txtmark\0.16\txtmark-0.16.jar;C:\Users\TrisetioPutra\.m2\repository\net\serenity-bdd\serenity-report-resources\3.6.21\serenity-report-resources-3.6.21.jar;C:\Users\TrisetioPutra\.m2\repository\com\google\code\gson\gson\2.10.1\gson-2.10.1.jar;C:\Users\TrisetioPutra\.m2\repository\com\fasterxml\jackson\core\jackson-core\2.15.0-rc1\jackson-core-2.15.0-rc1.jar;C:\Users\TrisetioPutra\.m2\repository\com\fasterxml\jackson\core\jackson-databind\2.15.0-rc1\jackson-databind-2.15.0-rc1.jar;C:\Users\TrisetioPutra\.m2\repository\com\fasterxml\jackson\core\jackson-annotations\2.15.0-rc1\jackson-annotations-2.15.0-rc1.jar;C:\Users\TrisetioPutra\.m2\repository\commons-codec\commons-codec\1.15\commons-codec-1.15.jar;C:\Users\TrisetioPutra\.m2\repository\commons-io\commons-io\2.11.0\commons-io-2.11.0.jar;C:\Users\TrisetioPutra\.m2\repository\org\apache\httpcomponents\httpclient\4.5.13\httpclient-4.5.13.jar;C:\Users\TrisetioPutra\.m2\repository\org\apache\httpcomponents\httpcore\4.4.13\httpcore-4.4.13.jar;C:\Users\TrisetioPutra\.m2\repository\commons-logging\commons-logging\1.2\commons-logging-1.2.jar;C:\Users\TrisetioPutra\.m2\repository\org\seleniumhq\selenium\selenium-java\4.8.1\selenium-java-4.8.1.jar;C:\Users\TrisetioPutra\.m2\repository\org\seleniumhq\selenium\selenium-devtools-v108\4.8.1\selenium-devtools-v108-4.8.1.jar;C:\Users\TrisetioPutra\.m2\repository\org\seleniumhq\selenium\selenium-devtools-v109\4.8.1\selenium-devtools-v109-4.8.1.jar;C:\Users\TrisetioPutra\.m2\repository\org\seleniumhq\selenium\selenium-devtools-v110\4.8.1\selenium-devtools-v110-4.8.1.jar;C:\Users\TrisetioPutra\.m2\repository\org\seleniumhq\selenium\selenium-devtools-v85\4.8.1\selenium-devtools-v85-4.8.1.jar;C:\Users\TrisetioPutra\.m2\repository\org\seleniumhq\selenium\selenium-remote-driver\4.8.1\selenium-remote-driver-4.8.1.jar;C:\Users\TrisetioPutra\.m2\repository\com\beust\jcommander\1.82\jcommander-1.82.jar;C:\Users\TrisetioPutra\.m2\repository\io\netty\netty-buffer\4.1.87.Final\netty-buffer-4.1.87.Final.jar;C:\Users\TrisetioPutra\.m2\repository\io\netty\netty-codec-http\4.1.87.Final\netty-codec-http-4.1.87.Final.jar;C:\Users\TrisetioPutra\.m2\repository\io\netty\netty-codec\4.1.87.Final\netty-codec-4.1.87.Final.jar;C:\Users\TrisetioPutra\.m2\repository\io\netty\netty-handler\4.1.87.Final\netty-handler-4.1.87.Final.jar;C:\Users\TrisetioPutra\.m2\repository\io\netty\netty-common\4.1.87.Final\netty-common-4.1.87.Final.jar;C:\Users\TrisetioPutra\.m2\repository\io\netty\netty-transport-classes-epoll\4.1.87.Final\netty-transport-classes-epoll-4.1.87.Final.jar;C:\Users\TrisetioPutra\.m2\repository\io\netty\netty-transport-classes-kqueue\4.1.87.Final\netty-transport-classes-kqueue-4.1.87.Final.jar;C:\Users\TrisetioPutra\.m2\repository\io\netty\netty-transport-native-epoll\4.1.87.Final\netty-transport-native-epoll-4.1.87.Final.jar;C:\Users\TrisetioPutra\.m2\repository\io\netty\netty-transport-native-kqueue\4.1.87.Final\netty-transport-native-kqueue-4.1.87.Final.jar;C:\Users\TrisetioPutra\.m2\repository\io\netty\netty-transport-native-unix-common\4.1.87.Final\netty-transport-native-unix-common-4.1.87.Final.jar;C:\Users\TrisetioPutra\.m2\repository\io\netty\netty-transport\4.1.87.Final\netty-transport-4.1.87.Final.jar;C:\Users\TrisetioPutra\.m2\repository\io\netty\netty-resolver\4.1.87.Final\netty-resolver-4.1.87.Final.jar;C:\Users\TrisetioPutra\.m2\repository\io\opentelemetry\opentelemetry-api\1.22.0\opentelemetry-api-1.22.0.jar;C:\Users\TrisetioPutra\.m2\repository\io\opentelemetry\opentelemetry-context\1.22.0\opentelemetry-context-1.22.0.jar;C:\Users\TrisetioPutra\.m2\repository\io\opentelemetry\opentelemetry-exporter-logging\1.22.0\opentelemetry-exporter-logging-1.22.0.jar;C:\Users\TrisetioPutra\.m2\repository\io\opentelemetry\opentelemetry-sdk-metrics\1.22.0\opentelemetry-sdk-metrics-1.22.0.jar;C:\Users\TrisetioPutra\.m2\repository\io\opentelemetry\opentelemetry-sdk-logs\1.22.0-alpha\opentelemetry-sdk-logs-1.22.0-alpha.jar;C:\Users\TrisetioPutra\.m2\repository\io\opentelemetry\opentelemetry-api-logs\1.22.0-alpha\opentelemetry-api-logs-1.22.0-alpha.jar;C:\Users\TrisetioPutra\.m2\repository\io\opentelemetry\opentelemetry-sdk-common\1.22.0\opentelemetry-sdk-common-1.22.0.jar;C:\Users\TrisetioPutra\.m2\repository\io\opentelemetry\opentelemetry-sdk-extension-autoconfigure-spi\1.22.0\opentelemetry-sdk-extension-autoconfigure-spi-1.22.0.jar;C:\Users\TrisetioPutra\.m2\repository\io\opentelemetry\opentelemetry-sdk-extension-autoconfigure\1.22.0-alpha\opentelemetry-sdk-extension-autoconfigure-1.22.0-alpha.jar;C:\Users\TrisetioPutra\.m2\repository\io\opentelemetry\opentelemetry-sdk-trace\1.22.0\opentelemetry-sdk-trace-1.22.0.jar;C:\Users\TrisetioPutra\.m2\repository\io\opentelemetry\opentelemetry-sdk\1.22.0\opentelemetry-sdk-1.22.0.jar;C:\Users\TrisetioPutra\.m2\repository\io\opentelemetry\opentelemetry-semconv\1.22.0-alpha\opentelemetry-semconv-1.22.0-alpha.jar;C:\Users\TrisetioPutra\.m2\repository\io\ous\jtoml\2.0.0\jtoml-2.0.0.jar;C:\Users\TrisetioPutra\.m2\repository\org\apache\commons\commons-exec\1.3\commons-exec-1.3.jar;C:\Users\TrisetioPutra\.m2\repository\org\asynchttpclient\async-http-client\2.12.3\async-http-client-2.12.3.jar;C:\Users\TrisetioPutra\.m2\repository\org\asynchttpclient\async-http-client-netty-utils\2.12.3\async-http-client-netty-utils-2.12.3.jar;C:\Users\TrisetioPutra\.m2\repository\io\netty\netty-codec-socks\4.1.60.Final\netty-codec-socks-4.1.60.Final.jar;C:\Users\TrisetioPutra\.m2\repository\io\netty\netty-handler-proxy\4.1.60.Final\netty-handler-proxy-4.1.60.Final.jar;C:\Users\TrisetioPutra\.m2\repository\io\netty\netty-transport-native-epoll\4.1.60.Final\netty-transport-native-epoll-4.1.60.Final-linux-x86_64.jar;C:\Users\TrisetioPutra\.m2\repository\io\netty\netty-transport-native-kqueue\4.1.60.Final\netty-transport-native-kqueue-4.1.60.Final-osx-x86_64.jar;C:\Users\TrisetioPutra\.m2\repository\org\reactivestreams\reactive-streams\1.0.3\reactive-streams-1.0.3.jar;C:\Users\TrisetioPutra\.m2\repository\com\typesafe\netty\netty-reactive-streams\2.0.4\netty-reactive-streams-2.0.4.jar;C:\Users\TrisetioPutra\.m2\repository\org\seleniumhq\selenium\selenium-manager\4.8.1\selenium-manager-4.8.1.jar;C:\Users\TrisetioPutra\.m2\repository\org\seleniumhq\selenium\selenium-safari-driver\4.8.1\selenium-safari-driver-4.8.1.jar;C:\Users\TrisetioPutra\.m2\repository\org\seleniumhq\selenium\selenium-api\4.8.1\selenium-api-4.8.1.jar;C:\Users\TrisetioPutra\.m2\repository\org\seleniumhq\selenium\selenium-support\4.8.1\selenium-support-4.8.1.jar;C:\Users\TrisetioPutra\.m2\repository\com\google\auto\service\auto-service-annotations\1.0.1\auto-service-annotations-1.0.1.jar;C:\Users\TrisetioPutra\.m2\repository\com\google\auto\service\auto-service\1.0.1\auto-service-1.0.1.jar;C:\Users\TrisetioPutra\.m2\repository\com\google\auto\auto-common\1.2\auto-common-1.2.jar;C:\Users\TrisetioPutra\.m2\repository\org\seleniumhq\selenium\selenium-json\4.8.1\selenium-json-4.8.1.jar;C:\Users\TrisetioPutra\.m2\repository\org\seleniumhq\selenium\selenium-chrome-driver\4.8.1\selenium-chrome-driver-4.8.1.jar;C:\Users\TrisetioPutra\.m2\repository\org\seleniumhq\selenium\selenium-chromium-driver\4.8.1\selenium-chromium-driver-4.8.1.jar;C:\Users\TrisetioPutra\.m2\repository\org\seleniumhq\selenium\selenium-firefox-driver\4.8.1\selenium-firefox-driver-4.8.1.jar;C:\Users\TrisetioPutra\.m2\repository\org\seleniumhq\selenium\selenium-http\4.8.1\selenium-http-4.8.1.jar;C:\Users\TrisetioPutra\.m2\repository\dev\failsafe\failsafe\3.3.0\failsafe-3.3.0.jar;C:\Users\TrisetioPutra\.m2\repository\org\seleniumhq\selenium\selenium-edge-driver\4.8.1\selenium-edge-driver-4.8.1.jar;C:\Users\TrisetioPutra\.m2\repository\org\seleniumhq\selenium\selenium-ie-driver\4.8.1\selenium-ie-driver-4.8.1.jar;C:\Users\TrisetioPutra\.m2\repository\org\projectlombok\lombok\1.18.20\lombok-1.18.20.jar;C:\Users\TrisetioPutra\.m2\repository\io\appium\java-client\8.3.0\java-client-8.3.0.jar;C:\Users\TrisetioPutra\.m2\repository\commons-validator\commons-validator\1.7\commons-validator-1.7.jar;C:\Users\TrisetioPutra\.m2\repository\commons-digester\commons-digester\2.1\commons-digester-2.1.jar;C:\Users\TrisetioPutra\.m2\repository\org\apache\groovy\groovy\4.0.10\groovy-4.0.10.jar;C:\Users\TrisetioPutra\.m2\repository\net\sf\opencsv\opencsv\2.0\opencsv-2.0.jar;C:\Users\TrisetioPutra\.m2\repository\commons-beanutils\commons-beanutils\1.9.4\commons-beanutils-1.9.4.jar;C:\Users\TrisetioPutra\.m2\repository\org\apache\commons\commons-lang3\3.12.0\commons-lang3-3.12.0.jar;C:\Users\TrisetioPutra\.m2\repository\commons-collections\commons-collections\3.2.2\commons-collections-3.2.2.jar;C:\Users\TrisetioPutra\.m2\repository\org\fluentlenium\fluentlenium-core\0.10.2\fluentlenium-core-0.10.2.jar;C:\Users\TrisetioPutra\.m2\repository\io\github\bonigarcia\webdrivermanager\5.3.0\webdrivermanager-5.3.0.jar;C:\Users\TrisetioPutra\.m2\repository\com\github\docker-java\docker-java\3.2.13\docker-java-3.2.13.jar;C:\Users\TrisetioPutra\.m2\repository\com\github\docker-java\docker-java-core\3.2.13\docker-java-core-3.2.13.jar;C:\Users\TrisetioPutra\.m2\repository\com\github\docker-java\docker-java-api\3.2.13\docker-java-api-3.2.13.jar;C:\Users\TrisetioPutra\.m2\repository\org\apache\commons\commons-compress\1.21\commons-compress-1.21.jar;C:\Users\TrisetioPutra\.m2\repository\org\bouncycastle\bcpkix-jdk15on\1.64\bcpkix-jdk15on-1.64.jar;C:\Users\TrisetioPutra\.m2\repository\org\bouncycastle\bcprov-jdk15on\1.64\bcprov-jdk15on-1.64.jar;C:\Users\TrisetioPutra\.m2\repository\org\slf4j\jcl-over-slf4j\1.7.30\jcl-over-slf4j-1.7.30.jar;C:\Users\TrisetioPutra\.m2\repository\com\github\docker-java\docker-java-transport-httpclient5\3.2.13\docker-java-transport-httpclient5-3.2.13.jar;C:\Users\TrisetioPutra\.m2\repository\com\github\docker-java\docker-java-transport\3.2.13\docker-java-transport-3.2.13.jar;C:\Users\TrisetioPutra\.m2\repository\net\java\dev\jna\jna\5.8.0\jna-5.8.0.jar;C:\Users\TrisetioPutra\.m2\repository\org\brotli\dec\0.1.2\dec-0.1.2.jar;C:\Users\TrisetioPutra\.m2\repository\org\apache\httpcomponents\client5\httpclient5\5.1.3\httpclient5-5.1.3.jar;C:\Users\TrisetioPutra\.m2\repository\org\apache\httpcomponents\core5\httpcore5\5.1.3\httpcore5-5.1.3.jar;C:\Users\TrisetioPutra\.m2\repository\org\apache\httpcomponents\core5\httpcore5-h2\5.1.3\httpcore5-h2-5.1.3.jar;C:\Users\TrisetioPutra\.m2\repository\com\jhlabs\filters\2.0.235\filters-2.0.235.jar;C:\Users\TrisetioPutra\.m2\repository\com\paulhammant\ngwebdriver\1.1.6\ngwebdriver-1.1.6.jar;C:\Users\TrisetioPutra\.m2\repository\joda-time\joda-time\2.12.2\joda-time-2.12.2.jar;C:\Users\TrisetioPutra\.m2\repository\org\hamcrest\hamcrest\2.2\hamcrest-2.2.jar;C:\Users\TrisetioPutra\.m2\repository\com\google\jimfs\jimfs\1.2\jimfs-1.2.jar;C:\Users\TrisetioPutra\.m2\repository\org\mockito\mockito-core\3.3.3\mockito-core-3.3.3.jar;C:\Users\TrisetioPutra\.m2\repository\javax\xml\bind\jaxb-api\2.3.1\jaxb-api-2.3.1.jar;C:\Users\TrisetioPutra\.m2\repository\javax\activation\javax.activation-api\1.2.0\javax.activation-api-1.2.0.jar;C:\Users\TrisetioPutra\.m2\repository\com\sun\xml\bind\jaxb-core\2.3.0.1\jaxb-core-2.3.0.1.jar;C:\Users\TrisetioPutra\.m2\repository\com\sun\xml\bind\jaxb-impl\2.3.3\jaxb-impl-2.3.3.jar;C:\Users\TrisetioPutra\.m2\repository\jakarta\xml\bind\jakarta.xml.bind-api\2.3.3\jakarta.xml.bind-api-2.3.3.jar;C:\Users\TrisetioPutra\.m2\repository\com\sun\activation\jakarta.activation\1.2.2\jakarta.activation-1.2.2.jar;C:\Users\TrisetioPutra\.m2\repository\javax\activation\activation\1.1.1\activation-1.1.1.jar;C:\Users\TrisetioPutra\.m2\repository\net\serenity-bdd\serenity-cucumber\3.6.21\serenity-cucumber-3.6.21.jar;C:\Users\TrisetioPutra\.m2\repository\io\cucumber\cucumber-core\7.11.0\cucumber-core-7.11.0.jar;C:\Users\TrisetioPutra\.m2\repository\io\cucumber\cucumber-gherkin\7.11.0\cucumber-gherkin-7.11.0.jar;C:\Users\TrisetioPutra\.m2\repository\io\cucumber\cucumber-gherkin-messages\7.11.0\cucumber-gherkin-messages-7.11.0.jar;C:\Users\TrisetioPutra\.m2\repository\io\cucumber\gherkin\26.0.3\gherkin-26.0.3.jar;C:\Users\TrisetioPutra\.m2\repository\io\cucumber\messages\21.0.1\messages-21.0.1.jar;C:\Users\TrisetioPutra\.m2\repository\io\cucumber\tag-expressions\5.0.1\tag-expressions-5.0.1.jar;C:\Users\TrisetioPutra\.m2\repository\io\cucumber\cucumber-expressions\16.1.1\cucumber-expressions-16.1.1.jar;C:\Users\TrisetioPutra\.m2\repository\io\cucumber\datatable\7.11.0\datatable-7.11.0.jar;C:\Users\TrisetioPutra\.m2\repository\io\cucumber\cucumber-plugin\7.11.0\cucumber-plugin-7.11.0.jar;C:\Users\TrisetioPutra\.m2\repository\io\cucumber\docstring\7.11.0\docstring-7.11.0.jar;C:\Users\TrisetioPutra\.m2\repository\io\cucumber\html-formatter\20.2.1\html-formatter-20.2.1.jar;C:\Users\TrisetioPutra\.m2\repository\io\cucumber\junit-xml-formatter\0.1.0\junit-xml-formatter-0.1.0.jar;C:\Users\TrisetioPutra\.m2\repository\io\cucumber\ci-environment\9.1.0\ci-environment-9.1.0.jar;C:\Users\TrisetioPutra\.m2\repository\io\cucumber\cucumber-java\7.11.0\cucumber-java-7.11.0.jar;C:\Users\TrisetioPutra\.m2\repository\io\cucumber\cucumber-junit\7.11.0\cucumber-junit-7.11.0.jar;C:\Users\TrisetioPutra\.m2\repository\org\apache\commons\commons-csv\1.5\commons-csv-1.5.jar;C:\Users\TrisetioPutra\.m2\repository\net\serenity-bdd\serenity-screenplay\3.6.21\serenity-screenplay-3.6.21.jar;C:\Users\TrisetioPutra\.m2\repository\net\serenity-bdd\serenity-screenplay-webdriver\3.6.21\serenity-screenplay-webdriver-3.6.21.jar;C:\Users\TrisetioPutra\.m2\repository\net\serenity-bdd\serenity-ensure\3.6.21\serenity-ensure-3.6.21.jar;C:\Users\TrisetioPutra\.m2\repository\net\serenity-bdd\serenity-junit\3.6.21\serenity-junit-3.6.21.jar;C:\Users\TrisetioPutra\.m2\repository\org\jetbrains\kotlin\kotlin-stdlib\1.8.10\kotlin-stdlib-1.8.10.jar;C:\Users\TrisetioPutra\.m2\repository\org\jetbrains\kotlin\kotlin-stdlib-common\1.8.10\kotlin-stdlib-common-1.8.10.jar;C:\Users\TrisetioPutra\.m2\repository\org\jetbrains\annotations\13.0\annotations-13.0.jar;C:\Users\TrisetioPutra\.m2\repository\org\junit\platform\junit-platform-launcher\1.8.2\junit-platform-launcher-1.8.2.jar;C:\Users\TrisetioPutra\.m2\repository\org\junit\platform\junit-platform-engine\1.8.2\junit-platform-engine-1.8.2.jar;C:\Users\TrisetioPutra\.m2\repository\org\opentest4j\opentest4j\1.2.0\opentest4j-1.2.0.jar;C:\Users\TrisetioPutra\.m2\repository\org\junit\platform\junit-platform-commons\1.8.2\junit-platform-commons-1.8.2.jar;C:\Users\TrisetioPutra\.m2\repository\org\apiguardian\apiguardian-api\1.1.2\apiguardian-api-1.1.2.jar;C:\Users\TrisetioPutra\.m2\repository\org\junit\jupiter\junit-jupiter-engine\5.8.2\junit-jupiter-engine-5.8.2.jar;C:\Users\TrisetioPutra\.m2\repository\org\junit\jupiter\junit-jupiter-api\5.8.2\junit-jupiter-api-5.8.2.jar;C:\Users\TrisetioPutra\.m2\repository\org\junit\vintage\junit-vintage-engine\5.8.2\junit-vintage-engine-5.8.2.jar;C:\Users\TrisetioPutra\.m2\repository\junit\junit\4.13.2\junit-4.13.2.jar;C:\Users\TrisetioPutra\.m2\repository\org\hamcrest\hamcrest-core\1.3\hamcrest-core-1.3.jar;C:\Users\TrisetioPutra\.m2\repository\ch\qos\logback\logback-classic\1.2.10\logback-classic-1.2.10.jar;C:\Users\TrisetioPutra\.m2\repository\ch\qos\logback\logback-core\1.2.10\logback-core-1.2.10.jar;C:\Users\TrisetioPutra\.m2\repository\org\slf4j\slf4j-api\1.7.32\slf4j-api-1.7.32.jar;C:\Users\TrisetioPutra\.m2\repository\org\assertj\assertj-core\3.23.1\assertj-core-3.23.1.jar;C:\Users\TrisetioPutra\.m2\repository\net\bytebuddy\byte-buddy\1.12.10\byte-buddy-1.12.10.jar;C:\Users\TrisetioPutra\.m2\repository\org\apache\maven\surefire\surefire-junit-platform\3.0.0-M5\surefire-junit-platform-3.0.0-M5.jar;C:\Users\TrisetioPutra\.m2\repository\org\apache\maven\surefire\common-java5\3.0.0-M5\common-java5-3.0.0-M5.jar"/>
    <property name="user.script" value=""/>
    <property name="java.protocol.handler.pkgs" value="com.google.common"/>
    <property name="sun.management.compiler" value="HotSpot 64-Bit Tiered Compilers"/>
    <property name="java.runtime.version" value="19+36-2238"/>
    <property name="user.name" value="TrisetioPutra"/>
    <property name="stdout.encoding" value="Cp1252"/>
    <property name="path.separator" value=";"/>
    <property name="os.version" value="10.0"/>
    <property name="java.runtime.name" value="Java(TM) SE Runtime Environment"/>
    <property name="file.encoding" value="UTF-8"/>
    <property name="webdriver.base.url" value=""/>
    <property name="java.vm.name" value="Java HotSpot(TM) 64-Bit Server VM"/>
    <property name="localRepository" value="C:\Users\TrisetioPutra\.m2\repository"/>
    <property name="java.vendor.url.bug" value="https://bugreport.java.com/bugreport/"/>
    <property name="java.io.tmpdir" value="C:\Users\TRISET~1\AppData\Local\Temp\"/>
    <property name="java.version" value="19"/>
    <property name="user.dir" value="C:\Users\TrisetioPutra\Documents\serenity_sauce\serenity-sepulsa"/>
    <property name="os.arch" value="amd64"/>
    <property name="java.vm.specification.name" value="Java Virtual Machine Specification"/>
    <property name="sun.os.patch.level" value=""/>
    <property name="native.encoding" value="Cp1252"/>
    <property name="java.library.path" value="C:\Program Files\Java\jdk-19\bin;C:\WINDOWS\Sun\Java\bin;C:\WINDOWS\system32;C:\WINDOWS;C:\Program Files\Common Files\Oracle\Java\javapath;C:\Windows\system32;C:\Windows;C:\Windows\System32\Wbem;C:\Windows\System32\WindowsPowerShell\v1.0\;C:\Windows\System32\OpenSSH\;C:\Program Files (x86)\NVIDIA Corporation\PhysX\Common;C:\Program Files\nodejs\;C:\Program Files\Git\cmd;C:\WINDOWS\system32;C:\WINDOWS;C:\WINDOWS\System32\Wbem;C:\WINDOWS\System32\WindowsPowerShell\v1.0\;C:\WINDOWS\System32\OpenSSH\;C:\ProgramData\chocolatey\bin;C:\Program Files\NVIDIA Corporation\NVIDIA NvDLISR;C:\Users\TrisetioPutra\AppData\Local\Programs\Python\Python310\Scripts;C:\Program Files\Java\jdk-19\bin;C:\Users\TrisetioPutra\Downloads\apache-maven-3.8.8-bin\apache-maven-3.8.8\bin;C:\Users\TrisetioPutra\AppData\Local\Microsoft\WindowsApps;C:\Users\TrisetioPutra\AppData\Roaming\npm;C:\Users\TrisetioPutra\AppData\Local\Programs\Microsoft VS Code\bin;C:\tools\dart-sdk\bin;C:\Users\TrisetioPutra\AppData\Roaming\Pub\Cache\bin;C:\Users\TrisetioPutra\fvm\versions\2.5.0\bin\cache\dart-sdk\bin;C:\Users\TrisetioPutra\fvm\versions\2.5.0\bin;C:\Users\TrisetioPutra\Downloads\platform-tools_r33.0.2-windows\platform-tools;C:\Program Files (x86)\BrowserStackLoca2l\;."/>
    <property name="java.vm.info" value="mixed mode"/>
    <property name="stderr.encoding" value="Cp1252"/>
    <property name="java.vendor" value="Oracle Corporation"/>
    <property name="java.vm.version" value="19+36-2238"/>
    <property name="sun.io.unicode.encoding" value="UnicodeLittle"/>
    <property name="java.class.version" value="63.0"/>
  </properties>
  <testcase name="As a user i want to be able to order pulsa product" classname="order" time="17.503">
    <system-out><![CDATA[20:26:48.548 [main] DEBUG net.thucydides.core.guice.Injectors - Created injector for module net.thucydides.core.guice.ThucydidesModule
20:26:48.813 [main] DEBUG io.cucumber.core.plugin.SerenityReporter - Running feature from file:///C:/Users/TrisetioPutra/Documents/serenity_sauce/serenity-sepulsa/src/test/resources/features/Order.feature
20:26:48.976 [main] DEBUG net.thucydides.core.guice.Injectors - Created injector for module net.thucydides.core.guice.webdriver.WebDriverModule
20:26:49.010 [main] INFO  - 

-------------------------------------------------------------------------------------
     _______. _______ .______       _______ .__   __.  __  .___________.____    ____ 
    /       ||   ____||   _  \     |   ____||  \ |  | |  | |           |\   \  /   / 
   |   (----`|  |__   |  |_)  |    |  |__   |   \|  | |  | `---|  |----` \   \/   /  
    \   \    |   __|  |      /     |   __|  |  . `  | |  |     |  |       \_    _/   
.----)   |   |  |____ |  |\  \----.|  |____ |  |\   | |  |     |  |         |  |     
|_______/    |_______|| _| `._____||_______||__| \__| |__|     |__|         |__|    
                                                                                     
 News and tutorials at http://www.serenity-bdd.info                                  
 Documentation at https://wakaleo.gitbooks.io/the-serenity-book/content/             
 Join the Serenity Community on Gitter: https://gitter.im/serenity-bdd/serenity-core 
 Serenity BDD Support and Training at http://serenity-bdd.info/#/trainingandsupport  
-------------------------------------------------------------------------------------

20:26:49.013 [main] DEBUG net.thucydides.core.steps.StepEventBus - Test suite started for story net.thucydides.core.model.Story@cc4b76a8
20:26:49.015 [main] INFO  - Test Suite Started: Order
20:26:49.028 [main] DEBUG io.cucumber.core.plugin.SerenityReporter - Running feature from file:///C:/Users/TrisetioPutra/Documents/serenity_sauce/serenity-sepulsa/src/test/resources/features/Order.feature
20:26:49.031 [main] DEBUG net.thucydides.core.steps.StepEventBus - Test suite started for story net.thucydides.core.model.Story@cc4b76a8
20:26:49.031 [main] INFO  - Test Suite Started: Order

@order
Scenario Outline: As a user i want to be able to order pulsa product &amp#27;[90m# src/test/resources/features/Order.feature:17&amp#27;[0m
20:26:49.106 [main] DEBUG io.cucumber.core.plugin.SerenityReporter - Running feature from file:///C:/Users/TrisetioPutra/Documents/serenity_sauce/serenity-sepulsa/src/test/resources/features/Order.feature
20:26:49.208 [main] INFO  - 
  _____   ___   ___   _____     ___   _____     _     ___   _____   ___   ___  
 |_   _| | __| / __| |_   _|   / __| |_   _|   /_\   | _ \ |_   _| | __| |   \ 
   | |   | _|  \__ \   | |     \__ \   | |    / _ \  |   /   | |   | _|  | |) |
   |_|   |___| |___/   |_|     |___/   |_|   /_/ \_\ |_|_\   |_|   |___| |___/ 

As a user i want to be able to order pulsa product(order;as-a-user-i-want-to-be-able-to-order-pulsa-product)
--------------------------------------------------------------------------------
20:26:49.265 [main] DEBUG net.thucydides.core.requirements.model.cucumber.CucumberParser - Loading feature C:\Users\TrisetioPutra\Documents\serenity_sauce\serenity-sepulsa\src\test\resources\features\Login.feature
20:26:49.273 [main] DEBUG net.thucydides.core.requirements.model.cucumber.CucumberParser - Loading feature C:\Users\TrisetioPutra\Documents\serenity_sauce\serenity-sepulsa\src\test\resources\features\Order.feature
20:26:49.289 [main] DEBUG net.thucydides.core.requirements.model.cucumber.CucumberParser - Loading feature C:\Users\TrisetioPutra\Documents\serenity_sauce\serenity-sepulsa\src\test\resources\features\Product.feature
20:26:49.934 [main] INFO net.serenitybdd.core.webdriver.driverproviders.DriverProvider - Using WebDriverManager configuration for chrome
20:26:50.252 [main] DEBUG io.github.bonigarcia.wdm.cache.ResolutionCache - Resolution chrome=111 in cache (valid until 20:30:25 04/04/2023 WIB)
20:26:50.253 [main] DEBUG io.github.bonigarcia.wdm.cache.ResolutionCache - Resolution chrome111=111.0.5563.64 in cache (valid until 19:30:25 05/04/2023 WIB)
20:26:50.253 [main] INFO io.github.bonigarcia.wdm.WebDriverManager - Using chromedriver 111.0.5563.64 (resolved driver for Chrome 111)
20:26:50.267 [main] DEBUG io.github.bonigarcia.wdm.WebDriverManager - Driver chromedriver 111.0.5563.64 found in cache
20:26:50.268 [main] INFO io.github.bonigarcia.wdm.WebDriverManager - Exporting webdriver.chrome.driver as C:\Users\TrisetioPutra\.cache\selenium\chromedriver\win32\111.0.5563.64\chromedriver.exe
20:26:50.330 [main] INFO net.serenitybdd.core.webdriver.driverproviders.ChromeDriverProvider - Starting Chrome driver instance with capabilities:
20:26:50.332 [main] INFO net.serenitybdd.core.webdriver.driverproviders.ChromeDriverProvider - Capabilities {acceptInsecureCerts: true, browserName: chrome, goog:chromeOptions: {args: [remote-allow-origins=*, test-type, no-sandbox, ignore-certificate-errors, --window-size=1000,800, incognito, disable-infobars, disable-gpu, disable-default-apps, disable-popup-blocking, remote-allow-origins=*, test-type, no-sandbox, ignore-certificate-errors, --window-size=1000,800, incognito, disable-infobars, disable-gpu, disable-default-apps, disable-popup-blocking, remote-allow-origins=*], extensions: []}}
20:26:50.414 [main] DEBUG io.netty.util.internal.logging.InternalLoggerFactory - Using SLF4J as the default logging framework
20:26:50.416 [main] DEBUG io.netty.util.ResourceLeakDetector - -Dio.netty.leakDetection.level: simple
20:26:50.417 [main] DEBUG io.netty.util.ResourceLeakDetector - -Dio.netty.leakDetection.targetRecords: 4
20:26:50.419 [main] DEBUG io.netty.util.ResourceLeakDetectorFactory - Loaded default ResourceLeakDetector: io.netty.util.ResourceLeakDetector@6ce15112
20:26:50.434 [main] DEBUG io.netty.util.internal.PlatformDependent0 - -Dio.netty.noUnsafe: false
20:26:50.435 [main] DEBUG io.netty.util.internal.PlatformDependent0 - Java version: 19
20:26:50.435 [main] DEBUG io.netty.util.internal.PlatformDependent0 - sun.misc.Unsafe.theUnsafe: available
20:26:50.436 [main] DEBUG io.netty.util.internal.PlatformDependent0 - sun.misc.Unsafe.copyMemory: available
20:26:50.436 [main] DEBUG io.netty.util.internal.PlatformDependent0 - sun.misc.Unsafe.storeFence: available
20:26:50.437 [main] DEBUG io.netty.util.internal.PlatformDependent0 - java.nio.Buffer.address: available
20:26:50.437 [main] DEBUG io.netty.util.internal.PlatformDependent0 - direct buffer constructor: unavailable: Reflective setAccessible(true) disabled
20:26:50.438 [main] DEBUG io.netty.util.internal.PlatformDependent0 - java.nio.Bits.unaligned: available, true
20:26:50.439 [main] DEBUG io.netty.util.internal.PlatformDependent0 - jdk.internal.misc.Unsafe.allocateUninitializedArray(int): unavailable: class io.netty.util.internal.PlatformDependent0$7 cannot access class jdk.internal.misc.Unsafe (in module java.base) because module java.base does not export jdk.internal.misc to unnamed module @c333c60
20:26:50.440 [main] DEBUG io.netty.util.internal.PlatformDependent0 - java.nio.DirectByteBuffer.<init>(long, int): unavailable
20:26:50.440 [main] DEBUG io.netty.util.internal.PlatformDependent - sun.misc.Unsafe: available
20:26:50.442 [main] DEBUG io.netty.util.internal.PlatformDependent - maxDirectMemory: 3720347648 bytes (maybe)
20:26:50.442 [main] DEBUG io.netty.util.internal.PlatformDependent - -Dio.netty.tmpdir: C:\Users\TRISET~1\AppData\Local\Temp (java.io.tmpdir)
20:26:50.442 [main] DEBUG io.netty.util.internal.PlatformDependent - -Dio.netty.bitMode: 64 (sun.arch.data.model)
20:26:50.442 [main] DEBUG io.netty.util.internal.PlatformDependent - Platform: Windows
20:26:50.443 [main] DEBUG io.netty.util.internal.PlatformDependent - -Dio.netty.maxDirectMemory: -1 bytes
20:26:50.443 [main] DEBUG io.netty.util.internal.PlatformDependent - -Dio.netty.uninitializedArrayAllocationThreshold: -1
20:26:50.444 [main] DEBUG io.netty.util.internal.CleanerJava9 - java.nio.ByteBuffer.cleaner(): available
20:26:50.444 [main] DEBUG io.netty.util.internal.PlatformDependent - -Dio.netty.noPreferDirect: false
20:26:50.450 [main] DEBUG io.netty.util.internal.PlatformDependent - org.jctools-core.MpscChunkedArrayQueue: available
20:26:50.466 [main] DEBUG io.netty.util.internal.InternalThreadLocalMap - -Dio.netty.threadLocalMap.stringBuilder.initialSize: 1024
20:26:50.466 [main] DEBUG io.netty.util.internal.InternalThreadLocalMap - -Dio.netty.threadLocalMap.stringBuilder.maxSize: 4096
20:26:50.513 [main] DEBUG io.netty.handler.ssl.JdkSslContext - Default protocols (JDK): [TLSv1.3, TLSv1.2] 
20:26:50.513 [main] DEBUG io.netty.handler.ssl.JdkSslContext - Default cipher suites (JDK): [TLS_ECDHE_ECDSA_WITH_AES_256_GCM_SHA384, TLS_ECDHE_ECDSA_WITH_AES_128_GCM_SHA256, TLS_ECDHE_RSA_WITH_AES_128_GCM_SHA256, TLS_ECDHE_RSA_WITH_AES_256_GCM_SHA384, TLS_ECDHE_RSA_WITH_AES_128_CBC_SHA, TLS_ECDHE_RSA_WITH_AES_256_CBC_SHA, TLS_RSA_WITH_AES_128_GCM_SHA256, TLS_RSA_WITH_AES_128_CBC_SHA, TLS_RSA_WITH_AES_256_CBC_SHA, TLS_AES_128_GCM_SHA256, TLS_AES_256_GCM_SHA384]
20:26:50.535 [main] DEBUG io.netty.channel.MultithreadEventLoopGroup - -Dio.netty.eventLoopThreads: 32
20:26:50.543 [main] DEBUG io.netty.channel.nio.NioEventLoop - -Dio.netty.noKeySetOptimization: false
20:26:50.543 [main] DEBUG io.netty.channel.nio.NioEventLoop - -Dio.netty.selectorAutoRebuildThreshold: 512
20:26:50.619 [main] DEBUG io.netty.buffer.PooledByteBufAllocator - -Dio.netty.allocator.numHeapArenas: 32
20:26:50.619 [main] DEBUG io.netty.buffer.PooledByteBufAllocator - -Dio.netty.allocator.numDirectArenas: 32
20:26:50.619 [main] DEBUG io.netty.buffer.PooledByteBufAllocator - -Dio.netty.allocator.pageSize: 8192
20:26:50.619 [main] DEBUG io.netty.buffer.PooledByteBufAllocator - -Dio.netty.allocator.maxOrder: 9
20:26:50.619 [main] DEBUG io.netty.buffer.PooledByteBufAllocator - -Dio.netty.allocator.chunkSize: 4194304
20:26:50.620 [main] DEBUG io.netty.buffer.PooledByteBufAllocator - -Dio.netty.allocator.smallCacheSize: 256
20:26:50.620 [main] DEBUG io.netty.buffer.PooledByteBufAllocator - -Dio.netty.allocator.normalCacheSize: 64
20:26:50.620 [main] DEBUG io.netty.buffer.PooledByteBufAllocator - -Dio.netty.allocator.maxCachedBufferCapacity: 32768
20:26:50.620 [main] DEBUG io.netty.buffer.PooledByteBufAllocator - -Dio.netty.allocator.cacheTrimInterval: 8192
20:26:50.620 [main] DEBUG io.netty.buffer.PooledByteBufAllocator - -Dio.netty.allocator.cacheTrimIntervalMillis: 0
20:26:50.620 [main] DEBUG io.netty.buffer.PooledByteBufAllocator - -Dio.netty.allocator.useCacheForAllThreads: false
20:26:50.620 [main] DEBUG io.netty.buffer.PooledByteBufAllocator - -Dio.netty.allocator.maxCachedByteBuffersPerChunk: 1023
20:26:50.631 [main] DEBUG io.netty.buffer.ByteBufUtil - -Dio.netty.allocator.type: pooled
20:26:50.631 [main] DEBUG io.netty.buffer.ByteBufUtil - -Dio.netty.threadLocalDirectBufferSize: 0
20:26:50.631 [main] DEBUG io.netty.buffer.ByteBufUtil - -Dio.netty.maxThreadLocalCharBufferSize: 16384
20:26:50.868 [Forwarding newSession on session null to remote] DEBUG io.netty.channel.DefaultChannelId - -Dio.netty.processId: 63580 (auto-detected)
20:26:50.869 [Forwarding newSession on session null to remote] DEBUG io.netty.util.NetUtil - -Djava.net.preferIPv4Stack: false
20:26:50.870 [Forwarding newSession on session null to remote] DEBUG io.netty.util.NetUtil - -Djava.net.preferIPv6Addresses: false
20:26:50.878 [Forwarding newSession on session null to remote] DEBUG io.netty.util.NetUtilInitializations - Loopback interface: lo (Software Loopback Interface 1, 127.0.0.1)
20:26:50.879 [Forwarding newSession on session null to remote] DEBUG io.netty.util.NetUtil - Failed to get SOMAXCONN from sysctl and file \proc\sys\net\core\somaxconn. Default: 200
20:26:50.892 [Forwarding newSession on session null to remote] DEBUG io.netty.channel.DefaultChannelId - -Dio.netty.machineId: 14:5a:fc:ff:fe:17:99:b5 (auto-detected)
20:26:50.930 [AsyncHttpClient-1-2] DEBUG io.netty.buffer.AbstractByteBuf - -Dio.netty.buffer.checkAccessible: true
20:26:50.930 [AsyncHttpClient-1-2] DEBUG io.netty.buffer.AbstractByteBuf - -Dio.netty.buffer.checkBounds: true
20:26:50.930 [AsyncHttpClient-1-2] DEBUG io.netty.util.ResourceLeakDetectorFactory - Loaded default ResourceLeakDetector: io.netty.util.ResourceLeakDetector@2f278a6c
20:26:50.939 [AsyncHttpClient-1-2] DEBUG org.asynchttpclient.netty.channel.NettyConnectListener - Using new Channel '[id: 0xff951329, L:/127.0.0.1:58522 - R:localhost/127.0.0.1:28047]' for 'POST' to '/session'
20:26:50.952 [AsyncHttpClient-1-2] DEBUG io.netty.util.Recycler - -Dio.netty.recycler.maxCapacityPerThread: 4096
20:26:50.952 [AsyncHttpClient-1-2] DEBUG io.netty.util.Recycler - -Dio.netty.recycler.ratio: 8
20:26:50.952 [AsyncHttpClient-1-2] DEBUG io.netty.util.Recycler - -Dio.netty.recycler.chunkSize: 32
20:26:50.952 [AsyncHttpClient-1-2] DEBUG io.netty.util.Recycler - -Dio.netty.recycler.blocking: false
20:26:51.532 [AsyncHttpClient-1-2] DEBUG io.netty.handler.codec.compression.Brotli - brotli4j not in the classpath; Brotli support will be unavailable.
20:26:51.532 [AsyncHttpClient-1-2] DEBUG org.asynchttpclient.netty.handler.HttpHandler - 

Request DefaultHttpRequest(decodeResult: success, version: HTTP/1.1)
POST /session HTTP/1.1
User-Agent: selenium/4.8.1 (java windows)
Content-Length: 1729
Content-Type: application/json; charset=utf-8
host: localhost:28047
accept: */*

Response DefaultHttpResponse(decodeResult: success, version: HTTP/1.1)
HTTP/1.1 200 OK
Content-Length: 862
Content-Type: application/json; charset=utf-8
cache-control: no-cache

20:26:51.537 [AsyncHttpClient-1-2] DEBUG org.asynchttpclient.netty.channel.ChannelManager - Adding key: http://localhost:28047 for channel [id: 0xff951329, L:/127.0.0.1:58522 - R:localhost/127.0.0.1:28047]
20:26:51.559 [AsyncHttpClient-1-1] DEBUG org.asynchttpclient.netty.channel.DefaultChannelPool - Entry count for : http://localhost:28047 : 1
20:26:51.603 [AsyncHttpClient-1-3] DEBUG org.asynchttpclient.netty.channel.NettyConnectListener - Using new Channel '[id: 0xba5c9247, L:/127.0.0.1:58530 - R:localhost/127.0.0.1:58524]' for 'GET' to '/json/version'
20:26:51.608 [AsyncHttpClient-1-3] DEBUG org.asynchttpclient.netty.handler.HttpHandler - 

Request DefaultFullHttpRequest(decodeResult: success, version: HTTP/1.1, content: EmptyByteBufBE)
GET /json/version HTTP/1.1
User-Agent: selenium/4.8.1 (java windows)
host: localhost:58524
accept: */*

Response DefaultHttpResponse(decodeResult: success, version: HTTP/1.1)
HTTP/1.1 200 OK
Content-Security-Policy: frame-ancestors 'none'
Content-Length: 424
Content-Type: application/json; charset=UTF-8

20:26:51.609 [AsyncHttpClient-1-3] DEBUG org.asynchttpclient.netty.channel.ChannelManager - Adding key: http://localhost:58524 for channel [id: 0xba5c9247, L:/127.0.0.1:58530 - R:localhost/127.0.0.1:58524]
20:26:51.623 [main] DEBUG io.netty.util.internal.ThreadLocalRandom - -Dio.netty.initialSeedUniquifier: 0xb2bb811199d564fb
20:26:51.629 [AsyncHttpClient-1-4] DEBUG org.asynchttpclient.netty.channel.NettyConnectListener - Using new Channel '[id: 0xfc1a4d81, L:/127.0.0.1:58531 - R:localhost/127.0.0.1:58524]' for 'GET' to '/devtools/browser/83b2d5cb-e3d9-4239-af44-a706d639314e'
20:26:51.633 [AsyncHttpClient-1-4] DEBUG org.asynchttpclient.netty.handler.WebSocketHandler - 

Request DefaultFullHttpRequest(decodeResult: success, version: HTTP/1.1, content: EmptyByteBufBE)
GET /devtools/browser/83b2d5cb-e3d9-4239-af44-a706d639314e HTTP/1.1
upgrade: websocket
connection: upgrade
sec-websocket-key: gaj8V4OBnKWJNXQQPIiLuw==
sec-websocket-version: 13
origin: http://localhost:58524
host: localhost:58524
accept: */*
user-agent: AHC/2.1

Response DefaultHttpResponse(decodeResult: success, version: HTTP/1.1)
HTTP/1.1 101 WebSocket Protocol Handshake
Upgrade: WebSocket
Connection: Upgrade
Sec-WebSocket-Accept: Jc6PJAY25qPA/lBbA+ku1J5xISA=

20:26:51.729 [Forwarding get on session a409c7c10b080fdf0c38ae745d504916 to remote] DEBUG org.asynchttpclient.netty.request.NettyRequestSender - Using pooled Channel '[id: 0xff951329, L:/127.0.0.1:58522 - R:localhost/127.0.0.1:28047]' for 'POST' to 'http://localhost:28047/session/a409c7c10b080fdf0c38ae745d504916/url'
20:26:51.729 [Forwarding get on session a409c7c10b080fdf0c38ae745d504916 to remote] DEBUG org.asynchttpclient.netty.request.NettyRequestSender - Using open Channel [id: 0xff951329, L:/127.0.0.1:58522 - R:localhost/127.0.0.1:28047] for POST '/session/a409c7c10b080fdf0c38ae745d504916/url'
20:26:52.662 [AsyncHttpClient-1-1] DEBUG org.asynchttpclient.netty.channel.DefaultChannelPool - Entry count for : http://localhost:58524 : 1
20:26:53.139 [AsyncHttpClient-1-2] DEBUG org.asynchttpclient.netty.handler.HttpHandler - 

Request DefaultHttpRequest(decodeResult: success, version: HTTP/1.1)
POST /session/a409c7c10b080fdf0c38ae745d504916/url HTTP/1.1
User-Agent: selenium/4.8.1 (java windows)
Content-Length: 54
Content-Type: application/json; charset=utf-8
host: localhost:28047
accept: */*

Response DefaultHttpResponse(decodeResult: success, version: HTTP/1.1)
HTTP/1.1 200 OK
Content-Length: 14
Content-Type: application/json; charset=utf-8
cache-control: no-cache

20:26:53.140 [AsyncHttpClient-1-2] DEBUG org.asynchttpclient.netty.channel.ChannelManager - Adding key: http://localhost:28047 for channel [id: 0xff951329, L:/127.0.0.1:58522 - R:localhost/127.0.0.1:28047]
20:26:53.152 [Forwarding setTimeout on session a409c7c10b080fdf0c38ae745d504916 to remote] DEBUG org.asynchttpclient.netty.request.NettyRequestSender - Using pooled Channel '[id: 0xff951329, L:/127.0.0.1:58522 - R:localhost/127.0.0.1:28047]' for 'POST' to 'http://localhost:28047/session/a409c7c10b080fdf0c38ae745d504916/timeouts'
20:26:53.153 [Forwarding setTimeout on session a409c7c10b080fdf0c38ae745d504916 to remote] DEBUG org.asynchttpclient.netty.request.NettyRequestSender - Using open Channel [id: 0xff951329, L:/127.0.0.1:58522 - R:localhost/127.0.0.1:28047] for POST '/session/a409c7c10b080fdf0c38ae745d504916/timeouts'
20:26:53.156 [AsyncHttpClient-1-2] DEBUG org.asynchttpclient.netty.handler.HttpHandler - 

Request DefaultHttpRequest(decodeResult: success, version: HTTP/1.1)
POST /session/a409c7c10b080fdf0c38ae745d504916/timeouts HTTP/1.1
User-Agent: selenium/4.8.1 (java windows)
Content-Length: 22
Content-Type: application/json; charset=utf-8
host: localhost:28047
accept: */*

Response DefaultHttpResponse(decodeResult: success, version: HTTP/1.1)
HTTP/1.1 200 OK
Content-Length: 14
Content-Type: application/json; charset=utf-8
cache-control: no-cache

20:26:53.157 [AsyncHttpClient-1-2] DEBUG org.asynchttpclient.netty.channel.ChannelManager - Adding key: http://localhost:28047 for channel [id: 0xff951329, L:/127.0.0.1:58522 - R:localhost/127.0.0.1:28047]
20:26:53.226 [main] DEBUG net.serenitybdd.core.photography.Darkroom - Opening darkroom
20:26:53.228 [Darkroom Processing Line] DEBUG net.serenitybdd.core.photography.DarkroomProcessingLine - Darkroom processing line starting up
20:26:53.247 [Forwarding getAlertText on session a409c7c10b080fdf0c38ae745d504916 to remote] DEBUG org.asynchttpclient.netty.request.NettyRequestSender - Using pooled Channel '[id: 0xff951329, L:/127.0.0.1:58522 - R:localhost/127.0.0.1:28047]' for 'GET' to 'http://localhost:28047/session/a409c7c10b080fdf0c38ae745d504916/alert/text'
20:26:53.247 [Forwarding getAlertText on session a409c7c10b080fdf0c38ae745d504916 to remote] DEBUG org.asynchttpclient.netty.request.NettyRequestSender - Using open Channel [id: 0xff951329, L:/127.0.0.1:58522 - R:localhost/127.0.0.1:28047] for GET '/session/a409c7c10b080fdf0c38ae745d504916/alert/text'
20:26:53.251 [AsyncHttpClient-1-2] DEBUG org.asynchttpclient.netty.handler.HttpHandler - 

Request DefaultFullHttpRequest(decodeResult: success, version: HTTP/1.1, content: EmptyByteBufBE)
GET /session/a409c7c10b080fdf0c38ae745d504916/alert/text HTTP/1.1
User-Agent: selenium/4.8.1 (java windows)
Cache-Control: no-cache
Content-Type: application/json; charset=utf-8
host: localhost:28047
accept: */*

Response DefaultHttpResponse(decodeResult: success, version: HTTP/1.1)
HTTP/1.1 404 Not Found
Content-Length: 816
Content-Type: application/json; charset=utf-8
cache-control: no-cache

20:26:53.251 [AsyncHttpClient-1-2] DEBUG org.asynchttpclient.netty.channel.ChannelManager - Adding key: http://localhost:28047 for channel [id: 0xff951329, L:/127.0.0.1:58522 - R:localhost/127.0.0.1:28047]
20:26:53.260 [Forwarding getCurrentUrl on session a409c7c10b080fdf0c38ae745d504916 to remote] DEBUG org.asynchttpclient.netty.request.NettyRequestSender - Using pooled Channel '[id: 0xff951329, L:/127.0.0.1:58522 - R:localhost/127.0.0.1:28047]' for 'GET' to 'http://localhost:28047/session/a409c7c10b080fdf0c38ae745d504916/url'
20:26:53.260 [Forwarding getCurrentUrl on session a409c7c10b080fdf0c38ae745d504916 to remote] DEBUG org.asynchttpclient.netty.request.NettyRequestSender - Using open Channel [id: 0xff951329, L:/127.0.0.1:58522 - R:localhost/127.0.0.1:28047] for GET '/session/a409c7c10b080fdf0c38ae745d504916/url'
20:26:53.267 [AsyncHttpClient-1-2] DEBUG org.asynchttpclient.netty.handler.HttpHandler - 

Request DefaultFullHttpRequest(decodeResult: success, version: HTTP/1.1, content: EmptyByteBufBE)
GET /session/a409c7c10b080fdf0c38ae745d504916/url HTTP/1.1
User-Agent: selenium/4.8.1 (java windows)
Cache-Control: no-cache
Content-Type: application/json; charset=utf-8
host: localhost:28047
accept: */*

Response DefaultHttpResponse(decodeResult: success, version: HTTP/1.1)
HTTP/1.1 200 OK
Content-Length: 36
Content-Type: application/json; charset=utf-8
cache-control: no-cache

20:26:53.268 [AsyncHttpClient-1-2] DEBUG org.asynchttpclient.netty.channel.ChannelManager - Adding key: http://localhost:28047 for channel [id: 0xff951329, L:/127.0.0.1:58522 - R:localhost/127.0.0.1:28047]
20:26:53.272 [Forwarding screenshot on session a409c7c10b080fdf0c38ae745d504916 to remote] DEBUG org.asynchttpclient.netty.request.NettyRequestSender - Using pooled Channel '[id: 0xff951329, L:/127.0.0.1:58522 - R:localhost/127.0.0.1:28047]' for 'GET' to 'http://localhost:28047/session/a409c7c10b080fdf0c38ae745d504916/screenshot'
20:26:53.272 [Forwarding screenshot on session a409c7c10b080fdf0c38ae745d504916 to remote] DEBUG org.asynchttpclient.netty.request.NettyRequestSender - Using open Channel [id: 0xff951329, L:/127.0.0.1:58522 - R:localhost/127.0.0.1:28047] for GET '/session/a409c7c10b080fdf0c38ae745d504916/screenshot'
20:26:53.515 [AsyncHttpClient-1-2] DEBUG org.asynchttpclient.netty.handler.HttpHandler - 

Request DefaultFullHttpRequest(decodeResult: success, version: HTTP/1.1, content: EmptyByteBufBE)
GET /session/a409c7c10b080fdf0c38ae745d504916/screenshot HTTP/1.1
User-Agent: selenium/4.8.1 (java windows)
Cache-Control: no-cache
Content-Type: application/json; charset=utf-8
host: localhost:28047
accept: */*

Response DefaultHttpResponse(decodeResult: success, version: HTTP/1.1)
HTTP/1.1 200 OK
Content-Length: 651996
Content-Type: application/json; charset=utf-8
cache-control: no-cache

20:26:53.522 [AsyncHttpClient-1-2] DEBUG org.asynchttpclient.netty.channel.ChannelManager - Adding key: http://localhost:28047 for channel [id: 0xff951329, L:/127.0.0.1:58522 - R:localhost/127.0.0.1:28047]
20:26:53.626 [main] DEBUG net.serenitybdd.core.photography.Darkroom - Send negative for processing for target\site\serenity\0b0df75837c09240f31b16ca2105df17a6782e8172b807f013015a769671e3ec.png
20:26:53.626 [Darkroom Processing Line] DEBUG net.serenitybdd.core.photography.DarkroomProcessingLine - Processing screenshot image in /var/screenshots/screenshot-12271676923792183513
20:26:53.627 [Darkroom Processing Line] DEBUG net.serenitybdd.core.photography.DarkroomProcessingLine - Saving screenshot to target\site\serenity\0b0df75837c09240f31b16ca2105df17a6782e8172b807f013015a769671e3ec.png
20:26:53.630 [Forwarding getPageSource on session a409c7c10b080fdf0c38ae745d504916 to remote] DEBUG org.asynchttpclient.netty.request.NettyRequestSender - Using pooled Channel '[id: 0xff951329, L:/127.0.0.1:58522 - R:localhost/127.0.0.1:28047]' for 'POST' to 'http://localhost:28047/session/a409c7c10b080fdf0c38ae745d504916/execute/sync'
20:26:53.630 [Forwarding getPageSource on session a409c7c10b080fdf0c38ae745d504916 to remote] DEBUG org.asynchttpclient.netty.request.NettyRequestSender - Using open Channel [id: 0xff951329, L:/127.0.0.1:58522 - R:localhost/127.0.0.1:28047] for POST '/session/a409c7c10b080fdf0c38ae745d504916/execute/sync'
20:26:53.647 [AsyncHttpClient-1-2] DEBUG org.asynchttpclient.netty.handler.HttpHandler - 

Request DefaultHttpRequest(decodeResult: success, version: HTTP/1.1)
POST /session/a409c7c10b080fdf0c38ae745d504916/execute/sync HTTP/1.1
User-Agent: selenium/4.8.1 (java windows)
Content-Length: 176
Content-Type: application/json; charset=utf-8
host: localhost:28047
accept: */*

Response DefaultHttpResponse(decodeResult: success, version: HTTP/1.1)
HTTP/1.1 200 OK
Content-Length: 182087
Content-Type: application/json; charset=utf-8
cache-control: no-cache

20:26:53.648 [AsyncHttpClient-1-2] DEBUG org.asynchttpclient.netty.channel.ChannelManager - Adding key: http://localhost:28047 for channel [id: 0xff951329, L:/127.0.0.1:58522 - R:localhost/127.0.0.1:28047]
20:26:53.756 [Forwarding getCurrentUrl on session a409c7c10b080fdf0c38ae745d504916 to remote] DEBUG org.asynchttpclient.netty.request.NettyRequestSender - Using pooled Channel '[id: 0xff951329, L:/127.0.0.1:58522 - R:localhost/127.0.0.1:28047]' for 'GET' to 'http://localhost:28047/session/a409c7c10b080fdf0c38ae745d504916/url'
20:26:53.757 [Forwarding getCurrentUrl on session a409c7c10b080fdf0c38ae745d504916 to remote] DEBUG org.asynchttpclient.netty.request.NettyRequestSender - Using open Channel [id: 0xff951329, L:/127.0.0.1:58522 - R:localhost/127.0.0.1:28047] for GET '/session/a409c7c10b080fdf0c38ae745d504916/url'
20:26:53.763 [AsyncHttpClient-1-2] DEBUG org.asynchttpclient.netty.handler.HttpHandler - 

Request DefaultFullHttpRequest(decodeResult: success, version: HTTP/1.1, content: EmptyByteBufBE)
GET /session/a409c7c10b080fdf0c38ae745d504916/url HTTP/1.1
User-Agent: selenium/4.8.1 (java windows)
Cache-Control: no-cache
Content-Type: application/json; charset=utf-8
host: localhost:28047
accept: */*

Response DefaultHttpResponse(decodeResult: success, version: HTTP/1.1)
HTTP/1.1 200 OK
Content-Length: 36
Content-Type: application/json; charset=utf-8
cache-control: no-cache

20:26:53.763 [AsyncHttpClient-1-2] DEBUG org.asynchttpclient.netty.channel.ChannelManager - Adding key: http://localhost:28047 for channel [id: 0xff951329, L:/127.0.0.1:58522 - R:localhost/127.0.0.1:28047]
20:26:53.765 [AsyncHttpClient-1-1] DEBUG org.asynchttpclient.netty.channel.DefaultChannelPool - Entry count for : http://localhost:58524 : 1
20:26:53.765 [AsyncHttpClient-1-1] DEBUG org.asynchttpclient.netty.channel.DefaultChannelPool - Entry count for : http://localhost:28047 : 1
20:26:53.769 [main] DEBUG net.thucydides.core.steps.StepInterceptor - STARTING STEP: ProductSteps.i_open_sepulsa_com_homepage - checkHomeButtonExist
20:26:53.782 [Forwarding findElement on session a409c7c10b080fdf0c38ae745d504916 to remote] DEBUG org.asynchttpclient.netty.request.NettyRequestSender - Using pooled Channel '[id: 0xff951329, L:/127.0.0.1:58522 - R:localhost/127.0.0.1:28047]' for 'POST' to 'http://localhost:28047/session/a409c7c10b080fdf0c38ae745d504916/element'
20:26:53.782 [Forwarding findElement on session a409c7c10b080fdf0c38ae745d504916 to remote] DEBUG org.asynchttpclient.netty.request.NettyRequestSender - Using open Channel [id: 0xff951329, L:/127.0.0.1:58522 - R:localhost/127.0.0.1:28047] for POST '/session/a409c7c10b080fdf0c38ae745d504916/element'
20:26:53.791 [AsyncHttpClient-1-2] DEBUG org.asynchttpclient.netty.handler.HttpHandler - 

Request DefaultHttpRequest(decodeResult: success, version: HTTP/1.1)
POST /session/a409c7c10b080fdf0c38ae745d504916/element HTTP/1.1
User-Agent: selenium/4.8.1 (java windows)
Content-Length: 80
Content-Type: application/json; charset=utf-8
host: localhost:28047
accept: */*

Response DefaultHttpResponse(decodeResult: success, version: HTTP/1.1)
HTTP/1.1 200 OK
Content-Length: 88
Content-Type: application/json; charset=utf-8
cache-control: no-cache

20:26:53.792 [AsyncHttpClient-1-2] DEBUG org.asynchttpclient.netty.channel.ChannelManager - Adding key: http://localhost:28047 for channel [id: 0xff951329, L:/127.0.0.1:58522 - R:localhost/127.0.0.1:28047]
20:26:53.800 [Forwarding isElementDisplayed on session a409c7c10b080fdf0c38ae745d504916 to remote] DEBUG org.asynchttpclient.netty.request.NettyRequestSender - Using pooled Channel '[id: 0xff951329, L:/127.0.0.1:58522 - R:localhost/127.0.0.1:28047]' for 'POST' to 'http://localhost:28047/session/a409c7c10b080fdf0c38ae745d504916/execute/sync'
20:26:53.800 [Forwarding isElementDisplayed on session a409c7c10b080fdf0c38ae745d504916 to remote] DEBUG org.asynchttpclient.netty.request.NettyRequestSender - Using open Channel [id: 0xff951329, L:/127.0.0.1:58522 - R:localhost/127.0.0.1:28047] for POST '/session/a409c7c10b080fdf0c38ae745d504916/execute/sync'
20:26:53.812 [AsyncHttpClient-1-2] DEBUG org.asynchttpclient.netty.handler.HttpHandler - 

Request DefaultHttpRequest(decodeResult: success, version: HTTP/1.1)
POST /session/a409c7c10b080fdf0c38ae745d504916/execute/sync HTTP/1.1
User-Agent: selenium/4.8.1 (java windows)
Content-Length: 48807
Content-Type: application/json; charset=utf-8
host: localhost:28047
accept: */*

Response DefaultHttpResponse(decodeResult: success, version: HTTP/1.1)
HTTP/1.1 200 OK
Content-Length: 14
Content-Type: application/json; charset=utf-8
cache-control: no-cache

20:26:53.812 [AsyncHttpClient-1-2] DEBUG org.asynchttpclient.netty.channel.ChannelManager - Adding key: http://localhost:28047 for channel [id: 0xff951329, L:/127.0.0.1:58522 - R:localhost/127.0.0.1:28047]
20:26:53.818 [Forwarding getAlertText on session a409c7c10b080fdf0c38ae745d504916 to remote] DEBUG org.asynchttpclient.netty.request.NettyRequestSender - Using pooled Channel '[id: 0xff951329, L:/127.0.0.1:58522 - R:localhost/127.0.0.1:28047]' for 'GET' to 'http://localhost:28047/session/a409c7c10b080fdf0c38ae745d504916/alert/text'
20:26:53.818 [Forwarding getAlertText on session a409c7c10b080fdf0c38ae745d504916 to remote] DEBUG org.asynchttpclient.netty.request.NettyRequestSender - Using open Channel [id: 0xff951329, L:/127.0.0.1:58522 - R:localhost/127.0.0.1:28047] for GET '/session/a409c7c10b080fdf0c38ae745d504916/alert/text'
20:26:53.820 [AsyncHttpClient-1-2] DEBUG org.asynchttpclient.netty.handler.HttpHandler - 

Request DefaultFullHttpRequest(decodeResult: success, version: HTTP/1.1, content: EmptyByteBufBE)
GET /session/a409c7c10b080fdf0c38ae745d504916/alert/text HTTP/1.1
User-Agent: selenium/4.8.1 (java windows)
Cache-Control: no-cache
Content-Type: application/json; charset=utf-8
host: localhost:28047
accept: */*

Response DefaultHttpResponse(decodeResult: success, version: HTTP/1.1)
HTTP/1.1 404 Not Found
Content-Length: 816
Content-Type: application/json; charset=utf-8
cache-control: no-cache

20:26:53.820 [AsyncHttpClient-1-2] DEBUG org.asynchttpclient.netty.channel.ChannelManager - Adding key: http://localhost:28047 for channel [id: 0xff951329, L:/127.0.0.1:58522 - R:localhost/127.0.0.1:28047]
20:26:53.823 [Forwarding getCurrentUrl on session a409c7c10b080fdf0c38ae745d504916 to remote] DEBUG org.asynchttpclient.netty.request.NettyRequestSender - Using pooled Channel '[id: 0xff951329, L:/127.0.0.1:58522 - R:localhost/127.0.0.1:28047]' for 'GET' to 'http://localhost:28047/session/a409c7c10b080fdf0c38ae745d504916/url'
20:26:53.823 [Forwarding getCurrentUrl on session a409c7c10b080fdf0c38ae745d504916 to remote] DEBUG org.asynchttpclient.netty.request.NettyRequestSender - Using open Channel [id: 0xff951329, L:/127.0.0.1:58522 - R:localhost/127.0.0.1:28047] for GET '/session/a409c7c10b080fdf0c38ae745d504916/url'
20:26:53.827 [AsyncHttpClient-1-2] DEBUG org.asynchttpclient.netty.handler.HttpHandler - 

Request DefaultFullHttpRequest(decodeResult: success, version: HTTP/1.1, content: EmptyByteBufBE)
GET /session/a409c7c10b080fdf0c38ae745d504916/url HTTP/1.1
User-Agent: selenium/4.8.1 (java windows)
Cache-Control: no-cache
Content-Type: application/json; charset=utf-8
host: localhost:28047
accept: */*

Response DefaultHttpResponse(decodeResult: success, version: HTTP/1.1)
HTTP/1.1 200 OK
Content-Length: 36
Content-Type: application/json; charset=utf-8
cache-control: no-cache

20:26:53.827 [AsyncHttpClient-1-2] DEBUG org.asynchttpclient.netty.channel.ChannelManager - Adding key: http://localhost:28047 for channel [id: 0xff951329, L:/127.0.0.1:58522 - R:localhost/127.0.0.1:28047]
20:26:53.830 [Forwarding screenshot on session a409c7c10b080fdf0c38ae745d504916 to remote] DEBUG org.asynchttpclient.netty.request.NettyRequestSender - Using pooled Channel '[id: 0xff951329, L:/127.0.0.1:58522 - R:localhost/127.0.0.1:28047]' for 'GET' to 'http://localhost:28047/session/a409c7c10b080fdf0c38ae745d504916/screenshot'
20:26:53.830 [Forwarding screenshot on session a409c7c10b080fdf0c38ae745d504916 to remote] DEBUG org.asynchttpclient.netty.request.NettyRequestSender - Using open Channel [id: 0xff951329, L:/127.0.0.1:58522 - R:localhost/127.0.0.1:28047] for GET '/session/a409c7c10b080fdf0c38ae745d504916/screenshot'
20:26:54.033 [AsyncHttpClient-1-2] DEBUG org.asynchttpclient.netty.handler.HttpHandler - 

Request DefaultFullHttpRequest(decodeResult: success, version: HTTP/1.1, content: EmptyByteBufBE)
GET /session/a409c7c10b080fdf0c38ae745d504916/screenshot HTTP/1.1
User-Agent: selenium/4.8.1 (java windows)
Cache-Control: no-cache
Content-Type: application/json; charset=utf-8
host: localhost:28047
accept: */*

Response DefaultHttpResponse(decodeResult: success, version: HTTP/1.1)
HTTP/1.1 200 OK
Content-Length: 651996
Content-Type: application/json; charset=utf-8
cache-control: no-cache

20:26:54.037 [AsyncHttpClient-1-2] DEBUG org.asynchttpclient.netty.channel.ChannelManager - Adding key: http://localhost:28047 for channel [id: 0xff951329, L:/127.0.0.1:58522 - R:localhost/127.0.0.1:28047]
20:26:54.049 [main] DEBUG net.serenitybdd.core.photography.Darkroom - Send negative for processing for target\site\serenity\0b0df75837c09240f31b16ca2105df17a6782e8172b807f013015a769671e3ec.png
20:26:54.056 [main] DEBUG net.thucydides.core.steps.StepInterceptor - STEP DONE: checkHomeButtonExist
  &amp#27;[32mGiven &amp#27;[0m&amp#27;[32mI open sepulsa.com homepage&amp#27;[0m                                  &amp#27;[90m# starter.stepDefinitions.ProductSteps.i_open_sepulsa_com_homepage()&amp#27;[0m
20:26:54.069 [Forwarding getPageSource on session a409c7c10b080fdf0c38ae745d504916 to remote] DEBUG org.asynchttpclient.netty.request.NettyRequestSender - Using pooled Channel '[id: 0xff951329, L:/127.0.0.1:58522 - R:localhost/127.0.0.1:28047]' for 'POST' to 'http://localhost:28047/session/a409c7c10b080fdf0c38ae745d504916/execute/sync'
20:26:54.069 [Forwarding getPageSource on session a409c7c10b080fdf0c38ae745d504916 to remote] DEBUG org.asynchttpclient.netty.request.NettyRequestSender - Using open Channel [id: 0xff951329, L:/127.0.0.1:58522 - R:localhost/127.0.0.1:28047] for POST '/session/a409c7c10b080fdf0c38ae745d504916/execute/sync'
20:26:54.084 [AsyncHttpClient-1-2] DEBUG org.asynchttpclient.netty.handler.HttpHandler - 

Request DefaultHttpRequest(decodeResult: success, version: HTTP/1.1)
POST /session/a409c7c10b080fdf0c38ae745d504916/execute/sync HTTP/1.1
User-Agent: selenium/4.8.1 (java windows)
Content-Length: 176
Content-Type: application/json; charset=utf-8
host: localhost:28047
accept: */*

Response DefaultHttpResponse(decodeResult: success, version: HTTP/1.1)
HTTP/1.1 200 OK
Content-Length: 182087
Content-Type: application/json; charset=utf-8
cache-control: no-cache

20:26:54.084 [AsyncHttpClient-1-2] DEBUG org.asynchttpclient.netty.channel.ChannelManager - Adding key: http://localhost:28047 for channel [id: 0xff951329, L:/127.0.0.1:58522 - R:localhost/127.0.0.1:28047]
20:26:54.109 [Forwarding getCurrentUrl on session a409c7c10b080fdf0c38ae745d504916 to remote] DEBUG org.asynchttpclient.netty.request.NettyRequestSender - Using pooled Channel '[id: 0xff951329, L:/127.0.0.1:58522 - R:localhost/127.0.0.1:28047]' for 'GET' to 'http://localhost:28047/session/a409c7c10b080fdf0c38ae745d504916/url'
20:26:54.109 [Forwarding getCurrentUrl on session a409c7c10b080fdf0c38ae745d504916 to remote] DEBUG org.asynchttpclient.netty.request.NettyRequestSender - Using open Channel [id: 0xff951329, L:/127.0.0.1:58522 - R:localhost/127.0.0.1:28047] for GET '/session/a409c7c10b080fdf0c38ae745d504916/url'
20:26:54.111 [AsyncHttpClient-1-2] DEBUG org.asynchttpclient.netty.handler.HttpHandler - 

Request DefaultFullHttpRequest(decodeResult: success, version: HTTP/1.1, content: EmptyByteBufBE)
GET /session/a409c7c10b080fdf0c38ae745d504916/url HTTP/1.1
User-Agent: selenium/4.8.1 (java windows)
Cache-Control: no-cache
Content-Type: application/json; charset=utf-8
host: localhost:28047
accept: */*

Response DefaultHttpResponse(decodeResult: success, version: HTTP/1.1)
HTTP/1.1 200 OK
Content-Length: 36
Content-Type: application/json; charset=utf-8
cache-control: no-cache

20:26:54.112 [AsyncHttpClient-1-2] DEBUG org.asynchttpclient.netty.channel.ChannelManager - Adding key: http://localhost:28047 for channel [id: 0xff951329, L:/127.0.0.1:58522 - R:localhost/127.0.0.1:28047]
20:26:54.124 [Forwarding getAlertText on session a409c7c10b080fdf0c38ae745d504916 to remote] DEBUG org.asynchttpclient.netty.request.NettyRequestSender - Using pooled Channel '[id: 0xff951329, L:/127.0.0.1:58522 - R:localhost/127.0.0.1:28047]' for 'GET' to 'http://localhost:28047/session/a409c7c10b080fdf0c38ae745d504916/alert/text'
20:26:54.124 [Forwarding getAlertText on session a409c7c10b080fdf0c38ae745d504916 to remote] DEBUG org.asynchttpclient.netty.request.NettyRequestSender - Using open Channel [id: 0xff951329, L:/127.0.0.1:58522 - R:localhost/127.0.0.1:28047] for GET '/session/a409c7c10b080fdf0c38ae745d504916/alert/text'
20:26:54.126 [AsyncHttpClient-1-2] DEBUG org.asynchttpclient.netty.handler.HttpHandler - 

Request DefaultFullHttpRequest(decodeResult: success, version: HTTP/1.1, content: EmptyByteBufBE)
GET /session/a409c7c10b080fdf0c38ae745d504916/alert/text HTTP/1.1
User-Agent: selenium/4.8.1 (java windows)
Cache-Control: no-cache
Content-Type: application/json; charset=utf-8
host: localhost:28047
accept: */*

Response DefaultHttpResponse(decodeResult: success, version: HTTP/1.1)
HTTP/1.1 404 Not Found
Content-Length: 816
Content-Type: application/json; charset=utf-8
cache-control: no-cache

20:26:54.127 [AsyncHttpClient-1-2] DEBUG org.asynchttpclient.netty.channel.ChannelManager - Adding key: http://localhost:28047 for channel [id: 0xff951329, L:/127.0.0.1:58522 - R:localhost/127.0.0.1:28047]
20:26:54.129 [Forwarding getCurrentUrl on session a409c7c10b080fdf0c38ae745d504916 to remote] DEBUG org.asynchttpclient.netty.request.NettyRequestSender - Using pooled Channel '[id: 0xff951329, L:/127.0.0.1:58522 - R:localhost/127.0.0.1:28047]' for 'GET' to 'http://localhost:28047/session/a409c7c10b080fdf0c38ae745d504916/url'
20:26:54.129 [Forwarding getCurrentUrl on session a409c7c10b080fdf0c38ae745d504916 to remote] DEBUG org.asynchttpclient.netty.request.NettyRequestSender - Using open Channel [id: 0xff951329, L:/127.0.0.1:58522 - R:localhost/127.0.0.1:28047] for GET '/session/a409c7c10b080fdf0c38ae745d504916/url'
20:26:54.132 [AsyncHttpClient-1-2] DEBUG org.asynchttpclient.netty.handler.HttpHandler - 

Request DefaultFullHttpRequest(decodeResult: success, version: HTTP/1.1, content: EmptyByteBufBE)
GET /session/a409c7c10b080fdf0c38ae745d504916/url HTTP/1.1
User-Agent: selenium/4.8.1 (java windows)
Cache-Control: no-cache
Content-Type: application/json; charset=utf-8
host: localhost:28047
accept: */*

Response DefaultHttpResponse(decodeResult: success, version: HTTP/1.1)
HTTP/1.1 200 OK
Content-Length: 36
Content-Type: application/json; charset=utf-8
cache-control: no-cache

20:26:54.132 [AsyncHttpClient-1-2] DEBUG org.asynchttpclient.netty.channel.ChannelManager - Adding key: http://localhost:28047 for channel [id: 0xff951329, L:/127.0.0.1:58522 - R:localhost/127.0.0.1:28047]
20:26:54.133 [Forwarding screenshot on session a409c7c10b080fdf0c38ae745d504916 to remote] DEBUG org.asynchttpclient.netty.request.NettyRequestSender - Using pooled Channel '[id: 0xff951329, L:/127.0.0.1:58522 - R:localhost/127.0.0.1:28047]' for 'GET' to 'http://localhost:28047/session/a409c7c10b080fdf0c38ae745d504916/screenshot'
20:26:54.133 [Forwarding screenshot on session a409c7c10b080fdf0c38ae745d504916 to remote] DEBUG org.asynchttpclient.netty.request.NettyRequestSender - Using open Channel [id: 0xff951329, L:/127.0.0.1:58522 - R:localhost/127.0.0.1:28047] for GET '/session/a409c7c10b080fdf0c38ae745d504916/screenshot'
20:26:54.332 [AsyncHttpClient-1-2] DEBUG org.asynchttpclient.netty.handler.HttpHandler - 

Request DefaultFullHttpRequest(decodeResult: success, version: HTTP/1.1, content: EmptyByteBufBE)
GET /session/a409c7c10b080fdf0c38ae745d504916/screenshot HTTP/1.1
User-Agent: selenium/4.8.1 (java windows)
Cache-Control: no-cache
Content-Type: application/json; charset=utf-8
host: localhost:28047
accept: */*

Response DefaultHttpResponse(decodeResult: success, version: HTTP/1.1)
HTTP/1.1 200 OK
Content-Length: 651996
Content-Type: application/json; charset=utf-8
cache-control: no-cache

20:26:54.335 [AsyncHttpClient-1-2] DEBUG org.asynchttpclient.netty.channel.ChannelManager - Adding key: http://localhost:28047 for channel [id: 0xff951329, L:/127.0.0.1:58522 - R:localhost/127.0.0.1:28047]
20:26:54.348 [main] DEBUG net.serenitybdd.core.photography.Darkroom - Send negative for processing for target\site\serenity\0b0df75837c09240f31b16ca2105df17a6782e8172b807f013015a769671e3ec.png
20:26:54.350 [Forwarding getPageSource on session a409c7c10b080fdf0c38ae745d504916 to remote] DEBUG org.asynchttpclient.netty.request.NettyRequestSender - Using pooled Channel '[id: 0xff951329, L:/127.0.0.1:58522 - R:localhost/127.0.0.1:28047]' for 'POST' to 'http://localhost:28047/session/a409c7c10b080fdf0c38ae745d504916/execute/sync'
20:26:54.350 [Forwarding getPageSource on session a409c7c10b080fdf0c38ae745d504916 to remote] DEBUG org.asynchttpclient.netty.request.NettyRequestSender - Using open Channel [id: 0xff951329, L:/127.0.0.1:58522 - R:localhost/127.0.0.1:28047] for POST '/session/a409c7c10b080fdf0c38ae745d504916/execute/sync'
20:26:54.364 [AsyncHttpClient-1-2] DEBUG org.asynchttpclient.netty.handler.HttpHandler - 

Request DefaultHttpRequest(decodeResult: success, version: HTTP/1.1)
POST /session/a409c7c10b080fdf0c38ae745d504916/execute/sync HTTP/1.1
User-Agent: selenium/4.8.1 (java windows)
Content-Length: 176
Content-Type: application/json; charset=utf-8
host: localhost:28047
accept: */*

Response DefaultHttpResponse(decodeResult: success, version: HTTP/1.1)
HTTP/1.1 200 OK
Content-Length: 182087
Content-Type: application/json; charset=utf-8
cache-control: no-cache

20:26:54.365 [AsyncHttpClient-1-2] DEBUG org.asynchttpclient.netty.channel.ChannelManager - Adding key: http://localhost:28047 for channel [id: 0xff951329, L:/127.0.0.1:58522 - R:localhost/127.0.0.1:28047]
20:26:54.384 [Forwarding getCurrentUrl on session a409c7c10b080fdf0c38ae745d504916 to remote] DEBUG org.asynchttpclient.netty.request.NettyRequestSender - Using pooled Channel '[id: 0xff951329, L:/127.0.0.1:58522 - R:localhost/127.0.0.1:28047]' for 'GET' to 'http://localhost:28047/session/a409c7c10b080fdf0c38ae745d504916/url'
20:26:54.384 [Forwarding getCurrentUrl on session a409c7c10b080fdf0c38ae745d504916 to remote] DEBUG org.asynchttpclient.netty.request.NettyRequestSender - Using open Channel [id: 0xff951329, L:/127.0.0.1:58522 - R:localhost/127.0.0.1:28047] for GET '/session/a409c7c10b080fdf0c38ae745d504916/url'
20:26:54.388 [AsyncHttpClient-1-2] DEBUG org.asynchttpclient.netty.handler.HttpHandler - 

Request DefaultFullHttpRequest(decodeResult: success, version: HTTP/1.1, content: EmptyByteBufBE)
GET /session/a409c7c10b080fdf0c38ae745d504916/url HTTP/1.1
User-Agent: selenium/4.8.1 (java windows)
Cache-Control: no-cache
Content-Type: application/json; charset=utf-8
host: localhost:28047
accept: */*

Response DefaultHttpResponse(decodeResult: success, version: HTTP/1.1)
HTTP/1.1 200 OK
Content-Length: 36
Content-Type: application/json; charset=utf-8
cache-control: no-cache

20:26:54.389 [AsyncHttpClient-1-2] DEBUG org.asynchttpclient.netty.channel.ChannelManager - Adding key: http://localhost:28047 for channel [id: 0xff951329, L:/127.0.0.1:58522 - R:localhost/127.0.0.1:28047]
20:26:54.393 [main] DEBUG net.thucydides.core.steps.StepInterceptor - STARTING STEP: ProductSteps.i_press_at_product_icon - pressProduct
20:26:54.399 [Forwarding findElement on session a409c7c10b080fdf0c38ae745d504916 to remote] DEBUG org.asynchttpclient.netty.request.NettyRequestSender - Using pooled Channel '[id: 0xff951329, L:/127.0.0.1:58522 - R:localhost/127.0.0.1:28047]' for 'POST' to 'http://localhost:28047/session/a409c7c10b080fdf0c38ae745d504916/element'
20:26:54.399 [Forwarding findElement on session a409c7c10b080fdf0c38ae745d504916 to remote] DEBUG org.asynchttpclient.netty.request.NettyRequestSender - Using open Channel [id: 0xff951329, L:/127.0.0.1:58522 - R:localhost/127.0.0.1:28047] for POST '/session/a409c7c10b080fdf0c38ae745d504916/element'
20:26:54.410 [AsyncHttpClient-1-2] DEBUG org.asynchttpclient.netty.handler.HttpHandler - 

Request DefaultHttpRequest(decodeResult: success, version: HTTP/1.1)
POST /session/a409c7c10b080fdf0c38ae745d504916/element HTTP/1.1
User-Agent: selenium/4.8.1 (java windows)
Content-Length: 66
Content-Type: application/json; charset=utf-8
host: localhost:28047
accept: */*

Response DefaultHttpResponse(decodeResult: success, version: HTTP/1.1)
HTTP/1.1 200 OK
Content-Length: 88
Content-Type: application/json; charset=utf-8
cache-control: no-cache

20:26:54.410 [AsyncHttpClient-1-2] DEBUG org.asynchttpclient.netty.channel.ChannelManager - Adding key: http://localhost:28047 for channel [id: 0xff951329, L:/127.0.0.1:58522 - R:localhost/127.0.0.1:28047]
20:26:54.413 [Forwarding getElementTagName on session a409c7c10b080fdf0c38ae745d504916 to remote] DEBUG org.asynchttpclient.netty.request.NettyRequestSender - Using pooled Channel '[id: 0xff951329, L:/127.0.0.1:58522 - R:localhost/127.0.0.1:28047]' for 'GET' to 'http://localhost:28047/session/a409c7c10b080fdf0c38ae745d504916/element/4f803a01-26be-4896-a6ac-68f8d769fb64/name'
20:26:54.413 [Forwarding getElementTagName on session a409c7c10b080fdf0c38ae745d504916 to remote] DEBUG org.asynchttpclient.netty.request.NettyRequestSender - Using open Channel [id: 0xff951329, L:/127.0.0.1:58522 - R:localhost/127.0.0.1:28047] for GET '/session/a409c7c10b080fdf0c38ae745d504916/element/4f803a01-26be-4896-a6ac-68f8d769fb64/name'
20:26:54.416 [AsyncHttpClient-1-2] DEBUG org.asynchttpclient.netty.handler.HttpHandler - 

Request DefaultFullHttpRequest(decodeResult: success, version: HTTP/1.1, content: EmptyByteBufBE)
GET /session/a409c7c10b080fdf0c38ae745d504916/element/4f803a01-26be-4896-a6ac-68f8d769fb64/name HTTP/1.1
User-Agent: selenium/4.8.1 (java windows)
Cache-Control: no-cache
Content-Type: application/json; charset=utf-8
host: localhost:28047
accept: */*

Response DefaultHttpResponse(decodeResult: success, version: HTTP/1.1)
HTTP/1.1 200 OK
Content-Length: 13
Content-Type: application/json; charset=utf-8
cache-control: no-cache

20:26:54.417 [AsyncHttpClient-1-2] DEBUG org.asynchttpclient.netty.channel.ChannelManager - Adding key: http://localhost:28047 for channel [id: 0xff951329, L:/127.0.0.1:58522 - R:localhost/127.0.0.1:28047]
20:26:54.418 [Forwarding getElementTagName on session a409c7c10b080fdf0c38ae745d504916 to remote] DEBUG org.asynchttpclient.netty.request.NettyRequestSender - Using pooled Channel '[id: 0xff951329, L:/127.0.0.1:58522 - R:localhost/127.0.0.1:28047]' for 'GET' to 'http://localhost:28047/session/a409c7c10b080fdf0c38ae745d504916/element/4f803a01-26be-4896-a6ac-68f8d769fb64/name'
20:26:54.418 [Forwarding getElementTagName on session a409c7c10b080fdf0c38ae745d504916 to remote] DEBUG org.asynchttpclient.netty.request.NettyRequestSender - Using open Channel [id: 0xff951329, L:/127.0.0.1:58522 - R:localhost/127.0.0.1:28047] for GET '/session/a409c7c10b080fdf0c38ae745d504916/element/4f803a01-26be-4896-a6ac-68f8d769fb64/name'
20:26:54.421 [AsyncHttpClient-1-2] DEBUG org.asynchttpclient.netty.handler.HttpHandler - 

Request DefaultFullHttpRequest(decodeResult: success, version: HTTP/1.1, content: EmptyByteBufBE)
GET /session/a409c7c10b080fdf0c38ae745d504916/element/4f803a01-26be-4896-a6ac-68f8d769fb64/name HTTP/1.1
User-Agent: selenium/4.8.1 (java windows)
Cache-Control: no-cache
Content-Type: application/json; charset=utf-8
host: localhost:28047
accept: */*

Response DefaultHttpResponse(decodeResult: success, version: HTTP/1.1)
HTTP/1.1 200 OK
Content-Length: 13
Content-Type: application/json; charset=utf-8
cache-control: no-cache

20:26:54.421 [AsyncHttpClient-1-2] DEBUG org.asynchttpclient.netty.channel.ChannelManager - Adding key: http://localhost:28047 for channel [id: 0xff951329, L:/127.0.0.1:58522 - R:localhost/127.0.0.1:28047]
20:26:54.425 [Forwarding findElement on session a409c7c10b080fdf0c38ae745d504916 to remote] DEBUG org.asynchttpclient.netty.request.NettyRequestSender - Using pooled Channel '[id: 0xff951329, L:/127.0.0.1:58522 - R:localhost/127.0.0.1:28047]' for 'POST' to 'http://localhost:28047/session/a409c7c10b080fdf0c38ae745d504916/element'
20:26:54.425 [Forwarding findElement on session a409c7c10b080fdf0c38ae745d504916 to remote] DEBUG org.asynchttpclient.netty.request.NettyRequestSender - Using open Channel [id: 0xff951329, L:/127.0.0.1:58522 - R:localhost/127.0.0.1:28047] for POST '/session/a409c7c10b080fdf0c38ae745d504916/element'
20:26:54.430 [AsyncHttpClient-1-2] DEBUG org.asynchttpclient.netty.handler.HttpHandler - 

Request DefaultHttpRequest(decodeResult: success, version: HTTP/1.1)
POST /session/a409c7c10b080fdf0c38ae745d504916/element HTTP/1.1
User-Agent: selenium/4.8.1 (java windows)
Content-Length: 66
Content-Type: application/json; charset=utf-8
host: localhost:28047
accept: */*

Response DefaultHttpResponse(decodeResult: success, version: HTTP/1.1)
HTTP/1.1 200 OK
Content-Length: 88
Content-Type: application/json; charset=utf-8
cache-control: no-cache

20:26:54.430 [AsyncHttpClient-1-2] DEBUG org.asynchttpclient.netty.channel.ChannelManager - Adding key: http://localhost:28047 for channel [id: 0xff951329, L:/127.0.0.1:58522 - R:localhost/127.0.0.1:28047]
20:26:54.432 [Forwarding clickElement on session a409c7c10b080fdf0c38ae745d504916 to remote] DEBUG org.asynchttpclient.netty.request.NettyRequestSender - Using pooled Channel '[id: 0xff951329, L:/127.0.0.1:58522 - R:localhost/127.0.0.1:28047]' for 'POST' to 'http://localhost:28047/session/a409c7c10b080fdf0c38ae745d504916/element/4f803a01-26be-4896-a6ac-68f8d769fb64/click'
20:26:54.432 [Forwarding clickElement on session a409c7c10b080fdf0c38ae745d504916 to remote] DEBUG org.asynchttpclient.netty.request.NettyRequestSender - Using open Channel [id: 0xff951329, L:/127.0.0.1:58522 - R:localhost/127.0.0.1:28047] for POST '/session/a409c7c10b080fdf0c38ae745d504916/element/4f803a01-26be-4896-a6ac-68f8d769fb64/click'
20:26:54.857 [AsyncHttpClient-1-1] DEBUG org.asynchttpclient.netty.channel.DefaultChannelPool - Entry count for : http://localhost:58524 : 1
20:26:55.470 [AsyncHttpClient-1-2] DEBUG org.asynchttpclient.netty.handler.HttpHandler - 

Request DefaultHttpRequest(decodeResult: success, version: HTTP/1.1)
POST /session/a409c7c10b080fdf0c38ae745d504916/element/4f803a01-26be-4896-a6ac-68f8d769fb64/click HTTP/1.1
User-Agent: selenium/4.8.1 (java windows)
Content-Length: 50
Content-Type: application/json; charset=utf-8
host: localhost:28047
accept: */*

Response DefaultHttpResponse(decodeResult: success, version: HTTP/1.1)
HTTP/1.1 200 OK
Content-Length: 14
Content-Type: application/json; charset=utf-8
cache-control: no-cache

20:26:55.471 [AsyncHttpClient-1-2] DEBUG org.asynchttpclient.netty.channel.ChannelManager - Adding key: http://localhost:28047 for channel [id: 0xff951329, L:/127.0.0.1:58522 - R:localhost/127.0.0.1:28047]
20:26:55.483 [Forwarding getAlertText on session a409c7c10b080fdf0c38ae745d504916 to remote] DEBUG org.asynchttpclient.netty.request.NettyRequestSender - Using pooled Channel '[id: 0xff951329, L:/127.0.0.1:58522 - R:localhost/127.0.0.1:28047]' for 'GET' to 'http://localhost:28047/session/a409c7c10b080fdf0c38ae745d504916/alert/text'
20:26:55.483 [Forwarding getAlertText on session a409c7c10b080fdf0c38ae745d504916 to remote] DEBUG org.asynchttpclient.netty.request.NettyRequestSender - Using open Channel [id: 0xff951329, L:/127.0.0.1:58522 - R:localhost/127.0.0.1:28047] for GET '/session/a409c7c10b080fdf0c38ae745d504916/alert/text'
20:26:55.538 [AsyncHttpClient-1-2] DEBUG org.asynchttpclient.netty.handler.HttpHandler - 

Request DefaultFullHttpRequest(decodeResult: success, version: HTTP/1.1, content: EmptyByteBufBE)
GET /session/a409c7c10b080fdf0c38ae745d504916/alert/text HTTP/1.1
User-Agent: selenium/4.8.1 (java windows)
Cache-Control: no-cache
Content-Type: application/json; charset=utf-8
host: localhost:28047
accept: */*

Response DefaultHttpResponse(decodeResult: success, version: HTTP/1.1)
HTTP/1.1 404 Not Found
Content-Length: 816
Content-Type: application/json; charset=utf-8
cache-control: no-cache

20:26:55.538 [AsyncHttpClient-1-2] DEBUG org.asynchttpclient.netty.channel.ChannelManager - Adding key: http://localhost:28047 for channel [id: 0xff951329, L:/127.0.0.1:58522 - R:localhost/127.0.0.1:28047]
20:26:55.544 [Forwarding getCurrentUrl on session a409c7c10b080fdf0c38ae745d504916 to remote] DEBUG org.asynchttpclient.netty.request.NettyRequestSender - Using pooled Channel '[id: 0xff951329, L:/127.0.0.1:58522 - R:localhost/127.0.0.1:28047]' for 'GET' to 'http://localhost:28047/session/a409c7c10b080fdf0c38ae745d504916/url'
20:26:55.544 [Forwarding getCurrentUrl on session a409c7c10b080fdf0c38ae745d504916 to remote] DEBUG org.asynchttpclient.netty.request.NettyRequestSender - Using open Channel [id: 0xff951329, L:/127.0.0.1:58522 - R:localhost/127.0.0.1:28047] for GET '/session/a409c7c10b080fdf0c38ae745d504916/url'
20:26:55.561 [AsyncHttpClient-1-2] DEBUG org.asynchttpclient.netty.handler.HttpHandler - 

Request DefaultFullHttpRequest(decodeResult: success, version: HTTP/1.1, content: EmptyByteBufBE)
GET /session/a409c7c10b080fdf0c38ae745d504916/url HTTP/1.1
User-Agent: selenium/4.8.1 (java windows)
Cache-Control: no-cache
Content-Type: application/json; charset=utf-8
host: localhost:28047
accept: */*

Response DefaultHttpResponse(decodeResult: success, version: HTTP/1.1)
HTTP/1.1 200 OK
Content-Length: 53
Content-Type: application/json; charset=utf-8
cache-control: no-cache

20:26:55.562 [AsyncHttpClient-1-2] DEBUG org.asynchttpclient.netty.channel.ChannelManager - Adding key: http://localhost:28047 for channel [id: 0xff951329, L:/127.0.0.1:58522 - R:localhost/127.0.0.1:28047]
20:26:55.564 [Forwarding screenshot on session a409c7c10b080fdf0c38ae745d504916 to remote] DEBUG org.asynchttpclient.netty.request.NettyRequestSender - Using pooled Channel '[id: 0xff951329, L:/127.0.0.1:58522 - R:localhost/127.0.0.1:28047]' for 'GET' to 'http://localhost:28047/session/a409c7c10b080fdf0c38ae745d504916/screenshot'
20:26:55.564 [Forwarding screenshot on session a409c7c10b080fdf0c38ae745d504916 to remote] DEBUG org.asynchttpclient.netty.request.NettyRequestSender - Using open Channel [id: 0xff951329, L:/127.0.0.1:58522 - R:localhost/127.0.0.1:28047] for GET '/session/a409c7c10b080fdf0c38ae745d504916/screenshot'
20:26:55.735 [AsyncHttpClient-1-2] DEBUG org.asynchttpclient.netty.handler.HttpHandler - 

Request DefaultFullHttpRequest(decodeResult: success, version: HTTP/1.1, content: EmptyByteBufBE)
GET /session/a409c7c10b080fdf0c38ae745d504916/screenshot HTTP/1.1
User-Agent: selenium/4.8.1 (java windows)
Cache-Control: no-cache
Content-Type: application/json; charset=utf-8
host: localhost:28047
accept: */*

Response DefaultHttpResponse(decodeResult: success, version: HTTP/1.1)
HTTP/1.1 200 OK
Content-Length: 300388
Content-Type: application/json; charset=utf-8
cache-control: no-cache

20:26:55.736 [AsyncHttpClient-1-2] DEBUG org.asynchttpclient.netty.channel.ChannelManager - Adding key: http://localhost:28047 for channel [id: 0xff951329, L:/127.0.0.1:58522 - R:localhost/127.0.0.1:28047]
20:26:55.744 [main] DEBUG net.serenitybdd.core.photography.Darkroom - Send negative for processing for target\site\serenity\954fc89ae2702f1af32da93488345f00107ac99cf1560ef49a97d63a10723aff.png
20:26:55.745 [Darkroom Processing Line] DEBUG net.serenitybdd.core.photography.DarkroomProcessingLine - Processing screenshot image in /var/screenshots/screenshot-15260133341480216628
20:26:55.745 [Darkroom Processing Line] DEBUG net.serenitybdd.core.photography.DarkroomProcessingLine - Saving screenshot to target\site\serenity\954fc89ae2702f1af32da93488345f00107ac99cf1560ef49a97d63a10723aff.png
20:26:55.745 [main] DEBUG net.thucydides.core.steps.StepInterceptor - STEP DONE: pressProduct
  &amp#27;[32mWhen &amp#27;[0m&amp#27;[32mI press at &amp#27;[0m&amp#27;[32m&amp#27;[1m"Pulsa"&amp#27;[0m&amp#27;[32m product icon&amp#27;[0m                               &amp#27;[90m# starter.stepDefinitions.ProductSteps.i_press_at_product_icon(java.lang.String)&amp#27;[0m
20:26:55.755 [Forwarding getPageSource on session a409c7c10b080fdf0c38ae745d504916 to remote] DEBUG org.asynchttpclient.netty.request.NettyRequestSender - Using pooled Channel '[id: 0xff951329, L:/127.0.0.1:58522 - R:localhost/127.0.0.1:28047]' for 'POST' to 'http://localhost:28047/session/a409c7c10b080fdf0c38ae745d504916/execute/sync'
20:26:55.756 [Forwarding getPageSource on session a409c7c10b080fdf0c38ae745d504916 to remote] DEBUG org.asynchttpclient.netty.request.NettyRequestSender - Using open Channel [id: 0xff951329, L:/127.0.0.1:58522 - R:localhost/127.0.0.1:28047] for POST '/session/a409c7c10b080fdf0c38ae745d504916/execute/sync'
20:26:55.763 [AsyncHttpClient-1-2] DEBUG org.asynchttpclient.netty.handler.HttpHandler - 

Request DefaultHttpRequest(decodeResult: success, version: HTTP/1.1)
POST /session/a409c7c10b080fdf0c38ae745d504916/execute/sync HTTP/1.1
User-Agent: selenium/4.8.1 (java windows)
Content-Length: 176
Content-Type: application/json; charset=utf-8
host: localhost:28047
accept: */*

Response DefaultHttpResponse(decodeResult: success, version: HTTP/1.1)
HTTP/1.1 200 OK
Content-Length: 88472
Content-Type: application/json; charset=utf-8
cache-control: no-cache

20:26:55.764 [AsyncHttpClient-1-2] DEBUG org.asynchttpclient.netty.channel.ChannelManager - Adding key: http://localhost:28047 for channel [id: 0xff951329, L:/127.0.0.1:58522 - R:localhost/127.0.0.1:28047]
20:26:55.773 [Forwarding getCurrentUrl on session a409c7c10b080fdf0c38ae745d504916 to remote] DEBUG org.asynchttpclient.netty.request.NettyRequestSender - Using pooled Channel '[id: 0xff951329, L:/127.0.0.1:58522 - R:localhost/127.0.0.1:28047]' for 'GET' to 'http://localhost:28047/session/a409c7c10b080fdf0c38ae745d504916/url'
20:26:55.773 [Forwarding getCurrentUrl on session a409c7c10b080fdf0c38ae745d504916 to remote] DEBUG org.asynchttpclient.netty.request.NettyRequestSender - Using open Channel [id: 0xff951329, L:/127.0.0.1:58522 - R:localhost/127.0.0.1:28047] for GET '/session/a409c7c10b080fdf0c38ae745d504916/url'
20:26:55.777 [AsyncHttpClient-1-2] DEBUG org.asynchttpclient.netty.handler.HttpHandler - 

Request DefaultFullHttpRequest(decodeResult: success, version: HTTP/1.1, content: EmptyByteBufBE)
GET /session/a409c7c10b080fdf0c38ae745d504916/url HTTP/1.1
User-Agent: selenium/4.8.1 (java windows)
Cache-Control: no-cache
Content-Type: application/json; charset=utf-8
host: localhost:28047
accept: */*

Response DefaultHttpResponse(decodeResult: success, version: HTTP/1.1)
HTTP/1.1 200 OK
Content-Length: 53
Content-Type: application/json; charset=utf-8
cache-control: no-cache

20:26:55.778 [AsyncHttpClient-1-2] DEBUG org.asynchttpclient.netty.channel.ChannelManager - Adding key: http://localhost:28047 for channel [id: 0xff951329, L:/127.0.0.1:58522 - R:localhost/127.0.0.1:28047]
20:26:55.792 [Forwarding getPageSource on session a409c7c10b080fdf0c38ae745d504916 to remote] DEBUG org.asynchttpclient.netty.request.NettyRequestSender - Using pooled Channel '[id: 0xff951329, L:/127.0.0.1:58522 - R:localhost/127.0.0.1:28047]' for 'POST' to 'http://localhost:28047/session/a409c7c10b080fdf0c38ae745d504916/execute/sync'
20:26:55.792 [Forwarding getPageSource on session a409c7c10b080fdf0c38ae745d504916 to remote] DEBUG org.asynchttpclient.netty.request.NettyRequestSender - Using open Channel [id: 0xff951329, L:/127.0.0.1:58522 - R:localhost/127.0.0.1:28047] for POST '/session/a409c7c10b080fdf0c38ae745d504916/execute/sync'
20:26:55.800 [AsyncHttpClient-1-2] DEBUG org.asynchttpclient.netty.handler.HttpHandler - 

Request DefaultHttpRequest(decodeResult: success, version: HTTP/1.1)
POST /session/a409c7c10b080fdf0c38ae745d504916/execute/sync HTTP/1.1
User-Agent: selenium/4.8.1 (java windows)
Content-Length: 176
Content-Type: application/json; charset=utf-8
host: localhost:28047
accept: */*

Response DefaultHttpResponse(decodeResult: success, version: HTTP/1.1)
HTTP/1.1 200 OK
Content-Length: 88472
Content-Type: application/json; charset=utf-8
cache-control: no-cache

20:26:55.801 [AsyncHttpClient-1-2] DEBUG org.asynchttpclient.netty.channel.ChannelManager - Adding key: http://localhost:28047 for channel [id: 0xff951329, L:/127.0.0.1:58522 - R:localhost/127.0.0.1:28047]
20:26:55.810 [Forwarding getCurrentUrl on session a409c7c10b080fdf0c38ae745d504916 to remote] DEBUG org.asynchttpclient.netty.request.NettyRequestSender - Using pooled Channel '[id: 0xff951329, L:/127.0.0.1:58522 - R:localhost/127.0.0.1:28047]' for 'GET' to 'http://localhost:28047/session/a409c7c10b080fdf0c38ae745d504916/url'
20:26:55.810 [Forwarding getCurrentUrl on session a409c7c10b080fdf0c38ae745d504916 to remote] DEBUG org.asynchttpclient.netty.request.NettyRequestSender - Using open Channel [id: 0xff951329, L:/127.0.0.1:58522 - R:localhost/127.0.0.1:28047] for GET '/session/a409c7c10b080fdf0c38ae745d504916/url'
20:26:55.815 [AsyncHttpClient-1-2] DEBUG org.asynchttpclient.netty.handler.HttpHandler - 

Request DefaultFullHttpRequest(decodeResult: success, version: HTTP/1.1, content: EmptyByteBufBE)
GET /session/a409c7c10b080fdf0c38ae745d504916/url HTTP/1.1
User-Agent: selenium/4.8.1 (java windows)
Cache-Control: no-cache
Content-Type: application/json; charset=utf-8
host: localhost:28047
accept: */*

Response DefaultHttpResponse(decodeResult: success, version: HTTP/1.1)
HTTP/1.1 200 OK
Content-Length: 53
Content-Type: application/json; charset=utf-8
cache-control: no-cache

20:26:55.815 [AsyncHttpClient-1-2] DEBUG org.asynchttpclient.netty.channel.ChannelManager - Adding key: http://localhost:28047 for channel [id: 0xff951329, L:/127.0.0.1:58522 - R:localhost/127.0.0.1:28047]
20:26:55.818 [main] DEBUG net.thucydides.core.steps.StepInterceptor - STARTING STEP: ProductSteps.i_will_be_directed_to_the_correct_product_page - checkTitleWording
20:26:55.840 [Forwarding findElement on session a409c7c10b080fdf0c38ae745d504916 to remote] DEBUG org.asynchttpclient.netty.request.NettyRequestSender - Using pooled Channel '[id: 0xff951329, L:/127.0.0.1:58522 - R:localhost/127.0.0.1:28047]' for 'POST' to 'http://localhost:28047/session/a409c7c10b080fdf0c38ae745d504916/element'
20:26:55.841 [Forwarding findElement on session a409c7c10b080fdf0c38ae745d504916 to remote] DEBUG org.asynchttpclient.netty.request.NettyRequestSender - Using open Channel [id: 0xff951329, L:/127.0.0.1:58522 - R:localhost/127.0.0.1:28047] for POST '/session/a409c7c10b080fdf0c38ae745d504916/element'
20:26:55.850 [AsyncHttpClient-1-2] DEBUG org.asynchttpclient.netty.handler.HttpHandler - 

Request DefaultHttpRequest(decodeResult: success, version: HTTP/1.1)
POST /session/a409c7c10b080fdf0c38ae745d504916/element HTTP/1.1
User-Agent: selenium/4.8.1 (java windows)
Content-Length: 57
Content-Type: application/json; charset=utf-8
host: localhost:28047
accept: */*

Response DefaultHttpResponse(decodeResult: success, version: HTTP/1.1)
HTTP/1.1 200 OK
Content-Length: 88
Content-Type: application/json; charset=utf-8
cache-control: no-cache

20:26:55.850 [AsyncHttpClient-1-2] DEBUG org.asynchttpclient.netty.channel.ChannelManager - Adding key: http://localhost:28047 for channel [id: 0xff951329, L:/127.0.0.1:58522 - R:localhost/127.0.0.1:28047]
20:26:55.852 [Forwarding findChildElements on session a409c7c10b080fdf0c38ae745d504916 to remote] DEBUG org.asynchttpclient.netty.request.NettyRequestSender - Using pooled Channel '[id: 0xff951329, L:/127.0.0.1:58522 - R:localhost/127.0.0.1:28047]' for 'POST' to 'http://localhost:28047/session/a409c7c10b080fdf0c38ae745d504916/element/bb5d9e3f-23d4-41de-aa68-bfb90f6c90d4/elements'
20:26:55.852 [Forwarding findChildElements on session a409c7c10b080fdf0c38ae745d504916 to remote] DEBUG org.asynchttpclient.netty.request.NettyRequestSender - Using open Channel [id: 0xff951329, L:/127.0.0.1:58522 - R:localhost/127.0.0.1:28047] for POST '/session/a409c7c10b080fdf0c38ae745d504916/element/bb5d9e3f-23d4-41de-aa68-bfb90f6c90d4/elements'
20:26:55.956 [AsyncHttpClient-1-1] DEBUG org.asynchttpclient.netty.channel.DefaultChannelPool - Entry count for : http://localhost:58524 : 1
20:26:57.065 [AsyncHttpClient-1-1] DEBUG org.asynchttpclient.netty.channel.DefaultChannelPool - Entry count for : http://localhost:58524 : 1
20:26:57.881 [AsyncHttpClient-1-2] DEBUG org.asynchttpclient.netty.handler.HttpHandler - 

Request DefaultHttpRequest(decodeResult: success, version: HTTP/1.1)
POST /session/a409c7c10b080fdf0c38ae745d504916/element/bb5d9e3f-23d4-41de-aa68-bfb90f6c90d4/elements HTTP/1.1
User-Agent: selenium/4.8.1 (java windows)
Content-Length: 90
Content-Type: application/json; charset=utf-8
host: localhost:28047
accept: */*

Response DefaultHttpResponse(decodeResult: success, version: HTTP/1.1)
HTTP/1.1 200 OK
Content-Length: 12
Content-Type: application/json; charset=utf-8
cache-control: no-cache

20:26:57.881 [AsyncHttpClient-1-2] DEBUG org.asynchttpclient.netty.channel.ChannelManager - Adding key: http://localhost:28047 for channel [id: 0xff951329, L:/127.0.0.1:58522 - R:localhost/127.0.0.1:28047]
20:26:57.892 [Forwarding getAlertText on session a409c7c10b080fdf0c38ae745d504916 to remote] DEBUG org.asynchttpclient.netty.request.NettyRequestSender - Using pooled Channel '[id: 0xff951329, L:/127.0.0.1:58522 - R:localhost/127.0.0.1:28047]' for 'GET' to 'http://localhost:28047/session/a409c7c10b080fdf0c38ae745d504916/alert/text'
20:26:57.892 [Forwarding getAlertText on session a409c7c10b080fdf0c38ae745d504916 to remote] DEBUG org.asynchttpclient.netty.request.NettyRequestSender - Using open Channel [id: 0xff951329, L:/127.0.0.1:58522 - R:localhost/127.0.0.1:28047] for GET '/session/a409c7c10b080fdf0c38ae745d504916/alert/text'
20:26:57.898 [AsyncHttpClient-1-2] DEBUG org.asynchttpclient.netty.handler.HttpHandler - 

Request DefaultFullHttpRequest(decodeResult: success, version: HTTP/1.1, content: EmptyByteBufBE)
GET /session/a409c7c10b080fdf0c38ae745d504916/alert/text HTTP/1.1
User-Agent: selenium/4.8.1 (java windows)
Cache-Control: no-cache
Content-Type: application/json; charset=utf-8
host: localhost:28047
accept: */*

Response DefaultHttpResponse(decodeResult: success, version: HTTP/1.1)
HTTP/1.1 404 Not Found
Content-Length: 816
Content-Type: application/json; charset=utf-8
cache-control: no-cache

20:26:57.899 [AsyncHttpClient-1-2] DEBUG org.asynchttpclient.netty.channel.ChannelManager - Adding key: http://localhost:28047 for channel [id: 0xff951329, L:/127.0.0.1:58522 - R:localhost/127.0.0.1:28047]
20:26:57.901 [Forwarding getCurrentUrl on session a409c7c10b080fdf0c38ae745d504916 to remote] DEBUG org.asynchttpclient.netty.request.NettyRequestSender - Using pooled Channel '[id: 0xff951329, L:/127.0.0.1:58522 - R:localhost/127.0.0.1:28047]' for 'GET' to 'http://localhost:28047/session/a409c7c10b080fdf0c38ae745d504916/url'
20:26:57.901 [Forwarding getCurrentUrl on session a409c7c10b080fdf0c38ae745d504916 to remote] DEBUG org.asynchttpclient.netty.request.NettyRequestSender - Using open Channel [id: 0xff951329, L:/127.0.0.1:58522 - R:localhost/127.0.0.1:28047] for GET '/session/a409c7c10b080fdf0c38ae745d504916/url'
20:26:57.904 [AsyncHttpClient-1-2] DEBUG org.asynchttpclient.netty.handler.HttpHandler - 

Request DefaultFullHttpRequest(decodeResult: success, version: HTTP/1.1, content: EmptyByteBufBE)
GET /session/a409c7c10b080fdf0c38ae745d504916/url HTTP/1.1
User-Agent: selenium/4.8.1 (java windows)
Cache-Control: no-cache
Content-Type: application/json; charset=utf-8
host: localhost:28047
accept: */*

Response DefaultHttpResponse(decodeResult: success, version: HTTP/1.1)
HTTP/1.1 200 OK
Content-Length: 53
Content-Type: application/json; charset=utf-8
cache-control: no-cache

20:26:57.905 [AsyncHttpClient-1-2] DEBUG org.asynchttpclient.netty.channel.ChannelManager - Adding key: http://localhost:28047 for channel [id: 0xff951329, L:/127.0.0.1:58522 - R:localhost/127.0.0.1:28047]
20:26:57.906 [Forwarding screenshot on session a409c7c10b080fdf0c38ae745d504916 to remote] DEBUG org.asynchttpclient.netty.request.NettyRequestSender - Using pooled Channel '[id: 0xff951329, L:/127.0.0.1:58522 - R:localhost/127.0.0.1:28047]' for 'GET' to 'http://localhost:28047/session/a409c7c10b080fdf0c38ae745d504916/screenshot'
20:26:57.906 [Forwarding screenshot on session a409c7c10b080fdf0c38ae745d504916 to remote] DEBUG org.asynchttpclient.netty.request.NettyRequestSender - Using open Channel [id: 0xff951329, L:/127.0.0.1:58522 - R:localhost/127.0.0.1:28047] for GET '/session/a409c7c10b080fdf0c38ae745d504916/screenshot'
20:26:58.070 [AsyncHttpClient-1-2] DEBUG org.asynchttpclient.netty.handler.HttpHandler - 

Request DefaultFullHttpRequest(decodeResult: success, version: HTTP/1.1, content: EmptyByteBufBE)
GET /session/a409c7c10b080fdf0c38ae745d504916/screenshot HTTP/1.1
User-Agent: selenium/4.8.1 (java windows)
Cache-Control: no-cache
Content-Type: application/json; charset=utf-8
host: localhost:28047
accept: */*

Response DefaultHttpResponse(decodeResult: success, version: HTTP/1.1)
HTTP/1.1 200 OK
Content-Length: 300708
Content-Type: application/json; charset=utf-8
cache-control: no-cache

20:26:58.072 [AsyncHttpClient-1-2] DEBUG org.asynchttpclient.netty.channel.ChannelManager - Adding key: http://localhost:28047 for channel [id: 0xff951329, L:/127.0.0.1:58522 - R:localhost/127.0.0.1:28047]
20:26:58.081 [main] DEBUG net.serenitybdd.core.photography.Darkroom - Send negative for processing for target\site\serenity\6fe579a9cfdd7ead0d0d137f0821d8218f8f73240cbed7dc37b4d608d84c1ded.png
20:26:58.081 [Darkroom Processing Line] DEBUG net.serenitybdd.core.photography.DarkroomProcessingLine - Processing screenshot image in /var/screenshots/screenshot-15213247851531981378
20:26:58.081 [Darkroom Processing Line] DEBUG net.serenitybdd.core.photography.DarkroomProcessingLine - Saving screenshot to target\site\serenity\6fe579a9cfdd7ead0d0d137f0821d8218f8f73240cbed7dc37b4d608d84c1ded.png
20:26:58.081 [main] DEBUG net.thucydides.core.steps.StepInterceptor - STEP DONE: checkTitleWording
  &amp#27;[32mThen &amp#27;[0m&amp#27;[32mI will be directed to the correct &amp#27;[0m&amp#27;[32m&amp#27;[1m"Pulsa"&amp#27;[0m&amp#27;[32m product page&amp#27;[0m        &amp#27;[90m# starter.stepDefinitions.ProductSteps.i_will_be_directed_to_the_correct_product_page(java.lang.String)&amp#27;[0m
20:26:58.094 [Forwarding getPageSource on session a409c7c10b080fdf0c38ae745d504916 to remote] DEBUG org.asynchttpclient.netty.request.NettyRequestSender - Using pooled Channel '[id: 0xff951329, L:/127.0.0.1:58522 - R:localhost/127.0.0.1:28047]' for 'POST' to 'http://localhost:28047/session/a409c7c10b080fdf0c38ae745d504916/execute/sync'
20:26:58.094 [Forwarding getPageSource on session a409c7c10b080fdf0c38ae745d504916 to remote] DEBUG org.asynchttpclient.netty.request.NettyRequestSender - Using open Channel [id: 0xff951329, L:/127.0.0.1:58522 - R:localhost/127.0.0.1:28047] for POST '/session/a409c7c10b080fdf0c38ae745d504916/execute/sync'
20:26:58.108 [AsyncHttpClient-1-2] DEBUG org.asynchttpclient.netty.handler.HttpHandler - 

Request DefaultHttpRequest(decodeResult: success, version: HTTP/1.1)
POST /session/a409c7c10b080fdf0c38ae745d504916/execute/sync HTTP/1.1
User-Agent: selenium/4.8.1 (java windows)
Content-Length: 176
Content-Type: application/json; charset=utf-8
host: localhost:28047
accept: */*

Response DefaultHttpResponse(decodeResult: success, version: HTTP/1.1)
HTTP/1.1 200 OK
Content-Length: 210881
Content-Type: application/json; charset=utf-8
cache-control: no-cache

20:26:58.109 [AsyncHttpClient-1-2] DEBUG org.asynchttpclient.netty.channel.ChannelManager - Adding key: http://localhost:28047 for channel [id: 0xff951329, L:/127.0.0.1:58522 - R:localhost/127.0.0.1:28047]
20:26:58.120 [Forwarding getCurrentUrl on session a409c7c10b080fdf0c38ae745d504916 to remote] DEBUG org.asynchttpclient.netty.request.NettyRequestSender - Using pooled Channel '[id: 0xff951329, L:/127.0.0.1:58522 - R:localhost/127.0.0.1:28047]' for 'GET' to 'http://localhost:28047/session/a409c7c10b080fdf0c38ae745d504916/url'
20:26:58.120 [Forwarding getCurrentUrl on session a409c7c10b080fdf0c38ae745d504916 to remote] DEBUG org.asynchttpclient.netty.request.NettyRequestSender - Using open Channel [id: 0xff951329, L:/127.0.0.1:58522 - R:localhost/127.0.0.1:28047] for GET '/session/a409c7c10b080fdf0c38ae745d504916/url'
20:26:58.123 [AsyncHttpClient-1-2] DEBUG org.asynchttpclient.netty.handler.HttpHandler - 

Request DefaultFullHttpRequest(decodeResult: success, version: HTTP/1.1, content: EmptyByteBufBE)
GET /session/a409c7c10b080fdf0c38ae745d504916/url HTTP/1.1
User-Agent: selenium/4.8.1 (java windows)
Cache-Control: no-cache
Content-Type: application/json; charset=utf-8
host: localhost:28047
accept: */*

Response DefaultHttpResponse(decodeResult: success, version: HTTP/1.1)
HTTP/1.1 200 OK
Content-Length: 53
Content-Type: application/json; charset=utf-8
cache-control: no-cache

20:26:58.124 [AsyncHttpClient-1-2] DEBUG org.asynchttpclient.netty.channel.ChannelManager - Adding key: http://localhost:28047 for channel [id: 0xff951329, L:/127.0.0.1:58522 - R:localhost/127.0.0.1:28047]
20:26:58.157 [AsyncHttpClient-1-1] DEBUG org.asynchttpclient.netty.channel.DefaultChannelPool - Entry count for : http://localhost:58524 : 1
20:26:58.158 [AsyncHttpClient-1-1] DEBUG org.asynchttpclient.netty.channel.DefaultChannelPool - Entry count for : http://localhost:28047 : 1
20:26:58.306 [Forwarding getAlertText on session a409c7c10b080fdf0c38ae745d504916 to remote] DEBUG org.asynchttpclient.netty.request.NettyRequestSender - Using pooled Channel '[id: 0xff951329, L:/127.0.0.1:58522 - R:localhost/127.0.0.1:28047]' for 'GET' to 'http://localhost:28047/session/a409c7c10b080fdf0c38ae745d504916/alert/text'
20:26:58.306 [Forwarding getAlertText on session a409c7c10b080fdf0c38ae745d504916 to remote] DEBUG org.asynchttpclient.netty.request.NettyRequestSender - Using open Channel [id: 0xff951329, L:/127.0.0.1:58522 - R:localhost/127.0.0.1:28047] for GET '/session/a409c7c10b080fdf0c38ae745d504916/alert/text'
20:26:58.308 [AsyncHttpClient-1-2] DEBUG org.asynchttpclient.netty.handler.HttpHandler - 

Request DefaultFullHttpRequest(decodeResult: success, version: HTTP/1.1, content: EmptyByteBufBE)
GET /session/a409c7c10b080fdf0c38ae745d504916/alert/text HTTP/1.1
User-Agent: selenium/4.8.1 (java windows)
Cache-Control: no-cache
Content-Type: application/json; charset=utf-8
host: localhost:28047
accept: */*

Response DefaultHttpResponse(decodeResult: success, version: HTTP/1.1)
HTTP/1.1 404 Not Found
Content-Length: 816
Content-Type: application/json; charset=utf-8
cache-control: no-cache

20:26:58.308 [AsyncHttpClient-1-2] DEBUG org.asynchttpclient.netty.channel.ChannelManager - Adding key: http://localhost:28047 for channel [id: 0xff951329, L:/127.0.0.1:58522 - R:localhost/127.0.0.1:28047]
20:26:58.309 [Forwarding getCurrentUrl on session a409c7c10b080fdf0c38ae745d504916 to remote] DEBUG org.asynchttpclient.netty.request.NettyRequestSender - Using pooled Channel '[id: 0xff951329, L:/127.0.0.1:58522 - R:localhost/127.0.0.1:28047]' for 'GET' to 'http://localhost:28047/session/a409c7c10b080fdf0c38ae745d504916/url'
20:26:58.310 [Forwarding getCurrentUrl on session a409c7c10b080fdf0c38ae745d504916 to remote] DEBUG org.asynchttpclient.netty.request.NettyRequestSender - Using open Channel [id: 0xff951329, L:/127.0.0.1:58522 - R:localhost/127.0.0.1:28047] for GET '/session/a409c7c10b080fdf0c38ae745d504916/url'
20:26:58.313 [AsyncHttpClient-1-2] DEBUG org.asynchttpclient.netty.handler.HttpHandler - 

Request DefaultFullHttpRequest(decodeResult: success, version: HTTP/1.1, content: EmptyByteBufBE)
GET /session/a409c7c10b080fdf0c38ae745d504916/url HTTP/1.1
User-Agent: selenium/4.8.1 (java windows)
Cache-Control: no-cache
Content-Type: application/json; charset=utf-8
host: localhost:28047
accept: */*

Response DefaultHttpResponse(decodeResult: success, version: HTTP/1.1)
HTTP/1.1 200 OK
Content-Length: 53
Content-Type: application/json; charset=utf-8
cache-control: no-cache

20:26:58.314 [AsyncHttpClient-1-2] DEBUG org.asynchttpclient.netty.channel.ChannelManager - Adding key: http://localhost:28047 for channel [id: 0xff951329, L:/127.0.0.1:58522 - R:localhost/127.0.0.1:28047]
20:26:58.315 [Forwarding screenshot on session a409c7c10b080fdf0c38ae745d504916 to remote] DEBUG org.asynchttpclient.netty.request.NettyRequestSender - Using pooled Channel '[id: 0xff951329, L:/127.0.0.1:58522 - R:localhost/127.0.0.1:28047]' for 'GET' to 'http://localhost:28047/session/a409c7c10b080fdf0c38ae745d504916/screenshot'
20:26:58.315 [Forwarding screenshot on session a409c7c10b080fdf0c38ae745d504916 to remote] DEBUG org.asynchttpclient.netty.request.NettyRequestSender - Using open Channel [id: 0xff951329, L:/127.0.0.1:58522 - R:localhost/127.0.0.1:28047] for GET '/session/a409c7c10b080fdf0c38ae745d504916/screenshot'
20:26:58.435 [AsyncHttpClient-1-2] DEBUG org.asynchttpclient.netty.handler.HttpHandler - 

Request DefaultFullHttpRequest(decodeResult: success, version: HTTP/1.1, content: EmptyByteBufBE)
GET /session/a409c7c10b080fdf0c38ae745d504916/screenshot HTTP/1.1
User-Agent: selenium/4.8.1 (java windows)
Cache-Control: no-cache
Content-Type: application/json; charset=utf-8
host: localhost:28047
accept: */*

Response DefaultHttpResponse(decodeResult: success, version: HTTP/1.1)
HTTP/1.1 200 OK
Content-Length: 300708
Content-Type: application/json; charset=utf-8
cache-control: no-cache

20:26:58.436 [AsyncHttpClient-1-2] DEBUG org.asynchttpclient.netty.channel.ChannelManager - Adding key: http://localhost:28047 for channel [id: 0xff951329, L:/127.0.0.1:58522 - R:localhost/127.0.0.1:28047]
20:26:58.442 [main] DEBUG net.serenitybdd.core.photography.Darkroom - Send negative for processing for target\site\serenity\6fe579a9cfdd7ead0d0d137f0821d8218f8f73240cbed7dc37b4d608d84c1ded.png
20:26:58.444 [Forwarding getPageSource on session a409c7c10b080fdf0c38ae745d504916 to remote] DEBUG org.asynchttpclient.netty.request.NettyRequestSender - Using pooled Channel '[id: 0xff951329, L:/127.0.0.1:58522 - R:localhost/127.0.0.1:28047]' for 'POST' to 'http://localhost:28047/session/a409c7c10b080fdf0c38ae745d504916/execute/sync'
20:26:58.444 [Forwarding getPageSource on session a409c7c10b080fdf0c38ae745d504916 to remote] DEBUG org.asynchttpclient.netty.request.NettyRequestSender - Using open Channel [id: 0xff951329, L:/127.0.0.1:58522 - R:localhost/127.0.0.1:28047] for POST '/session/a409c7c10b080fdf0c38ae745d504916/execute/sync'
20:26:58.459 [AsyncHttpClient-1-2] DEBUG org.asynchttpclient.netty.handler.HttpHandler - 

Request DefaultHttpRequest(decodeResult: success, version: HTTP/1.1)
POST /session/a409c7c10b080fdf0c38ae745d504916/execute/sync HTTP/1.1
User-Agent: selenium/4.8.1 (java windows)
Content-Length: 176
Content-Type: application/json; charset=utf-8
host: localhost:28047
accept: */*

Response DefaultHttpResponse(decodeResult: success, version: HTTP/1.1)
HTTP/1.1 200 OK
Content-Length: 210881
Content-Type: application/json; charset=utf-8
cache-control: no-cache

20:26:58.460 [AsyncHttpClient-1-2] DEBUG org.asynchttpclient.netty.channel.ChannelManager - Adding key: http://localhost:28047 for channel [id: 0xff951329, L:/127.0.0.1:58522 - R:localhost/127.0.0.1:28047]
20:26:58.469 [Forwarding getCurrentUrl on session a409c7c10b080fdf0c38ae745d504916 to remote] DEBUG org.asynchttpclient.netty.request.NettyRequestSender - Using pooled Channel '[id: 0xff951329, L:/127.0.0.1:58522 - R:localhost/127.0.0.1:28047]' for 'GET' to 'http://localhost:28047/session/a409c7c10b080fdf0c38ae745d504916/url'
20:26:58.469 [Forwarding getCurrentUrl on session a409c7c10b080fdf0c38ae745d504916 to remote] DEBUG org.asynchttpclient.netty.request.NettyRequestSender - Using open Channel [id: 0xff951329, L:/127.0.0.1:58522 - R:localhost/127.0.0.1:28047] for GET '/session/a409c7c10b080fdf0c38ae745d504916/url'
20:26:58.474 [AsyncHttpClient-1-2] DEBUG org.asynchttpclient.netty.handler.HttpHandler - 

Request DefaultFullHttpRequest(decodeResult: success, version: HTTP/1.1, content: EmptyByteBufBE)
GET /session/a409c7c10b080fdf0c38ae745d504916/url HTTP/1.1
User-Agent: selenium/4.8.1 (java windows)
Cache-Control: no-cache
Content-Type: application/json; charset=utf-8
host: localhost:28047
accept: */*

Response DefaultHttpResponse(decodeResult: success, version: HTTP/1.1)
HTTP/1.1 200 OK
Content-Length: 53
Content-Type: application/json; charset=utf-8
cache-control: no-cache

20:26:58.474 [AsyncHttpClient-1-2] DEBUG org.asynchttpclient.netty.channel.ChannelManager - Adding key: http://localhost:28047 for channel [id: 0xff951329, L:/127.0.0.1:58522 - R:localhost/127.0.0.1:28047]
20:26:58.477 [main] DEBUG net.thucydides.core.steps.StepInterceptor - STARTING STEP: OrderSteps.i_enter_at_form_field - enterPulsa
20:26:58.481 [Forwarding findElement on session a409c7c10b080fdf0c38ae745d504916 to remote] DEBUG org.asynchttpclient.netty.request.NettyRequestSender - Using pooled Channel '[id: 0xff951329, L:/127.0.0.1:58522 - R:localhost/127.0.0.1:28047]' for 'POST' to 'http://localhost:28047/session/a409c7c10b080fdf0c38ae745d504916/element'
20:26:58.481 [Forwarding findElement on session a409c7c10b080fdf0c38ae745d504916 to remote] DEBUG org.asynchttpclient.netty.request.NettyRequestSender - Using open Channel [id: 0xff951329, L:/127.0.0.1:58522 - R:localhost/127.0.0.1:28047] for POST '/session/a409c7c10b080fdf0c38ae745d504916/element'
20:26:58.492 [AsyncHttpClient-1-2] DEBUG org.asynchttpclient.netty.handler.HttpHandler - 

Request DefaultHttpRequest(decodeResult: success, version: HTTP/1.1)
POST /session/a409c7c10b080fdf0c38ae745d504916/element HTTP/1.1
User-Agent: selenium/4.8.1 (java windows)
Content-Length: 57
Content-Type: application/json; charset=utf-8
host: localhost:28047
accept: */*

Response DefaultHttpResponse(decodeResult: success, version: HTTP/1.1)
HTTP/1.1 200 OK
Content-Length: 88
Content-Type: application/json; charset=utf-8
cache-control: no-cache

20:26:58.493 [AsyncHttpClient-1-2] DEBUG org.asynchttpclient.netty.channel.ChannelManager - Adding key: http://localhost:28047 for channel [id: 0xff951329, L:/127.0.0.1:58522 - R:localhost/127.0.0.1:28047]
20:26:58.495 [Forwarding clearElement on session a409c7c10b080fdf0c38ae745d504916 to remote] DEBUG org.asynchttpclient.netty.request.NettyRequestSender - Using pooled Channel '[id: 0xff951329, L:/127.0.0.1:58522 - R:localhost/127.0.0.1:28047]' for 'POST' to 'http://localhost:28047/session/a409c7c10b080fdf0c38ae745d504916/element/eb686908-168d-476c-bff9-ee330459316c/clear'
20:26:58.495 [Forwarding clearElement on session a409c7c10b080fdf0c38ae745d504916 to remote] DEBUG org.asynchttpclient.netty.request.NettyRequestSender - Using open Channel [id: 0xff951329, L:/127.0.0.1:58522 - R:localhost/127.0.0.1:28047] for POST '/session/a409c7c10b080fdf0c38ae745d504916/element/eb686908-168d-476c-bff9-ee330459316c/clear'
20:26:58.519 [AsyncHttpClient-1-2] DEBUG org.asynchttpclient.netty.handler.HttpHandler - 

Request DefaultHttpRequest(decodeResult: success, version: HTTP/1.1)
POST /session/a409c7c10b080fdf0c38ae745d504916/element/eb686908-168d-476c-bff9-ee330459316c/clear HTTP/1.1
User-Agent: selenium/4.8.1 (java windows)
Content-Length: 50
Content-Type: application/json; charset=utf-8
host: localhost:28047
accept: */*

Response DefaultHttpResponse(decodeResult: success, version: HTTP/1.1)
HTTP/1.1 200 OK
Content-Length: 14
Content-Type: application/json; charset=utf-8
cache-control: no-cache

20:26:58.519 [AsyncHttpClient-1-2] DEBUG org.asynchttpclient.netty.channel.ChannelManager - Adding key: http://localhost:28047 for channel [id: 0xff951329, L:/127.0.0.1:58522 - R:localhost/127.0.0.1:28047]
20:26:58.522 [Forwarding sendKeysToElement on session a409c7c10b080fdf0c38ae745d504916 to remote] DEBUG org.asynchttpclient.netty.request.NettyRequestSender - Using pooled Channel '[id: 0xff951329, L:/127.0.0.1:58522 - R:localhost/127.0.0.1:28047]' for 'POST' to 'http://localhost:28047/session/a409c7c10b080fdf0c38ae745d504916/element/eb686908-168d-476c-bff9-ee330459316c/value'
20:26:58.522 [Forwarding sendKeysToElement on session a409c7c10b080fdf0c38ae745d504916 to remote] DEBUG org.asynchttpclient.netty.request.NettyRequestSender - Using open Channel [id: 0xff951329, L:/127.0.0.1:58522 - R:localhost/127.0.0.1:28047] for POST '/session/a409c7c10b080fdf0c38ae745d504916/element/eb686908-168d-476c-bff9-ee330459316c/value'
20:26:58.659 [AsyncHttpClient-1-2] DEBUG org.asynchttpclient.netty.handler.HttpHandler - 

Request DefaultHttpRequest(decodeResult: success, version: HTTP/1.1)
POST /session/a409c7c10b080fdf0c38ae745d504916/element/eb686908-168d-476c-bff9-ee330459316c/value HTTP/1.1
User-Agent: selenium/4.8.1 (java windows)
Content-Length: 201
Content-Type: application/json; charset=utf-8
host: localhost:28047
accept: */*

Response DefaultHttpResponse(decodeResult: success, version: HTTP/1.1)
HTTP/1.1 200 OK
Content-Length: 14
Content-Type: application/json; charset=utf-8
cache-control: no-cache

20:26:58.659 [AsyncHttpClient-1-2] DEBUG org.asynchttpclient.netty.channel.ChannelManager - Adding key: http://localhost:28047 for channel [id: 0xff951329, L:/127.0.0.1:58522 - R:localhost/127.0.0.1:28047]
20:26:58.667 [Forwarding getAlertText on session a409c7c10b080fdf0c38ae745d504916 to remote] DEBUG org.asynchttpclient.netty.request.NettyRequestSender - Using pooled Channel '[id: 0xff951329, L:/127.0.0.1:58522 - R:localhost/127.0.0.1:28047]' for 'GET' to 'http://localhost:28047/session/a409c7c10b080fdf0c38ae745d504916/alert/text'
20:26:58.667 [Forwarding getAlertText on session a409c7c10b080fdf0c38ae745d504916 to remote] DEBUG org.asynchttpclient.netty.request.NettyRequestSender - Using open Channel [id: 0xff951329, L:/127.0.0.1:58522 - R:localhost/127.0.0.1:28047] for GET '/session/a409c7c10b080fdf0c38ae745d504916/alert/text'
20:26:58.705 [AsyncHttpClient-1-2] DEBUG org.asynchttpclient.netty.handler.HttpHandler - 

Request DefaultFullHttpRequest(decodeResult: success, version: HTTP/1.1, content: EmptyByteBufBE)
GET /session/a409c7c10b080fdf0c38ae745d504916/alert/text HTTP/1.1
User-Agent: selenium/4.8.1 (java windows)
Cache-Control: no-cache
Content-Type: application/json; charset=utf-8
host: localhost:28047
accept: */*

Response DefaultHttpResponse(decodeResult: success, version: HTTP/1.1)
HTTP/1.1 404 Not Found
Content-Length: 816
Content-Type: application/json; charset=utf-8
cache-control: no-cache

20:26:58.705 [AsyncHttpClient-1-2] DEBUG org.asynchttpclient.netty.channel.ChannelManager - Adding key: http://localhost:28047 for channel [id: 0xff951329, L:/127.0.0.1:58522 - R:localhost/127.0.0.1:28047]
20:26:58.709 [Forwarding getCurrentUrl on session a409c7c10b080fdf0c38ae745d504916 to remote] DEBUG org.asynchttpclient.netty.request.NettyRequestSender - Using pooled Channel '[id: 0xff951329, L:/127.0.0.1:58522 - R:localhost/127.0.0.1:28047]' for 'GET' to 'http://localhost:28047/session/a409c7c10b080fdf0c38ae745d504916/url'
20:26:58.709 [Forwarding getCurrentUrl on session a409c7c10b080fdf0c38ae745d504916 to remote] DEBUG org.asynchttpclient.netty.request.NettyRequestSender - Using open Channel [id: 0xff951329, L:/127.0.0.1:58522 - R:localhost/127.0.0.1:28047] for GET '/session/a409c7c10b080fdf0c38ae745d504916/url'
20:26:58.712 [AsyncHttpClient-1-2] DEBUG org.asynchttpclient.netty.handler.HttpHandler - 

Request DefaultFullHttpRequest(decodeResult: success, version: HTTP/1.1, content: EmptyByteBufBE)
GET /session/a409c7c10b080fdf0c38ae745d504916/url HTTP/1.1
User-Agent: selenium/4.8.1 (java windows)
Cache-Control: no-cache
Content-Type: application/json; charset=utf-8
host: localhost:28047
accept: */*

Response DefaultHttpResponse(decodeResult: success, version: HTTP/1.1)
HTTP/1.1 200 OK
Content-Length: 53
Content-Type: application/json; charset=utf-8
cache-control: no-cache

20:26:58.713 [AsyncHttpClient-1-2] DEBUG org.asynchttpclient.netty.channel.ChannelManager - Adding key: http://localhost:28047 for channel [id: 0xff951329, L:/127.0.0.1:58522 - R:localhost/127.0.0.1:28047]
20:26:58.714 [Forwarding screenshot on session a409c7c10b080fdf0c38ae745d504916 to remote] DEBUG org.asynchttpclient.netty.request.NettyRequestSender - Using pooled Channel '[id: 0xff951329, L:/127.0.0.1:58522 - R:localhost/127.0.0.1:28047]' for 'GET' to 'http://localhost:28047/session/a409c7c10b080fdf0c38ae745d504916/screenshot'
20:26:58.714 [Forwarding screenshot on session a409c7c10b080fdf0c38ae745d504916 to remote] DEBUG org.asynchttpclient.netty.request.NettyRequestSender - Using open Channel [id: 0xff951329, L:/127.0.0.1:58522 - R:localhost/127.0.0.1:28047] for GET '/session/a409c7c10b080fdf0c38ae745d504916/screenshot'
20:26:58.915 [AsyncHttpClient-1-2] DEBUG org.asynchttpclient.netty.handler.HttpHandler - 

Request DefaultFullHttpRequest(decodeResult: success, version: HTTP/1.1, content: EmptyByteBufBE)
GET /session/a409c7c10b080fdf0c38ae745d504916/screenshot HTTP/1.1
User-Agent: selenium/4.8.1 (java windows)
Cache-Control: no-cache
Content-Type: application/json; charset=utf-8
host: localhost:28047
accept: */*

Response DefaultHttpResponse(decodeResult: success, version: HTTP/1.1)
HTTP/1.1 200 OK
Content-Length: 200980
Content-Type: application/json; charset=utf-8
cache-control: no-cache

20:26:58.916 [AsyncHttpClient-1-2] DEBUG org.asynchttpclient.netty.channel.ChannelManager - Adding key: http://localhost:28047 for channel [id: 0xff951329, L:/127.0.0.1:58522 - R:localhost/127.0.0.1:28047]
20:26:58.919 [main] DEBUG net.serenitybdd.core.photography.Darkroom - Send negative for processing for target\site\serenity\52507aa4fe0792b5486e792c4d9a187f0ad2604eb55950b143ed1977571ac139.png
20:26:58.920 [Darkroom Processing Line] DEBUG net.serenitybdd.core.photography.DarkroomProcessingLine - Processing screenshot image in /var/screenshots/screenshot-5816973776804244835
20:26:58.920 [Darkroom Processing Line] DEBUG net.serenitybdd.core.photography.DarkroomProcessingLine - Saving screenshot to target\site\serenity\52507aa4fe0792b5486e792c4d9a187f0ad2604eb55950b143ed1977571ac139.png
20:26:58.920 [main] DEBUG net.thucydides.core.steps.StepInterceptor - STEP DONE: enterPulsa
  &amp#27;[32mAnd &amp#27;[0m&amp#27;[32mI enter &amp#27;[0m&amp#27;[32m&amp#27;[1m"081212121212"&amp#27;[0m&amp#27;[32m at form field&amp#27;[0m                           &amp#27;[90m# starter.stepDefinitions.OrderSteps.i_enter_at_form_field(java.lang.String)&amp#27;[0m
20:26:58.929 [Forwarding getPageSource on session a409c7c10b080fdf0c38ae745d504916 to remote] DEBUG org.asynchttpclient.netty.request.NettyRequestSender - Using pooled Channel '[id: 0xff951329, L:/127.0.0.1:58522 - R:localhost/127.0.0.1:28047]' for 'POST' to 'http://localhost:28047/session/a409c7c10b080fdf0c38ae745d504916/execute/sync'
20:26:58.929 [Forwarding getPageSource on session a409c7c10b080fdf0c38ae745d504916 to remote] DEBUG org.asynchttpclient.netty.request.NettyRequestSender - Using open Channel [id: 0xff951329, L:/127.0.0.1:58522 - R:localhost/127.0.0.1:28047] for POST '/session/a409c7c10b080fdf0c38ae745d504916/execute/sync'
20:26:58.936 [AsyncHttpClient-1-2] DEBUG org.asynchttpclient.netty.handler.HttpHandler - 

Request DefaultHttpRequest(decodeResult: success, version: HTTP/1.1)
POST /session/a409c7c10b080fdf0c38ae745d504916/execute/sync HTTP/1.1
User-Agent: selenium/4.8.1 (java windows)
Content-Length: 176
Content-Type: application/json; charset=utf-8
host: localhost:28047
accept: */*

Response DefaultHttpResponse(decodeResult: success, version: HTTP/1.1)
HTTP/1.1 200 OK
Content-Length: 77435
Content-Type: application/json; charset=utf-8
cache-control: no-cache

20:26:58.936 [AsyncHttpClient-1-2] DEBUG org.asynchttpclient.netty.channel.ChannelManager - Adding key: http://localhost:28047 for channel [id: 0xff951329, L:/127.0.0.1:58522 - R:localhost/127.0.0.1:28047]
20:26:58.944 [Forwarding getCurrentUrl on session a409c7c10b080fdf0c38ae745d504916 to remote] DEBUG org.asynchttpclient.netty.request.NettyRequestSender - Using pooled Channel '[id: 0xff951329, L:/127.0.0.1:58522 - R:localhost/127.0.0.1:28047]' for 'GET' to 'http://localhost:28047/session/a409c7c10b080fdf0c38ae745d504916/url'
20:26:58.944 [Forwarding getCurrentUrl on session a409c7c10b080fdf0c38ae745d504916 to remote] DEBUG org.asynchttpclient.netty.request.NettyRequestSender - Using open Channel [id: 0xff951329, L:/127.0.0.1:58522 - R:localhost/127.0.0.1:28047] for GET '/session/a409c7c10b080fdf0c38ae745d504916/url'
20:26:58.947 [AsyncHttpClient-1-2] DEBUG org.asynchttpclient.netty.handler.HttpHandler - 

Request DefaultFullHttpRequest(decodeResult: success, version: HTTP/1.1, content: EmptyByteBufBE)
GET /session/a409c7c10b080fdf0c38ae745d504916/url HTTP/1.1
User-Agent: selenium/4.8.1 (java windows)
Cache-Control: no-cache
Content-Type: application/json; charset=utf-8
host: localhost:28047
accept: */*

Response DefaultHttpResponse(decodeResult: success, version: HTTP/1.1)
HTTP/1.1 200 OK
Content-Length: 53
Content-Type: application/json; charset=utf-8
cache-control: no-cache

20:26:58.947 [AsyncHttpClient-1-2] DEBUG org.asynchttpclient.netty.channel.ChannelManager - Adding key: http://localhost:28047 for channel [id: 0xff951329, L:/127.0.0.1:58522 - R:localhost/127.0.0.1:28047]
20:26:58.960 [Forwarding getPageSource on session a409c7c10b080fdf0c38ae745d504916 to remote] DEBUG org.asynchttpclient.netty.request.NettyRequestSender - Using pooled Channel '[id: 0xff951329, L:/127.0.0.1:58522 - R:localhost/127.0.0.1:28047]' for 'POST' to 'http://localhost:28047/session/a409c7c10b080fdf0c38ae745d504916/execute/sync'
20:26:58.960 [Forwarding getPageSource on session a409c7c10b080fdf0c38ae745d504916 to remote] DEBUG org.asynchttpclient.netty.request.NettyRequestSender - Using open Channel [id: 0xff951329, L:/127.0.0.1:58522 - R:localhost/127.0.0.1:28047] for POST '/session/a409c7c10b080fdf0c38ae745d504916/execute/sync'
20:26:58.968 [AsyncHttpClient-1-2] DEBUG org.asynchttpclient.netty.handler.HttpHandler - 

Request DefaultHttpRequest(decodeResult: success, version: HTTP/1.1)
POST /session/a409c7c10b080fdf0c38ae745d504916/execute/sync HTTP/1.1
User-Agent: selenium/4.8.1 (java windows)
Content-Length: 176
Content-Type: application/json; charset=utf-8
host: localhost:28047
accept: */*

Response DefaultHttpResponse(decodeResult: success, version: HTTP/1.1)
HTTP/1.1 200 OK
Content-Length: 77435
Content-Type: application/json; charset=utf-8
cache-control: no-cache

20:26:58.968 [AsyncHttpClient-1-2] DEBUG org.asynchttpclient.netty.channel.ChannelManager - Adding key: http://localhost:28047 for channel [id: 0xff951329, L:/127.0.0.1:58522 - R:localhost/127.0.0.1:28047]
20:26:58.974 [Forwarding getCurrentUrl on session a409c7c10b080fdf0c38ae745d504916 to remote] DEBUG org.asynchttpclient.netty.request.NettyRequestSender - Using pooled Channel '[id: 0xff951329, L:/127.0.0.1:58522 - R:localhost/127.0.0.1:28047]' for 'GET' to 'http://localhost:28047/session/a409c7c10b080fdf0c38ae745d504916/url'
20:26:58.975 [Forwarding getCurrentUrl on session a409c7c10b080fdf0c38ae745d504916 to remote] DEBUG org.asynchttpclient.netty.request.NettyRequestSender - Using open Channel [id: 0xff951329, L:/127.0.0.1:58522 - R:localhost/127.0.0.1:28047] for GET '/session/a409c7c10b080fdf0c38ae745d504916/url'
20:26:58.978 [AsyncHttpClient-1-2] DEBUG org.asynchttpclient.netty.handler.HttpHandler - 

Request DefaultFullHttpRequest(decodeResult: success, version: HTTP/1.1, content: EmptyByteBufBE)
GET /session/a409c7c10b080fdf0c38ae745d504916/url HTTP/1.1
User-Agent: selenium/4.8.1 (java windows)
Cache-Control: no-cache
Content-Type: application/json; charset=utf-8
host: localhost:28047
accept: */*

Response DefaultHttpResponse(decodeResult: success, version: HTTP/1.1)
HTTP/1.1 200 OK
Content-Length: 53
Content-Type: application/json; charset=utf-8
cache-control: no-cache

20:26:58.979 [AsyncHttpClient-1-2] DEBUG org.asynchttpclient.netty.channel.ChannelManager - Adding key: http://localhost:28047 for channel [id: 0xff951329, L:/127.0.0.1:58522 - R:localhost/127.0.0.1:28047]
20:26:58.982 [main] DEBUG net.thucydides.core.steps.StepInterceptor - STARTING STEP: OrderSteps.i_select_the_first_pulsa_package - selectNominal
20:26:58.985 [Forwarding findElement on session a409c7c10b080fdf0c38ae745d504916 to remote] DEBUG org.asynchttpclient.netty.request.NettyRequestSender - Using pooled Channel '[id: 0xff951329, L:/127.0.0.1:58522 - R:localhost/127.0.0.1:28047]' for 'POST' to 'http://localhost:28047/session/a409c7c10b080fdf0c38ae745d504916/element'
20:26:58.985 [Forwarding findElement on session a409c7c10b080fdf0c38ae745d504916 to remote] DEBUG org.asynchttpclient.netty.request.NettyRequestSender - Using open Channel [id: 0xff951329, L:/127.0.0.1:58522 - R:localhost/127.0.0.1:28047] for POST '/session/a409c7c10b080fdf0c38ae745d504916/element'
20:26:59.260 [AsyncHttpClient-1-1] DEBUG org.asynchttpclient.netty.channel.DefaultChannelPool - Entry count for : http://localhost:58524 : 1
20:27:00.356 [AsyncHttpClient-1-1] DEBUG org.asynchttpclient.netty.channel.DefaultChannelPool - Entry count for : http://localhost:58524 : 1
20:27:00.996 [AsyncHttpClient-1-2] DEBUG org.asynchttpclient.netty.handler.HttpHandler - 

Request DefaultHttpRequest(decodeResult: success, version: HTTP/1.1)
POST /session/a409c7c10b080fdf0c38ae745d504916/element HTTP/1.1
User-Agent: selenium/4.8.1 (java windows)
Content-Length: 59
Content-Type: application/json; charset=utf-8
host: localhost:28047
accept: */*

Response DefaultHttpResponse(decodeResult: success, version: HTTP/1.1)
HTTP/1.1 404 Not Found
Content-Length: 938
Content-Type: application/json; charset=utf-8
cache-control: no-cache

20:27:00.996 [AsyncHttpClient-1-2] DEBUG org.asynchttpclient.netty.channel.ChannelManager - Adding key: http://localhost:28047 for channel [id: 0xff951329, L:/127.0.0.1:58522 - R:localhost/127.0.0.1:28047]
20:27:01.115 [Forwarding findElement on session a409c7c10b080fdf0c38ae745d504916 to remote] DEBUG org.asynchttpclient.netty.request.NettyRequestSender - Using pooled Channel '[id: 0xff951329, L:/127.0.0.1:58522 - R:localhost/127.0.0.1:28047]' for 'POST' to 'http://localhost:28047/session/a409c7c10b080fdf0c38ae745d504916/element'
20:27:01.116 [Forwarding findElement on session a409c7c10b080fdf0c38ae745d504916 to remote] DEBUG org.asynchttpclient.netty.request.NettyRequestSender - Using open Channel [id: 0xff951329, L:/127.0.0.1:58522 - R:localhost/127.0.0.1:28047] for POST '/session/a409c7c10b080fdf0c38ae745d504916/element'
20:27:01.122 [AsyncHttpClient-1-2] DEBUG org.asynchttpclient.netty.handler.HttpHandler - 

Request DefaultHttpRequest(decodeResult: success, version: HTTP/1.1)
POST /session/a409c7c10b080fdf0c38ae745d504916/element HTTP/1.1
User-Agent: selenium/4.8.1 (java windows)
Content-Length: 59
Content-Type: application/json; charset=utf-8
host: localhost:28047
accept: */*

Response DefaultHttpResponse(decodeResult: success, version: HTTP/1.1)
HTTP/1.1 200 OK
Content-Length: 88
Content-Type: application/json; charset=utf-8
cache-control: no-cache

20:27:01.122 [AsyncHttpClient-1-2] DEBUG org.asynchttpclient.netty.channel.ChannelManager - Adding key: http://localhost:28047 for channel [id: 0xff951329, L:/127.0.0.1:58522 - R:localhost/127.0.0.1:28047]
20:27:01.124 [Forwarding getElementTagName on session a409c7c10b080fdf0c38ae745d504916 to remote] DEBUG org.asynchttpclient.netty.request.NettyRequestSender - Using pooled Channel '[id: 0xff951329, L:/127.0.0.1:58522 - R:localhost/127.0.0.1:28047]' for 'GET' to 'http://localhost:28047/session/a409c7c10b080fdf0c38ae745d504916/element/268fc8eb-79d8-488e-9ab3-227993641ef1/name'
20:27:01.125 [Forwarding getElementTagName on session a409c7c10b080fdf0c38ae745d504916 to remote] DEBUG org.asynchttpclient.netty.request.NettyRequestSender - Using open Channel [id: 0xff951329, L:/127.0.0.1:58522 - R:localhost/127.0.0.1:28047] for GET '/session/a409c7c10b080fdf0c38ae745d504916/element/268fc8eb-79d8-488e-9ab3-227993641ef1/name'
20:27:01.129 [AsyncHttpClient-1-2] DEBUG org.asynchttpclient.netty.handler.HttpHandler - 

Request DefaultFullHttpRequest(decodeResult: success, version: HTTP/1.1, content: EmptyByteBufBE)
GET /session/a409c7c10b080fdf0c38ae745d504916/element/268fc8eb-79d8-488e-9ab3-227993641ef1/name HTTP/1.1
User-Agent: selenium/4.8.1 (java windows)
Cache-Control: no-cache
Content-Type: application/json; charset=utf-8
host: localhost:28047
accept: */*

Response DefaultHttpResponse(decodeResult: success, version: HTTP/1.1)
HTTP/1.1 200 OK
Content-Length: 15
Content-Type: application/json; charset=utf-8
cache-control: no-cache

20:27:01.129 [AsyncHttpClient-1-2] DEBUG org.asynchttpclient.netty.channel.ChannelManager - Adding key: http://localhost:28047 for channel [id: 0xff951329, L:/127.0.0.1:58522 - R:localhost/127.0.0.1:28047]
20:27:01.131 [Forwarding getElementTagName on session a409c7c10b080fdf0c38ae745d504916 to remote] DEBUG org.asynchttpclient.netty.request.NettyRequestSender - Using pooled Channel '[id: 0xff951329, L:/127.0.0.1:58522 - R:localhost/127.0.0.1:28047]' for 'GET' to 'http://localhost:28047/session/a409c7c10b080fdf0c38ae745d504916/element/268fc8eb-79d8-488e-9ab3-227993641ef1/name'
20:27:01.131 [Forwarding getElementTagName on session a409c7c10b080fdf0c38ae745d504916 to remote] DEBUG org.asynchttpclient.netty.request.NettyRequestSender - Using open Channel [id: 0xff951329, L:/127.0.0.1:58522 - R:localhost/127.0.0.1:28047] for GET '/session/a409c7c10b080fdf0c38ae745d504916/element/268fc8eb-79d8-488e-9ab3-227993641ef1/name'
20:27:01.134 [AsyncHttpClient-1-2] DEBUG org.asynchttpclient.netty.handler.HttpHandler - 

Request DefaultFullHttpRequest(decodeResult: success, version: HTTP/1.1, content: EmptyByteBufBE)
GET /session/a409c7c10b080fdf0c38ae745d504916/element/268fc8eb-79d8-488e-9ab3-227993641ef1/name HTTP/1.1
User-Agent: selenium/4.8.1 (java windows)
Cache-Control: no-cache
Content-Type: application/json; charset=utf-8
host: localhost:28047
accept: */*

Response DefaultHttpResponse(decodeResult: success, version: HTTP/1.1)
HTTP/1.1 200 OK
Content-Length: 15
Content-Type: application/json; charset=utf-8
cache-control: no-cache

20:27:01.134 [AsyncHttpClient-1-2] DEBUG org.asynchttpclient.netty.channel.ChannelManager - Adding key: http://localhost:28047 for channel [id: 0xff951329, L:/127.0.0.1:58522 - R:localhost/127.0.0.1:28047]
20:27:01.136 [Forwarding findElement on session a409c7c10b080fdf0c38ae745d504916 to remote] DEBUG org.asynchttpclient.netty.request.NettyRequestSender - Using pooled Channel '[id: 0xff951329, L:/127.0.0.1:58522 - R:localhost/127.0.0.1:28047]' for 'POST' to 'http://localhost:28047/session/a409c7c10b080fdf0c38ae745d504916/element'
20:27:01.136 [Forwarding findElement on session a409c7c10b080fdf0c38ae745d504916 to remote] DEBUG org.asynchttpclient.netty.request.NettyRequestSender - Using open Channel [id: 0xff951329, L:/127.0.0.1:58522 - R:localhost/127.0.0.1:28047] for POST '/session/a409c7c10b080fdf0c38ae745d504916/element'
20:27:01.143 [AsyncHttpClient-1-2] DEBUG org.asynchttpclient.netty.handler.HttpHandler - 

Request DefaultHttpRequest(decodeResult: success, version: HTTP/1.1)
POST /session/a409c7c10b080fdf0c38ae745d504916/element HTTP/1.1
User-Agent: selenium/4.8.1 (java windows)
Content-Length: 59
Content-Type: application/json; charset=utf-8
host: localhost:28047
accept: */*

Response DefaultHttpResponse(decodeResult: success, version: HTTP/1.1)
HTTP/1.1 200 OK
Content-Length: 88
Content-Type: application/json; charset=utf-8
cache-control: no-cache

20:27:01.143 [AsyncHttpClient-1-2] DEBUG org.asynchttpclient.netty.channel.ChannelManager - Adding key: http://localhost:28047 for channel [id: 0xff951329, L:/127.0.0.1:58522 - R:localhost/127.0.0.1:28047]
20:27:01.145 [Forwarding clickElement on session a409c7c10b080fdf0c38ae745d504916 to remote] DEBUG org.asynchttpclient.netty.request.NettyRequestSender - Using pooled Channel '[id: 0xff951329, L:/127.0.0.1:58522 - R:localhost/127.0.0.1:28047]' for 'POST' to 'http://localhost:28047/session/a409c7c10b080fdf0c38ae745d504916/element/268fc8eb-79d8-488e-9ab3-227993641ef1/click'
20:27:01.145 [Forwarding clickElement on session a409c7c10b080fdf0c38ae745d504916 to remote] DEBUG org.asynchttpclient.netty.request.NettyRequestSender - Using open Channel [id: 0xff951329, L:/127.0.0.1:58522 - R:localhost/127.0.0.1:28047] for POST '/session/a409c7c10b080fdf0c38ae745d504916/element/268fc8eb-79d8-488e-9ab3-227993641ef1/click'
20:27:01.200 [AsyncHttpClient-1-2] DEBUG org.asynchttpclient.netty.handler.HttpHandler - 

Request DefaultHttpRequest(decodeResult: success, version: HTTP/1.1)
POST /session/a409c7c10b080fdf0c38ae745d504916/element/268fc8eb-79d8-488e-9ab3-227993641ef1/click HTTP/1.1
User-Agent: selenium/4.8.1 (java windows)
Content-Length: 50
Content-Type: application/json; charset=utf-8
host: localhost:28047
accept: */*

Response DefaultHttpResponse(decodeResult: success, version: HTTP/1.1)
HTTP/1.1 200 OK
Content-Length: 14
Content-Type: application/json; charset=utf-8
cache-control: no-cache

20:27:01.201 [AsyncHttpClient-1-2] DEBUG org.asynchttpclient.netty.channel.ChannelManager - Adding key: http://localhost:28047 for channel [id: 0xff951329, L:/127.0.0.1:58522 - R:localhost/127.0.0.1:28047]
20:27:01.212 [Forwarding getAlertText on session a409c7c10b080fdf0c38ae745d504916 to remote] DEBUG org.asynchttpclient.netty.request.NettyRequestSender - Using pooled Channel '[id: 0xff951329, L:/127.0.0.1:58522 - R:localhost/127.0.0.1:28047]' for 'GET' to 'http://localhost:28047/session/a409c7c10b080fdf0c38ae745d504916/alert/text'
20:27:01.212 [Forwarding getAlertText on session a409c7c10b080fdf0c38ae745d504916 to remote] DEBUG org.asynchttpclient.netty.request.NettyRequestSender - Using open Channel [id: 0xff951329, L:/127.0.0.1:58522 - R:localhost/127.0.0.1:28047] for GET '/session/a409c7c10b080fdf0c38ae745d504916/alert/text'
20:27:01.215 [AsyncHttpClient-1-2] DEBUG org.asynchttpclient.netty.handler.HttpHandler - 

Request DefaultFullHttpRequest(decodeResult: success, version: HTTP/1.1, content: EmptyByteBufBE)
GET /session/a409c7c10b080fdf0c38ae745d504916/alert/text HTTP/1.1
User-Agent: selenium/4.8.1 (java windows)
Cache-Control: no-cache
Content-Type: application/json; charset=utf-8
host: localhost:28047
accept: */*

Response DefaultHttpResponse(decodeResult: success, version: HTTP/1.1)
HTTP/1.1 404 Not Found
Content-Length: 816
Content-Type: application/json; charset=utf-8
cache-control: no-cache

20:27:01.215 [AsyncHttpClient-1-2] DEBUG org.asynchttpclient.netty.channel.ChannelManager - Adding key: http://localhost:28047 for channel [id: 0xff951329, L:/127.0.0.1:58522 - R:localhost/127.0.0.1:28047]
20:27:01.216 [Forwarding getCurrentUrl on session a409c7c10b080fdf0c38ae745d504916 to remote] DEBUG org.asynchttpclient.netty.request.NettyRequestSender - Using pooled Channel '[id: 0xff951329, L:/127.0.0.1:58522 - R:localhost/127.0.0.1:28047]' for 'GET' to 'http://localhost:28047/session/a409c7c10b080fdf0c38ae745d504916/url'
20:27:01.216 [Forwarding getCurrentUrl on session a409c7c10b080fdf0c38ae745d504916 to remote] DEBUG org.asynchttpclient.netty.request.NettyRequestSender - Using open Channel [id: 0xff951329, L:/127.0.0.1:58522 - R:localhost/127.0.0.1:28047] for GET '/session/a409c7c10b080fdf0c38ae745d504916/url'
20:27:01.220 [AsyncHttpClient-1-2] DEBUG org.asynchttpclient.netty.handler.HttpHandler - 

Request DefaultFullHttpRequest(decodeResult: success, version: HTTP/1.1, content: EmptyByteBufBE)
GET /session/a409c7c10b080fdf0c38ae745d504916/url HTTP/1.1
User-Agent: selenium/4.8.1 (java windows)
Cache-Control: no-cache
Content-Type: application/json; charset=utf-8
host: localhost:28047
accept: */*

Response DefaultHttpResponse(decodeResult: success, version: HTTP/1.1)
HTTP/1.1 200 OK
Content-Length: 53
Content-Type: application/json; charset=utf-8
cache-control: no-cache

20:27:01.220 [AsyncHttpClient-1-2] DEBUG org.asynchttpclient.netty.channel.ChannelManager - Adding key: http://localhost:28047 for channel [id: 0xff951329, L:/127.0.0.1:58522 - R:localhost/127.0.0.1:28047]
20:27:01.222 [Forwarding screenshot on session a409c7c10b080fdf0c38ae745d504916 to remote] DEBUG org.asynchttpclient.netty.request.NettyRequestSender - Using pooled Channel '[id: 0xff951329, L:/127.0.0.1:58522 - R:localhost/127.0.0.1:28047]' for 'GET' to 'http://localhost:28047/session/a409c7c10b080fdf0c38ae745d504916/screenshot'
20:27:01.222 [Forwarding screenshot on session a409c7c10b080fdf0c38ae745d504916 to remote] DEBUG org.asynchttpclient.netty.request.NettyRequestSender - Using open Channel [id: 0xff951329, L:/127.0.0.1:58522 - R:localhost/127.0.0.1:28047] for GET '/session/a409c7c10b080fdf0c38ae745d504916/screenshot'
20:27:01.403 [AsyncHttpClient-1-2] DEBUG org.asynchttpclient.netty.handler.HttpHandler - 

Request DefaultFullHttpRequest(decodeResult: success, version: HTTP/1.1, content: EmptyByteBufBE)
GET /session/a409c7c10b080fdf0c38ae745d504916/screenshot HTTP/1.1
User-Agent: selenium/4.8.1 (java windows)
Cache-Control: no-cache
Content-Type: application/json; charset=utf-8
host: localhost:28047
accept: */*

Response DefaultHttpResponse(decodeResult: success, version: HTTP/1.1)
HTTP/1.1 200 OK
Content-Length: 169140
Content-Type: application/json; charset=utf-8
cache-control: no-cache

20:27:01.403 [AsyncHttpClient-1-2] DEBUG org.asynchttpclient.netty.channel.ChannelManager - Adding key: http://localhost:28047 for channel [id: 0xff951329, L:/127.0.0.1:58522 - R:localhost/127.0.0.1:28047]
20:27:01.407 [main] DEBUG net.serenitybdd.core.photography.Darkroom - Send negative for processing for target\site\serenity\dc9c4043a6e22056fa263a4e63138239d8a6e624f9481261ae81deae6e3e5a1b.png
20:27:01.408 [main] DEBUG net.thucydides.core.steps.StepInterceptor - STEP DONE: selectNominal
20:27:01.408 [Darkroom Processing Line] DEBUG net.serenitybdd.core.photography.DarkroomProcessingLine - Processing screenshot image in /var/screenshots/screenshot-364351658766396396
20:27:01.408 [Darkroom Processing Line] DEBUG net.serenitybdd.core.photography.DarkroomProcessingLine - Saving screenshot to target\site\serenity\dc9c4043a6e22056fa263a4e63138239d8a6e624f9481261ae81deae6e3e5a1b.png
  &amp#27;[32mAnd &amp#27;[0m&amp#27;[32mI select the first pulsa package&amp#27;[0m                               &amp#27;[90m# starter.stepDefinitions.OrderSteps.i_select_the_first_pulsa_package()&amp#27;[0m
20:27:01.421 [Forwarding getPageSource on session a409c7c10b080fdf0c38ae745d504916 to remote] DEBUG org.asynchttpclient.netty.request.NettyRequestSender - Using pooled Channel '[id: 0xff951329, L:/127.0.0.1:58522 - R:localhost/127.0.0.1:28047]' for 'POST' to 'http://localhost:28047/session/a409c7c10b080fdf0c38ae745d504916/execute/sync'
20:27:01.421 [Forwarding getPageSource on session a409c7c10b080fdf0c38ae745d504916 to remote] DEBUG org.asynchttpclient.netty.request.NettyRequestSender - Using open Channel [id: 0xff951329, L:/127.0.0.1:58522 - R:localhost/127.0.0.1:28047] for POST '/session/a409c7c10b080fdf0c38ae745d504916/execute/sync'
20:27:01.437 [AsyncHttpClient-1-2] DEBUG org.asynchttpclient.netty.handler.HttpHandler - 

Request DefaultHttpRequest(decodeResult: success, version: HTTP/1.1)
POST /session/a409c7c10b080fdf0c38ae745d504916/execute/sync HTTP/1.1
User-Agent: selenium/4.8.1 (java windows)
Content-Length: 176
Content-Type: application/json; charset=utf-8
host: localhost:28047
accept: */*

Response DefaultHttpResponse(decodeResult: success, version: HTTP/1.1)
HTTP/1.1 200 OK
Content-Length: 156124
Content-Type: application/json; charset=utf-8
cache-control: no-cache

20:27:01.438 [AsyncHttpClient-1-2] DEBUG org.asynchttpclient.netty.channel.ChannelManager - Adding key: http://localhost:28047 for channel [id: 0xff951329, L:/127.0.0.1:58522 - R:localhost/127.0.0.1:28047]
20:27:01.449 [Forwarding getCurrentUrl on session a409c7c10b080fdf0c38ae745d504916 to remote] DEBUG org.asynchttpclient.netty.request.NettyRequestSender - Using pooled Channel '[id: 0xff951329, L:/127.0.0.1:58522 - R:localhost/127.0.0.1:28047]' for 'GET' to 'http://localhost:28047/session/a409c7c10b080fdf0c38ae745d504916/url'
20:27:01.449 [Forwarding getCurrentUrl on session a409c7c10b080fdf0c38ae745d504916 to remote] DEBUG org.asynchttpclient.netty.request.NettyRequestSender - Using open Channel [id: 0xff951329, L:/127.0.0.1:58522 - R:localhost/127.0.0.1:28047] for GET '/session/a409c7c10b080fdf0c38ae745d504916/url'
20:27:01.453 [AsyncHttpClient-1-2] DEBUG org.asynchttpclient.netty.handler.HttpHandler - 

Request DefaultFullHttpRequest(decodeResult: success, version: HTTP/1.1, content: EmptyByteBufBE)
GET /session/a409c7c10b080fdf0c38ae745d504916/url HTTP/1.1
User-Agent: selenium/4.8.1 (java windows)
Cache-Control: no-cache
Content-Type: application/json; charset=utf-8
host: localhost:28047
accept: */*

Response DefaultHttpResponse(decodeResult: success, version: HTTP/1.1)
HTTP/1.1 200 OK
Content-Length: 53
Content-Type: application/json; charset=utf-8
cache-control: no-cache

20:27:01.453 [AsyncHttpClient-1-2] DEBUG org.asynchttpclient.netty.channel.ChannelManager - Adding key: http://localhost:28047 for channel [id: 0xff951329, L:/127.0.0.1:58522 - R:localhost/127.0.0.1:28047]
20:27:01.458 [AsyncHttpClient-1-1] DEBUG org.asynchttpclient.netty.channel.DefaultChannelPool - Entry count for : http://localhost:58524 : 1
20:27:01.459 [AsyncHttpClient-1-1] DEBUG org.asynchttpclient.netty.channel.DefaultChannelPool - Entry count for : http://localhost:28047 : 1
20:27:01.467 [Forwarding getAlertText on session a409c7c10b080fdf0c38ae745d504916 to remote] DEBUG org.asynchttpclient.netty.request.NettyRequestSender - Using pooled Channel '[id: 0xff951329, L:/127.0.0.1:58522 - R:localhost/127.0.0.1:28047]' for 'GET' to 'http://localhost:28047/session/a409c7c10b080fdf0c38ae745d504916/alert/text'
20:27:01.467 [Forwarding getAlertText on session a409c7c10b080fdf0c38ae745d504916 to remote] DEBUG org.asynchttpclient.netty.request.NettyRequestSender - Using open Channel [id: 0xff951329, L:/127.0.0.1:58522 - R:localhost/127.0.0.1:28047] for GET '/session/a409c7c10b080fdf0c38ae745d504916/alert/text'
20:27:01.469 [AsyncHttpClient-1-2] DEBUG org.asynchttpclient.netty.handler.HttpHandler - 

Request DefaultFullHttpRequest(decodeResult: success, version: HTTP/1.1, content: EmptyByteBufBE)
GET /session/a409c7c10b080fdf0c38ae745d504916/alert/text HTTP/1.1
User-Agent: selenium/4.8.1 (java windows)
Cache-Control: no-cache
Content-Type: application/json; charset=utf-8
host: localhost:28047
accept: */*

Response DefaultHttpResponse(decodeResult: success, version: HTTP/1.1)
HTTP/1.1 404 Not Found
Content-Length: 816
Content-Type: application/json; charset=utf-8
cache-control: no-cache

20:27:01.470 [AsyncHttpClient-1-2] DEBUG org.asynchttpclient.netty.channel.ChannelManager - Adding key: http://localhost:28047 for channel [id: 0xff951329, L:/127.0.0.1:58522 - R:localhost/127.0.0.1:28047]
20:27:01.472 [Forwarding getCurrentUrl on session a409c7c10b080fdf0c38ae745d504916 to remote] DEBUG org.asynchttpclient.netty.request.NettyRequestSender - Using pooled Channel '[id: 0xff951329, L:/127.0.0.1:58522 - R:localhost/127.0.0.1:28047]' for 'GET' to 'http://localhost:28047/session/a409c7c10b080fdf0c38ae745d504916/url'
20:27:01.472 [Forwarding getCurrentUrl on session a409c7c10b080fdf0c38ae745d504916 to remote] DEBUG org.asynchttpclient.netty.request.NettyRequestSender - Using open Channel [id: 0xff951329, L:/127.0.0.1:58522 - R:localhost/127.0.0.1:28047] for GET '/session/a409c7c10b080fdf0c38ae745d504916/url'
20:27:01.476 [AsyncHttpClient-1-2] DEBUG org.asynchttpclient.netty.handler.HttpHandler - 

Request DefaultFullHttpRequest(decodeResult: success, version: HTTP/1.1, content: EmptyByteBufBE)
GET /session/a409c7c10b080fdf0c38ae745d504916/url HTTP/1.1
User-Agent: selenium/4.8.1 (java windows)
Cache-Control: no-cache
Content-Type: application/json; charset=utf-8
host: localhost:28047
accept: */*

Response DefaultHttpResponse(decodeResult: success, version: HTTP/1.1)
HTTP/1.1 200 OK
Content-Length: 53
Content-Type: application/json; charset=utf-8
cache-control: no-cache

20:27:01.477 [AsyncHttpClient-1-2] DEBUG org.asynchttpclient.netty.channel.ChannelManager - Adding key: http://localhost:28047 for channel [id: 0xff951329, L:/127.0.0.1:58522 - R:localhost/127.0.0.1:28047]
20:27:01.478 [Forwarding screenshot on session a409c7c10b080fdf0c38ae745d504916 to remote] DEBUG org.asynchttpclient.netty.request.NettyRequestSender - Using pooled Channel '[id: 0xff951329, L:/127.0.0.1:58522 - R:localhost/127.0.0.1:28047]' for 'GET' to 'http://localhost:28047/session/a409c7c10b080fdf0c38ae745d504916/screenshot'
20:27:01.479 [Forwarding screenshot on session a409c7c10b080fdf0c38ae745d504916 to remote] DEBUG org.asynchttpclient.netty.request.NettyRequestSender - Using open Channel [id: 0xff951329, L:/127.0.0.1:58522 - R:localhost/127.0.0.1:28047] for GET '/session/a409c7c10b080fdf0c38ae745d504916/screenshot'
20:27:01.701 [AsyncHttpClient-1-2] DEBUG org.asynchttpclient.netty.handler.HttpHandler - 

Request DefaultFullHttpRequest(decodeResult: success, version: HTTP/1.1, content: EmptyByteBufBE)
GET /session/a409c7c10b080fdf0c38ae745d504916/screenshot HTTP/1.1
User-Agent: selenium/4.8.1 (java windows)
Cache-Control: no-cache
Content-Type: application/json; charset=utf-8
host: localhost:28047
accept: */*

Response DefaultHttpResponse(decodeResult: success, version: HTTP/1.1)
HTTP/1.1 200 OK
Content-Length: 172496
Content-Type: application/json; charset=utf-8
cache-control: no-cache

20:27:01.703 [AsyncHttpClient-1-2] DEBUG org.asynchttpclient.netty.channel.ChannelManager - Adding key: http://localhost:28047 for channel [id: 0xff951329, L:/127.0.0.1:58522 - R:localhost/127.0.0.1:28047]
20:27:01.710 [main] DEBUG net.serenitybdd.core.photography.Darkroom - Send negative for processing for target\site\serenity\08476aa1979b532f187b7af938016602bed16e74494e8ea07446475182f96b7f.png
20:27:01.711 [Darkroom Processing Line] DEBUG net.serenitybdd.core.photography.DarkroomProcessingLine - Processing screenshot image in /var/screenshots/screenshot-16894101689986031162
20:27:01.711 [Darkroom Processing Line] DEBUG net.serenitybdd.core.photography.DarkroomProcessingLine - Saving screenshot to target\site\serenity\08476aa1979b532f187b7af938016602bed16e74494e8ea07446475182f96b7f.png
20:27:01.713 [Forwarding getPageSource on session a409c7c10b080fdf0c38ae745d504916 to remote] DEBUG org.asynchttpclient.netty.request.NettyRequestSender - Using pooled Channel '[id: 0xff951329, L:/127.0.0.1:58522 - R:localhost/127.0.0.1:28047]' for 'POST' to 'http://localhost:28047/session/a409c7c10b080fdf0c38ae745d504916/execute/sync'
20:27:01.713 [Forwarding getPageSource on session a409c7c10b080fdf0c38ae745d504916 to remote] DEBUG org.asynchttpclient.netty.request.NettyRequestSender - Using open Channel [id: 0xff951329, L:/127.0.0.1:58522 - R:localhost/127.0.0.1:28047] for POST '/session/a409c7c10b080fdf0c38ae745d504916/execute/sync'
20:27:01.722 [AsyncHttpClient-1-2] DEBUG org.asynchttpclient.netty.handler.HttpHandler - 

Request DefaultHttpRequest(decodeResult: success, version: HTTP/1.1)
POST /session/a409c7c10b080fdf0c38ae745d504916/execute/sync HTTP/1.1
User-Agent: selenium/4.8.1 (java windows)
Content-Length: 176
Content-Type: application/json; charset=utf-8
host: localhost:28047
accept: */*

Response DefaultHttpResponse(decodeResult: success, version: HTTP/1.1)
HTTP/1.1 200 OK
Content-Length: 43391
Content-Type: application/json; charset=utf-8
cache-control: no-cache

20:27:01.723 [AsyncHttpClient-1-2] DEBUG org.asynchttpclient.netty.channel.ChannelManager - Adding key: http://localhost:28047 for channel [id: 0xff951329, L:/127.0.0.1:58522 - R:localhost/127.0.0.1:28047]
20:27:01.729 [Forwarding getCurrentUrl on session a409c7c10b080fdf0c38ae745d504916 to remote] DEBUG org.asynchttpclient.netty.request.NettyRequestSender - Using pooled Channel '[id: 0xff951329, L:/127.0.0.1:58522 - R:localhost/127.0.0.1:28047]' for 'GET' to 'http://localhost:28047/session/a409c7c10b080fdf0c38ae745d504916/url'
20:27:01.729 [Forwarding getCurrentUrl on session a409c7c10b080fdf0c38ae745d504916 to remote] DEBUG org.asynchttpclient.netty.request.NettyRequestSender - Using open Channel [id: 0xff951329, L:/127.0.0.1:58522 - R:localhost/127.0.0.1:28047] for GET '/session/a409c7c10b080fdf0c38ae745d504916/url'
20:27:01.734 [AsyncHttpClient-1-2] DEBUG org.asynchttpclient.netty.handler.HttpHandler - 

Request DefaultFullHttpRequest(decodeResult: success, version: HTTP/1.1, content: EmptyByteBufBE)
GET /session/a409c7c10b080fdf0c38ae745d504916/url HTTP/1.1
User-Agent: selenium/4.8.1 (java windows)
Cache-Control: no-cache
Content-Type: application/json; charset=utf-8
host: localhost:28047
accept: */*

Response DefaultHttpResponse(decodeResult: success, version: HTTP/1.1)
HTTP/1.1 200 OK
Content-Length: 56
Content-Type: application/json; charset=utf-8
cache-control: no-cache

20:27:01.734 [AsyncHttpClient-1-2] DEBUG org.asynchttpclient.netty.channel.ChannelManager - Adding key: http://localhost:28047 for channel [id: 0xff951329, L:/127.0.0.1:58522 - R:localhost/127.0.0.1:28047]
20:27:01.738 [main] DEBUG net.thucydides.core.steps.StepInterceptor - STARTING STEP: OrderSteps.i_will_be_directed_to_payment_page - checkCheckoutDetail
20:27:01.744 [Forwarding findElement on session a409c7c10b080fdf0c38ae745d504916 to remote] DEBUG org.asynchttpclient.netty.request.NettyRequestSender - Using pooled Channel '[id: 0xff951329, L:/127.0.0.1:58522 - R:localhost/127.0.0.1:28047]' for 'POST' to 'http://localhost:28047/session/a409c7c10b080fdf0c38ae745d504916/element'
20:27:01.745 [Forwarding findElement on session a409c7c10b080fdf0c38ae745d504916 to remote] DEBUG org.asynchttpclient.netty.request.NettyRequestSender - Using open Channel [id: 0xff951329, L:/127.0.0.1:58522 - R:localhost/127.0.0.1:28047] for POST '/session/a409c7c10b080fdf0c38ae745d504916/element'
20:27:02.560 [AsyncHttpClient-1-1] DEBUG org.asynchttpclient.netty.channel.DefaultChannelPool - Entry count for : http://localhost:58524 : 1
20:27:03.656 [AsyncHttpClient-1-1] DEBUG org.asynchttpclient.netty.channel.DefaultChannelPool - Entry count for : http://localhost:58524 : 1
20:27:03.780 [AsyncHttpClient-1-2] DEBUG org.asynchttpclient.netty.handler.HttpHandler - 

Request DefaultHttpRequest(decodeResult: success, version: HTTP/1.1)
POST /session/a409c7c10b080fdf0c38ae745d504916/element HTTP/1.1
User-Agent: selenium/4.8.1 (java windows)
Content-Length: 60
Content-Type: application/json; charset=utf-8
host: localhost:28047
accept: */*

Response DefaultHttpResponse(decodeResult: success, version: HTTP/1.1)
HTTP/1.1 404 Not Found
Content-Length: 939
Content-Type: application/json; charset=utf-8
cache-control: no-cache

20:27:03.780 [AsyncHttpClient-1-2] DEBUG org.asynchttpclient.netty.channel.ChannelManager - Adding key: http://localhost:28047 for channel [id: 0xff951329, L:/127.0.0.1:58522 - R:localhost/127.0.0.1:28047]
20:27:03.785 [Forwarding getAlertText on session a409c7c10b080fdf0c38ae745d504916 to remote] DEBUG org.asynchttpclient.netty.request.NettyRequestSender - Using pooled Channel '[id: 0xff951329, L:/127.0.0.1:58522 - R:localhost/127.0.0.1:28047]' for 'GET' to 'http://localhost:28047/session/a409c7c10b080fdf0c38ae745d504916/alert/text'
20:27:03.785 [Forwarding getAlertText on session a409c7c10b080fdf0c38ae745d504916 to remote] DEBUG org.asynchttpclient.netty.request.NettyRequestSender - Using open Channel [id: 0xff951329, L:/127.0.0.1:58522 - R:localhost/127.0.0.1:28047] for GET '/session/a409c7c10b080fdf0c38ae745d504916/alert/text'
20:27:03.787 [AsyncHttpClient-1-2] DEBUG org.asynchttpclient.netty.handler.HttpHandler - 

Request DefaultFullHttpRequest(decodeResult: success, version: HTTP/1.1, content: EmptyByteBufBE)
GET /session/a409c7c10b080fdf0c38ae745d504916/alert/text HTTP/1.1
User-Agent: selenium/4.8.1 (java windows)
Cache-Control: no-cache
Content-Type: application/json; charset=utf-8
host: localhost:28047
accept: */*

Response DefaultHttpResponse(decodeResult: success, version: HTTP/1.1)
HTTP/1.1 404 Not Found
Content-Length: 816
Content-Type: application/json; charset=utf-8
cache-control: no-cache

20:27:03.787 [AsyncHttpClient-1-2] DEBUG org.asynchttpclient.netty.channel.ChannelManager - Adding key: http://localhost:28047 for channel [id: 0xff951329, L:/127.0.0.1:58522 - R:localhost/127.0.0.1:28047]
20:27:03.789 [Forwarding getCurrentUrl on session a409c7c10b080fdf0c38ae745d504916 to remote] DEBUG org.asynchttpclient.netty.request.NettyRequestSender - Using pooled Channel '[id: 0xff951329, L:/127.0.0.1:58522 - R:localhost/127.0.0.1:28047]' for 'GET' to 'http://localhost:28047/session/a409c7c10b080fdf0c38ae745d504916/url'
20:27:03.790 [Forwarding getCurrentUrl on session a409c7c10b080fdf0c38ae745d504916 to remote] DEBUG org.asynchttpclient.netty.request.NettyRequestSender - Using open Channel [id: 0xff951329, L:/127.0.0.1:58522 - R:localhost/127.0.0.1:28047] for GET '/session/a409c7c10b080fdf0c38ae745d504916/url'
20:27:03.793 [AsyncHttpClient-1-2] DEBUG org.asynchttpclient.netty.handler.HttpHandler - 

Request DefaultFullHttpRequest(decodeResult: success, version: HTTP/1.1, content: EmptyByteBufBE)
GET /session/a409c7c10b080fdf0c38ae745d504916/url HTTP/1.1
User-Agent: selenium/4.8.1 (java windows)
Cache-Control: no-cache
Content-Type: application/json; charset=utf-8
host: localhost:28047
accept: */*

Response DefaultHttpResponse(decodeResult: success, version: HTTP/1.1)
HTTP/1.1 200 OK
Content-Length: 56
Content-Type: application/json; charset=utf-8
cache-control: no-cache

20:27:03.793 [AsyncHttpClient-1-2] DEBUG org.asynchttpclient.netty.channel.ChannelManager - Adding key: http://localhost:28047 for channel [id: 0xff951329, L:/127.0.0.1:58522 - R:localhost/127.0.0.1:28047]
20:27:03.794 [Forwarding screenshot on session a409c7c10b080fdf0c38ae745d504916 to remote] DEBUG org.asynchttpclient.netty.request.NettyRequestSender - Using pooled Channel '[id: 0xff951329, L:/127.0.0.1:58522 - R:localhost/127.0.0.1:28047]' for 'GET' to 'http://localhost:28047/session/a409c7c10b080fdf0c38ae745d504916/screenshot'
20:27:03.794 [Forwarding screenshot on session a409c7c10b080fdf0c38ae745d504916 to remote] DEBUG org.asynchttpclient.netty.request.NettyRequestSender - Using open Channel [id: 0xff951329, L:/127.0.0.1:58522 - R:localhost/127.0.0.1:28047] for GET '/session/a409c7c10b080fdf0c38ae745d504916/screenshot'
20:27:03.953 [AsyncHttpClient-1-2] DEBUG org.asynchttpclient.netty.handler.HttpHandler - 

Request DefaultFullHttpRequest(decodeResult: success, version: HTTP/1.1, content: EmptyByteBufBE)
GET /session/a409c7c10b080fdf0c38ae745d504916/screenshot HTTP/1.1
User-Agent: selenium/4.8.1 (java windows)
Cache-Control: no-cache
Content-Type: application/json; charset=utf-8
host: localhost:28047
accept: */*

Response DefaultHttpResponse(decodeResult: success, version: HTTP/1.1)
HTTP/1.1 200 OK
Content-Length: 265168
Content-Type: application/json; charset=utf-8
cache-control: no-cache

20:27:03.955 [AsyncHttpClient-1-2] DEBUG org.asynchttpclient.netty.channel.ChannelManager - Adding key: http://localhost:28047 for channel [id: 0xff951329, L:/127.0.0.1:58522 - R:localhost/127.0.0.1:28047]
20:27:03.964 [main] DEBUG net.serenitybdd.core.photography.Darkroom - Send negative for processing for target\site\serenity\494e7706bd2b2a1e0360c933dec25dfd8efa8ab8d02b14f28869173937e6405b.png
20:27:03.964 [main] DEBUG net.thucydides.core.steps.StepInterceptor - STEP DONE: checkCheckoutDetail
  &amp#27;[32mThen &amp#27;[0m&amp#27;[32mI will be directed to payment page&amp#27;[0m                            &amp#27;[90m# starter.stepDefinitions.OrderSteps.i_will_be_directed_to_payment_page()&amp#27;[0m
20:27:03.964 [Darkroom Processing Line] DEBUG net.serenitybdd.core.photography.DarkroomProcessingLine - Processing screenshot image in /var/screenshots/screenshot-1780345599768679714
20:27:03.965 [Darkroom Processing Line] DEBUG net.serenitybdd.core.photography.DarkroomProcessingLine - Saving screenshot to target\site\serenity\494e7706bd2b2a1e0360c933dec25dfd8efa8ab8d02b14f28869173937e6405b.png
20:27:03.976 [Forwarding getPageSource on session a409c7c10b080fdf0c38ae745d504916 to remote] DEBUG org.asynchttpclient.netty.request.NettyRequestSender - Using pooled Channel '[id: 0xff951329, L:/127.0.0.1:58522 - R:localhost/127.0.0.1:28047]' for 'POST' to 'http://localhost:28047/session/a409c7c10b080fdf0c38ae745d504916/execute/sync'
20:27:03.976 [Forwarding getPageSource on session a409c7c10b080fdf0c38ae745d504916 to remote] DEBUG org.asynchttpclient.netty.request.NettyRequestSender - Using open Channel [id: 0xff951329, L:/127.0.0.1:58522 - R:localhost/127.0.0.1:28047] for POST '/session/a409c7c10b080fdf0c38ae745d504916/execute/sync'
20:27:03.987 [AsyncHttpClient-1-2] DEBUG org.asynchttpclient.netty.handler.HttpHandler - 

Request DefaultHttpRequest(decodeResult: success, version: HTTP/1.1)
POST /session/a409c7c10b080fdf0c38ae745d504916/execute/sync HTTP/1.1
User-Agent: selenium/4.8.1 (java windows)
Content-Length: 176
Content-Type: application/json; charset=utf-8
host: localhost:28047
accept: */*

Response DefaultHttpResponse(decodeResult: success, version: HTTP/1.1)
HTTP/1.1 200 OK
Content-Length: 97770
Content-Type: application/json; charset=utf-8
cache-control: no-cache

20:27:03.989 [AsyncHttpClient-1-2] DEBUG org.asynchttpclient.netty.channel.ChannelManager - Adding key: http://localhost:28047 for channel [id: 0xff951329, L:/127.0.0.1:58522 - R:localhost/127.0.0.1:28047]
20:27:03.998 [Forwarding getCurrentUrl on session a409c7c10b080fdf0c38ae745d504916 to remote] DEBUG org.asynchttpclient.netty.request.NettyRequestSender - Using pooled Channel '[id: 0xff951329, L:/127.0.0.1:58522 - R:localhost/127.0.0.1:28047]' for 'GET' to 'http://localhost:28047/session/a409c7c10b080fdf0c38ae745d504916/url'
20:27:03.998 [Forwarding getCurrentUrl on session a409c7c10b080fdf0c38ae745d504916 to remote] DEBUG org.asynchttpclient.netty.request.NettyRequestSender - Using open Channel [id: 0xff951329, L:/127.0.0.1:58522 - R:localhost/127.0.0.1:28047] for GET '/session/a409c7c10b080fdf0c38ae745d504916/url'
20:27:04.003 [AsyncHttpClient-1-2] DEBUG org.asynchttpclient.netty.handler.HttpHandler - 

Request DefaultFullHttpRequest(decodeResult: success, version: HTTP/1.1, content: EmptyByteBufBE)
GET /session/a409c7c10b080fdf0c38ae745d504916/url HTTP/1.1
User-Agent: selenium/4.8.1 (java windows)
Cache-Control: no-cache
Content-Type: application/json; charset=utf-8
host: localhost:28047
accept: */*

Response DefaultHttpResponse(decodeResult: success, version: HTTP/1.1)
HTTP/1.1 200 OK
Content-Length: 56
Content-Type: application/json; charset=utf-8
cache-control: no-cache

20:27:04.003 [AsyncHttpClient-1-2] DEBUG org.asynchttpclient.netty.channel.ChannelManager - Adding key: http://localhost:28047 for channel [id: 0xff951329, L:/127.0.0.1:58522 - R:localhost/127.0.0.1:28047]
20:27:04.021 [Forwarding getAlertText on session a409c7c10b080fdf0c38ae745d504916 to remote] DEBUG org.asynchttpclient.netty.request.NettyRequestSender - Using pooled Channel '[id: 0xff951329, L:/127.0.0.1:58522 - R:localhost/127.0.0.1:28047]' for 'GET' to 'http://localhost:28047/session/a409c7c10b080fdf0c38ae745d504916/alert/text'
20:27:04.021 [Forwarding getAlertText on session a409c7c10b080fdf0c38ae745d504916 to remote] DEBUG org.asynchttpclient.netty.request.NettyRequestSender - Using open Channel [id: 0xff951329, L:/127.0.0.1:58522 - R:localhost/127.0.0.1:28047] for GET '/session/a409c7c10b080fdf0c38ae745d504916/alert/text'
20:27:04.023 [AsyncHttpClient-1-2] DEBUG org.asynchttpclient.netty.handler.HttpHandler - 

Request DefaultFullHttpRequest(decodeResult: success, version: HTTP/1.1, content: EmptyByteBufBE)
GET /session/a409c7c10b080fdf0c38ae745d504916/alert/text HTTP/1.1
User-Agent: selenium/4.8.1 (java windows)
Cache-Control: no-cache
Content-Type: application/json; charset=utf-8
host: localhost:28047
accept: */*

Response DefaultHttpResponse(decodeResult: success, version: HTTP/1.1)
HTTP/1.1 404 Not Found
Content-Length: 816
Content-Type: application/json; charset=utf-8
cache-control: no-cache

20:27:04.023 [AsyncHttpClient-1-2] DEBUG org.asynchttpclient.netty.channel.ChannelManager - Adding key: http://localhost:28047 for channel [id: 0xff951329, L:/127.0.0.1:58522 - R:localhost/127.0.0.1:28047]
20:27:04.025 [Forwarding getCurrentUrl on session a409c7c10b080fdf0c38ae745d504916 to remote] DEBUG org.asynchttpclient.netty.request.NettyRequestSender - Using pooled Channel '[id: 0xff951329, L:/127.0.0.1:58522 - R:localhost/127.0.0.1:28047]' for 'GET' to 'http://localhost:28047/session/a409c7c10b080fdf0c38ae745d504916/url'
20:27:04.025 [Forwarding getCurrentUrl on session a409c7c10b080fdf0c38ae745d504916 to remote] DEBUG org.asynchttpclient.netty.request.NettyRequestSender - Using open Channel [id: 0xff951329, L:/127.0.0.1:58522 - R:localhost/127.0.0.1:28047] for GET '/session/a409c7c10b080fdf0c38ae745d504916/url'
20:27:04.028 [AsyncHttpClient-1-2] DEBUG org.asynchttpclient.netty.handler.HttpHandler - 

Request DefaultFullHttpRequest(decodeResult: success, version: HTTP/1.1, content: EmptyByteBufBE)
GET /session/a409c7c10b080fdf0c38ae745d504916/url HTTP/1.1
User-Agent: selenium/4.8.1 (java windows)
Cache-Control: no-cache
Content-Type: application/json; charset=utf-8
host: localhost:28047
accept: */*

Response DefaultHttpResponse(decodeResult: success, version: HTTP/1.1)
HTTP/1.1 200 OK
Content-Length: 56
Content-Type: application/json; charset=utf-8
cache-control: no-cache

20:27:04.028 [AsyncHttpClient-1-2] DEBUG org.asynchttpclient.netty.channel.ChannelManager - Adding key: http://localhost:28047 for channel [id: 0xff951329, L:/127.0.0.1:58522 - R:localhost/127.0.0.1:28047]
20:27:04.029 [Forwarding screenshot on session a409c7c10b080fdf0c38ae745d504916 to remote] DEBUG org.asynchttpclient.netty.request.NettyRequestSender - Using pooled Channel '[id: 0xff951329, L:/127.0.0.1:58522 - R:localhost/127.0.0.1:28047]' for 'GET' to 'http://localhost:28047/session/a409c7c10b080fdf0c38ae745d504916/screenshot'
20:27:04.029 [Forwarding screenshot on session a409c7c10b080fdf0c38ae745d504916 to remote] DEBUG org.asynchttpclient.netty.request.NettyRequestSender - Using open Channel [id: 0xff951329, L:/127.0.0.1:58522 - R:localhost/127.0.0.1:28047] for GET '/session/a409c7c10b080fdf0c38ae745d504916/screenshot'
20:27:04.192 [AsyncHttpClient-1-2] DEBUG org.asynchttpclient.netty.handler.HttpHandler - 

Request DefaultFullHttpRequest(decodeResult: success, version: HTTP/1.1, content: EmptyByteBufBE)
GET /session/a409c7c10b080fdf0c38ae745d504916/screenshot HTTP/1.1
User-Agent: selenium/4.8.1 (java windows)
Cache-Control: no-cache
Content-Type: application/json; charset=utf-8
host: localhost:28047
accept: */*

Response DefaultHttpResponse(decodeResult: success, version: HTTP/1.1)
HTTP/1.1 200 OK
Content-Length: 265168
Content-Type: application/json; charset=utf-8
cache-control: no-cache

20:27:04.193 [AsyncHttpClient-1-2] DEBUG org.asynchttpclient.netty.channel.ChannelManager - Adding key: http://localhost:28047 for channel [id: 0xff951329, L:/127.0.0.1:58522 - R:localhost/127.0.0.1:28047]
20:27:04.199 [main] DEBUG net.serenitybdd.core.photography.Darkroom - Send negative for processing for target\site\serenity\494e7706bd2b2a1e0360c933dec25dfd8efa8ab8d02b14f28869173937e6405b.png
20:27:04.200 [Forwarding getPageSource on session a409c7c10b080fdf0c38ae745d504916 to remote] DEBUG org.asynchttpclient.netty.request.NettyRequestSender - Using pooled Channel '[id: 0xff951329, L:/127.0.0.1:58522 - R:localhost/127.0.0.1:28047]' for 'POST' to 'http://localhost:28047/session/a409c7c10b080fdf0c38ae745d504916/execute/sync'
20:27:04.200 [Forwarding getPageSource on session a409c7c10b080fdf0c38ae745d504916 to remote] DEBUG org.asynchttpclient.netty.request.NettyRequestSender - Using open Channel [id: 0xff951329, L:/127.0.0.1:58522 - R:localhost/127.0.0.1:28047] for POST '/session/a409c7c10b080fdf0c38ae745d504916/execute/sync'
20:27:04.211 [AsyncHttpClient-1-2] DEBUG org.asynchttpclient.netty.handler.HttpHandler - 

Request DefaultHttpRequest(decodeResult: success, version: HTTP/1.1)
POST /session/a409c7c10b080fdf0c38ae745d504916/execute/sync HTTP/1.1
User-Agent: selenium/4.8.1 (java windows)
Content-Length: 176
Content-Type: application/json; charset=utf-8
host: localhost:28047
accept: */*

Response DefaultHttpResponse(decodeResult: success, version: HTTP/1.1)
HTTP/1.1 200 OK
Content-Length: 97770
Content-Type: application/json; charset=utf-8
cache-control: no-cache

20:27:04.211 [AsyncHttpClient-1-2] DEBUG org.asynchttpclient.netty.channel.ChannelManager - Adding key: http://localhost:28047 for channel [id: 0xff951329, L:/127.0.0.1:58522 - R:localhost/127.0.0.1:28047]
20:27:04.217 [Forwarding getCurrentUrl on session a409c7c10b080fdf0c38ae745d504916 to remote] DEBUG org.asynchttpclient.netty.request.NettyRequestSender - Using pooled Channel '[id: 0xff951329, L:/127.0.0.1:58522 - R:localhost/127.0.0.1:28047]' for 'GET' to 'http://localhost:28047/session/a409c7c10b080fdf0c38ae745d504916/url'
20:27:04.217 [Forwarding getCurrentUrl on session a409c7c10b080fdf0c38ae745d504916 to remote] DEBUG org.asynchttpclient.netty.request.NettyRequestSender - Using open Channel [id: 0xff951329, L:/127.0.0.1:58522 - R:localhost/127.0.0.1:28047] for GET '/session/a409c7c10b080fdf0c38ae745d504916/url'
20:27:04.221 [AsyncHttpClient-1-2] DEBUG org.asynchttpclient.netty.handler.HttpHandler - 

Request DefaultFullHttpRequest(decodeResult: success, version: HTTP/1.1, content: EmptyByteBufBE)
GET /session/a409c7c10b080fdf0c38ae745d504916/url HTTP/1.1
User-Agent: selenium/4.8.1 (java windows)
Cache-Control: no-cache
Content-Type: application/json; charset=utf-8
host: localhost:28047
accept: */*

Response DefaultHttpResponse(decodeResult: success, version: HTTP/1.1)
HTTP/1.1 200 OK
Content-Length: 56
Content-Type: application/json; charset=utf-8
cache-control: no-cache

20:27:04.222 [AsyncHttpClient-1-2] DEBUG org.asynchttpclient.netty.channel.ChannelManager - Adding key: http://localhost:28047 for channel [id: 0xff951329, L:/127.0.0.1:58522 - R:localhost/127.0.0.1:28047]
20:27:04.224 [main] DEBUG net.thucydides.core.steps.StepInterceptor - STARTING STEP: OrderSteps.i_enter_valid_at_form_field - typeEmailForm
20:27:04.228 [Forwarding findElement on session a409c7c10b080fdf0c38ae745d504916 to remote] DEBUG org.asynchttpclient.netty.request.NettyRequestSender - Using pooled Channel '[id: 0xff951329, L:/127.0.0.1:58522 - R:localhost/127.0.0.1:28047]' for 'POST' to 'http://localhost:28047/session/a409c7c10b080fdf0c38ae745d504916/element'
20:27:04.228 [Forwarding findElement on session a409c7c10b080fdf0c38ae745d504916 to remote] DEBUG org.asynchttpclient.netty.request.NettyRequestSender - Using open Channel [id: 0xff951329, L:/127.0.0.1:58522 - R:localhost/127.0.0.1:28047] for POST '/session/a409c7c10b080fdf0c38ae745d504916/element'
20:27:04.243 [AsyncHttpClient-1-2] DEBUG org.asynchttpclient.netty.handler.HttpHandler - 

Request DefaultHttpRequest(decodeResult: success, version: HTTP/1.1)
POST /session/a409c7c10b080fdf0c38ae745d504916/element HTTP/1.1
User-Agent: selenium/4.8.1 (java windows)
Content-Length: 56
Content-Type: application/json; charset=utf-8
host: localhost:28047
accept: */*

Response DefaultHttpResponse(decodeResult: success, version: HTTP/1.1)
HTTP/1.1 200 OK
Content-Length: 88
Content-Type: application/json; charset=utf-8
cache-control: no-cache

20:27:04.243 [AsyncHttpClient-1-2] DEBUG org.asynchttpclient.netty.channel.ChannelManager - Adding key: http://localhost:28047 for channel [id: 0xff951329, L:/127.0.0.1:58522 - R:localhost/127.0.0.1:28047]
20:27:04.245 [Forwarding clearElement on session a409c7c10b080fdf0c38ae745d504916 to remote] DEBUG org.asynchttpclient.netty.request.NettyRequestSender - Using pooled Channel '[id: 0xff951329, L:/127.0.0.1:58522 - R:localhost/127.0.0.1:28047]' for 'POST' to 'http://localhost:28047/session/a409c7c10b080fdf0c38ae745d504916/element/b32fddbe-5335-4e63-bbdc-8a9168a33045/clear'
20:27:04.245 [Forwarding clearElement on session a409c7c10b080fdf0c38ae745d504916 to remote] DEBUG org.asynchttpclient.netty.request.NettyRequestSender - Using open Channel [id: 0xff951329, L:/127.0.0.1:58522 - R:localhost/127.0.0.1:28047] for POST '/session/a409c7c10b080fdf0c38ae745d504916/element/b32fddbe-5335-4e63-bbdc-8a9168a33045/clear'
20:27:04.276 [AsyncHttpClient-1-2] DEBUG org.asynchttpclient.netty.handler.HttpHandler - 

Request DefaultHttpRequest(decodeResult: success, version: HTTP/1.1)
POST /session/a409c7c10b080fdf0c38ae745d504916/element/b32fddbe-5335-4e63-bbdc-8a9168a33045/clear HTTP/1.1
User-Agent: selenium/4.8.1 (java windows)
Content-Length: 50
Content-Type: application/json; charset=utf-8
host: localhost:28047
accept: */*

Response DefaultHttpResponse(decodeResult: success, version: HTTP/1.1)
HTTP/1.1 200 OK
Content-Length: 14
Content-Type: application/json; charset=utf-8
cache-control: no-cache

20:27:04.276 [AsyncHttpClient-1-2] DEBUG org.asynchttpclient.netty.channel.ChannelManager - Adding key: http://localhost:28047 for channel [id: 0xff951329, L:/127.0.0.1:58522 - R:localhost/127.0.0.1:28047]
20:27:04.283 [Forwarding sendKeysToElement on session a409c7c10b080fdf0c38ae745d504916 to remote] DEBUG org.asynchttpclient.netty.request.NettyRequestSender - Using pooled Channel '[id: 0xff951329, L:/127.0.0.1:58522 - R:localhost/127.0.0.1:28047]' for 'POST' to 'http://localhost:28047/session/a409c7c10b080fdf0c38ae745d504916/element/b32fddbe-5335-4e63-bbdc-8a9168a33045/value'
20:27:04.283 [Forwarding sendKeysToElement on session a409c7c10b080fdf0c38ae745d504916 to remote] DEBUG org.asynchttpclient.netty.request.NettyRequestSender - Using open Channel [id: 0xff951329, L:/127.0.0.1:58522 - R:localhost/127.0.0.1:28047] for POST '/session/a409c7c10b080fdf0c38ae745d504916/element/b32fddbe-5335-4e63-bbdc-8a9168a33045/value'
20:27:04.423 [AsyncHttpClient-1-2] DEBUG org.asynchttpclient.netty.handler.HttpHandler - 

Request DefaultHttpRequest(decodeResult: success, version: HTTP/1.1)
POST /session/a409c7c10b080fdf0c38ae745d504916/element/b32fddbe-5335-4e63-bbdc-8a9168a33045/value HTTP/1.1
User-Agent: selenium/4.8.1 (java windows)
Content-Length: 291
Content-Type: application/json; charset=utf-8
host: localhost:28047
accept: */*

Response DefaultHttpResponse(decodeResult: success, version: HTTP/1.1)
HTTP/1.1 200 OK
Content-Length: 14
Content-Type: application/json; charset=utf-8
cache-control: no-cache

20:27:04.423 [AsyncHttpClient-1-2] DEBUG org.asynchttpclient.netty.channel.ChannelManager - Adding key: http://localhost:28047 for channel [id: 0xff951329, L:/127.0.0.1:58522 - R:localhost/127.0.0.1:28047]
20:27:04.432 [Forwarding getAlertText on session a409c7c10b080fdf0c38ae745d504916 to remote] DEBUG org.asynchttpclient.netty.request.NettyRequestSender - Using pooled Channel '[id: 0xff951329, L:/127.0.0.1:58522 - R:localhost/127.0.0.1:28047]' for 'GET' to 'http://localhost:28047/session/a409c7c10b080fdf0c38ae745d504916/alert/text'
20:27:04.432 [Forwarding getAlertText on session a409c7c10b080fdf0c38ae745d504916 to remote] DEBUG org.asynchttpclient.netty.request.NettyRequestSender - Using open Channel [id: 0xff951329, L:/127.0.0.1:58522 - R:localhost/127.0.0.1:28047] for GET '/session/a409c7c10b080fdf0c38ae745d504916/alert/text'
20:27:04.434 [AsyncHttpClient-1-2] DEBUG org.asynchttpclient.netty.handler.HttpHandler - 

Request DefaultFullHttpRequest(decodeResult: success, version: HTTP/1.1, content: EmptyByteBufBE)
GET /session/a409c7c10b080fdf0c38ae745d504916/alert/text HTTP/1.1
User-Agent: selenium/4.8.1 (java windows)
Cache-Control: no-cache
Content-Type: application/json; charset=utf-8
host: localhost:28047
accept: */*

Response DefaultHttpResponse(decodeResult: success, version: HTTP/1.1)
HTTP/1.1 404 Not Found
Content-Length: 816
Content-Type: application/json; charset=utf-8
cache-control: no-cache

20:27:04.434 [AsyncHttpClient-1-2] DEBUG org.asynchttpclient.netty.channel.ChannelManager - Adding key: http://localhost:28047 for channel [id: 0xff951329, L:/127.0.0.1:58522 - R:localhost/127.0.0.1:28047]
20:27:04.436 [Forwarding getCurrentUrl on session a409c7c10b080fdf0c38ae745d504916 to remote] DEBUG org.asynchttpclient.netty.request.NettyRequestSender - Using pooled Channel '[id: 0xff951329, L:/127.0.0.1:58522 - R:localhost/127.0.0.1:28047]' for 'GET' to 'http://localhost:28047/session/a409c7c10b080fdf0c38ae745d504916/url'
20:27:04.436 [Forwarding getCurrentUrl on session a409c7c10b080fdf0c38ae745d504916 to remote] DEBUG org.asynchttpclient.netty.request.NettyRequestSender - Using open Channel [id: 0xff951329, L:/127.0.0.1:58522 - R:localhost/127.0.0.1:28047] for GET '/session/a409c7c10b080fdf0c38ae745d504916/url'
20:27:04.441 [AsyncHttpClient-1-2] DEBUG org.asynchttpclient.netty.handler.HttpHandler - 

Request DefaultFullHttpRequest(decodeResult: success, version: HTTP/1.1, content: EmptyByteBufBE)
GET /session/a409c7c10b080fdf0c38ae745d504916/url HTTP/1.1
User-Agent: selenium/4.8.1 (java windows)
Cache-Control: no-cache
Content-Type: application/json; charset=utf-8
host: localhost:28047
accept: */*

Response DefaultHttpResponse(decodeResult: success, version: HTTP/1.1)
HTTP/1.1 200 OK
Content-Length: 56
Content-Type: application/json; charset=utf-8
cache-control: no-cache

20:27:04.442 [AsyncHttpClient-1-2] DEBUG org.asynchttpclient.netty.channel.ChannelManager - Adding key: http://localhost:28047 for channel [id: 0xff951329, L:/127.0.0.1:58522 - R:localhost/127.0.0.1:28047]
20:27:04.444 [Forwarding screenshot on session a409c7c10b080fdf0c38ae745d504916 to remote] DEBUG org.asynchttpclient.netty.request.NettyRequestSender - Using pooled Channel '[id: 0xff951329, L:/127.0.0.1:58522 - R:localhost/127.0.0.1:28047]' for 'GET' to 'http://localhost:28047/session/a409c7c10b080fdf0c38ae745d504916/screenshot'
20:27:04.444 [Forwarding screenshot on session a409c7c10b080fdf0c38ae745d504916 to remote] DEBUG org.asynchttpclient.netty.request.NettyRequestSender - Using open Channel [id: 0xff951329, L:/127.0.0.1:58522 - R:localhost/127.0.0.1:28047] for GET '/session/a409c7c10b080fdf0c38ae745d504916/screenshot'
20:27:04.642 [AsyncHttpClient-1-2] DEBUG org.asynchttpclient.netty.handler.HttpHandler - 

Request DefaultFullHttpRequest(decodeResult: success, version: HTTP/1.1, content: EmptyByteBufBE)
GET /session/a409c7c10b080fdf0c38ae745d504916/screenshot HTTP/1.1
User-Agent: selenium/4.8.1 (java windows)
Cache-Control: no-cache
Content-Type: application/json; charset=utf-8
host: localhost:28047
accept: */*

Response DefaultHttpResponse(decodeResult: success, version: HTTP/1.1)
HTTP/1.1 200 OK
Content-Length: 264180
Content-Type: application/json; charset=utf-8
cache-control: no-cache

20:27:04.643 [AsyncHttpClient-1-2] DEBUG org.asynchttpclient.netty.channel.ChannelManager - Adding key: http://localhost:28047 for channel [id: 0xff951329, L:/127.0.0.1:58522 - R:localhost/127.0.0.1:28047]
20:27:04.649 [main] DEBUG net.serenitybdd.core.photography.Darkroom - Send negative for processing for target\site\serenity\11e26d9f6da79d48deabc18c9af73f2dda79297a6b286ed18734adeaf3411f55.png
20:27:04.649 [main] DEBUG net.thucydides.core.steps.StepInterceptor - STEP DONE: typeEmailForm
20:27:04.649 [Darkroom Processing Line] DEBUG net.serenitybdd.core.photography.DarkroomProcessingLine - Processing screenshot image in /var/screenshots/screenshot-3042715582156621606
20:27:04.649 [Darkroom Processing Line] DEBUG net.serenitybdd.core.photography.DarkroomProcessingLine - Saving screenshot to target\site\serenity\11e26d9f6da79d48deabc18c9af73f2dda79297a6b286ed18734adeaf3411f55.png
  &amp#27;[32mWhen &amp#27;[0m&amp#27;[32mI enter valid &amp#27;[0m&amp#27;[32m&amp#27;[1m"Testing1234@gmail.com"&amp#27;[0m&amp#27;[32m at form field&amp#27;[0m           &amp#27;[90m# starter.stepDefinitions.OrderSteps.i_enter_valid_at_form_field(java.lang.String)&amp#27;[0m
20:27:04.659 [Forwarding getPageSource on session a409c7c10b080fdf0c38ae745d504916 to remote] DEBUG org.asynchttpclient.netty.request.NettyRequestSender - Using pooled Channel '[id: 0xff951329, L:/127.0.0.1:58522 - R:localhost/127.0.0.1:28047]' for 'POST' to 'http://localhost:28047/session/a409c7c10b080fdf0c38ae745d504916/execute/sync'
20:27:04.659 [Forwarding getPageSource on session a409c7c10b080fdf0c38ae745d504916 to remote] DEBUG org.asynchttpclient.netty.request.NettyRequestSender - Using open Channel [id: 0xff951329, L:/127.0.0.1:58522 - R:localhost/127.0.0.1:28047] for POST '/session/a409c7c10b080fdf0c38ae745d504916/execute/sync'
20:27:04.670 [AsyncHttpClient-1-2] DEBUG org.asynchttpclient.netty.handler.HttpHandler - 

Request DefaultHttpRequest(decodeResult: success, version: HTTP/1.1)
POST /session/a409c7c10b080fdf0c38ae745d504916/execute/sync HTTP/1.1
User-Agent: selenium/4.8.1 (java windows)
Content-Length: 176
Content-Type: application/json; charset=utf-8
host: localhost:28047
accept: */*

Response DefaultHttpResponse(decodeResult: success, version: HTTP/1.1)
HTTP/1.1 200 OK
Content-Length: 98170
Content-Type: application/json; charset=utf-8
cache-control: no-cache

20:27:04.670 [AsyncHttpClient-1-2] DEBUG org.asynchttpclient.netty.channel.ChannelManager - Adding key: http://localhost:28047 for channel [id: 0xff951329, L:/127.0.0.1:58522 - R:localhost/127.0.0.1:28047]
20:27:04.679 [Forwarding getCurrentUrl on session a409c7c10b080fdf0c38ae745d504916 to remote] DEBUG org.asynchttpclient.netty.request.NettyRequestSender - Using pooled Channel '[id: 0xff951329, L:/127.0.0.1:58522 - R:localhost/127.0.0.1:28047]' for 'GET' to 'http://localhost:28047/session/a409c7c10b080fdf0c38ae745d504916/url'
20:27:04.679 [Forwarding getCurrentUrl on session a409c7c10b080fdf0c38ae745d504916 to remote] DEBUG org.asynchttpclient.netty.request.NettyRequestSender - Using open Channel [id: 0xff951329, L:/127.0.0.1:58522 - R:localhost/127.0.0.1:28047] for GET '/session/a409c7c10b080fdf0c38ae745d504916/url'
20:27:04.683 [AsyncHttpClient-1-2] DEBUG org.asynchttpclient.netty.handler.HttpHandler - 

Request DefaultFullHttpRequest(decodeResult: success, version: HTTP/1.1, content: EmptyByteBufBE)
GET /session/a409c7c10b080fdf0c38ae745d504916/url HTTP/1.1
User-Agent: selenium/4.8.1 (java windows)
Cache-Control: no-cache
Content-Type: application/json; charset=utf-8
host: localhost:28047
accept: */*

Response DefaultHttpResponse(decodeResult: success, version: HTTP/1.1)
HTTP/1.1 200 OK
Content-Length: 56
Content-Type: application/json; charset=utf-8
cache-control: no-cache

20:27:04.684 [AsyncHttpClient-1-2] DEBUG org.asynchttpclient.netty.channel.ChannelManager - Adding key: http://localhost:28047 for channel [id: 0xff951329, L:/127.0.0.1:58522 - R:localhost/127.0.0.1:28047]
20:27:04.697 [Forwarding getPageSource on session a409c7c10b080fdf0c38ae745d504916 to remote] DEBUG org.asynchttpclient.netty.request.NettyRequestSender - Using pooled Channel '[id: 0xff951329, L:/127.0.0.1:58522 - R:localhost/127.0.0.1:28047]' for 'POST' to 'http://localhost:28047/session/a409c7c10b080fdf0c38ae745d504916/execute/sync'
20:27:04.697 [Forwarding getPageSource on session a409c7c10b080fdf0c38ae745d504916 to remote] DEBUG org.asynchttpclient.netty.request.NettyRequestSender - Using open Channel [id: 0xff951329, L:/127.0.0.1:58522 - R:localhost/127.0.0.1:28047] for POST '/session/a409c7c10b080fdf0c38ae745d504916/execute/sync'
20:27:04.707 [AsyncHttpClient-1-2] DEBUG org.asynchttpclient.netty.handler.HttpHandler - 

Request DefaultHttpRequest(decodeResult: success, version: HTTP/1.1)
POST /session/a409c7c10b080fdf0c38ae745d504916/execute/sync HTTP/1.1
User-Agent: selenium/4.8.1 (java windows)
Content-Length: 176
Content-Type: application/json; charset=utf-8
host: localhost:28047
accept: */*

Response DefaultHttpResponse(decodeResult: success, version: HTTP/1.1)
HTTP/1.1 200 OK
Content-Length: 98170
Content-Type: application/json; charset=utf-8
cache-control: no-cache

20:27:04.708 [AsyncHttpClient-1-2] DEBUG org.asynchttpclient.netty.channel.ChannelManager - Adding key: http://localhost:28047 for channel [id: 0xff951329, L:/127.0.0.1:58522 - R:localhost/127.0.0.1:28047]
20:27:04.716 [Forwarding getCurrentUrl on session a409c7c10b080fdf0c38ae745d504916 to remote] DEBUG org.asynchttpclient.netty.request.NettyRequestSender - Using pooled Channel '[id: 0xff951329, L:/127.0.0.1:58522 - R:localhost/127.0.0.1:28047]' for 'GET' to 'http://localhost:28047/session/a409c7c10b080fdf0c38ae745d504916/url'
20:27:04.716 [Forwarding getCurrentUrl on session a409c7c10b080fdf0c38ae745d504916 to remote] DEBUG org.asynchttpclient.netty.request.NettyRequestSender - Using open Channel [id: 0xff951329, L:/127.0.0.1:58522 - R:localhost/127.0.0.1:28047] for GET '/session/a409c7c10b080fdf0c38ae745d504916/url'
20:27:04.720 [AsyncHttpClient-1-2] DEBUG org.asynchttpclient.netty.handler.HttpHandler - 

Request DefaultFullHttpRequest(decodeResult: success, version: HTTP/1.1, content: EmptyByteBufBE)
GET /session/a409c7c10b080fdf0c38ae745d504916/url HTTP/1.1
User-Agent: selenium/4.8.1 (java windows)
Cache-Control: no-cache
Content-Type: application/json; charset=utf-8
host: localhost:28047
accept: */*

Response DefaultHttpResponse(decodeResult: success, version: HTTP/1.1)
HTTP/1.1 200 OK
Content-Length: 56
Content-Type: application/json; charset=utf-8
cache-control: no-cache

20:27:04.720 [AsyncHttpClient-1-2] DEBUG org.asynchttpclient.netty.channel.ChannelManager - Adding key: http://localhost:28047 for channel [id: 0xff951329, L:/127.0.0.1:58522 - R:localhost/127.0.0.1:28047]
20:27:04.724 [main] DEBUG net.thucydides.core.steps.StepInterceptor - STARTING STEP: OrderSteps.i_select_payment_method - pressCheckbox
20:27:04.728 [Forwarding findElement on session a409c7c10b080fdf0c38ae745d504916 to remote] DEBUG org.asynchttpclient.netty.request.NettyRequestSender - Using pooled Channel '[id: 0xff951329, L:/127.0.0.1:58522 - R:localhost/127.0.0.1:28047]' for 'POST' to 'http://localhost:28047/session/a409c7c10b080fdf0c38ae745d504916/element'
20:27:04.728 [Forwarding findElement on session a409c7c10b080fdf0c38ae745d504916 to remote] DEBUG org.asynchttpclient.netty.request.NettyRequestSender - Using open Channel [id: 0xff951329, L:/127.0.0.1:58522 - R:localhost/127.0.0.1:28047] for POST '/session/a409c7c10b080fdf0c38ae745d504916/element'
20:27:04.739 [AsyncHttpClient-1-2] DEBUG org.asynchttpclient.netty.handler.HttpHandler - 

Request DefaultHttpRequest(decodeResult: success, version: HTTP/1.1)
POST /session/a409c7c10b080fdf0c38ae745d504916/element HTTP/1.1
User-Agent: selenium/4.8.1 (java windows)
Content-Length: 66
Content-Type: application/json; charset=utf-8
host: localhost:28047
accept: */*

Response DefaultHttpResponse(decodeResult: success, version: HTTP/1.1)
HTTP/1.1 200 OK
Content-Length: 88
Content-Type: application/json; charset=utf-8
cache-control: no-cache

20:27:04.740 [AsyncHttpClient-1-2] DEBUG org.asynchttpclient.netty.channel.ChannelManager - Adding key: http://localhost:28047 for channel [id: 0xff951329, L:/127.0.0.1:58522 - R:localhost/127.0.0.1:28047]
20:27:04.742 [Forwarding getElementTagName on session a409c7c10b080fdf0c38ae745d504916 to remote] DEBUG org.asynchttpclient.netty.request.NettyRequestSender - Using pooled Channel '[id: 0xff951329, L:/127.0.0.1:58522 - R:localhost/127.0.0.1:28047]' for 'GET' to 'http://localhost:28047/session/a409c7c10b080fdf0c38ae745d504916/element/3e751cef-3ab2-4cbd-9db8-0baf3e0b92a0/name'
20:27:04.742 [Forwarding getElementTagName on session a409c7c10b080fdf0c38ae745d504916 to remote] DEBUG org.asynchttpclient.netty.request.NettyRequestSender - Using open Channel [id: 0xff951329, L:/127.0.0.1:58522 - R:localhost/127.0.0.1:28047] for GET '/session/a409c7c10b080fdf0c38ae745d504916/element/3e751cef-3ab2-4cbd-9db8-0baf3e0b92a0/name'
20:27:04.746 [AsyncHttpClient-1-2] DEBUG org.asynchttpclient.netty.handler.HttpHandler - 

Request DefaultFullHttpRequest(decodeResult: success, version: HTTP/1.1, content: EmptyByteBufBE)
GET /session/a409c7c10b080fdf0c38ae745d504916/element/3e751cef-3ab2-4cbd-9db8-0baf3e0b92a0/name HTTP/1.1
User-Agent: selenium/4.8.1 (java windows)
Cache-Control: no-cache
Content-Type: application/json; charset=utf-8
host: localhost:28047
accept: */*

Response DefaultHttpResponse(decodeResult: success, version: HTTP/1.1)
HTTP/1.1 200 OK
Content-Length: 14
Content-Type: application/json; charset=utf-8
cache-control: no-cache

20:27:04.747 [AsyncHttpClient-1-2] DEBUG org.asynchttpclient.netty.channel.ChannelManager - Adding key: http://localhost:28047 for channel [id: 0xff951329, L:/127.0.0.1:58522 - R:localhost/127.0.0.1:28047]
20:27:04.748 [Forwarding getElementTagName on session a409c7c10b080fdf0c38ae745d504916 to remote] DEBUG org.asynchttpclient.netty.request.NettyRequestSender - Using pooled Channel '[id: 0xff951329, L:/127.0.0.1:58522 - R:localhost/127.0.0.1:28047]' for 'GET' to 'http://localhost:28047/session/a409c7c10b080fdf0c38ae745d504916/element/3e751cef-3ab2-4cbd-9db8-0baf3e0b92a0/name'
20:27:04.748 [Forwarding getElementTagName on session a409c7c10b080fdf0c38ae745d504916 to remote] DEBUG org.asynchttpclient.netty.request.NettyRequestSender - Using open Channel [id: 0xff951329, L:/127.0.0.1:58522 - R:localhost/127.0.0.1:28047] for GET '/session/a409c7c10b080fdf0c38ae745d504916/element/3e751cef-3ab2-4cbd-9db8-0baf3e0b92a0/name'
20:27:04.752 [AsyncHttpClient-1-2] DEBUG org.asynchttpclient.netty.handler.HttpHandler - 

Request DefaultFullHttpRequest(decodeResult: success, version: HTTP/1.1, content: EmptyByteBufBE)
GET /session/a409c7c10b080fdf0c38ae745d504916/element/3e751cef-3ab2-4cbd-9db8-0baf3e0b92a0/name HTTP/1.1
User-Agent: selenium/4.8.1 (java windows)
Cache-Control: no-cache
Content-Type: application/json; charset=utf-8
host: localhost:28047
accept: */*

Response DefaultHttpResponse(decodeResult: success, version: HTTP/1.1)
HTTP/1.1 200 OK
Content-Length: 14
Content-Type: application/json; charset=utf-8
cache-control: no-cache

20:27:04.752 [AsyncHttpClient-1-2] DEBUG org.asynchttpclient.netty.channel.ChannelManager - Adding key: http://localhost:28047 for channel [id: 0xff951329, L:/127.0.0.1:58522 - R:localhost/127.0.0.1:28047]
20:27:04.754 [Forwarding findElement on session a409c7c10b080fdf0c38ae745d504916 to remote] DEBUG org.asynchttpclient.netty.request.NettyRequestSender - Using pooled Channel '[id: 0xff951329, L:/127.0.0.1:58522 - R:localhost/127.0.0.1:28047]' for 'POST' to 'http://localhost:28047/session/a409c7c10b080fdf0c38ae745d504916/element'
20:27:04.754 [Forwarding findElement on session a409c7c10b080fdf0c38ae745d504916 to remote] DEBUG org.asynchttpclient.netty.request.NettyRequestSender - Using open Channel [id: 0xff951329, L:/127.0.0.1:58522 - R:localhost/127.0.0.1:28047] for POST '/session/a409c7c10b080fdf0c38ae745d504916/element'
20:27:04.755 [AsyncHttpClient-1-1] DEBUG org.asynchttpclient.netty.channel.DefaultChannelPool - Entry count for : http://localhost:58524 : 1
20:27:04.761 [AsyncHttpClient-1-2] DEBUG org.asynchttpclient.netty.handler.HttpHandler - 

Request DefaultHttpRequest(decodeResult: success, version: HTTP/1.1)
POST /session/a409c7c10b080fdf0c38ae745d504916/element HTTP/1.1
User-Agent: selenium/4.8.1 (java windows)
Content-Length: 66
Content-Type: application/json; charset=utf-8
host: localhost:28047
accept: */*

Response DefaultHttpResponse(decodeResult: success, version: HTTP/1.1)
HTTP/1.1 200 OK
Content-Length: 88
Content-Type: application/json; charset=utf-8
cache-control: no-cache

20:27:04.762 [AsyncHttpClient-1-2] DEBUG org.asynchttpclient.netty.channel.ChannelManager - Adding key: http://localhost:28047 for channel [id: 0xff951329, L:/127.0.0.1:58522 - R:localhost/127.0.0.1:28047]
20:27:04.764 [Forwarding clickElement on session a409c7c10b080fdf0c38ae745d504916 to remote] DEBUG org.asynchttpclient.netty.request.NettyRequestSender - Using pooled Channel '[id: 0xff951329, L:/127.0.0.1:58522 - R:localhost/127.0.0.1:28047]' for 'POST' to 'http://localhost:28047/session/a409c7c10b080fdf0c38ae745d504916/element/3e751cef-3ab2-4cbd-9db8-0baf3e0b92a0/click'
20:27:04.764 [Forwarding clickElement on session a409c7c10b080fdf0c38ae745d504916 to remote] DEBUG org.asynchttpclient.netty.request.NettyRequestSender - Using open Channel [id: 0xff951329, L:/127.0.0.1:58522 - R:localhost/127.0.0.1:28047] for POST '/session/a409c7c10b080fdf0c38ae745d504916/element/3e751cef-3ab2-4cbd-9db8-0baf3e0b92a0/click'
20:27:04.829 [AsyncHttpClient-1-2] DEBUG org.asynchttpclient.netty.handler.HttpHandler - 

Request DefaultHttpRequest(decodeResult: success, version: HTTP/1.1)
POST /session/a409c7c10b080fdf0c38ae745d504916/element/3e751cef-3ab2-4cbd-9db8-0baf3e0b92a0/click HTTP/1.1
User-Agent: selenium/4.8.1 (java windows)
Content-Length: 50
Content-Type: application/json; charset=utf-8
host: localhost:28047
accept: */*

Response DefaultHttpResponse(decodeResult: success, version: HTTP/1.1)
HTTP/1.1 200 OK
Content-Length: 14
Content-Type: application/json; charset=utf-8
cache-control: no-cache

20:27:04.829 [AsyncHttpClient-1-2] DEBUG org.asynchttpclient.netty.channel.ChannelManager - Adding key: http://localhost:28047 for channel [id: 0xff951329, L:/127.0.0.1:58522 - R:localhost/127.0.0.1:28047]
20:27:04.837 [Forwarding getAlertText on session a409c7c10b080fdf0c38ae745d504916 to remote] DEBUG org.asynchttpclient.netty.request.NettyRequestSender - Using pooled Channel '[id: 0xff951329, L:/127.0.0.1:58522 - R:localhost/127.0.0.1:28047]' for 'GET' to 'http://localhost:28047/session/a409c7c10b080fdf0c38ae745d504916/alert/text'
20:27:04.837 [Forwarding getAlertText on session a409c7c10b080fdf0c38ae745d504916 to remote] DEBUG org.asynchttpclient.netty.request.NettyRequestSender - Using open Channel [id: 0xff951329, L:/127.0.0.1:58522 - R:localhost/127.0.0.1:28047] for GET '/session/a409c7c10b080fdf0c38ae745d504916/alert/text'
20:27:04.841 [AsyncHttpClient-1-2] DEBUG org.asynchttpclient.netty.handler.HttpHandler - 

Request DefaultFullHttpRequest(decodeResult: success, version: HTTP/1.1, content: EmptyByteBufBE)
GET /session/a409c7c10b080fdf0c38ae745d504916/alert/text HTTP/1.1
User-Agent: selenium/4.8.1 (java windows)
Cache-Control: no-cache
Content-Type: application/json; charset=utf-8
host: localhost:28047
accept: */*

Response DefaultHttpResponse(decodeResult: success, version: HTTP/1.1)
HTTP/1.1 404 Not Found
Content-Length: 816
Content-Type: application/json; charset=utf-8
cache-control: no-cache

20:27:04.841 [AsyncHttpClient-1-2] DEBUG org.asynchttpclient.netty.channel.ChannelManager - Adding key: http://localhost:28047 for channel [id: 0xff951329, L:/127.0.0.1:58522 - R:localhost/127.0.0.1:28047]
20:27:04.842 [Forwarding getCurrentUrl on session a409c7c10b080fdf0c38ae745d504916 to remote] DEBUG org.asynchttpclient.netty.request.NettyRequestSender - Using pooled Channel '[id: 0xff951329, L:/127.0.0.1:58522 - R:localhost/127.0.0.1:28047]' for 'GET' to 'http://localhost:28047/session/a409c7c10b080fdf0c38ae745d504916/url'
20:27:04.842 [Forwarding getCurrentUrl on session a409c7c10b080fdf0c38ae745d504916 to remote] DEBUG org.asynchttpclient.netty.request.NettyRequestSender - Using open Channel [id: 0xff951329, L:/127.0.0.1:58522 - R:localhost/127.0.0.1:28047] for GET '/session/a409c7c10b080fdf0c38ae745d504916/url'
20:27:04.847 [AsyncHttpClient-1-2] DEBUG org.asynchttpclient.netty.handler.HttpHandler - 

Request DefaultFullHttpRequest(decodeResult: success, version: HTTP/1.1, content: EmptyByteBufBE)
GET /session/a409c7c10b080fdf0c38ae745d504916/url HTTP/1.1
User-Agent: selenium/4.8.1 (java windows)
Cache-Control: no-cache
Content-Type: application/json; charset=utf-8
host: localhost:28047
accept: */*

Response DefaultHttpResponse(decodeResult: success, version: HTTP/1.1)
HTTP/1.1 200 OK
Content-Length: 56
Content-Type: application/json; charset=utf-8
cache-control: no-cache

20:27:04.847 [AsyncHttpClient-1-2] DEBUG org.asynchttpclient.netty.channel.ChannelManager - Adding key: http://localhost:28047 for channel [id: 0xff951329, L:/127.0.0.1:58522 - R:localhost/127.0.0.1:28047]
20:27:04.848 [Forwarding screenshot on session a409c7c10b080fdf0c38ae745d504916 to remote] DEBUG org.asynchttpclient.netty.request.NettyRequestSender - Using pooled Channel '[id: 0xff951329, L:/127.0.0.1:58522 - R:localhost/127.0.0.1:28047]' for 'GET' to 'http://localhost:28047/session/a409c7c10b080fdf0c38ae745d504916/screenshot'
20:27:04.848 [Forwarding screenshot on session a409c7c10b080fdf0c38ae745d504916 to remote] DEBUG org.asynchttpclient.netty.request.NettyRequestSender - Using open Channel [id: 0xff951329, L:/127.0.0.1:58522 - R:localhost/127.0.0.1:28047] for GET '/session/a409c7c10b080fdf0c38ae745d504916/screenshot'
20:27:05.049 [AsyncHttpClient-1-2] DEBUG org.asynchttpclient.netty.handler.HttpHandler - 

Request DefaultFullHttpRequest(decodeResult: success, version: HTTP/1.1, content: EmptyByteBufBE)
GET /session/a409c7c10b080fdf0c38ae745d504916/screenshot HTTP/1.1
User-Agent: selenium/4.8.1 (java windows)
Cache-Control: no-cache
Content-Type: application/json; charset=utf-8
host: localhost:28047
accept: */*

Response DefaultHttpResponse(decodeResult: success, version: HTTP/1.1)
HTTP/1.1 200 OK
Content-Length: 183540
Content-Type: application/json; charset=utf-8
cache-control: no-cache

20:27:05.049 [AsyncHttpClient-1-2] DEBUG org.asynchttpclient.netty.channel.ChannelManager - Adding key: http://localhost:28047 for channel [id: 0xff951329, L:/127.0.0.1:58522 - R:localhost/127.0.0.1:28047]
20:27:05.053 [main] DEBUG net.serenitybdd.core.photography.Darkroom - Send negative for processing for target\site\serenity\3eb9bff8dfb22dc68496936b8995aa977b1f1355b7be44e1bce3fef18ce8733c.png
20:27:05.054 [main] DEBUG net.thucydides.core.steps.StepInterceptor - STEP DONE: pressCheckbox
  &amp#27;[32mAnd &amp#27;[0m&amp#27;[32mI select payment method&amp#27;[0m                                        &amp#27;[90m# starter.stepDefinitions.OrderSteps.i_select_payment_method()&amp#27;[0m
20:27:05.055 [Darkroom Processing Line] DEBUG net.serenitybdd.core.photography.DarkroomProcessingLine - Processing screenshot image in /var/screenshots/screenshot-1903515694070521886
20:27:05.055 [Darkroom Processing Line] DEBUG net.serenitybdd.core.photography.DarkroomProcessingLine - Saving screenshot to target\site\serenity\3eb9bff8dfb22dc68496936b8995aa977b1f1355b7be44e1bce3fef18ce8733c.png
20:27:05.066 [Forwarding getPageSource on session a409c7c10b080fdf0c38ae745d504916 to remote] DEBUG org.asynchttpclient.netty.request.NettyRequestSender - Using pooled Channel '[id: 0xff951329, L:/127.0.0.1:58522 - R:localhost/127.0.0.1:28047]' for 'POST' to 'http://localhost:28047/session/a409c7c10b080fdf0c38ae745d504916/execute/sync'
20:27:05.066 [Forwarding getPageSource on session a409c7c10b080fdf0c38ae745d504916 to remote] DEBUG org.asynchttpclient.netty.request.NettyRequestSender - Using open Channel [id: 0xff951329, L:/127.0.0.1:58522 - R:localhost/127.0.0.1:28047] for POST '/session/a409c7c10b080fdf0c38ae745d504916/execute/sync'
20:27:05.078 [AsyncHttpClient-1-2] DEBUG org.asynchttpclient.netty.handler.HttpHandler - 

Request DefaultHttpRequest(decodeResult: success, version: HTTP/1.1)
POST /session/a409c7c10b080fdf0c38ae745d504916/execute/sync HTTP/1.1
User-Agent: selenium/4.8.1 (java windows)
Content-Length: 176
Content-Type: application/json; charset=utf-8
host: localhost:28047
accept: */*

Response DefaultHttpResponse(decodeResult: success, version: HTTP/1.1)
HTTP/1.1 200 OK
Content-Length: 103570
Content-Type: application/json; charset=utf-8
cache-control: no-cache

20:27:05.079 [AsyncHttpClient-1-2] DEBUG org.asynchttpclient.netty.channel.ChannelManager - Adding key: http://localhost:28047 for channel [id: 0xff951329, L:/127.0.0.1:58522 - R:localhost/127.0.0.1:28047]
20:27:05.087 [Forwarding getCurrentUrl on session a409c7c10b080fdf0c38ae745d504916 to remote] DEBUG org.asynchttpclient.netty.request.NettyRequestSender - Using pooled Channel '[id: 0xff951329, L:/127.0.0.1:58522 - R:localhost/127.0.0.1:28047]' for 'GET' to 'http://localhost:28047/session/a409c7c10b080fdf0c38ae745d504916/url'
20:27:05.087 [Forwarding getCurrentUrl on session a409c7c10b080fdf0c38ae745d504916 to remote] DEBUG org.asynchttpclient.netty.request.NettyRequestSender - Using open Channel [id: 0xff951329, L:/127.0.0.1:58522 - R:localhost/127.0.0.1:28047] for GET '/session/a409c7c10b080fdf0c38ae745d504916/url'
20:27:05.102 [AsyncHttpClient-1-2] DEBUG org.asynchttpclient.netty.handler.HttpHandler - 

Request DefaultFullHttpRequest(decodeResult: success, version: HTTP/1.1, content: EmptyByteBufBE)
GET /session/a409c7c10b080fdf0c38ae745d504916/url HTTP/1.1
User-Agent: selenium/4.8.1 (java windows)
Cache-Control: no-cache
Content-Type: application/json; charset=utf-8
host: localhost:28047
accept: */*

Response DefaultHttpResponse(decodeResult: success, version: HTTP/1.1)
HTTP/1.1 200 OK
Content-Length: 56
Content-Type: application/json; charset=utf-8
cache-control: no-cache

20:27:05.102 [AsyncHttpClient-1-2] DEBUG org.asynchttpclient.netty.channel.ChannelManager - Adding key: http://localhost:28047 for channel [id: 0xff951329, L:/127.0.0.1:58522 - R:localhost/127.0.0.1:28047]
20:27:05.118 [Forwarding getAlertText on session a409c7c10b080fdf0c38ae745d504916 to remote] DEBUG org.asynchttpclient.netty.request.NettyRequestSender - Using pooled Channel '[id: 0xff951329, L:/127.0.0.1:58522 - R:localhost/127.0.0.1:28047]' for 'GET' to 'http://localhost:28047/session/a409c7c10b080fdf0c38ae745d504916/alert/text'
20:27:05.118 [Forwarding getAlertText on session a409c7c10b080fdf0c38ae745d504916 to remote] DEBUG org.asynchttpclient.netty.request.NettyRequestSender - Using open Channel [id: 0xff951329, L:/127.0.0.1:58522 - R:localhost/127.0.0.1:28047] for GET '/session/a409c7c10b080fdf0c38ae745d504916/alert/text'
20:27:05.120 [AsyncHttpClient-1-2] DEBUG org.asynchttpclient.netty.handler.HttpHandler - 

Request DefaultFullHttpRequest(decodeResult: success, version: HTTP/1.1, content: EmptyByteBufBE)
GET /session/a409c7c10b080fdf0c38ae745d504916/alert/text HTTP/1.1
User-Agent: selenium/4.8.1 (java windows)
Cache-Control: no-cache
Content-Type: application/json; charset=utf-8
host: localhost:28047
accept: */*

Response DefaultHttpResponse(decodeResult: success, version: HTTP/1.1)
HTTP/1.1 404 Not Found
Content-Length: 816
Content-Type: application/json; charset=utf-8
cache-control: no-cache

20:27:05.120 [AsyncHttpClient-1-2] DEBUG org.asynchttpclient.netty.channel.ChannelManager - Adding key: http://localhost:28047 for channel [id: 0xff951329, L:/127.0.0.1:58522 - R:localhost/127.0.0.1:28047]
20:27:05.123 [Forwarding getCurrentUrl on session a409c7c10b080fdf0c38ae745d504916 to remote] DEBUG org.asynchttpclient.netty.request.NettyRequestSender - Using pooled Channel '[id: 0xff951329, L:/127.0.0.1:58522 - R:localhost/127.0.0.1:28047]' for 'GET' to 'http://localhost:28047/session/a409c7c10b080fdf0c38ae745d504916/url'
20:27:05.123 [Forwarding getCurrentUrl on session a409c7c10b080fdf0c38ae745d504916 to remote] DEBUG org.asynchttpclient.netty.request.NettyRequestSender - Using open Channel [id: 0xff951329, L:/127.0.0.1:58522 - R:localhost/127.0.0.1:28047] for GET '/session/a409c7c10b080fdf0c38ae745d504916/url'
20:27:05.127 [AsyncHttpClient-1-2] DEBUG org.asynchttpclient.netty.handler.HttpHandler - 

Request DefaultFullHttpRequest(decodeResult: success, version: HTTP/1.1, content: EmptyByteBufBE)
GET /session/a409c7c10b080fdf0c38ae745d504916/url HTTP/1.1
User-Agent: selenium/4.8.1 (java windows)
Cache-Control: no-cache
Content-Type: application/json; charset=utf-8
host: localhost:28047
accept: */*

Response DefaultHttpResponse(decodeResult: success, version: HTTP/1.1)
HTTP/1.1 200 OK
Content-Length: 56
Content-Type: application/json; charset=utf-8
cache-control: no-cache

20:27:05.127 [AsyncHttpClient-1-2] DEBUG org.asynchttpclient.netty.channel.ChannelManager - Adding key: http://localhost:28047 for channel [id: 0xff951329, L:/127.0.0.1:58522 - R:localhost/127.0.0.1:28047]
20:27:05.129 [Forwarding screenshot on session a409c7c10b080fdf0c38ae745d504916 to remote] DEBUG org.asynchttpclient.netty.request.NettyRequestSender - Using pooled Channel '[id: 0xff951329, L:/127.0.0.1:58522 - R:localhost/127.0.0.1:28047]' for 'GET' to 'http://localhost:28047/session/a409c7c10b080fdf0c38ae745d504916/screenshot'
20:27:05.129 [Forwarding screenshot on session a409c7c10b080fdf0c38ae745d504916 to remote] DEBUG org.asynchttpclient.netty.request.NettyRequestSender - Using open Channel [id: 0xff951329, L:/127.0.0.1:58522 - R:localhost/127.0.0.1:28047] for GET '/session/a409c7c10b080fdf0c38ae745d504916/screenshot'
20:27:05.336 [AsyncHttpClient-1-2] DEBUG org.asynchttpclient.netty.handler.HttpHandler - 

Request DefaultFullHttpRequest(decodeResult: success, version: HTTP/1.1, content: EmptyByteBufBE)
GET /session/a409c7c10b080fdf0c38ae745d504916/screenshot HTTP/1.1
User-Agent: selenium/4.8.1 (java windows)
Cache-Control: no-cache
Content-Type: application/json; charset=utf-8
host: localhost:28047
accept: */*

Response DefaultHttpResponse(decodeResult: success, version: HTTP/1.1)
HTTP/1.1 200 OK
Content-Length: 264384
Content-Type: application/json; charset=utf-8
cache-control: no-cache

20:27:05.336 [AsyncHttpClient-1-2] DEBUG org.asynchttpclient.netty.channel.ChannelManager - Adding key: http://localhost:28047 for channel [id: 0xff951329, L:/127.0.0.1:58522 - R:localhost/127.0.0.1:28047]
20:27:05.341 [main] DEBUG net.serenitybdd.core.photography.Darkroom - Send negative for processing for target\site\serenity\1db9f5cf2903e3fc02903b7adf4c9200b4fe213d34182b2b3bce6738a29de2a8.png
20:27:05.342 [Darkroom Processing Line] DEBUG net.serenitybdd.core.photography.DarkroomProcessingLine - Processing screenshot image in /var/screenshots/screenshot-16586741163281581474
20:27:05.342 [Darkroom Processing Line] DEBUG net.serenitybdd.core.photography.DarkroomProcessingLine - Saving screenshot to target\site\serenity\1db9f5cf2903e3fc02903b7adf4c9200b4fe213d34182b2b3bce6738a29de2a8.png
20:27:05.343 [Forwarding getPageSource on session a409c7c10b080fdf0c38ae745d504916 to remote] DEBUG org.asynchttpclient.netty.request.NettyRequestSender - Using pooled Channel '[id: 0xff951329, L:/127.0.0.1:58522 - R:localhost/127.0.0.1:28047]' for 'POST' to 'http://localhost:28047/session/a409c7c10b080fdf0c38ae745d504916/execute/sync'
20:27:05.343 [Forwarding getPageSource on session a409c7c10b080fdf0c38ae745d504916 to remote] DEBUG org.asynchttpclient.netty.request.NettyRequestSender - Using open Channel [id: 0xff951329, L:/127.0.0.1:58522 - R:localhost/127.0.0.1:28047] for POST '/session/a409c7c10b080fdf0c38ae745d504916/execute/sync'
20:27:05.353 [AsyncHttpClient-1-2] DEBUG org.asynchttpclient.netty.handler.HttpHandler - 

Request DefaultHttpRequest(decodeResult: success, version: HTTP/1.1)
POST /session/a409c7c10b080fdf0c38ae745d504916/execute/sync HTTP/1.1
User-Agent: selenium/4.8.1 (java windows)
Content-Length: 176
Content-Type: application/json; charset=utf-8
host: localhost:28047
accept: */*

Response DefaultHttpResponse(decodeResult: success, version: HTTP/1.1)
HTTP/1.1 200 OK
Content-Length: 99347
Content-Type: application/json; charset=utf-8
cache-control: no-cache

20:27:05.354 [AsyncHttpClient-1-2] DEBUG org.asynchttpclient.netty.channel.ChannelManager - Adding key: http://localhost:28047 for channel [id: 0xff951329, L:/127.0.0.1:58522 - R:localhost/127.0.0.1:28047]
20:27:05.360 [Forwarding getCurrentUrl on session a409c7c10b080fdf0c38ae745d504916 to remote] DEBUG org.asynchttpclient.netty.request.NettyRequestSender - Using pooled Channel '[id: 0xff951329, L:/127.0.0.1:58522 - R:localhost/127.0.0.1:28047]' for 'GET' to 'http://localhost:28047/session/a409c7c10b080fdf0c38ae745d504916/url'
20:27:05.360 [Forwarding getCurrentUrl on session a409c7c10b080fdf0c38ae745d504916 to remote] DEBUG org.asynchttpclient.netty.request.NettyRequestSender - Using open Channel [id: 0xff951329, L:/127.0.0.1:58522 - R:localhost/127.0.0.1:28047] for GET '/session/a409c7c10b080fdf0c38ae745d504916/url'
20:27:05.364 [AsyncHttpClient-1-2] DEBUG org.asynchttpclient.netty.handler.HttpHandler - 

Request DefaultFullHttpRequest(decodeResult: success, version: HTTP/1.1, content: EmptyByteBufBE)
GET /session/a409c7c10b080fdf0c38ae745d504916/url HTTP/1.1
User-Agent: selenium/4.8.1 (java windows)
Cache-Control: no-cache
Content-Type: application/json; charset=utf-8
host: localhost:28047
accept: */*

Response DefaultHttpResponse(decodeResult: success, version: HTTP/1.1)
HTTP/1.1 200 OK
Content-Length: 56
Content-Type: application/json; charset=utf-8
cache-control: no-cache

20:27:05.365 [AsyncHttpClient-1-2] DEBUG org.asynchttpclient.netty.channel.ChannelManager - Adding key: http://localhost:28047 for channel [id: 0xff951329, L:/127.0.0.1:58522 - R:localhost/127.0.0.1:28047]
20:27:05.368 [main] DEBUG net.thucydides.core.steps.StepInterceptor - STARTING STEP: OrderSteps.i_select_bayar_sekarang_button - pressPayButton
20:27:05.371 [Forwarding findElement on session a409c7c10b080fdf0c38ae745d504916 to remote] DEBUG org.asynchttpclient.netty.request.NettyRequestSender - Using pooled Channel '[id: 0xff951329, L:/127.0.0.1:58522 - R:localhost/127.0.0.1:28047]' for 'POST' to 'http://localhost:28047/session/a409c7c10b080fdf0c38ae745d504916/element'
20:27:05.371 [Forwarding findElement on session a409c7c10b080fdf0c38ae745d504916 to remote] DEBUG org.asynchttpclient.netty.request.NettyRequestSender - Using open Channel [id: 0xff951329, L:/127.0.0.1:58522 - R:localhost/127.0.0.1:28047] for POST '/session/a409c7c10b080fdf0c38ae745d504916/element'
20:27:05.381 [AsyncHttpClient-1-2] DEBUG org.asynchttpclient.netty.handler.HttpHandler - 

Request DefaultHttpRequest(decodeResult: success, version: HTTP/1.1)
POST /session/a409c7c10b080fdf0c38ae745d504916/element HTTP/1.1
User-Agent: selenium/4.8.1 (java windows)
Content-Length: 59
Content-Type: application/json; charset=utf-8
host: localhost:28047
accept: */*

Response DefaultHttpResponse(decodeResult: success, version: HTTP/1.1)
HTTP/1.1 200 OK
Content-Length: 88
Content-Type: application/json; charset=utf-8
cache-control: no-cache

20:27:05.382 [AsyncHttpClient-1-2] DEBUG org.asynchttpclient.netty.channel.ChannelManager - Adding key: http://localhost:28047 for channel [id: 0xff951329, L:/127.0.0.1:58522 - R:localhost/127.0.0.1:28047]
20:27:05.386 [Forwarding isElementDisplayed on session a409c7c10b080fdf0c38ae745d504916 to remote] DEBUG org.asynchttpclient.netty.request.NettyRequestSender - Using pooled Channel '[id: 0xff951329, L:/127.0.0.1:58522 - R:localhost/127.0.0.1:28047]' for 'POST' to 'http://localhost:28047/session/a409c7c10b080fdf0c38ae745d504916/execute/sync'
20:27:05.386 [Forwarding isElementDisplayed on session a409c7c10b080fdf0c38ae745d504916 to remote] DEBUG org.asynchttpclient.netty.request.NettyRequestSender - Using open Channel [id: 0xff951329, L:/127.0.0.1:58522 - R:localhost/127.0.0.1:28047] for POST '/session/a409c7c10b080fdf0c38ae745d504916/execute/sync'
20:27:05.398 [AsyncHttpClient-1-2] DEBUG org.asynchttpclient.netty.handler.HttpHandler - 

Request DefaultHttpRequest(decodeResult: success, version: HTTP/1.1)
POST /session/a409c7c10b080fdf0c38ae745d504916/execute/sync HTTP/1.1
User-Agent: selenium/4.8.1 (java windows)
Content-Length: 48807
Content-Type: application/json; charset=utf-8
host: localhost:28047
accept: */*

Response DefaultHttpResponse(decodeResult: success, version: HTTP/1.1)
HTTP/1.1 200 OK
Content-Length: 14
Content-Type: application/json; charset=utf-8
cache-control: no-cache

20:27:05.399 [AsyncHttpClient-1-2] DEBUG org.asynchttpclient.netty.channel.ChannelManager - Adding key: http://localhost:28047 for channel [id: 0xff951329, L:/127.0.0.1:58522 - R:localhost/127.0.0.1:28047]
20:27:05.401 [Forwarding getElementTagName on session a409c7c10b080fdf0c38ae745d504916 to remote] DEBUG org.asynchttpclient.netty.request.NettyRequestSender - Using pooled Channel '[id: 0xff951329, L:/127.0.0.1:58522 - R:localhost/127.0.0.1:28047]' for 'GET' to 'http://localhost:28047/session/a409c7c10b080fdf0c38ae745d504916/element/90ffd742-c858-4e8a-9124-e5df70c32f17/name'
20:27:05.401 [Forwarding getElementTagName on session a409c7c10b080fdf0c38ae745d504916 to remote] DEBUG org.asynchttpclient.netty.request.NettyRequestSender - Using open Channel [id: 0xff951329, L:/127.0.0.1:58522 - R:localhost/127.0.0.1:28047] for GET '/session/a409c7c10b080fdf0c38ae745d504916/element/90ffd742-c858-4e8a-9124-e5df70c32f17/name'
20:27:05.406 [AsyncHttpClient-1-2] DEBUG org.asynchttpclient.netty.handler.HttpHandler - 

Request DefaultFullHttpRequest(decodeResult: success, version: HTTP/1.1, content: EmptyByteBufBE)
GET /session/a409c7c10b080fdf0c38ae745d504916/element/90ffd742-c858-4e8a-9124-e5df70c32f17/name HTTP/1.1
User-Agent: selenium/4.8.1 (java windows)
Cache-Control: no-cache
Content-Type: application/json; charset=utf-8
host: localhost:28047
accept: */*

Response DefaultHttpResponse(decodeResult: success, version: HTTP/1.1)
HTTP/1.1 200 OK
Content-Length: 18
Content-Type: application/json; charset=utf-8
cache-control: no-cache

20:27:05.406 [AsyncHttpClient-1-2] DEBUG org.asynchttpclient.netty.channel.ChannelManager - Adding key: http://localhost:28047 for channel [id: 0xff951329, L:/127.0.0.1:58522 - R:localhost/127.0.0.1:28047]
20:27:05.407 [Forwarding getElementTagName on session a409c7c10b080fdf0c38ae745d504916 to remote] DEBUG org.asynchttpclient.netty.request.NettyRequestSender - Using pooled Channel '[id: 0xff951329, L:/127.0.0.1:58522 - R:localhost/127.0.0.1:28047]' for 'GET' to 'http://localhost:28047/session/a409c7c10b080fdf0c38ae745d504916/element/90ffd742-c858-4e8a-9124-e5df70c32f17/name'
20:27:05.408 [Forwarding getElementTagName on session a409c7c10b080fdf0c38ae745d504916 to remote] DEBUG org.asynchttpclient.netty.request.NettyRequestSender - Using open Channel [id: 0xff951329, L:/127.0.0.1:58522 - R:localhost/127.0.0.1:28047] for GET '/session/a409c7c10b080fdf0c38ae745d504916/element/90ffd742-c858-4e8a-9124-e5df70c32f17/name'
20:27:05.412 [AsyncHttpClient-1-2] DEBUG org.asynchttpclient.netty.handler.HttpHandler - 

Request DefaultFullHttpRequest(decodeResult: success, version: HTTP/1.1, content: EmptyByteBufBE)
GET /session/a409c7c10b080fdf0c38ae745d504916/element/90ffd742-c858-4e8a-9124-e5df70c32f17/name HTTP/1.1
User-Agent: selenium/4.8.1 (java windows)
Cache-Control: no-cache
Content-Type: application/json; charset=utf-8
host: localhost:28047
accept: */*

Response DefaultHttpResponse(decodeResult: success, version: HTTP/1.1)
HTTP/1.1 200 OK
Content-Length: 18
Content-Type: application/json; charset=utf-8
cache-control: no-cache

20:27:05.412 [AsyncHttpClient-1-2] DEBUG org.asynchttpclient.netty.channel.ChannelManager - Adding key: http://localhost:28047 for channel [id: 0xff951329, L:/127.0.0.1:58522 - R:localhost/127.0.0.1:28047]
20:27:05.414 [Forwarding isElementEnabled on session a409c7c10b080fdf0c38ae745d504916 to remote] DEBUG org.asynchttpclient.netty.request.NettyRequestSender - Using pooled Channel '[id: 0xff951329, L:/127.0.0.1:58522 - R:localhost/127.0.0.1:28047]' for 'GET' to 'http://localhost:28047/session/a409c7c10b080fdf0c38ae745d504916/element/90ffd742-c858-4e8a-9124-e5df70c32f17/enabled'
20:27:05.415 [Forwarding isElementEnabled on session a409c7c10b080fdf0c38ae745d504916 to remote] DEBUG org.asynchttpclient.netty.request.NettyRequestSender - Using open Channel [id: 0xff951329, L:/127.0.0.1:58522 - R:localhost/127.0.0.1:28047] for GET '/session/a409c7c10b080fdf0c38ae745d504916/element/90ffd742-c858-4e8a-9124-e5df70c32f17/enabled'
20:27:05.422 [AsyncHttpClient-1-2] DEBUG org.asynchttpclient.netty.handler.HttpHandler - 

Request DefaultFullHttpRequest(decodeResult: success, version: HTTP/1.1, content: EmptyByteBufBE)
GET /session/a409c7c10b080fdf0c38ae745d504916/element/90ffd742-c858-4e8a-9124-e5df70c32f17/enabled HTTP/1.1
User-Agent: selenium/4.8.1 (java windows)
Cache-Control: no-cache
Content-Type: application/json; charset=utf-8
host: localhost:28047
accept: */*

Response DefaultHttpResponse(decodeResult: success, version: HTTP/1.1)
HTTP/1.1 200 OK
Content-Length: 14
Content-Type: application/json; charset=utf-8
cache-control: no-cache

20:27:05.423 [AsyncHttpClient-1-2] DEBUG org.asynchttpclient.netty.channel.ChannelManager - Adding key: http://localhost:28047 for channel [id: 0xff951329, L:/127.0.0.1:58522 - R:localhost/127.0.0.1:28047]
20:27:05.425 [Forwarding isElementEnabled on session a409c7c10b080fdf0c38ae745d504916 to remote] DEBUG org.asynchttpclient.netty.request.NettyRequestSender - Using pooled Channel '[id: 0xff951329, L:/127.0.0.1:58522 - R:localhost/127.0.0.1:28047]' for 'GET' to 'http://localhost:28047/session/a409c7c10b080fdf0c38ae745d504916/element/90ffd742-c858-4e8a-9124-e5df70c32f17/enabled'
20:27:05.425 [Forwarding isElementEnabled on session a409c7c10b080fdf0c38ae745d504916 to remote] DEBUG org.asynchttpclient.netty.request.NettyRequestSender - Using open Channel [id: 0xff951329, L:/127.0.0.1:58522 - R:localhost/127.0.0.1:28047] for GET '/session/a409c7c10b080fdf0c38ae745d504916/element/90ffd742-c858-4e8a-9124-e5df70c32f17/enabled'
20:27:05.431 [AsyncHttpClient-1-2] DEBUG org.asynchttpclient.netty.handler.HttpHandler - 

Request DefaultFullHttpRequest(decodeResult: success, version: HTTP/1.1, content: EmptyByteBufBE)
GET /session/a409c7c10b080fdf0c38ae745d504916/element/90ffd742-c858-4e8a-9124-e5df70c32f17/enabled HTTP/1.1
User-Agent: selenium/4.8.1 (java windows)
Cache-Control: no-cache
Content-Type: application/json; charset=utf-8
host: localhost:28047
accept: */*

Response DefaultHttpResponse(decodeResult: success, version: HTTP/1.1)
HTTP/1.1 200 OK
Content-Length: 14
Content-Type: application/json; charset=utf-8
cache-control: no-cache

20:27:05.431 [AsyncHttpClient-1-2] DEBUG org.asynchttpclient.netty.channel.ChannelManager - Adding key: http://localhost:28047 for channel [id: 0xff951329, L:/127.0.0.1:58522 - R:localhost/127.0.0.1:28047]
20:27:05.432 [Forwarding clickElement on session a409c7c10b080fdf0c38ae745d504916 to remote] DEBUG org.asynchttpclient.netty.request.NettyRequestSender - Using pooled Channel '[id: 0xff951329, L:/127.0.0.1:58522 - R:localhost/127.0.0.1:28047]' for 'POST' to 'http://localhost:28047/session/a409c7c10b080fdf0c38ae745d504916/element/90ffd742-c858-4e8a-9124-e5df70c32f17/click'
20:27:05.432 [Forwarding clickElement on session a409c7c10b080fdf0c38ae745d504916 to remote] DEBUG org.asynchttpclient.netty.request.NettyRequestSender - Using open Channel [id: 0xff951329, L:/127.0.0.1:58522 - R:localhost/127.0.0.1:28047] for POST '/session/a409c7c10b080fdf0c38ae745d504916/element/90ffd742-c858-4e8a-9124-e5df70c32f17/click'
20:27:05.479 [AsyncHttpClient-1-2] DEBUG org.asynchttpclient.netty.handler.HttpHandler - 

Request DefaultHttpRequest(decodeResult: success, version: HTTP/1.1)
POST /session/a409c7c10b080fdf0c38ae745d504916/element/90ffd742-c858-4e8a-9124-e5df70c32f17/click HTTP/1.1
User-Agent: selenium/4.8.1 (java windows)
Content-Length: 50
Content-Type: application/json; charset=utf-8
host: localhost:28047
accept: */*

Response DefaultHttpResponse(decodeResult: success, version: HTTP/1.1)
HTTP/1.1 200 OK
Content-Length: 14
Content-Type: application/json; charset=utf-8
cache-control: no-cache

20:27:05.479 [AsyncHttpClient-1-2] DEBUG org.asynchttpclient.netty.channel.ChannelManager - Adding key: http://localhost:28047 for channel [id: 0xff951329, L:/127.0.0.1:58522 - R:localhost/127.0.0.1:28047]
20:27:05.488 [Forwarding getAlertText on session a409c7c10b080fdf0c38ae745d504916 to remote] DEBUG org.asynchttpclient.netty.request.NettyRequestSender - Using pooled Channel '[id: 0xff951329, L:/127.0.0.1:58522 - R:localhost/127.0.0.1:28047]' for 'GET' to 'http://localhost:28047/session/a409c7c10b080fdf0c38ae745d504916/alert/text'
20:27:05.488 [Forwarding getAlertText on session a409c7c10b080fdf0c38ae745d504916 to remote] DEBUG org.asynchttpclient.netty.request.NettyRequestSender - Using open Channel [id: 0xff951329, L:/127.0.0.1:58522 - R:localhost/127.0.0.1:28047] for GET '/session/a409c7c10b080fdf0c38ae745d504916/alert/text'
20:27:05.491 [AsyncHttpClient-1-2] DEBUG org.asynchttpclient.netty.handler.HttpHandler - 

Request DefaultFullHttpRequest(decodeResult: success, version: HTTP/1.1, content: EmptyByteBufBE)
GET /session/a409c7c10b080fdf0c38ae745d504916/alert/text HTTP/1.1
User-Agent: selenium/4.8.1 (java windows)
Cache-Control: no-cache
Content-Type: application/json; charset=utf-8
host: localhost:28047
accept: */*

Response DefaultHttpResponse(decodeResult: success, version: HTTP/1.1)
HTTP/1.1 404 Not Found
Content-Length: 816
Content-Type: application/json; charset=utf-8
cache-control: no-cache

20:27:05.492 [AsyncHttpClient-1-2] DEBUG org.asynchttpclient.netty.channel.ChannelManager - Adding key: http://localhost:28047 for channel [id: 0xff951329, L:/127.0.0.1:58522 - R:localhost/127.0.0.1:28047]
20:27:05.494 [Forwarding getCurrentUrl on session a409c7c10b080fdf0c38ae745d504916 to remote] DEBUG org.asynchttpclient.netty.request.NettyRequestSender - Using pooled Channel '[id: 0xff951329, L:/127.0.0.1:58522 - R:localhost/127.0.0.1:28047]' for 'GET' to 'http://localhost:28047/session/a409c7c10b080fdf0c38ae745d504916/url'
20:27:05.494 [Forwarding getCurrentUrl on session a409c7c10b080fdf0c38ae745d504916 to remote] DEBUG org.asynchttpclient.netty.request.NettyRequestSender - Using open Channel [id: 0xff951329, L:/127.0.0.1:58522 - R:localhost/127.0.0.1:28047] for GET '/session/a409c7c10b080fdf0c38ae745d504916/url'
20:27:05.498 [AsyncHttpClient-1-2] DEBUG org.asynchttpclient.netty.handler.HttpHandler - 

Request DefaultFullHttpRequest(decodeResult: success, version: HTTP/1.1, content: EmptyByteBufBE)
GET /session/a409c7c10b080fdf0c38ae745d504916/url HTTP/1.1
User-Agent: selenium/4.8.1 (java windows)
Cache-Control: no-cache
Content-Type: application/json; charset=utf-8
host: localhost:28047
accept: */*

Response DefaultHttpResponse(decodeResult: success, version: HTTP/1.1)
HTTP/1.1 200 OK
Content-Length: 56
Content-Type: application/json; charset=utf-8
cache-control: no-cache

20:27:05.498 [AsyncHttpClient-1-2] DEBUG org.asynchttpclient.netty.channel.ChannelManager - Adding key: http://localhost:28047 for channel [id: 0xff951329, L:/127.0.0.1:58522 - R:localhost/127.0.0.1:28047]
20:27:05.499 [Forwarding screenshot on session a409c7c10b080fdf0c38ae745d504916 to remote] DEBUG org.asynchttpclient.netty.request.NettyRequestSender - Using pooled Channel '[id: 0xff951329, L:/127.0.0.1:58522 - R:localhost/127.0.0.1:28047]' for 'GET' to 'http://localhost:28047/session/a409c7c10b080fdf0c38ae745d504916/screenshot'
20:27:05.499 [Forwarding screenshot on session a409c7c10b080fdf0c38ae745d504916 to remote] DEBUG org.asynchttpclient.netty.request.NettyRequestSender - Using open Channel [id: 0xff951329, L:/127.0.0.1:58522 - R:localhost/127.0.0.1:28047] for GET '/session/a409c7c10b080fdf0c38ae745d504916/screenshot'
20:27:05.680 [AsyncHttpClient-1-2] DEBUG org.asynchttpclient.netty.handler.HttpHandler - 

Request DefaultFullHttpRequest(decodeResult: success, version: HTTP/1.1, content: EmptyByteBufBE)
GET /session/a409c7c10b080fdf0c38ae745d504916/screenshot HTTP/1.1
User-Agent: selenium/4.8.1 (java windows)
Cache-Control: no-cache
Content-Type: application/json; charset=utf-8
host: localhost:28047
accept: */*

Response DefaultHttpResponse(decodeResult: success, version: HTTP/1.1)
HTTP/1.1 200 OK
Content-Length: 182868
Content-Type: application/json; charset=utf-8
cache-control: no-cache

20:27:05.680 [AsyncHttpClient-1-2] DEBUG org.asynchttpclient.netty.channel.ChannelManager - Adding key: http://localhost:28047 for channel [id: 0xff951329, L:/127.0.0.1:58522 - R:localhost/127.0.0.1:28047]
20:27:05.685 [main] DEBUG net.serenitybdd.core.photography.Darkroom - Send negative for processing for target\site\serenity\0cff441527bb90c97dd62bb7b319629973977699b908d7d759cd0764b7c2d3d0.png
20:27:05.685 [main] DEBUG net.thucydides.core.steps.StepInterceptor - STEP DONE: pressPayButton
20:27:05.685 [Darkroom Processing Line] DEBUG net.serenitybdd.core.photography.DarkroomProcessingLine - Processing screenshot image in /var/screenshots/screenshot-2527661312891391132
20:27:05.685 [Darkroom Processing Line] DEBUG net.serenitybdd.core.photography.DarkroomProcessingLine - Saving screenshot to target\site\serenity\0cff441527bb90c97dd62bb7b319629973977699b908d7d759cd0764b7c2d3d0.png
  &amp#27;[32mAnd &amp#27;[0m&amp#27;[32mI select Bayar Sekarang button&amp#27;[0m                                 &amp#27;[90m# starter.stepDefinitions.OrderSteps.i_select_bayar_sekarang_button()&amp#27;[0m
20:27:05.698 [Forwarding getPageSource on session a409c7c10b080fdf0c38ae745d504916 to remote] DEBUG org.asynchttpclient.netty.request.NettyRequestSender - Using pooled Channel '[id: 0xff951329, L:/127.0.0.1:58522 - R:localhost/127.0.0.1:28047]' for 'POST' to 'http://localhost:28047/session/a409c7c10b080fdf0c38ae745d504916/execute/sync'
20:27:05.698 [Forwarding getPageSource on session a409c7c10b080fdf0c38ae745d504916 to remote] DEBUG org.asynchttpclient.netty.request.NettyRequestSender - Using open Channel [id: 0xff951329, L:/127.0.0.1:58522 - R:localhost/127.0.0.1:28047] for POST '/session/a409c7c10b080fdf0c38ae745d504916/execute/sync'
20:27:05.710 [AsyncHttpClient-1-2] DEBUG org.asynchttpclient.netty.handler.HttpHandler - 

Request DefaultHttpRequest(decodeResult: success, version: HTTP/1.1)
POST /session/a409c7c10b080fdf0c38ae745d504916/execute/sync HTTP/1.1
User-Agent: selenium/4.8.1 (java windows)
Content-Length: 176
Content-Type: application/json; charset=utf-8
host: localhost:28047
accept: */*

Response DefaultHttpResponse(decodeResult: success, version: HTTP/1.1)
HTTP/1.1 200 OK
Content-Length: 103818
Content-Type: application/json; charset=utf-8
cache-control: no-cache

20:27:05.711 [AsyncHttpClient-1-2] DEBUG org.asynchttpclient.netty.channel.ChannelManager - Adding key: http://localhost:28047 for channel [id: 0xff951329, L:/127.0.0.1:58522 - R:localhost/127.0.0.1:28047]
20:27:05.717 [Forwarding getCurrentUrl on session a409c7c10b080fdf0c38ae745d504916 to remote] DEBUG org.asynchttpclient.netty.request.NettyRequestSender - Using pooled Channel '[id: 0xff951329, L:/127.0.0.1:58522 - R:localhost/127.0.0.1:28047]' for 'GET' to 'http://localhost:28047/session/a409c7c10b080fdf0c38ae745d504916/url'
20:27:05.717 [Forwarding getCurrentUrl on session a409c7c10b080fdf0c38ae745d504916 to remote] DEBUG org.asynchttpclient.netty.request.NettyRequestSender - Using open Channel [id: 0xff951329, L:/127.0.0.1:58522 - R:localhost/127.0.0.1:28047] for GET '/session/a409c7c10b080fdf0c38ae745d504916/url'
20:27:05.723 [AsyncHttpClient-1-2] DEBUG org.asynchttpclient.netty.handler.HttpHandler - 

Request DefaultFullHttpRequest(decodeResult: success, version: HTTP/1.1, content: EmptyByteBufBE)
GET /session/a409c7c10b080fdf0c38ae745d504916/url HTTP/1.1
User-Agent: selenium/4.8.1 (java windows)
Cache-Control: no-cache
Content-Type: application/json; charset=utf-8
host: localhost:28047
accept: */*

Response DefaultHttpResponse(decodeResult: success, version: HTTP/1.1)
HTTP/1.1 200 OK
Content-Length: 56
Content-Type: application/json; charset=utf-8
cache-control: no-cache

20:27:05.724 [AsyncHttpClient-1-2] DEBUG org.asynchttpclient.netty.channel.ChannelManager - Adding key: http://localhost:28047 for channel [id: 0xff951329, L:/127.0.0.1:58522 - R:localhost/127.0.0.1:28047]
20:27:05.738 [Forwarding getAlertText on session a409c7c10b080fdf0c38ae745d504916 to remote] DEBUG org.asynchttpclient.netty.request.NettyRequestSender - Using pooled Channel '[id: 0xff951329, L:/127.0.0.1:58522 - R:localhost/127.0.0.1:28047]' for 'GET' to 'http://localhost:28047/session/a409c7c10b080fdf0c38ae745d504916/alert/text'
20:27:05.739 [Forwarding getAlertText on session a409c7c10b080fdf0c38ae745d504916 to remote] DEBUG org.asynchttpclient.netty.request.NettyRequestSender - Using open Channel [id: 0xff951329, L:/127.0.0.1:58522 - R:localhost/127.0.0.1:28047] for GET '/session/a409c7c10b080fdf0c38ae745d504916/alert/text'
20:27:05.741 [AsyncHttpClient-1-2] DEBUG org.asynchttpclient.netty.handler.HttpHandler - 

Request DefaultFullHttpRequest(decodeResult: success, version: HTTP/1.1, content: EmptyByteBufBE)
GET /session/a409c7c10b080fdf0c38ae745d504916/alert/text HTTP/1.1
User-Agent: selenium/4.8.1 (java windows)
Cache-Control: no-cache
Content-Type: application/json; charset=utf-8
host: localhost:28047
accept: */*

Response DefaultHttpResponse(decodeResult: success, version: HTTP/1.1)
HTTP/1.1 404 Not Found
Content-Length: 816
Content-Type: application/json; charset=utf-8
cache-control: no-cache

20:27:05.741 [AsyncHttpClient-1-2] DEBUG org.asynchttpclient.netty.channel.ChannelManager - Adding key: http://localhost:28047 for channel [id: 0xff951329, L:/127.0.0.1:58522 - R:localhost/127.0.0.1:28047]
20:27:05.743 [Forwarding getCurrentUrl on session a409c7c10b080fdf0c38ae745d504916 to remote] DEBUG org.asynchttpclient.netty.request.NettyRequestSender - Using pooled Channel '[id: 0xff951329, L:/127.0.0.1:58522 - R:localhost/127.0.0.1:28047]' for 'GET' to 'http://localhost:28047/session/a409c7c10b080fdf0c38ae745d504916/url'
20:27:05.743 [Forwarding getCurrentUrl on session a409c7c10b080fdf0c38ae745d504916 to remote] DEBUG org.asynchttpclient.netty.request.NettyRequestSender - Using open Channel [id: 0xff951329, L:/127.0.0.1:58522 - R:localhost/127.0.0.1:28047] for GET '/session/a409c7c10b080fdf0c38ae745d504916/url'
20:27:05.747 [AsyncHttpClient-1-2] DEBUG org.asynchttpclient.netty.handler.HttpHandler - 

Request DefaultFullHttpRequest(decodeResult: success, version: HTTP/1.1, content: EmptyByteBufBE)
GET /session/a409c7c10b080fdf0c38ae745d504916/url HTTP/1.1
User-Agent: selenium/4.8.1 (java windows)
Cache-Control: no-cache
Content-Type: application/json; charset=utf-8
host: localhost:28047
accept: */*

Response DefaultHttpResponse(decodeResult: success, version: HTTP/1.1)
HTTP/1.1 200 OK
Content-Length: 56
Content-Type: application/json; charset=utf-8
cache-control: no-cache

20:27:05.747 [AsyncHttpClient-1-2] DEBUG org.asynchttpclient.netty.channel.ChannelManager - Adding key: http://localhost:28047 for channel [id: 0xff951329, L:/127.0.0.1:58522 - R:localhost/127.0.0.1:28047]
20:27:05.749 [Forwarding screenshot on session a409c7c10b080fdf0c38ae745d504916 to remote] DEBUG org.asynchttpclient.netty.request.NettyRequestSender - Using pooled Channel '[id: 0xff951329, L:/127.0.0.1:58522 - R:localhost/127.0.0.1:28047]' for 'GET' to 'http://localhost:28047/session/a409c7c10b080fdf0c38ae745d504916/screenshot'
20:27:05.749 [Forwarding screenshot on session a409c7c10b080fdf0c38ae745d504916 to remote] DEBUG org.asynchttpclient.netty.request.NettyRequestSender - Using open Channel [id: 0xff951329, L:/127.0.0.1:58522 - R:localhost/127.0.0.1:28047] for GET '/session/a409c7c10b080fdf0c38ae745d504916/screenshot'
20:27:05.859 [AsyncHttpClient-1-1] DEBUG org.asynchttpclient.netty.channel.DefaultChannelPool - Entry count for : http://localhost:58524 : 1
20:27:05.934 [AsyncHttpClient-1-2] DEBUG org.asynchttpclient.netty.handler.HttpHandler - 

Request DefaultFullHttpRequest(decodeResult: success, version: HTTP/1.1, content: EmptyByteBufBE)
GET /session/a409c7c10b080fdf0c38ae745d504916/screenshot HTTP/1.1
User-Agent: selenium/4.8.1 (java windows)
Cache-Control: no-cache
Content-Type: application/json; charset=utf-8
host: localhost:28047
accept: */*

Response DefaultHttpResponse(decodeResult: success, version: HTTP/1.1)
HTTP/1.1 200 OK
Content-Length: 183376
Content-Type: application/json; charset=utf-8
cache-control: no-cache

20:27:05.936 [AsyncHttpClient-1-2] DEBUG org.asynchttpclient.netty.channel.ChannelManager - Adding key: http://localhost:28047 for channel [id: 0xff951329, L:/127.0.0.1:58522 - R:localhost/127.0.0.1:28047]
20:27:05.943 [main] DEBUG net.serenitybdd.core.photography.Darkroom - Send negative for processing for target\site\serenity\0ef34d552c5cdf2ffd1dbb959206bf864248478c5222426d836716ca5a12262a.png
20:27:05.944 [Darkroom Processing Line] DEBUG net.serenitybdd.core.photography.DarkroomProcessingLine - Processing screenshot image in /var/screenshots/screenshot-3072133537514933911
20:27:05.944 [Darkroom Processing Line] DEBUG net.serenitybdd.core.photography.DarkroomProcessingLine - Saving screenshot to target\site\serenity\0ef34d552c5cdf2ffd1dbb959206bf864248478c5222426d836716ca5a12262a.png
20:27:05.945 [Forwarding getPageSource on session a409c7c10b080fdf0c38ae745d504916 to remote] DEBUG org.asynchttpclient.netty.request.NettyRequestSender - Using pooled Channel '[id: 0xff951329, L:/127.0.0.1:58522 - R:localhost/127.0.0.1:28047]' for 'POST' to 'http://localhost:28047/session/a409c7c10b080fdf0c38ae745d504916/execute/sync'
20:27:05.945 [Forwarding getPageSource on session a409c7c10b080fdf0c38ae745d504916 to remote] DEBUG org.asynchttpclient.netty.request.NettyRequestSender - Using open Channel [id: 0xff951329, L:/127.0.0.1:58522 - R:localhost/127.0.0.1:28047] for POST '/session/a409c7c10b080fdf0c38ae745d504916/execute/sync'
20:27:05.956 [AsyncHttpClient-1-2] DEBUG org.asynchttpclient.netty.handler.HttpHandler - 

Request DefaultHttpRequest(decodeResult: success, version: HTTP/1.1)
POST /session/a409c7c10b080fdf0c38ae745d504916/execute/sync HTTP/1.1
User-Agent: selenium/4.8.1 (java windows)
Content-Length: 176
Content-Type: application/json; charset=utf-8
host: localhost:28047
accept: */*

Response DefaultHttpResponse(decodeResult: success, version: HTTP/1.1)
HTTP/1.1 200 OK
Content-Length: 103801
Content-Type: application/json; charset=utf-8
cache-control: no-cache

20:27:05.958 [AsyncHttpClient-1-2] DEBUG org.asynchttpclient.netty.channel.ChannelManager - Adding key: http://localhost:28047 for channel [id: 0xff951329, L:/127.0.0.1:58522 - R:localhost/127.0.0.1:28047]
20:27:05.966 [Forwarding getCurrentUrl on session a409c7c10b080fdf0c38ae745d504916 to remote] DEBUG org.asynchttpclient.netty.request.NettyRequestSender - Using pooled Channel '[id: 0xff951329, L:/127.0.0.1:58522 - R:localhost/127.0.0.1:28047]' for 'GET' to 'http://localhost:28047/session/a409c7c10b080fdf0c38ae745d504916/url'
20:27:05.966 [Forwarding getCurrentUrl on session a409c7c10b080fdf0c38ae745d504916 to remote] DEBUG org.asynchttpclient.netty.request.NettyRequestSender - Using open Channel [id: 0xff951329, L:/127.0.0.1:58522 - R:localhost/127.0.0.1:28047] for GET '/session/a409c7c10b080fdf0c38ae745d504916/url'
20:27:05.970 [AsyncHttpClient-1-2] DEBUG org.asynchttpclient.netty.handler.HttpHandler - 

Request DefaultFullHttpRequest(decodeResult: success, version: HTTP/1.1, content: EmptyByteBufBE)
GET /session/a409c7c10b080fdf0c38ae745d504916/url HTTP/1.1
User-Agent: selenium/4.8.1 (java windows)
Cache-Control: no-cache
Content-Type: application/json; charset=utf-8
host: localhost:28047
accept: */*

Response DefaultHttpResponse(decodeResult: success, version: HTTP/1.1)
HTTP/1.1 200 OK
Content-Length: 56
Content-Type: application/json; charset=utf-8
cache-control: no-cache

20:27:05.970 [AsyncHttpClient-1-2] DEBUG org.asynchttpclient.netty.channel.ChannelManager - Adding key: http://localhost:28047 for channel [id: 0xff951329, L:/127.0.0.1:58522 - R:localhost/127.0.0.1:28047]
20:27:05.975 [main] DEBUG net.thucydides.core.steps.StepInterceptor - STARTING STEP: OrderSteps.i_will_be_directed_to_finish_transaction_page - checkBackButtonExist
20:27:05.983 [Forwarding findElement on session a409c7c10b080fdf0c38ae745d504916 to remote] DEBUG org.asynchttpclient.netty.request.NettyRequestSender - Using pooled Channel '[id: 0xff951329, L:/127.0.0.1:58522 - R:localhost/127.0.0.1:28047]' for 'POST' to 'http://localhost:28047/session/a409c7c10b080fdf0c38ae745d504916/element'
20:27:05.983 [Forwarding findElement on session a409c7c10b080fdf0c38ae745d504916 to remote] DEBUG org.asynchttpclient.netty.request.NettyRequestSender - Using open Channel [id: 0xff951329, L:/127.0.0.1:58522 - R:localhost/127.0.0.1:28047] for POST '/session/a409c7c10b080fdf0c38ae745d504916/element'
20:27:06.001 [AsyncHttpClient-1-2] DEBUG org.asynchttpclient.netty.handler.HttpHandler - 

Request DefaultHttpRequest(decodeResult: success, version: HTTP/1.1)
POST /session/a409c7c10b080fdf0c38ae745d504916/element HTTP/1.1
User-Agent: selenium/4.8.1 (java windows)
Content-Length: 65
Content-Type: application/json; charset=utf-8
host: localhost:28047
accept: */*

Response DefaultHttpResponse(decodeResult: success, version: HTTP/1.1)
HTTP/1.1 200 OK
Content-Length: 88
Content-Type: application/json; charset=utf-8
cache-control: no-cache

20:27:06.001 [AsyncHttpClient-1-2] DEBUG org.asynchttpclient.netty.channel.ChannelManager - Adding key: http://localhost:28047 for channel [id: 0xff951329, L:/127.0.0.1:58522 - R:localhost/127.0.0.1:28047]
20:27:06.007 [Forwarding isElementDisplayed on session a409c7c10b080fdf0c38ae745d504916 to remote] DEBUG org.asynchttpclient.netty.request.NettyRequestSender - Using pooled Channel '[id: 0xff951329, L:/127.0.0.1:58522 - R:localhost/127.0.0.1:28047]' for 'POST' to 'http://localhost:28047/session/a409c7c10b080fdf0c38ae745d504916/execute/sync'
20:27:06.007 [Forwarding isElementDisplayed on session a409c7c10b080fdf0c38ae745d504916 to remote] DEBUG org.asynchttpclient.netty.request.NettyRequestSender - Using open Channel [id: 0xff951329, L:/127.0.0.1:58522 - R:localhost/127.0.0.1:28047] for POST '/session/a409c7c10b080fdf0c38ae745d504916/execute/sync'
20:27:06.018 [AsyncHttpClient-1-2] DEBUG org.asynchttpclient.netty.handler.HttpHandler - 

Request DefaultHttpRequest(decodeResult: success, version: HTTP/1.1)
POST /session/a409c7c10b080fdf0c38ae745d504916/execute/sync HTTP/1.1
User-Agent: selenium/4.8.1 (java windows)
Content-Length: 48807
Content-Type: application/json; charset=utf-8
host: localhost:28047
accept: */*

Response DefaultHttpResponse(decodeResult: success, version: HTTP/1.1)
HTTP/1.1 200 OK
Content-Length: 14
Content-Type: application/json; charset=utf-8
cache-control: no-cache

20:27:06.018 [AsyncHttpClient-1-2] DEBUG org.asynchttpclient.netty.channel.ChannelManager - Adding key: http://localhost:28047 for channel [id: 0xff951329, L:/127.0.0.1:58522 - R:localhost/127.0.0.1:28047]
20:27:06.029 [Forwarding getAlertText on session a409c7c10b080fdf0c38ae745d504916 to remote] DEBUG org.asynchttpclient.netty.request.NettyRequestSender - Using pooled Channel '[id: 0xff951329, L:/127.0.0.1:58522 - R:localhost/127.0.0.1:28047]' for 'GET' to 'http://localhost:28047/session/a409c7c10b080fdf0c38ae745d504916/alert/text'
20:27:06.029 [Forwarding getAlertText on session a409c7c10b080fdf0c38ae745d504916 to remote] DEBUG org.asynchttpclient.netty.request.NettyRequestSender - Using open Channel [id: 0xff951329, L:/127.0.0.1:58522 - R:localhost/127.0.0.1:28047] for GET '/session/a409c7c10b080fdf0c38ae745d504916/alert/text'
20:27:06.031 [AsyncHttpClient-1-2] DEBUG org.asynchttpclient.netty.handler.HttpHandler - 

Request DefaultFullHttpRequest(decodeResult: success, version: HTTP/1.1, content: EmptyByteBufBE)
GET /session/a409c7c10b080fdf0c38ae745d504916/alert/text HTTP/1.1
User-Agent: selenium/4.8.1 (java windows)
Cache-Control: no-cache
Content-Type: application/json; charset=utf-8
host: localhost:28047
accept: */*

Response DefaultHttpResponse(decodeResult: success, version: HTTP/1.1)
HTTP/1.1 404 Not Found
Content-Length: 816
Content-Type: application/json; charset=utf-8
cache-control: no-cache

20:27:06.031 [AsyncHttpClient-1-2] DEBUG org.asynchttpclient.netty.channel.ChannelManager - Adding key: http://localhost:28047 for channel [id: 0xff951329, L:/127.0.0.1:58522 - R:localhost/127.0.0.1:28047]
20:27:06.035 [Forwarding getCurrentUrl on session a409c7c10b080fdf0c38ae745d504916 to remote] DEBUG org.asynchttpclient.netty.request.NettyRequestSender - Using pooled Channel '[id: 0xff951329, L:/127.0.0.1:58522 - R:localhost/127.0.0.1:28047]' for 'GET' to 'http://localhost:28047/session/a409c7c10b080fdf0c38ae745d504916/url'
20:27:06.035 [Forwarding getCurrentUrl on session a409c7c10b080fdf0c38ae745d504916 to remote] DEBUG org.asynchttpclient.netty.request.NettyRequestSender - Using open Channel [id: 0xff951329, L:/127.0.0.1:58522 - R:localhost/127.0.0.1:28047] for GET '/session/a409c7c10b080fdf0c38ae745d504916/url'
20:27:06.039 [AsyncHttpClient-1-2] DEBUG org.asynchttpclient.netty.handler.HttpHandler - 

Request DefaultFullHttpRequest(decodeResult: success, version: HTTP/1.1, content: EmptyByteBufBE)
GET /session/a409c7c10b080fdf0c38ae745d504916/url HTTP/1.1
User-Agent: selenium/4.8.1 (java windows)
Cache-Control: no-cache
Content-Type: application/json; charset=utf-8
host: localhost:28047
accept: */*

Response DefaultHttpResponse(decodeResult: success, version: HTTP/1.1)
HTTP/1.1 200 OK
Content-Length: 56
Content-Type: application/json; charset=utf-8
cache-control: no-cache

20:27:06.040 [AsyncHttpClient-1-2] DEBUG org.asynchttpclient.netty.channel.ChannelManager - Adding key: http://localhost:28047 for channel [id: 0xff951329, L:/127.0.0.1:58522 - R:localhost/127.0.0.1:28047]
20:27:06.043 [Forwarding screenshot on session a409c7c10b080fdf0c38ae745d504916 to remote] DEBUG org.asynchttpclient.netty.request.NettyRequestSender - Using pooled Channel '[id: 0xff951329, L:/127.0.0.1:58522 - R:localhost/127.0.0.1:28047]' for 'GET' to 'http://localhost:28047/session/a409c7c10b080fdf0c38ae745d504916/screenshot'
20:27:06.043 [Forwarding screenshot on session a409c7c10b080fdf0c38ae745d504916 to remote] DEBUG org.asynchttpclient.netty.request.NettyRequestSender - Using open Channel [id: 0xff951329, L:/127.0.0.1:58522 - R:localhost/127.0.0.1:28047] for GET '/session/a409c7c10b080fdf0c38ae745d504916/screenshot'
20:27:06.209 [AsyncHttpClient-1-2] DEBUG org.asynchttpclient.netty.handler.HttpHandler - 

Request DefaultFullHttpRequest(decodeResult: success, version: HTTP/1.1, content: EmptyByteBufBE)
GET /session/a409c7c10b080fdf0c38ae745d504916/screenshot HTTP/1.1
User-Agent: selenium/4.8.1 (java windows)
Cache-Control: no-cache
Content-Type: application/json; charset=utf-8
host: localhost:28047
accept: */*

Response DefaultHttpResponse(decodeResult: success, version: HTTP/1.1)
HTTP/1.1 200 OK
Content-Length: 185020
Content-Type: application/json; charset=utf-8
cache-control: no-cache

20:27:06.210 [AsyncHttpClient-1-2] DEBUG org.asynchttpclient.netty.channel.ChannelManager - Adding key: http://localhost:28047 for channel [id: 0xff951329, L:/127.0.0.1:58522 - R:localhost/127.0.0.1:28047]
20:27:06.214 [main] DEBUG net.serenitybdd.core.photography.Darkroom - Send negative for processing for target\site\serenity\85446e21ab8d1cab1d8fa851f988a124ea79d354f082c45652aac6dee1624018.png
20:27:06.214 [main] DEBUG net.thucydides.core.steps.StepInterceptor - STEP DONE: checkBackButtonExist
20:27:06.214 [Darkroom Processing Line] DEBUG net.serenitybdd.core.photography.DarkroomProcessingLine - Processing screenshot image in /var/screenshots/screenshot-17331834259532734352
20:27:06.214 [Darkroom Processing Line] DEBUG net.serenitybdd.core.photography.DarkroomProcessingLine - Saving screenshot to target\site\serenity\85446e21ab8d1cab1d8fa851f988a124ea79d354f082c45652aac6dee1624018.png
  &amp#27;[32mThen &amp#27;[0m&amp#27;[32mI will be directed to finish transaction page&amp#27;[0m                 &amp#27;[90m# starter.stepDefinitions.OrderSteps.i_will_be_directed_to_finish_transaction_page()&amp#27;[0m
20:27:06.280 [Driver Command Executor] DEBUG org.asynchttpclient.netty.request.NettyRequestSender - Using pooled Channel '[id: 0xff951329, L:/127.0.0.1:58522 - R:localhost/127.0.0.1:28047]' for 'DELETE' to 'http://localhost:28047/session/a409c7c10b080fdf0c38ae745d504916'
20:27:06.280 [Driver Command Executor] DEBUG org.asynchttpclient.netty.request.NettyRequestSender - Using open Channel [id: 0xff951329, L:/127.0.0.1:58522 - R:localhost/127.0.0.1:28047] for DELETE '/session/a409c7c10b080fdf0c38ae745d504916'
20:27:06.350 [AsyncHttpClient-1-3] DEBUG org.asynchttpclient.netty.handler.HttpHandler - Unexpected I/O exception on channel [id: 0xba5c9247, L:/127.0.0.1:58530 - R:localhost/127.0.0.1:58524]
java.net.SocketException: Connection reset
	at java.base/sun.nio.ch.SocketChannelImpl.throwConnectionReset(SocketChannelImpl.java:401)
	at java.base/sun.nio.ch.SocketChannelImpl.read(SocketChannelImpl.java:434)
	at io.netty.buffer.PooledByteBuf.setBytes(PooledByteBuf.java:259)
	at io.netty.buffer.AbstractByteBuf.writeBytes(AbstractByteBuf.java:1132)
	at io.netty.channel.socket.nio.NioSocketChannel.doReadBytes(NioSocketChannel.java:357)
	at io.netty.channel.nio.AbstractNioByteChannel$NioByteUnsafe.read(AbstractNioByteChannel.java:151)
	at io.netty.channel.nio.NioEventLoop.processSelectedKey(NioEventLoop.java:788)
	at io.netty.channel.nio.NioEventLoop.processSelectedKeysOptimized(NioEventLoop.java:724)
	at io.netty.channel.nio.NioEventLoop.processSelectedKeys(NioEventLoop.java:650)
	at io.netty.channel.nio.NioEventLoop.run(NioEventLoop.java:562)
	at io.netty.util.concurrent.SingleThreadEventExecutor$4.run(SingleThreadEventExecutor.java:997)
	at io.netty.util.internal.ThreadExecutorMap$2.run(ThreadExecutorMap.java:74)
	at io.netty.util.concurrent.FastThreadLocalRunnable.run(FastThreadLocalRunnable.java:30)
	at java.base/java.lang.Thread.run(Thread.java:1589)
20:27:06.350 [AsyncHttpClient-1-4] DEBUG org.asynchttpclient.netty.handler.WebSocketHandler - Unexpected I/O exception on channel [id: 0xfc1a4d81, L:/127.0.0.1:58531 - R:localhost/127.0.0.1:58524]
java.net.SocketException: Connection reset
	at java.base/sun.nio.ch.SocketChannelImpl.throwConnectionReset(SocketChannelImpl.java:401)
	at java.base/sun.nio.ch.SocketChannelImpl.read(SocketChannelImpl.java:434)
	at io.netty.buffer.PooledByteBuf.setBytes(PooledByteBuf.java:259)
	at io.netty.buffer.AbstractByteBuf.writeBytes(AbstractByteBuf.java:1132)
	at io.netty.channel.socket.nio.NioSocketChannel.doReadBytes(NioSocketChannel.java:357)
	at io.netty.channel.nio.AbstractNioByteChannel$NioByteUnsafe.read(AbstractNioByteChannel.java:151)
	at io.netty.channel.nio.NioEventLoop.processSelectedKey(NioEventLoop.java:788)
	at io.netty.channel.nio.NioEventLoop.processSelectedKeysOptimized(NioEventLoop.java:724)
	at io.netty.channel.nio.NioEventLoop.processSelectedKeys(NioEventLoop.java:650)
	at io.netty.channel.nio.NioEventLoop.run(NioEventLoop.java:562)
	at io.netty.util.concurrent.SingleThreadEventExecutor$4.run(SingleThreadEventExecutor.java:997)
	at io.netty.util.internal.ThreadExecutorMap$2.run(ThreadExecutorMap.java:74)
	at io.netty.util.concurrent.FastThreadLocalRunnable.run(FastThreadLocalRunnable.java:30)
	at java.base/java.lang.Thread.run(Thread.java:1589)
20:27:06.350 [AsyncHttpClient-1-3] DEBUG org.asynchttpclient.netty.channel.ChannelManager - Closing Channel [id: 0xba5c9247, L:/127.0.0.1:58530 - R:localhost/127.0.0.1:58524] 
20:27:06.351 [AsyncHttpClient-1-4] DEBUG org.asynchttpclient.netty.handler.WebSocketHandler - Was unable to recover Future: NettyResponseFuture{currentRetry=0,
	isDone=1,
	isCancelled=0,
	asyncHandler=org.asynchttpclient.ws.WebSocketUpgradeHandler@69e5305e,
	nettyRequest=org.asynchttpclient.netty.request.NettyRequest@4a283387,
	future=java.util.concurrent.CompletableFuture@2eefb089[Completed normally],
	uri=ws://localhost:58524/devtools/browser/83b2d5cb-e3d9-4239-af44-a706d639314e,
	keepAlive=true,
	redirectCount=0,
	timeoutsHolder=null,
	inAuth=0,
	touch=1680614826350}
20:27:06.351 [AsyncHttpClient-1-4] DEBUG org.asynchttpclient.netty.channel.ChannelManager - Closing Channel [id: 0xfc1a4d81, L:/127.0.0.1:58531 - R:localhost/127.0.0.1:58524] 
20:27:06.351 [AsyncHttpClient-1-4] WARN org.asynchttpclient.netty.handler.WebSocketHandler - onError
java.net.SocketException: Connection reset
	at java.base/sun.nio.ch.SocketChannelImpl.throwConnectionReset(SocketChannelImpl.java:401)
	at java.base/sun.nio.ch.SocketChannelImpl.read(SocketChannelImpl.java:434)
	at io.netty.buffer.PooledByteBuf.setBytes(PooledByteBuf.java:259)
	at io.netty.buffer.AbstractByteBuf.writeBytes(AbstractByteBuf.java:1132)
	at io.netty.channel.socket.nio.NioSocketChannel.doReadBytes(NioSocketChannel.java:357)
	at io.netty.channel.nio.AbstractNioByteChannel$NioByteUnsafe.read(AbstractNioByteChannel.java:151)
	at io.netty.channel.nio.NioEventLoop.processSelectedKey(NioEventLoop.java:788)
	at io.netty.channel.nio.NioEventLoop.processSelectedKeysOptimized(NioEventLoop.java:724)
	at io.netty.channel.nio.NioEventLoop.processSelectedKeys(NioEventLoop.java:650)
	at io.netty.channel.nio.NioEventLoop.run(NioEventLoop.java:562)
	at io.netty.util.concurrent.SingleThreadEventExecutor$4.run(SingleThreadEventExecutor.java:997)
	at io.netty.util.internal.ThreadExecutorMap$2.run(ThreadExecutorMap.java:74)
	at io.netty.util.concurrent.FastThreadLocalRunnable.run(FastThreadLocalRunnable.java:30)
	at java.base/java.lang.Thread.run(Thread.java:1589)
20:27:06.352 [AsyncHttpClient-1-3] DEBUG org.asynchttpclient.netty.handler.HttpHandler - Channel Closed: [id: 0xba5c9247, L:/127.0.0.1:58530 ! R:localhost/127.0.0.1:58524] with attribute DISCARD
20:27:06.353 [AsyncHttpClient-1-4] DEBUG org.asynchttpclient.netty.channel.ChannelManager - Closing Channel [id: 0xfc1a4d81, L:/127.0.0.1:58531 ! R:localhost/127.0.0.1:58524] 
20:27:06.353 [AsyncHttpClient-1-4] DEBUG org.asynchttpclient.netty.handler.WebSocketHandler - Channel Closed: [id: 0xfc1a4d81, L:/127.0.0.1:58531 ! R:localhost/127.0.0.1:58524] with attribute DISCARD
20:27:06.391 [AsyncHttpClient-1-2] DEBUG org.asynchttpclient.netty.handler.HttpHandler - 

Request DefaultFullHttpRequest(decodeResult: success, version: HTTP/1.1, content: EmptyByteBufBE)
DELETE /session/a409c7c10b080fdf0c38ae745d504916 HTTP/1.1
User-Agent: selenium/4.8.1 (java windows)
Content-Type: application/json; charset=utf-8
host: localhost:28047
accept: */*

Response DefaultHttpResponse(decodeResult: success, version: HTTP/1.1)
HTTP/1.1 200 OK
Content-Length: 14
Content-Type: application/json; charset=utf-8
cache-control: no-cache

20:27:06.391 [AsyncHttpClient-1-2] DEBUG org.asynchttpclient.netty.channel.ChannelManager - Adding key: http://localhost:28047 for channel [id: 0xff951329, L:/127.0.0.1:58522 - R:localhost/127.0.0.1:28047]
20:27:06.469 [AsyncHttpClient-1-2] DEBUG org.asynchttpclient.netty.handler.HttpHandler - Channel Closed: [id: 0xff951329, L:/127.0.0.1:58522 ! R:localhost/127.0.0.1:28047] with attribute DISCARD
20:27:06.531 [main] INFO  - 
  _____   ___   ___   _____     ___     _     ___   ___   ___   ___  
 |_   _| | __| / __| |_   _|   | _ \   /_\   / __| / __| | __| |   \ 
   | |   | _|  \__ \   | |     |  _/  / _ \  \__ \ \__ \ | _|  | |) |
   |_|   |___| |___/   |_|     |_|   /_/ \_\ |___/ |___/ |___| |___/ 

As a user i want to be able to order pulsa product
----------------------------------------------------------------------
]]></system-out>
    <system-err><![CDATA[Starting ChromeDriver 111.0.5563.64 (c710e93d5b63b7095afe8c2c17df34408078439d-refs/branch-heads/5563@{#995}) on port 28047
Only local connections are allowed.
Please see https://chromedriver.chromium.org/security-considerations for suggestions on keeping ChromeDriver safe.
ChromeDriver was started successfully.
Apr 04, 2023 8:26:51 PM org.openqa.selenium.devtools.CdpVersionFinder findNearestMatch
WARNING: Unable to find an exact match for CDP version 111, so returning the closest version found: 110
Apr 04, 2023 8:27:06 PM org.openqa.selenium.remote.http.WebSocket$Listener onError
WARNING: Connection reset
java.net.SocketException: Connection reset
	at java.base/sun.nio.ch.SocketChannelImpl.throwConnectionReset(SocketChannelImpl.java:401)
	at java.base/sun.nio.ch.SocketChannelImpl.read(SocketChannelImpl.java:434)
	at io.netty.buffer.PooledByteBuf.setBytes(PooledByteBuf.java:259)
	at io.netty.buffer.AbstractByteBuf.writeBytes(AbstractByteBuf.java:1132)
	at io.netty.channel.socket.nio.NioSocketChannel.doReadBytes(NioSocketChannel.java:357)
	at io.netty.channel.nio.AbstractNioByteChannel$NioByteUnsafe.read(AbstractNioByteChannel.java:151)
	at io.netty.channel.nio.NioEventLoop.processSelectedKey(NioEventLoop.java:788)
	at io.netty.channel.nio.NioEventLoop.processSelectedKeysOptimized(NioEventLoop.java:724)
	at io.netty.channel.nio.NioEventLoop.processSelectedKeys(NioEventLoop.java:650)
	at io.netty.channel.nio.NioEventLoop.run(NioEventLoop.java:562)
	at io.netty.util.concurrent.SingleThreadEventExecutor$4.run(SingleThreadEventExecutor.java:997)
	at io.netty.util.internal.ThreadExecutorMap$2.run(ThreadExecutorMap.java:74)
	at io.netty.util.concurrent.FastThreadLocalRunnable.run(FastThreadLocalRunnable.java:30)
	at java.base/java.lang.Thread.run(Thread.java:1589)

]]></system-err>
  </testcase>
</testsuite>