<?xml version="1.0" encoding="UTF-8"?>
<testsuite xmlns:xsi="http://www.w3.org/2001/XMLSchema-instance" xsi:noNamespaceSchemaLocation="https://maven.apache.org/surefire/maven-failsafe-plugin/xsd/failsafe-test-report-3.0.xsd" version="3.0" name="starter.CucumberTestSuite" time="80.049" tests="14" errors="0" skipped="0" failures="0">
  <properties>
    <property name="java.specification.version" value="19"/>
    <property name="webdriver.chrome.driver" value="C:\Users\TrisetioPutra\.cache\selenium\chromedriver\win32\111.0.5563.64\chromedriver.exe"/>
    <property name="sun.cpu.isalist" value="amd64"/>
    <property name="sun.jnu.encoding" value="Cp1252"/>
    <property name="java.class.path" value="C:\Users\TrisetioPutra\Documents\serenity_sauce\serenity-sauce-demo\target\test-classes;C:\Users\TrisetioPutra\.m2\repository\net\serenity-bdd\serenity-core\3.6.21\serenity-core-3.6.21.jar;C:\Users\TrisetioPutra\.m2\repository\net\serenity-bdd\serenity-model\3.6.21\serenity-model-3.6.21.jar;C:\Users\TrisetioPutra\.m2\repository\org\apache\commons\commons-text\1.10.0\commons-text-1.10.0.jar;C:\Users\TrisetioPutra\.m2\repository\commons-net\commons-net\3.9.0\commons-net-3.9.0.jar;C:\Users\TrisetioPutra\.m2\repository\com\google\guava\guava\31.1-jre\guava-31.1-jre.jar;C:\Users\TrisetioPutra\.m2\repository\com\google\guava\failureaccess\1.0.1\failureaccess-1.0.1.jar;C:\Users\TrisetioPutra\.m2\repository\com\google\guava\listenablefuture\9999.0-empty-to-avoid-conflict-with-guava\listenablefuture-9999.0-empty-to-avoid-conflict-with-guava.jar;C:\Users\TrisetioPutra\.m2\repository\com\google\code\findbugs\jsr305\3.0.2\jsr305-3.0.2.jar;C:\Users\TrisetioPutra\.m2\repository\org\checkerframework\checker-qual\3.12.0\checker-qual-3.12.0.jar;C:\Users\TrisetioPutra\.m2\repository\com\google\errorprone\error_prone_annotations\2.11.0\error_prone_annotations-2.11.0.jar;C:\Users\TrisetioPutra\.m2\repository\com\google\j2objc\j2objc-annotations\1.3\j2objc-annotations-1.3.jar;C:\Users\TrisetioPutra\.m2\repository\com\google\inject\guice\5.1.0\guice-5.1.0.jar;C:\Users\TrisetioPutra\.m2\repository\javax\inject\javax.inject\1\javax.inject-1.jar;C:\Users\TrisetioPutra\.m2\repository\aopalliance\aopalliance\1.0\aopalliance-1.0.jar;C:\Users\TrisetioPutra\.m2\repository\org\jsoup\jsoup\1.14.3\jsoup-1.14.3.jar;C:\Users\TrisetioPutra\.m2\repository\com\thoughtworks\xstream\xstream\1.4.20\xstream-1.4.20.jar;C:\Users\TrisetioPutra\.m2\repository\io\github\x-stream\mxparser\1.2.2\mxparser-1.2.2.jar;C:\Users\TrisetioPutra\.m2\repository\xmlpull\xmlpull\1.1.3.1\xmlpull-1.1.3.1.jar;C:\Users\TrisetioPutra\.m2\repository\com\typesafe\config\1.4.2\config-1.4.2.jar;C:\Users\TrisetioPutra\.m2\repository\org\imgscalr\imgscalr-lib\4.2\imgscalr-lib-4.2.jar;C:\Users\TrisetioPutra\.m2\repository\org\awaitility\awaitility\4.2.0\awaitility-4.2.0.jar;C:\Users\TrisetioPutra\.m2\repository\org\freemarker\freemarker\2.3.31\freemarker-2.3.31.jar;C:\Users\TrisetioPutra\.m2\repository\io\github\classgraph\classgraph\4.8.138\classgraph-4.8.138.jar;C:\Users\TrisetioPutra\.m2\repository\net\sourceforge\jexcelapi\jxl\2.6.12\jxl-2.6.12.jar;C:\Users\TrisetioPutra\.m2\repository\net\bytebuddy\byte-buddy-agent\1.14.2\byte-buddy-agent-1.14.2.jar;C:\Users\TrisetioPutra\.m2\repository\org\objenesis\objenesis\3.3\objenesis-3.3.jar;C:\Users\TrisetioPutra\.m2\repository\net\serenity-bdd\serenity-reports\3.6.21\serenity-reports-3.6.21.jar;C:\Users\TrisetioPutra\.m2\repository\net\serenity-bdd\serenity-stats\3.6.21\serenity-stats-3.6.21.jar;C:\Users\TrisetioPutra\.m2\repository\net\serenity-bdd\serenity-reports-configuration\3.6.21\serenity-reports-configuration-3.6.21.jar;C:\Users\TrisetioPutra\.m2\repository\com\vladsch\flexmark\flexmark-all\0.62.2\flexmark-all-0.62.2.jar;C:\Users\TrisetioPutra\.m2\repository\com\vladsch\flexmark\flexmark\0.62.2\flexmark-0.62.2.jar;C:\Users\TrisetioPutra\.m2\repository\com\vladsch\flexmark\flexmark-ext-abbreviation\0.62.2\flexmark-ext-abbreviation-0.62.2.jar;C:\Users\TrisetioPutra\.m2\repository\com\vladsch\flexmark\flexmark-util\0.62.2\flexmark-util-0.62.2.jar;C:\Users\TrisetioPutra\.m2\repository\com\vladsch\flexmark\flexmark-ext-admonition\0.62.2\flexmark-ext-admonition-0.62.2.jar;C:\Users\TrisetioPutra\.m2\repository\com\vladsch\flexmark\flexmark-ext-anchorlink\0.62.2\flexmark-ext-anchorlink-0.62.2.jar;C:\Users\TrisetioPutra\.m2\repository\com\vladsch\flexmark\flexmark-ext-aside\0.62.2\flexmark-ext-aside-0.62.2.jar;C:\Users\TrisetioPutra\.m2\repository\com\vladsch\flexmark\flexmark-ext-attributes\0.62.2\flexmark-ext-attributes-0.62.2.jar;C:\Users\TrisetioPutra\.m2\repository\com\vladsch\flexmark\flexmark-ext-autolink\0.62.2\flexmark-ext-autolink-0.62.2.jar;C:\Users\TrisetioPutra\.m2\repository\org\nibor\autolink\autolink\0.6.0\autolink-0.6.0.jar;C:\Users\TrisetioPutra\.m2\repository\com\vladsch\flexmark\flexmark-ext-definition\0.62.2\flexmark-ext-definition-0.62.2.jar;C:\Users\TrisetioPutra\.m2\repository\com\vladsch\flexmark\flexmark-ext-emoji\0.62.2\flexmark-ext-emoji-0.62.2.jar;C:\Users\TrisetioPutra\.m2\repository\com\vladsch\flexmark\flexmark-ext-enumerated-reference\0.62.2\flexmark-ext-enumerated-reference-0.62.2.jar;C:\Users\TrisetioPutra\.m2\repository\com\vladsch\flexmark\flexmark-ext-escaped-character\0.62.2\flexmark-ext-escaped-character-0.62.2.jar;C:\Users\TrisetioPutra\.m2\repository\com\vladsch\flexmark\flexmark-ext-footnotes\0.62.2\flexmark-ext-footnotes-0.62.2.jar;C:\Users\TrisetioPutra\.m2\repository\com\vladsch\flexmark\flexmark-ext-gfm-issues\0.62.2\flexmark-ext-gfm-issues-0.62.2.jar;C:\Users\TrisetioPutra\.m2\repository\com\vladsch\flexmark\flexmark-ext-gfm-strikethrough\0.62.2\flexmark-ext-gfm-strikethrough-0.62.2.jar;C:\Users\TrisetioPutra\.m2\repository\com\vladsch\flexmark\flexmark-ext-gfm-tasklist\0.62.2\flexmark-ext-gfm-tasklist-0.62.2.jar;C:\Users\TrisetioPutra\.m2\repository\com\vladsch\flexmark\flexmark-ext-gfm-users\0.62.2\flexmark-ext-gfm-users-0.62.2.jar;C:\Users\TrisetioPutra\.m2\repository\com\vladsch\flexmark\flexmark-ext-gitlab\0.62.2\flexmark-ext-gitlab-0.62.2.jar;C:\Users\TrisetioPutra\.m2\repository\com\vladsch\flexmark\flexmark-ext-jekyll-front-matter\0.62.2\flexmark-ext-jekyll-front-matter-0.62.2.jar;C:\Users\TrisetioPutra\.m2\repository\com\vladsch\flexmark\flexmark-ext-jekyll-tag\0.62.2\flexmark-ext-jekyll-tag-0.62.2.jar;C:\Users\TrisetioPutra\.m2\repository\com\vladsch\flexmark\flexmark-ext-media-tags\0.62.2\flexmark-ext-media-tags-0.62.2.jar;C:\Users\TrisetioPutra\.m2\repository\com\vladsch\flexmark\flexmark-ext-macros\0.62.2\flexmark-ext-macros-0.62.2.jar;C:\Users\TrisetioPutra\.m2\repository\com\vladsch\flexmark\flexmark-ext-ins\0.62.2\flexmark-ext-ins-0.62.2.jar;C:\Users\TrisetioPutra\.m2\repository\com\vladsch\flexmark\flexmark-ext-xwiki-macros\0.62.2\flexmark-ext-xwiki-macros-0.62.2.jar;C:\Users\TrisetioPutra\.m2\repository\com\vladsch\flexmark\flexmark-ext-superscript\0.62.2\flexmark-ext-superscript-0.62.2.jar;C:\Users\TrisetioPutra\.m2\repository\com\vladsch\flexmark\flexmark-ext-tables\0.62.2\flexmark-ext-tables-0.62.2.jar;C:\Users\TrisetioPutra\.m2\repository\com\vladsch\flexmark\flexmark-ext-toc\0.62.2\flexmark-ext-toc-0.62.2.jar;C:\Users\TrisetioPutra\.m2\repository\com\vladsch\flexmark\flexmark-ext-typographic\0.62.2\flexmark-ext-typographic-0.62.2.jar;C:\Users\TrisetioPutra\.m2\repository\com\vladsch\flexmark\flexmark-ext-wikilink\0.62.2\flexmark-ext-wikilink-0.62.2.jar;C:\Users\TrisetioPutra\.m2\repository\com\vladsch\flexmark\flexmark-ext-yaml-front-matter\0.62.2\flexmark-ext-yaml-front-matter-0.62.2.jar;C:\Users\TrisetioPutra\.m2\repository\com\vladsch\flexmark\flexmark-ext-youtube-embedded\0.62.2\flexmark-ext-youtube-embedded-0.62.2.jar;C:\Users\TrisetioPutra\.m2\repository\com\vladsch\flexmark\flexmark-html2md-converter\0.62.2\flexmark-html2md-converter-0.62.2.jar;C:\Users\TrisetioPutra\.m2\repository\com\vladsch\flexmark\flexmark-jira-converter\0.62.2\flexmark-jira-converter-0.62.2.jar;C:\Users\TrisetioPutra\.m2\repository\com\vladsch\flexmark\flexmark-pdf-converter\0.62.2\flexmark-pdf-converter-0.62.2.jar;C:\Users\TrisetioPutra\.m2\repository\com\openhtmltopdf\openhtmltopdf-core\1.0.0\openhtmltopdf-core-1.0.0.jar;C:\Users\TrisetioPutra\.m2\repository\com\openhtmltopdf\openhtmltopdf-pdfbox\1.0.0\openhtmltopdf-pdfbox-1.0.0.jar;C:\Users\TrisetioPutra\.m2\repository\org\apache\pdfbox\pdfbox\2.0.16\pdfbox-2.0.16.jar;C:\Users\TrisetioPutra\.m2\repository\org\apache\pdfbox\fontbox\2.0.16\fontbox-2.0.16.jar;C:\Users\TrisetioPutra\.m2\repository\org\apache\pdfbox\xmpbox\2.0.16\xmpbox-2.0.16.jar;C:\Users\TrisetioPutra\.m2\repository\de\rototor\pdfbox\graphics2d\0.24\graphics2d-0.24.jar;C:\Users\TrisetioPutra\.m2\repository\com\openhtmltopdf\openhtmltopdf-rtl-support\1.0.0\openhtmltopdf-rtl-support-1.0.0.jar;C:\Users\TrisetioPutra\.m2\repository\com\openhtmltopdf\openhtmltopdf-jsoup-dom-converter\1.0.0\openhtmltopdf-jsoup-dom-converter-1.0.0.jar;C:\Users\TrisetioPutra\.m2\repository\com\vladsch\flexmark\flexmark-profile-pegdown\0.62.2\flexmark-profile-pegdown-0.62.2.jar;C:\Users\TrisetioPutra\.m2\repository\com\vladsch\flexmark\flexmark-util-ast\0.62.2\flexmark-util-ast-0.62.2.jar;C:\Users\TrisetioPutra\.m2\repository\com\vladsch\flexmark\flexmark-util-builder\0.62.2\flexmark-util-builder-0.62.2.jar;C:\Users\TrisetioPutra\.m2\repository\com\vladsch\flexmark\flexmark-util-collection\0.62.2\flexmark-util-collection-0.62.2.jar;C:\Users\TrisetioPutra\.m2\repository\com\vladsch\flexmark\flexmark-util-data\0.62.2\flexmark-util-data-0.62.2.jar;C:\Users\TrisetioPutra\.m2\repository\com\vladsch\flexmark\flexmark-util-dependency\0.62.2\flexmark-util-dependency-0.62.2.jar;C:\Users\TrisetioPutra\.m2\repository\com\vladsch\flexmark\flexmark-util-format\0.62.2\flexmark-util-format-0.62.2.jar;C:\Users\TrisetioPutra\.m2\repository\com\vladsch\flexmark\flexmark-util-html\0.62.2\flexmark-util-html-0.62.2.jar;C:\Users\TrisetioPutra\.m2\repository\com\vladsch\flexmark\flexmark-util-misc\0.62.2\flexmark-util-misc-0.62.2.jar;C:\Users\TrisetioPutra\.m2\repository\com\vladsch\flexmark\flexmark-util-options\0.62.2\flexmark-util-options-0.62.2.jar;C:\Users\TrisetioPutra\.m2\repository\com\vladsch\flexmark\flexmark-util-sequence\0.62.2\flexmark-util-sequence-0.62.2.jar;C:\Users\TrisetioPutra\.m2\repository\com\vladsch\flexmark\flexmark-util-visitor\0.62.2\flexmark-util-visitor-0.62.2.jar;C:\Users\TrisetioPutra\.m2\repository\com\vladsch\flexmark\flexmark-youtrack-converter\0.62.2\flexmark-youtrack-converter-0.62.2.jar;C:\Users\TrisetioPutra\.m2\repository\com\ibm\icu\icu4j\72.1\icu4j-72.1.jar;C:\Users\TrisetioPutra\.m2\repository\es\nitaur\markdown\txtmark\0.16\txtmark-0.16.jar;C:\Users\TrisetioPutra\.m2\repository\net\serenity-bdd\serenity-report-resources\3.6.21\serenity-report-resources-3.6.21.jar;C:\Users\TrisetioPutra\.m2\repository\com\google\code\gson\gson\2.10.1\gson-2.10.1.jar;C:\Users\TrisetioPutra\.m2\repository\com\fasterxml\jackson\core\jackson-core\2.15.0-rc1\jackson-core-2.15.0-rc1.jar;C:\Users\TrisetioPutra\.m2\repository\com\fasterxml\jackson\core\jackson-databind\2.15.0-rc1\jackson-databind-2.15.0-rc1.jar;C:\Users\TrisetioPutra\.m2\repository\com\fasterxml\jackson\core\jackson-annotations\2.15.0-rc1\jackson-annotations-2.15.0-rc1.jar;C:\Users\TrisetioPutra\.m2\repository\commons-codec\commons-codec\1.15\commons-codec-1.15.jar;C:\Users\TrisetioPutra\.m2\repository\commons-io\commons-io\2.11.0\commons-io-2.11.0.jar;C:\Users\TrisetioPutra\.m2\repository\org\apache\httpcomponents\httpclient\4.5.13\httpclient-4.5.13.jar;C:\Users\TrisetioPutra\.m2\repository\org\apache\httpcomponents\httpcore\4.4.13\httpcore-4.4.13.jar;C:\Users\TrisetioPutra\.m2\repository\commons-logging\commons-logging\1.2\commons-logging-1.2.jar;C:\Users\TrisetioPutra\.m2\repository\org\seleniumhq\selenium\selenium-java\4.8.1\selenium-java-4.8.1.jar;C:\Users\TrisetioPutra\.m2\repository\org\seleniumhq\selenium\selenium-devtools-v108\4.8.1\selenium-devtools-v108-4.8.1.jar;C:\Users\TrisetioPutra\.m2\repository\org\seleniumhq\selenium\selenium-devtools-v109\4.8.1\selenium-devtools-v109-4.8.1.jar;C:\Users\TrisetioPutra\.m2\repository\org\seleniumhq\selenium\selenium-devtools-v110\4.8.1\selenium-devtools-v110-4.8.1.jar;C:\Users\TrisetioPutra\.m2\repository\org\seleniumhq\selenium\selenium-devtools-v85\4.8.1\selenium-devtools-v85-4.8.1.jar;C:\Users\TrisetioPutra\.m2\repository\org\seleniumhq\selenium\selenium-remote-driver\4.8.1\selenium-remote-driver-4.8.1.jar;C:\Users\TrisetioPutra\.m2\repository\com\beust\jcommander\1.82\jcommander-1.82.jar;C:\Users\TrisetioPutra\.m2\repository\io\netty\netty-buffer\4.1.87.Final\netty-buffer-4.1.87.Final.jar;C:\Users\TrisetioPutra\.m2\repository\io\netty\netty-codec-http\4.1.87.Final\netty-codec-http-4.1.87.Final.jar;C:\Users\TrisetioPutra\.m2\repository\io\netty\netty-codec\4.1.87.Final\netty-codec-4.1.87.Final.jar;C:\Users\TrisetioPutra\.m2\repository\io\netty\netty-handler\4.1.87.Final\netty-handler-4.1.87.Final.jar;C:\Users\TrisetioPutra\.m2\repository\io\netty\netty-common\4.1.87.Final\netty-common-4.1.87.Final.jar;C:\Users\TrisetioPutra\.m2\repository\io\netty\netty-transport-classes-epoll\4.1.87.Final\netty-transport-classes-epoll-4.1.87.Final.jar;C:\Users\TrisetioPutra\.m2\repository\io\netty\netty-transport-classes-kqueue\4.1.87.Final\netty-transport-classes-kqueue-4.1.87.Final.jar;C:\Users\TrisetioPutra\.m2\repository\io\netty\netty-transport-native-epoll\4.1.87.Final\netty-transport-native-epoll-4.1.87.Final.jar;C:\Users\TrisetioPutra\.m2\repository\io\netty\netty-transport-native-kqueue\4.1.87.Final\netty-transport-native-kqueue-4.1.87.Final.jar;C:\Users\TrisetioPutra\.m2\repository\io\netty\netty-transport-native-unix-common\4.1.87.Final\netty-transport-native-unix-common-4.1.87.Final.jar;C:\Users\TrisetioPutra\.m2\repository\io\netty\netty-transport\4.1.87.Final\netty-transport-4.1.87.Final.jar;C:\Users\TrisetioPutra\.m2\repository\io\netty\netty-resolver\4.1.87.Final\netty-resolver-4.1.87.Final.jar;C:\Users\TrisetioPutra\.m2\repository\io\opentelemetry\opentelemetry-api\1.22.0\opentelemetry-api-1.22.0.jar;C:\Users\TrisetioPutra\.m2\repository\io\opentelemetry\opentelemetry-context\1.22.0\opentelemetry-context-1.22.0.jar;C:\Users\TrisetioPutra\.m2\repository\io\opentelemetry\opentelemetry-exporter-logging\1.22.0\opentelemetry-exporter-logging-1.22.0.jar;C:\Users\TrisetioPutra\.m2\repository\io\opentelemetry\opentelemetry-sdk-metrics\1.22.0\opentelemetry-sdk-metrics-1.22.0.jar;C:\Users\TrisetioPutra\.m2\repository\io\opentelemetry\opentelemetry-sdk-logs\1.22.0-alpha\opentelemetry-sdk-logs-1.22.0-alpha.jar;C:\Users\TrisetioPutra\.m2\repository\io\opentelemetry\opentelemetry-api-logs\1.22.0-alpha\opentelemetry-api-logs-1.22.0-alpha.jar;C:\Users\TrisetioPutra\.m2\repository\io\opentelemetry\opentelemetry-sdk-common\1.22.0\opentelemetry-sdk-common-1.22.0.jar;C:\Users\TrisetioPutra\.m2\repository\io\opentelemetry\opentelemetry-sdk-extension-autoconfigure-spi\1.22.0\opentelemetry-sdk-extension-autoconfigure-spi-1.22.0.jar;C:\Users\TrisetioPutra\.m2\repository\io\opentelemetry\opentelemetry-sdk-extension-autoconfigure\1.22.0-alpha\opentelemetry-sdk-extension-autoconfigure-1.22.0-alpha.jar;C:\Users\TrisetioPutra\.m2\repository\io\opentelemetry\opentelemetry-sdk-trace\1.22.0\opentelemetry-sdk-trace-1.22.0.jar;C:\Users\TrisetioPutra\.m2\repository\io\opentelemetry\opentelemetry-sdk\1.22.0\opentelemetry-sdk-1.22.0.jar;C:\Users\TrisetioPutra\.m2\repository\io\opentelemetry\opentelemetry-semconv\1.22.0-alpha\opentelemetry-semconv-1.22.0-alpha.jar;C:\Users\TrisetioPutra\.m2\repository\io\ous\jtoml\2.0.0\jtoml-2.0.0.jar;C:\Users\TrisetioPutra\.m2\repository\org\apache\commons\commons-exec\1.3\commons-exec-1.3.jar;C:\Users\TrisetioPutra\.m2\repository\org\asynchttpclient\async-http-client\2.12.3\async-http-client-2.12.3.jar;C:\Users\TrisetioPutra\.m2\repository\org\asynchttpclient\async-http-client-netty-utils\2.12.3\async-http-client-netty-utils-2.12.3.jar;C:\Users\TrisetioPutra\.m2\repository\io\netty\netty-codec-socks\4.1.60.Final\netty-codec-socks-4.1.60.Final.jar;C:\Users\TrisetioPutra\.m2\repository\io\netty\netty-handler-proxy\4.1.60.Final\netty-handler-proxy-4.1.60.Final.jar;C:\Users\TrisetioPutra\.m2\repository\io\netty\netty-transport-native-epoll\4.1.60.Final\netty-transport-native-epoll-4.1.60.Final-linux-x86_64.jar;C:\Users\TrisetioPutra\.m2\repository\io\netty\netty-transport-native-kqueue\4.1.60.Final\netty-transport-native-kqueue-4.1.60.Final-osx-x86_64.jar;C:\Users\TrisetioPutra\.m2\repository\org\reactivestreams\reactive-streams\1.0.3\reactive-streams-1.0.3.jar;C:\Users\TrisetioPutra\.m2\repository\com\typesafe\netty\netty-reactive-streams\2.0.4\netty-reactive-streams-2.0.4.jar;C:\Users\TrisetioPutra\.m2\repository\org\seleniumhq\selenium\selenium-manager\4.8.1\selenium-manager-4.8.1.jar;C:\Users\TrisetioPutra\.m2\repository\org\seleniumhq\selenium\selenium-safari-driver\4.8.1\selenium-safari-driver-4.8.1.jar;C:\Users\TrisetioPutra\.m2\repository\org\seleniumhq\selenium\selenium-api\4.8.1\selenium-api-4.8.1.jar;C:\Users\TrisetioPutra\.m2\repository\org\seleniumhq\selenium\selenium-support\4.8.1\selenium-support-4.8.1.jar;C:\Users\TrisetioPutra\.m2\repository\com\google\auto\service\auto-service-annotations\1.0.1\auto-service-annotations-1.0.1.jar;C:\Users\TrisetioPutra\.m2\repository\com\google\auto\service\auto-service\1.0.1\auto-service-1.0.1.jar;C:\Users\TrisetioPutra\.m2\repository\com\google\auto\auto-common\1.2\auto-common-1.2.jar;C:\Users\TrisetioPutra\.m2\repository\org\seleniumhq\selenium\selenium-json\4.8.1\selenium-json-4.8.1.jar;C:\Users\TrisetioPutra\.m2\repository\org\seleniumhq\selenium\selenium-chrome-driver\4.8.1\selenium-chrome-driver-4.8.1.jar;C:\Users\TrisetioPutra\.m2\repository\org\seleniumhq\selenium\selenium-chromium-driver\4.8.1\selenium-chromium-driver-4.8.1.jar;C:\Users\TrisetioPutra\.m2\repository\org\seleniumhq\selenium\selenium-firefox-driver\4.8.1\selenium-firefox-driver-4.8.1.jar;C:\Users\TrisetioPutra\.m2\repository\org\seleniumhq\selenium\selenium-http\4.8.1\selenium-http-4.8.1.jar;C:\Users\TrisetioPutra\.m2\repository\dev\failsafe\failsafe\3.3.0\failsafe-3.3.0.jar;C:\Users\TrisetioPutra\.m2\repository\org\seleniumhq\selenium\selenium-edge-driver\4.8.1\selenium-edge-driver-4.8.1.jar;C:\Users\TrisetioPutra\.m2\repository\org\seleniumhq\selenium\selenium-ie-driver\4.8.1\selenium-ie-driver-4.8.1.jar;C:\Users\TrisetioPutra\.m2\repository\org\projectlombok\lombok\1.18.20\lombok-1.18.20.jar;C:\Users\TrisetioPutra\.m2\repository\io\appium\java-client\8.3.0\java-client-8.3.0.jar;C:\Users\TrisetioPutra\.m2\repository\commons-validator\commons-validator\1.7\commons-validator-1.7.jar;C:\Users\TrisetioPutra\.m2\repository\commons-digester\commons-digester\2.1\commons-digester-2.1.jar;C:\Users\TrisetioPutra\.m2\repository\org\apache\groovy\groovy\4.0.10\groovy-4.0.10.jar;C:\Users\TrisetioPutra\.m2\repository\net\sf\opencsv\opencsv\2.0\opencsv-2.0.jar;C:\Users\TrisetioPutra\.m2\repository\commons-beanutils\commons-beanutils\1.9.4\commons-beanutils-1.9.4.jar;C:\Users\TrisetioPutra\.m2\repository\org\apache\commons\commons-lang3\3.12.0\commons-lang3-3.12.0.jar;C:\Users\TrisetioPutra\.m2\repository\commons-collections\commons-collections\3.2.2\commons-collections-3.2.2.jar;C:\Users\TrisetioPutra\.m2\repository\org\fluentlenium\fluentlenium-core\0.10.2\fluentlenium-core-0.10.2.jar;C:\Users\TrisetioPutra\.m2\repository\io\github\bonigarcia\webdrivermanager\5.3.0\webdrivermanager-5.3.0.jar;C:\Users\TrisetioPutra\.m2\repository\com\github\docker-java\docker-java\3.2.13\docker-java-3.2.13.jar;C:\Users\TrisetioPutra\.m2\repository\com\github\docker-java\docker-java-core\3.2.13\docker-java-core-3.2.13.jar;C:\Users\TrisetioPutra\.m2\repository\com\github\docker-java\docker-java-api\3.2.13\docker-java-api-3.2.13.jar;C:\Users\TrisetioPutra\.m2\repository\org\apache\commons\commons-compress\1.21\commons-compress-1.21.jar;C:\Users\TrisetioPutra\.m2\repository\org\bouncycastle\bcpkix-jdk15on\1.64\bcpkix-jdk15on-1.64.jar;C:\Users\TrisetioPutra\.m2\repository\org\bouncycastle\bcprov-jdk15on\1.64\bcprov-jdk15on-1.64.jar;C:\Users\TrisetioPutra\.m2\repository\org\slf4j\jcl-over-slf4j\1.7.30\jcl-over-slf4j-1.7.30.jar;C:\Users\TrisetioPutra\.m2\repository\com\github\docker-java\docker-java-transport-httpclient5\3.2.13\docker-java-transport-httpclient5-3.2.13.jar;C:\Users\TrisetioPutra\.m2\repository\com\github\docker-java\docker-java-transport\3.2.13\docker-java-transport-3.2.13.jar;C:\Users\TrisetioPutra\.m2\repository\net\java\dev\jna\jna\5.8.0\jna-5.8.0.jar;C:\Users\TrisetioPutra\.m2\repository\org\brotli\dec\0.1.2\dec-0.1.2.jar;C:\Users\TrisetioPutra\.m2\repository\org\apache\httpcomponents\client5\httpclient5\5.1.3\httpclient5-5.1.3.jar;C:\Users\TrisetioPutra\.m2\repository\org\apache\httpcomponents\core5\httpcore5\5.1.3\httpcore5-5.1.3.jar;C:\Users\TrisetioPutra\.m2\repository\org\apache\httpcomponents\core5\httpcore5-h2\5.1.3\httpcore5-h2-5.1.3.jar;C:\Users\TrisetioPutra\.m2\repository\com\jhlabs\filters\2.0.235\filters-2.0.235.jar;C:\Users\TrisetioPutra\.m2\repository\com\paulhammant\ngwebdriver\1.1.6\ngwebdriver-1.1.6.jar;C:\Users\TrisetioPutra\.m2\repository\joda-time\joda-time\2.12.2\joda-time-2.12.2.jar;C:\Users\TrisetioPutra\.m2\repository\org\hamcrest\hamcrest\2.2\hamcrest-2.2.jar;C:\Users\TrisetioPutra\.m2\repository\com\google\jimfs\jimfs\1.2\jimfs-1.2.jar;C:\Users\TrisetioPutra\.m2\repository\org\mockito\mockito-core\3.3.3\mockito-core-3.3.3.jar;C:\Users\TrisetioPutra\.m2\repository\javax\xml\bind\jaxb-api\2.3.1\jaxb-api-2.3.1.jar;C:\Users\TrisetioPutra\.m2\repository\javax\activation\javax.activation-api\1.2.0\javax.activation-api-1.2.0.jar;C:\Users\TrisetioPutra\.m2\repository\com\sun\xml\bind\jaxb-core\2.3.0.1\jaxb-core-2.3.0.1.jar;C:\Users\TrisetioPutra\.m2\repository\com\sun\xml\bind\jaxb-impl\2.3.3\jaxb-impl-2.3.3.jar;C:\Users\TrisetioPutra\.m2\repository\jakarta\xml\bind\jakarta.xml.bind-api\2.3.3\jakarta.xml.bind-api-2.3.3.jar;C:\Users\TrisetioPutra\.m2\repository\com\sun\activation\jakarta.activation\1.2.2\jakarta.activation-1.2.2.jar;C:\Users\TrisetioPutra\.m2\repository\javax\activation\activation\1.1.1\activation-1.1.1.jar;C:\Users\TrisetioPutra\.m2\repository\net\serenity-bdd\serenity-cucumber\3.6.21\serenity-cucumber-3.6.21.jar;C:\Users\TrisetioPutra\.m2\repository\io\cucumber\cucumber-core\7.11.0\cucumber-core-7.11.0.jar;C:\Users\TrisetioPutra\.m2\repository\io\cucumber\cucumber-gherkin\7.11.0\cucumber-gherkin-7.11.0.jar;C:\Users\TrisetioPutra\.m2\repository\io\cucumber\cucumber-gherkin-messages\7.11.0\cucumber-gherkin-messages-7.11.0.jar;C:\Users\TrisetioPutra\.m2\repository\io\cucumber\gherkin\26.0.3\gherkin-26.0.3.jar;C:\Users\TrisetioPutra\.m2\repository\io\cucumber\messages\21.0.1\messages-21.0.1.jar;C:\Users\TrisetioPutra\.m2\repository\io\cucumber\tag-expressions\5.0.1\tag-expressions-5.0.1.jar;C:\Users\TrisetioPutra\.m2\repository\io\cucumber\cucumber-expressions\16.1.1\cucumber-expressions-16.1.1.jar;C:\Users\TrisetioPutra\.m2\repository\io\cucumber\datatable\7.11.0\datatable-7.11.0.jar;C:\Users\TrisetioPutra\.m2\repository\io\cucumber\cucumber-plugin\7.11.0\cucumber-plugin-7.11.0.jar;C:\Users\TrisetioPutra\.m2\repository\io\cucumber\docstring\7.11.0\docstring-7.11.0.jar;C:\Users\TrisetioPutra\.m2\repository\io\cucumber\html-formatter\20.2.1\html-formatter-20.2.1.jar;C:\Users\TrisetioPutra\.m2\repository\io\cucumber\junit-xml-formatter\0.1.0\junit-xml-formatter-0.1.0.jar;C:\Users\TrisetioPutra\.m2\repository\io\cucumber\ci-environment\9.1.0\ci-environment-9.1.0.jar;C:\Users\TrisetioPutra\.m2\repository\io\cucumber\cucumber-java\7.11.0\cucumber-java-7.11.0.jar;C:\Users\TrisetioPutra\.m2\repository\io\cucumber\cucumber-junit\7.11.0\cucumber-junit-7.11.0.jar;C:\Users\TrisetioPutra\.m2\repository\org\apache\commons\commons-csv\1.5\commons-csv-1.5.jar;C:\Users\TrisetioPutra\.m2\repository\net\serenity-bdd\serenity-screenplay\3.6.21\serenity-screenplay-3.6.21.jar;C:\Users\TrisetioPutra\.m2\repository\net\serenity-bdd\serenity-screenplay-webdriver\3.6.21\serenity-screenplay-webdriver-3.6.21.jar;C:\Users\TrisetioPutra\.m2\repository\net\serenity-bdd\serenity-ensure\3.6.21\serenity-ensure-3.6.21.jar;C:\Users\TrisetioPutra\.m2\repository\net\serenity-bdd\serenity-junit\3.6.21\serenity-junit-3.6.21.jar;C:\Users\TrisetioPutra\.m2\repository\org\jetbrains\kotlin\kotlin-stdlib\1.8.10\kotlin-stdlib-1.8.10.jar;C:\Users\TrisetioPutra\.m2\repository\org\jetbrains\kotlin\kotlin-stdlib-common\1.8.10\kotlin-stdlib-common-1.8.10.jar;C:\Users\TrisetioPutra\.m2\repository\org\jetbrains\annotations\13.0\annotations-13.0.jar;C:\Users\TrisetioPutra\.m2\repository\org\junit\platform\junit-platform-launcher\1.8.2\junit-platform-launcher-1.8.2.jar;C:\Users\TrisetioPutra\.m2\repository\org\junit\platform\junit-platform-engine\1.8.2\junit-platform-engine-1.8.2.jar;C:\Users\TrisetioPutra\.m2\repository\org\opentest4j\opentest4j\1.2.0\opentest4j-1.2.0.jar;C:\Users\TrisetioPutra\.m2\repository\org\junit\platform\junit-platform-commons\1.8.2\junit-platform-commons-1.8.2.jar;C:\Users\TrisetioPutra\.m2\repository\org\apiguardian\apiguardian-api\1.1.2\apiguardian-api-1.1.2.jar;C:\Users\TrisetioPutra\.m2\repository\org\junit\jupiter\junit-jupiter-engine\5.8.2\junit-jupiter-engine-5.8.2.jar;C:\Users\TrisetioPutra\.m2\repository\org\junit\jupiter\junit-jupiter-api\5.8.2\junit-jupiter-api-5.8.2.jar;C:\Users\TrisetioPutra\.m2\repository\org\junit\vintage\junit-vintage-engine\5.8.2\junit-vintage-engine-5.8.2.jar;C:\Users\TrisetioPutra\.m2\repository\junit\junit\4.13.2\junit-4.13.2.jar;C:\Users\TrisetioPutra\.m2\repository\org\hamcrest\hamcrest-core\1.3\hamcrest-core-1.3.jar;C:\Users\TrisetioPutra\.m2\repository\ch\qos\logback\logback-classic\1.2.10\logback-classic-1.2.10.jar;C:\Users\TrisetioPutra\.m2\repository\ch\qos\logback\logback-core\1.2.10\logback-core-1.2.10.jar;C:\Users\TrisetioPutra\.m2\repository\org\slf4j\slf4j-api\1.7.32\slf4j-api-1.7.32.jar;C:\Users\TrisetioPutra\.m2\repository\org\assertj\assertj-core\3.23.1\assertj-core-3.23.1.jar;C:\Users\TrisetioPutra\.m2\repository\net\bytebuddy\byte-buddy\1.12.10\byte-buddy-1.12.10.jar;"/>
    <property name="java.vm.vendor" value="Oracle Corporation"/>
    <property name="sun.arch.data.model" value="64"/>
    <property name="user.variant" value=""/>
    <property name="java.vendor.url" value="https://java.oracle.com/"/>
    <property name="user.timezone" value="Asia/Jakarta"/>
    <property name="os.name" value="Windows 11"/>
    <property name="java.vm.specification.version" value="19"/>
    <property name="sun.java.launcher" value="SUN_STANDARD"/>
    <property name="user.country" value="US"/>
    <property name="sun.boot.library.path" value="C:\Program Files\Java\jdk-19\bin"/>
    <property name="sun.java.command" value="org.apache.maven.surefire.booter.ForkedBooter C:\Users\TrisetioPutra\AppData\Local\Temp\surefire2116728549012086422 2023-04-04T19-54-24_959-jvmRun1 surefire1159015095427382409tmp surefire_014822426303304497340tmp"/>
    <property name="jdk.debug" value="release"/>
    <property name="surefire.test.class.path" value="C:\Users\TrisetioPutra\Documents\serenity_sauce\serenity-sauce-demo\target\test-classes;C:\Users\TrisetioPutra\.m2\repository\net\serenity-bdd\serenity-core\3.6.21\serenity-core-3.6.21.jar;C:\Users\TrisetioPutra\.m2\repository\net\serenity-bdd\serenity-model\3.6.21\serenity-model-3.6.21.jar;C:\Users\TrisetioPutra\.m2\repository\org\apache\commons\commons-text\1.10.0\commons-text-1.10.0.jar;C:\Users\TrisetioPutra\.m2\repository\commons-net\commons-net\3.9.0\commons-net-3.9.0.jar;C:\Users\TrisetioPutra\.m2\repository\com\google\guava\guava\31.1-jre\guava-31.1-jre.jar;C:\Users\TrisetioPutra\.m2\repository\com\google\guava\failureaccess\1.0.1\failureaccess-1.0.1.jar;C:\Users\TrisetioPutra\.m2\repository\com\google\guava\listenablefuture\9999.0-empty-to-avoid-conflict-with-guava\listenablefuture-9999.0-empty-to-avoid-conflict-with-guava.jar;C:\Users\TrisetioPutra\.m2\repository\com\google\code\findbugs\jsr305\3.0.2\jsr305-3.0.2.jar;C:\Users\TrisetioPutra\.m2\repository\org\checkerframework\checker-qual\3.12.0\checker-qual-3.12.0.jar;C:\Users\TrisetioPutra\.m2\repository\com\google\errorprone\error_prone_annotations\2.11.0\error_prone_annotations-2.11.0.jar;C:\Users\TrisetioPutra\.m2\repository\com\google\j2objc\j2objc-annotations\1.3\j2objc-annotations-1.3.jar;C:\Users\TrisetioPutra\.m2\repository\com\google\inject\guice\5.1.0\guice-5.1.0.jar;C:\Users\TrisetioPutra\.m2\repository\javax\inject\javax.inject\1\javax.inject-1.jar;C:\Users\TrisetioPutra\.m2\repository\aopalliance\aopalliance\1.0\aopalliance-1.0.jar;C:\Users\TrisetioPutra\.m2\repository\org\jsoup\jsoup\1.14.3\jsoup-1.14.3.jar;C:\Users\TrisetioPutra\.m2\repository\com\thoughtworks\xstream\xstream\1.4.20\xstream-1.4.20.jar;C:\Users\TrisetioPutra\.m2\repository\io\github\x-stream\mxparser\1.2.2\mxparser-1.2.2.jar;C:\Users\TrisetioPutra\.m2\repository\xmlpull\xmlpull\1.1.3.1\xmlpull-1.1.3.1.jar;C:\Users\TrisetioPutra\.m2\repository\com\typesafe\config\1.4.2\config-1.4.2.jar;C:\Users\TrisetioPutra\.m2\repository\org\imgscalr\imgscalr-lib\4.2\imgscalr-lib-4.2.jar;C:\Users\TrisetioPutra\.m2\repository\org\awaitility\awaitility\4.2.0\awaitility-4.2.0.jar;C:\Users\TrisetioPutra\.m2\repository\org\freemarker\freemarker\2.3.31\freemarker-2.3.31.jar;C:\Users\TrisetioPutra\.m2\repository\io\github\classgraph\classgraph\4.8.138\classgraph-4.8.138.jar;C:\Users\TrisetioPutra\.m2\repository\net\sourceforge\jexcelapi\jxl\2.6.12\jxl-2.6.12.jar;C:\Users\TrisetioPutra\.m2\repository\net\bytebuddy\byte-buddy-agent\1.14.2\byte-buddy-agent-1.14.2.jar;C:\Users\TrisetioPutra\.m2\repository\org\objenesis\objenesis\3.3\objenesis-3.3.jar;C:\Users\TrisetioPutra\.m2\repository\net\serenity-bdd\serenity-reports\3.6.21\serenity-reports-3.6.21.jar;C:\Users\TrisetioPutra\.m2\repository\net\serenity-bdd\serenity-stats\3.6.21\serenity-stats-3.6.21.jar;C:\Users\TrisetioPutra\.m2\repository\net\serenity-bdd\serenity-reports-configuration\3.6.21\serenity-reports-configuration-3.6.21.jar;C:\Users\TrisetioPutra\.m2\repository\com\vladsch\flexmark\flexmark-all\0.62.2\flexmark-all-0.62.2.jar;C:\Users\TrisetioPutra\.m2\repository\com\vladsch\flexmark\flexmark\0.62.2\flexmark-0.62.2.jar;C:\Users\TrisetioPutra\.m2\repository\com\vladsch\flexmark\flexmark-ext-abbreviation\0.62.2\flexmark-ext-abbreviation-0.62.2.jar;C:\Users\TrisetioPutra\.m2\repository\com\vladsch\flexmark\flexmark-util\0.62.2\flexmark-util-0.62.2.jar;C:\Users\TrisetioPutra\.m2\repository\com\vladsch\flexmark\flexmark-ext-admonition\0.62.2\flexmark-ext-admonition-0.62.2.jar;C:\Users\TrisetioPutra\.m2\repository\com\vladsch\flexmark\flexmark-ext-anchorlink\0.62.2\flexmark-ext-anchorlink-0.62.2.jar;C:\Users\TrisetioPutra\.m2\repository\com\vladsch\flexmark\flexmark-ext-aside\0.62.2\flexmark-ext-aside-0.62.2.jar;C:\Users\TrisetioPutra\.m2\repository\com\vladsch\flexmark\flexmark-ext-attributes\0.62.2\flexmark-ext-attributes-0.62.2.jar;C:\Users\TrisetioPutra\.m2\repository\com\vladsch\flexmark\flexmark-ext-autolink\0.62.2\flexmark-ext-autolink-0.62.2.jar;C:\Users\TrisetioPutra\.m2\repository\org\nibor\autolink\autolink\0.6.0\autolink-0.6.0.jar;C:\Users\TrisetioPutra\.m2\repository\com\vladsch\flexmark\flexmark-ext-definition\0.62.2\flexmark-ext-definition-0.62.2.jar;C:\Users\TrisetioPutra\.m2\repository\com\vladsch\flexmark\flexmark-ext-emoji\0.62.2\flexmark-ext-emoji-0.62.2.jar;C:\Users\TrisetioPutra\.m2\repository\com\vladsch\flexmark\flexmark-ext-enumerated-reference\0.62.2\flexmark-ext-enumerated-reference-0.62.2.jar;C:\Users\TrisetioPutra\.m2\repository\com\vladsch\flexmark\flexmark-ext-escaped-character\0.62.2\flexmark-ext-escaped-character-0.62.2.jar;C:\Users\TrisetioPutra\.m2\repository\com\vladsch\flexmark\flexmark-ext-footnotes\0.62.2\flexmark-ext-footnotes-0.62.2.jar;C:\Users\TrisetioPutra\.m2\repository\com\vladsch\flexmark\flexmark-ext-gfm-issues\0.62.2\flexmark-ext-gfm-issues-0.62.2.jar;C:\Users\TrisetioPutra\.m2\repository\com\vladsch\flexmark\flexmark-ext-gfm-strikethrough\0.62.2\flexmark-ext-gfm-strikethrough-0.62.2.jar;C:\Users\TrisetioPutra\.m2\repository\com\vladsch\flexmark\flexmark-ext-gfm-tasklist\0.62.2\flexmark-ext-gfm-tasklist-0.62.2.jar;C:\Users\TrisetioPutra\.m2\repository\com\vladsch\flexmark\flexmark-ext-gfm-users\0.62.2\flexmark-ext-gfm-users-0.62.2.jar;C:\Users\TrisetioPutra\.m2\repository\com\vladsch\flexmark\flexmark-ext-gitlab\0.62.2\flexmark-ext-gitlab-0.62.2.jar;C:\Users\TrisetioPutra\.m2\repository\com\vladsch\flexmark\flexmark-ext-jekyll-front-matter\0.62.2\flexmark-ext-jekyll-front-matter-0.62.2.jar;C:\Users\TrisetioPutra\.m2\repository\com\vladsch\flexmark\flexmark-ext-jekyll-tag\0.62.2\flexmark-ext-jekyll-tag-0.62.2.jar;C:\Users\TrisetioPutra\.m2\repository\com\vladsch\flexmark\flexmark-ext-media-tags\0.62.2\flexmark-ext-media-tags-0.62.2.jar;C:\Users\TrisetioPutra\.m2\repository\com\vladsch\flexmark\flexmark-ext-macros\0.62.2\flexmark-ext-macros-0.62.2.jar;C:\Users\TrisetioPutra\.m2\repository\com\vladsch\flexmark\flexmark-ext-ins\0.62.2\flexmark-ext-ins-0.62.2.jar;C:\Users\TrisetioPutra\.m2\repository\com\vladsch\flexmark\flexmark-ext-xwiki-macros\0.62.2\flexmark-ext-xwiki-macros-0.62.2.jar;C:\Users\TrisetioPutra\.m2\repository\com\vladsch\flexmark\flexmark-ext-superscript\0.62.2\flexmark-ext-superscript-0.62.2.jar;C:\Users\TrisetioPutra\.m2\repository\com\vladsch\flexmark\flexmark-ext-tables\0.62.2\flexmark-ext-tables-0.62.2.jar;C:\Users\TrisetioPutra\.m2\repository\com\vladsch\flexmark\flexmark-ext-toc\0.62.2\flexmark-ext-toc-0.62.2.jar;C:\Users\TrisetioPutra\.m2\repository\com\vladsch\flexmark\flexmark-ext-typographic\0.62.2\flexmark-ext-typographic-0.62.2.jar;C:\Users\TrisetioPutra\.m2\repository\com\vladsch\flexmark\flexmark-ext-wikilink\0.62.2\flexmark-ext-wikilink-0.62.2.jar;C:\Users\TrisetioPutra\.m2\repository\com\vladsch\flexmark\flexmark-ext-yaml-front-matter\0.62.2\flexmark-ext-yaml-front-matter-0.62.2.jar;C:\Users\TrisetioPutra\.m2\repository\com\vladsch\flexmark\flexmark-ext-youtube-embedded\0.62.2\flexmark-ext-youtube-embedded-0.62.2.jar;C:\Users\TrisetioPutra\.m2\repository\com\vladsch\flexmark\flexmark-html2md-converter\0.62.2\flexmark-html2md-converter-0.62.2.jar;C:\Users\TrisetioPutra\.m2\repository\com\vladsch\flexmark\flexmark-jira-converter\0.62.2\flexmark-jira-converter-0.62.2.jar;C:\Users\TrisetioPutra\.m2\repository\com\vladsch\flexmark\flexmark-pdf-converter\0.62.2\flexmark-pdf-converter-0.62.2.jar;C:\Users\TrisetioPutra\.m2\repository\com\openhtmltopdf\openhtmltopdf-core\1.0.0\openhtmltopdf-core-1.0.0.jar;C:\Users\TrisetioPutra\.m2\repository\com\openhtmltopdf\openhtmltopdf-pdfbox\1.0.0\openhtmltopdf-pdfbox-1.0.0.jar;C:\Users\TrisetioPutra\.m2\repository\org\apache\pdfbox\pdfbox\2.0.16\pdfbox-2.0.16.jar;C:\Users\TrisetioPutra\.m2\repository\org\apache\pdfbox\fontbox\2.0.16\fontbox-2.0.16.jar;C:\Users\TrisetioPutra\.m2\repository\org\apache\pdfbox\xmpbox\2.0.16\xmpbox-2.0.16.jar;C:\Users\TrisetioPutra\.m2\repository\de\rototor\pdfbox\graphics2d\0.24\graphics2d-0.24.jar;C:\Users\TrisetioPutra\.m2\repository\com\openhtmltopdf\openhtmltopdf-rtl-support\1.0.0\openhtmltopdf-rtl-support-1.0.0.jar;C:\Users\TrisetioPutra\.m2\repository\com\openhtmltopdf\openhtmltopdf-jsoup-dom-converter\1.0.0\openhtmltopdf-jsoup-dom-converter-1.0.0.jar;C:\Users\TrisetioPutra\.m2\repository\com\vladsch\flexmark\flexmark-profile-pegdown\0.62.2\flexmark-profile-pegdown-0.62.2.jar;C:\Users\TrisetioPutra\.m2\repository\com\vladsch\flexmark\flexmark-util-ast\0.62.2\flexmark-util-ast-0.62.2.jar;C:\Users\TrisetioPutra\.m2\repository\com\vladsch\flexmark\flexmark-util-builder\0.62.2\flexmark-util-builder-0.62.2.jar;C:\Users\TrisetioPutra\.m2\repository\com\vladsch\flexmark\flexmark-util-collection\0.62.2\flexmark-util-collection-0.62.2.jar;C:\Users\TrisetioPutra\.m2\repository\com\vladsch\flexmark\flexmark-util-data\0.62.2\flexmark-util-data-0.62.2.jar;C:\Users\TrisetioPutra\.m2\repository\com\vladsch\flexmark\flexmark-util-dependency\0.62.2\flexmark-util-dependency-0.62.2.jar;C:\Users\TrisetioPutra\.m2\repository\com\vladsch\flexmark\flexmark-util-format\0.62.2\flexmark-util-format-0.62.2.jar;C:\Users\TrisetioPutra\.m2\repository\com\vladsch\flexmark\flexmark-util-html\0.62.2\flexmark-util-html-0.62.2.jar;C:\Users\TrisetioPutra\.m2\repository\com\vladsch\flexmark\flexmark-util-misc\0.62.2\flexmark-util-misc-0.62.2.jar;C:\Users\TrisetioPutra\.m2\repository\com\vladsch\flexmark\flexmark-util-options\0.62.2\flexmark-util-options-0.62.2.jar;C:\Users\TrisetioPutra\.m2\repository\com\vladsch\flexmark\flexmark-util-sequence\0.62.2\flexmark-util-sequence-0.62.2.jar;C:\Users\TrisetioPutra\.m2\repository\com\vladsch\flexmark\flexmark-util-visitor\0.62.2\flexmark-util-visitor-0.62.2.jar;C:\Users\TrisetioPutra\.m2\repository\com\vladsch\flexmark\flexmark-youtrack-converter\0.62.2\flexmark-youtrack-converter-0.62.2.jar;C:\Users\TrisetioPutra\.m2\repository\com\ibm\icu\icu4j\72.1\icu4j-72.1.jar;C:\Users\TrisetioPutra\.m2\repository\es\nitaur\markdown\txtmark\0.16\txtmark-0.16.jar;C:\Users\TrisetioPutra\.m2\repository\net\serenity-bdd\serenity-report-resources\3.6.21\serenity-report-resources-3.6.21.jar;C:\Users\TrisetioPutra\.m2\repository\com\google\code\gson\gson\2.10.1\gson-2.10.1.jar;C:\Users\TrisetioPutra\.m2\repository\com\fasterxml\jackson\core\jackson-core\2.15.0-rc1\jackson-core-2.15.0-rc1.jar;C:\Users\TrisetioPutra\.m2\repository\com\fasterxml\jackson\core\jackson-databind\2.15.0-rc1\jackson-databind-2.15.0-rc1.jar;C:\Users\TrisetioPutra\.m2\repository\com\fasterxml\jackson\core\jackson-annotations\2.15.0-rc1\jackson-annotations-2.15.0-rc1.jar;C:\Users\TrisetioPutra\.m2\repository\commons-codec\commons-codec\1.15\commons-codec-1.15.jar;C:\Users\TrisetioPutra\.m2\repository\commons-io\commons-io\2.11.0\commons-io-2.11.0.jar;C:\Users\TrisetioPutra\.m2\repository\org\apache\httpcomponents\httpclient\4.5.13\httpclient-4.5.13.jar;C:\Users\TrisetioPutra\.m2\repository\org\apache\httpcomponents\httpcore\4.4.13\httpcore-4.4.13.jar;C:\Users\TrisetioPutra\.m2\repository\commons-logging\commons-logging\1.2\commons-logging-1.2.jar;C:\Users\TrisetioPutra\.m2\repository\org\seleniumhq\selenium\selenium-java\4.8.1\selenium-java-4.8.1.jar;C:\Users\TrisetioPutra\.m2\repository\org\seleniumhq\selenium\selenium-devtools-v108\4.8.1\selenium-devtools-v108-4.8.1.jar;C:\Users\TrisetioPutra\.m2\repository\org\seleniumhq\selenium\selenium-devtools-v109\4.8.1\selenium-devtools-v109-4.8.1.jar;C:\Users\TrisetioPutra\.m2\repository\org\seleniumhq\selenium\selenium-devtools-v110\4.8.1\selenium-devtools-v110-4.8.1.jar;C:\Users\TrisetioPutra\.m2\repository\org\seleniumhq\selenium\selenium-devtools-v85\4.8.1\selenium-devtools-v85-4.8.1.jar;C:\Users\TrisetioPutra\.m2\repository\org\seleniumhq\selenium\selenium-remote-driver\4.8.1\selenium-remote-driver-4.8.1.jar;C:\Users\TrisetioPutra\.m2\repository\com\beust\jcommander\1.82\jcommander-1.82.jar;C:\Users\TrisetioPutra\.m2\repository\io\netty\netty-buffer\4.1.87.Final\netty-buffer-4.1.87.Final.jar;C:\Users\TrisetioPutra\.m2\repository\io\netty\netty-codec-http\4.1.87.Final\netty-codec-http-4.1.87.Final.jar;C:\Users\TrisetioPutra\.m2\repository\io\netty\netty-codec\4.1.87.Final\netty-codec-4.1.87.Final.jar;C:\Users\TrisetioPutra\.m2\repository\io\netty\netty-handler\4.1.87.Final\netty-handler-4.1.87.Final.jar;C:\Users\TrisetioPutra\.m2\repository\io\netty\netty-common\4.1.87.Final\netty-common-4.1.87.Final.jar;C:\Users\TrisetioPutra\.m2\repository\io\netty\netty-transport-classes-epoll\4.1.87.Final\netty-transport-classes-epoll-4.1.87.Final.jar;C:\Users\TrisetioPutra\.m2\repository\io\netty\netty-transport-classes-kqueue\4.1.87.Final\netty-transport-classes-kqueue-4.1.87.Final.jar;C:\Users\TrisetioPutra\.m2\repository\io\netty\netty-transport-native-epoll\4.1.87.Final\netty-transport-native-epoll-4.1.87.Final.jar;C:\Users\TrisetioPutra\.m2\repository\io\netty\netty-transport-native-kqueue\4.1.87.Final\netty-transport-native-kqueue-4.1.87.Final.jar;C:\Users\TrisetioPutra\.m2\repository\io\netty\netty-transport-native-unix-common\4.1.87.Final\netty-transport-native-unix-common-4.1.87.Final.jar;C:\Users\TrisetioPutra\.m2\repository\io\netty\netty-transport\4.1.87.Final\netty-transport-4.1.87.Final.jar;C:\Users\TrisetioPutra\.m2\repository\io\netty\netty-resolver\4.1.87.Final\netty-resolver-4.1.87.Final.jar;C:\Users\TrisetioPutra\.m2\repository\io\opentelemetry\opentelemetry-api\1.22.0\opentelemetry-api-1.22.0.jar;C:\Users\TrisetioPutra\.m2\repository\io\opentelemetry\opentelemetry-context\1.22.0\opentelemetry-context-1.22.0.jar;C:\Users\TrisetioPutra\.m2\repository\io\opentelemetry\opentelemetry-exporter-logging\1.22.0\opentelemetry-exporter-logging-1.22.0.jar;C:\Users\TrisetioPutra\.m2\repository\io\opentelemetry\opentelemetry-sdk-metrics\1.22.0\opentelemetry-sdk-metrics-1.22.0.jar;C:\Users\TrisetioPutra\.m2\repository\io\opentelemetry\opentelemetry-sdk-logs\1.22.0-alpha\opentelemetry-sdk-logs-1.22.0-alpha.jar;C:\Users\TrisetioPutra\.m2\repository\io\opentelemetry\opentelemetry-api-logs\1.22.0-alpha\opentelemetry-api-logs-1.22.0-alpha.jar;C:\Users\TrisetioPutra\.m2\repository\io\opentelemetry\opentelemetry-sdk-common\1.22.0\opentelemetry-sdk-common-1.22.0.jar;C:\Users\TrisetioPutra\.m2\repository\io\opentelemetry\opentelemetry-sdk-extension-autoconfigure-spi\1.22.0\opentelemetry-sdk-extension-autoconfigure-spi-1.22.0.jar;C:\Users\TrisetioPutra\.m2\repository\io\opentelemetry\opentelemetry-sdk-extension-autoconfigure\1.22.0-alpha\opentelemetry-sdk-extension-autoconfigure-1.22.0-alpha.jar;C:\Users\TrisetioPutra\.m2\repository\io\opentelemetry\opentelemetry-sdk-trace\1.22.0\opentelemetry-sdk-trace-1.22.0.jar;C:\Users\TrisetioPutra\.m2\repository\io\opentelemetry\opentelemetry-sdk\1.22.0\opentelemetry-sdk-1.22.0.jar;C:\Users\TrisetioPutra\.m2\repository\io\opentelemetry\opentelemetry-semconv\1.22.0-alpha\opentelemetry-semconv-1.22.0-alpha.jar;C:\Users\TrisetioPutra\.m2\repository\io\ous\jtoml\2.0.0\jtoml-2.0.0.jar;C:\Users\TrisetioPutra\.m2\repository\org\apache\commons\commons-exec\1.3\commons-exec-1.3.jar;C:\Users\TrisetioPutra\.m2\repository\org\asynchttpclient\async-http-client\2.12.3\async-http-client-2.12.3.jar;C:\Users\TrisetioPutra\.m2\repository\org\asynchttpclient\async-http-client-netty-utils\2.12.3\async-http-client-netty-utils-2.12.3.jar;C:\Users\TrisetioPutra\.m2\repository\io\netty\netty-codec-socks\4.1.60.Final\netty-codec-socks-4.1.60.Final.jar;C:\Users\TrisetioPutra\.m2\repository\io\netty\netty-handler-proxy\4.1.60.Final\netty-handler-proxy-4.1.60.Final.jar;C:\Users\TrisetioPutra\.m2\repository\io\netty\netty-transport-native-epoll\4.1.60.Final\netty-transport-native-epoll-4.1.60.Final-linux-x86_64.jar;C:\Users\TrisetioPutra\.m2\repository\io\netty\netty-transport-native-kqueue\4.1.60.Final\netty-transport-native-kqueue-4.1.60.Final-osx-x86_64.jar;C:\Users\TrisetioPutra\.m2\repository\org\reactivestreams\reactive-streams\1.0.3\reactive-streams-1.0.3.jar;C:\Users\TrisetioPutra\.m2\repository\com\typesafe\netty\netty-reactive-streams\2.0.4\netty-reactive-streams-2.0.4.jar;C:\Users\TrisetioPutra\.m2\repository\org\seleniumhq\selenium\selenium-manager\4.8.1\selenium-manager-4.8.1.jar;C:\Users\TrisetioPutra\.m2\repository\org\seleniumhq\selenium\selenium-safari-driver\4.8.1\selenium-safari-driver-4.8.1.jar;C:\Users\TrisetioPutra\.m2\repository\org\seleniumhq\selenium\selenium-api\4.8.1\selenium-api-4.8.1.jar;C:\Users\TrisetioPutra\.m2\repository\org\seleniumhq\selenium\selenium-support\4.8.1\selenium-support-4.8.1.jar;C:\Users\TrisetioPutra\.m2\repository\com\google\auto\service\auto-service-annotations\1.0.1\auto-service-annotations-1.0.1.jar;C:\Users\TrisetioPutra\.m2\repository\com\google\auto\service\auto-service\1.0.1\auto-service-1.0.1.jar;C:\Users\TrisetioPutra\.m2\repository\com\google\auto\auto-common\1.2\auto-common-1.2.jar;C:\Users\TrisetioPutra\.m2\repository\org\seleniumhq\selenium\selenium-json\4.8.1\selenium-json-4.8.1.jar;C:\Users\TrisetioPutra\.m2\repository\org\seleniumhq\selenium\selenium-chrome-driver\4.8.1\selenium-chrome-driver-4.8.1.jar;C:\Users\TrisetioPutra\.m2\repository\org\seleniumhq\selenium\selenium-chromium-driver\4.8.1\selenium-chromium-driver-4.8.1.jar;C:\Users\TrisetioPutra\.m2\repository\org\seleniumhq\selenium\selenium-firefox-driver\4.8.1\selenium-firefox-driver-4.8.1.jar;C:\Users\TrisetioPutra\.m2\repository\org\seleniumhq\selenium\selenium-http\4.8.1\selenium-http-4.8.1.jar;C:\Users\TrisetioPutra\.m2\repository\dev\failsafe\failsafe\3.3.0\failsafe-3.3.0.jar;C:\Users\TrisetioPutra\.m2\repository\org\seleniumhq\selenium\selenium-edge-driver\4.8.1\selenium-edge-driver-4.8.1.jar;C:\Users\TrisetioPutra\.m2\repository\org\seleniumhq\selenium\selenium-ie-driver\4.8.1\selenium-ie-driver-4.8.1.jar;C:\Users\TrisetioPutra\.m2\repository\org\projectlombok\lombok\1.18.20\lombok-1.18.20.jar;C:\Users\TrisetioPutra\.m2\repository\io\appium\java-client\8.3.0\java-client-8.3.0.jar;C:\Users\TrisetioPutra\.m2\repository\commons-validator\commons-validator\1.7\commons-validator-1.7.jar;C:\Users\TrisetioPutra\.m2\repository\commons-digester\commons-digester\2.1\commons-digester-2.1.jar;C:\Users\TrisetioPutra\.m2\repository\org\apache\groovy\groovy\4.0.10\groovy-4.0.10.jar;C:\Users\TrisetioPutra\.m2\repository\net\sf\opencsv\opencsv\2.0\opencsv-2.0.jar;C:\Users\TrisetioPutra\.m2\repository\commons-beanutils\commons-beanutils\1.9.4\commons-beanutils-1.9.4.jar;C:\Users\TrisetioPutra\.m2\repository\org\apache\commons\commons-lang3\3.12.0\commons-lang3-3.12.0.jar;C:\Users\TrisetioPutra\.m2\repository\commons-collections\commons-collections\3.2.2\commons-collections-3.2.2.jar;C:\Users\TrisetioPutra\.m2\repository\org\fluentlenium\fluentlenium-core\0.10.2\fluentlenium-core-0.10.2.jar;C:\Users\TrisetioPutra\.m2\repository\io\github\bonigarcia\webdrivermanager\5.3.0\webdrivermanager-5.3.0.jar;C:\Users\TrisetioPutra\.m2\repository\com\github\docker-java\docker-java\3.2.13\docker-java-3.2.13.jar;C:\Users\TrisetioPutra\.m2\repository\com\github\docker-java\docker-java-core\3.2.13\docker-java-core-3.2.13.jar;C:\Users\TrisetioPutra\.m2\repository\com\github\docker-java\docker-java-api\3.2.13\docker-java-api-3.2.13.jar;C:\Users\TrisetioPutra\.m2\repository\org\apache\commons\commons-compress\1.21\commons-compress-1.21.jar;C:\Users\TrisetioPutra\.m2\repository\org\bouncycastle\bcpkix-jdk15on\1.64\bcpkix-jdk15on-1.64.jar;C:\Users\TrisetioPutra\.m2\repository\org\bouncycastle\bcprov-jdk15on\1.64\bcprov-jdk15on-1.64.jar;C:\Users\TrisetioPutra\.m2\repository\org\slf4j\jcl-over-slf4j\1.7.30\jcl-over-slf4j-1.7.30.jar;C:\Users\TrisetioPutra\.m2\repository\com\github\docker-java\docker-java-transport-httpclient5\3.2.13\docker-java-transport-httpclient5-3.2.13.jar;C:\Users\TrisetioPutra\.m2\repository\com\github\docker-java\docker-java-transport\3.2.13\docker-java-transport-3.2.13.jar;C:\Users\TrisetioPutra\.m2\repository\net\java\dev\jna\jna\5.8.0\jna-5.8.0.jar;C:\Users\TrisetioPutra\.m2\repository\org\brotli\dec\0.1.2\dec-0.1.2.jar;C:\Users\TrisetioPutra\.m2\repository\org\apache\httpcomponents\client5\httpclient5\5.1.3\httpclient5-5.1.3.jar;C:\Users\TrisetioPutra\.m2\repository\org\apache\httpcomponents\core5\httpcore5\5.1.3\httpcore5-5.1.3.jar;C:\Users\TrisetioPutra\.m2\repository\org\apache\httpcomponents\core5\httpcore5-h2\5.1.3\httpcore5-h2-5.1.3.jar;C:\Users\TrisetioPutra\.m2\repository\com\jhlabs\filters\2.0.235\filters-2.0.235.jar;C:\Users\TrisetioPutra\.m2\repository\com\paulhammant\ngwebdriver\1.1.6\ngwebdriver-1.1.6.jar;C:\Users\TrisetioPutra\.m2\repository\joda-time\joda-time\2.12.2\joda-time-2.12.2.jar;C:\Users\TrisetioPutra\.m2\repository\org\hamcrest\hamcrest\2.2\hamcrest-2.2.jar;C:\Users\TrisetioPutra\.m2\repository\com\google\jimfs\jimfs\1.2\jimfs-1.2.jar;C:\Users\TrisetioPutra\.m2\repository\org\mockito\mockito-core\3.3.3\mockito-core-3.3.3.jar;C:\Users\TrisetioPutra\.m2\repository\javax\xml\bind\jaxb-api\2.3.1\jaxb-api-2.3.1.jar;C:\Users\TrisetioPutra\.m2\repository\javax\activation\javax.activation-api\1.2.0\javax.activation-api-1.2.0.jar;C:\Users\TrisetioPutra\.m2\repository\com\sun\xml\bind\jaxb-core\2.3.0.1\jaxb-core-2.3.0.1.jar;C:\Users\TrisetioPutra\.m2\repository\com\sun\xml\bind\jaxb-impl\2.3.3\jaxb-impl-2.3.3.jar;C:\Users\TrisetioPutra\.m2\repository\jakarta\xml\bind\jakarta.xml.bind-api\2.3.3\jakarta.xml.bind-api-2.3.3.jar;C:\Users\TrisetioPutra\.m2\repository\com\sun\activation\jakarta.activation\1.2.2\jakarta.activation-1.2.2.jar;C:\Users\TrisetioPutra\.m2\repository\javax\activation\activation\1.1.1\activation-1.1.1.jar;C:\Users\TrisetioPutra\.m2\repository\net\serenity-bdd\serenity-cucumber\3.6.21\serenity-cucumber-3.6.21.jar;C:\Users\TrisetioPutra\.m2\repository\io\cucumber\cucumber-core\7.11.0\cucumber-core-7.11.0.jar;C:\Users\TrisetioPutra\.m2\repository\io\cucumber\cucumber-gherkin\7.11.0\cucumber-gherkin-7.11.0.jar;C:\Users\TrisetioPutra\.m2\repository\io\cucumber\cucumber-gherkin-messages\7.11.0\cucumber-gherkin-messages-7.11.0.jar;C:\Users\TrisetioPutra\.m2\repository\io\cucumber\gherkin\26.0.3\gherkin-26.0.3.jar;C:\Users\TrisetioPutra\.m2\repository\io\cucumber\messages\21.0.1\messages-21.0.1.jar;C:\Users\TrisetioPutra\.m2\repository\io\cucumber\tag-expressions\5.0.1\tag-expressions-5.0.1.jar;C:\Users\TrisetioPutra\.m2\repository\io\cucumber\cucumber-expressions\16.1.1\cucumber-expressions-16.1.1.jar;C:\Users\TrisetioPutra\.m2\repository\io\cucumber\datatable\7.11.0\datatable-7.11.0.jar;C:\Users\TrisetioPutra\.m2\repository\io\cucumber\cucumber-plugin\7.11.0\cucumber-plugin-7.11.0.jar;C:\Users\TrisetioPutra\.m2\repository\io\cucumber\docstring\7.11.0\docstring-7.11.0.jar;C:\Users\TrisetioPutra\.m2\repository\io\cucumber\html-formatter\20.2.1\html-formatter-20.2.1.jar;C:\Users\TrisetioPutra\.m2\repository\io\cucumber\junit-xml-formatter\0.1.0\junit-xml-formatter-0.1.0.jar;C:\Users\TrisetioPutra\.m2\repository\io\cucumber\ci-environment\9.1.0\ci-environment-9.1.0.jar;C:\Users\TrisetioPutra\.m2\repository\io\cucumber\cucumber-java\7.11.0\cucumber-java-7.11.0.jar;C:\Users\TrisetioPutra\.m2\repository\io\cucumber\cucumber-junit\7.11.0\cucumber-junit-7.11.0.jar;C:\Users\TrisetioPutra\.m2\repository\org\apache\commons\commons-csv\1.5\commons-csv-1.5.jar;C:\Users\TrisetioPutra\.m2\repository\net\serenity-bdd\serenity-screenplay\3.6.21\serenity-screenplay-3.6.21.jar;C:\Users\TrisetioPutra\.m2\repository\net\serenity-bdd\serenity-screenplay-webdriver\3.6.21\serenity-screenplay-webdriver-3.6.21.jar;C:\Users\TrisetioPutra\.m2\repository\net\serenity-bdd\serenity-ensure\3.6.21\serenity-ensure-3.6.21.jar;C:\Users\TrisetioPutra\.m2\repository\net\serenity-bdd\serenity-junit\3.6.21\serenity-junit-3.6.21.jar;C:\Users\TrisetioPutra\.m2\repository\org\jetbrains\kotlin\kotlin-stdlib\1.8.10\kotlin-stdlib-1.8.10.jar;C:\Users\TrisetioPutra\.m2\repository\org\jetbrains\kotlin\kotlin-stdlib-common\1.8.10\kotlin-stdlib-common-1.8.10.jar;C:\Users\TrisetioPutra\.m2\repository\org\jetbrains\annotations\13.0\annotations-13.0.jar;C:\Users\TrisetioPutra\.m2\repository\org\junit\platform\junit-platform-launcher\1.8.2\junit-platform-launcher-1.8.2.jar;C:\Users\TrisetioPutra\.m2\repository\org\junit\platform\junit-platform-engine\1.8.2\junit-platform-engine-1.8.2.jar;C:\Users\TrisetioPutra\.m2\repository\org\opentest4j\opentest4j\1.2.0\opentest4j-1.2.0.jar;C:\Users\TrisetioPutra\.m2\repository\org\junit\platform\junit-platform-commons\1.8.2\junit-platform-commons-1.8.2.jar;C:\Users\TrisetioPutra\.m2\repository\org\apiguardian\apiguardian-api\1.1.2\apiguardian-api-1.1.2.jar;C:\Users\TrisetioPutra\.m2\repository\org\junit\jupiter\junit-jupiter-engine\5.8.2\junit-jupiter-engine-5.8.2.jar;C:\Users\TrisetioPutra\.m2\repository\org\junit\jupiter\junit-jupiter-api\5.8.2\junit-jupiter-api-5.8.2.jar;C:\Users\TrisetioPutra\.m2\repository\org\junit\vintage\junit-vintage-engine\5.8.2\junit-vintage-engine-5.8.2.jar;C:\Users\TrisetioPutra\.m2\repository\junit\junit\4.13.2\junit-4.13.2.jar;C:\Users\TrisetioPutra\.m2\repository\org\hamcrest\hamcrest-core\1.3\hamcrest-core-1.3.jar;C:\Users\TrisetioPutra\.m2\repository\ch\qos\logback\logback-classic\1.2.10\logback-classic-1.2.10.jar;C:\Users\TrisetioPutra\.m2\repository\ch\qos\logback\logback-core\1.2.10\logback-core-1.2.10.jar;C:\Users\TrisetioPutra\.m2\repository\org\slf4j\slf4j-api\1.7.32\slf4j-api-1.7.32.jar;C:\Users\TrisetioPutra\.m2\repository\org\assertj\assertj-core\3.23.1\assertj-core-3.23.1.jar;C:\Users\TrisetioPutra\.m2\repository\net\bytebuddy\byte-buddy\1.12.10\byte-buddy-1.12.10.jar;"/>
    <property name="sun.cpu.endian" value="little"/>
    <property name="user.home" value="C:\Users\TrisetioPutra"/>
    <property name="user.language" value="en"/>
    <property name="java.specification.vendor" value="Oracle Corporation"/>
    <property name="jdk.module.path" value="C:\Users\TrisetioPutra\Documents\serenity_sauce\serenity-sauce-demo\target\PraktikWebTestSerenity-1.0-SNAPSHOT.jar"/>
    <property name="java.version.date" value="2022-09-20"/>
    <property name="java.home" value="C:\Program Files\Java\jdk-19"/>
    <property name="file.separator" value="\"/>
    <property name="basedir" value="C:\Users\TrisetioPutra\Documents\serenity_sauce\serenity-sauce-demo"/>
    <property name="java.vm.compressedOopsMode" value="Zero based"/>
    <property name="line.separator" value="&#10;"/>
    <property name="java.vm.specification.vendor" value="Oracle Corporation"/>
    <property name="java.specification.name" value="Java Platform API Specification"/>
    <property name="surefire.real.class.path" value="C:\Users\TrisetioPutra\.m2\repository\org\apache\maven\surefire\surefire-booter\3.0.0-M5\surefire-booter-3.0.0-M5.jar;C:\Users\TrisetioPutra\.m2\repository\org\apache\maven\surefire\surefire-api\3.0.0-M5\surefire-api-3.0.0-M5.jar;C:\Users\TrisetioPutra\.m2\repository\org\apache\maven\surefire\surefire-logger-api\3.0.0-M5\surefire-logger-api-3.0.0-M5.jar;C:\Users\TrisetioPutra\.m2\repository\org\apache\maven\surefire\surefire-shared-utils\3.0.0-M4\surefire-shared-utils-3.0.0-M4.jar;C:\Users\TrisetioPutra\.m2\repository\org\apache\maven\surefire\surefire-extensions-spi\3.0.0-M5\surefire-extensions-spi-3.0.0-M5.jar;C:\Users\TrisetioPutra\Documents\serenity_sauce\serenity-sauce-demo\target\test-classes;C:\Users\TrisetioPutra\.m2\repository\net\serenity-bdd\serenity-core\3.6.21\serenity-core-3.6.21.jar;C:\Users\TrisetioPutra\.m2\repository\net\serenity-bdd\serenity-model\3.6.21\serenity-model-3.6.21.jar;C:\Users\TrisetioPutra\.m2\repository\org\apache\commons\commons-text\1.10.0\commons-text-1.10.0.jar;C:\Users\TrisetioPutra\.m2\repository\commons-net\commons-net\3.9.0\commons-net-3.9.0.jar;C:\Users\TrisetioPutra\.m2\repository\com\google\guava\guava\31.1-jre\guava-31.1-jre.jar;C:\Users\TrisetioPutra\.m2\repository\com\google\guava\failureaccess\1.0.1\failureaccess-1.0.1.jar;C:\Users\TrisetioPutra\.m2\repository\com\google\guava\listenablefuture\9999.0-empty-to-avoid-conflict-with-guava\listenablefuture-9999.0-empty-to-avoid-conflict-with-guava.jar;C:\Users\TrisetioPutra\.m2\repository\com\google\code\findbugs\jsr305\3.0.2\jsr305-3.0.2.jar;C:\Users\TrisetioPutra\.m2\repository\org\checkerframework\checker-qual\3.12.0\checker-qual-3.12.0.jar;C:\Users\TrisetioPutra\.m2\repository\com\google\errorprone\error_prone_annotations\2.11.0\error_prone_annotations-2.11.0.jar;C:\Users\TrisetioPutra\.m2\repository\com\google\j2objc\j2objc-annotations\1.3\j2objc-annotations-1.3.jar;C:\Users\TrisetioPutra\.m2\repository\com\google\inject\guice\5.1.0\guice-5.1.0.jar;C:\Users\TrisetioPutra\.m2\repository\javax\inject\javax.inject\1\javax.inject-1.jar;C:\Users\TrisetioPutra\.m2\repository\aopalliance\aopalliance\1.0\aopalliance-1.0.jar;C:\Users\TrisetioPutra\.m2\repository\org\jsoup\jsoup\1.14.3\jsoup-1.14.3.jar;C:\Users\TrisetioPutra\.m2\repository\com\thoughtworks\xstream\xstream\1.4.20\xstream-1.4.20.jar;C:\Users\TrisetioPutra\.m2\repository\io\github\x-stream\mxparser\1.2.2\mxparser-1.2.2.jar;C:\Users\TrisetioPutra\.m2\repository\xmlpull\xmlpull\1.1.3.1\xmlpull-1.1.3.1.jar;C:\Users\TrisetioPutra\.m2\repository\com\typesafe\config\1.4.2\config-1.4.2.jar;C:\Users\TrisetioPutra\.m2\repository\org\imgscalr\imgscalr-lib\4.2\imgscalr-lib-4.2.jar;C:\Users\TrisetioPutra\.m2\repository\org\awaitility\awaitility\4.2.0\awaitility-4.2.0.jar;C:\Users\TrisetioPutra\.m2\repository\org\freemarker\freemarker\2.3.31\freemarker-2.3.31.jar;C:\Users\TrisetioPutra\.m2\repository\io\github\classgraph\classgraph\4.8.138\classgraph-4.8.138.jar;C:\Users\TrisetioPutra\.m2\repository\net\sourceforge\jexcelapi\jxl\2.6.12\jxl-2.6.12.jar;C:\Users\TrisetioPutra\.m2\repository\net\bytebuddy\byte-buddy-agent\1.14.2\byte-buddy-agent-1.14.2.jar;C:\Users\TrisetioPutra\.m2\repository\org\objenesis\objenesis\3.3\objenesis-3.3.jar;C:\Users\TrisetioPutra\.m2\repository\net\serenity-bdd\serenity-reports\3.6.21\serenity-reports-3.6.21.jar;C:\Users\TrisetioPutra\.m2\repository\net\serenity-bdd\serenity-stats\3.6.21\serenity-stats-3.6.21.jar;C:\Users\TrisetioPutra\.m2\repository\net\serenity-bdd\serenity-reports-configuration\3.6.21\serenity-reports-configuration-3.6.21.jar;C:\Users\TrisetioPutra\.m2\repository\com\vladsch\flexmark\flexmark-all\0.62.2\flexmark-all-0.62.2.jar;C:\Users\TrisetioPutra\.m2\repository\com\vladsch\flexmark\flexmark\0.62.2\flexmark-0.62.2.jar;C:\Users\TrisetioPutra\.m2\repository\com\vladsch\flexmark\flexmark-ext-abbreviation\0.62.2\flexmark-ext-abbreviation-0.62.2.jar;C:\Users\TrisetioPutra\.m2\repository\com\vladsch\flexmark\flexmark-util\0.62.2\flexmark-util-0.62.2.jar;C:\Users\TrisetioPutra\.m2\repository\com\vladsch\flexmark\flexmark-ext-admonition\0.62.2\flexmark-ext-admonition-0.62.2.jar;C:\Users\TrisetioPutra\.m2\repository\com\vladsch\flexmark\flexmark-ext-anchorlink\0.62.2\flexmark-ext-anchorlink-0.62.2.jar;C:\Users\TrisetioPutra\.m2\repository\com\vladsch\flexmark\flexmark-ext-aside\0.62.2\flexmark-ext-aside-0.62.2.jar;C:\Users\TrisetioPutra\.m2\repository\com\vladsch\flexmark\flexmark-ext-attributes\0.62.2\flexmark-ext-attributes-0.62.2.jar;C:\Users\TrisetioPutra\.m2\repository\com\vladsch\flexmark\flexmark-ext-autolink\0.62.2\flexmark-ext-autolink-0.62.2.jar;C:\Users\TrisetioPutra\.m2\repository\org\nibor\autolink\autolink\0.6.0\autolink-0.6.0.jar;C:\Users\TrisetioPutra\.m2\repository\com\vladsch\flexmark\flexmark-ext-definition\0.62.2\flexmark-ext-definition-0.62.2.jar;C:\Users\TrisetioPutra\.m2\repository\com\vladsch\flexmark\flexmark-ext-emoji\0.62.2\flexmark-ext-emoji-0.62.2.jar;C:\Users\TrisetioPutra\.m2\repository\com\vladsch\flexmark\flexmark-ext-enumerated-reference\0.62.2\flexmark-ext-enumerated-reference-0.62.2.jar;C:\Users\TrisetioPutra\.m2\repository\com\vladsch\flexmark\flexmark-ext-escaped-character\0.62.2\flexmark-ext-escaped-character-0.62.2.jar;C:\Users\TrisetioPutra\.m2\repository\com\vladsch\flexmark\flexmark-ext-footnotes\0.62.2\flexmark-ext-footnotes-0.62.2.jar;C:\Users\TrisetioPutra\.m2\repository\com\vladsch\flexmark\flexmark-ext-gfm-issues\0.62.2\flexmark-ext-gfm-issues-0.62.2.jar;C:\Users\TrisetioPutra\.m2\repository\com\vladsch\flexmark\flexmark-ext-gfm-strikethrough\0.62.2\flexmark-ext-gfm-strikethrough-0.62.2.jar;C:\Users\TrisetioPutra\.m2\repository\com\vladsch\flexmark\flexmark-ext-gfm-tasklist\0.62.2\flexmark-ext-gfm-tasklist-0.62.2.jar;C:\Users\TrisetioPutra\.m2\repository\com\vladsch\flexmark\flexmark-ext-gfm-users\0.62.2\flexmark-ext-gfm-users-0.62.2.jar;C:\Users\TrisetioPutra\.m2\repository\com\vladsch\flexmark\flexmark-ext-gitlab\0.62.2\flexmark-ext-gitlab-0.62.2.jar;C:\Users\TrisetioPutra\.m2\repository\com\vladsch\flexmark\flexmark-ext-jekyll-front-matter\0.62.2\flexmark-ext-jekyll-front-matter-0.62.2.jar;C:\Users\TrisetioPutra\.m2\repository\com\vladsch\flexmark\flexmark-ext-jekyll-tag\0.62.2\flexmark-ext-jekyll-tag-0.62.2.jar;C:\Users\TrisetioPutra\.m2\repository\com\vladsch\flexmark\flexmark-ext-media-tags\0.62.2\flexmark-ext-media-tags-0.62.2.jar;C:\Users\TrisetioPutra\.m2\repository\com\vladsch\flexmark\flexmark-ext-macros\0.62.2\flexmark-ext-macros-0.62.2.jar;C:\Users\TrisetioPutra\.m2\repository\com\vladsch\flexmark\flexmark-ext-ins\0.62.2\flexmark-ext-ins-0.62.2.jar;C:\Users\TrisetioPutra\.m2\repository\com\vladsch\flexmark\flexmark-ext-xwiki-macros\0.62.2\flexmark-ext-xwiki-macros-0.62.2.jar;C:\Users\TrisetioPutra\.m2\repository\com\vladsch\flexmark\flexmark-ext-superscript\0.62.2\flexmark-ext-superscript-0.62.2.jar;C:\Users\TrisetioPutra\.m2\repository\com\vladsch\flexmark\flexmark-ext-tables\0.62.2\flexmark-ext-tables-0.62.2.jar;C:\Users\TrisetioPutra\.m2\repository\com\vladsch\flexmark\flexmark-ext-toc\0.62.2\flexmark-ext-toc-0.62.2.jar;C:\Users\TrisetioPutra\.m2\repository\com\vladsch\flexmark\flexmark-ext-typographic\0.62.2\flexmark-ext-typographic-0.62.2.jar;C:\Users\TrisetioPutra\.m2\repository\com\vladsch\flexmark\flexmark-ext-wikilink\0.62.2\flexmark-ext-wikilink-0.62.2.jar;C:\Users\TrisetioPutra\.m2\repository\com\vladsch\flexmark\flexmark-ext-yaml-front-matter\0.62.2\flexmark-ext-yaml-front-matter-0.62.2.jar;C:\Users\TrisetioPutra\.m2\repository\com\vladsch\flexmark\flexmark-ext-youtube-embedded\0.62.2\flexmark-ext-youtube-embedded-0.62.2.jar;C:\Users\TrisetioPutra\.m2\repository\com\vladsch\flexmark\flexmark-html2md-converter\0.62.2\flexmark-html2md-converter-0.62.2.jar;C:\Users\TrisetioPutra\.m2\repository\com\vladsch\flexmark\flexmark-jira-converter\0.62.2\flexmark-jira-converter-0.62.2.jar;C:\Users\TrisetioPutra\.m2\repository\com\vladsch\flexmark\flexmark-pdf-converter\0.62.2\flexmark-pdf-converter-0.62.2.jar;C:\Users\TrisetioPutra\.m2\repository\com\openhtmltopdf\openhtmltopdf-core\1.0.0\openhtmltopdf-core-1.0.0.jar;C:\Users\TrisetioPutra\.m2\repository\com\openhtmltopdf\openhtmltopdf-pdfbox\1.0.0\openhtmltopdf-pdfbox-1.0.0.jar;C:\Users\TrisetioPutra\.m2\repository\org\apache\pdfbox\pdfbox\2.0.16\pdfbox-2.0.16.jar;C:\Users\TrisetioPutra\.m2\repository\org\apache\pdfbox\fontbox\2.0.16\fontbox-2.0.16.jar;C:\Users\TrisetioPutra\.m2\repository\org\apache\pdfbox\xmpbox\2.0.16\xmpbox-2.0.16.jar;C:\Users\TrisetioPutra\.m2\repository\de\rototor\pdfbox\graphics2d\0.24\graphics2d-0.24.jar;C:\Users\TrisetioPutra\.m2\repository\com\openhtmltopdf\openhtmltopdf-rtl-support\1.0.0\openhtmltopdf-rtl-support-1.0.0.jar;C:\Users\TrisetioPutra\.m2\repository\com\openhtmltopdf\openhtmltopdf-jsoup-dom-converter\1.0.0\openhtmltopdf-jsoup-dom-converter-1.0.0.jar;C:\Users\TrisetioPutra\.m2\repository\com\vladsch\flexmark\flexmark-profile-pegdown\0.62.2\flexmark-profile-pegdown-0.62.2.jar;C:\Users\TrisetioPutra\.m2\repository\com\vladsch\flexmark\flexmark-util-ast\0.62.2\flexmark-util-ast-0.62.2.jar;C:\Users\TrisetioPutra\.m2\repository\com\vladsch\flexmark\flexmark-util-builder\0.62.2\flexmark-util-builder-0.62.2.jar;C:\Users\TrisetioPutra\.m2\repository\com\vladsch\flexmark\flexmark-util-collection\0.62.2\flexmark-util-collection-0.62.2.jar;C:\Users\TrisetioPutra\.m2\repository\com\vladsch\flexmark\flexmark-util-data\0.62.2\flexmark-util-data-0.62.2.jar;C:\Users\TrisetioPutra\.m2\repository\com\vladsch\flexmark\flexmark-util-dependency\0.62.2\flexmark-util-dependency-0.62.2.jar;C:\Users\TrisetioPutra\.m2\repository\com\vladsch\flexmark\flexmark-util-format\0.62.2\flexmark-util-format-0.62.2.jar;C:\Users\TrisetioPutra\.m2\repository\com\vladsch\flexmark\flexmark-util-html\0.62.2\flexmark-util-html-0.62.2.jar;C:\Users\TrisetioPutra\.m2\repository\com\vladsch\flexmark\flexmark-util-misc\0.62.2\flexmark-util-misc-0.62.2.jar;C:\Users\TrisetioPutra\.m2\repository\com\vladsch\flexmark\flexmark-util-options\0.62.2\flexmark-util-options-0.62.2.jar;C:\Users\TrisetioPutra\.m2\repository\com\vladsch\flexmark\flexmark-util-sequence\0.62.2\flexmark-util-sequence-0.62.2.jar;C:\Users\TrisetioPutra\.m2\repository\com\vladsch\flexmark\flexmark-util-visitor\0.62.2\flexmark-util-visitor-0.62.2.jar;C:\Users\TrisetioPutra\.m2\repository\com\vladsch\flexmark\flexmark-youtrack-converter\0.62.2\flexmark-youtrack-converter-0.62.2.jar;C:\Users\TrisetioPutra\.m2\repository\com\ibm\icu\icu4j\72.1\icu4j-72.1.jar;C:\Users\TrisetioPutra\.m2\repository\es\nitaur\markdown\txtmark\0.16\txtmark-0.16.jar;C:\Users\TrisetioPutra\.m2\repository\net\serenity-bdd\serenity-report-resources\3.6.21\serenity-report-resources-3.6.21.jar;C:\Users\TrisetioPutra\.m2\repository\com\google\code\gson\gson\2.10.1\gson-2.10.1.jar;C:\Users\TrisetioPutra\.m2\repository\com\fasterxml\jackson\core\jackson-core\2.15.0-rc1\jackson-core-2.15.0-rc1.jar;C:\Users\TrisetioPutra\.m2\repository\com\fasterxml\jackson\core\jackson-databind\2.15.0-rc1\jackson-databind-2.15.0-rc1.jar;C:\Users\TrisetioPutra\.m2\repository\com\fasterxml\jackson\core\jackson-annotations\2.15.0-rc1\jackson-annotations-2.15.0-rc1.jar;C:\Users\TrisetioPutra\.m2\repository\commons-codec\commons-codec\1.15\commons-codec-1.15.jar;C:\Users\TrisetioPutra\.m2\repository\commons-io\commons-io\2.11.0\commons-io-2.11.0.jar;C:\Users\TrisetioPutra\.m2\repository\org\apache\httpcomponents\httpclient\4.5.13\httpclient-4.5.13.jar;C:\Users\TrisetioPutra\.m2\repository\org\apache\httpcomponents\httpcore\4.4.13\httpcore-4.4.13.jar;C:\Users\TrisetioPutra\.m2\repository\commons-logging\commons-logging\1.2\commons-logging-1.2.jar;C:\Users\TrisetioPutra\.m2\repository\org\seleniumhq\selenium\selenium-java\4.8.1\selenium-java-4.8.1.jar;C:\Users\TrisetioPutra\.m2\repository\org\seleniumhq\selenium\selenium-devtools-v108\4.8.1\selenium-devtools-v108-4.8.1.jar;C:\Users\TrisetioPutra\.m2\repository\org\seleniumhq\selenium\selenium-devtools-v109\4.8.1\selenium-devtools-v109-4.8.1.jar;C:\Users\TrisetioPutra\.m2\repository\org\seleniumhq\selenium\selenium-devtools-v110\4.8.1\selenium-devtools-v110-4.8.1.jar;C:\Users\TrisetioPutra\.m2\repository\org\seleniumhq\selenium\selenium-devtools-v85\4.8.1\selenium-devtools-v85-4.8.1.jar;C:\Users\TrisetioPutra\.m2\repository\org\seleniumhq\selenium\selenium-remote-driver\4.8.1\selenium-remote-driver-4.8.1.jar;C:\Users\TrisetioPutra\.m2\repository\com\beust\jcommander\1.82\jcommander-1.82.jar;C:\Users\TrisetioPutra\.m2\repository\io\netty\netty-buffer\4.1.87.Final\netty-buffer-4.1.87.Final.jar;C:\Users\TrisetioPutra\.m2\repository\io\netty\netty-codec-http\4.1.87.Final\netty-codec-http-4.1.87.Final.jar;C:\Users\TrisetioPutra\.m2\repository\io\netty\netty-codec\4.1.87.Final\netty-codec-4.1.87.Final.jar;C:\Users\TrisetioPutra\.m2\repository\io\netty\netty-handler\4.1.87.Final\netty-handler-4.1.87.Final.jar;C:\Users\TrisetioPutra\.m2\repository\io\netty\netty-common\4.1.87.Final\netty-common-4.1.87.Final.jar;C:\Users\TrisetioPutra\.m2\repository\io\netty\netty-transport-classes-epoll\4.1.87.Final\netty-transport-classes-epoll-4.1.87.Final.jar;C:\Users\TrisetioPutra\.m2\repository\io\netty\netty-transport-classes-kqueue\4.1.87.Final\netty-transport-classes-kqueue-4.1.87.Final.jar;C:\Users\TrisetioPutra\.m2\repository\io\netty\netty-transport-native-epoll\4.1.87.Final\netty-transport-native-epoll-4.1.87.Final.jar;C:\Users\TrisetioPutra\.m2\repository\io\netty\netty-transport-native-kqueue\4.1.87.Final\netty-transport-native-kqueue-4.1.87.Final.jar;C:\Users\TrisetioPutra\.m2\repository\io\netty\netty-transport-native-unix-common\4.1.87.Final\netty-transport-native-unix-common-4.1.87.Final.jar;C:\Users\TrisetioPutra\.m2\repository\io\netty\netty-transport\4.1.87.Final\netty-transport-4.1.87.Final.jar;C:\Users\TrisetioPutra\.m2\repository\io\netty\netty-resolver\4.1.87.Final\netty-resolver-4.1.87.Final.jar;C:\Users\TrisetioPutra\.m2\repository\io\opentelemetry\opentelemetry-api\1.22.0\opentelemetry-api-1.22.0.jar;C:\Users\TrisetioPutra\.m2\repository\io\opentelemetry\opentelemetry-context\1.22.0\opentelemetry-context-1.22.0.jar;C:\Users\TrisetioPutra\.m2\repository\io\opentelemetry\opentelemetry-exporter-logging\1.22.0\opentelemetry-exporter-logging-1.22.0.jar;C:\Users\TrisetioPutra\.m2\repository\io\opentelemetry\opentelemetry-sdk-metrics\1.22.0\opentelemetry-sdk-metrics-1.22.0.jar;C:\Users\TrisetioPutra\.m2\repository\io\opentelemetry\opentelemetry-sdk-logs\1.22.0-alpha\opentelemetry-sdk-logs-1.22.0-alpha.jar;C:\Users\TrisetioPutra\.m2\repository\io\opentelemetry\opentelemetry-api-logs\1.22.0-alpha\opentelemetry-api-logs-1.22.0-alpha.jar;C:\Users\TrisetioPutra\.m2\repository\io\opentelemetry\opentelemetry-sdk-common\1.22.0\opentelemetry-sdk-common-1.22.0.jar;C:\Users\TrisetioPutra\.m2\repository\io\opentelemetry\opentelemetry-sdk-extension-autoconfigure-spi\1.22.0\opentelemetry-sdk-extension-autoconfigure-spi-1.22.0.jar;C:\Users\TrisetioPutra\.m2\repository\io\opentelemetry\opentelemetry-sdk-extension-autoconfigure\1.22.0-alpha\opentelemetry-sdk-extension-autoconfigure-1.22.0-alpha.jar;C:\Users\TrisetioPutra\.m2\repository\io\opentelemetry\opentelemetry-sdk-trace\1.22.0\opentelemetry-sdk-trace-1.22.0.jar;C:\Users\TrisetioPutra\.m2\repository\io\opentelemetry\opentelemetry-sdk\1.22.0\opentelemetry-sdk-1.22.0.jar;C:\Users\TrisetioPutra\.m2\repository\io\opentelemetry\opentelemetry-semconv\1.22.0-alpha\opentelemetry-semconv-1.22.0-alpha.jar;C:\Users\TrisetioPutra\.m2\repository\io\ous\jtoml\2.0.0\jtoml-2.0.0.jar;C:\Users\TrisetioPutra\.m2\repository\org\apache\commons\commons-exec\1.3\commons-exec-1.3.jar;C:\Users\TrisetioPutra\.m2\repository\org\asynchttpclient\async-http-client\2.12.3\async-http-client-2.12.3.jar;C:\Users\TrisetioPutra\.m2\repository\org\asynchttpclient\async-http-client-netty-utils\2.12.3\async-http-client-netty-utils-2.12.3.jar;C:\Users\TrisetioPutra\.m2\repository\io\netty\netty-codec-socks\4.1.60.Final\netty-codec-socks-4.1.60.Final.jar;C:\Users\TrisetioPutra\.m2\repository\io\netty\netty-handler-proxy\4.1.60.Final\netty-handler-proxy-4.1.60.Final.jar;C:\Users\TrisetioPutra\.m2\repository\io\netty\netty-transport-native-epoll\4.1.60.Final\netty-transport-native-epoll-4.1.60.Final-linux-x86_64.jar;C:\Users\TrisetioPutra\.m2\repository\io\netty\netty-transport-native-kqueue\4.1.60.Final\netty-transport-native-kqueue-4.1.60.Final-osx-x86_64.jar;C:\Users\TrisetioPutra\.m2\repository\org\reactivestreams\reactive-streams\1.0.3\reactive-streams-1.0.3.jar;C:\Users\TrisetioPutra\.m2\repository\com\typesafe\netty\netty-reactive-streams\2.0.4\netty-reactive-streams-2.0.4.jar;C:\Users\TrisetioPutra\.m2\repository\org\seleniumhq\selenium\selenium-manager\4.8.1\selenium-manager-4.8.1.jar;C:\Users\TrisetioPutra\.m2\repository\org\seleniumhq\selenium\selenium-safari-driver\4.8.1\selenium-safari-driver-4.8.1.jar;C:\Users\TrisetioPutra\.m2\repository\org\seleniumhq\selenium\selenium-api\4.8.1\selenium-api-4.8.1.jar;C:\Users\TrisetioPutra\.m2\repository\org\seleniumhq\selenium\selenium-support\4.8.1\selenium-support-4.8.1.jar;C:\Users\TrisetioPutra\.m2\repository\com\google\auto\service\auto-service-annotations\1.0.1\auto-service-annotations-1.0.1.jar;C:\Users\TrisetioPutra\.m2\repository\com\google\auto\service\auto-service\1.0.1\auto-service-1.0.1.jar;C:\Users\TrisetioPutra\.m2\repository\com\google\auto\auto-common\1.2\auto-common-1.2.jar;C:\Users\TrisetioPutra\.m2\repository\org\seleniumhq\selenium\selenium-json\4.8.1\selenium-json-4.8.1.jar;C:\Users\TrisetioPutra\.m2\repository\org\seleniumhq\selenium\selenium-chrome-driver\4.8.1\selenium-chrome-driver-4.8.1.jar;C:\Users\TrisetioPutra\.m2\repository\org\seleniumhq\selenium\selenium-chromium-driver\4.8.1\selenium-chromium-driver-4.8.1.jar;C:\Users\TrisetioPutra\.m2\repository\org\seleniumhq\selenium\selenium-firefox-driver\4.8.1\selenium-firefox-driver-4.8.1.jar;C:\Users\TrisetioPutra\.m2\repository\org\seleniumhq\selenium\selenium-http\4.8.1\selenium-http-4.8.1.jar;C:\Users\TrisetioPutra\.m2\repository\dev\failsafe\failsafe\3.3.0\failsafe-3.3.0.jar;C:\Users\TrisetioPutra\.m2\repository\org\seleniumhq\selenium\selenium-edge-driver\4.8.1\selenium-edge-driver-4.8.1.jar;C:\Users\TrisetioPutra\.m2\repository\org\seleniumhq\selenium\selenium-ie-driver\4.8.1\selenium-ie-driver-4.8.1.jar;C:\Users\TrisetioPutra\.m2\repository\org\projectlombok\lombok\1.18.20\lombok-1.18.20.jar;C:\Users\TrisetioPutra\.m2\repository\io\appium\java-client\8.3.0\java-client-8.3.0.jar;C:\Users\TrisetioPutra\.m2\repository\commons-validator\commons-validator\1.7\commons-validator-1.7.jar;C:\Users\TrisetioPutra\.m2\repository\commons-digester\commons-digester\2.1\commons-digester-2.1.jar;C:\Users\TrisetioPutra\.m2\repository\org\apache\groovy\groovy\4.0.10\groovy-4.0.10.jar;C:\Users\TrisetioPutra\.m2\repository\net\sf\opencsv\opencsv\2.0\opencsv-2.0.jar;C:\Users\TrisetioPutra\.m2\repository\commons-beanutils\commons-beanutils\1.9.4\commons-beanutils-1.9.4.jar;C:\Users\TrisetioPutra\.m2\repository\org\apache\commons\commons-lang3\3.12.0\commons-lang3-3.12.0.jar;C:\Users\TrisetioPutra\.m2\repository\commons-collections\commons-collections\3.2.2\commons-collections-3.2.2.jar;C:\Users\TrisetioPutra\.m2\repository\org\fluentlenium\fluentlenium-core\0.10.2\fluentlenium-core-0.10.2.jar;C:\Users\TrisetioPutra\.m2\repository\io\github\bonigarcia\webdrivermanager\5.3.0\webdrivermanager-5.3.0.jar;C:\Users\TrisetioPutra\.m2\repository\com\github\docker-java\docker-java\3.2.13\docker-java-3.2.13.jar;C:\Users\TrisetioPutra\.m2\repository\com\github\docker-java\docker-java-core\3.2.13\docker-java-core-3.2.13.jar;C:\Users\TrisetioPutra\.m2\repository\com\github\docker-java\docker-java-api\3.2.13\docker-java-api-3.2.13.jar;C:\Users\TrisetioPutra\.m2\repository\org\apache\commons\commons-compress\1.21\commons-compress-1.21.jar;C:\Users\TrisetioPutra\.m2\repository\org\bouncycastle\bcpkix-jdk15on\1.64\bcpkix-jdk15on-1.64.jar;C:\Users\TrisetioPutra\.m2\repository\org\bouncycastle\bcprov-jdk15on\1.64\bcprov-jdk15on-1.64.jar;C:\Users\TrisetioPutra\.m2\repository\org\slf4j\jcl-over-slf4j\1.7.30\jcl-over-slf4j-1.7.30.jar;C:\Users\TrisetioPutra\.m2\repository\com\github\docker-java\docker-java-transport-httpclient5\3.2.13\docker-java-transport-httpclient5-3.2.13.jar;C:\Users\TrisetioPutra\.m2\repository\com\github\docker-java\docker-java-transport\3.2.13\docker-java-transport-3.2.13.jar;C:\Users\TrisetioPutra\.m2\repository\net\java\dev\jna\jna\5.8.0\jna-5.8.0.jar;C:\Users\TrisetioPutra\.m2\repository\org\brotli\dec\0.1.2\dec-0.1.2.jar;C:\Users\TrisetioPutra\.m2\repository\org\apache\httpcomponents\client5\httpclient5\5.1.3\httpclient5-5.1.3.jar;C:\Users\TrisetioPutra\.m2\repository\org\apache\httpcomponents\core5\httpcore5\5.1.3\httpcore5-5.1.3.jar;C:\Users\TrisetioPutra\.m2\repository\org\apache\httpcomponents\core5\httpcore5-h2\5.1.3\httpcore5-h2-5.1.3.jar;C:\Users\TrisetioPutra\.m2\repository\com\jhlabs\filters\2.0.235\filters-2.0.235.jar;C:\Users\TrisetioPutra\.m2\repository\com\paulhammant\ngwebdriver\1.1.6\ngwebdriver-1.1.6.jar;C:\Users\TrisetioPutra\.m2\repository\joda-time\joda-time\2.12.2\joda-time-2.12.2.jar;C:\Users\TrisetioPutra\.m2\repository\org\hamcrest\hamcrest\2.2\hamcrest-2.2.jar;C:\Users\TrisetioPutra\.m2\repository\com\google\jimfs\jimfs\1.2\jimfs-1.2.jar;C:\Users\TrisetioPutra\.m2\repository\org\mockito\mockito-core\3.3.3\mockito-core-3.3.3.jar;C:\Users\TrisetioPutra\.m2\repository\javax\xml\bind\jaxb-api\2.3.1\jaxb-api-2.3.1.jar;C:\Users\TrisetioPutra\.m2\repository\javax\activation\javax.activation-api\1.2.0\javax.activation-api-1.2.0.jar;C:\Users\TrisetioPutra\.m2\repository\com\sun\xml\bind\jaxb-core\2.3.0.1\jaxb-core-2.3.0.1.jar;C:\Users\TrisetioPutra\.m2\repository\com\sun\xml\bind\jaxb-impl\2.3.3\jaxb-impl-2.3.3.jar;C:\Users\TrisetioPutra\.m2\repository\jakarta\xml\bind\jakarta.xml.bind-api\2.3.3\jakarta.xml.bind-api-2.3.3.jar;C:\Users\TrisetioPutra\.m2\repository\com\sun\activation\jakarta.activation\1.2.2\jakarta.activation-1.2.2.jar;C:\Users\TrisetioPutra\.m2\repository\javax\activation\activation\1.1.1\activation-1.1.1.jar;C:\Users\TrisetioPutra\.m2\repository\net\serenity-bdd\serenity-cucumber\3.6.21\serenity-cucumber-3.6.21.jar;C:\Users\TrisetioPutra\.m2\repository\io\cucumber\cucumber-core\7.11.0\cucumber-core-7.11.0.jar;C:\Users\TrisetioPutra\.m2\repository\io\cucumber\cucumber-gherkin\7.11.0\cucumber-gherkin-7.11.0.jar;C:\Users\TrisetioPutra\.m2\repository\io\cucumber\cucumber-gherkin-messages\7.11.0\cucumber-gherkin-messages-7.11.0.jar;C:\Users\TrisetioPutra\.m2\repository\io\cucumber\gherkin\26.0.3\gherkin-26.0.3.jar;C:\Users\TrisetioPutra\.m2\repository\io\cucumber\messages\21.0.1\messages-21.0.1.jar;C:\Users\TrisetioPutra\.m2\repository\io\cucumber\tag-expressions\5.0.1\tag-expressions-5.0.1.jar;C:\Users\TrisetioPutra\.m2\repository\io\cucumber\cucumber-expressions\16.1.1\cucumber-expressions-16.1.1.jar;C:\Users\TrisetioPutra\.m2\repository\io\cucumber\datatable\7.11.0\datatable-7.11.0.jar;C:\Users\TrisetioPutra\.m2\repository\io\cucumber\cucumber-plugin\7.11.0\cucumber-plugin-7.11.0.jar;C:\Users\TrisetioPutra\.m2\repository\io\cucumber\docstring\7.11.0\docstring-7.11.0.jar;C:\Users\TrisetioPutra\.m2\repository\io\cucumber\html-formatter\20.2.1\html-formatter-20.2.1.jar;C:\Users\TrisetioPutra\.m2\repository\io\cucumber\junit-xml-formatter\0.1.0\junit-xml-formatter-0.1.0.jar;C:\Users\TrisetioPutra\.m2\repository\io\cucumber\ci-environment\9.1.0\ci-environment-9.1.0.jar;C:\Users\TrisetioPutra\.m2\repository\io\cucumber\cucumber-java\7.11.0\cucumber-java-7.11.0.jar;C:\Users\TrisetioPutra\.m2\repository\io\cucumber\cucumber-junit\7.11.0\cucumber-junit-7.11.0.jar;C:\Users\TrisetioPutra\.m2\repository\org\apache\commons\commons-csv\1.5\commons-csv-1.5.jar;C:\Users\TrisetioPutra\.m2\repository\net\serenity-bdd\serenity-screenplay\3.6.21\serenity-screenplay-3.6.21.jar;C:\Users\TrisetioPutra\.m2\repository\net\serenity-bdd\serenity-screenplay-webdriver\3.6.21\serenity-screenplay-webdriver-3.6.21.jar;C:\Users\TrisetioPutra\.m2\repository\net\serenity-bdd\serenity-ensure\3.6.21\serenity-ensure-3.6.21.jar;C:\Users\TrisetioPutra\.m2\repository\net\serenity-bdd\serenity-junit\3.6.21\serenity-junit-3.6.21.jar;C:\Users\TrisetioPutra\.m2\repository\org\jetbrains\kotlin\kotlin-stdlib\1.8.10\kotlin-stdlib-1.8.10.jar;C:\Users\TrisetioPutra\.m2\repository\org\jetbrains\kotlin\kotlin-stdlib-common\1.8.10\kotlin-stdlib-common-1.8.10.jar;C:\Users\TrisetioPutra\.m2\repository\org\jetbrains\annotations\13.0\annotations-13.0.jar;C:\Users\TrisetioPutra\.m2\repository\org\junit\platform\junit-platform-launcher\1.8.2\junit-platform-launcher-1.8.2.jar;C:\Users\TrisetioPutra\.m2\repository\org\junit\platform\junit-platform-engine\1.8.2\junit-platform-engine-1.8.2.jar;C:\Users\TrisetioPutra\.m2\repository\org\opentest4j\opentest4j\1.2.0\opentest4j-1.2.0.jar;C:\Users\TrisetioPutra\.m2\repository\org\junit\platform\junit-platform-commons\1.8.2\junit-platform-commons-1.8.2.jar;C:\Users\TrisetioPutra\.m2\repository\org\apiguardian\apiguardian-api\1.1.2\apiguardian-api-1.1.2.jar;C:\Users\TrisetioPutra\.m2\repository\org\junit\jupiter\junit-jupiter-engine\5.8.2\junit-jupiter-engine-5.8.2.jar;C:\Users\TrisetioPutra\.m2\repository\org\junit\jupiter\junit-jupiter-api\5.8.2\junit-jupiter-api-5.8.2.jar;C:\Users\TrisetioPutra\.m2\repository\org\junit\vintage\junit-vintage-engine\5.8.2\junit-vintage-engine-5.8.2.jar;C:\Users\TrisetioPutra\.m2\repository\junit\junit\4.13.2\junit-4.13.2.jar;C:\Users\TrisetioPutra\.m2\repository\org\hamcrest\hamcrest-core\1.3\hamcrest-core-1.3.jar;C:\Users\TrisetioPutra\.m2\repository\ch\qos\logback\logback-classic\1.2.10\logback-classic-1.2.10.jar;C:\Users\TrisetioPutra\.m2\repository\ch\qos\logback\logback-core\1.2.10\logback-core-1.2.10.jar;C:\Users\TrisetioPutra\.m2\repository\org\slf4j\slf4j-api\1.7.32\slf4j-api-1.7.32.jar;C:\Users\TrisetioPutra\.m2\repository\org\assertj\assertj-core\3.23.1\assertj-core-3.23.1.jar;C:\Users\TrisetioPutra\.m2\repository\net\bytebuddy\byte-buddy\1.12.10\byte-buddy-1.12.10.jar;C:\Users\TrisetioPutra\.m2\repository\org\apache\maven\surefire\surefire-junit-platform\3.0.0-M5\surefire-junit-platform-3.0.0-M5.jar;C:\Users\TrisetioPutra\.m2\repository\org\apache\maven\surefire\common-java5\3.0.0-M5\common-java5-3.0.0-M5.jar"/>
    <property name="user.script" value=""/>
    <property name="java.protocol.handler.pkgs" value="com.google.common"/>
    <property name="sun.management.compiler" value="HotSpot 64-Bit Tiered Compilers"/>
    <property name="java.runtime.version" value="19+36-2238"/>
    <property name="user.name" value="TrisetioPutra"/>
    <property name="stdout.encoding" value="Cp1252"/>
    <property name="path.separator" value=";"/>
    <property name="os.version" value="10.0"/>
    <property name="java.runtime.name" value="Java(TM) SE Runtime Environment"/>
    <property name="file.encoding" value="UTF-8"/>
    <property name="webdriver.base.url" value=""/>
    <property name="java.vm.name" value="Java HotSpot(TM) 64-Bit Server VM"/>
    <property name="localRepository" value="C:\Users\TrisetioPutra\.m2\repository"/>
    <property name="java.vendor.url.bug" value="https://bugreport.java.com/bugreport/"/>
    <property name="java.io.tmpdir" value="C:\Users\TRISET~1\AppData\Local\Temp\"/>
    <property name="java.version" value="19"/>
    <property name="user.dir" value="C:\Users\TrisetioPutra\Documents\serenity_sauce\serenity-sauce-demo"/>
    <property name="os.arch" value="amd64"/>
    <property name="java.vm.specification.name" value="Java Virtual Machine Specification"/>
    <property name="sun.os.patch.level" value=""/>
    <property name="native.encoding" value="Cp1252"/>
    <property name="java.library.path" value="C:\Program Files\Java\jdk-19\bin;C:\WINDOWS\Sun\Java\bin;C:\WINDOWS\system32;C:\WINDOWS;C:\Program Files\Common Files\Oracle\Java\javapath;C:\Windows\system32;C:\Windows;C:\Windows\System32\Wbem;C:\Windows\System32\WindowsPowerShell\v1.0\;C:\Windows\System32\OpenSSH\;C:\Program Files (x86)\NVIDIA Corporation\PhysX\Common;C:\Program Files\nodejs\;C:\Program Files\Git\cmd;C:\WINDOWS\system32;C:\WINDOWS;C:\WINDOWS\System32\Wbem;C:\WINDOWS\System32\WindowsPowerShell\v1.0\;C:\WINDOWS\System32\OpenSSH\;C:\ProgramData\chocolatey\bin;C:\Program Files\NVIDIA Corporation\NVIDIA NvDLISR;C:\Users\TrisetioPutra\AppData\Local\Programs\Python\Python310\Scripts;C:\Program Files\Java\jdk-19\bin;C:\Users\TrisetioPutra\Downloads\apache-maven-3.8.8-bin\apache-maven-3.8.8\bin;C:\Users\TrisetioPutra\AppData\Local\Microsoft\WindowsApps;C:\Users\TrisetioPutra\AppData\Roaming\npm;C:\Users\TrisetioPutra\AppData\Local\Programs\Microsoft VS Code\bin;C:\tools\dart-sdk\bin;C:\Users\TrisetioPutra\AppData\Roaming\Pub\Cache\bin;C:\Users\TrisetioPutra\fvm\versions\2.5.0\bin\cache\dart-sdk\bin;C:\Users\TrisetioPutra\fvm\versions\2.5.0\bin;C:\Users\TrisetioPutra\Downloads\platform-tools_r33.0.2-windows\platform-tools;C:\Program Files (x86)\BrowserStackLoca2l\;."/>
    <property name="java.vm.info" value="mixed mode"/>
    <property name="stderr.encoding" value="Cp1252"/>
    <property name="java.vendor" value="Oracle Corporation"/>
    <property name="java.vm.version" value="19+36-2238"/>
    <property name="sun.io.unicode.encoding" value="UnicodeLittle"/>
    <property name="java.class.version" value="63.0"/>
  </properties>
  <testcase name="As user i want to be able to checkout product #1" classname="checkout" time="7.632">
    <system-out><![CDATA[19:54:28.074 [main] DEBUG net.thucydides.core.guice.Injectors - Created injector for module net.thucydides.core.guice.ThucydidesModule
19:54:28.361 [main] DEBUG io.cucumber.core.plugin.SerenityReporter - Running feature from file:///C:/Users/TrisetioPutra/Documents/serenity_sauce/serenity-sauce-demo/src/test/resources/features/Checkout.feature
19:54:28.510 [main] DEBUG net.thucydides.core.guice.Injectors - Created injector for module net.thucydides.core.guice.webdriver.WebDriverModule
19:54:28.539 [main] INFO  - 

-------------------------------------------------------------------------------------
     _______. _______ .______       _______ .__   __.  __  .___________.____    ____ 
    /       ||   ____||   _  \     |   ____||  \ |  | |  | |           |\   \  /   / 
   |   (----`|  |__   |  |_)  |    |  |__   |   \|  | |  | `---|  |----` \   \/   /  
    \   \    |   __|  |      /     |   __|  |  . `  | |  |     |  |       \_    _/   
.----)   |   |  |____ |  |\  \----.|  |____ |  |\   | |  |     |  |         |  |     
|_______/    |_______|| _| `._____||_______||__| \__| |__|     |__|         |__|    
                                                                                     
 News and tutorials at http://www.serenity-bdd.info                                  
 Documentation at https://wakaleo.gitbooks.io/the-serenity-book/content/             
 Join the Serenity Community on Gitter: https://gitter.im/serenity-bdd/serenity-core 
 Serenity BDD Support and Training at http://serenity-bdd.info/#/trainingandsupport  
-------------------------------------------------------------------------------------

19:54:28.542 [main] DEBUG net.thucydides.core.steps.StepEventBus - Test suite started for story net.thucydides.core.model.Story@65fd1e8
19:54:28.544 [main] INFO  - Test Suite Started: Checkout
19:54:28.557 [main] DEBUG io.cucumber.core.plugin.SerenityReporter - Running feature from file:///C:/Users/TrisetioPutra/Documents/serenity_sauce/serenity-sauce-demo/src/test/resources/features/Login.feature
19:54:28.561 [main] DEBUG net.thucydides.core.steps.StepEventBus - Test suite started for story net.thucydides.core.model.Story@23282f08
19:54:28.562 [main] INFO  - Test Suite Started: Login
19:54:28.562 [main] DEBUG io.cucumber.core.plugin.SerenityReporter - Running feature from file:///C:/Users/TrisetioPutra/Documents/serenity_sauce/serenity-sauce-demo/src/test/resources/features/ProductCart.feature
19:54:28.566 [main] DEBUG net.thucydides.core.steps.StepEventBus - Test suite started for story net.thucydides.core.model.Story@3498fb19
19:54:28.566 [main] INFO  - Test Suite Started: product cart
19:54:28.566 [main] DEBUG io.cucumber.core.plugin.SerenityReporter - Running feature from file:///C:/Users/TrisetioPutra/Documents/serenity_sauce/serenity-sauce-demo/src/test/resources/features/ProductDetail.feature
19:54:28.570 [main] DEBUG net.thucydides.core.steps.StepEventBus - Test suite started for story net.thucydides.core.model.Story@af5e1ff9
19:54:28.570 [main] INFO  - Test Suite Started: product detail
19:54:28.571 [main] DEBUG io.cucumber.core.plugin.SerenityReporter - Running feature from file:///C:/Users/TrisetioPutra/Documents/serenity_sauce/serenity-sauce-demo/src/test/resources/features/Checkout.feature
19:54:28.573 [main] DEBUG net.thucydides.core.steps.StepEventBus - Test suite started for story net.thucydides.core.model.Story@65fd1e8
19:54:28.573 [main] INFO  - Test Suite Started: Checkout

@checkout
Scenario Outline: As user i want to be able to checkout product         &amp#27;[90m# src/test/resources/features/Checkout.feature:15&amp#27;[0m
19:54:28.650 [main] DEBUG io.cucumber.core.plugin.SerenityReporter - Running feature from file:///C:/Users/TrisetioPutra/Documents/serenity_sauce/serenity-sauce-demo/src/test/resources/features/Checkout.feature
19:54:28.753 [main] INFO  - 
  _____   ___   ___   _____     ___   _____     _     ___   _____   ___   ___  
 |_   _| | __| / __| |_   _|   / __| |_   _|   /_\   | _ \ |_   _| | __| |   \ 
   | |   | _|  \__ \   | |     \__ \   | |    / _ \  |   /   | |   | _|  | |) |
   |_|   |___| |___/   |_|     |___/   |_|   /_/ \_\ |_|_\   |_|   |___| |___/ 

As user i want to be able to checkout product(checkout;as-user-i-want-to-be-able-to-checkout-product)
--------------------------------------------------------------------------------
19:54:28.803 [main] DEBUG net.thucydides.core.requirements.model.cucumber.CucumberParser - Loading feature C:\Users\TrisetioPutra\Documents\serenity_sauce\serenity-sauce-demo\src\test\resources\features\Checkout.feature
19:54:28.818 [main] DEBUG net.thucydides.core.requirements.model.cucumber.CucumberParser - Loading feature C:\Users\TrisetioPutra\Documents\serenity_sauce\serenity-sauce-demo\src\test\resources\features\Login.feature
19:54:28.823 [main] DEBUG net.thucydides.core.requirements.model.cucumber.CucumberParser - Loading feature C:\Users\TrisetioPutra\Documents\serenity_sauce\serenity-sauce-demo\src\test\resources\features\ProductCart.feature
19:54:28.828 [main] DEBUG net.thucydides.core.requirements.model.cucumber.CucumberParser - Loading feature C:\Users\TrisetioPutra\Documents\serenity_sauce\serenity-sauce-demo\src\test\resources\features\ProductDetail.feature
19:54:29.559 [main] INFO net.serenitybdd.core.webdriver.driverproviders.DriverProvider - Using WebDriverManager configuration for chrome
19:54:29.888 [main] DEBUG io.github.bonigarcia.wdm.cache.ResolutionCache - Resolution chrome=111 in cache (valid until 20:30:25 04/04/2023 WIB)
19:54:29.889 [main] DEBUG io.github.bonigarcia.wdm.cache.ResolutionCache - Resolution chrome111=111.0.5563.64 in cache (valid until 19:30:25 05/04/2023 WIB)
19:54:29.889 [main] INFO io.github.bonigarcia.wdm.WebDriverManager - Using chromedriver 111.0.5563.64 (resolved driver for Chrome 111)
19:54:29.901 [main] DEBUG io.github.bonigarcia.wdm.WebDriverManager - Driver chromedriver 111.0.5563.64 found in cache
19:54:29.902 [main] INFO io.github.bonigarcia.wdm.WebDriverManager - Exporting webdriver.chrome.driver as C:\Users\TrisetioPutra\.cache\selenium\chromedriver\win32\111.0.5563.64\chromedriver.exe
19:54:29.961 [main] INFO net.serenitybdd.core.webdriver.driverproviders.ChromeDriverProvider - Starting Chrome driver instance with capabilities:
19:54:29.963 [main] INFO net.serenitybdd.core.webdriver.driverproviders.ChromeDriverProvider - Capabilities {acceptInsecureCerts: true, browserName: chrome, goog:chromeOptions: {args: [remote-allow-origins=*, test-type, no-sandbox, ignore-certificate-errors, --window-size=1000,800, incognito, disable-infobars, disable-gpu, disable-default-apps, disable-popup-blocking, remote-allow-origins=*, test-type, no-sandbox, ignore-certificate-errors, --window-size=1000,800, incognito, disable-infobars, disable-gpu, disable-default-apps, disable-popup-blocking, remote-allow-origins=*], extensions: []}}
19:54:30.065 [main] DEBUG io.netty.util.internal.logging.InternalLoggerFactory - Using SLF4J as the default logging framework
19:54:30.068 [main] DEBUG io.netty.util.ResourceLeakDetector - -Dio.netty.leakDetection.level: simple
19:54:30.068 [main] DEBUG io.netty.util.ResourceLeakDetector - -Dio.netty.leakDetection.targetRecords: 4
19:54:30.071 [main] DEBUG io.netty.util.ResourceLeakDetectorFactory - Loaded default ResourceLeakDetector: io.netty.util.ResourceLeakDetector@7fac18dc
19:54:30.086 [main] DEBUG io.netty.util.internal.PlatformDependent0 - -Dio.netty.noUnsafe: false
19:54:30.087 [main] DEBUG io.netty.util.internal.PlatformDependent0 - Java version: 19
19:54:30.087 [main] DEBUG io.netty.util.internal.PlatformDependent0 - sun.misc.Unsafe.theUnsafe: available
19:54:30.088 [main] DEBUG io.netty.util.internal.PlatformDependent0 - sun.misc.Unsafe.copyMemory: available
19:54:30.088 [main] DEBUG io.netty.util.internal.PlatformDependent0 - sun.misc.Unsafe.storeFence: available
19:54:30.089 [main] DEBUG io.netty.util.internal.PlatformDependent0 - java.nio.Buffer.address: available
19:54:30.089 [main] DEBUG io.netty.util.internal.PlatformDependent0 - direct buffer constructor: unavailable: Reflective setAccessible(true) disabled
19:54:30.089 [main] DEBUG io.netty.util.internal.PlatformDependent0 - java.nio.Bits.unaligned: available, true
19:54:30.090 [main] DEBUG io.netty.util.internal.PlatformDependent0 - jdk.internal.misc.Unsafe.allocateUninitializedArray(int): unavailable: class io.netty.util.internal.PlatformDependent0$7 cannot access class jdk.internal.misc.Unsafe (in module java.base) because module java.base does not export jdk.internal.misc to unnamed module @c333c60
19:54:30.092 [main] DEBUG io.netty.util.internal.PlatformDependent0 - java.nio.DirectByteBuffer.<init>(long, int): unavailable
19:54:30.092 [main] DEBUG io.netty.util.internal.PlatformDependent - sun.misc.Unsafe: available
19:54:30.093 [main] DEBUG io.netty.util.internal.PlatformDependent - maxDirectMemory: 3720347648 bytes (maybe)
19:54:30.094 [main] DEBUG io.netty.util.internal.PlatformDependent - -Dio.netty.tmpdir: C:\Users\TRISET~1\AppData\Local\Temp (java.io.tmpdir)
19:54:30.094 [main] DEBUG io.netty.util.internal.PlatformDependent - -Dio.netty.bitMode: 64 (sun.arch.data.model)
19:54:30.094 [main] DEBUG io.netty.util.internal.PlatformDependent - Platform: Windows
19:54:30.095 [main] DEBUG io.netty.util.internal.PlatformDependent - -Dio.netty.maxDirectMemory: -1 bytes
19:54:30.095 [main] DEBUG io.netty.util.internal.PlatformDependent - -Dio.netty.uninitializedArrayAllocationThreshold: -1
19:54:30.096 [main] DEBUG io.netty.util.internal.CleanerJava9 - java.nio.ByteBuffer.cleaner(): available
19:54:30.096 [main] DEBUG io.netty.util.internal.PlatformDependent - -Dio.netty.noPreferDirect: false
19:54:30.102 [main] DEBUG io.netty.util.internal.PlatformDependent - org.jctools-core.MpscChunkedArrayQueue: available
19:54:30.119 [main] DEBUG io.netty.util.internal.InternalThreadLocalMap - -Dio.netty.threadLocalMap.stringBuilder.initialSize: 1024
19:54:30.119 [main] DEBUG io.netty.util.internal.InternalThreadLocalMap - -Dio.netty.threadLocalMap.stringBuilder.maxSize: 4096
19:54:30.194 [main] DEBUG io.netty.handler.ssl.JdkSslContext - Default protocols (JDK): [TLSv1.3, TLSv1.2] 
19:54:30.194 [main] DEBUG io.netty.handler.ssl.JdkSslContext - Default cipher suites (JDK): [TLS_ECDHE_ECDSA_WITH_AES_256_GCM_SHA384, TLS_ECDHE_ECDSA_WITH_AES_128_GCM_SHA256, TLS_ECDHE_RSA_WITH_AES_128_GCM_SHA256, TLS_ECDHE_RSA_WITH_AES_256_GCM_SHA384, TLS_ECDHE_RSA_WITH_AES_128_CBC_SHA, TLS_ECDHE_RSA_WITH_AES_256_CBC_SHA, TLS_RSA_WITH_AES_128_GCM_SHA256, TLS_RSA_WITH_AES_128_CBC_SHA, TLS_RSA_WITH_AES_256_CBC_SHA, TLS_AES_128_GCM_SHA256, TLS_AES_256_GCM_SHA384]
19:54:30.215 [main] DEBUG io.netty.channel.MultithreadEventLoopGroup - -Dio.netty.eventLoopThreads: 32
19:54:30.224 [main] DEBUG io.netty.channel.nio.NioEventLoop - -Dio.netty.noKeySetOptimization: false
19:54:30.224 [main] DEBUG io.netty.channel.nio.NioEventLoop - -Dio.netty.selectorAutoRebuildThreshold: 512
19:54:30.297 [main] DEBUG io.netty.buffer.PooledByteBufAllocator - -Dio.netty.allocator.numHeapArenas: 32
19:54:30.297 [main] DEBUG io.netty.buffer.PooledByteBufAllocator - -Dio.netty.allocator.numDirectArenas: 32
19:54:30.297 [main] DEBUG io.netty.buffer.PooledByteBufAllocator - -Dio.netty.allocator.pageSize: 8192
19:54:30.297 [main] DEBUG io.netty.buffer.PooledByteBufAllocator - -Dio.netty.allocator.maxOrder: 9
19:54:30.297 [main] DEBUG io.netty.buffer.PooledByteBufAllocator - -Dio.netty.allocator.chunkSize: 4194304
19:54:30.297 [main] DEBUG io.netty.buffer.PooledByteBufAllocator - -Dio.netty.allocator.smallCacheSize: 256
19:54:30.297 [main] DEBUG io.netty.buffer.PooledByteBufAllocator - -Dio.netty.allocator.normalCacheSize: 64
19:54:30.297 [main] DEBUG io.netty.buffer.PooledByteBufAllocator - -Dio.netty.allocator.maxCachedBufferCapacity: 32768
19:54:30.297 [main] DEBUG io.netty.buffer.PooledByteBufAllocator - -Dio.netty.allocator.cacheTrimInterval: 8192
19:54:30.297 [main] DEBUG io.netty.buffer.PooledByteBufAllocator - -Dio.netty.allocator.cacheTrimIntervalMillis: 0
19:54:30.297 [main] DEBUG io.netty.buffer.PooledByteBufAllocator - -Dio.netty.allocator.useCacheForAllThreads: false
19:54:30.297 [main] DEBUG io.netty.buffer.PooledByteBufAllocator - -Dio.netty.allocator.maxCachedByteBuffersPerChunk: 1023
19:54:30.307 [main] DEBUG io.netty.buffer.ByteBufUtil - -Dio.netty.allocator.type: pooled
19:54:30.307 [main] DEBUG io.netty.buffer.ByteBufUtil - -Dio.netty.threadLocalDirectBufferSize: 0
19:54:30.307 [main] DEBUG io.netty.buffer.ByteBufUtil - -Dio.netty.maxThreadLocalCharBufferSize: 16384
19:54:30.599 [Forwarding newSession on session null to remote] DEBUG io.netty.channel.DefaultChannelId - -Dio.netty.processId: 29736 (auto-detected)
19:54:30.601 [Forwarding newSession on session null to remote] DEBUG io.netty.util.NetUtil - -Djava.net.preferIPv4Stack: false
19:54:30.601 [Forwarding newSession on session null to remote] DEBUG io.netty.util.NetUtil - -Djava.net.preferIPv6Addresses: false
19:54:30.607 [Forwarding newSession on session null to remote] DEBUG io.netty.util.NetUtilInitializations - Loopback interface: lo (Software Loopback Interface 1, 127.0.0.1)
19:54:30.607 [Forwarding newSession on session null to remote] DEBUG io.netty.util.NetUtil - Failed to get SOMAXCONN from sysctl and file \proc\sys\net\core\somaxconn. Default: 200
19:54:30.619 [Forwarding newSession on session null to remote] DEBUG io.netty.channel.DefaultChannelId - -Dio.netty.machineId: 14:5a:fc:ff:fe:17:99:b5 (auto-detected)
19:54:30.657 [AsyncHttpClient-1-2] DEBUG io.netty.buffer.AbstractByteBuf - -Dio.netty.buffer.checkAccessible: true
19:54:30.658 [AsyncHttpClient-1-2] DEBUG io.netty.buffer.AbstractByteBuf - -Dio.netty.buffer.checkBounds: true
19:54:30.658 [AsyncHttpClient-1-2] DEBUG io.netty.util.ResourceLeakDetectorFactory - Loaded default ResourceLeakDetector: io.netty.util.ResourceLeakDetector@611502bf
19:54:30.666 [AsyncHttpClient-1-2] DEBUG org.asynchttpclient.netty.channel.NettyConnectListener - Using new Channel '[id: 0x01a89f54, L:/127.0.0.1:56347 - R:localhost/127.0.0.1:5887]' for 'POST' to '/session'
19:54:30.679 [AsyncHttpClient-1-2] DEBUG io.netty.util.Recycler - -Dio.netty.recycler.maxCapacityPerThread: 4096
19:54:30.679 [AsyncHttpClient-1-2] DEBUG io.netty.util.Recycler - -Dio.netty.recycler.ratio: 8
19:54:30.679 [AsyncHttpClient-1-2] DEBUG io.netty.util.Recycler - -Dio.netty.recycler.chunkSize: 32
19:54:30.679 [AsyncHttpClient-1-2] DEBUG io.netty.util.Recycler - -Dio.netty.recycler.blocking: false
19:54:31.306 [AsyncHttpClient-1-2] DEBUG io.netty.handler.codec.compression.Brotli - brotli4j not in the classpath; Brotli support will be unavailable.
19:54:31.306 [AsyncHttpClient-1-2] DEBUG org.asynchttpclient.netty.handler.HttpHandler - 

Request DefaultHttpRequest(decodeResult: success, version: HTTP/1.1)
POST /session HTTP/1.1
User-Agent: selenium/4.8.1 (java windows)
Content-Length: 1729
Content-Type: application/json; charset=utf-8
host: localhost:5887
accept: */*

Response DefaultHttpResponse(decodeResult: success, version: HTTP/1.1)
HTTP/1.1 200 OK
Content-Length: 862
Content-Type: application/json; charset=utf-8
cache-control: no-cache

19:54:31.315 [AsyncHttpClient-1-2] DEBUG org.asynchttpclient.netty.channel.ChannelManager - Adding key: http://localhost:5887 for channel [id: 0x01a89f54, L:/127.0.0.1:56347 - R:localhost/127.0.0.1:5887]
19:54:31.383 [AsyncHttpClient-1-3] DEBUG org.asynchttpclient.netty.channel.NettyConnectListener - Using new Channel '[id: 0xf5b7534c, L:/127.0.0.1:56354 - R:localhost/127.0.0.1:56348]' for 'GET' to '/json/version'
19:54:31.386 [AsyncHttpClient-1-3] DEBUG org.asynchttpclient.netty.handler.HttpHandler - 

Request DefaultFullHttpRequest(decodeResult: success, version: HTTP/1.1, content: EmptyByteBufBE)
GET /json/version HTTP/1.1
User-Agent: selenium/4.8.1 (java windows)
host: localhost:56348
accept: */*

Response DefaultHttpResponse(decodeResult: success, version: HTTP/1.1)
HTTP/1.1 200 OK
Content-Security-Policy: frame-ancestors 'none'
Content-Length: 424
Content-Type: application/json; charset=UTF-8

19:54:31.387 [AsyncHttpClient-1-3] DEBUG org.asynchttpclient.netty.channel.ChannelManager - Adding key: http://localhost:56348 for channel [id: 0xf5b7534c, L:/127.0.0.1:56354 - R:localhost/127.0.0.1:56348]
19:54:31.395 [main] DEBUG io.netty.util.internal.ThreadLocalRandom - -Dio.netty.initialSeedUniquifier: 0x0c645e7fc3f7728d
19:54:31.399 [AsyncHttpClient-1-4] DEBUG org.asynchttpclient.netty.channel.NettyConnectListener - Using new Channel '[id: 0x15ff21d4, L:/127.0.0.1:56355 - R:localhost/127.0.0.1:56348]' for 'GET' to '/devtools/browser/6804f025-27ce-415f-81d7-2c19b0a68d70'
19:54:31.402 [AsyncHttpClient-1-4] DEBUG org.asynchttpclient.netty.handler.WebSocketHandler - 

Request DefaultFullHttpRequest(decodeResult: success, version: HTTP/1.1, content: EmptyByteBufBE)
GET /devtools/browser/6804f025-27ce-415f-81d7-2c19b0a68d70 HTTP/1.1
upgrade: websocket
connection: upgrade
sec-websocket-key: 2mepYXVpq7qVLjD88FNWTw==
sec-websocket-version: 13
origin: http://localhost:56348
host: localhost:56348
accept: */*
user-agent: AHC/2.1

Response DefaultHttpResponse(decodeResult: success, version: HTTP/1.1)
HTTP/1.1 101 WebSocket Protocol Handshake
Upgrade: WebSocket
Connection: Upgrade
Sec-WebSocket-Accept: kcmrPva2UNZUj01oasQBrr92/YA=

19:54:31.505 [Forwarding get on session 6204a296e2bcb5078e3fc75aa48adc37 to remote] DEBUG org.asynchttpclient.netty.request.NettyRequestSender - Using pooled Channel '[id: 0x01a89f54, L:/127.0.0.1:56347 - R:localhost/127.0.0.1:5887]' for 'POST' to 'http://localhost:5887/session/6204a296e2bcb5078e3fc75aa48adc37/url'
19:54:31.505 [Forwarding get on session 6204a296e2bcb5078e3fc75aa48adc37 to remote] DEBUG org.asynchttpclient.netty.request.NettyRequestSender - Using open Channel [id: 0x01a89f54, L:/127.0.0.1:56347 - R:localhost/127.0.0.1:5887] for POST '/session/6204a296e2bcb5078e3fc75aa48adc37/url'
19:54:31.957 [AsyncHttpClient-1-2] DEBUG org.asynchttpclient.netty.handler.HttpHandler - 

Request DefaultHttpRequest(decodeResult: success, version: HTTP/1.1)
POST /session/6204a296e2bcb5078e3fc75aa48adc37/url HTTP/1.1
User-Agent: selenium/4.8.1 (java windows)
Content-Length: 56
Content-Type: application/json; charset=utf-8
host: localhost:5887
accept: */*

Response DefaultHttpResponse(decodeResult: success, version: HTTP/1.1)
HTTP/1.1 200 OK
Content-Length: 14
Content-Type: application/json; charset=utf-8
cache-control: no-cache

19:54:31.958 [AsyncHttpClient-1-2] DEBUG org.asynchttpclient.netty.channel.ChannelManager - Adding key: http://localhost:5887 for channel [id: 0x01a89f54, L:/127.0.0.1:56347 - R:localhost/127.0.0.1:5887]
19:54:31.963 [Forwarding setTimeout on session 6204a296e2bcb5078e3fc75aa48adc37 to remote] DEBUG org.asynchttpclient.netty.request.NettyRequestSender - Using pooled Channel '[id: 0x01a89f54, L:/127.0.0.1:56347 - R:localhost/127.0.0.1:5887]' for 'POST' to 'http://localhost:5887/session/6204a296e2bcb5078e3fc75aa48adc37/timeouts'
19:54:31.964 [Forwarding setTimeout on session 6204a296e2bcb5078e3fc75aa48adc37 to remote] DEBUG org.asynchttpclient.netty.request.NettyRequestSender - Using open Channel [id: 0x01a89f54, L:/127.0.0.1:56347 - R:localhost/127.0.0.1:5887] for POST '/session/6204a296e2bcb5078e3fc75aa48adc37/timeouts'
19:54:31.966 [AsyncHttpClient-1-2] DEBUG org.asynchttpclient.netty.handler.HttpHandler - 

Request DefaultHttpRequest(decodeResult: success, version: HTTP/1.1)
POST /session/6204a296e2bcb5078e3fc75aa48adc37/timeouts HTTP/1.1
User-Agent: selenium/4.8.1 (java windows)
Content-Length: 22
Content-Type: application/json; charset=utf-8
host: localhost:5887
accept: */*

Response DefaultHttpResponse(decodeResult: success, version: HTTP/1.1)
HTTP/1.1 200 OK
Content-Length: 14
Content-Type: application/json; charset=utf-8
cache-control: no-cache

19:54:31.966 [AsyncHttpClient-1-2] DEBUG org.asynchttpclient.netty.channel.ChannelManager - Adding key: http://localhost:5887 for channel [id: 0x01a89f54, L:/127.0.0.1:56347 - R:localhost/127.0.0.1:5887]
19:54:32.032 [main] DEBUG net.serenitybdd.core.photography.Darkroom - Opening darkroom
19:54:32.034 [Darkroom Processing Line] DEBUG net.serenitybdd.core.photography.DarkroomProcessingLine - Darkroom processing line starting up
19:54:32.056 [Forwarding getAlertText on session 6204a296e2bcb5078e3fc75aa48adc37 to remote] DEBUG org.asynchttpclient.netty.request.NettyRequestSender - Using pooled Channel '[id: 0x01a89f54, L:/127.0.0.1:56347 - R:localhost/127.0.0.1:5887]' for 'GET' to 'http://localhost:5887/session/6204a296e2bcb5078e3fc75aa48adc37/alert/text'
19:54:32.056 [Forwarding getAlertText on session 6204a296e2bcb5078e3fc75aa48adc37 to remote] DEBUG org.asynchttpclient.netty.request.NettyRequestSender - Using open Channel [id: 0x01a89f54, L:/127.0.0.1:56347 - R:localhost/127.0.0.1:5887] for GET '/session/6204a296e2bcb5078e3fc75aa48adc37/alert/text'
19:54:32.059 [AsyncHttpClient-1-2] DEBUG org.asynchttpclient.netty.handler.HttpHandler - 

Request DefaultFullHttpRequest(decodeResult: success, version: HTTP/1.1, content: EmptyByteBufBE)
GET /session/6204a296e2bcb5078e3fc75aa48adc37/alert/text HTTP/1.1
User-Agent: selenium/4.8.1 (java windows)
Cache-Control: no-cache
Content-Type: application/json; charset=utf-8
host: localhost:5887
accept: */*

Response DefaultHttpResponse(decodeResult: success, version: HTTP/1.1)
HTTP/1.1 404 Not Found
Content-Length: 816
Content-Type: application/json; charset=utf-8
cache-control: no-cache

19:54:32.059 [AsyncHttpClient-1-2] DEBUG org.asynchttpclient.netty.channel.ChannelManager - Adding key: http://localhost:5887 for channel [id: 0x01a89f54, L:/127.0.0.1:56347 - R:localhost/127.0.0.1:5887]
19:54:32.067 [Forwarding getCurrentUrl on session 6204a296e2bcb5078e3fc75aa48adc37 to remote] DEBUG org.asynchttpclient.netty.request.NettyRequestSender - Using pooled Channel '[id: 0x01a89f54, L:/127.0.0.1:56347 - R:localhost/127.0.0.1:5887]' for 'GET' to 'http://localhost:5887/session/6204a296e2bcb5078e3fc75aa48adc37/url'
19:54:32.067 [Forwarding getCurrentUrl on session 6204a296e2bcb5078e3fc75aa48adc37 to remote] DEBUG org.asynchttpclient.netty.request.NettyRequestSender - Using open Channel [id: 0x01a89f54, L:/127.0.0.1:56347 - R:localhost/127.0.0.1:5887] for GET '/session/6204a296e2bcb5078e3fc75aa48adc37/url'
19:54:32.073 [AsyncHttpClient-1-2] DEBUG org.asynchttpclient.netty.handler.HttpHandler - 

Request DefaultFullHttpRequest(decodeResult: success, version: HTTP/1.1, content: EmptyByteBufBE)
GET /session/6204a296e2bcb5078e3fc75aa48adc37/url HTTP/1.1
User-Agent: selenium/4.8.1 (java windows)
Cache-Control: no-cache
Content-Type: application/json; charset=utf-8
host: localhost:5887
accept: */*

Response DefaultHttpResponse(decodeResult: success, version: HTTP/1.1)
HTTP/1.1 200 OK
Content-Length: 38
Content-Type: application/json; charset=utf-8
cache-control: no-cache

19:54:32.073 [AsyncHttpClient-1-2] DEBUG org.asynchttpclient.netty.channel.ChannelManager - Adding key: http://localhost:5887 for channel [id: 0x01a89f54, L:/127.0.0.1:56347 - R:localhost/127.0.0.1:5887]
19:54:32.076 [Forwarding screenshot on session 6204a296e2bcb5078e3fc75aa48adc37 to remote] DEBUG org.asynchttpclient.netty.request.NettyRequestSender - Using pooled Channel '[id: 0x01a89f54, L:/127.0.0.1:56347 - R:localhost/127.0.0.1:5887]' for 'GET' to 'http://localhost:5887/session/6204a296e2bcb5078e3fc75aa48adc37/screenshot'
19:54:32.076 [Forwarding screenshot on session 6204a296e2bcb5078e3fc75aa48adc37 to remote] DEBUG org.asynchttpclient.netty.request.NettyRequestSender - Using open Channel [id: 0x01a89f54, L:/127.0.0.1:56347 - R:localhost/127.0.0.1:5887] for GET '/session/6204a296e2bcb5078e3fc75aa48adc37/screenshot'
19:54:32.198 [AsyncHttpClient-1-2] DEBUG org.asynchttpclient.netty.handler.HttpHandler - 

Request DefaultFullHttpRequest(decodeResult: success, version: HTTP/1.1, content: EmptyByteBufBE)
GET /session/6204a296e2bcb5078e3fc75aa48adc37/screenshot HTTP/1.1
User-Agent: selenium/4.8.1 (java windows)
Cache-Control: no-cache
Content-Type: application/json; charset=utf-8
host: localhost:5887
accept: */*

Response DefaultHttpResponse(decodeResult: success, version: HTTP/1.1)
HTTP/1.1 200 OK
Content-Length: 58480
Content-Type: application/json; charset=utf-8
cache-control: no-cache

19:54:32.200 [AsyncHttpClient-1-2] DEBUG org.asynchttpclient.netty.channel.ChannelManager - Adding key: http://localhost:5887 for channel [id: 0x01a89f54, L:/127.0.0.1:56347 - R:localhost/127.0.0.1:5887]
19:54:32.300 [main] DEBUG net.serenitybdd.core.photography.Darkroom - Send negative for processing for target\site\serenity\cb92d98072c3b75a83324d609d10345ba9940c54df6d644def90c13c11b006db.png
19:54:32.300 [Darkroom Processing Line] DEBUG net.serenitybdd.core.photography.DarkroomProcessingLine - Processing screenshot image in /var/screenshots/screenshot-2585024150295802204
19:54:32.300 [Darkroom Processing Line] DEBUG net.serenitybdd.core.photography.DarkroomProcessingLine - Saving screenshot to target\site\serenity\cb92d98072c3b75a83324d609d10345ba9940c54df6d644def90c13c11b006db.png
19:54:32.304 [Forwarding getPageSource on session 6204a296e2bcb5078e3fc75aa48adc37 to remote] DEBUG org.asynchttpclient.netty.request.NettyRequestSender - Using pooled Channel '[id: 0x01a89f54, L:/127.0.0.1:56347 - R:localhost/127.0.0.1:5887]' for 'POST' to 'http://localhost:5887/session/6204a296e2bcb5078e3fc75aa48adc37/execute/sync'
19:54:32.304 [Forwarding getPageSource on session 6204a296e2bcb5078e3fc75aa48adc37 to remote] DEBUG org.asynchttpclient.netty.request.NettyRequestSender - Using open Channel [id: 0x01a89f54, L:/127.0.0.1:56347 - R:localhost/127.0.0.1:5887] for POST '/session/6204a296e2bcb5078e3fc75aa48adc37/execute/sync'
19:54:32.309 [AsyncHttpClient-1-1] DEBUG org.asynchttpclient.netty.channel.DefaultChannelPool - Entry count for : http://localhost:56348 : 1
19:54:32.312 [AsyncHttpClient-1-2] DEBUG org.asynchttpclient.netty.handler.HttpHandler - 

Request DefaultHttpRequest(decodeResult: success, version: HTTP/1.1)
POST /session/6204a296e2bcb5078e3fc75aa48adc37/execute/sync HTTP/1.1
User-Agent: selenium/4.8.1 (java windows)
Content-Length: 176
Content-Type: application/json; charset=utf-8
host: localhost:5887
accept: */*

Response DefaultHttpResponse(decodeResult: success, version: HTTP/1.1)
HTTP/1.1 200 OK
Content-Length: 4286
Content-Type: application/json; charset=utf-8
cache-control: no-cache

19:54:32.312 [AsyncHttpClient-1-2] DEBUG org.asynchttpclient.netty.channel.ChannelManager - Adding key: http://localhost:5887 for channel [id: 0x01a89f54, L:/127.0.0.1:56347 - R:localhost/127.0.0.1:5887]
19:54:32.390 [Forwarding getCurrentUrl on session 6204a296e2bcb5078e3fc75aa48adc37 to remote] DEBUG org.asynchttpclient.netty.request.NettyRequestSender - Using pooled Channel '[id: 0x01a89f54, L:/127.0.0.1:56347 - R:localhost/127.0.0.1:5887]' for 'GET' to 'http://localhost:5887/session/6204a296e2bcb5078e3fc75aa48adc37/url'
19:54:32.390 [Forwarding getCurrentUrl on session 6204a296e2bcb5078e3fc75aa48adc37 to remote] DEBUG org.asynchttpclient.netty.request.NettyRequestSender - Using open Channel [id: 0x01a89f54, L:/127.0.0.1:56347 - R:localhost/127.0.0.1:5887] for GET '/session/6204a296e2bcb5078e3fc75aa48adc37/url'
19:54:32.394 [AsyncHttpClient-1-2] DEBUG org.asynchttpclient.netty.handler.HttpHandler - 

Request DefaultFullHttpRequest(decodeResult: success, version: HTTP/1.1, content: EmptyByteBufBE)
GET /session/6204a296e2bcb5078e3fc75aa48adc37/url HTTP/1.1
User-Agent: selenium/4.8.1 (java windows)
Cache-Control: no-cache
Content-Type: application/json; charset=utf-8
host: localhost:5887
accept: */*

Response DefaultHttpResponse(decodeResult: success, version: HTTP/1.1)
HTTP/1.1 200 OK
Content-Length: 38
Content-Type: application/json; charset=utf-8
cache-control: no-cache

19:54:32.394 [AsyncHttpClient-1-2] DEBUG org.asynchttpclient.netty.channel.ChannelManager - Adding key: http://localhost:5887 for channel [id: 0x01a89f54, L:/127.0.0.1:56347 - R:localhost/127.0.0.1:5887]
19:54:32.399 [main] DEBUG net.thucydides.core.steps.StepInterceptor - STARTING STEP: CartSteps.loginAsAUser - inputUsername
19:54:32.408 [Forwarding findElement on session 6204a296e2bcb5078e3fc75aa48adc37 to remote] DEBUG org.asynchttpclient.netty.request.NettyRequestSender - Using pooled Channel '[id: 0x01a89f54, L:/127.0.0.1:56347 - R:localhost/127.0.0.1:5887]' for 'POST' to 'http://localhost:5887/session/6204a296e2bcb5078e3fc75aa48adc37/element'
19:54:32.408 [Forwarding findElement on session 6204a296e2bcb5078e3fc75aa48adc37 to remote] DEBUG org.asynchttpclient.netty.request.NettyRequestSender - Using open Channel [id: 0x01a89f54, L:/127.0.0.1:56347 - R:localhost/127.0.0.1:5887] for POST '/session/6204a296e2bcb5078e3fc75aa48adc37/element'
19:54:32.419 [AsyncHttpClient-1-2] DEBUG org.asynchttpclient.netty.handler.HttpHandler - 

Request DefaultHttpRequest(decodeResult: success, version: HTTP/1.1)
POST /session/6204a296e2bcb5078e3fc75aa48adc37/element HTTP/1.1
User-Agent: selenium/4.8.1 (java windows)
Content-Length: 56
Content-Type: application/json; charset=utf-8
host: localhost:5887
accept: */*

Response DefaultHttpResponse(decodeResult: success, version: HTTP/1.1)
HTTP/1.1 200 OK
Content-Length: 88
Content-Type: application/json; charset=utf-8
cache-control: no-cache

19:54:32.420 [AsyncHttpClient-1-2] DEBUG org.asynchttpclient.netty.channel.ChannelManager - Adding key: http://localhost:5887 for channel [id: 0x01a89f54, L:/127.0.0.1:56347 - R:localhost/127.0.0.1:5887]
19:54:32.423 [Forwarding clearElement on session 6204a296e2bcb5078e3fc75aa48adc37 to remote] DEBUG org.asynchttpclient.netty.request.NettyRequestSender - Using pooled Channel '[id: 0x01a89f54, L:/127.0.0.1:56347 - R:localhost/127.0.0.1:5887]' for 'POST' to 'http://localhost:5887/session/6204a296e2bcb5078e3fc75aa48adc37/element/b77d32ec-2157-4d3f-8bc1-414beaa933fb/clear'
19:54:32.423 [Forwarding clearElement on session 6204a296e2bcb5078e3fc75aa48adc37 to remote] DEBUG org.asynchttpclient.netty.request.NettyRequestSender - Using open Channel [id: 0x01a89f54, L:/127.0.0.1:56347 - R:localhost/127.0.0.1:5887] for POST '/session/6204a296e2bcb5078e3fc75aa48adc37/element/b77d32ec-2157-4d3f-8bc1-414beaa933fb/clear'
19:54:32.454 [AsyncHttpClient-1-2] DEBUG org.asynchttpclient.netty.handler.HttpHandler - 

Request DefaultHttpRequest(decodeResult: success, version: HTTP/1.1)
POST /session/6204a296e2bcb5078e3fc75aa48adc37/element/b77d32ec-2157-4d3f-8bc1-414beaa933fb/clear HTTP/1.1
User-Agent: selenium/4.8.1 (java windows)
Content-Length: 50
Content-Type: application/json; charset=utf-8
host: localhost:5887
accept: */*

Response DefaultHttpResponse(decodeResult: success, version: HTTP/1.1)
HTTP/1.1 200 OK
Content-Length: 14
Content-Type: application/json; charset=utf-8
cache-control: no-cache

19:54:32.455 [AsyncHttpClient-1-2] DEBUG org.asynchttpclient.netty.channel.ChannelManager - Adding key: http://localhost:5887 for channel [id: 0x01a89f54, L:/127.0.0.1:56347 - R:localhost/127.0.0.1:5887]
19:54:32.461 [Forwarding sendKeysToElement on session 6204a296e2bcb5078e3fc75aa48adc37 to remote] DEBUG org.asynchttpclient.netty.request.NettyRequestSender - Using pooled Channel '[id: 0x01a89f54, L:/127.0.0.1:56347 - R:localhost/127.0.0.1:5887]' for 'POST' to 'http://localhost:5887/session/6204a296e2bcb5078e3fc75aa48adc37/element/b77d32ec-2157-4d3f-8bc1-414beaa933fb/value'
19:54:32.461 [Forwarding sendKeysToElement on session 6204a296e2bcb5078e3fc75aa48adc37 to remote] DEBUG org.asynchttpclient.netty.request.NettyRequestSender - Using open Channel [id: 0x01a89f54, L:/127.0.0.1:56347 - R:localhost/127.0.0.1:5887] for POST '/session/6204a296e2bcb5078e3fc75aa48adc37/element/b77d32ec-2157-4d3f-8bc1-414beaa933fb/value'
19:54:32.524 [AsyncHttpClient-1-2] DEBUG org.asynchttpclient.netty.handler.HttpHandler - 

Request DefaultHttpRequest(decodeResult: success, version: HTTP/1.1)
POST /session/6204a296e2bcb5078e3fc75aa48adc37/element/b77d32ec-2157-4d3f-8bc1-414beaa933fb/value HTTP/1.1
User-Agent: selenium/4.8.1 (java windows)
Content-Length: 211
Content-Type: application/json; charset=utf-8
host: localhost:5887
accept: */*

Response DefaultHttpResponse(decodeResult: success, version: HTTP/1.1)
HTTP/1.1 200 OK
Content-Length: 14
Content-Type: application/json; charset=utf-8
cache-control: no-cache

19:54:32.524 [AsyncHttpClient-1-2] DEBUG org.asynchttpclient.netty.channel.ChannelManager - Adding key: http://localhost:5887 for channel [id: 0x01a89f54, L:/127.0.0.1:56347 - R:localhost/127.0.0.1:5887]
19:54:32.540 [Forwarding getAlertText on session 6204a296e2bcb5078e3fc75aa48adc37 to remote] DEBUG org.asynchttpclient.netty.request.NettyRequestSender - Using pooled Channel '[id: 0x01a89f54, L:/127.0.0.1:56347 - R:localhost/127.0.0.1:5887]' for 'GET' to 'http://localhost:5887/session/6204a296e2bcb5078e3fc75aa48adc37/alert/text'
19:54:32.541 [Forwarding getAlertText on session 6204a296e2bcb5078e3fc75aa48adc37 to remote] DEBUG org.asynchttpclient.netty.request.NettyRequestSender - Using open Channel [id: 0x01a89f54, L:/127.0.0.1:56347 - R:localhost/127.0.0.1:5887] for GET '/session/6204a296e2bcb5078e3fc75aa48adc37/alert/text'
19:54:32.544 [AsyncHttpClient-1-2] DEBUG org.asynchttpclient.netty.handler.HttpHandler - 

Request DefaultFullHttpRequest(decodeResult: success, version: HTTP/1.1, content: EmptyByteBufBE)
GET /session/6204a296e2bcb5078e3fc75aa48adc37/alert/text HTTP/1.1
User-Agent: selenium/4.8.1 (java windows)
Cache-Control: no-cache
Content-Type: application/json; charset=utf-8
host: localhost:5887
accept: */*

Response DefaultHttpResponse(decodeResult: success, version: HTTP/1.1)
HTTP/1.1 404 Not Found
Content-Length: 816
Content-Type: application/json; charset=utf-8
cache-control: no-cache

19:54:32.544 [AsyncHttpClient-1-2] DEBUG org.asynchttpclient.netty.channel.ChannelManager - Adding key: http://localhost:5887 for channel [id: 0x01a89f54, L:/127.0.0.1:56347 - R:localhost/127.0.0.1:5887]
19:54:32.548 [Forwarding getCurrentUrl on session 6204a296e2bcb5078e3fc75aa48adc37 to remote] DEBUG org.asynchttpclient.netty.request.NettyRequestSender - Using pooled Channel '[id: 0x01a89f54, L:/127.0.0.1:56347 - R:localhost/127.0.0.1:5887]' for 'GET' to 'http://localhost:5887/session/6204a296e2bcb5078e3fc75aa48adc37/url'
19:54:32.548 [Forwarding getCurrentUrl on session 6204a296e2bcb5078e3fc75aa48adc37 to remote] DEBUG org.asynchttpclient.netty.request.NettyRequestSender - Using open Channel [id: 0x01a89f54, L:/127.0.0.1:56347 - R:localhost/127.0.0.1:5887] for GET '/session/6204a296e2bcb5078e3fc75aa48adc37/url'
19:54:32.552 [AsyncHttpClient-1-2] DEBUG org.asynchttpclient.netty.handler.HttpHandler - 

Request DefaultFullHttpRequest(decodeResult: success, version: HTTP/1.1, content: EmptyByteBufBE)
GET /session/6204a296e2bcb5078e3fc75aa48adc37/url HTTP/1.1
User-Agent: selenium/4.8.1 (java windows)
Cache-Control: no-cache
Content-Type: application/json; charset=utf-8
host: localhost:5887
accept: */*

Response DefaultHttpResponse(decodeResult: success, version: HTTP/1.1)
HTTP/1.1 200 OK
Content-Length: 38
Content-Type: application/json; charset=utf-8
cache-control: no-cache

19:54:32.552 [AsyncHttpClient-1-2] DEBUG org.asynchttpclient.netty.channel.ChannelManager - Adding key: http://localhost:5887 for channel [id: 0x01a89f54, L:/127.0.0.1:56347 - R:localhost/127.0.0.1:5887]
19:54:32.554 [Forwarding screenshot on session 6204a296e2bcb5078e3fc75aa48adc37 to remote] DEBUG org.asynchttpclient.netty.request.NettyRequestSender - Using pooled Channel '[id: 0x01a89f54, L:/127.0.0.1:56347 - R:localhost/127.0.0.1:5887]' for 'GET' to 'http://localhost:5887/session/6204a296e2bcb5078e3fc75aa48adc37/screenshot'
19:54:32.554 [Forwarding screenshot on session 6204a296e2bcb5078e3fc75aa48adc37 to remote] DEBUG org.asynchttpclient.netty.request.NettyRequestSender - Using open Channel [id: 0x01a89f54, L:/127.0.0.1:56347 - R:localhost/127.0.0.1:5887] for GET '/session/6204a296e2bcb5078e3fc75aa48adc37/screenshot'
19:54:32.670 [AsyncHttpClient-1-2] DEBUG org.asynchttpclient.netty.handler.HttpHandler - 

Request DefaultFullHttpRequest(decodeResult: success, version: HTTP/1.1, content: EmptyByteBufBE)
GET /session/6204a296e2bcb5078e3fc75aa48adc37/screenshot HTTP/1.1
User-Agent: selenium/4.8.1 (java windows)
Cache-Control: no-cache
Content-Type: application/json; charset=utf-8
host: localhost:5887
accept: */*

Response DefaultHttpResponse(decodeResult: success, version: HTTP/1.1)
HTTP/1.1 200 OK
Content-Length: 59376
Content-Type: application/json; charset=utf-8
cache-control: no-cache

19:54:32.671 [AsyncHttpClient-1-2] DEBUG org.asynchttpclient.netty.channel.ChannelManager - Adding key: http://localhost:5887 for channel [id: 0x01a89f54, L:/127.0.0.1:56347 - R:localhost/127.0.0.1:5887]
19:54:32.676 [main] DEBUG net.serenitybdd.core.photography.Darkroom - Send negative for processing for target\site\serenity\34df7c2a49013db09874827a64595e6a5db2797a92a71bf1a6ba69e39d9b6283.png
19:54:32.676 [Darkroom Processing Line] DEBUG net.serenitybdd.core.photography.DarkroomProcessingLine - Processing screenshot image in /var/screenshots/screenshot-1076953165530656971
19:54:32.676 [Darkroom Processing Line] DEBUG net.serenitybdd.core.photography.DarkroomProcessingLine - Saving screenshot to target\site\serenity\34df7c2a49013db09874827a64595e6a5db2797a92a71bf1a6ba69e39d9b6283.png
19:54:32.713 [main] DEBUG net.thucydides.core.steps.StepInterceptor - STEP DONE: inputUsername
19:54:32.721 [Forwarding getPageSource on session 6204a296e2bcb5078e3fc75aa48adc37 to remote] DEBUG org.asynchttpclient.netty.request.NettyRequestSender - Using pooled Channel '[id: 0x01a89f54, L:/127.0.0.1:56347 - R:localhost/127.0.0.1:5887]' for 'POST' to 'http://localhost:5887/session/6204a296e2bcb5078e3fc75aa48adc37/execute/sync'
19:54:32.721 [Forwarding getPageSource on session 6204a296e2bcb5078e3fc75aa48adc37 to remote] DEBUG org.asynchttpclient.netty.request.NettyRequestSender - Using open Channel [id: 0x01a89f54, L:/127.0.0.1:56347 - R:localhost/127.0.0.1:5887] for POST '/session/6204a296e2bcb5078e3fc75aa48adc37/execute/sync'
19:54:32.725 [AsyncHttpClient-1-2] DEBUG org.asynchttpclient.netty.handler.HttpHandler - 

Request DefaultHttpRequest(decodeResult: success, version: HTTP/1.1)
POST /session/6204a296e2bcb5078e3fc75aa48adc37/execute/sync HTTP/1.1
User-Agent: selenium/4.8.1 (java windows)
Content-Length: 176
Content-Type: application/json; charset=utf-8
host: localhost:5887
accept: */*

Response DefaultHttpResponse(decodeResult: success, version: HTTP/1.1)
HTTP/1.1 200 OK
Content-Length: 4299
Content-Type: application/json; charset=utf-8
cache-control: no-cache

19:54:32.725 [AsyncHttpClient-1-2] DEBUG org.asynchttpclient.netty.channel.ChannelManager - Adding key: http://localhost:5887 for channel [id: 0x01a89f54, L:/127.0.0.1:56347 - R:localhost/127.0.0.1:5887]
19:54:32.728 [Forwarding getCurrentUrl on session 6204a296e2bcb5078e3fc75aa48adc37 to remote] DEBUG org.asynchttpclient.netty.request.NettyRequestSender - Using pooled Channel '[id: 0x01a89f54, L:/127.0.0.1:56347 - R:localhost/127.0.0.1:5887]' for 'GET' to 'http://localhost:5887/session/6204a296e2bcb5078e3fc75aa48adc37/url'
19:54:32.728 [Forwarding getCurrentUrl on session 6204a296e2bcb5078e3fc75aa48adc37 to remote] DEBUG org.asynchttpclient.netty.request.NettyRequestSender - Using open Channel [id: 0x01a89f54, L:/127.0.0.1:56347 - R:localhost/127.0.0.1:5887] for GET '/session/6204a296e2bcb5078e3fc75aa48adc37/url'
19:54:32.731 [AsyncHttpClient-1-2] DEBUG org.asynchttpclient.netty.handler.HttpHandler - 

Request DefaultFullHttpRequest(decodeResult: success, version: HTTP/1.1, content: EmptyByteBufBE)
GET /session/6204a296e2bcb5078e3fc75aa48adc37/url HTTP/1.1
User-Agent: selenium/4.8.1 (java windows)
Cache-Control: no-cache
Content-Type: application/json; charset=utf-8
host: localhost:5887
accept: */*

Response DefaultHttpResponse(decodeResult: success, version: HTTP/1.1)
HTTP/1.1 200 OK
Content-Length: 38
Content-Type: application/json; charset=utf-8
cache-control: no-cache

19:54:32.731 [AsyncHttpClient-1-2] DEBUG org.asynchttpclient.netty.channel.ChannelManager - Adding key: http://localhost:5887 for channel [id: 0x01a89f54, L:/127.0.0.1:56347 - R:localhost/127.0.0.1:5887]
19:54:32.734 [main] DEBUG net.thucydides.core.steps.StepInterceptor - STARTING STEP: CartSteps.loginAsAUser - inputPassword
19:54:32.736 [Forwarding findElement on session 6204a296e2bcb5078e3fc75aa48adc37 to remote] DEBUG org.asynchttpclient.netty.request.NettyRequestSender - Using pooled Channel '[id: 0x01a89f54, L:/127.0.0.1:56347 - R:localhost/127.0.0.1:5887]' for 'POST' to 'http://localhost:5887/session/6204a296e2bcb5078e3fc75aa48adc37/element'
19:54:32.736 [Forwarding findElement on session 6204a296e2bcb5078e3fc75aa48adc37 to remote] DEBUG org.asynchttpclient.netty.request.NettyRequestSender - Using open Channel [id: 0x01a89f54, L:/127.0.0.1:56347 - R:localhost/127.0.0.1:5887] for POST '/session/6204a296e2bcb5078e3fc75aa48adc37/element'
19:54:32.746 [AsyncHttpClient-1-2] DEBUG org.asynchttpclient.netty.handler.HttpHandler - 

Request DefaultHttpRequest(decodeResult: success, version: HTTP/1.1)
POST /session/6204a296e2bcb5078e3fc75aa48adc37/element HTTP/1.1
User-Agent: selenium/4.8.1 (java windows)
Content-Length: 53
Content-Type: application/json; charset=utf-8
host: localhost:5887
accept: */*

Response DefaultHttpResponse(decodeResult: success, version: HTTP/1.1)
HTTP/1.1 200 OK
Content-Length: 88
Content-Type: application/json; charset=utf-8
cache-control: no-cache

19:54:32.746 [AsyncHttpClient-1-2] DEBUG org.asynchttpclient.netty.channel.ChannelManager - Adding key: http://localhost:5887 for channel [id: 0x01a89f54, L:/127.0.0.1:56347 - R:localhost/127.0.0.1:5887]
19:54:32.748 [Forwarding clearElement on session 6204a296e2bcb5078e3fc75aa48adc37 to remote] DEBUG org.asynchttpclient.netty.request.NettyRequestSender - Using pooled Channel '[id: 0x01a89f54, L:/127.0.0.1:56347 - R:localhost/127.0.0.1:5887]' for 'POST' to 'http://localhost:5887/session/6204a296e2bcb5078e3fc75aa48adc37/element/d937d53b-35cc-4472-8016-9e296e015492/clear'
19:54:32.748 [Forwarding clearElement on session 6204a296e2bcb5078e3fc75aa48adc37 to remote] DEBUG org.asynchttpclient.netty.request.NettyRequestSender - Using open Channel [id: 0x01a89f54, L:/127.0.0.1:56347 - R:localhost/127.0.0.1:5887] for POST '/session/6204a296e2bcb5078e3fc75aa48adc37/element/d937d53b-35cc-4472-8016-9e296e015492/clear'
19:54:32.771 [AsyncHttpClient-1-2] DEBUG org.asynchttpclient.netty.handler.HttpHandler - 

Request DefaultHttpRequest(decodeResult: success, version: HTTP/1.1)
POST /session/6204a296e2bcb5078e3fc75aa48adc37/element/d937d53b-35cc-4472-8016-9e296e015492/clear HTTP/1.1
User-Agent: selenium/4.8.1 (java windows)
Content-Length: 50
Content-Type: application/json; charset=utf-8
host: localhost:5887
accept: */*

Response DefaultHttpResponse(decodeResult: success, version: HTTP/1.1)
HTTP/1.1 200 OK
Content-Length: 14
Content-Type: application/json; charset=utf-8
cache-control: no-cache

19:54:32.771 [AsyncHttpClient-1-2] DEBUG org.asynchttpclient.netty.channel.ChannelManager - Adding key: http://localhost:5887 for channel [id: 0x01a89f54, L:/127.0.0.1:56347 - R:localhost/127.0.0.1:5887]
19:54:32.774 [Forwarding sendKeysToElement on session 6204a296e2bcb5078e3fc75aa48adc37 to remote] DEBUG org.asynchttpclient.netty.request.NettyRequestSender - Using pooled Channel '[id: 0x01a89f54, L:/127.0.0.1:56347 - R:localhost/127.0.0.1:5887]' for 'POST' to 'http://localhost:5887/session/6204a296e2bcb5078e3fc75aa48adc37/element/d937d53b-35cc-4472-8016-9e296e015492/value'
19:54:32.774 [Forwarding sendKeysToElement on session 6204a296e2bcb5078e3fc75aa48adc37 to remote] DEBUG org.asynchttpclient.netty.request.NettyRequestSender - Using open Channel [id: 0x01a89f54, L:/127.0.0.1:56347 - R:localhost/127.0.0.1:5887] for POST '/session/6204a296e2bcb5078e3fc75aa48adc37/element/d937d53b-35cc-4472-8016-9e296e015492/value'
19:54:32.813 [AsyncHttpClient-1-2] DEBUG org.asynchttpclient.netty.handler.HttpHandler - 

Request DefaultHttpRequest(decodeResult: success, version: HTTP/1.1)
POST /session/6204a296e2bcb5078e3fc75aa48adc37/element/d937d53b-35cc-4472-8016-9e296e015492/value HTTP/1.1
User-Agent: selenium/4.8.1 (java windows)
Content-Length: 201
Content-Type: application/json; charset=utf-8
host: localhost:5887
accept: */*

Response DefaultHttpResponse(decodeResult: success, version: HTTP/1.1)
HTTP/1.1 200 OK
Content-Length: 14
Content-Type: application/json; charset=utf-8
cache-control: no-cache

19:54:32.814 [AsyncHttpClient-1-2] DEBUG org.asynchttpclient.netty.channel.ChannelManager - Adding key: http://localhost:5887 for channel [id: 0x01a89f54, L:/127.0.0.1:56347 - R:localhost/127.0.0.1:5887]
19:54:32.819 [Forwarding getAlertText on session 6204a296e2bcb5078e3fc75aa48adc37 to remote] DEBUG org.asynchttpclient.netty.request.NettyRequestSender - Using pooled Channel '[id: 0x01a89f54, L:/127.0.0.1:56347 - R:localhost/127.0.0.1:5887]' for 'GET' to 'http://localhost:5887/session/6204a296e2bcb5078e3fc75aa48adc37/alert/text'
19:54:32.820 [Forwarding getAlertText on session 6204a296e2bcb5078e3fc75aa48adc37 to remote] DEBUG org.asynchttpclient.netty.request.NettyRequestSender - Using open Channel [id: 0x01a89f54, L:/127.0.0.1:56347 - R:localhost/127.0.0.1:5887] for GET '/session/6204a296e2bcb5078e3fc75aa48adc37/alert/text'
19:54:32.821 [AsyncHttpClient-1-2] DEBUG org.asynchttpclient.netty.handler.HttpHandler - 

Request DefaultFullHttpRequest(decodeResult: success, version: HTTP/1.1, content: EmptyByteBufBE)
GET /session/6204a296e2bcb5078e3fc75aa48adc37/alert/text HTTP/1.1
User-Agent: selenium/4.8.1 (java windows)
Cache-Control: no-cache
Content-Type: application/json; charset=utf-8
host: localhost:5887
accept: */*

Response DefaultHttpResponse(decodeResult: success, version: HTTP/1.1)
HTTP/1.1 404 Not Found
Content-Length: 816
Content-Type: application/json; charset=utf-8
cache-control: no-cache

19:54:32.822 [AsyncHttpClient-1-2] DEBUG org.asynchttpclient.netty.channel.ChannelManager - Adding key: http://localhost:5887 for channel [id: 0x01a89f54, L:/127.0.0.1:56347 - R:localhost/127.0.0.1:5887]
19:54:32.823 [Forwarding getCurrentUrl on session 6204a296e2bcb5078e3fc75aa48adc37 to remote] DEBUG org.asynchttpclient.netty.request.NettyRequestSender - Using pooled Channel '[id: 0x01a89f54, L:/127.0.0.1:56347 - R:localhost/127.0.0.1:5887]' for 'GET' to 'http://localhost:5887/session/6204a296e2bcb5078e3fc75aa48adc37/url'
19:54:32.823 [Forwarding getCurrentUrl on session 6204a296e2bcb5078e3fc75aa48adc37 to remote] DEBUG org.asynchttpclient.netty.request.NettyRequestSender - Using open Channel [id: 0x01a89f54, L:/127.0.0.1:56347 - R:localhost/127.0.0.1:5887] for GET '/session/6204a296e2bcb5078e3fc75aa48adc37/url'
19:54:32.826 [AsyncHttpClient-1-2] DEBUG org.asynchttpclient.netty.handler.HttpHandler - 

Request DefaultFullHttpRequest(decodeResult: success, version: HTTP/1.1, content: EmptyByteBufBE)
GET /session/6204a296e2bcb5078e3fc75aa48adc37/url HTTP/1.1
User-Agent: selenium/4.8.1 (java windows)
Cache-Control: no-cache
Content-Type: application/json; charset=utf-8
host: localhost:5887
accept: */*

Response DefaultHttpResponse(decodeResult: success, version: HTTP/1.1)
HTTP/1.1 200 OK
Content-Length: 38
Content-Type: application/json; charset=utf-8
cache-control: no-cache

19:54:32.827 [AsyncHttpClient-1-2] DEBUG org.asynchttpclient.netty.channel.ChannelManager - Adding key: http://localhost:5887 for channel [id: 0x01a89f54, L:/127.0.0.1:56347 - R:localhost/127.0.0.1:5887]
19:54:32.828 [Forwarding screenshot on session 6204a296e2bcb5078e3fc75aa48adc37 to remote] DEBUG org.asynchttpclient.netty.request.NettyRequestSender - Using pooled Channel '[id: 0x01a89f54, L:/127.0.0.1:56347 - R:localhost/127.0.0.1:5887]' for 'GET' to 'http://localhost:5887/session/6204a296e2bcb5078e3fc75aa48adc37/screenshot'
19:54:32.829 [Forwarding screenshot on session 6204a296e2bcb5078e3fc75aa48adc37 to remote] DEBUG org.asynchttpclient.netty.request.NettyRequestSender - Using open Channel [id: 0x01a89f54, L:/127.0.0.1:56347 - R:localhost/127.0.0.1:5887] for GET '/session/6204a296e2bcb5078e3fc75aa48adc37/screenshot'
19:54:32.945 [AsyncHttpClient-1-2] DEBUG org.asynchttpclient.netty.handler.HttpHandler - 

Request DefaultFullHttpRequest(decodeResult: success, version: HTTP/1.1, content: EmptyByteBufBE)
GET /session/6204a296e2bcb5078e3fc75aa48adc37/screenshot HTTP/1.1
User-Agent: selenium/4.8.1 (java windows)
Cache-Control: no-cache
Content-Type: application/json; charset=utf-8
host: localhost:5887
accept: */*

Response DefaultHttpResponse(decodeResult: success, version: HTTP/1.1)
HTTP/1.1 200 OK
Content-Length: 56848
Content-Type: application/json; charset=utf-8
cache-control: no-cache

19:54:32.946 [AsyncHttpClient-1-2] DEBUG org.asynchttpclient.netty.channel.ChannelManager - Adding key: http://localhost:5887 for channel [id: 0x01a89f54, L:/127.0.0.1:56347 - R:localhost/127.0.0.1:5887]
19:54:32.950 [main] DEBUG net.serenitybdd.core.photography.Darkroom - Send negative for processing for target\site\serenity\6adca94019f7156b5b02d50dcdcd86549d04d7d2a8a2bccedb68665c7405404e.png
19:54:32.950 [main] DEBUG net.thucydides.core.steps.StepInterceptor - STEP DONE: inputPassword
19:54:32.950 [Darkroom Processing Line] DEBUG net.serenitybdd.core.photography.DarkroomProcessingLine - Processing screenshot image in /var/screenshots/screenshot-3532745469073394738
19:54:32.950 [Darkroom Processing Line] DEBUG net.serenitybdd.core.photography.DarkroomProcessingLine - Saving screenshot to target\site\serenity\6adca94019f7156b5b02d50dcdcd86549d04d7d2a8a2bccedb68665c7405404e.png
19:54:32.958 [Forwarding getPageSource on session 6204a296e2bcb5078e3fc75aa48adc37 to remote] DEBUG org.asynchttpclient.netty.request.NettyRequestSender - Using pooled Channel '[id: 0x01a89f54, L:/127.0.0.1:56347 - R:localhost/127.0.0.1:5887]' for 'POST' to 'http://localhost:5887/session/6204a296e2bcb5078e3fc75aa48adc37/execute/sync'
19:54:32.959 [Forwarding getPageSource on session 6204a296e2bcb5078e3fc75aa48adc37 to remote] DEBUG org.asynchttpclient.netty.request.NettyRequestSender - Using open Channel [id: 0x01a89f54, L:/127.0.0.1:56347 - R:localhost/127.0.0.1:5887] for POST '/session/6204a296e2bcb5078e3fc75aa48adc37/execute/sync'
19:54:32.964 [AsyncHttpClient-1-2] DEBUG org.asynchttpclient.netty.handler.HttpHandler - 

Request DefaultHttpRequest(decodeResult: success, version: HTTP/1.1)
POST /session/6204a296e2bcb5078e3fc75aa48adc37/execute/sync HTTP/1.1
User-Agent: selenium/4.8.1 (java windows)
Content-Length: 176
Content-Type: application/json; charset=utf-8
host: localhost:5887
accept: */*

Response DefaultHttpResponse(decodeResult: success, version: HTTP/1.1)
HTTP/1.1 200 OK
Content-Length: 4311
Content-Type: application/json; charset=utf-8
cache-control: no-cache

19:54:32.964 [AsyncHttpClient-1-2] DEBUG org.asynchttpclient.netty.channel.ChannelManager - Adding key: http://localhost:5887 for channel [id: 0x01a89f54, L:/127.0.0.1:56347 - R:localhost/127.0.0.1:5887]
19:54:32.968 [Forwarding getCurrentUrl on session 6204a296e2bcb5078e3fc75aa48adc37 to remote] DEBUG org.asynchttpclient.netty.request.NettyRequestSender - Using pooled Channel '[id: 0x01a89f54, L:/127.0.0.1:56347 - R:localhost/127.0.0.1:5887]' for 'GET' to 'http://localhost:5887/session/6204a296e2bcb5078e3fc75aa48adc37/url'
19:54:32.968 [Forwarding getCurrentUrl on session 6204a296e2bcb5078e3fc75aa48adc37 to remote] DEBUG org.asynchttpclient.netty.request.NettyRequestSender - Using open Channel [id: 0x01a89f54, L:/127.0.0.1:56347 - R:localhost/127.0.0.1:5887] for GET '/session/6204a296e2bcb5078e3fc75aa48adc37/url'
19:54:32.972 [AsyncHttpClient-1-2] DEBUG org.asynchttpclient.netty.handler.HttpHandler - 

Request DefaultFullHttpRequest(decodeResult: success, version: HTTP/1.1, content: EmptyByteBufBE)
GET /session/6204a296e2bcb5078e3fc75aa48adc37/url HTTP/1.1
User-Agent: selenium/4.8.1 (java windows)
Cache-Control: no-cache
Content-Type: application/json; charset=utf-8
host: localhost:5887
accept: */*

Response DefaultHttpResponse(decodeResult: success, version: HTTP/1.1)
HTTP/1.1 200 OK
Content-Length: 38
Content-Type: application/json; charset=utf-8
cache-control: no-cache

19:54:32.972 [AsyncHttpClient-1-2] DEBUG org.asynchttpclient.netty.channel.ChannelManager - Adding key: http://localhost:5887 for channel [id: 0x01a89f54, L:/127.0.0.1:56347 - R:localhost/127.0.0.1:5887]
19:54:32.975 [main] DEBUG net.thucydides.core.steps.StepInterceptor - STARTING STEP: CartSteps.loginAsAUser - clickButtonLogin
19:54:32.982 [Forwarding findElement on session 6204a296e2bcb5078e3fc75aa48adc37 to remote] DEBUG org.asynchttpclient.netty.request.NettyRequestSender - Using pooled Channel '[id: 0x01a89f54, L:/127.0.0.1:56347 - R:localhost/127.0.0.1:5887]' for 'POST' to 'http://localhost:5887/session/6204a296e2bcb5078e3fc75aa48adc37/element'
19:54:32.982 [Forwarding findElement on session 6204a296e2bcb5078e3fc75aa48adc37 to remote] DEBUG org.asynchttpclient.netty.request.NettyRequestSender - Using open Channel [id: 0x01a89f54, L:/127.0.0.1:56347 - R:localhost/127.0.0.1:5887] for POST '/session/6204a296e2bcb5078e3fc75aa48adc37/element'
19:54:32.991 [AsyncHttpClient-1-2] DEBUG org.asynchttpclient.netty.handler.HttpHandler - 

Request DefaultHttpRequest(decodeResult: success, version: HTTP/1.1)
POST /session/6204a296e2bcb5078e3fc75aa48adc37/element HTTP/1.1
User-Agent: selenium/4.8.1 (java windows)
Content-Length: 59
Content-Type: application/json; charset=utf-8
host: localhost:5887
accept: */*

Response DefaultHttpResponse(decodeResult: success, version: HTTP/1.1)
HTTP/1.1 200 OK
Content-Length: 88
Content-Type: application/json; charset=utf-8
cache-control: no-cache

19:54:32.991 [AsyncHttpClient-1-2] DEBUG org.asynchttpclient.netty.channel.ChannelManager - Adding key: http://localhost:5887 for channel [id: 0x01a89f54, L:/127.0.0.1:56347 - R:localhost/127.0.0.1:5887]
19:54:32.993 [Forwarding getElementTagName on session 6204a296e2bcb5078e3fc75aa48adc37 to remote] DEBUG org.asynchttpclient.netty.request.NettyRequestSender - Using pooled Channel '[id: 0x01a89f54, L:/127.0.0.1:56347 - R:localhost/127.0.0.1:5887]' for 'GET' to 'http://localhost:5887/session/6204a296e2bcb5078e3fc75aa48adc37/element/d53f643e-d7ee-482f-b83e-998c2788711f/name'
19:54:32.993 [Forwarding getElementTagName on session 6204a296e2bcb5078e3fc75aa48adc37 to remote] DEBUG org.asynchttpclient.netty.request.NettyRequestSender - Using open Channel [id: 0x01a89f54, L:/127.0.0.1:56347 - R:localhost/127.0.0.1:5887] for GET '/session/6204a296e2bcb5078e3fc75aa48adc37/element/d53f643e-d7ee-482f-b83e-998c2788711f/name'
19:54:32.996 [AsyncHttpClient-1-2] DEBUG org.asynchttpclient.netty.handler.HttpHandler - 

Request DefaultFullHttpRequest(decodeResult: success, version: HTTP/1.1, content: EmptyByteBufBE)
GET /session/6204a296e2bcb5078e3fc75aa48adc37/element/d53f643e-d7ee-482f-b83e-998c2788711f/name HTTP/1.1
User-Agent: selenium/4.8.1 (java windows)
Cache-Control: no-cache
Content-Type: application/json; charset=utf-8
host: localhost:5887
accept: */*

Response DefaultHttpResponse(decodeResult: success, version: HTTP/1.1)
HTTP/1.1 200 OK
Content-Length: 17
Content-Type: application/json; charset=utf-8
cache-control: no-cache

19:54:32.996 [AsyncHttpClient-1-2] DEBUG org.asynchttpclient.netty.channel.ChannelManager - Adding key: http://localhost:5887 for channel [id: 0x01a89f54, L:/127.0.0.1:56347 - R:localhost/127.0.0.1:5887]
19:54:32.998 [Forwarding getElementTagName on session 6204a296e2bcb5078e3fc75aa48adc37 to remote] DEBUG org.asynchttpclient.netty.request.NettyRequestSender - Using pooled Channel '[id: 0x01a89f54, L:/127.0.0.1:56347 - R:localhost/127.0.0.1:5887]' for 'GET' to 'http://localhost:5887/session/6204a296e2bcb5078e3fc75aa48adc37/element/d53f643e-d7ee-482f-b83e-998c2788711f/name'
19:54:32.998 [Forwarding getElementTagName on session 6204a296e2bcb5078e3fc75aa48adc37 to remote] DEBUG org.asynchttpclient.netty.request.NettyRequestSender - Using open Channel [id: 0x01a89f54, L:/127.0.0.1:56347 - R:localhost/127.0.0.1:5887] for GET '/session/6204a296e2bcb5078e3fc75aa48adc37/element/d53f643e-d7ee-482f-b83e-998c2788711f/name'
19:54:33.000 [AsyncHttpClient-1-2] DEBUG org.asynchttpclient.netty.handler.HttpHandler - 

Request DefaultFullHttpRequest(decodeResult: success, version: HTTP/1.1, content: EmptyByteBufBE)
GET /session/6204a296e2bcb5078e3fc75aa48adc37/element/d53f643e-d7ee-482f-b83e-998c2788711f/name HTTP/1.1
User-Agent: selenium/4.8.1 (java windows)
Cache-Control: no-cache
Content-Type: application/json; charset=utf-8
host: localhost:5887
accept: */*

Response DefaultHttpResponse(decodeResult: success, version: HTTP/1.1)
HTTP/1.1 200 OK
Content-Length: 17
Content-Type: application/json; charset=utf-8
cache-control: no-cache

19:54:33.000 [AsyncHttpClient-1-2] DEBUG org.asynchttpclient.netty.channel.ChannelManager - Adding key: http://localhost:5887 for channel [id: 0x01a89f54, L:/127.0.0.1:56347 - R:localhost/127.0.0.1:5887]
19:54:33.003 [Forwarding isElementEnabled on session 6204a296e2bcb5078e3fc75aa48adc37 to remote] DEBUG org.asynchttpclient.netty.request.NettyRequestSender - Using pooled Channel '[id: 0x01a89f54, L:/127.0.0.1:56347 - R:localhost/127.0.0.1:5887]' for 'GET' to 'http://localhost:5887/session/6204a296e2bcb5078e3fc75aa48adc37/element/d53f643e-d7ee-482f-b83e-998c2788711f/enabled'
19:54:33.003 [Forwarding isElementEnabled on session 6204a296e2bcb5078e3fc75aa48adc37 to remote] DEBUG org.asynchttpclient.netty.request.NettyRequestSender - Using open Channel [id: 0x01a89f54, L:/127.0.0.1:56347 - R:localhost/127.0.0.1:5887] for GET '/session/6204a296e2bcb5078e3fc75aa48adc37/element/d53f643e-d7ee-482f-b83e-998c2788711f/enabled'
19:54:33.009 [AsyncHttpClient-1-2] DEBUG org.asynchttpclient.netty.handler.HttpHandler - 

Request DefaultFullHttpRequest(decodeResult: success, version: HTTP/1.1, content: EmptyByteBufBE)
GET /session/6204a296e2bcb5078e3fc75aa48adc37/element/d53f643e-d7ee-482f-b83e-998c2788711f/enabled HTTP/1.1
User-Agent: selenium/4.8.1 (java windows)
Cache-Control: no-cache
Content-Type: application/json; charset=utf-8
host: localhost:5887
accept: */*

Response DefaultHttpResponse(decodeResult: success, version: HTTP/1.1)
HTTP/1.1 200 OK
Content-Length: 14
Content-Type: application/json; charset=utf-8
cache-control: no-cache

19:54:33.009 [AsyncHttpClient-1-2] DEBUG org.asynchttpclient.netty.channel.ChannelManager - Adding key: http://localhost:5887 for channel [id: 0x01a89f54, L:/127.0.0.1:56347 - R:localhost/127.0.0.1:5887]
19:54:33.010 [Forwarding isElementEnabled on session 6204a296e2bcb5078e3fc75aa48adc37 to remote] DEBUG org.asynchttpclient.netty.request.NettyRequestSender - Using pooled Channel '[id: 0x01a89f54, L:/127.0.0.1:56347 - R:localhost/127.0.0.1:5887]' for 'GET' to 'http://localhost:5887/session/6204a296e2bcb5078e3fc75aa48adc37/element/d53f643e-d7ee-482f-b83e-998c2788711f/enabled'
19:54:33.010 [Forwarding isElementEnabled on session 6204a296e2bcb5078e3fc75aa48adc37 to remote] DEBUG org.asynchttpclient.netty.request.NettyRequestSender - Using open Channel [id: 0x01a89f54, L:/127.0.0.1:56347 - R:localhost/127.0.0.1:5887] for GET '/session/6204a296e2bcb5078e3fc75aa48adc37/element/d53f643e-d7ee-482f-b83e-998c2788711f/enabled'
19:54:33.014 [AsyncHttpClient-1-2] DEBUG org.asynchttpclient.netty.handler.HttpHandler - 

Request DefaultFullHttpRequest(decodeResult: success, version: HTTP/1.1, content: EmptyByteBufBE)
GET /session/6204a296e2bcb5078e3fc75aa48adc37/element/d53f643e-d7ee-482f-b83e-998c2788711f/enabled HTTP/1.1
User-Agent: selenium/4.8.1 (java windows)
Cache-Control: no-cache
Content-Type: application/json; charset=utf-8
host: localhost:5887
accept: */*

Response DefaultHttpResponse(decodeResult: success, version: HTTP/1.1)
HTTP/1.1 200 OK
Content-Length: 14
Content-Type: application/json; charset=utf-8
cache-control: no-cache

19:54:33.014 [AsyncHttpClient-1-2] DEBUG org.asynchttpclient.netty.channel.ChannelManager - Adding key: http://localhost:5887 for channel [id: 0x01a89f54, L:/127.0.0.1:56347 - R:localhost/127.0.0.1:5887]
19:54:33.017 [Forwarding findElement on session 6204a296e2bcb5078e3fc75aa48adc37 to remote] DEBUG org.asynchttpclient.netty.request.NettyRequestSender - Using pooled Channel '[id: 0x01a89f54, L:/127.0.0.1:56347 - R:localhost/127.0.0.1:5887]' for 'POST' to 'http://localhost:5887/session/6204a296e2bcb5078e3fc75aa48adc37/element'
19:54:33.017 [Forwarding findElement on session 6204a296e2bcb5078e3fc75aa48adc37 to remote] DEBUG org.asynchttpclient.netty.request.NettyRequestSender - Using open Channel [id: 0x01a89f54, L:/127.0.0.1:56347 - R:localhost/127.0.0.1:5887] for POST '/session/6204a296e2bcb5078e3fc75aa48adc37/element'
19:54:33.020 [AsyncHttpClient-1-2] DEBUG org.asynchttpclient.netty.handler.HttpHandler - 

Request DefaultHttpRequest(decodeResult: success, version: HTTP/1.1)
POST /session/6204a296e2bcb5078e3fc75aa48adc37/element HTTP/1.1
User-Agent: selenium/4.8.1 (java windows)
Content-Length: 59
Content-Type: application/json; charset=utf-8
host: localhost:5887
accept: */*

Response DefaultHttpResponse(decodeResult: success, version: HTTP/1.1)
HTTP/1.1 200 OK
Content-Length: 88
Content-Type: application/json; charset=utf-8
cache-control: no-cache

19:54:33.020 [AsyncHttpClient-1-2] DEBUG org.asynchttpclient.netty.channel.ChannelManager - Adding key: http://localhost:5887 for channel [id: 0x01a89f54, L:/127.0.0.1:56347 - R:localhost/127.0.0.1:5887]
19:54:33.021 [Forwarding clickElement on session 6204a296e2bcb5078e3fc75aa48adc37 to remote] DEBUG org.asynchttpclient.netty.request.NettyRequestSender - Using pooled Channel '[id: 0x01a89f54, L:/127.0.0.1:56347 - R:localhost/127.0.0.1:5887]' for 'POST' to 'http://localhost:5887/session/6204a296e2bcb5078e3fc75aa48adc37/element/d53f643e-d7ee-482f-b83e-998c2788711f/click'
19:54:33.022 [Forwarding clickElement on session 6204a296e2bcb5078e3fc75aa48adc37 to remote] DEBUG org.asynchttpclient.netty.request.NettyRequestSender - Using open Channel [id: 0x01a89f54, L:/127.0.0.1:56347 - R:localhost/127.0.0.1:5887] for POST '/session/6204a296e2bcb5078e3fc75aa48adc37/element/d53f643e-d7ee-482f-b83e-998c2788711f/click'
19:54:33.115 [AsyncHttpClient-1-2] DEBUG org.asynchttpclient.netty.handler.HttpHandler - 

Request DefaultHttpRequest(decodeResult: success, version: HTTP/1.1)
POST /session/6204a296e2bcb5078e3fc75aa48adc37/element/d53f643e-d7ee-482f-b83e-998c2788711f/click HTTP/1.1
User-Agent: selenium/4.8.1 (java windows)
Content-Length: 50
Content-Type: application/json; charset=utf-8
host: localhost:5887
accept: */*

Response DefaultHttpResponse(decodeResult: success, version: HTTP/1.1)
HTTP/1.1 200 OK
Content-Length: 14
Content-Type: application/json; charset=utf-8
cache-control: no-cache

19:54:33.116 [AsyncHttpClient-1-2] DEBUG org.asynchttpclient.netty.channel.ChannelManager - Adding key: http://localhost:5887 for channel [id: 0x01a89f54, L:/127.0.0.1:56347 - R:localhost/127.0.0.1:5887]
19:54:33.124 [Forwarding getAlertText on session 6204a296e2bcb5078e3fc75aa48adc37 to remote] DEBUG org.asynchttpclient.netty.request.NettyRequestSender - Using pooled Channel '[id: 0x01a89f54, L:/127.0.0.1:56347 - R:localhost/127.0.0.1:5887]' for 'GET' to 'http://localhost:5887/session/6204a296e2bcb5078e3fc75aa48adc37/alert/text'
19:54:33.124 [Forwarding getAlertText on session 6204a296e2bcb5078e3fc75aa48adc37 to remote] DEBUG org.asynchttpclient.netty.request.NettyRequestSender - Using open Channel [id: 0x01a89f54, L:/127.0.0.1:56347 - R:localhost/127.0.0.1:5887] for GET '/session/6204a296e2bcb5078e3fc75aa48adc37/alert/text'
19:54:33.126 [AsyncHttpClient-1-2] DEBUG org.asynchttpclient.netty.handler.HttpHandler - 

Request DefaultFullHttpRequest(decodeResult: success, version: HTTP/1.1, content: EmptyByteBufBE)
GET /session/6204a296e2bcb5078e3fc75aa48adc37/alert/text HTTP/1.1
User-Agent: selenium/4.8.1 (java windows)
Cache-Control: no-cache
Content-Type: application/json; charset=utf-8
host: localhost:5887
accept: */*

Response DefaultHttpResponse(decodeResult: success, version: HTTP/1.1)
HTTP/1.1 404 Not Found
Content-Length: 816
Content-Type: application/json; charset=utf-8
cache-control: no-cache

19:54:33.126 [AsyncHttpClient-1-2] DEBUG org.asynchttpclient.netty.channel.ChannelManager - Adding key: http://localhost:5887 for channel [id: 0x01a89f54, L:/127.0.0.1:56347 - R:localhost/127.0.0.1:5887]
19:54:33.129 [Forwarding getCurrentUrl on session 6204a296e2bcb5078e3fc75aa48adc37 to remote] DEBUG org.asynchttpclient.netty.request.NettyRequestSender - Using pooled Channel '[id: 0x01a89f54, L:/127.0.0.1:56347 - R:localhost/127.0.0.1:5887]' for 'GET' to 'http://localhost:5887/session/6204a296e2bcb5078e3fc75aa48adc37/url'
19:54:33.129 [Forwarding getCurrentUrl on session 6204a296e2bcb5078e3fc75aa48adc37 to remote] DEBUG org.asynchttpclient.netty.request.NettyRequestSender - Using open Channel [id: 0x01a89f54, L:/127.0.0.1:56347 - R:localhost/127.0.0.1:5887] for GET '/session/6204a296e2bcb5078e3fc75aa48adc37/url'
19:54:33.137 [AsyncHttpClient-1-2] DEBUG org.asynchttpclient.netty.handler.HttpHandler - 

Request DefaultFullHttpRequest(decodeResult: success, version: HTTP/1.1, content: EmptyByteBufBE)
GET /session/6204a296e2bcb5078e3fc75aa48adc37/url HTTP/1.1
User-Agent: selenium/4.8.1 (java windows)
Cache-Control: no-cache
Content-Type: application/json; charset=utf-8
host: localhost:5887
accept: */*

Response DefaultHttpResponse(decodeResult: success, version: HTTP/1.1)
HTTP/1.1 200 OK
Content-Length: 52
Content-Type: application/json; charset=utf-8
cache-control: no-cache

19:54:33.137 [AsyncHttpClient-1-2] DEBUG org.asynchttpclient.netty.channel.ChannelManager - Adding key: http://localhost:5887 for channel [id: 0x01a89f54, L:/127.0.0.1:56347 - R:localhost/127.0.0.1:5887]
19:54:33.138 [Forwarding screenshot on session 6204a296e2bcb5078e3fc75aa48adc37 to remote] DEBUG org.asynchttpclient.netty.request.NettyRequestSender - Using pooled Channel '[id: 0x01a89f54, L:/127.0.0.1:56347 - R:localhost/127.0.0.1:5887]' for 'GET' to 'http://localhost:5887/session/6204a296e2bcb5078e3fc75aa48adc37/screenshot'
19:54:33.139 [Forwarding screenshot on session 6204a296e2bcb5078e3fc75aa48adc37 to remote] DEBUG org.asynchttpclient.netty.request.NettyRequestSender - Using open Channel [id: 0x01a89f54, L:/127.0.0.1:56347 - R:localhost/127.0.0.1:5887] for GET '/session/6204a296e2bcb5078e3fc75aa48adc37/screenshot'
19:54:33.268 [AsyncHttpClient-1-2] DEBUG org.asynchttpclient.netty.handler.HttpHandler - 

Request DefaultFullHttpRequest(decodeResult: success, version: HTTP/1.1, content: EmptyByteBufBE)
GET /session/6204a296e2bcb5078e3fc75aa48adc37/screenshot HTTP/1.1
User-Agent: selenium/4.8.1 (java windows)
Cache-Control: no-cache
Content-Type: application/json; charset=utf-8
host: localhost:5887
accept: */*

Response DefaultHttpResponse(decodeResult: success, version: HTTP/1.1)
HTTP/1.1 200 OK
Content-Length: 285512
Content-Type: application/json; charset=utf-8
cache-control: no-cache

19:54:33.269 [AsyncHttpClient-1-2] DEBUG org.asynchttpclient.netty.channel.ChannelManager - Adding key: http://localhost:5887 for channel [id: 0x01a89f54, L:/127.0.0.1:56347 - R:localhost/127.0.0.1:5887]
19:54:33.280 [main] DEBUG net.serenitybdd.core.photography.Darkroom - Send negative for processing for target\site\serenity\7614ee354bf590aa041e91fab36a6d543e78d0f13e6beff2e4ea75b68483773b.png
19:54:33.281 [Darkroom Processing Line] DEBUG net.serenitybdd.core.photography.DarkroomProcessingLine - Processing screenshot image in /var/screenshots/screenshot-4481511108780097581
19:54:33.281 [Darkroom Processing Line] DEBUG net.serenitybdd.core.photography.DarkroomProcessingLine - Saving screenshot to target\site\serenity\7614ee354bf590aa041e91fab36a6d543e78d0f13e6beff2e4ea75b68483773b.png
19:54:33.281 [main] DEBUG net.thucydides.core.steps.StepInterceptor - STEP DONE: clickButtonLogin
  &amp#27;[32mGiven &amp#27;[0m&amp#27;[32mI am a logged in user&amp#27;[0m                                           &amp#27;[90m# starter.stepDefinitions.CartSteps.loginAsAUser()&amp#27;[0m
19:54:33.295 [Forwarding getPageSource on session 6204a296e2bcb5078e3fc75aa48adc37 to remote] DEBUG org.asynchttpclient.netty.request.NettyRequestSender - Using pooled Channel '[id: 0x01a89f54, L:/127.0.0.1:56347 - R:localhost/127.0.0.1:5887]' for 'POST' to 'http://localhost:5887/session/6204a296e2bcb5078e3fc75aa48adc37/execute/sync'
19:54:33.295 [Forwarding getPageSource on session 6204a296e2bcb5078e3fc75aa48adc37 to remote] DEBUG org.asynchttpclient.netty.request.NettyRequestSender - Using open Channel [id: 0x01a89f54, L:/127.0.0.1:56347 - R:localhost/127.0.0.1:5887] for POST '/session/6204a296e2bcb5078e3fc75aa48adc37/execute/sync'
19:54:33.299 [AsyncHttpClient-1-2] DEBUG org.asynchttpclient.netty.handler.HttpHandler - 

Request DefaultHttpRequest(decodeResult: success, version: HTTP/1.1)
POST /session/6204a296e2bcb5078e3fc75aa48adc37/execute/sync HTTP/1.1
User-Agent: selenium/4.8.1 (java windows)
Content-Length: 176
Content-Type: application/json; charset=utf-8
host: localhost:5887
accept: */*

Response DefaultHttpResponse(decodeResult: success, version: HTTP/1.1)
HTTP/1.1 200 OK
Content-Length: 16329
Content-Type: application/json; charset=utf-8
cache-control: no-cache

19:54:33.299 [AsyncHttpClient-1-2] DEBUG org.asynchttpclient.netty.channel.ChannelManager - Adding key: http://localhost:5887 for channel [id: 0x01a89f54, L:/127.0.0.1:56347 - R:localhost/127.0.0.1:5887]
19:54:33.305 [Forwarding getCurrentUrl on session 6204a296e2bcb5078e3fc75aa48adc37 to remote] DEBUG org.asynchttpclient.netty.request.NettyRequestSender - Using pooled Channel '[id: 0x01a89f54, L:/127.0.0.1:56347 - R:localhost/127.0.0.1:5887]' for 'GET' to 'http://localhost:5887/session/6204a296e2bcb5078e3fc75aa48adc37/url'
19:54:33.305 [Forwarding getCurrentUrl on session 6204a296e2bcb5078e3fc75aa48adc37 to remote] DEBUG org.asynchttpclient.netty.request.NettyRequestSender - Using open Channel [id: 0x01a89f54, L:/127.0.0.1:56347 - R:localhost/127.0.0.1:5887] for GET '/session/6204a296e2bcb5078e3fc75aa48adc37/url'
19:54:33.307 [AsyncHttpClient-1-2] DEBUG org.asynchttpclient.netty.handler.HttpHandler - 

Request DefaultFullHttpRequest(decodeResult: success, version: HTTP/1.1, content: EmptyByteBufBE)
GET /session/6204a296e2bcb5078e3fc75aa48adc37/url HTTP/1.1
User-Agent: selenium/4.8.1 (java windows)
Cache-Control: no-cache
Content-Type: application/json; charset=utf-8
host: localhost:5887
accept: */*

Response DefaultHttpResponse(decodeResult: success, version: HTTP/1.1)
HTTP/1.1 200 OK
Content-Length: 52
Content-Type: application/json; charset=utf-8
cache-control: no-cache

19:54:33.307 [AsyncHttpClient-1-2] DEBUG org.asynchttpclient.netty.channel.ChannelManager - Adding key: http://localhost:5887 for channel [id: 0x01a89f54, L:/127.0.0.1:56347 - R:localhost/127.0.0.1:5887]
19:54:33.407 [AsyncHttpClient-1-1] DEBUG org.asynchttpclient.netty.channel.DefaultChannelPool - Entry count for : http://localhost:5887 : 1
19:54:33.407 [AsyncHttpClient-1-1] DEBUG org.asynchttpclient.netty.channel.DefaultChannelPool - Entry count for : http://localhost:56348 : 1
19:54:33.407 [Forwarding getAlertText on session 6204a296e2bcb5078e3fc75aa48adc37 to remote] DEBUG org.asynchttpclient.netty.request.NettyRequestSender - Using pooled Channel '[id: 0x01a89f54, L:/127.0.0.1:56347 - R:localhost/127.0.0.1:5887]' for 'GET' to 'http://localhost:5887/session/6204a296e2bcb5078e3fc75aa48adc37/alert/text'
19:54:33.407 [Forwarding getAlertText on session 6204a296e2bcb5078e3fc75aa48adc37 to remote] DEBUG org.asynchttpclient.netty.request.NettyRequestSender - Using open Channel [id: 0x01a89f54, L:/127.0.0.1:56347 - R:localhost/127.0.0.1:5887] for GET '/session/6204a296e2bcb5078e3fc75aa48adc37/alert/text'
19:54:33.409 [AsyncHttpClient-1-2] DEBUG org.asynchttpclient.netty.handler.HttpHandler - 

Request DefaultFullHttpRequest(decodeResult: success, version: HTTP/1.1, content: EmptyByteBufBE)
GET /session/6204a296e2bcb5078e3fc75aa48adc37/alert/text HTTP/1.1
User-Agent: selenium/4.8.1 (java windows)
Cache-Control: no-cache
Content-Type: application/json; charset=utf-8
host: localhost:5887
accept: */*

Response DefaultHttpResponse(decodeResult: success, version: HTTP/1.1)
HTTP/1.1 404 Not Found
Content-Length: 816
Content-Type: application/json; charset=utf-8
cache-control: no-cache

19:54:33.409 [AsyncHttpClient-1-2] DEBUG org.asynchttpclient.netty.channel.ChannelManager - Adding key: http://localhost:5887 for channel [id: 0x01a89f54, L:/127.0.0.1:56347 - R:localhost/127.0.0.1:5887]
19:54:33.410 [Forwarding getCurrentUrl on session 6204a296e2bcb5078e3fc75aa48adc37 to remote] DEBUG org.asynchttpclient.netty.request.NettyRequestSender - Using pooled Channel '[id: 0x01a89f54, L:/127.0.0.1:56347 - R:localhost/127.0.0.1:5887]' for 'GET' to 'http://localhost:5887/session/6204a296e2bcb5078e3fc75aa48adc37/url'
19:54:33.410 [Forwarding getCurrentUrl on session 6204a296e2bcb5078e3fc75aa48adc37 to remote] DEBUG org.asynchttpclient.netty.request.NettyRequestSender - Using open Channel [id: 0x01a89f54, L:/127.0.0.1:56347 - R:localhost/127.0.0.1:5887] for GET '/session/6204a296e2bcb5078e3fc75aa48adc37/url'
19:54:33.413 [AsyncHttpClient-1-2] DEBUG org.asynchttpclient.netty.handler.HttpHandler - 

Request DefaultFullHttpRequest(decodeResult: success, version: HTTP/1.1, content: EmptyByteBufBE)
GET /session/6204a296e2bcb5078e3fc75aa48adc37/url HTTP/1.1
User-Agent: selenium/4.8.1 (java windows)
Cache-Control: no-cache
Content-Type: application/json; charset=utf-8
host: localhost:5887
accept: */*

Response DefaultHttpResponse(decodeResult: success, version: HTTP/1.1)
HTTP/1.1 200 OK
Content-Length: 52
Content-Type: application/json; charset=utf-8
cache-control: no-cache

19:54:33.413 [AsyncHttpClient-1-2] DEBUG org.asynchttpclient.netty.channel.ChannelManager - Adding key: http://localhost:5887 for channel [id: 0x01a89f54, L:/127.0.0.1:56347 - R:localhost/127.0.0.1:5887]
19:54:33.414 [Forwarding screenshot on session 6204a296e2bcb5078e3fc75aa48adc37 to remote] DEBUG org.asynchttpclient.netty.request.NettyRequestSender - Using pooled Channel '[id: 0x01a89f54, L:/127.0.0.1:56347 - R:localhost/127.0.0.1:5887]' for 'GET' to 'http://localhost:5887/session/6204a296e2bcb5078e3fc75aa48adc37/screenshot'
19:54:33.414 [Forwarding screenshot on session 6204a296e2bcb5078e3fc75aa48adc37 to remote] DEBUG org.asynchttpclient.netty.request.NettyRequestSender - Using open Channel [id: 0x01a89f54, L:/127.0.0.1:56347 - R:localhost/127.0.0.1:5887] for GET '/session/6204a296e2bcb5078e3fc75aa48adc37/screenshot'
19:54:33.572 [AsyncHttpClient-1-2] DEBUG org.asynchttpclient.netty.handler.HttpHandler - 

Request DefaultFullHttpRequest(decodeResult: success, version: HTTP/1.1, content: EmptyByteBufBE)
GET /session/6204a296e2bcb5078e3fc75aa48adc37/screenshot HTTP/1.1
User-Agent: selenium/4.8.1 (java windows)
Cache-Control: no-cache
Content-Type: application/json; charset=utf-8
host: localhost:5887
accept: */*

Response DefaultHttpResponse(decodeResult: success, version: HTTP/1.1)
HTTP/1.1 200 OK
Content-Length: 285512
Content-Type: application/json; charset=utf-8
cache-control: no-cache

19:54:33.574 [AsyncHttpClient-1-2] DEBUG org.asynchttpclient.netty.channel.ChannelManager - Adding key: http://localhost:5887 for channel [id: 0x01a89f54, L:/127.0.0.1:56347 - R:localhost/127.0.0.1:5887]
19:54:33.582 [main] DEBUG net.serenitybdd.core.photography.Darkroom - Send negative for processing for target\site\serenity\7614ee354bf590aa041e91fab36a6d543e78d0f13e6beff2e4ea75b68483773b.png
19:54:33.585 [Forwarding getPageSource on session 6204a296e2bcb5078e3fc75aa48adc37 to remote] DEBUG org.asynchttpclient.netty.request.NettyRequestSender - Using pooled Channel '[id: 0x01a89f54, L:/127.0.0.1:56347 - R:localhost/127.0.0.1:5887]' for 'POST' to 'http://localhost:5887/session/6204a296e2bcb5078e3fc75aa48adc37/execute/sync'
19:54:33.585 [Forwarding getPageSource on session 6204a296e2bcb5078e3fc75aa48adc37 to remote] DEBUG org.asynchttpclient.netty.request.NettyRequestSender - Using open Channel [id: 0x01a89f54, L:/127.0.0.1:56347 - R:localhost/127.0.0.1:5887] for POST '/session/6204a296e2bcb5078e3fc75aa48adc37/execute/sync'
19:54:33.591 [AsyncHttpClient-1-2] DEBUG org.asynchttpclient.netty.handler.HttpHandler - 

Request DefaultHttpRequest(decodeResult: success, version: HTTP/1.1)
POST /session/6204a296e2bcb5078e3fc75aa48adc37/execute/sync HTTP/1.1
User-Agent: selenium/4.8.1 (java windows)
Content-Length: 176
Content-Type: application/json; charset=utf-8
host: localhost:5887
accept: */*

Response DefaultHttpResponse(decodeResult: success, version: HTTP/1.1)
HTTP/1.1 200 OK
Content-Length: 16329
Content-Type: application/json; charset=utf-8
cache-control: no-cache

19:54:33.591 [AsyncHttpClient-1-2] DEBUG org.asynchttpclient.netty.channel.ChannelManager - Adding key: http://localhost:5887 for channel [id: 0x01a89f54, L:/127.0.0.1:56347 - R:localhost/127.0.0.1:5887]
19:54:33.602 [Forwarding getCurrentUrl on session 6204a296e2bcb5078e3fc75aa48adc37 to remote] DEBUG org.asynchttpclient.netty.request.NettyRequestSender - Using pooled Channel '[id: 0x01a89f54, L:/127.0.0.1:56347 - R:localhost/127.0.0.1:5887]' for 'GET' to 'http://localhost:5887/session/6204a296e2bcb5078e3fc75aa48adc37/url'
19:54:33.602 [Forwarding getCurrentUrl on session 6204a296e2bcb5078e3fc75aa48adc37 to remote] DEBUG org.asynchttpclient.netty.request.NettyRequestSender - Using open Channel [id: 0x01a89f54, L:/127.0.0.1:56347 - R:localhost/127.0.0.1:5887] for GET '/session/6204a296e2bcb5078e3fc75aa48adc37/url'
19:54:33.609 [AsyncHttpClient-1-2] DEBUG org.asynchttpclient.netty.handler.HttpHandler - 

Request DefaultFullHttpRequest(decodeResult: success, version: HTTP/1.1, content: EmptyByteBufBE)
GET /session/6204a296e2bcb5078e3fc75aa48adc37/url HTTP/1.1
User-Agent: selenium/4.8.1 (java windows)
Cache-Control: no-cache
Content-Type: application/json; charset=utf-8
host: localhost:5887
accept: */*

Response DefaultHttpResponse(decodeResult: success, version: HTTP/1.1)
HTTP/1.1 200 OK
Content-Length: 52
Content-Type: application/json; charset=utf-8
cache-control: no-cache

19:54:33.609 [AsyncHttpClient-1-2] DEBUG org.asynchttpclient.netty.channel.ChannelManager - Adding key: http://localhost:5887 for channel [id: 0x01a89f54, L:/127.0.0.1:56347 - R:localhost/127.0.0.1:5887]
19:54:33.612 [main] DEBUG net.thucydides.core.steps.StepInterceptor - STARTING STEP: CheckoutSteps.addProductToCart - clickProductTitle
19:54:33.616 [Forwarding findElement on session 6204a296e2bcb5078e3fc75aa48adc37 to remote] DEBUG org.asynchttpclient.netty.request.NettyRequestSender - Using pooled Channel '[id: 0x01a89f54, L:/127.0.0.1:56347 - R:localhost/127.0.0.1:5887]' for 'POST' to 'http://localhost:5887/session/6204a296e2bcb5078e3fc75aa48adc37/element'
19:54:33.616 [Forwarding findElement on session 6204a296e2bcb5078e3fc75aa48adc37 to remote] DEBUG org.asynchttpclient.netty.request.NettyRequestSender - Using open Channel [id: 0x01a89f54, L:/127.0.0.1:56347 - R:localhost/127.0.0.1:5887] for POST '/session/6204a296e2bcb5078e3fc75aa48adc37/element'
19:54:33.627 [AsyncHttpClient-1-2] DEBUG org.asynchttpclient.netty.handler.HttpHandler - 

Request DefaultHttpRequest(decodeResult: success, version: HTTP/1.1)
POST /session/6204a296e2bcb5078e3fc75aa48adc37/element HTTP/1.1
User-Agent: selenium/4.8.1 (java windows)
Content-Length: 82
Content-Type: application/json; charset=utf-8
host: localhost:5887
accept: */*

Response DefaultHttpResponse(decodeResult: success, version: HTTP/1.1)
HTTP/1.1 200 OK
Content-Length: 88
Content-Type: application/json; charset=utf-8
cache-control: no-cache

19:54:33.628 [AsyncHttpClient-1-2] DEBUG org.asynchttpclient.netty.channel.ChannelManager - Adding key: http://localhost:5887 for channel [id: 0x01a89f54, L:/127.0.0.1:56347 - R:localhost/127.0.0.1:5887]
19:54:33.631 [Forwarding getElementTagName on session 6204a296e2bcb5078e3fc75aa48adc37 to remote] DEBUG org.asynchttpclient.netty.request.NettyRequestSender - Using pooled Channel '[id: 0x01a89f54, L:/127.0.0.1:56347 - R:localhost/127.0.0.1:5887]' for 'GET' to 'http://localhost:5887/session/6204a296e2bcb5078e3fc75aa48adc37/element/dfcfa8b5-f9af-4d3d-9b6e-a8184dbcc557/name'
19:54:33.631 [Forwarding getElementTagName on session 6204a296e2bcb5078e3fc75aa48adc37 to remote] DEBUG org.asynchttpclient.netty.request.NettyRequestSender - Using open Channel [id: 0x01a89f54, L:/127.0.0.1:56347 - R:localhost/127.0.0.1:5887] for GET '/session/6204a296e2bcb5078e3fc75aa48adc37/element/dfcfa8b5-f9af-4d3d-9b6e-a8184dbcc557/name'
19:54:33.634 [AsyncHttpClient-1-2] DEBUG org.asynchttpclient.netty.handler.HttpHandler - 

Request DefaultFullHttpRequest(decodeResult: success, version: HTTP/1.1, content: EmptyByteBufBE)
GET /session/6204a296e2bcb5078e3fc75aa48adc37/element/dfcfa8b5-f9af-4d3d-9b6e-a8184dbcc557/name HTTP/1.1
User-Agent: selenium/4.8.1 (java windows)
Cache-Control: no-cache
Content-Type: application/json; charset=utf-8
host: localhost:5887
accept: */*

Response DefaultHttpResponse(decodeResult: success, version: HTTP/1.1)
HTTP/1.1 200 OK
Content-Length: 15
Content-Type: application/json; charset=utf-8
cache-control: no-cache

19:54:33.635 [AsyncHttpClient-1-2] DEBUG org.asynchttpclient.netty.channel.ChannelManager - Adding key: http://localhost:5887 for channel [id: 0x01a89f54, L:/127.0.0.1:56347 - R:localhost/127.0.0.1:5887]
19:54:33.636 [Forwarding getElementTagName on session 6204a296e2bcb5078e3fc75aa48adc37 to remote] DEBUG org.asynchttpclient.netty.request.NettyRequestSender - Using pooled Channel '[id: 0x01a89f54, L:/127.0.0.1:56347 - R:localhost/127.0.0.1:5887]' for 'GET' to 'http://localhost:5887/session/6204a296e2bcb5078e3fc75aa48adc37/element/dfcfa8b5-f9af-4d3d-9b6e-a8184dbcc557/name'
19:54:33.636 [Forwarding getElementTagName on session 6204a296e2bcb5078e3fc75aa48adc37 to remote] DEBUG org.asynchttpclient.netty.request.NettyRequestSender - Using open Channel [id: 0x01a89f54, L:/127.0.0.1:56347 - R:localhost/127.0.0.1:5887] for GET '/session/6204a296e2bcb5078e3fc75aa48adc37/element/dfcfa8b5-f9af-4d3d-9b6e-a8184dbcc557/name'
19:54:33.639 [AsyncHttpClient-1-2] DEBUG org.asynchttpclient.netty.handler.HttpHandler - 

Request DefaultFullHttpRequest(decodeResult: success, version: HTTP/1.1, content: EmptyByteBufBE)
GET /session/6204a296e2bcb5078e3fc75aa48adc37/element/dfcfa8b5-f9af-4d3d-9b6e-a8184dbcc557/name HTTP/1.1
User-Agent: selenium/4.8.1 (java windows)
Cache-Control: no-cache
Content-Type: application/json; charset=utf-8
host: localhost:5887
accept: */*

Response DefaultHttpResponse(decodeResult: success, version: HTTP/1.1)
HTTP/1.1 200 OK
Content-Length: 15
Content-Type: application/json; charset=utf-8
cache-control: no-cache

19:54:33.639 [AsyncHttpClient-1-2] DEBUG org.asynchttpclient.netty.channel.ChannelManager - Adding key: http://localhost:5887 for channel [id: 0x01a89f54, L:/127.0.0.1:56347 - R:localhost/127.0.0.1:5887]
19:54:33.642 [Forwarding findElement on session 6204a296e2bcb5078e3fc75aa48adc37 to remote] DEBUG org.asynchttpclient.netty.request.NettyRequestSender - Using pooled Channel '[id: 0x01a89f54, L:/127.0.0.1:56347 - R:localhost/127.0.0.1:5887]' for 'POST' to 'http://localhost:5887/session/6204a296e2bcb5078e3fc75aa48adc37/element'
19:54:33.642 [Forwarding findElement on session 6204a296e2bcb5078e3fc75aa48adc37 to remote] DEBUG org.asynchttpclient.netty.request.NettyRequestSender - Using open Channel [id: 0x01a89f54, L:/127.0.0.1:56347 - R:localhost/127.0.0.1:5887] for POST '/session/6204a296e2bcb5078e3fc75aa48adc37/element'
19:54:33.648 [AsyncHttpClient-1-2] DEBUG org.asynchttpclient.netty.handler.HttpHandler - 

Request DefaultHttpRequest(decodeResult: success, version: HTTP/1.1)
POST /session/6204a296e2bcb5078e3fc75aa48adc37/element HTTP/1.1
User-Agent: selenium/4.8.1 (java windows)
Content-Length: 82
Content-Type: application/json; charset=utf-8
host: localhost:5887
accept: */*

Response DefaultHttpResponse(decodeResult: success, version: HTTP/1.1)
HTTP/1.1 200 OK
Content-Length: 88
Content-Type: application/json; charset=utf-8
cache-control: no-cache

19:54:33.648 [AsyncHttpClient-1-2] DEBUG org.asynchttpclient.netty.channel.ChannelManager - Adding key: http://localhost:5887 for channel [id: 0x01a89f54, L:/127.0.0.1:56347 - R:localhost/127.0.0.1:5887]
19:54:33.650 [Forwarding clickElement on session 6204a296e2bcb5078e3fc75aa48adc37 to remote] DEBUG org.asynchttpclient.netty.request.NettyRequestSender - Using pooled Channel '[id: 0x01a89f54, L:/127.0.0.1:56347 - R:localhost/127.0.0.1:5887]' for 'POST' to 'http://localhost:5887/session/6204a296e2bcb5078e3fc75aa48adc37/element/dfcfa8b5-f9af-4d3d-9b6e-a8184dbcc557/click'
19:54:33.650 [Forwarding clickElement on session 6204a296e2bcb5078e3fc75aa48adc37 to remote] DEBUG org.asynchttpclient.netty.request.NettyRequestSender - Using open Channel [id: 0x01a89f54, L:/127.0.0.1:56347 - R:localhost/127.0.0.1:5887] for POST '/session/6204a296e2bcb5078e3fc75aa48adc37/element/dfcfa8b5-f9af-4d3d-9b6e-a8184dbcc557/click'
19:54:33.699 [AsyncHttpClient-1-2] DEBUG org.asynchttpclient.netty.handler.HttpHandler - 

Request DefaultHttpRequest(decodeResult: success, version: HTTP/1.1)
POST /session/6204a296e2bcb5078e3fc75aa48adc37/element/dfcfa8b5-f9af-4d3d-9b6e-a8184dbcc557/click HTTP/1.1
User-Agent: selenium/4.8.1 (java windows)
Content-Length: 50
Content-Type: application/json; charset=utf-8
host: localhost:5887
accept: */*

Response DefaultHttpResponse(decodeResult: success, version: HTTP/1.1)
HTTP/1.1 200 OK
Content-Length: 14
Content-Type: application/json; charset=utf-8
cache-control: no-cache

19:54:33.699 [AsyncHttpClient-1-2] DEBUG org.asynchttpclient.netty.channel.ChannelManager - Adding key: http://localhost:5887 for channel [id: 0x01a89f54, L:/127.0.0.1:56347 - R:localhost/127.0.0.1:5887]
19:54:33.707 [Forwarding getAlertText on session 6204a296e2bcb5078e3fc75aa48adc37 to remote] DEBUG org.asynchttpclient.netty.request.NettyRequestSender - Using pooled Channel '[id: 0x01a89f54, L:/127.0.0.1:56347 - R:localhost/127.0.0.1:5887]' for 'GET' to 'http://localhost:5887/session/6204a296e2bcb5078e3fc75aa48adc37/alert/text'
19:54:33.707 [Forwarding getAlertText on session 6204a296e2bcb5078e3fc75aa48adc37 to remote] DEBUG org.asynchttpclient.netty.request.NettyRequestSender - Using open Channel [id: 0x01a89f54, L:/127.0.0.1:56347 - R:localhost/127.0.0.1:5887] for GET '/session/6204a296e2bcb5078e3fc75aa48adc37/alert/text'
19:54:33.709 [AsyncHttpClient-1-2] DEBUG org.asynchttpclient.netty.handler.HttpHandler - 

Request DefaultFullHttpRequest(decodeResult: success, version: HTTP/1.1, content: EmptyByteBufBE)
GET /session/6204a296e2bcb5078e3fc75aa48adc37/alert/text HTTP/1.1
User-Agent: selenium/4.8.1 (java windows)
Cache-Control: no-cache
Content-Type: application/json; charset=utf-8
host: localhost:5887
accept: */*

Response DefaultHttpResponse(decodeResult: success, version: HTTP/1.1)
HTTP/1.1 404 Not Found
Content-Length: 816
Content-Type: application/json; charset=utf-8
cache-control: no-cache

19:54:33.709 [AsyncHttpClient-1-2] DEBUG org.asynchttpclient.netty.channel.ChannelManager - Adding key: http://localhost:5887 for channel [id: 0x01a89f54, L:/127.0.0.1:56347 - R:localhost/127.0.0.1:5887]
19:54:33.711 [Forwarding getCurrentUrl on session 6204a296e2bcb5078e3fc75aa48adc37 to remote] DEBUG org.asynchttpclient.netty.request.NettyRequestSender - Using pooled Channel '[id: 0x01a89f54, L:/127.0.0.1:56347 - R:localhost/127.0.0.1:5887]' for 'GET' to 'http://localhost:5887/session/6204a296e2bcb5078e3fc75aa48adc37/url'
19:54:33.711 [Forwarding getCurrentUrl on session 6204a296e2bcb5078e3fc75aa48adc37 to remote] DEBUG org.asynchttpclient.netty.request.NettyRequestSender - Using open Channel [id: 0x01a89f54, L:/127.0.0.1:56347 - R:localhost/127.0.0.1:5887] for GET '/session/6204a296e2bcb5078e3fc75aa48adc37/url'
19:54:33.715 [AsyncHttpClient-1-2] DEBUG org.asynchttpclient.netty.handler.HttpHandler - 

Request DefaultFullHttpRequest(decodeResult: success, version: HTTP/1.1, content: EmptyByteBufBE)
GET /session/6204a296e2bcb5078e3fc75aa48adc37/url HTTP/1.1
User-Agent: selenium/4.8.1 (java windows)
Cache-Control: no-cache
Content-Type: application/json; charset=utf-8
host: localhost:5887
accept: */*

Response DefaultHttpResponse(decodeResult: success, version: HTTP/1.1)
HTTP/1.1 200 OK
Content-Length: 62
Content-Type: application/json; charset=utf-8
cache-control: no-cache

19:54:33.715 [AsyncHttpClient-1-2] DEBUG org.asynchttpclient.netty.channel.ChannelManager - Adding key: http://localhost:5887 for channel [id: 0x01a89f54, L:/127.0.0.1:56347 - R:localhost/127.0.0.1:5887]
19:54:33.717 [Forwarding screenshot on session 6204a296e2bcb5078e3fc75aa48adc37 to remote] DEBUG org.asynchttpclient.netty.request.NettyRequestSender - Using pooled Channel '[id: 0x01a89f54, L:/127.0.0.1:56347 - R:localhost/127.0.0.1:5887]' for 'GET' to 'http://localhost:5887/session/6204a296e2bcb5078e3fc75aa48adc37/screenshot'
19:54:33.717 [Forwarding screenshot on session 6204a296e2bcb5078e3fc75aa48adc37 to remote] DEBUG org.asynchttpclient.netty.request.NettyRequestSender - Using open Channel [id: 0x01a89f54, L:/127.0.0.1:56347 - R:localhost/127.0.0.1:5887] for GET '/session/6204a296e2bcb5078e3fc75aa48adc37/screenshot'
19:54:33.892 [AsyncHttpClient-1-2] DEBUG org.asynchttpclient.netty.handler.HttpHandler - 

Request DefaultFullHttpRequest(decodeResult: success, version: HTTP/1.1, content: EmptyByteBufBE)
GET /session/6204a296e2bcb5078e3fc75aa48adc37/screenshot HTTP/1.1
User-Agent: selenium/4.8.1 (java windows)
Cache-Control: no-cache
Content-Type: application/json; charset=utf-8
host: localhost:5887
accept: */*

Response DefaultHttpResponse(decodeResult: success, version: HTTP/1.1)
HTTP/1.1 200 OK
Content-Length: 423156
Content-Type: application/json; charset=utf-8
cache-control: no-cache

19:54:33.894 [AsyncHttpClient-1-2] DEBUG org.asynchttpclient.netty.channel.ChannelManager - Adding key: http://localhost:5887 for channel [id: 0x01a89f54, L:/127.0.0.1:56347 - R:localhost/127.0.0.1:5887]
19:54:33.904 [main] DEBUG net.serenitybdd.core.photography.Darkroom - Send negative for processing for target\site\serenity\185f0c7b6987352c044cfd9979bf315a50efcf7de2ab171086cfa22fc5582d9e.png
19:54:33.904 [main] DEBUG net.thucydides.core.steps.StepInterceptor - STEP DONE: clickProductTitle
19:54:33.904 [Darkroom Processing Line] DEBUG net.serenitybdd.core.photography.DarkroomProcessingLine - Processing screenshot image in /var/screenshots/screenshot-8639441348217026289
19:54:33.904 [Darkroom Processing Line] DEBUG net.serenitybdd.core.photography.DarkroomProcessingLine - Saving screenshot to target\site\serenity\185f0c7b6987352c044cfd9979bf315a50efcf7de2ab171086cfa22fc5582d9e.png
19:54:33.911 [Forwarding getPageSource on session 6204a296e2bcb5078e3fc75aa48adc37 to remote] DEBUG org.asynchttpclient.netty.request.NettyRequestSender - Using pooled Channel '[id: 0x01a89f54, L:/127.0.0.1:56347 - R:localhost/127.0.0.1:5887]' for 'POST' to 'http://localhost:5887/session/6204a296e2bcb5078e3fc75aa48adc37/execute/sync'
19:54:33.911 [Forwarding getPageSource on session 6204a296e2bcb5078e3fc75aa48adc37 to remote] DEBUG org.asynchttpclient.netty.request.NettyRequestSender - Using open Channel [id: 0x01a89f54, L:/127.0.0.1:56347 - R:localhost/127.0.0.1:5887] for POST '/session/6204a296e2bcb5078e3fc75aa48adc37/execute/sync'
19:54:33.915 [AsyncHttpClient-1-2] DEBUG org.asynchttpclient.netty.handler.HttpHandler - 

Request DefaultHttpRequest(decodeResult: success, version: HTTP/1.1)
POST /session/6204a296e2bcb5078e3fc75aa48adc37/execute/sync HTTP/1.1
User-Agent: selenium/4.8.1 (java windows)
Content-Length: 176
Content-Type: application/json; charset=utf-8
host: localhost:5887
accept: */*

Response DefaultHttpResponse(decodeResult: success, version: HTTP/1.1)
HTTP/1.1 200 OK
Content-Length: 12407
Content-Type: application/json; charset=utf-8
cache-control: no-cache

19:54:33.915 [AsyncHttpClient-1-2] DEBUG org.asynchttpclient.netty.channel.ChannelManager - Adding key: http://localhost:5887 for channel [id: 0x01a89f54, L:/127.0.0.1:56347 - R:localhost/127.0.0.1:5887]
19:54:33.918 [Forwarding getCurrentUrl on session 6204a296e2bcb5078e3fc75aa48adc37 to remote] DEBUG org.asynchttpclient.netty.request.NettyRequestSender - Using pooled Channel '[id: 0x01a89f54, L:/127.0.0.1:56347 - R:localhost/127.0.0.1:5887]' for 'GET' to 'http://localhost:5887/session/6204a296e2bcb5078e3fc75aa48adc37/url'
19:54:33.918 [Forwarding getCurrentUrl on session 6204a296e2bcb5078e3fc75aa48adc37 to remote] DEBUG org.asynchttpclient.netty.request.NettyRequestSender - Using open Channel [id: 0x01a89f54, L:/127.0.0.1:56347 - R:localhost/127.0.0.1:5887] for GET '/session/6204a296e2bcb5078e3fc75aa48adc37/url'
19:54:33.922 [AsyncHttpClient-1-2] DEBUG org.asynchttpclient.netty.handler.HttpHandler - 

Request DefaultFullHttpRequest(decodeResult: success, version: HTTP/1.1, content: EmptyByteBufBE)
GET /session/6204a296e2bcb5078e3fc75aa48adc37/url HTTP/1.1
User-Agent: selenium/4.8.1 (java windows)
Cache-Control: no-cache
Content-Type: application/json; charset=utf-8
host: localhost:5887
accept: */*

Response DefaultHttpResponse(decodeResult: success, version: HTTP/1.1)
HTTP/1.1 200 OK
Content-Length: 62
Content-Type: application/json; charset=utf-8
cache-control: no-cache

19:54:33.922 [AsyncHttpClient-1-2] DEBUG org.asynchttpclient.netty.channel.ChannelManager - Adding key: http://localhost:5887 for channel [id: 0x01a89f54, L:/127.0.0.1:56347 - R:localhost/127.0.0.1:5887]
19:54:33.925 [main] DEBUG net.thucydides.core.steps.StepInterceptor - STARTING STEP: CheckoutSteps.addProductToCart - pressAddToCart
19:54:33.929 [Forwarding findElement on session 6204a296e2bcb5078e3fc75aa48adc37 to remote] DEBUG org.asynchttpclient.netty.request.NettyRequestSender - Using pooled Channel '[id: 0x01a89f54, L:/127.0.0.1:56347 - R:localhost/127.0.0.1:5887]' for 'POST' to 'http://localhost:5887/session/6204a296e2bcb5078e3fc75aa48adc37/element'
19:54:33.929 [Forwarding findElement on session 6204a296e2bcb5078e3fc75aa48adc37 to remote] DEBUG org.asynchttpclient.netty.request.NettyRequestSender - Using open Channel [id: 0x01a89f54, L:/127.0.0.1:56347 - R:localhost/127.0.0.1:5887] for POST '/session/6204a296e2bcb5078e3fc75aa48adc37/element'
19:54:33.937 [AsyncHttpClient-1-2] DEBUG org.asynchttpclient.netty.handler.HttpHandler - 

Request DefaultHttpRequest(decodeResult: success, version: HTTP/1.1)
POST /session/6204a296e2bcb5078e3fc75aa48adc37/element HTTP/1.1
User-Agent: selenium/4.8.1 (java windows)
Content-Length: 72
Content-Type: application/json; charset=utf-8
host: localhost:5887
accept: */*

Response DefaultHttpResponse(decodeResult: success, version: HTTP/1.1)
HTTP/1.1 200 OK
Content-Length: 88
Content-Type: application/json; charset=utf-8
cache-control: no-cache

19:54:33.937 [AsyncHttpClient-1-2] DEBUG org.asynchttpclient.netty.channel.ChannelManager - Adding key: http://localhost:5887 for channel [id: 0x01a89f54, L:/127.0.0.1:56347 - R:localhost/127.0.0.1:5887]
19:54:33.940 [Forwarding getElementTagName on session 6204a296e2bcb5078e3fc75aa48adc37 to remote] DEBUG org.asynchttpclient.netty.request.NettyRequestSender - Using pooled Channel '[id: 0x01a89f54, L:/127.0.0.1:56347 - R:localhost/127.0.0.1:5887]' for 'GET' to 'http://localhost:5887/session/6204a296e2bcb5078e3fc75aa48adc37/element/71b64101-cb5f-44d4-8934-2c5bff483d09/name'
19:54:33.940 [Forwarding getElementTagName on session 6204a296e2bcb5078e3fc75aa48adc37 to remote] DEBUG org.asynchttpclient.netty.request.NettyRequestSender - Using open Channel [id: 0x01a89f54, L:/127.0.0.1:56347 - R:localhost/127.0.0.1:5887] for GET '/session/6204a296e2bcb5078e3fc75aa48adc37/element/71b64101-cb5f-44d4-8934-2c5bff483d09/name'
19:54:33.942 [AsyncHttpClient-1-2] DEBUG org.asynchttpclient.netty.handler.HttpHandler - 

Request DefaultFullHttpRequest(decodeResult: success, version: HTTP/1.1, content: EmptyByteBufBE)
GET /session/6204a296e2bcb5078e3fc75aa48adc37/element/71b64101-cb5f-44d4-8934-2c5bff483d09/name HTTP/1.1
User-Agent: selenium/4.8.1 (java windows)
Cache-Control: no-cache
Content-Type: application/json; charset=utf-8
host: localhost:5887
accept: */*

Response DefaultHttpResponse(decodeResult: success, version: HTTP/1.1)
HTTP/1.1 200 OK
Content-Length: 18
Content-Type: application/json; charset=utf-8
cache-control: no-cache

19:54:33.942 [AsyncHttpClient-1-2] DEBUG org.asynchttpclient.netty.channel.ChannelManager - Adding key: http://localhost:5887 for channel [id: 0x01a89f54, L:/127.0.0.1:56347 - R:localhost/127.0.0.1:5887]
19:54:33.944 [Forwarding getElementTagName on session 6204a296e2bcb5078e3fc75aa48adc37 to remote] DEBUG org.asynchttpclient.netty.request.NettyRequestSender - Using pooled Channel '[id: 0x01a89f54, L:/127.0.0.1:56347 - R:localhost/127.0.0.1:5887]' for 'GET' to 'http://localhost:5887/session/6204a296e2bcb5078e3fc75aa48adc37/element/71b64101-cb5f-44d4-8934-2c5bff483d09/name'
19:54:33.944 [Forwarding getElementTagName on session 6204a296e2bcb5078e3fc75aa48adc37 to remote] DEBUG org.asynchttpclient.netty.request.NettyRequestSender - Using open Channel [id: 0x01a89f54, L:/127.0.0.1:56347 - R:localhost/127.0.0.1:5887] for GET '/session/6204a296e2bcb5078e3fc75aa48adc37/element/71b64101-cb5f-44d4-8934-2c5bff483d09/name'
19:54:33.946 [AsyncHttpClient-1-2] DEBUG org.asynchttpclient.netty.handler.HttpHandler - 

Request DefaultFullHttpRequest(decodeResult: success, version: HTTP/1.1, content: EmptyByteBufBE)
GET /session/6204a296e2bcb5078e3fc75aa48adc37/element/71b64101-cb5f-44d4-8934-2c5bff483d09/name HTTP/1.1
User-Agent: selenium/4.8.1 (java windows)
Cache-Control: no-cache
Content-Type: application/json; charset=utf-8
host: localhost:5887
accept: */*

Response DefaultHttpResponse(decodeResult: success, version: HTTP/1.1)
HTTP/1.1 200 OK
Content-Length: 18
Content-Type: application/json; charset=utf-8
cache-control: no-cache

19:54:33.947 [AsyncHttpClient-1-2] DEBUG org.asynchttpclient.netty.channel.ChannelManager - Adding key: http://localhost:5887 for channel [id: 0x01a89f54, L:/127.0.0.1:56347 - R:localhost/127.0.0.1:5887]
19:54:33.949 [Forwarding isElementEnabled on session 6204a296e2bcb5078e3fc75aa48adc37 to remote] DEBUG org.asynchttpclient.netty.request.NettyRequestSender - Using pooled Channel '[id: 0x01a89f54, L:/127.0.0.1:56347 - R:localhost/127.0.0.1:5887]' for 'GET' to 'http://localhost:5887/session/6204a296e2bcb5078e3fc75aa48adc37/element/71b64101-cb5f-44d4-8934-2c5bff483d09/enabled'
19:54:33.949 [Forwarding isElementEnabled on session 6204a296e2bcb5078e3fc75aa48adc37 to remote] DEBUG org.asynchttpclient.netty.request.NettyRequestSender - Using open Channel [id: 0x01a89f54, L:/127.0.0.1:56347 - R:localhost/127.0.0.1:5887] for GET '/session/6204a296e2bcb5078e3fc75aa48adc37/element/71b64101-cb5f-44d4-8934-2c5bff483d09/enabled'
19:54:33.955 [AsyncHttpClient-1-2] DEBUG org.asynchttpclient.netty.handler.HttpHandler - 

Request DefaultFullHttpRequest(decodeResult: success, version: HTTP/1.1, content: EmptyByteBufBE)
GET /session/6204a296e2bcb5078e3fc75aa48adc37/element/71b64101-cb5f-44d4-8934-2c5bff483d09/enabled HTTP/1.1
User-Agent: selenium/4.8.1 (java windows)
Cache-Control: no-cache
Content-Type: application/json; charset=utf-8
host: localhost:5887
accept: */*

Response DefaultHttpResponse(decodeResult: success, version: HTTP/1.1)
HTTP/1.1 200 OK
Content-Length: 14
Content-Type: application/json; charset=utf-8
cache-control: no-cache

19:54:33.955 [AsyncHttpClient-1-2] DEBUG org.asynchttpclient.netty.channel.ChannelManager - Adding key: http://localhost:5887 for channel [id: 0x01a89f54, L:/127.0.0.1:56347 - R:localhost/127.0.0.1:5887]
19:54:33.957 [Forwarding isElementEnabled on session 6204a296e2bcb5078e3fc75aa48adc37 to remote] DEBUG org.asynchttpclient.netty.request.NettyRequestSender - Using pooled Channel '[id: 0x01a89f54, L:/127.0.0.1:56347 - R:localhost/127.0.0.1:5887]' for 'GET' to 'http://localhost:5887/session/6204a296e2bcb5078e3fc75aa48adc37/element/71b64101-cb5f-44d4-8934-2c5bff483d09/enabled'
19:54:33.957 [Forwarding isElementEnabled on session 6204a296e2bcb5078e3fc75aa48adc37 to remote] DEBUG org.asynchttpclient.netty.request.NettyRequestSender - Using open Channel [id: 0x01a89f54, L:/127.0.0.1:56347 - R:localhost/127.0.0.1:5887] for GET '/session/6204a296e2bcb5078e3fc75aa48adc37/element/71b64101-cb5f-44d4-8934-2c5bff483d09/enabled'
19:54:33.960 [AsyncHttpClient-1-2] DEBUG org.asynchttpclient.netty.handler.HttpHandler - 

Request DefaultFullHttpRequest(decodeResult: success, version: HTTP/1.1, content: EmptyByteBufBE)
GET /session/6204a296e2bcb5078e3fc75aa48adc37/element/71b64101-cb5f-44d4-8934-2c5bff483d09/enabled HTTP/1.1
User-Agent: selenium/4.8.1 (java windows)
Cache-Control: no-cache
Content-Type: application/json; charset=utf-8
host: localhost:5887
accept: */*

Response DefaultHttpResponse(decodeResult: success, version: HTTP/1.1)
HTTP/1.1 200 OK
Content-Length: 14
Content-Type: application/json; charset=utf-8
cache-control: no-cache

19:54:33.961 [AsyncHttpClient-1-2] DEBUG org.asynchttpclient.netty.channel.ChannelManager - Adding key: http://localhost:5887 for channel [id: 0x01a89f54, L:/127.0.0.1:56347 - R:localhost/127.0.0.1:5887]
19:54:33.963 [Forwarding findElement on session 6204a296e2bcb5078e3fc75aa48adc37 to remote] DEBUG org.asynchttpclient.netty.request.NettyRequestSender - Using pooled Channel '[id: 0x01a89f54, L:/127.0.0.1:56347 - R:localhost/127.0.0.1:5887]' for 'POST' to 'http://localhost:5887/session/6204a296e2bcb5078e3fc75aa48adc37/element'
19:54:33.963 [Forwarding findElement on session 6204a296e2bcb5078e3fc75aa48adc37 to remote] DEBUG org.asynchttpclient.netty.request.NettyRequestSender - Using open Channel [id: 0x01a89f54, L:/127.0.0.1:56347 - R:localhost/127.0.0.1:5887] for POST '/session/6204a296e2bcb5078e3fc75aa48adc37/element'
19:54:33.968 [AsyncHttpClient-1-2] DEBUG org.asynchttpclient.netty.handler.HttpHandler - 

Request DefaultHttpRequest(decodeResult: success, version: HTTP/1.1)
POST /session/6204a296e2bcb5078e3fc75aa48adc37/element HTTP/1.1
User-Agent: selenium/4.8.1 (java windows)
Content-Length: 72
Content-Type: application/json; charset=utf-8
host: localhost:5887
accept: */*

Response DefaultHttpResponse(decodeResult: success, version: HTTP/1.1)
HTTP/1.1 200 OK
Content-Length: 88
Content-Type: application/json; charset=utf-8
cache-control: no-cache

19:54:33.968 [AsyncHttpClient-1-2] DEBUG org.asynchttpclient.netty.channel.ChannelManager - Adding key: http://localhost:5887 for channel [id: 0x01a89f54, L:/127.0.0.1:56347 - R:localhost/127.0.0.1:5887]
19:54:33.969 [Forwarding clickElement on session 6204a296e2bcb5078e3fc75aa48adc37 to remote] DEBUG org.asynchttpclient.netty.request.NettyRequestSender - Using pooled Channel '[id: 0x01a89f54, L:/127.0.0.1:56347 - R:localhost/127.0.0.1:5887]' for 'POST' to 'http://localhost:5887/session/6204a296e2bcb5078e3fc75aa48adc37/element/71b64101-cb5f-44d4-8934-2c5bff483d09/click'
19:54:33.969 [Forwarding clickElement on session 6204a296e2bcb5078e3fc75aa48adc37 to remote] DEBUG org.asynchttpclient.netty.request.NettyRequestSender - Using open Channel [id: 0x01a89f54, L:/127.0.0.1:56347 - R:localhost/127.0.0.1:5887] for POST '/session/6204a296e2bcb5078e3fc75aa48adc37/element/71b64101-cb5f-44d4-8934-2c5bff483d09/click'
19:54:33.996 [AsyncHttpClient-1-2] DEBUG org.asynchttpclient.netty.handler.HttpHandler - 

Request DefaultHttpRequest(decodeResult: success, version: HTTP/1.1)
POST /session/6204a296e2bcb5078e3fc75aa48adc37/element/71b64101-cb5f-44d4-8934-2c5bff483d09/click HTTP/1.1
User-Agent: selenium/4.8.1 (java windows)
Content-Length: 50
Content-Type: application/json; charset=utf-8
host: localhost:5887
accept: */*

Response DefaultHttpResponse(decodeResult: success, version: HTTP/1.1)
HTTP/1.1 200 OK
Content-Length: 14
Content-Type: application/json; charset=utf-8
cache-control: no-cache

19:54:33.996 [AsyncHttpClient-1-2] DEBUG org.asynchttpclient.netty.channel.ChannelManager - Adding key: http://localhost:5887 for channel [id: 0x01a89f54, L:/127.0.0.1:56347 - R:localhost/127.0.0.1:5887]
19:54:34.004 [Forwarding getAlertText on session 6204a296e2bcb5078e3fc75aa48adc37 to remote] DEBUG org.asynchttpclient.netty.request.NettyRequestSender - Using pooled Channel '[id: 0x01a89f54, L:/127.0.0.1:56347 - R:localhost/127.0.0.1:5887]' for 'GET' to 'http://localhost:5887/session/6204a296e2bcb5078e3fc75aa48adc37/alert/text'
19:54:34.004 [Forwarding getAlertText on session 6204a296e2bcb5078e3fc75aa48adc37 to remote] DEBUG org.asynchttpclient.netty.request.NettyRequestSender - Using open Channel [id: 0x01a89f54, L:/127.0.0.1:56347 - R:localhost/127.0.0.1:5887] for GET '/session/6204a296e2bcb5078e3fc75aa48adc37/alert/text'
19:54:34.007 [AsyncHttpClient-1-2] DEBUG org.asynchttpclient.netty.handler.HttpHandler - 

Request DefaultFullHttpRequest(decodeResult: success, version: HTTP/1.1, content: EmptyByteBufBE)
GET /session/6204a296e2bcb5078e3fc75aa48adc37/alert/text HTTP/1.1
User-Agent: selenium/4.8.1 (java windows)
Cache-Control: no-cache
Content-Type: application/json; charset=utf-8
host: localhost:5887
accept: */*

Response DefaultHttpResponse(decodeResult: success, version: HTTP/1.1)
HTTP/1.1 404 Not Found
Content-Length: 816
Content-Type: application/json; charset=utf-8
cache-control: no-cache

19:54:34.007 [AsyncHttpClient-1-2] DEBUG org.asynchttpclient.netty.channel.ChannelManager - Adding key: http://localhost:5887 for channel [id: 0x01a89f54, L:/127.0.0.1:56347 - R:localhost/127.0.0.1:5887]
19:54:34.008 [Forwarding getCurrentUrl on session 6204a296e2bcb5078e3fc75aa48adc37 to remote] DEBUG org.asynchttpclient.netty.request.NettyRequestSender - Using pooled Channel '[id: 0x01a89f54, L:/127.0.0.1:56347 - R:localhost/127.0.0.1:5887]' for 'GET' to 'http://localhost:5887/session/6204a296e2bcb5078e3fc75aa48adc37/url'
19:54:34.009 [Forwarding getCurrentUrl on session 6204a296e2bcb5078e3fc75aa48adc37 to remote] DEBUG org.asynchttpclient.netty.request.NettyRequestSender - Using open Channel [id: 0x01a89f54, L:/127.0.0.1:56347 - R:localhost/127.0.0.1:5887] for GET '/session/6204a296e2bcb5078e3fc75aa48adc37/url'
19:54:34.012 [AsyncHttpClient-1-2] DEBUG org.asynchttpclient.netty.handler.HttpHandler - 

Request DefaultFullHttpRequest(decodeResult: success, version: HTTP/1.1, content: EmptyByteBufBE)
GET /session/6204a296e2bcb5078e3fc75aa48adc37/url HTTP/1.1
User-Agent: selenium/4.8.1 (java windows)
Cache-Control: no-cache
Content-Type: application/json; charset=utf-8
host: localhost:5887
accept: */*

Response DefaultHttpResponse(decodeResult: success, version: HTTP/1.1)
HTTP/1.1 200 OK
Content-Length: 62
Content-Type: application/json; charset=utf-8
cache-control: no-cache

19:54:34.012 [AsyncHttpClient-1-2] DEBUG org.asynchttpclient.netty.channel.ChannelManager - Adding key: http://localhost:5887 for channel [id: 0x01a89f54, L:/127.0.0.1:56347 - R:localhost/127.0.0.1:5887]
19:54:34.013 [Forwarding screenshot on session 6204a296e2bcb5078e3fc75aa48adc37 to remote] DEBUG org.asynchttpclient.netty.request.NettyRequestSender - Using pooled Channel '[id: 0x01a89f54, L:/127.0.0.1:56347 - R:localhost/127.0.0.1:5887]' for 'GET' to 'http://localhost:5887/session/6204a296e2bcb5078e3fc75aa48adc37/screenshot'
19:54:34.014 [Forwarding screenshot on session 6204a296e2bcb5078e3fc75aa48adc37 to remote] DEBUG org.asynchttpclient.netty.request.NettyRequestSender - Using open Channel [id: 0x01a89f54, L:/127.0.0.1:56347 - R:localhost/127.0.0.1:5887] for GET '/session/6204a296e2bcb5078e3fc75aa48adc37/screenshot'
19:54:34.196 [AsyncHttpClient-1-2] DEBUG org.asynchttpclient.netty.handler.HttpHandler - 

Request DefaultFullHttpRequest(decodeResult: success, version: HTTP/1.1, content: EmptyByteBufBE)
GET /session/6204a296e2bcb5078e3fc75aa48adc37/screenshot HTTP/1.1
User-Agent: selenium/4.8.1 (java windows)
Cache-Control: no-cache
Content-Type: application/json; charset=utf-8
host: localhost:5887
accept: */*

Response DefaultHttpResponse(decodeResult: success, version: HTTP/1.1)
HTTP/1.1 200 OK
Content-Length: 422184
Content-Type: application/json; charset=utf-8
cache-control: no-cache

19:54:34.198 [AsyncHttpClient-1-2] DEBUG org.asynchttpclient.netty.channel.ChannelManager - Adding key: http://localhost:5887 for channel [id: 0x01a89f54, L:/127.0.0.1:56347 - R:localhost/127.0.0.1:5887]
19:54:34.208 [main] DEBUG net.serenitybdd.core.photography.Darkroom - Send negative for processing for target\site\serenity\ca465861973fefdf68f17f5b5184737c3d4053500bc1cfa2456564432790eb85.png
19:54:34.208 [main] DEBUG net.thucydides.core.steps.StepInterceptor - STEP DONE: pressAddToCart
19:54:34.208 [Darkroom Processing Line] DEBUG net.serenitybdd.core.photography.DarkroomProcessingLine - Processing screenshot image in /var/screenshots/screenshot-16928791033437771431
19:54:34.208 [Darkroom Processing Line] DEBUG net.serenitybdd.core.photography.DarkroomProcessingLine - Saving screenshot to target\site\serenity\ca465861973fefdf68f17f5b5184737c3d4053500bc1cfa2456564432790eb85.png
19:54:34.216 [Forwarding getPageSource on session 6204a296e2bcb5078e3fc75aa48adc37 to remote] DEBUG org.asynchttpclient.netty.request.NettyRequestSender - Using pooled Channel '[id: 0x01a89f54, L:/127.0.0.1:56347 - R:localhost/127.0.0.1:5887]' for 'POST' to 'http://localhost:5887/session/6204a296e2bcb5078e3fc75aa48adc37/execute/sync'
19:54:34.216 [Forwarding getPageSource on session 6204a296e2bcb5078e3fc75aa48adc37 to remote] DEBUG org.asynchttpclient.netty.request.NettyRequestSender - Using open Channel [id: 0x01a89f54, L:/127.0.0.1:56347 - R:localhost/127.0.0.1:5887] for POST '/session/6204a296e2bcb5078e3fc75aa48adc37/execute/sync'
19:54:34.220 [AsyncHttpClient-1-2] DEBUG org.asynchttpclient.netty.handler.HttpHandler - 

Request DefaultHttpRequest(decodeResult: success, version: HTTP/1.1)
POST /session/6204a296e2bcb5078e3fc75aa48adc37/execute/sync HTTP/1.1
User-Agent: selenium/4.8.1 (java windows)
Content-Length: 176
Content-Type: application/json; charset=utf-8
host: localhost:5887
accept: */*

Response DefaultHttpResponse(decodeResult: success, version: HTTP/1.1)
HTTP/1.1 200 OK
Content-Length: 12443
Content-Type: application/json; charset=utf-8
cache-control: no-cache

19:54:34.221 [AsyncHttpClient-1-2] DEBUG org.asynchttpclient.netty.channel.ChannelManager - Adding key: http://localhost:5887 for channel [id: 0x01a89f54, L:/127.0.0.1:56347 - R:localhost/127.0.0.1:5887]
19:54:34.224 [Forwarding getCurrentUrl on session 6204a296e2bcb5078e3fc75aa48adc37 to remote] DEBUG org.asynchttpclient.netty.request.NettyRequestSender - Using pooled Channel '[id: 0x01a89f54, L:/127.0.0.1:56347 - R:localhost/127.0.0.1:5887]' for 'GET' to 'http://localhost:5887/session/6204a296e2bcb5078e3fc75aa48adc37/url'
19:54:34.224 [Forwarding getCurrentUrl on session 6204a296e2bcb5078e3fc75aa48adc37 to remote] DEBUG org.asynchttpclient.netty.request.NettyRequestSender - Using open Channel [id: 0x01a89f54, L:/127.0.0.1:56347 - R:localhost/127.0.0.1:5887] for GET '/session/6204a296e2bcb5078e3fc75aa48adc37/url'
19:54:34.227 [AsyncHttpClient-1-2] DEBUG org.asynchttpclient.netty.handler.HttpHandler - 

Request DefaultFullHttpRequest(decodeResult: success, version: HTTP/1.1, content: EmptyByteBufBE)
GET /session/6204a296e2bcb5078e3fc75aa48adc37/url HTTP/1.1
User-Agent: selenium/4.8.1 (java windows)
Cache-Control: no-cache
Content-Type: application/json; charset=utf-8
host: localhost:5887
accept: */*

Response DefaultHttpResponse(decodeResult: success, version: HTTP/1.1)
HTTP/1.1 200 OK
Content-Length: 62
Content-Type: application/json; charset=utf-8
cache-control: no-cache

19:54:34.227 [AsyncHttpClient-1-2] DEBUG org.asynchttpclient.netty.channel.ChannelManager - Adding key: http://localhost:5887 for channel [id: 0x01a89f54, L:/127.0.0.1:56347 - R:localhost/127.0.0.1:5887]
19:54:34.229 [main] DEBUG net.thucydides.core.steps.StepInterceptor - STARTING STEP: CheckoutSteps.addProductToCart - clickCartButton
19:54:34.233 [Forwarding findElement on session 6204a296e2bcb5078e3fc75aa48adc37 to remote] DEBUG org.asynchttpclient.netty.request.NettyRequestSender - Using pooled Channel '[id: 0x01a89f54, L:/127.0.0.1:56347 - R:localhost/127.0.0.1:5887]' for 'POST' to 'http://localhost:5887/session/6204a296e2bcb5078e3fc75aa48adc37/element'
19:54:34.233 [Forwarding findElement on session 6204a296e2bcb5078e3fc75aa48adc37 to remote] DEBUG org.asynchttpclient.netty.request.NettyRequestSender - Using open Channel [id: 0x01a89f54, L:/127.0.0.1:56347 - R:localhost/127.0.0.1:5887] for POST '/session/6204a296e2bcb5078e3fc75aa48adc37/element'
19:54:34.241 [AsyncHttpClient-1-2] DEBUG org.asynchttpclient.netty.handler.HttpHandler - 

Request DefaultHttpRequest(decodeResult: success, version: HTTP/1.1)
POST /session/6204a296e2bcb5078e3fc75aa48adc37/element HTTP/1.1
User-Agent: selenium/4.8.1 (java windows)
Content-Length: 63
Content-Type: application/json; charset=utf-8
host: localhost:5887
accept: */*

Response DefaultHttpResponse(decodeResult: success, version: HTTP/1.1)
HTTP/1.1 200 OK
Content-Length: 88
Content-Type: application/json; charset=utf-8
cache-control: no-cache

19:54:34.241 [AsyncHttpClient-1-2] DEBUG org.asynchttpclient.netty.channel.ChannelManager - Adding key: http://localhost:5887 for channel [id: 0x01a89f54, L:/127.0.0.1:56347 - R:localhost/127.0.0.1:5887]
19:54:34.243 [Forwarding getElementTagName on session 6204a296e2bcb5078e3fc75aa48adc37 to remote] DEBUG org.asynchttpclient.netty.request.NettyRequestSender - Using pooled Channel '[id: 0x01a89f54, L:/127.0.0.1:56347 - R:localhost/127.0.0.1:5887]' for 'GET' to 'http://localhost:5887/session/6204a296e2bcb5078e3fc75aa48adc37/element/d36afa74-f089-4386-8458-d371a6f82869/name'
19:54:34.243 [Forwarding getElementTagName on session 6204a296e2bcb5078e3fc75aa48adc37 to remote] DEBUG org.asynchttpclient.netty.request.NettyRequestSender - Using open Channel [id: 0x01a89f54, L:/127.0.0.1:56347 - R:localhost/127.0.0.1:5887] for GET '/session/6204a296e2bcb5078e3fc75aa48adc37/element/d36afa74-f089-4386-8458-d371a6f82869/name'
19:54:34.246 [AsyncHttpClient-1-2] DEBUG org.asynchttpclient.netty.handler.HttpHandler - 

Request DefaultFullHttpRequest(decodeResult: success, version: HTTP/1.1, content: EmptyByteBufBE)
GET /session/6204a296e2bcb5078e3fc75aa48adc37/element/d36afa74-f089-4386-8458-d371a6f82869/name HTTP/1.1
User-Agent: selenium/4.8.1 (java windows)
Cache-Control: no-cache
Content-Type: application/json; charset=utf-8
host: localhost:5887
accept: */*

Response DefaultHttpResponse(decodeResult: success, version: HTTP/1.1)
HTTP/1.1 200 OK
Content-Length: 13
Content-Type: application/json; charset=utf-8
cache-control: no-cache

19:54:34.246 [AsyncHttpClient-1-2] DEBUG org.asynchttpclient.netty.channel.ChannelManager - Adding key: http://localhost:5887 for channel [id: 0x01a89f54, L:/127.0.0.1:56347 - R:localhost/127.0.0.1:5887]
19:54:34.248 [Forwarding getElementTagName on session 6204a296e2bcb5078e3fc75aa48adc37 to remote] DEBUG org.asynchttpclient.netty.request.NettyRequestSender - Using pooled Channel '[id: 0x01a89f54, L:/127.0.0.1:56347 - R:localhost/127.0.0.1:5887]' for 'GET' to 'http://localhost:5887/session/6204a296e2bcb5078e3fc75aa48adc37/element/d36afa74-f089-4386-8458-d371a6f82869/name'
19:54:34.248 [Forwarding getElementTagName on session 6204a296e2bcb5078e3fc75aa48adc37 to remote] DEBUG org.asynchttpclient.netty.request.NettyRequestSender - Using open Channel [id: 0x01a89f54, L:/127.0.0.1:56347 - R:localhost/127.0.0.1:5887] for GET '/session/6204a296e2bcb5078e3fc75aa48adc37/element/d36afa74-f089-4386-8458-d371a6f82869/name'
19:54:34.250 [AsyncHttpClient-1-2] DEBUG org.asynchttpclient.netty.handler.HttpHandler - 

Request DefaultFullHttpRequest(decodeResult: success, version: HTTP/1.1, content: EmptyByteBufBE)
GET /session/6204a296e2bcb5078e3fc75aa48adc37/element/d36afa74-f089-4386-8458-d371a6f82869/name HTTP/1.1
User-Agent: selenium/4.8.1 (java windows)
Cache-Control: no-cache
Content-Type: application/json; charset=utf-8
host: localhost:5887
accept: */*

Response DefaultHttpResponse(decodeResult: success, version: HTTP/1.1)
HTTP/1.1 200 OK
Content-Length: 13
Content-Type: application/json; charset=utf-8
cache-control: no-cache

19:54:34.250 [AsyncHttpClient-1-2] DEBUG org.asynchttpclient.netty.channel.ChannelManager - Adding key: http://localhost:5887 for channel [id: 0x01a89f54, L:/127.0.0.1:56347 - R:localhost/127.0.0.1:5887]
19:54:34.252 [Forwarding findElement on session 6204a296e2bcb5078e3fc75aa48adc37 to remote] DEBUG org.asynchttpclient.netty.request.NettyRequestSender - Using pooled Channel '[id: 0x01a89f54, L:/127.0.0.1:56347 - R:localhost/127.0.0.1:5887]' for 'POST' to 'http://localhost:5887/session/6204a296e2bcb5078e3fc75aa48adc37/element'
19:54:34.252 [Forwarding findElement on session 6204a296e2bcb5078e3fc75aa48adc37 to remote] DEBUG org.asynchttpclient.netty.request.NettyRequestSender - Using open Channel [id: 0x01a89f54, L:/127.0.0.1:56347 - R:localhost/127.0.0.1:5887] for POST '/session/6204a296e2bcb5078e3fc75aa48adc37/element'
19:54:34.257 [AsyncHttpClient-1-2] DEBUG org.asynchttpclient.netty.handler.HttpHandler - 

Request DefaultHttpRequest(decodeResult: success, version: HTTP/1.1)
POST /session/6204a296e2bcb5078e3fc75aa48adc37/element HTTP/1.1
User-Agent: selenium/4.8.1 (java windows)
Content-Length: 63
Content-Type: application/json; charset=utf-8
host: localhost:5887
accept: */*

Response DefaultHttpResponse(decodeResult: success, version: HTTP/1.1)
HTTP/1.1 200 OK
Content-Length: 88
Content-Type: application/json; charset=utf-8
cache-control: no-cache

19:54:34.257 [AsyncHttpClient-1-2] DEBUG org.asynchttpclient.netty.channel.ChannelManager - Adding key: http://localhost:5887 for channel [id: 0x01a89f54, L:/127.0.0.1:56347 - R:localhost/127.0.0.1:5887]
19:54:34.258 [Forwarding clickElement on session 6204a296e2bcb5078e3fc75aa48adc37 to remote] DEBUG org.asynchttpclient.netty.request.NettyRequestSender - Using pooled Channel '[id: 0x01a89f54, L:/127.0.0.1:56347 - R:localhost/127.0.0.1:5887]' for 'POST' to 'http://localhost:5887/session/6204a296e2bcb5078e3fc75aa48adc37/element/d36afa74-f089-4386-8458-d371a6f82869/click'
19:54:34.258 [Forwarding clickElement on session 6204a296e2bcb5078e3fc75aa48adc37 to remote] DEBUG org.asynchttpclient.netty.request.NettyRequestSender - Using open Channel [id: 0x01a89f54, L:/127.0.0.1:56347 - R:localhost/127.0.0.1:5887] for POST '/session/6204a296e2bcb5078e3fc75aa48adc37/element/d36afa74-f089-4386-8458-d371a6f82869/click'
19:54:34.290 [AsyncHttpClient-1-2] DEBUG org.asynchttpclient.netty.handler.HttpHandler - 

Request DefaultHttpRequest(decodeResult: success, version: HTTP/1.1)
POST /session/6204a296e2bcb5078e3fc75aa48adc37/element/d36afa74-f089-4386-8458-d371a6f82869/click HTTP/1.1
User-Agent: selenium/4.8.1 (java windows)
Content-Length: 50
Content-Type: application/json; charset=utf-8
host: localhost:5887
accept: */*

Response DefaultHttpResponse(decodeResult: success, version: HTTP/1.1)
HTTP/1.1 200 OK
Content-Length: 14
Content-Type: application/json; charset=utf-8
cache-control: no-cache

19:54:34.291 [AsyncHttpClient-1-2] DEBUG org.asynchttpclient.netty.channel.ChannelManager - Adding key: http://localhost:5887 for channel [id: 0x01a89f54, L:/127.0.0.1:56347 - R:localhost/127.0.0.1:5887]
19:54:34.299 [Forwarding getAlertText on session 6204a296e2bcb5078e3fc75aa48adc37 to remote] DEBUG org.asynchttpclient.netty.request.NettyRequestSender - Using pooled Channel '[id: 0x01a89f54, L:/127.0.0.1:56347 - R:localhost/127.0.0.1:5887]' for 'GET' to 'http://localhost:5887/session/6204a296e2bcb5078e3fc75aa48adc37/alert/text'
19:54:34.299 [Forwarding getAlertText on session 6204a296e2bcb5078e3fc75aa48adc37 to remote] DEBUG org.asynchttpclient.netty.request.NettyRequestSender - Using open Channel [id: 0x01a89f54, L:/127.0.0.1:56347 - R:localhost/127.0.0.1:5887] for GET '/session/6204a296e2bcb5078e3fc75aa48adc37/alert/text'
19:54:34.300 [AsyncHttpClient-1-2] DEBUG org.asynchttpclient.netty.handler.HttpHandler - 

Request DefaultFullHttpRequest(decodeResult: success, version: HTTP/1.1, content: EmptyByteBufBE)
GET /session/6204a296e2bcb5078e3fc75aa48adc37/alert/text HTTP/1.1
User-Agent: selenium/4.8.1 (java windows)
Cache-Control: no-cache
Content-Type: application/json; charset=utf-8
host: localhost:5887
accept: */*

Response DefaultHttpResponse(decodeResult: success, version: HTTP/1.1)
HTTP/1.1 404 Not Found
Content-Length: 816
Content-Type: application/json; charset=utf-8
cache-control: no-cache

19:54:34.300 [AsyncHttpClient-1-2] DEBUG org.asynchttpclient.netty.channel.ChannelManager - Adding key: http://localhost:5887 for channel [id: 0x01a89f54, L:/127.0.0.1:56347 - R:localhost/127.0.0.1:5887]
19:54:34.301 [Forwarding getCurrentUrl on session 6204a296e2bcb5078e3fc75aa48adc37 to remote] DEBUG org.asynchttpclient.netty.request.NettyRequestSender - Using pooled Channel '[id: 0x01a89f54, L:/127.0.0.1:56347 - R:localhost/127.0.0.1:5887]' for 'GET' to 'http://localhost:5887/session/6204a296e2bcb5078e3fc75aa48adc37/url'
19:54:34.301 [Forwarding getCurrentUrl on session 6204a296e2bcb5078e3fc75aa48adc37 to remote] DEBUG org.asynchttpclient.netty.request.NettyRequestSender - Using open Channel [id: 0x01a89f54, L:/127.0.0.1:56347 - R:localhost/127.0.0.1:5887] for GET '/session/6204a296e2bcb5078e3fc75aa48adc37/url'
19:54:34.304 [AsyncHttpClient-1-2] DEBUG org.asynchttpclient.netty.handler.HttpHandler - 

Request DefaultFullHttpRequest(decodeResult: success, version: HTTP/1.1, content: EmptyByteBufBE)
GET /session/6204a296e2bcb5078e3fc75aa48adc37/url HTTP/1.1
User-Agent: selenium/4.8.1 (java windows)
Cache-Control: no-cache
Content-Type: application/json; charset=utf-8
host: localhost:5887
accept: */*

Response DefaultHttpResponse(decodeResult: success, version: HTTP/1.1)
HTTP/1.1 200 OK
Content-Length: 47
Content-Type: application/json; charset=utf-8
cache-control: no-cache

19:54:34.304 [AsyncHttpClient-1-2] DEBUG org.asynchttpclient.netty.channel.ChannelManager - Adding key: http://localhost:5887 for channel [id: 0x01a89f54, L:/127.0.0.1:56347 - R:localhost/127.0.0.1:5887]
19:54:34.305 [Forwarding screenshot on session 6204a296e2bcb5078e3fc75aa48adc37 to remote] DEBUG org.asynchttpclient.netty.request.NettyRequestSender - Using pooled Channel '[id: 0x01a89f54, L:/127.0.0.1:56347 - R:localhost/127.0.0.1:5887]' for 'GET' to 'http://localhost:5887/session/6204a296e2bcb5078e3fc75aa48adc37/screenshot'
19:54:34.305 [Forwarding screenshot on session 6204a296e2bcb5078e3fc75aa48adc37 to remote] DEBUG org.asynchttpclient.netty.request.NettyRequestSender - Using open Channel [id: 0x01a89f54, L:/127.0.0.1:56347 - R:localhost/127.0.0.1:5887] for GET '/session/6204a296e2bcb5078e3fc75aa48adc37/screenshot'
19:54:34.410 [AsyncHttpClient-1-2] DEBUG org.asynchttpclient.netty.handler.HttpHandler - 

Request DefaultFullHttpRequest(decodeResult: success, version: HTTP/1.1, content: EmptyByteBufBE)
GET /session/6204a296e2bcb5078e3fc75aa48adc37/screenshot HTTP/1.1
User-Agent: selenium/4.8.1 (java windows)
Cache-Control: no-cache
Content-Type: application/json; charset=utf-8
host: localhost:5887
accept: */*

Response DefaultHttpResponse(decodeResult: success, version: HTTP/1.1)
HTTP/1.1 200 OK
Content-Length: 97916
Content-Type: application/json; charset=utf-8
cache-control: no-cache

19:54:34.411 [AsyncHttpClient-1-2] DEBUG org.asynchttpclient.netty.channel.ChannelManager - Adding key: http://localhost:5887 for channel [id: 0x01a89f54, L:/127.0.0.1:56347 - R:localhost/127.0.0.1:5887]
19:54:34.413 [main] DEBUG net.serenitybdd.core.photography.Darkroom - Send negative for processing for target\site\serenity\7a69ff2b79358d5999e8d341905a0bb7147d6c122ce91a3d43c799908cc0b82a.png
19:54:34.414 [Darkroom Processing Line] DEBUG net.serenitybdd.core.photography.DarkroomProcessingLine - Processing screenshot image in /var/screenshots/screenshot-12590897015791562086
19:54:34.414 [Darkroom Processing Line] DEBUG net.serenitybdd.core.photography.DarkroomProcessingLine - Saving screenshot to target\site\serenity\7a69ff2b79358d5999e8d341905a0bb7147d6c122ce91a3d43c799908cc0b82a.png
19:54:34.414 [main] DEBUG net.thucydides.core.steps.StepInterceptor - STEP DONE: clickCartButton
  &amp#27;[32mAnd &amp#27;[0m&amp#27;[32mI already have product &amp#27;[0m&amp#27;[32m&amp#27;[1m"Sauce Labs Bike Light"&amp#27;[0m&amp#27;[32m on Cart&amp#27;[0m            &amp#27;[90m# starter.stepDefinitions.CheckoutSteps.addProductToCart(java.lang.String)&amp#27;[0m
19:54:34.423 [Forwarding getPageSource on session 6204a296e2bcb5078e3fc75aa48adc37 to remote] DEBUG org.asynchttpclient.netty.request.NettyRequestSender - Using pooled Channel '[id: 0x01a89f54, L:/127.0.0.1:56347 - R:localhost/127.0.0.1:5887]' for 'POST' to 'http://localhost:5887/session/6204a296e2bcb5078e3fc75aa48adc37/execute/sync'
19:54:34.423 [Forwarding getPageSource on session 6204a296e2bcb5078e3fc75aa48adc37 to remote] DEBUG org.asynchttpclient.netty.request.NettyRequestSender - Using open Channel [id: 0x01a89f54, L:/127.0.0.1:56347 - R:localhost/127.0.0.1:5887] for POST '/session/6204a296e2bcb5078e3fc75aa48adc37/execute/sync'
19:54:34.426 [AsyncHttpClient-1-2] DEBUG org.asynchttpclient.netty.handler.HttpHandler - 

Request DefaultHttpRequest(decodeResult: success, version: HTTP/1.1)
POST /session/6204a296e2bcb5078e3fc75aa48adc37/execute/sync HTTP/1.1
User-Agent: selenium/4.8.1 (java windows)
Content-Length: 176
Content-Type: application/json; charset=utf-8
host: localhost:5887
accept: */*

Response DefaultHttpResponse(decodeResult: success, version: HTTP/1.1)
HTTP/1.1 200 OK
Content-Length: 12620
Content-Type: application/json; charset=utf-8
cache-control: no-cache

19:54:34.426 [AsyncHttpClient-1-2] DEBUG org.asynchttpclient.netty.channel.ChannelManager - Adding key: http://localhost:5887 for channel [id: 0x01a89f54, L:/127.0.0.1:56347 - R:localhost/127.0.0.1:5887]
19:54:34.431 [Forwarding getCurrentUrl on session 6204a296e2bcb5078e3fc75aa48adc37 to remote] DEBUG org.asynchttpclient.netty.request.NettyRequestSender - Using pooled Channel '[id: 0x01a89f54, L:/127.0.0.1:56347 - R:localhost/127.0.0.1:5887]' for 'GET' to 'http://localhost:5887/session/6204a296e2bcb5078e3fc75aa48adc37/url'
19:54:34.431 [Forwarding getCurrentUrl on session 6204a296e2bcb5078e3fc75aa48adc37 to remote] DEBUG org.asynchttpclient.netty.request.NettyRequestSender - Using open Channel [id: 0x01a89f54, L:/127.0.0.1:56347 - R:localhost/127.0.0.1:5887] for GET '/session/6204a296e2bcb5078e3fc75aa48adc37/url'
19:54:34.434 [AsyncHttpClient-1-2] DEBUG org.asynchttpclient.netty.handler.HttpHandler - 

Request DefaultFullHttpRequest(decodeResult: success, version: HTTP/1.1, content: EmptyByteBufBE)
GET /session/6204a296e2bcb5078e3fc75aa48adc37/url HTTP/1.1
User-Agent: selenium/4.8.1 (java windows)
Cache-Control: no-cache
Content-Type: application/json; charset=utf-8
host: localhost:5887
accept: */*

Response DefaultHttpResponse(decodeResult: success, version: HTTP/1.1)
HTTP/1.1 200 OK
Content-Length: 47
Content-Type: application/json; charset=utf-8
cache-control: no-cache

19:54:34.434 [AsyncHttpClient-1-2] DEBUG org.asynchttpclient.netty.channel.ChannelManager - Adding key: http://localhost:5887 for channel [id: 0x01a89f54, L:/127.0.0.1:56347 - R:localhost/127.0.0.1:5887]
19:54:34.445 [Forwarding getPageSource on session 6204a296e2bcb5078e3fc75aa48adc37 to remote] DEBUG org.asynchttpclient.netty.request.NettyRequestSender - Using pooled Channel '[id: 0x01a89f54, L:/127.0.0.1:56347 - R:localhost/127.0.0.1:5887]' for 'POST' to 'http://localhost:5887/session/6204a296e2bcb5078e3fc75aa48adc37/execute/sync'
19:54:34.445 [Forwarding getPageSource on session 6204a296e2bcb5078e3fc75aa48adc37 to remote] DEBUG org.asynchttpclient.netty.request.NettyRequestSender - Using open Channel [id: 0x01a89f54, L:/127.0.0.1:56347 - R:localhost/127.0.0.1:5887] for POST '/session/6204a296e2bcb5078e3fc75aa48adc37/execute/sync'
19:54:34.449 [AsyncHttpClient-1-2] DEBUG org.asynchttpclient.netty.handler.HttpHandler - 

Request DefaultHttpRequest(decodeResult: success, version: HTTP/1.1)
POST /session/6204a296e2bcb5078e3fc75aa48adc37/execute/sync HTTP/1.1
User-Agent: selenium/4.8.1 (java windows)
Content-Length: 176
Content-Type: application/json; charset=utf-8
host: localhost:5887
accept: */*

Response DefaultHttpResponse(decodeResult: success, version: HTTP/1.1)
HTTP/1.1 200 OK
Content-Length: 12620
Content-Type: application/json; charset=utf-8
cache-control: no-cache

19:54:34.449 [AsyncHttpClient-1-2] DEBUG org.asynchttpclient.netty.channel.ChannelManager - Adding key: http://localhost:5887 for channel [id: 0x01a89f54, L:/127.0.0.1:56347 - R:localhost/127.0.0.1:5887]
19:54:34.453 [Forwarding getCurrentUrl on session 6204a296e2bcb5078e3fc75aa48adc37 to remote] DEBUG org.asynchttpclient.netty.request.NettyRequestSender - Using pooled Channel '[id: 0x01a89f54, L:/127.0.0.1:56347 - R:localhost/127.0.0.1:5887]' for 'GET' to 'http://localhost:5887/session/6204a296e2bcb5078e3fc75aa48adc37/url'
19:54:34.453 [Forwarding getCurrentUrl on session 6204a296e2bcb5078e3fc75aa48adc37 to remote] DEBUG org.asynchttpclient.netty.request.NettyRequestSender - Using open Channel [id: 0x01a89f54, L:/127.0.0.1:56347 - R:localhost/127.0.0.1:5887] for GET '/session/6204a296e2bcb5078e3fc75aa48adc37/url'
19:54:34.456 [AsyncHttpClient-1-2] DEBUG org.asynchttpclient.netty.handler.HttpHandler - 

Request DefaultFullHttpRequest(decodeResult: success, version: HTTP/1.1, content: EmptyByteBufBE)
GET /session/6204a296e2bcb5078e3fc75aa48adc37/url HTTP/1.1
User-Agent: selenium/4.8.1 (java windows)
Cache-Control: no-cache
Content-Type: application/json; charset=utf-8
host: localhost:5887
accept: */*

Response DefaultHttpResponse(decodeResult: success, version: HTTP/1.1)
HTTP/1.1 200 OK
Content-Length: 47
Content-Type: application/json; charset=utf-8
cache-control: no-cache

19:54:34.456 [AsyncHttpClient-1-2] DEBUG org.asynchttpclient.netty.channel.ChannelManager - Adding key: http://localhost:5887 for channel [id: 0x01a89f54, L:/127.0.0.1:56347 - R:localhost/127.0.0.1:5887]
19:54:34.458 [main] DEBUG net.thucydides.core.steps.StepInterceptor - STARTING STEP: CheckoutSteps.pressCheckoutButton - pressCheckout
19:54:34.461 [Forwarding findElement on session 6204a296e2bcb5078e3fc75aa48adc37 to remote] DEBUG org.asynchttpclient.netty.request.NettyRequestSender - Using pooled Channel '[id: 0x01a89f54, L:/127.0.0.1:56347 - R:localhost/127.0.0.1:5887]' for 'POST' to 'http://localhost:5887/session/6204a296e2bcb5078e3fc75aa48adc37/element'
19:54:34.461 [Forwarding findElement on session 6204a296e2bcb5078e3fc75aa48adc37 to remote] DEBUG org.asynchttpclient.netty.request.NettyRequestSender - Using open Channel [id: 0x01a89f54, L:/127.0.0.1:56347 - R:localhost/127.0.0.1:5887] for POST '/session/6204a296e2bcb5078e3fc75aa48adc37/element'
19:54:34.472 [AsyncHttpClient-1-2] DEBUG org.asynchttpclient.netty.handler.HttpHandler - 

Request DefaultHttpRequest(decodeResult: success, version: HTTP/1.1)
POST /session/6204a296e2bcb5078e3fc75aa48adc37/element HTTP/1.1
User-Agent: selenium/4.8.1 (java windows)
Content-Length: 53
Content-Type: application/json; charset=utf-8
host: localhost:5887
accept: */*

Response DefaultHttpResponse(decodeResult: success, version: HTTP/1.1)
HTTP/1.1 200 OK
Content-Length: 88
Content-Type: application/json; charset=utf-8
cache-control: no-cache

19:54:34.472 [AsyncHttpClient-1-2] DEBUG org.asynchttpclient.netty.channel.ChannelManager - Adding key: http://localhost:5887 for channel [id: 0x01a89f54, L:/127.0.0.1:56347 - R:localhost/127.0.0.1:5887]
19:54:34.474 [Forwarding getElementTagName on session 6204a296e2bcb5078e3fc75aa48adc37 to remote] DEBUG org.asynchttpclient.netty.request.NettyRequestSender - Using pooled Channel '[id: 0x01a89f54, L:/127.0.0.1:56347 - R:localhost/127.0.0.1:5887]' for 'GET' to 'http://localhost:5887/session/6204a296e2bcb5078e3fc75aa48adc37/element/25e5ebb8-b33d-4cf9-8375-cc269bc5ee65/name'
19:54:34.474 [Forwarding getElementTagName on session 6204a296e2bcb5078e3fc75aa48adc37 to remote] DEBUG org.asynchttpclient.netty.request.NettyRequestSender - Using open Channel [id: 0x01a89f54, L:/127.0.0.1:56347 - R:localhost/127.0.0.1:5887] for GET '/session/6204a296e2bcb5078e3fc75aa48adc37/element/25e5ebb8-b33d-4cf9-8375-cc269bc5ee65/name'
19:54:34.477 [AsyncHttpClient-1-2] DEBUG org.asynchttpclient.netty.handler.HttpHandler - 

Request DefaultFullHttpRequest(decodeResult: success, version: HTTP/1.1, content: EmptyByteBufBE)
GET /session/6204a296e2bcb5078e3fc75aa48adc37/element/25e5ebb8-b33d-4cf9-8375-cc269bc5ee65/name HTTP/1.1
User-Agent: selenium/4.8.1 (java windows)
Cache-Control: no-cache
Content-Type: application/json; charset=utf-8
host: localhost:5887
accept: */*

Response DefaultHttpResponse(decodeResult: success, version: HTTP/1.1)
HTTP/1.1 200 OK
Content-Length: 18
Content-Type: application/json; charset=utf-8
cache-control: no-cache

19:54:34.477 [AsyncHttpClient-1-2] DEBUG org.asynchttpclient.netty.channel.ChannelManager - Adding key: http://localhost:5887 for channel [id: 0x01a89f54, L:/127.0.0.1:56347 - R:localhost/127.0.0.1:5887]
19:54:34.478 [Forwarding getElementTagName on session 6204a296e2bcb5078e3fc75aa48adc37 to remote] DEBUG org.asynchttpclient.netty.request.NettyRequestSender - Using pooled Channel '[id: 0x01a89f54, L:/127.0.0.1:56347 - R:localhost/127.0.0.1:5887]' for 'GET' to 'http://localhost:5887/session/6204a296e2bcb5078e3fc75aa48adc37/element/25e5ebb8-b33d-4cf9-8375-cc269bc5ee65/name'
19:54:34.479 [Forwarding getElementTagName on session 6204a296e2bcb5078e3fc75aa48adc37 to remote] DEBUG org.asynchttpclient.netty.request.NettyRequestSender - Using open Channel [id: 0x01a89f54, L:/127.0.0.1:56347 - R:localhost/127.0.0.1:5887] for GET '/session/6204a296e2bcb5078e3fc75aa48adc37/element/25e5ebb8-b33d-4cf9-8375-cc269bc5ee65/name'
19:54:34.482 [AsyncHttpClient-1-2] DEBUG org.asynchttpclient.netty.handler.HttpHandler - 

Request DefaultFullHttpRequest(decodeResult: success, version: HTTP/1.1, content: EmptyByteBufBE)
GET /session/6204a296e2bcb5078e3fc75aa48adc37/element/25e5ebb8-b33d-4cf9-8375-cc269bc5ee65/name HTTP/1.1
User-Agent: selenium/4.8.1 (java windows)
Cache-Control: no-cache
Content-Type: application/json; charset=utf-8
host: localhost:5887
accept: */*

Response DefaultHttpResponse(decodeResult: success, version: HTTP/1.1)
HTTP/1.1 200 OK
Content-Length: 18
Content-Type: application/json; charset=utf-8
cache-control: no-cache

19:54:34.482 [AsyncHttpClient-1-2] DEBUG org.asynchttpclient.netty.channel.ChannelManager - Adding key: http://localhost:5887 for channel [id: 0x01a89f54, L:/127.0.0.1:56347 - R:localhost/127.0.0.1:5887]
19:54:34.483 [Forwarding isElementEnabled on session 6204a296e2bcb5078e3fc75aa48adc37 to remote] DEBUG org.asynchttpclient.netty.request.NettyRequestSender - Using pooled Channel '[id: 0x01a89f54, L:/127.0.0.1:56347 - R:localhost/127.0.0.1:5887]' for 'GET' to 'http://localhost:5887/session/6204a296e2bcb5078e3fc75aa48adc37/element/25e5ebb8-b33d-4cf9-8375-cc269bc5ee65/enabled'
19:54:34.483 [Forwarding isElementEnabled on session 6204a296e2bcb5078e3fc75aa48adc37 to remote] DEBUG org.asynchttpclient.netty.request.NettyRequestSender - Using open Channel [id: 0x01a89f54, L:/127.0.0.1:56347 - R:localhost/127.0.0.1:5887] for GET '/session/6204a296e2bcb5078e3fc75aa48adc37/element/25e5ebb8-b33d-4cf9-8375-cc269bc5ee65/enabled'
19:54:34.489 [AsyncHttpClient-1-2] DEBUG org.asynchttpclient.netty.handler.HttpHandler - 

Request DefaultFullHttpRequest(decodeResult: success, version: HTTP/1.1, content: EmptyByteBufBE)
GET /session/6204a296e2bcb5078e3fc75aa48adc37/element/25e5ebb8-b33d-4cf9-8375-cc269bc5ee65/enabled HTTP/1.1
User-Agent: selenium/4.8.1 (java windows)
Cache-Control: no-cache
Content-Type: application/json; charset=utf-8
host: localhost:5887
accept: */*

Response DefaultHttpResponse(decodeResult: success, version: HTTP/1.1)
HTTP/1.1 200 OK
Content-Length: 14
Content-Type: application/json; charset=utf-8
cache-control: no-cache

19:54:34.489 [AsyncHttpClient-1-2] DEBUG org.asynchttpclient.netty.channel.ChannelManager - Adding key: http://localhost:5887 for channel [id: 0x01a89f54, L:/127.0.0.1:56347 - R:localhost/127.0.0.1:5887]
19:54:34.490 [Forwarding isElementEnabled on session 6204a296e2bcb5078e3fc75aa48adc37 to remote] DEBUG org.asynchttpclient.netty.request.NettyRequestSender - Using pooled Channel '[id: 0x01a89f54, L:/127.0.0.1:56347 - R:localhost/127.0.0.1:5887]' for 'GET' to 'http://localhost:5887/session/6204a296e2bcb5078e3fc75aa48adc37/element/25e5ebb8-b33d-4cf9-8375-cc269bc5ee65/enabled'
19:54:34.490 [Forwarding isElementEnabled on session 6204a296e2bcb5078e3fc75aa48adc37 to remote] DEBUG org.asynchttpclient.netty.request.NettyRequestSender - Using open Channel [id: 0x01a89f54, L:/127.0.0.1:56347 - R:localhost/127.0.0.1:5887] for GET '/session/6204a296e2bcb5078e3fc75aa48adc37/element/25e5ebb8-b33d-4cf9-8375-cc269bc5ee65/enabled'
19:54:34.493 [AsyncHttpClient-1-2] DEBUG org.asynchttpclient.netty.handler.HttpHandler - 

Request DefaultFullHttpRequest(decodeResult: success, version: HTTP/1.1, content: EmptyByteBufBE)
GET /session/6204a296e2bcb5078e3fc75aa48adc37/element/25e5ebb8-b33d-4cf9-8375-cc269bc5ee65/enabled HTTP/1.1
User-Agent: selenium/4.8.1 (java windows)
Cache-Control: no-cache
Content-Type: application/json; charset=utf-8
host: localhost:5887
accept: */*

Response DefaultHttpResponse(decodeResult: success, version: HTTP/1.1)
HTTP/1.1 200 OK
Content-Length: 14
Content-Type: application/json; charset=utf-8
cache-control: no-cache

19:54:34.493 [AsyncHttpClient-1-2] DEBUG org.asynchttpclient.netty.channel.ChannelManager - Adding key: http://localhost:5887 for channel [id: 0x01a89f54, L:/127.0.0.1:56347 - R:localhost/127.0.0.1:5887]
19:54:34.495 [Forwarding findElement on session 6204a296e2bcb5078e3fc75aa48adc37 to remote] DEBUG org.asynchttpclient.netty.request.NettyRequestSender - Using pooled Channel '[id: 0x01a89f54, L:/127.0.0.1:56347 - R:localhost/127.0.0.1:5887]' for 'POST' to 'http://localhost:5887/session/6204a296e2bcb5078e3fc75aa48adc37/element'
19:54:34.495 [Forwarding findElement on session 6204a296e2bcb5078e3fc75aa48adc37 to remote] DEBUG org.asynchttpclient.netty.request.NettyRequestSender - Using open Channel [id: 0x01a89f54, L:/127.0.0.1:56347 - R:localhost/127.0.0.1:5887] for POST '/session/6204a296e2bcb5078e3fc75aa48adc37/element'
19:54:34.499 [AsyncHttpClient-1-2] DEBUG org.asynchttpclient.netty.handler.HttpHandler - 

Request DefaultHttpRequest(decodeResult: success, version: HTTP/1.1)
POST /session/6204a296e2bcb5078e3fc75aa48adc37/element HTTP/1.1
User-Agent: selenium/4.8.1 (java windows)
Content-Length: 53
Content-Type: application/json; charset=utf-8
host: localhost:5887
accept: */*

Response DefaultHttpResponse(decodeResult: success, version: HTTP/1.1)
HTTP/1.1 200 OK
Content-Length: 88
Content-Type: application/json; charset=utf-8
cache-control: no-cache

19:54:34.500 [AsyncHttpClient-1-2] DEBUG org.asynchttpclient.netty.channel.ChannelManager - Adding key: http://localhost:5887 for channel [id: 0x01a89f54, L:/127.0.0.1:56347 - R:localhost/127.0.0.1:5887]
19:54:34.501 [Forwarding clickElement on session 6204a296e2bcb5078e3fc75aa48adc37 to remote] DEBUG org.asynchttpclient.netty.request.NettyRequestSender - Using pooled Channel '[id: 0x01a89f54, L:/127.0.0.1:56347 - R:localhost/127.0.0.1:5887]' for 'POST' to 'http://localhost:5887/session/6204a296e2bcb5078e3fc75aa48adc37/element/25e5ebb8-b33d-4cf9-8375-cc269bc5ee65/click'
19:54:34.501 [Forwarding clickElement on session 6204a296e2bcb5078e3fc75aa48adc37 to remote] DEBUG org.asynchttpclient.netty.request.NettyRequestSender - Using open Channel [id: 0x01a89f54, L:/127.0.0.1:56347 - R:localhost/127.0.0.1:5887] for POST '/session/6204a296e2bcb5078e3fc75aa48adc37/element/25e5ebb8-b33d-4cf9-8375-cc269bc5ee65/click'
19:54:34.513 [AsyncHttpClient-1-1] DEBUG org.asynchttpclient.netty.channel.DefaultChannelPool - Entry count for : http://localhost:56348 : 1
19:54:34.532 [AsyncHttpClient-1-2] DEBUG org.asynchttpclient.netty.handler.HttpHandler - 

Request DefaultHttpRequest(decodeResult: success, version: HTTP/1.1)
POST /session/6204a296e2bcb5078e3fc75aa48adc37/element/25e5ebb8-b33d-4cf9-8375-cc269bc5ee65/click HTTP/1.1
User-Agent: selenium/4.8.1 (java windows)
Content-Length: 50
Content-Type: application/json; charset=utf-8
host: localhost:5887
accept: */*

Response DefaultHttpResponse(decodeResult: success, version: HTTP/1.1)
HTTP/1.1 200 OK
Content-Length: 14
Content-Type: application/json; charset=utf-8
cache-control: no-cache

19:54:34.532 [AsyncHttpClient-1-2] DEBUG org.asynchttpclient.netty.channel.ChannelManager - Adding key: http://localhost:5887 for channel [id: 0x01a89f54, L:/127.0.0.1:56347 - R:localhost/127.0.0.1:5887]
19:54:34.538 [Forwarding getAlertText on session 6204a296e2bcb5078e3fc75aa48adc37 to remote] DEBUG org.asynchttpclient.netty.request.NettyRequestSender - Using pooled Channel '[id: 0x01a89f54, L:/127.0.0.1:56347 - R:localhost/127.0.0.1:5887]' for 'GET' to 'http://localhost:5887/session/6204a296e2bcb5078e3fc75aa48adc37/alert/text'
19:54:34.538 [Forwarding getAlertText on session 6204a296e2bcb5078e3fc75aa48adc37 to remote] DEBUG org.asynchttpclient.netty.request.NettyRequestSender - Using open Channel [id: 0x01a89f54, L:/127.0.0.1:56347 - R:localhost/127.0.0.1:5887] for GET '/session/6204a296e2bcb5078e3fc75aa48adc37/alert/text'
19:54:34.539 [AsyncHttpClient-1-2] DEBUG org.asynchttpclient.netty.handler.HttpHandler - 

Request DefaultFullHttpRequest(decodeResult: success, version: HTTP/1.1, content: EmptyByteBufBE)
GET /session/6204a296e2bcb5078e3fc75aa48adc37/alert/text HTTP/1.1
User-Agent: selenium/4.8.1 (java windows)
Cache-Control: no-cache
Content-Type: application/json; charset=utf-8
host: localhost:5887
accept: */*

Response DefaultHttpResponse(decodeResult: success, version: HTTP/1.1)
HTTP/1.1 404 Not Found
Content-Length: 816
Content-Type: application/json; charset=utf-8
cache-control: no-cache

19:54:34.540 [AsyncHttpClient-1-2] DEBUG org.asynchttpclient.netty.channel.ChannelManager - Adding key: http://localhost:5887 for channel [id: 0x01a89f54, L:/127.0.0.1:56347 - R:localhost/127.0.0.1:5887]
19:54:34.541 [Forwarding getCurrentUrl on session 6204a296e2bcb5078e3fc75aa48adc37 to remote] DEBUG org.asynchttpclient.netty.request.NettyRequestSender - Using pooled Channel '[id: 0x01a89f54, L:/127.0.0.1:56347 - R:localhost/127.0.0.1:5887]' for 'GET' to 'http://localhost:5887/session/6204a296e2bcb5078e3fc75aa48adc37/url'
19:54:34.541 [Forwarding getCurrentUrl on session 6204a296e2bcb5078e3fc75aa48adc37 to remote] DEBUG org.asynchttpclient.netty.request.NettyRequestSender - Using open Channel [id: 0x01a89f54, L:/127.0.0.1:56347 - R:localhost/127.0.0.1:5887] for GET '/session/6204a296e2bcb5078e3fc75aa48adc37/url'
19:54:34.543 [AsyncHttpClient-1-2] DEBUG org.asynchttpclient.netty.handler.HttpHandler - 

Request DefaultFullHttpRequest(decodeResult: success, version: HTTP/1.1, content: EmptyByteBufBE)
GET /session/6204a296e2bcb5078e3fc75aa48adc37/url HTTP/1.1
User-Agent: selenium/4.8.1 (java windows)
Cache-Control: no-cache
Content-Type: application/json; charset=utf-8
host: localhost:5887
accept: */*

Response DefaultHttpResponse(decodeResult: success, version: HTTP/1.1)
HTTP/1.1 200 OK
Content-Length: 60
Content-Type: application/json; charset=utf-8
cache-control: no-cache

19:54:34.543 [AsyncHttpClient-1-2] DEBUG org.asynchttpclient.netty.channel.ChannelManager - Adding key: http://localhost:5887 for channel [id: 0x01a89f54, L:/127.0.0.1:56347 - R:localhost/127.0.0.1:5887]
19:54:34.545 [Forwarding screenshot on session 6204a296e2bcb5078e3fc75aa48adc37 to remote] DEBUG org.asynchttpclient.netty.request.NettyRequestSender - Using pooled Channel '[id: 0x01a89f54, L:/127.0.0.1:56347 - R:localhost/127.0.0.1:5887]' for 'GET' to 'http://localhost:5887/session/6204a296e2bcb5078e3fc75aa48adc37/screenshot'
19:54:34.545 [Forwarding screenshot on session 6204a296e2bcb5078e3fc75aa48adc37 to remote] DEBUG org.asynchttpclient.netty.request.NettyRequestSender - Using open Channel [id: 0x01a89f54, L:/127.0.0.1:56347 - R:localhost/127.0.0.1:5887] for GET '/session/6204a296e2bcb5078e3fc75aa48adc37/screenshot'
19:54:34.659 [AsyncHttpClient-1-2] DEBUG org.asynchttpclient.netty.handler.HttpHandler - 

Request DefaultFullHttpRequest(decodeResult: success, version: HTTP/1.1, content: EmptyByteBufBE)
GET /session/6204a296e2bcb5078e3fc75aa48adc37/screenshot HTTP/1.1
User-Agent: selenium/4.8.1 (java windows)
Cache-Control: no-cache
Content-Type: application/json; charset=utf-8
host: localhost:5887
accept: */*

Response DefaultHttpResponse(decodeResult: success, version: HTTP/1.1)
HTTP/1.1 200 OK
Content-Length: 45156
Content-Type: application/json; charset=utf-8
cache-control: no-cache

19:54:34.659 [AsyncHttpClient-1-2] DEBUG org.asynchttpclient.netty.channel.ChannelManager - Adding key: http://localhost:5887 for channel [id: 0x01a89f54, L:/127.0.0.1:56347 - R:localhost/127.0.0.1:5887]
19:54:34.662 [main] DEBUG net.serenitybdd.core.photography.Darkroom - Send negative for processing for target\site\serenity\0ced3fad21d8772aa6c53641739ddf6333427b138d0239f187aadfcc265fa446.png
19:54:34.662 [Darkroom Processing Line] DEBUG net.serenitybdd.core.photography.DarkroomProcessingLine - Processing screenshot image in /var/screenshots/screenshot-13936775717816718067
19:54:34.662 [main] DEBUG net.thucydides.core.steps.StepInterceptor - STEP DONE: pressCheckout
19:54:34.662 [Darkroom Processing Line] DEBUG net.serenitybdd.core.photography.DarkroomProcessingLine - Saving screenshot to target\site\serenity\0ced3fad21d8772aa6c53641739ddf6333427b138d0239f187aadfcc265fa446.png
  &amp#27;[32mWhen &amp#27;[0m&amp#27;[32mI press Checkout button&amp#27;[0m                                          &amp#27;[90m# starter.stepDefinitions.CheckoutSteps.pressCheckoutButton()&amp#27;[0m
19:54:34.668 [Forwarding getPageSource on session 6204a296e2bcb5078e3fc75aa48adc37 to remote] DEBUG org.asynchttpclient.netty.request.NettyRequestSender - Using pooled Channel '[id: 0x01a89f54, L:/127.0.0.1:56347 - R:localhost/127.0.0.1:5887]' for 'POST' to 'http://localhost:5887/session/6204a296e2bcb5078e3fc75aa48adc37/execute/sync'
19:54:34.668 [Forwarding getPageSource on session 6204a296e2bcb5078e3fc75aa48adc37 to remote] DEBUG org.asynchttpclient.netty.request.NettyRequestSender - Using open Channel [id: 0x01a89f54, L:/127.0.0.1:56347 - R:localhost/127.0.0.1:5887] for POST '/session/6204a296e2bcb5078e3fc75aa48adc37/execute/sync'
19:54:34.672 [AsyncHttpClient-1-2] DEBUG org.asynchttpclient.netty.handler.HttpHandler - 

Request DefaultHttpRequest(decodeResult: success, version: HTTP/1.1)
POST /session/6204a296e2bcb5078e3fc75aa48adc37/execute/sync HTTP/1.1
User-Agent: selenium/4.8.1 (java windows)
Content-Length: 176
Content-Type: application/json; charset=utf-8
host: localhost:5887
accept: */*

Response DefaultHttpResponse(decodeResult: success, version: HTTP/1.1)
HTTP/1.1 200 OK
Content-Length: 12605
Content-Type: application/json; charset=utf-8
cache-control: no-cache

19:54:34.676 [AsyncHttpClient-1-2] DEBUG org.asynchttpclient.netty.channel.ChannelManager - Adding key: http://localhost:5887 for channel [id: 0x01a89f54, L:/127.0.0.1:56347 - R:localhost/127.0.0.1:5887]
19:54:34.678 [Forwarding getCurrentUrl on session 6204a296e2bcb5078e3fc75aa48adc37 to remote] DEBUG org.asynchttpclient.netty.request.NettyRequestSender - Using pooled Channel '[id: 0x01a89f54, L:/127.0.0.1:56347 - R:localhost/127.0.0.1:5887]' for 'GET' to 'http://localhost:5887/session/6204a296e2bcb5078e3fc75aa48adc37/url'
19:54:34.678 [Forwarding getCurrentUrl on session 6204a296e2bcb5078e3fc75aa48adc37 to remote] DEBUG org.asynchttpclient.netty.request.NettyRequestSender - Using open Channel [id: 0x01a89f54, L:/127.0.0.1:56347 - R:localhost/127.0.0.1:5887] for GET '/session/6204a296e2bcb5078e3fc75aa48adc37/url'
19:54:34.680 [AsyncHttpClient-1-2] DEBUG org.asynchttpclient.netty.handler.HttpHandler - 

Request DefaultFullHttpRequest(decodeResult: success, version: HTTP/1.1, content: EmptyByteBufBE)
GET /session/6204a296e2bcb5078e3fc75aa48adc37/url HTTP/1.1
User-Agent: selenium/4.8.1 (java windows)
Cache-Control: no-cache
Content-Type: application/json; charset=utf-8
host: localhost:5887
accept: */*

Response DefaultHttpResponse(decodeResult: success, version: HTTP/1.1)
HTTP/1.1 200 OK
Content-Length: 60
Content-Type: application/json; charset=utf-8
cache-control: no-cache

19:54:34.680 [AsyncHttpClient-1-2] DEBUG org.asynchttpclient.netty.channel.ChannelManager - Adding key: http://localhost:5887 for channel [id: 0x01a89f54, L:/127.0.0.1:56347 - R:localhost/127.0.0.1:5887]
19:54:34.690 [Forwarding getPageSource on session 6204a296e2bcb5078e3fc75aa48adc37 to remote] DEBUG org.asynchttpclient.netty.request.NettyRequestSender - Using pooled Channel '[id: 0x01a89f54, L:/127.0.0.1:56347 - R:localhost/127.0.0.1:5887]' for 'POST' to 'http://localhost:5887/session/6204a296e2bcb5078e3fc75aa48adc37/execute/sync'
19:54:34.690 [Forwarding getPageSource on session 6204a296e2bcb5078e3fc75aa48adc37 to remote] DEBUG org.asynchttpclient.netty.request.NettyRequestSender - Using open Channel [id: 0x01a89f54, L:/127.0.0.1:56347 - R:localhost/127.0.0.1:5887] for POST '/session/6204a296e2bcb5078e3fc75aa48adc37/execute/sync'
19:54:34.693 [AsyncHttpClient-1-2] DEBUG org.asynchttpclient.netty.handler.HttpHandler - 

Request DefaultHttpRequest(decodeResult: success, version: HTTP/1.1)
POST /session/6204a296e2bcb5078e3fc75aa48adc37/execute/sync HTTP/1.1
User-Agent: selenium/4.8.1 (java windows)
Content-Length: 176
Content-Type: application/json; charset=utf-8
host: localhost:5887
accept: */*

Response DefaultHttpResponse(decodeResult: success, version: HTTP/1.1)
HTTP/1.1 200 OK
Content-Length: 12605
Content-Type: application/json; charset=utf-8
cache-control: no-cache

19:54:34.693 [AsyncHttpClient-1-2] DEBUG org.asynchttpclient.netty.channel.ChannelManager - Adding key: http://localhost:5887 for channel [id: 0x01a89f54, L:/127.0.0.1:56347 - R:localhost/127.0.0.1:5887]
19:54:34.695 [Forwarding getCurrentUrl on session 6204a296e2bcb5078e3fc75aa48adc37 to remote] DEBUG org.asynchttpclient.netty.request.NettyRequestSender - Using pooled Channel '[id: 0x01a89f54, L:/127.0.0.1:56347 - R:localhost/127.0.0.1:5887]' for 'GET' to 'http://localhost:5887/session/6204a296e2bcb5078e3fc75aa48adc37/url'
19:54:34.695 [Forwarding getCurrentUrl on session 6204a296e2bcb5078e3fc75aa48adc37 to remote] DEBUG org.asynchttpclient.netty.request.NettyRequestSender - Using open Channel [id: 0x01a89f54, L:/127.0.0.1:56347 - R:localhost/127.0.0.1:5887] for GET '/session/6204a296e2bcb5078e3fc75aa48adc37/url'
19:54:34.697 [AsyncHttpClient-1-2] DEBUG org.asynchttpclient.netty.handler.HttpHandler - 

Request DefaultFullHttpRequest(decodeResult: success, version: HTTP/1.1, content: EmptyByteBufBE)
GET /session/6204a296e2bcb5078e3fc75aa48adc37/url HTTP/1.1
User-Agent: selenium/4.8.1 (java windows)
Cache-Control: no-cache
Content-Type: application/json; charset=utf-8
host: localhost:5887
accept: */*

Response DefaultHttpResponse(decodeResult: success, version: HTTP/1.1)
HTTP/1.1 200 OK
Content-Length: 60
Content-Type: application/json; charset=utf-8
cache-control: no-cache

19:54:34.698 [AsyncHttpClient-1-2] DEBUG org.asynchttpclient.netty.channel.ChannelManager - Adding key: http://localhost:5887 for channel [id: 0x01a89f54, L:/127.0.0.1:56347 - R:localhost/127.0.0.1:5887]
19:54:34.700 [main] DEBUG net.thucydides.core.steps.StepInterceptor - STARTING STEP: CheckoutSteps.fillDetails - fillDetailForm
19:54:34.703 [Forwarding findElement on session 6204a296e2bcb5078e3fc75aa48adc37 to remote] DEBUG org.asynchttpclient.netty.request.NettyRequestSender - Using pooled Channel '[id: 0x01a89f54, L:/127.0.0.1:56347 - R:localhost/127.0.0.1:5887]' for 'POST' to 'http://localhost:5887/session/6204a296e2bcb5078e3fc75aa48adc37/element'
19:54:34.703 [Forwarding findElement on session 6204a296e2bcb5078e3fc75aa48adc37 to remote] DEBUG org.asynchttpclient.netty.request.NettyRequestSender - Using open Channel [id: 0x01a89f54, L:/127.0.0.1:56347 - R:localhost/127.0.0.1:5887] for POST '/session/6204a296e2bcb5078e3fc75aa48adc37/element'
19:54:34.710 [AsyncHttpClient-1-2] DEBUG org.asynchttpclient.netty.handler.HttpHandler - 

Request DefaultHttpRequest(decodeResult: success, version: HTTP/1.1)
POST /session/6204a296e2bcb5078e3fc75aa48adc37/element HTTP/1.1
User-Agent: selenium/4.8.1 (java windows)
Content-Length: 57
Content-Type: application/json; charset=utf-8
host: localhost:5887
accept: */*

Response DefaultHttpResponse(decodeResult: success, version: HTTP/1.1)
HTTP/1.1 200 OK
Content-Length: 88
Content-Type: application/json; charset=utf-8
cache-control: no-cache

19:54:34.710 [AsyncHttpClient-1-2] DEBUG org.asynchttpclient.netty.channel.ChannelManager - Adding key: http://localhost:5887 for channel [id: 0x01a89f54, L:/127.0.0.1:56347 - R:localhost/127.0.0.1:5887]
19:54:34.712 [Forwarding clearElement on session 6204a296e2bcb5078e3fc75aa48adc37 to remote] DEBUG org.asynchttpclient.netty.request.NettyRequestSender - Using pooled Channel '[id: 0x01a89f54, L:/127.0.0.1:56347 - R:localhost/127.0.0.1:5887]' for 'POST' to 'http://localhost:5887/session/6204a296e2bcb5078e3fc75aa48adc37/element/47e5239e-9d85-4795-875d-1663fe0abbe4/clear'
19:54:34.712 [Forwarding clearElement on session 6204a296e2bcb5078e3fc75aa48adc37 to remote] DEBUG org.asynchttpclient.netty.request.NettyRequestSender - Using open Channel [id: 0x01a89f54, L:/127.0.0.1:56347 - R:localhost/127.0.0.1:5887] for POST '/session/6204a296e2bcb5078e3fc75aa48adc37/element/47e5239e-9d85-4795-875d-1663fe0abbe4/clear'
19:54:34.736 [AsyncHttpClient-1-2] DEBUG org.asynchttpclient.netty.handler.HttpHandler - 

Request DefaultHttpRequest(decodeResult: success, version: HTTP/1.1)
POST /session/6204a296e2bcb5078e3fc75aa48adc37/element/47e5239e-9d85-4795-875d-1663fe0abbe4/clear HTTP/1.1
User-Agent: selenium/4.8.1 (java windows)
Content-Length: 50
Content-Type: application/json; charset=utf-8
host: localhost:5887
accept: */*

Response DefaultHttpResponse(decodeResult: success, version: HTTP/1.1)
HTTP/1.1 200 OK
Content-Length: 14
Content-Type: application/json; charset=utf-8
cache-control: no-cache

19:54:34.736 [AsyncHttpClient-1-2] DEBUG org.asynchttpclient.netty.channel.ChannelManager - Adding key: http://localhost:5887 for channel [id: 0x01a89f54, L:/127.0.0.1:56347 - R:localhost/127.0.0.1:5887]
19:54:34.738 [Forwarding sendKeysToElement on session 6204a296e2bcb5078e3fc75aa48adc37 to remote] DEBUG org.asynchttpclient.netty.request.NettyRequestSender - Using pooled Channel '[id: 0x01a89f54, L:/127.0.0.1:56347 - R:localhost/127.0.0.1:5887]' for 'POST' to 'http://localhost:5887/session/6204a296e2bcb5078e3fc75aa48adc37/element/47e5239e-9d85-4795-875d-1663fe0abbe4/value'
19:54:34.738 [Forwarding sendKeysToElement on session 6204a296e2bcb5078e3fc75aa48adc37 to remote] DEBUG org.asynchttpclient.netty.request.NettyRequestSender - Using open Channel [id: 0x01a89f54, L:/127.0.0.1:56347 - R:localhost/127.0.0.1:5887] for POST '/session/6204a296e2bcb5078e3fc75aa48adc37/element/47e5239e-9d85-4795-875d-1663fe0abbe4/value'
19:54:34.793 [AsyncHttpClient-1-2] DEBUG org.asynchttpclient.netty.handler.HttpHandler - 

Request DefaultHttpRequest(decodeResult: success, version: HTTP/1.1)
POST /session/6204a296e2bcb5078e3fc75aa48adc37/element/47e5239e-9d85-4795-875d-1663fe0abbe4/value HTTP/1.1
User-Agent: selenium/4.8.1 (java windows)
Content-Length: 181
Content-Type: application/json; charset=utf-8
host: localhost:5887
accept: */*

Response DefaultHttpResponse(decodeResult: success, version: HTTP/1.1)
HTTP/1.1 200 OK
Content-Length: 14
Content-Type: application/json; charset=utf-8
cache-control: no-cache

19:54:34.793 [AsyncHttpClient-1-2] DEBUG org.asynchttpclient.netty.channel.ChannelManager - Adding key: http://localhost:5887 for channel [id: 0x01a89f54, L:/127.0.0.1:56347 - R:localhost/127.0.0.1:5887]
19:54:34.797 [Forwarding findElement on session 6204a296e2bcb5078e3fc75aa48adc37 to remote] DEBUG org.asynchttpclient.netty.request.NettyRequestSender - Using pooled Channel '[id: 0x01a89f54, L:/127.0.0.1:56347 - R:localhost/127.0.0.1:5887]' for 'POST' to 'http://localhost:5887/session/6204a296e2bcb5078e3fc75aa48adc37/element'
19:54:34.797 [Forwarding findElement on session 6204a296e2bcb5078e3fc75aa48adc37 to remote] DEBUG org.asynchttpclient.netty.request.NettyRequestSender - Using open Channel [id: 0x01a89f54, L:/127.0.0.1:56347 - R:localhost/127.0.0.1:5887] for POST '/session/6204a296e2bcb5078e3fc75aa48adc37/element'
19:54:34.806 [AsyncHttpClient-1-2] DEBUG org.asynchttpclient.netty.handler.HttpHandler - 

Request DefaultHttpRequest(decodeResult: success, version: HTTP/1.1)
POST /session/6204a296e2bcb5078e3fc75aa48adc37/element HTTP/1.1
User-Agent: selenium/4.8.1 (java windows)
Content-Length: 56
Content-Type: application/json; charset=utf-8
host: localhost:5887
accept: */*

Response DefaultHttpResponse(decodeResult: success, version: HTTP/1.1)
HTTP/1.1 200 OK
Content-Length: 88
Content-Type: application/json; charset=utf-8
cache-control: no-cache

19:54:34.806 [AsyncHttpClient-1-2] DEBUG org.asynchttpclient.netty.channel.ChannelManager - Adding key: http://localhost:5887 for channel [id: 0x01a89f54, L:/127.0.0.1:56347 - R:localhost/127.0.0.1:5887]
19:54:34.807 [Forwarding clearElement on session 6204a296e2bcb5078e3fc75aa48adc37 to remote] DEBUG org.asynchttpclient.netty.request.NettyRequestSender - Using pooled Channel '[id: 0x01a89f54, L:/127.0.0.1:56347 - R:localhost/127.0.0.1:5887]' for 'POST' to 'http://localhost:5887/session/6204a296e2bcb5078e3fc75aa48adc37/element/dceca611-645e-4ea1-8d68-cd6fb84083fe/clear'
19:54:34.807 [Forwarding clearElement on session 6204a296e2bcb5078e3fc75aa48adc37 to remote] DEBUG org.asynchttpclient.netty.request.NettyRequestSender - Using open Channel [id: 0x01a89f54, L:/127.0.0.1:56347 - R:localhost/127.0.0.1:5887] for POST '/session/6204a296e2bcb5078e3fc75aa48adc37/element/dceca611-645e-4ea1-8d68-cd6fb84083fe/clear'
19:54:34.834 [AsyncHttpClient-1-2] DEBUG org.asynchttpclient.netty.handler.HttpHandler - 

Request DefaultHttpRequest(decodeResult: success, version: HTTP/1.1)
POST /session/6204a296e2bcb5078e3fc75aa48adc37/element/dceca611-645e-4ea1-8d68-cd6fb84083fe/clear HTTP/1.1
User-Agent: selenium/4.8.1 (java windows)
Content-Length: 50
Content-Type: application/json; charset=utf-8
host: localhost:5887
accept: */*

Response DefaultHttpResponse(decodeResult: success, version: HTTP/1.1)
HTTP/1.1 200 OK
Content-Length: 14
Content-Type: application/json; charset=utf-8
cache-control: no-cache

19:54:34.834 [AsyncHttpClient-1-2] DEBUG org.asynchttpclient.netty.channel.ChannelManager - Adding key: http://localhost:5887 for channel [id: 0x01a89f54, L:/127.0.0.1:56347 - R:localhost/127.0.0.1:5887]
19:54:34.836 [Forwarding sendKeysToElement on session 6204a296e2bcb5078e3fc75aa48adc37 to remote] DEBUG org.asynchttpclient.netty.request.NettyRequestSender - Using pooled Channel '[id: 0x01a89f54, L:/127.0.0.1:56347 - R:localhost/127.0.0.1:5887]' for 'POST' to 'http://localhost:5887/session/6204a296e2bcb5078e3fc75aa48adc37/element/dceca611-645e-4ea1-8d68-cd6fb84083fe/value'
19:54:34.836 [Forwarding sendKeysToElement on session 6204a296e2bcb5078e3fc75aa48adc37 to remote] DEBUG org.asynchttpclient.netty.request.NettyRequestSender - Using open Channel [id: 0x01a89f54, L:/127.0.0.1:56347 - R:localhost/127.0.0.1:5887] for POST '/session/6204a296e2bcb5078e3fc75aa48adc37/element/dceca611-645e-4ea1-8d68-cd6fb84083fe/value'
19:54:34.886 [AsyncHttpClient-1-2] DEBUG org.asynchttpclient.netty.handler.HttpHandler - 

Request DefaultHttpRequest(decodeResult: success, version: HTTP/1.1)
POST /session/6204a296e2bcb5078e3fc75aa48adc37/element/dceca611-645e-4ea1-8d68-cd6fb84083fe/value HTTP/1.1
User-Agent: selenium/4.8.1 (java windows)
Content-Length: 171
Content-Type: application/json; charset=utf-8
host: localhost:5887
accept: */*

Response DefaultHttpResponse(decodeResult: success, version: HTTP/1.1)
HTTP/1.1 200 OK
Content-Length: 14
Content-Type: application/json; charset=utf-8
cache-control: no-cache

19:54:34.886 [AsyncHttpClient-1-2] DEBUG org.asynchttpclient.netty.channel.ChannelManager - Adding key: http://localhost:5887 for channel [id: 0x01a89f54, L:/127.0.0.1:56347 - R:localhost/127.0.0.1:5887]
19:54:34.890 [Forwarding findElement on session 6204a296e2bcb5078e3fc75aa48adc37 to remote] DEBUG org.asynchttpclient.netty.request.NettyRequestSender - Using pooled Channel '[id: 0x01a89f54, L:/127.0.0.1:56347 - R:localhost/127.0.0.1:5887]' for 'POST' to 'http://localhost:5887/session/6204a296e2bcb5078e3fc75aa48adc37/element'
19:54:34.890 [Forwarding findElement on session 6204a296e2bcb5078e3fc75aa48adc37 to remote] DEBUG org.asynchttpclient.netty.request.NettyRequestSender - Using open Channel [id: 0x01a89f54, L:/127.0.0.1:56347 - R:localhost/127.0.0.1:5887] for POST '/session/6204a296e2bcb5078e3fc75aa48adc37/element'
19:54:34.898 [AsyncHttpClient-1-2] DEBUG org.asynchttpclient.netty.handler.HttpHandler - 

Request DefaultHttpRequest(decodeResult: success, version: HTTP/1.1)
POST /session/6204a296e2bcb5078e3fc75aa48adc37/element HTTP/1.1
User-Agent: selenium/4.8.1 (java windows)
Content-Length: 58
Content-Type: application/json; charset=utf-8
host: localhost:5887
accept: */*

Response DefaultHttpResponse(decodeResult: success, version: HTTP/1.1)
HTTP/1.1 200 OK
Content-Length: 88
Content-Type: application/json; charset=utf-8
cache-control: no-cache

19:54:34.899 [AsyncHttpClient-1-2] DEBUG org.asynchttpclient.netty.channel.ChannelManager - Adding key: http://localhost:5887 for channel [id: 0x01a89f54, L:/127.0.0.1:56347 - R:localhost/127.0.0.1:5887]
19:54:34.900 [Forwarding clearElement on session 6204a296e2bcb5078e3fc75aa48adc37 to remote] DEBUG org.asynchttpclient.netty.request.NettyRequestSender - Using pooled Channel '[id: 0x01a89f54, L:/127.0.0.1:56347 - R:localhost/127.0.0.1:5887]' for 'POST' to 'http://localhost:5887/session/6204a296e2bcb5078e3fc75aa48adc37/element/e8822087-f55d-4606-b8f0-685dbf9f0ff7/clear'
19:54:34.900 [Forwarding clearElement on session 6204a296e2bcb5078e3fc75aa48adc37 to remote] DEBUG org.asynchttpclient.netty.request.NettyRequestSender - Using open Channel [id: 0x01a89f54, L:/127.0.0.1:56347 - R:localhost/127.0.0.1:5887] for POST '/session/6204a296e2bcb5078e3fc75aa48adc37/element/e8822087-f55d-4606-b8f0-685dbf9f0ff7/clear'
19:54:34.925 [AsyncHttpClient-1-2] DEBUG org.asynchttpclient.netty.handler.HttpHandler - 

Request DefaultHttpRequest(decodeResult: success, version: HTTP/1.1)
POST /session/6204a296e2bcb5078e3fc75aa48adc37/element/e8822087-f55d-4606-b8f0-685dbf9f0ff7/clear HTTP/1.1
User-Agent: selenium/4.8.1 (java windows)
Content-Length: 50
Content-Type: application/json; charset=utf-8
host: localhost:5887
accept: */*

Response DefaultHttpResponse(decodeResult: success, version: HTTP/1.1)
HTTP/1.1 200 OK
Content-Length: 14
Content-Type: application/json; charset=utf-8
cache-control: no-cache

19:54:34.925 [AsyncHttpClient-1-2] DEBUG org.asynchttpclient.netty.channel.ChannelManager - Adding key: http://localhost:5887 for channel [id: 0x01a89f54, L:/127.0.0.1:56347 - R:localhost/127.0.0.1:5887]
19:54:34.927 [Forwarding sendKeysToElement on session 6204a296e2bcb5078e3fc75aa48adc37 to remote] DEBUG org.asynchttpclient.netty.request.NettyRequestSender - Using pooled Channel '[id: 0x01a89f54, L:/127.0.0.1:56347 - R:localhost/127.0.0.1:5887]' for 'POST' to 'http://localhost:5887/session/6204a296e2bcb5078e3fc75aa48adc37/element/e8822087-f55d-4606-b8f0-685dbf9f0ff7/value'
19:54:34.927 [Forwarding sendKeysToElement on session 6204a296e2bcb5078e3fc75aa48adc37 to remote] DEBUG org.asynchttpclient.netty.request.NettyRequestSender - Using open Channel [id: 0x01a89f54, L:/127.0.0.1:56347 - R:localhost/127.0.0.1:5887] for POST '/session/6204a296e2bcb5078e3fc75aa48adc37/element/e8822087-f55d-4606-b8f0-685dbf9f0ff7/value'
19:54:34.970 [AsyncHttpClient-1-2] DEBUG org.asynchttpclient.netty.handler.HttpHandler - 

Request DefaultHttpRequest(decodeResult: success, version: HTTP/1.1)
POST /session/6204a296e2bcb5078e3fc75aa48adc37/element/e8822087-f55d-4606-b8f0-685dbf9f0ff7/value HTTP/1.1
User-Agent: selenium/4.8.1 (java windows)
Content-Length: 131
Content-Type: application/json; charset=utf-8
host: localhost:5887
accept: */*

Response DefaultHttpResponse(decodeResult: success, version: HTTP/1.1)
HTTP/1.1 200 OK
Content-Length: 14
Content-Type: application/json; charset=utf-8
cache-control: no-cache

19:54:34.970 [AsyncHttpClient-1-2] DEBUG org.asynchttpclient.netty.channel.ChannelManager - Adding key: http://localhost:5887 for channel [id: 0x01a89f54, L:/127.0.0.1:56347 - R:localhost/127.0.0.1:5887]
19:54:34.975 [Forwarding getAlertText on session 6204a296e2bcb5078e3fc75aa48adc37 to remote] DEBUG org.asynchttpclient.netty.request.NettyRequestSender - Using pooled Channel '[id: 0x01a89f54, L:/127.0.0.1:56347 - R:localhost/127.0.0.1:5887]' for 'GET' to 'http://localhost:5887/session/6204a296e2bcb5078e3fc75aa48adc37/alert/text'
19:54:34.975 [Forwarding getAlertText on session 6204a296e2bcb5078e3fc75aa48adc37 to remote] DEBUG org.asynchttpclient.netty.request.NettyRequestSender - Using open Channel [id: 0x01a89f54, L:/127.0.0.1:56347 - R:localhost/127.0.0.1:5887] for GET '/session/6204a296e2bcb5078e3fc75aa48adc37/alert/text'
19:54:34.977 [AsyncHttpClient-1-2] DEBUG org.asynchttpclient.netty.handler.HttpHandler - 

Request DefaultFullHttpRequest(decodeResult: success, version: HTTP/1.1, content: EmptyByteBufBE)
GET /session/6204a296e2bcb5078e3fc75aa48adc37/alert/text HTTP/1.1
User-Agent: selenium/4.8.1 (java windows)
Cache-Control: no-cache
Content-Type: application/json; charset=utf-8
host: localhost:5887
accept: */*

Response DefaultHttpResponse(decodeResult: success, version: HTTP/1.1)
HTTP/1.1 404 Not Found
Content-Length: 816
Content-Type: application/json; charset=utf-8
cache-control: no-cache

19:54:34.977 [AsyncHttpClient-1-2] DEBUG org.asynchttpclient.netty.channel.ChannelManager - Adding key: http://localhost:5887 for channel [id: 0x01a89f54, L:/127.0.0.1:56347 - R:localhost/127.0.0.1:5887]
19:54:34.978 [Forwarding getCurrentUrl on session 6204a296e2bcb5078e3fc75aa48adc37 to remote] DEBUG org.asynchttpclient.netty.request.NettyRequestSender - Using pooled Channel '[id: 0x01a89f54, L:/127.0.0.1:56347 - R:localhost/127.0.0.1:5887]' for 'GET' to 'http://localhost:5887/session/6204a296e2bcb5078e3fc75aa48adc37/url'
19:54:34.978 [Forwarding getCurrentUrl on session 6204a296e2bcb5078e3fc75aa48adc37 to remote] DEBUG org.asynchttpclient.netty.request.NettyRequestSender - Using open Channel [id: 0x01a89f54, L:/127.0.0.1:56347 - R:localhost/127.0.0.1:5887] for GET '/session/6204a296e2bcb5078e3fc75aa48adc37/url'
19:54:34.981 [AsyncHttpClient-1-2] DEBUG org.asynchttpclient.netty.handler.HttpHandler - 

Request DefaultFullHttpRequest(decodeResult: success, version: HTTP/1.1, content: EmptyByteBufBE)
GET /session/6204a296e2bcb5078e3fc75aa48adc37/url HTTP/1.1
User-Agent: selenium/4.8.1 (java windows)
Cache-Control: no-cache
Content-Type: application/json; charset=utf-8
host: localhost:5887
accept: */*

Response DefaultHttpResponse(decodeResult: success, version: HTTP/1.1)
HTTP/1.1 200 OK
Content-Length: 60
Content-Type: application/json; charset=utf-8
cache-control: no-cache

19:54:34.981 [AsyncHttpClient-1-2] DEBUG org.asynchttpclient.netty.channel.ChannelManager - Adding key: http://localhost:5887 for channel [id: 0x01a89f54, L:/127.0.0.1:56347 - R:localhost/127.0.0.1:5887]
19:54:34.982 [Forwarding screenshot on session 6204a296e2bcb5078e3fc75aa48adc37 to remote] DEBUG org.asynchttpclient.netty.request.NettyRequestSender - Using pooled Channel '[id: 0x01a89f54, L:/127.0.0.1:56347 - R:localhost/127.0.0.1:5887]' for 'GET' to 'http://localhost:5887/session/6204a296e2bcb5078e3fc75aa48adc37/screenshot'
19:54:34.982 [Forwarding screenshot on session 6204a296e2bcb5078e3fc75aa48adc37 to remote] DEBUG org.asynchttpclient.netty.request.NettyRequestSender - Using open Channel [id: 0x01a89f54, L:/127.0.0.1:56347 - R:localhost/127.0.0.1:5887] for GET '/session/6204a296e2bcb5078e3fc75aa48adc37/screenshot'
19:54:35.089 [AsyncHttpClient-1-2] DEBUG org.asynchttpclient.netty.handler.HttpHandler - 

Request DefaultFullHttpRequest(decodeResult: success, version: HTTP/1.1, content: EmptyByteBufBE)
GET /session/6204a296e2bcb5078e3fc75aa48adc37/screenshot HTTP/1.1
User-Agent: selenium/4.8.1 (java windows)
Cache-Control: no-cache
Content-Type: application/json; charset=utf-8
host: localhost:5887
accept: */*

Response DefaultHttpResponse(decodeResult: success, version: HTTP/1.1)
HTTP/1.1 200 OK
Content-Length: 42592
Content-Type: application/json; charset=utf-8
cache-control: no-cache

19:54:35.089 [AsyncHttpClient-1-2] DEBUG org.asynchttpclient.netty.channel.ChannelManager - Adding key: http://localhost:5887 for channel [id: 0x01a89f54, L:/127.0.0.1:56347 - R:localhost/127.0.0.1:5887]
19:54:35.091 [main] DEBUG net.serenitybdd.core.photography.Darkroom - Send negative for processing for target\site\serenity\fda9cba5da80cdb115c622e19e3868aab99d806d52a3b58892545f51316290a4.png
19:54:35.091 [main] DEBUG net.thucydides.core.steps.StepInterceptor - STEP DONE: fillDetailForm
19:54:35.091 [Darkroom Processing Line] DEBUG net.serenitybdd.core.photography.DarkroomProcessingLine - Processing screenshot image in /var/screenshots/screenshot-14905158497465332292
19:54:35.091 [Darkroom Processing Line] DEBUG net.serenitybdd.core.photography.DarkroomProcessingLine - Saving screenshot to target\site\serenity\fda9cba5da80cdb115c622e19e3868aab99d806d52a3b58892545f51316290a4.png
  &amp#27;[32mAnd &amp#27;[0m&amp#27;[32mI fill &amp#27;[0m&amp#27;[32m&amp#27;[1m"first name"&amp#27;[0m&amp#27;[32m, &amp#27;[0m&amp#27;[32m&amp#27;[1m"last name"&amp#27;[0m&amp#27;[32m, &amp#27;[0m&amp#27;[32m&amp#27;[1m"13950"&amp#27;[0m                         &amp#27;[90m# starter.stepDefinitions.CheckoutSteps.fillDetails(java.lang.String,java.lang.String,java.lang.String)&amp#27;[0m
19:54:35.100 [Forwarding getPageSource on session 6204a296e2bcb5078e3fc75aa48adc37 to remote] DEBUG org.asynchttpclient.netty.request.NettyRequestSender - Using pooled Channel '[id: 0x01a89f54, L:/127.0.0.1:56347 - R:localhost/127.0.0.1:5887]' for 'POST' to 'http://localhost:5887/session/6204a296e2bcb5078e3fc75aa48adc37/execute/sync'
19:54:35.101 [Forwarding getPageSource on session 6204a296e2bcb5078e3fc75aa48adc37 to remote] DEBUG org.asynchttpclient.netty.request.NettyRequestSender - Using open Channel [id: 0x01a89f54, L:/127.0.0.1:56347 - R:localhost/127.0.0.1:5887] for POST '/session/6204a296e2bcb5078e3fc75aa48adc37/execute/sync'
19:54:35.104 [AsyncHttpClient-1-2] DEBUG org.asynchttpclient.netty.handler.HttpHandler - 

Request DefaultHttpRequest(decodeResult: success, version: HTTP/1.1)
POST /session/6204a296e2bcb5078e3fc75aa48adc37/execute/sync HTTP/1.1
User-Agent: selenium/4.8.1 (java windows)
Content-Length: 176
Content-Type: application/json; charset=utf-8
host: localhost:5887
accept: */*

Response DefaultHttpResponse(decodeResult: success, version: HTTP/1.1)
HTTP/1.1 200 OK
Content-Length: 12629
Content-Type: application/json; charset=utf-8
cache-control: no-cache

19:54:35.104 [AsyncHttpClient-1-2] DEBUG org.asynchttpclient.netty.channel.ChannelManager - Adding key: http://localhost:5887 for channel [id: 0x01a89f54, L:/127.0.0.1:56347 - R:localhost/127.0.0.1:5887]
19:54:35.106 [Forwarding getCurrentUrl on session 6204a296e2bcb5078e3fc75aa48adc37 to remote] DEBUG org.asynchttpclient.netty.request.NettyRequestSender - Using pooled Channel '[id: 0x01a89f54, L:/127.0.0.1:56347 - R:localhost/127.0.0.1:5887]' for 'GET' to 'http://localhost:5887/session/6204a296e2bcb5078e3fc75aa48adc37/url'
19:54:35.106 [Forwarding getCurrentUrl on session 6204a296e2bcb5078e3fc75aa48adc37 to remote] DEBUG org.asynchttpclient.netty.request.NettyRequestSender - Using open Channel [id: 0x01a89f54, L:/127.0.0.1:56347 - R:localhost/127.0.0.1:5887] for GET '/session/6204a296e2bcb5078e3fc75aa48adc37/url'
19:54:35.109 [AsyncHttpClient-1-2] DEBUG org.asynchttpclient.netty.handler.HttpHandler - 

Request DefaultFullHttpRequest(decodeResult: success, version: HTTP/1.1, content: EmptyByteBufBE)
GET /session/6204a296e2bcb5078e3fc75aa48adc37/url HTTP/1.1
User-Agent: selenium/4.8.1 (java windows)
Cache-Control: no-cache
Content-Type: application/json; charset=utf-8
host: localhost:5887
accept: */*

Response DefaultHttpResponse(decodeResult: success, version: HTTP/1.1)
HTTP/1.1 200 OK
Content-Length: 60
Content-Type: application/json; charset=utf-8
cache-control: no-cache

19:54:35.109 [AsyncHttpClient-1-2] DEBUG org.asynchttpclient.netty.channel.ChannelManager - Adding key: http://localhost:5887 for channel [id: 0x01a89f54, L:/127.0.0.1:56347 - R:localhost/127.0.0.1:5887]
19:54:35.118 [Forwarding getPageSource on session 6204a296e2bcb5078e3fc75aa48adc37 to remote] DEBUG org.asynchttpclient.netty.request.NettyRequestSender - Using pooled Channel '[id: 0x01a89f54, L:/127.0.0.1:56347 - R:localhost/127.0.0.1:5887]' for 'POST' to 'http://localhost:5887/session/6204a296e2bcb5078e3fc75aa48adc37/execute/sync'
19:54:35.118 [Forwarding getPageSource on session 6204a296e2bcb5078e3fc75aa48adc37 to remote] DEBUG org.asynchttpclient.netty.request.NettyRequestSender - Using open Channel [id: 0x01a89f54, L:/127.0.0.1:56347 - R:localhost/127.0.0.1:5887] for POST '/session/6204a296e2bcb5078e3fc75aa48adc37/execute/sync'
19:54:35.122 [AsyncHttpClient-1-2] DEBUG org.asynchttpclient.netty.handler.HttpHandler - 

Request DefaultHttpRequest(decodeResult: success, version: HTTP/1.1)
POST /session/6204a296e2bcb5078e3fc75aa48adc37/execute/sync HTTP/1.1
User-Agent: selenium/4.8.1 (java windows)
Content-Length: 176
Content-Type: application/json; charset=utf-8
host: localhost:5887
accept: */*

Response DefaultHttpResponse(decodeResult: success, version: HTTP/1.1)
HTTP/1.1 200 OK
Content-Length: 12629
Content-Type: application/json; charset=utf-8
cache-control: no-cache

19:54:35.122 [AsyncHttpClient-1-2] DEBUG org.asynchttpclient.netty.channel.ChannelManager - Adding key: http://localhost:5887 for channel [id: 0x01a89f54, L:/127.0.0.1:56347 - R:localhost/127.0.0.1:5887]
19:54:35.124 [Forwarding getCurrentUrl on session 6204a296e2bcb5078e3fc75aa48adc37 to remote] DEBUG org.asynchttpclient.netty.request.NettyRequestSender - Using pooled Channel '[id: 0x01a89f54, L:/127.0.0.1:56347 - R:localhost/127.0.0.1:5887]' for 'GET' to 'http://localhost:5887/session/6204a296e2bcb5078e3fc75aa48adc37/url'
19:54:35.125 [Forwarding getCurrentUrl on session 6204a296e2bcb5078e3fc75aa48adc37 to remote] DEBUG org.asynchttpclient.netty.request.NettyRequestSender - Using open Channel [id: 0x01a89f54, L:/127.0.0.1:56347 - R:localhost/127.0.0.1:5887] for GET '/session/6204a296e2bcb5078e3fc75aa48adc37/url'
19:54:35.127 [AsyncHttpClient-1-2] DEBUG org.asynchttpclient.netty.handler.HttpHandler - 

Request DefaultFullHttpRequest(decodeResult: success, version: HTTP/1.1, content: EmptyByteBufBE)
GET /session/6204a296e2bcb5078e3fc75aa48adc37/url HTTP/1.1
User-Agent: selenium/4.8.1 (java windows)
Cache-Control: no-cache
Content-Type: application/json; charset=utf-8
host: localhost:5887
accept: */*

Response DefaultHttpResponse(decodeResult: success, version: HTTP/1.1)
HTTP/1.1 200 OK
Content-Length: 60
Content-Type: application/json; charset=utf-8
cache-control: no-cache

19:54:35.128 [AsyncHttpClient-1-2] DEBUG org.asynchttpclient.netty.channel.ChannelManager - Adding key: http://localhost:5887 for channel [id: 0x01a89f54, L:/127.0.0.1:56347 - R:localhost/127.0.0.1:5887]
19:54:35.130 [main] DEBUG net.thucydides.core.steps.StepInterceptor - STARTING STEP: CheckoutSteps.pressContinueButton - clickContinueButton
19:54:35.133 [Forwarding findElement on session 6204a296e2bcb5078e3fc75aa48adc37 to remote] DEBUG org.asynchttpclient.netty.request.NettyRequestSender - Using pooled Channel '[id: 0x01a89f54, L:/127.0.0.1:56347 - R:localhost/127.0.0.1:5887]' for 'POST' to 'http://localhost:5887/session/6204a296e2bcb5078e3fc75aa48adc37/element'
19:54:35.133 [Forwarding findElement on session 6204a296e2bcb5078e3fc75aa48adc37 to remote] DEBUG org.asynchttpclient.netty.request.NettyRequestSender - Using open Channel [id: 0x01a89f54, L:/127.0.0.1:56347 - R:localhost/127.0.0.1:5887] for POST '/session/6204a296e2bcb5078e3fc75aa48adc37/element'
19:54:35.142 [AsyncHttpClient-1-2] DEBUG org.asynchttpclient.netty.handler.HttpHandler - 

Request DefaultHttpRequest(decodeResult: success, version: HTTP/1.1)
POST /session/6204a296e2bcb5078e3fc75aa48adc37/element HTTP/1.1
User-Agent: selenium/4.8.1 (java windows)
Content-Length: 53
Content-Type: application/json; charset=utf-8
host: localhost:5887
accept: */*

Response DefaultHttpResponse(decodeResult: success, version: HTTP/1.1)
HTTP/1.1 200 OK
Content-Length: 88
Content-Type: application/json; charset=utf-8
cache-control: no-cache

19:54:35.142 [AsyncHttpClient-1-2] DEBUG org.asynchttpclient.netty.channel.ChannelManager - Adding key: http://localhost:5887 for channel [id: 0x01a89f54, L:/127.0.0.1:56347 - R:localhost/127.0.0.1:5887]
19:54:35.143 [Forwarding getElementTagName on session 6204a296e2bcb5078e3fc75aa48adc37 to remote] DEBUG org.asynchttpclient.netty.request.NettyRequestSender - Using pooled Channel '[id: 0x01a89f54, L:/127.0.0.1:56347 - R:localhost/127.0.0.1:5887]' for 'GET' to 'http://localhost:5887/session/6204a296e2bcb5078e3fc75aa48adc37/element/2641a3f1-a3af-40c6-9e43-3d3768d73e81/name'
19:54:35.144 [Forwarding getElementTagName on session 6204a296e2bcb5078e3fc75aa48adc37 to remote] DEBUG org.asynchttpclient.netty.request.NettyRequestSender - Using open Channel [id: 0x01a89f54, L:/127.0.0.1:56347 - R:localhost/127.0.0.1:5887] for GET '/session/6204a296e2bcb5078e3fc75aa48adc37/element/2641a3f1-a3af-40c6-9e43-3d3768d73e81/name'
19:54:35.147 [AsyncHttpClient-1-2] DEBUG org.asynchttpclient.netty.handler.HttpHandler - 

Request DefaultFullHttpRequest(decodeResult: success, version: HTTP/1.1, content: EmptyByteBufBE)
GET /session/6204a296e2bcb5078e3fc75aa48adc37/element/2641a3f1-a3af-40c6-9e43-3d3768d73e81/name HTTP/1.1
User-Agent: selenium/4.8.1 (java windows)
Cache-Control: no-cache
Content-Type: application/json; charset=utf-8
host: localhost:5887
accept: */*

Response DefaultHttpResponse(decodeResult: success, version: HTTP/1.1)
HTTP/1.1 200 OK
Content-Length: 17
Content-Type: application/json; charset=utf-8
cache-control: no-cache

19:54:35.147 [AsyncHttpClient-1-2] DEBUG org.asynchttpclient.netty.channel.ChannelManager - Adding key: http://localhost:5887 for channel [id: 0x01a89f54, L:/127.0.0.1:56347 - R:localhost/127.0.0.1:5887]
19:54:35.148 [Forwarding getElementTagName on session 6204a296e2bcb5078e3fc75aa48adc37 to remote] DEBUG org.asynchttpclient.netty.request.NettyRequestSender - Using pooled Channel '[id: 0x01a89f54, L:/127.0.0.1:56347 - R:localhost/127.0.0.1:5887]' for 'GET' to 'http://localhost:5887/session/6204a296e2bcb5078e3fc75aa48adc37/element/2641a3f1-a3af-40c6-9e43-3d3768d73e81/name'
19:54:35.148 [Forwarding getElementTagName on session 6204a296e2bcb5078e3fc75aa48adc37 to remote] DEBUG org.asynchttpclient.netty.request.NettyRequestSender - Using open Channel [id: 0x01a89f54, L:/127.0.0.1:56347 - R:localhost/127.0.0.1:5887] for GET '/session/6204a296e2bcb5078e3fc75aa48adc37/element/2641a3f1-a3af-40c6-9e43-3d3768d73e81/name'
19:54:35.150 [AsyncHttpClient-1-2] DEBUG org.asynchttpclient.netty.handler.HttpHandler - 

Request DefaultFullHttpRequest(decodeResult: success, version: HTTP/1.1, content: EmptyByteBufBE)
GET /session/6204a296e2bcb5078e3fc75aa48adc37/element/2641a3f1-a3af-40c6-9e43-3d3768d73e81/name HTTP/1.1
User-Agent: selenium/4.8.1 (java windows)
Cache-Control: no-cache
Content-Type: application/json; charset=utf-8
host: localhost:5887
accept: */*

Response DefaultHttpResponse(decodeResult: success, version: HTTP/1.1)
HTTP/1.1 200 OK
Content-Length: 17
Content-Type: application/json; charset=utf-8
cache-control: no-cache

19:54:35.150 [AsyncHttpClient-1-2] DEBUG org.asynchttpclient.netty.channel.ChannelManager - Adding key: http://localhost:5887 for channel [id: 0x01a89f54, L:/127.0.0.1:56347 - R:localhost/127.0.0.1:5887]
19:54:35.152 [Forwarding isElementEnabled on session 6204a296e2bcb5078e3fc75aa48adc37 to remote] DEBUG org.asynchttpclient.netty.request.NettyRequestSender - Using pooled Channel '[id: 0x01a89f54, L:/127.0.0.1:56347 - R:localhost/127.0.0.1:5887]' for 'GET' to 'http://localhost:5887/session/6204a296e2bcb5078e3fc75aa48adc37/element/2641a3f1-a3af-40c6-9e43-3d3768d73e81/enabled'
19:54:35.152 [Forwarding isElementEnabled on session 6204a296e2bcb5078e3fc75aa48adc37 to remote] DEBUG org.asynchttpclient.netty.request.NettyRequestSender - Using open Channel [id: 0x01a89f54, L:/127.0.0.1:56347 - R:localhost/127.0.0.1:5887] for GET '/session/6204a296e2bcb5078e3fc75aa48adc37/element/2641a3f1-a3af-40c6-9e43-3d3768d73e81/enabled'
19:54:35.157 [AsyncHttpClient-1-2] DEBUG org.asynchttpclient.netty.handler.HttpHandler - 

Request DefaultFullHttpRequest(decodeResult: success, version: HTTP/1.1, content: EmptyByteBufBE)
GET /session/6204a296e2bcb5078e3fc75aa48adc37/element/2641a3f1-a3af-40c6-9e43-3d3768d73e81/enabled HTTP/1.1
User-Agent: selenium/4.8.1 (java windows)
Cache-Control: no-cache
Content-Type: application/json; charset=utf-8
host: localhost:5887
accept: */*

Response DefaultHttpResponse(decodeResult: success, version: HTTP/1.1)
HTTP/1.1 200 OK
Content-Length: 14
Content-Type: application/json; charset=utf-8
cache-control: no-cache

19:54:35.158 [AsyncHttpClient-1-2] DEBUG org.asynchttpclient.netty.channel.ChannelManager - Adding key: http://localhost:5887 for channel [id: 0x01a89f54, L:/127.0.0.1:56347 - R:localhost/127.0.0.1:5887]
19:54:35.159 [Forwarding isElementEnabled on session 6204a296e2bcb5078e3fc75aa48adc37 to remote] DEBUG org.asynchttpclient.netty.request.NettyRequestSender - Using pooled Channel '[id: 0x01a89f54, L:/127.0.0.1:56347 - R:localhost/127.0.0.1:5887]' for 'GET' to 'http://localhost:5887/session/6204a296e2bcb5078e3fc75aa48adc37/element/2641a3f1-a3af-40c6-9e43-3d3768d73e81/enabled'
19:54:35.159 [Forwarding isElementEnabled on session 6204a296e2bcb5078e3fc75aa48adc37 to remote] DEBUG org.asynchttpclient.netty.request.NettyRequestSender - Using open Channel [id: 0x01a89f54, L:/127.0.0.1:56347 - R:localhost/127.0.0.1:5887] for GET '/session/6204a296e2bcb5078e3fc75aa48adc37/element/2641a3f1-a3af-40c6-9e43-3d3768d73e81/enabled'
19:54:35.163 [AsyncHttpClient-1-2] DEBUG org.asynchttpclient.netty.handler.HttpHandler - 

Request DefaultFullHttpRequest(decodeResult: success, version: HTTP/1.1, content: EmptyByteBufBE)
GET /session/6204a296e2bcb5078e3fc75aa48adc37/element/2641a3f1-a3af-40c6-9e43-3d3768d73e81/enabled HTTP/1.1
User-Agent: selenium/4.8.1 (java windows)
Cache-Control: no-cache
Content-Type: application/json; charset=utf-8
host: localhost:5887
accept: */*

Response DefaultHttpResponse(decodeResult: success, version: HTTP/1.1)
HTTP/1.1 200 OK
Content-Length: 14
Content-Type: application/json; charset=utf-8
cache-control: no-cache

19:54:35.163 [AsyncHttpClient-1-2] DEBUG org.asynchttpclient.netty.channel.ChannelManager - Adding key: http://localhost:5887 for channel [id: 0x01a89f54, L:/127.0.0.1:56347 - R:localhost/127.0.0.1:5887]
19:54:35.165 [Forwarding findElement on session 6204a296e2bcb5078e3fc75aa48adc37 to remote] DEBUG org.asynchttpclient.netty.request.NettyRequestSender - Using pooled Channel '[id: 0x01a89f54, L:/127.0.0.1:56347 - R:localhost/127.0.0.1:5887]' for 'POST' to 'http://localhost:5887/session/6204a296e2bcb5078e3fc75aa48adc37/element'
19:54:35.165 [Forwarding findElement on session 6204a296e2bcb5078e3fc75aa48adc37 to remote] DEBUG org.asynchttpclient.netty.request.NettyRequestSender - Using open Channel [id: 0x01a89f54, L:/127.0.0.1:56347 - R:localhost/127.0.0.1:5887] for POST '/session/6204a296e2bcb5078e3fc75aa48adc37/element'
19:54:35.170 [AsyncHttpClient-1-2] DEBUG org.asynchttpclient.netty.handler.HttpHandler - 

Request DefaultHttpRequest(decodeResult: success, version: HTTP/1.1)
POST /session/6204a296e2bcb5078e3fc75aa48adc37/element HTTP/1.1
User-Agent: selenium/4.8.1 (java windows)
Content-Length: 53
Content-Type: application/json; charset=utf-8
host: localhost:5887
accept: */*

Response DefaultHttpResponse(decodeResult: success, version: HTTP/1.1)
HTTP/1.1 200 OK
Content-Length: 88
Content-Type: application/json; charset=utf-8
cache-control: no-cache

19:54:35.170 [AsyncHttpClient-1-2] DEBUG org.asynchttpclient.netty.channel.ChannelManager - Adding key: http://localhost:5887 for channel [id: 0x01a89f54, L:/127.0.0.1:56347 - R:localhost/127.0.0.1:5887]
19:54:35.171 [Forwarding clickElement on session 6204a296e2bcb5078e3fc75aa48adc37 to remote] DEBUG org.asynchttpclient.netty.request.NettyRequestSender - Using pooled Channel '[id: 0x01a89f54, L:/127.0.0.1:56347 - R:localhost/127.0.0.1:5887]' for 'POST' to 'http://localhost:5887/session/6204a296e2bcb5078e3fc75aa48adc37/element/2641a3f1-a3af-40c6-9e43-3d3768d73e81/click'
19:54:35.171 [Forwarding clickElement on session 6204a296e2bcb5078e3fc75aa48adc37 to remote] DEBUG org.asynchttpclient.netty.request.NettyRequestSender - Using open Channel [id: 0x01a89f54, L:/127.0.0.1:56347 - R:localhost/127.0.0.1:5887] for POST '/session/6204a296e2bcb5078e3fc75aa48adc37/element/2641a3f1-a3af-40c6-9e43-3d3768d73e81/click'
19:54:35.212 [AsyncHttpClient-1-2] DEBUG org.asynchttpclient.netty.handler.HttpHandler - 

Request DefaultHttpRequest(decodeResult: success, version: HTTP/1.1)
POST /session/6204a296e2bcb5078e3fc75aa48adc37/element/2641a3f1-a3af-40c6-9e43-3d3768d73e81/click HTTP/1.1
User-Agent: selenium/4.8.1 (java windows)
Content-Length: 50
Content-Type: application/json; charset=utf-8
host: localhost:5887
accept: */*

Response DefaultHttpResponse(decodeResult: success, version: HTTP/1.1)
HTTP/1.1 200 OK
Content-Length: 14
Content-Type: application/json; charset=utf-8
cache-control: no-cache

19:54:35.212 [AsyncHttpClient-1-2] DEBUG org.asynchttpclient.netty.channel.ChannelManager - Adding key: http://localhost:5887 for channel [id: 0x01a89f54, L:/127.0.0.1:56347 - R:localhost/127.0.0.1:5887]
19:54:35.217 [Forwarding getAlertText on session 6204a296e2bcb5078e3fc75aa48adc37 to remote] DEBUG org.asynchttpclient.netty.request.NettyRequestSender - Using pooled Channel '[id: 0x01a89f54, L:/127.0.0.1:56347 - R:localhost/127.0.0.1:5887]' for 'GET' to 'http://localhost:5887/session/6204a296e2bcb5078e3fc75aa48adc37/alert/text'
19:54:35.217 [Forwarding getAlertText on session 6204a296e2bcb5078e3fc75aa48adc37 to remote] DEBUG org.asynchttpclient.netty.request.NettyRequestSender - Using open Channel [id: 0x01a89f54, L:/127.0.0.1:56347 - R:localhost/127.0.0.1:5887] for GET '/session/6204a296e2bcb5078e3fc75aa48adc37/alert/text'
19:54:35.218 [AsyncHttpClient-1-2] DEBUG org.asynchttpclient.netty.handler.HttpHandler - 

Request DefaultFullHttpRequest(decodeResult: success, version: HTTP/1.1, content: EmptyByteBufBE)
GET /session/6204a296e2bcb5078e3fc75aa48adc37/alert/text HTTP/1.1
User-Agent: selenium/4.8.1 (java windows)
Cache-Control: no-cache
Content-Type: application/json; charset=utf-8
host: localhost:5887
accept: */*

Response DefaultHttpResponse(decodeResult: success, version: HTTP/1.1)
HTTP/1.1 404 Not Found
Content-Length: 816
Content-Type: application/json; charset=utf-8
cache-control: no-cache

19:54:35.218 [AsyncHttpClient-1-2] DEBUG org.asynchttpclient.netty.channel.ChannelManager - Adding key: http://localhost:5887 for channel [id: 0x01a89f54, L:/127.0.0.1:56347 - R:localhost/127.0.0.1:5887]
19:54:35.220 [Forwarding getCurrentUrl on session 6204a296e2bcb5078e3fc75aa48adc37 to remote] DEBUG org.asynchttpclient.netty.request.NettyRequestSender - Using pooled Channel '[id: 0x01a89f54, L:/127.0.0.1:56347 - R:localhost/127.0.0.1:5887]' for 'GET' to 'http://localhost:5887/session/6204a296e2bcb5078e3fc75aa48adc37/url'
19:54:35.220 [Forwarding getCurrentUrl on session 6204a296e2bcb5078e3fc75aa48adc37 to remote] DEBUG org.asynchttpclient.netty.request.NettyRequestSender - Using open Channel [id: 0x01a89f54, L:/127.0.0.1:56347 - R:localhost/127.0.0.1:5887] for GET '/session/6204a296e2bcb5078e3fc75aa48adc37/url'
19:54:35.222 [AsyncHttpClient-1-2] DEBUG org.asynchttpclient.netty.handler.HttpHandler - 

Request DefaultFullHttpRequest(decodeResult: success, version: HTTP/1.1, content: EmptyByteBufBE)
GET /session/6204a296e2bcb5078e3fc75aa48adc37/url HTTP/1.1
User-Agent: selenium/4.8.1 (java windows)
Cache-Control: no-cache
Content-Type: application/json; charset=utf-8
host: localhost:5887
accept: */*

Response DefaultHttpResponse(decodeResult: success, version: HTTP/1.1)
HTTP/1.1 200 OK
Content-Length: 60
Content-Type: application/json; charset=utf-8
cache-control: no-cache

19:54:35.222 [AsyncHttpClient-1-2] DEBUG org.asynchttpclient.netty.channel.ChannelManager - Adding key: http://localhost:5887 for channel [id: 0x01a89f54, L:/127.0.0.1:56347 - R:localhost/127.0.0.1:5887]
19:54:35.223 [Forwarding screenshot on session 6204a296e2bcb5078e3fc75aa48adc37 to remote] DEBUG org.asynchttpclient.netty.request.NettyRequestSender - Using pooled Channel '[id: 0x01a89f54, L:/127.0.0.1:56347 - R:localhost/127.0.0.1:5887]' for 'GET' to 'http://localhost:5887/session/6204a296e2bcb5078e3fc75aa48adc37/screenshot'
19:54:35.223 [Forwarding screenshot on session 6204a296e2bcb5078e3fc75aa48adc37 to remote] DEBUG org.asynchttpclient.netty.request.NettyRequestSender - Using open Channel [id: 0x01a89f54, L:/127.0.0.1:56347 - R:localhost/127.0.0.1:5887] for GET '/session/6204a296e2bcb5078e3fc75aa48adc37/screenshot'
19:54:35.327 [AsyncHttpClient-1-2] DEBUG org.asynchttpclient.netty.handler.HttpHandler - 

Request DefaultFullHttpRequest(decodeResult: success, version: HTTP/1.1, content: EmptyByteBufBE)
GET /session/6204a296e2bcb5078e3fc75aa48adc37/screenshot HTTP/1.1
User-Agent: selenium/4.8.1 (java windows)
Cache-Control: no-cache
Content-Type: application/json; charset=utf-8
host: localhost:5887
accept: */*

Response DefaultHttpResponse(decodeResult: success, version: HTTP/1.1)
HTTP/1.1 200 OK
Content-Length: 104836
Content-Type: application/json; charset=utf-8
cache-control: no-cache

19:54:35.327 [AsyncHttpClient-1-2] DEBUG org.asynchttpclient.netty.channel.ChannelManager - Adding key: http://localhost:5887 for channel [id: 0x01a89f54, L:/127.0.0.1:56347 - R:localhost/127.0.0.1:5887]
19:54:35.330 [main] DEBUG net.serenitybdd.core.photography.Darkroom - Send negative for processing for target\site\serenity\ccd032798977a71111f0806634f0a03897940d2354e0da72978a0d0d74df7ae9.png
19:54:35.330 [main] DEBUG net.thucydides.core.steps.StepInterceptor - STEP DONE: clickContinueButton
19:54:35.330 [Darkroom Processing Line] DEBUG net.serenitybdd.core.photography.DarkroomProcessingLine - Processing screenshot image in /var/screenshots/screenshot-14970969464574033552
19:54:35.330 [Darkroom Processing Line] DEBUG net.serenitybdd.core.photography.DarkroomProcessingLine - Saving screenshot to target\site\serenity\ccd032798977a71111f0806634f0a03897940d2354e0da72978a0d0d74df7ae9.png
  &amp#27;[32mAnd &amp#27;[0m&amp#27;[32mI press continue button&amp#27;[0m                                           &amp#27;[90m# starter.stepDefinitions.CheckoutSteps.pressContinueButton()&amp#27;[0m
19:54:35.337 [Forwarding getPageSource on session 6204a296e2bcb5078e3fc75aa48adc37 to remote] DEBUG org.asynchttpclient.netty.request.NettyRequestSender - Using pooled Channel '[id: 0x01a89f54, L:/127.0.0.1:56347 - R:localhost/127.0.0.1:5887]' for 'POST' to 'http://localhost:5887/session/6204a296e2bcb5078e3fc75aa48adc37/execute/sync'
19:54:35.337 [Forwarding getPageSource on session 6204a296e2bcb5078e3fc75aa48adc37 to remote] DEBUG org.asynchttpclient.netty.request.NettyRequestSender - Using open Channel [id: 0x01a89f54, L:/127.0.0.1:56347 - R:localhost/127.0.0.1:5887] for POST '/session/6204a296e2bcb5078e3fc75aa48adc37/execute/sync'
19:54:35.341 [AsyncHttpClient-1-2] DEBUG org.asynchttpclient.netty.handler.HttpHandler - 

Request DefaultHttpRequest(decodeResult: success, version: HTTP/1.1)
POST /session/6204a296e2bcb5078e3fc75aa48adc37/execute/sync HTTP/1.1
User-Agent: selenium/4.8.1 (java windows)
Content-Length: 176
Content-Type: application/json; charset=utf-8
host: localhost:5887
accept: */*

Response DefaultHttpResponse(decodeResult: success, version: HTTP/1.1)
HTTP/1.1 200 OK
Content-Length: 12998
Content-Type: application/json; charset=utf-8
cache-control: no-cache

19:54:35.341 [AsyncHttpClient-1-2] DEBUG org.asynchttpclient.netty.channel.ChannelManager - Adding key: http://localhost:5887 for channel [id: 0x01a89f54, L:/127.0.0.1:56347 - R:localhost/127.0.0.1:5887]
19:54:35.343 [Forwarding getCurrentUrl on session 6204a296e2bcb5078e3fc75aa48adc37 to remote] DEBUG org.asynchttpclient.netty.request.NettyRequestSender - Using pooled Channel '[id: 0x01a89f54, L:/127.0.0.1:56347 - R:localhost/127.0.0.1:5887]' for 'GET' to 'http://localhost:5887/session/6204a296e2bcb5078e3fc75aa48adc37/url'
19:54:35.343 [Forwarding getCurrentUrl on session 6204a296e2bcb5078e3fc75aa48adc37 to remote] DEBUG org.asynchttpclient.netty.request.NettyRequestSender - Using open Channel [id: 0x01a89f54, L:/127.0.0.1:56347 - R:localhost/127.0.0.1:5887] for GET '/session/6204a296e2bcb5078e3fc75aa48adc37/url'
19:54:35.345 [AsyncHttpClient-1-2] DEBUG org.asynchttpclient.netty.handler.HttpHandler - 

Request DefaultFullHttpRequest(decodeResult: success, version: HTTP/1.1, content: EmptyByteBufBE)
GET /session/6204a296e2bcb5078e3fc75aa48adc37/url HTTP/1.1
User-Agent: selenium/4.8.1 (java windows)
Cache-Control: no-cache
Content-Type: application/json; charset=utf-8
host: localhost:5887
accept: */*

Response DefaultHttpResponse(decodeResult: success, version: HTTP/1.1)
HTTP/1.1 200 OK
Content-Length: 60
Content-Type: application/json; charset=utf-8
cache-control: no-cache

19:54:35.345 [AsyncHttpClient-1-2] DEBUG org.asynchttpclient.netty.channel.ChannelManager - Adding key: http://localhost:5887 for channel [id: 0x01a89f54, L:/127.0.0.1:56347 - R:localhost/127.0.0.1:5887]
19:54:35.353 [Forwarding getPageSource on session 6204a296e2bcb5078e3fc75aa48adc37 to remote] DEBUG org.asynchttpclient.netty.request.NettyRequestSender - Using pooled Channel '[id: 0x01a89f54, L:/127.0.0.1:56347 - R:localhost/127.0.0.1:5887]' for 'POST' to 'http://localhost:5887/session/6204a296e2bcb5078e3fc75aa48adc37/execute/sync'
19:54:35.353 [Forwarding getPageSource on session 6204a296e2bcb5078e3fc75aa48adc37 to remote] DEBUG org.asynchttpclient.netty.request.NettyRequestSender - Using open Channel [id: 0x01a89f54, L:/127.0.0.1:56347 - R:localhost/127.0.0.1:5887] for POST '/session/6204a296e2bcb5078e3fc75aa48adc37/execute/sync'
19:54:35.356 [AsyncHttpClient-1-2] DEBUG org.asynchttpclient.netty.handler.HttpHandler - 

Request DefaultHttpRequest(decodeResult: success, version: HTTP/1.1)
POST /session/6204a296e2bcb5078e3fc75aa48adc37/execute/sync HTTP/1.1
User-Agent: selenium/4.8.1 (java windows)
Content-Length: 176
Content-Type: application/json; charset=utf-8
host: localhost:5887
accept: */*

Response DefaultHttpResponse(decodeResult: success, version: HTTP/1.1)
HTTP/1.1 200 OK
Content-Length: 12998
Content-Type: application/json; charset=utf-8
cache-control: no-cache

19:54:35.356 [AsyncHttpClient-1-2] DEBUG org.asynchttpclient.netty.channel.ChannelManager - Adding key: http://localhost:5887 for channel [id: 0x01a89f54, L:/127.0.0.1:56347 - R:localhost/127.0.0.1:5887]
19:54:35.359 [Forwarding getCurrentUrl on session 6204a296e2bcb5078e3fc75aa48adc37 to remote] DEBUG org.asynchttpclient.netty.request.NettyRequestSender - Using pooled Channel '[id: 0x01a89f54, L:/127.0.0.1:56347 - R:localhost/127.0.0.1:5887]' for 'GET' to 'http://localhost:5887/session/6204a296e2bcb5078e3fc75aa48adc37/url'
19:54:35.359 [Forwarding getCurrentUrl on session 6204a296e2bcb5078e3fc75aa48adc37 to remote] DEBUG org.asynchttpclient.netty.request.NettyRequestSender - Using open Channel [id: 0x01a89f54, L:/127.0.0.1:56347 - R:localhost/127.0.0.1:5887] for GET '/session/6204a296e2bcb5078e3fc75aa48adc37/url'
19:54:35.361 [AsyncHttpClient-1-2] DEBUG org.asynchttpclient.netty.handler.HttpHandler - 

Request DefaultFullHttpRequest(decodeResult: success, version: HTTP/1.1, content: EmptyByteBufBE)
GET /session/6204a296e2bcb5078e3fc75aa48adc37/url HTTP/1.1
User-Agent: selenium/4.8.1 (java windows)
Cache-Control: no-cache
Content-Type: application/json; charset=utf-8
host: localhost:5887
accept: */*

Response DefaultHttpResponse(decodeResult: success, version: HTTP/1.1)
HTTP/1.1 200 OK
Content-Length: 60
Content-Type: application/json; charset=utf-8
cache-control: no-cache

19:54:35.361 [AsyncHttpClient-1-2] DEBUG org.asynchttpclient.netty.channel.ChannelManager - Adding key: http://localhost:5887 for channel [id: 0x01a89f54, L:/127.0.0.1:56347 - R:localhost/127.0.0.1:5887]
19:54:35.364 [main] DEBUG net.thucydides.core.steps.StepInterceptor - STARTING STEP: CheckoutSteps.checkTitleOnStepTwo - checkTitle
19:54:35.367 [main] DEBUG net.thucydides.core.steps.StepInterceptor - STEP DONE: checkTitle
  &amp#27;[32mThen &amp#27;[0m&amp#27;[32mI will see the &amp#27;[0m&amp#27;[32m&amp#27;[1m"Sauce Labs Bike Light"&amp#27;[0m&amp#27;[32m on checkout step two page&amp#27;[0m &amp#27;[90m# starter.stepDefinitions.CheckoutSteps.checkTitleOnStepTwo(java.lang.String)&amp#27;[0m
19:54:35.373 [Forwarding getPageSource on session 6204a296e2bcb5078e3fc75aa48adc37 to remote] DEBUG org.asynchttpclient.netty.request.NettyRequestSender - Using pooled Channel '[id: 0x01a89f54, L:/127.0.0.1:56347 - R:localhost/127.0.0.1:5887]' for 'POST' to 'http://localhost:5887/session/6204a296e2bcb5078e3fc75aa48adc37/execute/sync'
19:54:35.373 [Forwarding getPageSource on session 6204a296e2bcb5078e3fc75aa48adc37 to remote] DEBUG org.asynchttpclient.netty.request.NettyRequestSender - Using open Channel [id: 0x01a89f54, L:/127.0.0.1:56347 - R:localhost/127.0.0.1:5887] for POST '/session/6204a296e2bcb5078e3fc75aa48adc37/execute/sync'
19:54:35.377 [AsyncHttpClient-1-2] DEBUG org.asynchttpclient.netty.handler.HttpHandler - 

Request DefaultHttpRequest(decodeResult: success, version: HTTP/1.1)
POST /session/6204a296e2bcb5078e3fc75aa48adc37/execute/sync HTTP/1.1
User-Agent: selenium/4.8.1 (java windows)
Content-Length: 176
Content-Type: application/json; charset=utf-8
host: localhost:5887
accept: */*

Response DefaultHttpResponse(decodeResult: success, version: HTTP/1.1)
HTTP/1.1 200 OK
Content-Length: 12998
Content-Type: application/json; charset=utf-8
cache-control: no-cache

19:54:35.377 [AsyncHttpClient-1-2] DEBUG org.asynchttpclient.netty.channel.ChannelManager - Adding key: http://localhost:5887 for channel [id: 0x01a89f54, L:/127.0.0.1:56347 - R:localhost/127.0.0.1:5887]
19:54:35.379 [Forwarding getCurrentUrl on session 6204a296e2bcb5078e3fc75aa48adc37 to remote] DEBUG org.asynchttpclient.netty.request.NettyRequestSender - Using pooled Channel '[id: 0x01a89f54, L:/127.0.0.1:56347 - R:localhost/127.0.0.1:5887]' for 'GET' to 'http://localhost:5887/session/6204a296e2bcb5078e3fc75aa48adc37/url'
19:54:35.379 [Forwarding getCurrentUrl on session 6204a296e2bcb5078e3fc75aa48adc37 to remote] DEBUG org.asynchttpclient.netty.request.NettyRequestSender - Using open Channel [id: 0x01a89f54, L:/127.0.0.1:56347 - R:localhost/127.0.0.1:5887] for GET '/session/6204a296e2bcb5078e3fc75aa48adc37/url'
19:54:35.382 [AsyncHttpClient-1-2] DEBUG org.asynchttpclient.netty.handler.HttpHandler - 

Request DefaultFullHttpRequest(decodeResult: success, version: HTTP/1.1, content: EmptyByteBufBE)
GET /session/6204a296e2bcb5078e3fc75aa48adc37/url HTTP/1.1
User-Agent: selenium/4.8.1 (java windows)
Cache-Control: no-cache
Content-Type: application/json; charset=utf-8
host: localhost:5887
accept: */*

Response DefaultHttpResponse(decodeResult: success, version: HTTP/1.1)
HTTP/1.1 200 OK
Content-Length: 60
Content-Type: application/json; charset=utf-8
cache-control: no-cache

19:54:35.382 [AsyncHttpClient-1-2] DEBUG org.asynchttpclient.netty.channel.ChannelManager - Adding key: http://localhost:5887 for channel [id: 0x01a89f54, L:/127.0.0.1:56347 - R:localhost/127.0.0.1:5887]
19:54:35.390 [Forwarding getAlertText on session 6204a296e2bcb5078e3fc75aa48adc37 to remote] DEBUG org.asynchttpclient.netty.request.NettyRequestSender - Using pooled Channel '[id: 0x01a89f54, L:/127.0.0.1:56347 - R:localhost/127.0.0.1:5887]' for 'GET' to 'http://localhost:5887/session/6204a296e2bcb5078e3fc75aa48adc37/alert/text'
19:54:35.390 [Forwarding getAlertText on session 6204a296e2bcb5078e3fc75aa48adc37 to remote] DEBUG org.asynchttpclient.netty.request.NettyRequestSender - Using open Channel [id: 0x01a89f54, L:/127.0.0.1:56347 - R:localhost/127.0.0.1:5887] for GET '/session/6204a296e2bcb5078e3fc75aa48adc37/alert/text'
19:54:35.391 [AsyncHttpClient-1-2] DEBUG org.asynchttpclient.netty.handler.HttpHandler - 

Request DefaultFullHttpRequest(decodeResult: success, version: HTTP/1.1, content: EmptyByteBufBE)
GET /session/6204a296e2bcb5078e3fc75aa48adc37/alert/text HTTP/1.1
User-Agent: selenium/4.8.1 (java windows)
Cache-Control: no-cache
Content-Type: application/json; charset=utf-8
host: localhost:5887
accept: */*

Response DefaultHttpResponse(decodeResult: success, version: HTTP/1.1)
HTTP/1.1 404 Not Found
Content-Length: 816
Content-Type: application/json; charset=utf-8
cache-control: no-cache

19:54:35.392 [AsyncHttpClient-1-2] DEBUG org.asynchttpclient.netty.channel.ChannelManager - Adding key: http://localhost:5887 for channel [id: 0x01a89f54, L:/127.0.0.1:56347 - R:localhost/127.0.0.1:5887]
19:54:35.393 [Forwarding getCurrentUrl on session 6204a296e2bcb5078e3fc75aa48adc37 to remote] DEBUG org.asynchttpclient.netty.request.NettyRequestSender - Using pooled Channel '[id: 0x01a89f54, L:/127.0.0.1:56347 - R:localhost/127.0.0.1:5887]' for 'GET' to 'http://localhost:5887/session/6204a296e2bcb5078e3fc75aa48adc37/url'
19:54:35.393 [Forwarding getCurrentUrl on session 6204a296e2bcb5078e3fc75aa48adc37 to remote] DEBUG org.asynchttpclient.netty.request.NettyRequestSender - Using open Channel [id: 0x01a89f54, L:/127.0.0.1:56347 - R:localhost/127.0.0.1:5887] for GET '/session/6204a296e2bcb5078e3fc75aa48adc37/url'
19:54:35.395 [AsyncHttpClient-1-2] DEBUG org.asynchttpclient.netty.handler.HttpHandler - 

Request DefaultFullHttpRequest(decodeResult: success, version: HTTP/1.1, content: EmptyByteBufBE)
GET /session/6204a296e2bcb5078e3fc75aa48adc37/url HTTP/1.1
User-Agent: selenium/4.8.1 (java windows)
Cache-Control: no-cache
Content-Type: application/json; charset=utf-8
host: localhost:5887
accept: */*

Response DefaultHttpResponse(decodeResult: success, version: HTTP/1.1)
HTTP/1.1 200 OK
Content-Length: 60
Content-Type: application/json; charset=utf-8
cache-control: no-cache

19:54:35.395 [AsyncHttpClient-1-2] DEBUG org.asynchttpclient.netty.channel.ChannelManager - Adding key: http://localhost:5887 for channel [id: 0x01a89f54, L:/127.0.0.1:56347 - R:localhost/127.0.0.1:5887]
19:54:35.396 [Forwarding screenshot on session 6204a296e2bcb5078e3fc75aa48adc37 to remote] DEBUG org.asynchttpclient.netty.request.NettyRequestSender - Using pooled Channel '[id: 0x01a89f54, L:/127.0.0.1:56347 - R:localhost/127.0.0.1:5887]' for 'GET' to 'http://localhost:5887/session/6204a296e2bcb5078e3fc75aa48adc37/screenshot'
19:54:35.396 [Forwarding screenshot on session 6204a296e2bcb5078e3fc75aa48adc37 to remote] DEBUG org.asynchttpclient.netty.request.NettyRequestSender - Using open Channel [id: 0x01a89f54, L:/127.0.0.1:56347 - R:localhost/127.0.0.1:5887] for GET '/session/6204a296e2bcb5078e3fc75aa48adc37/screenshot'
19:54:35.527 [AsyncHttpClient-1-2] DEBUG org.asynchttpclient.netty.handler.HttpHandler - 

Request DefaultFullHttpRequest(decodeResult: success, version: HTTP/1.1, content: EmptyByteBufBE)
GET /session/6204a296e2bcb5078e3fc75aa48adc37/screenshot HTTP/1.1
User-Agent: selenium/4.8.1 (java windows)
Cache-Control: no-cache
Content-Type: application/json; charset=utf-8
host: localhost:5887
accept: */*

Response DefaultHttpResponse(decodeResult: success, version: HTTP/1.1)
HTTP/1.1 200 OK
Content-Length: 104836
Content-Type: application/json; charset=utf-8
cache-control: no-cache

19:54:35.527 [AsyncHttpClient-1-2] DEBUG org.asynchttpclient.netty.channel.ChannelManager - Adding key: http://localhost:5887 for channel [id: 0x01a89f54, L:/127.0.0.1:56347 - R:localhost/127.0.0.1:5887]
19:54:35.530 [main] DEBUG net.serenitybdd.core.photography.Darkroom - Send negative for processing for target\site\serenity\ccd032798977a71111f0806634f0a03897940d2354e0da72978a0d0d74df7ae9.png
19:54:35.533 [Forwarding getPageSource on session 6204a296e2bcb5078e3fc75aa48adc37 to remote] DEBUG org.asynchttpclient.netty.request.NettyRequestSender - Using pooled Channel '[id: 0x01a89f54, L:/127.0.0.1:56347 - R:localhost/127.0.0.1:5887]' for 'POST' to 'http://localhost:5887/session/6204a296e2bcb5078e3fc75aa48adc37/execute/sync'
19:54:35.533 [Forwarding getPageSource on session 6204a296e2bcb5078e3fc75aa48adc37 to remote] DEBUG org.asynchttpclient.netty.request.NettyRequestSender - Using open Channel [id: 0x01a89f54, L:/127.0.0.1:56347 - R:localhost/127.0.0.1:5887] for POST '/session/6204a296e2bcb5078e3fc75aa48adc37/execute/sync'
19:54:35.537 [AsyncHttpClient-1-2] DEBUG org.asynchttpclient.netty.handler.HttpHandler - 

Request DefaultHttpRequest(decodeResult: success, version: HTTP/1.1)
POST /session/6204a296e2bcb5078e3fc75aa48adc37/execute/sync HTTP/1.1
User-Agent: selenium/4.8.1 (java windows)
Content-Length: 176
Content-Type: application/json; charset=utf-8
host: localhost:5887
accept: */*

Response DefaultHttpResponse(decodeResult: success, version: HTTP/1.1)
HTTP/1.1 200 OK
Content-Length: 12998
Content-Type: application/json; charset=utf-8
cache-control: no-cache

19:54:35.537 [AsyncHttpClient-1-2] DEBUG org.asynchttpclient.netty.channel.ChannelManager - Adding key: http://localhost:5887 for channel [id: 0x01a89f54, L:/127.0.0.1:56347 - R:localhost/127.0.0.1:5887]
19:54:35.540 [Forwarding getCurrentUrl on session 6204a296e2bcb5078e3fc75aa48adc37 to remote] DEBUG org.asynchttpclient.netty.request.NettyRequestSender - Using pooled Channel '[id: 0x01a89f54, L:/127.0.0.1:56347 - R:localhost/127.0.0.1:5887]' for 'GET' to 'http://localhost:5887/session/6204a296e2bcb5078e3fc75aa48adc37/url'
19:54:35.540 [Forwarding getCurrentUrl on session 6204a296e2bcb5078e3fc75aa48adc37 to remote] DEBUG org.asynchttpclient.netty.request.NettyRequestSender - Using open Channel [id: 0x01a89f54, L:/127.0.0.1:56347 - R:localhost/127.0.0.1:5887] for GET '/session/6204a296e2bcb5078e3fc75aa48adc37/url'
19:54:35.543 [AsyncHttpClient-1-2] DEBUG org.asynchttpclient.netty.handler.HttpHandler - 

Request DefaultFullHttpRequest(decodeResult: success, version: HTTP/1.1, content: EmptyByteBufBE)
GET /session/6204a296e2bcb5078e3fc75aa48adc37/url HTTP/1.1
User-Agent: selenium/4.8.1 (java windows)
Cache-Control: no-cache
Content-Type: application/json; charset=utf-8
host: localhost:5887
accept: */*

Response DefaultHttpResponse(decodeResult: success, version: HTTP/1.1)
HTTP/1.1 200 OK
Content-Length: 60
Content-Type: application/json; charset=utf-8
cache-control: no-cache

19:54:35.543 [AsyncHttpClient-1-2] DEBUG org.asynchttpclient.netty.channel.ChannelManager - Adding key: http://localhost:5887 for channel [id: 0x01a89f54, L:/127.0.0.1:56347 - R:localhost/127.0.0.1:5887]
19:54:35.547 [main] DEBUG net.thucydides.core.steps.StepInterceptor - STARTING STEP: CheckoutSteps.pressFinishButton - pressFinish
19:54:35.550 [Forwarding findElement on session 6204a296e2bcb5078e3fc75aa48adc37 to remote] DEBUG org.asynchttpclient.netty.request.NettyRequestSender - Using pooled Channel '[id: 0x01a89f54, L:/127.0.0.1:56347 - R:localhost/127.0.0.1:5887]' for 'POST' to 'http://localhost:5887/session/6204a296e2bcb5078e3fc75aa48adc37/element'
19:54:35.550 [Forwarding findElement on session 6204a296e2bcb5078e3fc75aa48adc37 to remote] DEBUG org.asynchttpclient.netty.request.NettyRequestSender - Using open Channel [id: 0x01a89f54, L:/127.0.0.1:56347 - R:localhost/127.0.0.1:5887] for POST '/session/6204a296e2bcb5078e3fc75aa48adc37/element'
19:54:35.560 [AsyncHttpClient-1-2] DEBUG org.asynchttpclient.netty.handler.HttpHandler - 

Request DefaultHttpRequest(decodeResult: success, version: HTTP/1.1)
POST /session/6204a296e2bcb5078e3fc75aa48adc37/element HTTP/1.1
User-Agent: selenium/4.8.1 (java windows)
Content-Length: 51
Content-Type: application/json; charset=utf-8
host: localhost:5887
accept: */*

Response DefaultHttpResponse(decodeResult: success, version: HTTP/1.1)
HTTP/1.1 200 OK
Content-Length: 88
Content-Type: application/json; charset=utf-8
cache-control: no-cache

19:54:35.560 [AsyncHttpClient-1-2] DEBUG org.asynchttpclient.netty.channel.ChannelManager - Adding key: http://localhost:5887 for channel [id: 0x01a89f54, L:/127.0.0.1:56347 - R:localhost/127.0.0.1:5887]
19:54:35.562 [Forwarding getElementTagName on session 6204a296e2bcb5078e3fc75aa48adc37 to remote] DEBUG org.asynchttpclient.netty.request.NettyRequestSender - Using pooled Channel '[id: 0x01a89f54, L:/127.0.0.1:56347 - R:localhost/127.0.0.1:5887]' for 'GET' to 'http://localhost:5887/session/6204a296e2bcb5078e3fc75aa48adc37/element/921ec419-ab1b-4ceb-83f8-32f1ab8d95f8/name'
19:54:35.562 [Forwarding getElementTagName on session 6204a296e2bcb5078e3fc75aa48adc37 to remote] DEBUG org.asynchttpclient.netty.request.NettyRequestSender - Using open Channel [id: 0x01a89f54, L:/127.0.0.1:56347 - R:localhost/127.0.0.1:5887] for GET '/session/6204a296e2bcb5078e3fc75aa48adc37/element/921ec419-ab1b-4ceb-83f8-32f1ab8d95f8/name'
19:54:35.566 [AsyncHttpClient-1-2] DEBUG org.asynchttpclient.netty.handler.HttpHandler - 

Request DefaultFullHttpRequest(decodeResult: success, version: HTTP/1.1, content: EmptyByteBufBE)
GET /session/6204a296e2bcb5078e3fc75aa48adc37/element/921ec419-ab1b-4ceb-83f8-32f1ab8d95f8/name HTTP/1.1
User-Agent: selenium/4.8.1 (java windows)
Cache-Control: no-cache
Content-Type: application/json; charset=utf-8
host: localhost:5887
accept: */*

Response DefaultHttpResponse(decodeResult: success, version: HTTP/1.1)
HTTP/1.1 200 OK
Content-Length: 18
Content-Type: application/json; charset=utf-8
cache-control: no-cache

19:54:35.566 [AsyncHttpClient-1-2] DEBUG org.asynchttpclient.netty.channel.ChannelManager - Adding key: http://localhost:5887 for channel [id: 0x01a89f54, L:/127.0.0.1:56347 - R:localhost/127.0.0.1:5887]
19:54:35.568 [Forwarding getElementTagName on session 6204a296e2bcb5078e3fc75aa48adc37 to remote] DEBUG org.asynchttpclient.netty.request.NettyRequestSender - Using pooled Channel '[id: 0x01a89f54, L:/127.0.0.1:56347 - R:localhost/127.0.0.1:5887]' for 'GET' to 'http://localhost:5887/session/6204a296e2bcb5078e3fc75aa48adc37/element/921ec419-ab1b-4ceb-83f8-32f1ab8d95f8/name'
19:54:35.568 [Forwarding getElementTagName on session 6204a296e2bcb5078e3fc75aa48adc37 to remote] DEBUG org.asynchttpclient.netty.request.NettyRequestSender - Using open Channel [id: 0x01a89f54, L:/127.0.0.1:56347 - R:localhost/127.0.0.1:5887] for GET '/session/6204a296e2bcb5078e3fc75aa48adc37/element/921ec419-ab1b-4ceb-83f8-32f1ab8d95f8/name'
19:54:35.570 [AsyncHttpClient-1-2] DEBUG org.asynchttpclient.netty.handler.HttpHandler - 

Request DefaultFullHttpRequest(decodeResult: success, version: HTTP/1.1, content: EmptyByteBufBE)
GET /session/6204a296e2bcb5078e3fc75aa48adc37/element/921ec419-ab1b-4ceb-83f8-32f1ab8d95f8/name HTTP/1.1
User-Agent: selenium/4.8.1 (java windows)
Cache-Control: no-cache
Content-Type: application/json; charset=utf-8
host: localhost:5887
accept: */*

Response DefaultHttpResponse(decodeResult: success, version: HTTP/1.1)
HTTP/1.1 200 OK
Content-Length: 18
Content-Type: application/json; charset=utf-8
cache-control: no-cache

19:54:35.570 [AsyncHttpClient-1-2] DEBUG org.asynchttpclient.netty.channel.ChannelManager - Adding key: http://localhost:5887 for channel [id: 0x01a89f54, L:/127.0.0.1:56347 - R:localhost/127.0.0.1:5887]
19:54:35.572 [Forwarding isElementEnabled on session 6204a296e2bcb5078e3fc75aa48adc37 to remote] DEBUG org.asynchttpclient.netty.request.NettyRequestSender - Using pooled Channel '[id: 0x01a89f54, L:/127.0.0.1:56347 - R:localhost/127.0.0.1:5887]' for 'GET' to 'http://localhost:5887/session/6204a296e2bcb5078e3fc75aa48adc37/element/921ec419-ab1b-4ceb-83f8-32f1ab8d95f8/enabled'
19:54:35.572 [Forwarding isElementEnabled on session 6204a296e2bcb5078e3fc75aa48adc37 to remote] DEBUG org.asynchttpclient.netty.request.NettyRequestSender - Using open Channel [id: 0x01a89f54, L:/127.0.0.1:56347 - R:localhost/127.0.0.1:5887] for GET '/session/6204a296e2bcb5078e3fc75aa48adc37/element/921ec419-ab1b-4ceb-83f8-32f1ab8d95f8/enabled'
19:54:35.579 [AsyncHttpClient-1-2] DEBUG org.asynchttpclient.netty.handler.HttpHandler - 

Request DefaultFullHttpRequest(decodeResult: success, version: HTTP/1.1, content: EmptyByteBufBE)
GET /session/6204a296e2bcb5078e3fc75aa48adc37/element/921ec419-ab1b-4ceb-83f8-32f1ab8d95f8/enabled HTTP/1.1
User-Agent: selenium/4.8.1 (java windows)
Cache-Control: no-cache
Content-Type: application/json; charset=utf-8
host: localhost:5887
accept: */*

Response DefaultHttpResponse(decodeResult: success, version: HTTP/1.1)
HTTP/1.1 200 OK
Content-Length: 14
Content-Type: application/json; charset=utf-8
cache-control: no-cache

19:54:35.579 [AsyncHttpClient-1-2] DEBUG org.asynchttpclient.netty.channel.ChannelManager - Adding key: http://localhost:5887 for channel [id: 0x01a89f54, L:/127.0.0.1:56347 - R:localhost/127.0.0.1:5887]
19:54:35.580 [Forwarding isElementEnabled on session 6204a296e2bcb5078e3fc75aa48adc37 to remote] DEBUG org.asynchttpclient.netty.request.NettyRequestSender - Using pooled Channel '[id: 0x01a89f54, L:/127.0.0.1:56347 - R:localhost/127.0.0.1:5887]' for 'GET' to 'http://localhost:5887/session/6204a296e2bcb5078e3fc75aa48adc37/element/921ec419-ab1b-4ceb-83f8-32f1ab8d95f8/enabled'
19:54:35.580 [Forwarding isElementEnabled on session 6204a296e2bcb5078e3fc75aa48adc37 to remote] DEBUG org.asynchttpclient.netty.request.NettyRequestSender - Using open Channel [id: 0x01a89f54, L:/127.0.0.1:56347 - R:localhost/127.0.0.1:5887] for GET '/session/6204a296e2bcb5078e3fc75aa48adc37/element/921ec419-ab1b-4ceb-83f8-32f1ab8d95f8/enabled'
19:54:35.584 [AsyncHttpClient-1-2] DEBUG org.asynchttpclient.netty.handler.HttpHandler - 

Request DefaultFullHttpRequest(decodeResult: success, version: HTTP/1.1, content: EmptyByteBufBE)
GET /session/6204a296e2bcb5078e3fc75aa48adc37/element/921ec419-ab1b-4ceb-83f8-32f1ab8d95f8/enabled HTTP/1.1
User-Agent: selenium/4.8.1 (java windows)
Cache-Control: no-cache
Content-Type: application/json; charset=utf-8
host: localhost:5887
accept: */*

Response DefaultHttpResponse(decodeResult: success, version: HTTP/1.1)
HTTP/1.1 200 OK
Content-Length: 14
Content-Type: application/json; charset=utf-8
cache-control: no-cache

19:54:35.584 [AsyncHttpClient-1-2] DEBUG org.asynchttpclient.netty.channel.ChannelManager - Adding key: http://localhost:5887 for channel [id: 0x01a89f54, L:/127.0.0.1:56347 - R:localhost/127.0.0.1:5887]
19:54:35.585 [Forwarding findElement on session 6204a296e2bcb5078e3fc75aa48adc37 to remote] DEBUG org.asynchttpclient.netty.request.NettyRequestSender - Using pooled Channel '[id: 0x01a89f54, L:/127.0.0.1:56347 - R:localhost/127.0.0.1:5887]' for 'POST' to 'http://localhost:5887/session/6204a296e2bcb5078e3fc75aa48adc37/element'
19:54:35.585 [Forwarding findElement on session 6204a296e2bcb5078e3fc75aa48adc37 to remote] DEBUG org.asynchttpclient.netty.request.NettyRequestSender - Using open Channel [id: 0x01a89f54, L:/127.0.0.1:56347 - R:localhost/127.0.0.1:5887] for POST '/session/6204a296e2bcb5078e3fc75aa48adc37/element'
19:54:35.590 [AsyncHttpClient-1-2] DEBUG org.asynchttpclient.netty.handler.HttpHandler - 

Request DefaultHttpRequest(decodeResult: success, version: HTTP/1.1)
POST /session/6204a296e2bcb5078e3fc75aa48adc37/element HTTP/1.1
User-Agent: selenium/4.8.1 (java windows)
Content-Length: 51
Content-Type: application/json; charset=utf-8
host: localhost:5887
accept: */*

Response DefaultHttpResponse(decodeResult: success, version: HTTP/1.1)
HTTP/1.1 200 OK
Content-Length: 88
Content-Type: application/json; charset=utf-8
cache-control: no-cache

19:54:35.590 [AsyncHttpClient-1-2] DEBUG org.asynchttpclient.netty.channel.ChannelManager - Adding key: http://localhost:5887 for channel [id: 0x01a89f54, L:/127.0.0.1:56347 - R:localhost/127.0.0.1:5887]
19:54:35.591 [Forwarding clickElement on session 6204a296e2bcb5078e3fc75aa48adc37 to remote] DEBUG org.asynchttpclient.netty.request.NettyRequestSender - Using pooled Channel '[id: 0x01a89f54, L:/127.0.0.1:56347 - R:localhost/127.0.0.1:5887]' for 'POST' to 'http://localhost:5887/session/6204a296e2bcb5078e3fc75aa48adc37/element/921ec419-ab1b-4ceb-83f8-32f1ab8d95f8/click'
19:54:35.591 [Forwarding clickElement on session 6204a296e2bcb5078e3fc75aa48adc37 to remote] DEBUG org.asynchttpclient.netty.request.NettyRequestSender - Using open Channel [id: 0x01a89f54, L:/127.0.0.1:56347 - R:localhost/127.0.0.1:5887] for POST '/session/6204a296e2bcb5078e3fc75aa48adc37/element/921ec419-ab1b-4ceb-83f8-32f1ab8d95f8/click'
19:54:35.609 [AsyncHttpClient-1-1] DEBUG org.asynchttpclient.netty.channel.DefaultChannelPool - Entry count for : http://localhost:56348 : 1
19:54:35.622 [AsyncHttpClient-1-2] DEBUG org.asynchttpclient.netty.handler.HttpHandler - 

Request DefaultHttpRequest(decodeResult: success, version: HTTP/1.1)
POST /session/6204a296e2bcb5078e3fc75aa48adc37/element/921ec419-ab1b-4ceb-83f8-32f1ab8d95f8/click HTTP/1.1
User-Agent: selenium/4.8.1 (java windows)
Content-Length: 50
Content-Type: application/json; charset=utf-8
host: localhost:5887
accept: */*

Response DefaultHttpResponse(decodeResult: success, version: HTTP/1.1)
HTTP/1.1 200 OK
Content-Length: 14
Content-Type: application/json; charset=utf-8
cache-control: no-cache

19:54:35.623 [AsyncHttpClient-1-2] DEBUG org.asynchttpclient.netty.channel.ChannelManager - Adding key: http://localhost:5887 for channel [id: 0x01a89f54, L:/127.0.0.1:56347 - R:localhost/127.0.0.1:5887]
19:54:35.627 [Forwarding getAlertText on session 6204a296e2bcb5078e3fc75aa48adc37 to remote] DEBUG org.asynchttpclient.netty.request.NettyRequestSender - Using pooled Channel '[id: 0x01a89f54, L:/127.0.0.1:56347 - R:localhost/127.0.0.1:5887]' for 'GET' to 'http://localhost:5887/session/6204a296e2bcb5078e3fc75aa48adc37/alert/text'
19:54:35.627 [Forwarding getAlertText on session 6204a296e2bcb5078e3fc75aa48adc37 to remote] DEBUG org.asynchttpclient.netty.request.NettyRequestSender - Using open Channel [id: 0x01a89f54, L:/127.0.0.1:56347 - R:localhost/127.0.0.1:5887] for GET '/session/6204a296e2bcb5078e3fc75aa48adc37/alert/text'
19:54:35.628 [AsyncHttpClient-1-2] DEBUG org.asynchttpclient.netty.handler.HttpHandler - 

Request DefaultFullHttpRequest(decodeResult: success, version: HTTP/1.1, content: EmptyByteBufBE)
GET /session/6204a296e2bcb5078e3fc75aa48adc37/alert/text HTTP/1.1
User-Agent: selenium/4.8.1 (java windows)
Cache-Control: no-cache
Content-Type: application/json; charset=utf-8
host: localhost:5887
accept: */*

Response DefaultHttpResponse(decodeResult: success, version: HTTP/1.1)
HTTP/1.1 404 Not Found
Content-Length: 816
Content-Type: application/json; charset=utf-8
cache-control: no-cache

19:54:35.629 [AsyncHttpClient-1-2] DEBUG org.asynchttpclient.netty.channel.ChannelManager - Adding key: http://localhost:5887 for channel [id: 0x01a89f54, L:/127.0.0.1:56347 - R:localhost/127.0.0.1:5887]
19:54:35.631 [Forwarding getCurrentUrl on session 6204a296e2bcb5078e3fc75aa48adc37 to remote] DEBUG org.asynchttpclient.netty.request.NettyRequestSender - Using pooled Channel '[id: 0x01a89f54, L:/127.0.0.1:56347 - R:localhost/127.0.0.1:5887]' for 'GET' to 'http://localhost:5887/session/6204a296e2bcb5078e3fc75aa48adc37/url'
19:54:35.631 [Forwarding getCurrentUrl on session 6204a296e2bcb5078e3fc75aa48adc37 to remote] DEBUG org.asynchttpclient.netty.request.NettyRequestSender - Using open Channel [id: 0x01a89f54, L:/127.0.0.1:56347 - R:localhost/127.0.0.1:5887] for GET '/session/6204a296e2bcb5078e3fc75aa48adc37/url'
19:54:35.636 [AsyncHttpClient-1-2] DEBUG org.asynchttpclient.netty.handler.HttpHandler - 

Request DefaultFullHttpRequest(decodeResult: success, version: HTTP/1.1, content: EmptyByteBufBE)
GET /session/6204a296e2bcb5078e3fc75aa48adc37/url HTTP/1.1
User-Agent: selenium/4.8.1 (java windows)
Cache-Control: no-cache
Content-Type: application/json; charset=utf-8
host: localhost:5887
accept: */*

Response DefaultHttpResponse(decodeResult: success, version: HTTP/1.1)
HTTP/1.1 200 OK
Content-Length: 60
Content-Type: application/json; charset=utf-8
cache-control: no-cache

19:54:35.636 [AsyncHttpClient-1-2] DEBUG org.asynchttpclient.netty.channel.ChannelManager - Adding key: http://localhost:5887 for channel [id: 0x01a89f54, L:/127.0.0.1:56347 - R:localhost/127.0.0.1:5887]
19:54:35.637 [Forwarding screenshot on session 6204a296e2bcb5078e3fc75aa48adc37 to remote] DEBUG org.asynchttpclient.netty.request.NettyRequestSender - Using pooled Channel '[id: 0x01a89f54, L:/127.0.0.1:56347 - R:localhost/127.0.0.1:5887]' for 'GET' to 'http://localhost:5887/session/6204a296e2bcb5078e3fc75aa48adc37/screenshot'
19:54:35.637 [Forwarding screenshot on session 6204a296e2bcb5078e3fc75aa48adc37 to remote] DEBUG org.asynchttpclient.netty.request.NettyRequestSender - Using open Channel [id: 0x01a89f54, L:/127.0.0.1:56347 - R:localhost/127.0.0.1:5887] for GET '/session/6204a296e2bcb5078e3fc75aa48adc37/screenshot'
19:54:35.744 [AsyncHttpClient-1-2] DEBUG org.asynchttpclient.netty.handler.HttpHandler - 

Request DefaultFullHttpRequest(decodeResult: success, version: HTTP/1.1, content: EmptyByteBufBE)
GET /session/6204a296e2bcb5078e3fc75aa48adc37/screenshot HTTP/1.1
User-Agent: selenium/4.8.1 (java windows)
Cache-Control: no-cache
Content-Type: application/json; charset=utf-8
host: localhost:5887
accept: */*

Response DefaultHttpResponse(decodeResult: success, version: HTTP/1.1)
HTTP/1.1 200 OK
Content-Length: 78540
Content-Type: application/json; charset=utf-8
cache-control: no-cache

19:54:35.744 [AsyncHttpClient-1-2] DEBUG org.asynchttpclient.netty.channel.ChannelManager - Adding key: http://localhost:5887 for channel [id: 0x01a89f54, L:/127.0.0.1:56347 - R:localhost/127.0.0.1:5887]
19:54:35.746 [main] DEBUG net.serenitybdd.core.photography.Darkroom - Send negative for processing for target\site\serenity\7ddc70f5a2ea588aa45448ed90d8c0c94688bf4c09214e7e8e7caed8305a54d8.png
19:54:35.746 [main] DEBUG net.thucydides.core.steps.StepInterceptor - STEP DONE: pressFinish
19:54:35.746 [Darkroom Processing Line] DEBUG net.serenitybdd.core.photography.DarkroomProcessingLine - Processing screenshot image in /var/screenshots/screenshot-16673284581694353621
19:54:35.746 [Darkroom Processing Line] DEBUG net.serenitybdd.core.photography.DarkroomProcessingLine - Saving screenshot to target\site\serenity\7ddc70f5a2ea588aa45448ed90d8c0c94688bf4c09214e7e8e7caed8305a54d8.png
  &amp#27;[32mWhen &amp#27;[0m&amp#27;[32mI press Finish button&amp#27;[0m                                            &amp#27;[90m# starter.stepDefinitions.CheckoutSteps.pressFinishButton()&amp#27;[0m
19:54:35.753 [Forwarding getPageSource on session 6204a296e2bcb5078e3fc75aa48adc37 to remote] DEBUG org.asynchttpclient.netty.request.NettyRequestSender - Using pooled Channel '[id: 0x01a89f54, L:/127.0.0.1:56347 - R:localhost/127.0.0.1:5887]' for 'POST' to 'http://localhost:5887/session/6204a296e2bcb5078e3fc75aa48adc37/execute/sync'
19:54:35.753 [Forwarding getPageSource on session 6204a296e2bcb5078e3fc75aa48adc37 to remote] DEBUG org.asynchttpclient.netty.request.NettyRequestSender - Using open Channel [id: 0x01a89f54, L:/127.0.0.1:56347 - R:localhost/127.0.0.1:5887] for POST '/session/6204a296e2bcb5078e3fc75aa48adc37/execute/sync'
19:54:35.757 [AsyncHttpClient-1-2] DEBUG org.asynchttpclient.netty.handler.HttpHandler - 

Request DefaultHttpRequest(decodeResult: success, version: HTTP/1.1)
POST /session/6204a296e2bcb5078e3fc75aa48adc37/execute/sync HTTP/1.1
User-Agent: selenium/4.8.1 (java windows)
Content-Length: 176
Content-Type: application/json; charset=utf-8
host: localhost:5887
accept: */*

Response DefaultHttpResponse(decodeResult: success, version: HTTP/1.1)
HTTP/1.1 200 OK
Content-Length: 17142
Content-Type: application/json; charset=utf-8
cache-control: no-cache

19:54:35.757 [AsyncHttpClient-1-2] DEBUG org.asynchttpclient.netty.channel.ChannelManager - Adding key: http://localhost:5887 for channel [id: 0x01a89f54, L:/127.0.0.1:56347 - R:localhost/127.0.0.1:5887]
19:54:35.758 [Forwarding getCurrentUrl on session 6204a296e2bcb5078e3fc75aa48adc37 to remote] DEBUG org.asynchttpclient.netty.request.NettyRequestSender - Using pooled Channel '[id: 0x01a89f54, L:/127.0.0.1:56347 - R:localhost/127.0.0.1:5887]' for 'GET' to 'http://localhost:5887/session/6204a296e2bcb5078e3fc75aa48adc37/url'
19:54:35.758 [Forwarding getCurrentUrl on session 6204a296e2bcb5078e3fc75aa48adc37 to remote] DEBUG org.asynchttpclient.netty.request.NettyRequestSender - Using open Channel [id: 0x01a89f54, L:/127.0.0.1:56347 - R:localhost/127.0.0.1:5887] for GET '/session/6204a296e2bcb5078e3fc75aa48adc37/url'
19:54:35.761 [AsyncHttpClient-1-2] DEBUG org.asynchttpclient.netty.handler.HttpHandler - 

Request DefaultFullHttpRequest(decodeResult: success, version: HTTP/1.1, content: EmptyByteBufBE)
GET /session/6204a296e2bcb5078e3fc75aa48adc37/url HTTP/1.1
User-Agent: selenium/4.8.1 (java windows)
Cache-Control: no-cache
Content-Type: application/json; charset=utf-8
host: localhost:5887
accept: */*

Response DefaultHttpResponse(decodeResult: success, version: HTTP/1.1)
HTTP/1.1 200 OK
Content-Length: 60
Content-Type: application/json; charset=utf-8
cache-control: no-cache

19:54:35.761 [AsyncHttpClient-1-2] DEBUG org.asynchttpclient.netty.channel.ChannelManager - Adding key: http://localhost:5887 for channel [id: 0x01a89f54, L:/127.0.0.1:56347 - R:localhost/127.0.0.1:5887]
19:54:35.769 [Forwarding getPageSource on session 6204a296e2bcb5078e3fc75aa48adc37 to remote] DEBUG org.asynchttpclient.netty.request.NettyRequestSender - Using pooled Channel '[id: 0x01a89f54, L:/127.0.0.1:56347 - R:localhost/127.0.0.1:5887]' for 'POST' to 'http://localhost:5887/session/6204a296e2bcb5078e3fc75aa48adc37/execute/sync'
19:54:35.769 [Forwarding getPageSource on session 6204a296e2bcb5078e3fc75aa48adc37 to remote] DEBUG org.asynchttpclient.netty.request.NettyRequestSender - Using open Channel [id: 0x01a89f54, L:/127.0.0.1:56347 - R:localhost/127.0.0.1:5887] for POST '/session/6204a296e2bcb5078e3fc75aa48adc37/execute/sync'
19:54:35.773 [AsyncHttpClient-1-2] DEBUG org.asynchttpclient.netty.handler.HttpHandler - 

Request DefaultHttpRequest(decodeResult: success, version: HTTP/1.1)
POST /session/6204a296e2bcb5078e3fc75aa48adc37/execute/sync HTTP/1.1
User-Agent: selenium/4.8.1 (java windows)
Content-Length: 176
Content-Type: application/json; charset=utf-8
host: localhost:5887
accept: */*

Response DefaultHttpResponse(decodeResult: success, version: HTTP/1.1)
HTTP/1.1 200 OK
Content-Length: 17142
Content-Type: application/json; charset=utf-8
cache-control: no-cache

19:54:35.773 [AsyncHttpClient-1-2] DEBUG org.asynchttpclient.netty.channel.ChannelManager - Adding key: http://localhost:5887 for channel [id: 0x01a89f54, L:/127.0.0.1:56347 - R:localhost/127.0.0.1:5887]
19:54:35.775 [Forwarding getCurrentUrl on session 6204a296e2bcb5078e3fc75aa48adc37 to remote] DEBUG org.asynchttpclient.netty.request.NettyRequestSender - Using pooled Channel '[id: 0x01a89f54, L:/127.0.0.1:56347 - R:localhost/127.0.0.1:5887]' for 'GET' to 'http://localhost:5887/session/6204a296e2bcb5078e3fc75aa48adc37/url'
19:54:35.775 [Forwarding getCurrentUrl on session 6204a296e2bcb5078e3fc75aa48adc37 to remote] DEBUG org.asynchttpclient.netty.request.NettyRequestSender - Using open Channel [id: 0x01a89f54, L:/127.0.0.1:56347 - R:localhost/127.0.0.1:5887] for GET '/session/6204a296e2bcb5078e3fc75aa48adc37/url'
19:54:35.778 [AsyncHttpClient-1-2] DEBUG org.asynchttpclient.netty.handler.HttpHandler - 

Request DefaultFullHttpRequest(decodeResult: success, version: HTTP/1.1, content: EmptyByteBufBE)
GET /session/6204a296e2bcb5078e3fc75aa48adc37/url HTTP/1.1
User-Agent: selenium/4.8.1 (java windows)
Cache-Control: no-cache
Content-Type: application/json; charset=utf-8
host: localhost:5887
accept: */*

Response DefaultHttpResponse(decodeResult: success, version: HTTP/1.1)
HTTP/1.1 200 OK
Content-Length: 60
Content-Type: application/json; charset=utf-8
cache-control: no-cache

19:54:35.778 [AsyncHttpClient-1-2] DEBUG org.asynchttpclient.netty.channel.ChannelManager - Adding key: http://localhost:5887 for channel [id: 0x01a89f54, L:/127.0.0.1:56347 - R:localhost/127.0.0.1:5887]
19:54:35.780 [main] DEBUG net.thucydides.core.steps.StepInterceptor - STARTING STEP: CheckoutSteps.checkSuccessTitle - checkSuccess
19:54:35.781 [Forwarding findElement on session 6204a296e2bcb5078e3fc75aa48adc37 to remote] DEBUG org.asynchttpclient.netty.request.NettyRequestSender - Using pooled Channel '[id: 0x01a89f54, L:/127.0.0.1:56347 - R:localhost/127.0.0.1:5887]' for 'POST' to 'http://localhost:5887/session/6204a296e2bcb5078e3fc75aa48adc37/element'
19:54:35.781 [Forwarding findElement on session 6204a296e2bcb5078e3fc75aa48adc37 to remote] DEBUG org.asynchttpclient.netty.request.NettyRequestSender - Using open Channel [id: 0x01a89f54, L:/127.0.0.1:56347 - R:localhost/127.0.0.1:5887] for POST '/session/6204a296e2bcb5078e3fc75aa48adc37/element'
19:54:35.789 [AsyncHttpClient-1-2] DEBUG org.asynchttpclient.netty.handler.HttpHandler - 

Request DefaultHttpRequest(decodeResult: success, version: HTTP/1.1)
POST /session/6204a296e2bcb5078e3fc75aa48adc37/element HTTP/1.1
User-Agent: selenium/4.8.1 (java windows)
Content-Length: 62
Content-Type: application/json; charset=utf-8
host: localhost:5887
accept: */*

Response DefaultHttpResponse(decodeResult: success, version: HTTP/1.1)
HTTP/1.1 200 OK
Content-Length: 88
Content-Type: application/json; charset=utf-8
cache-control: no-cache

19:54:35.790 [AsyncHttpClient-1-2] DEBUG org.asynchttpclient.netty.channel.ChannelManager - Adding key: http://localhost:5887 for channel [id: 0x01a89f54, L:/127.0.0.1:56347 - R:localhost/127.0.0.1:5887]
19:54:35.798 [Forwarding isElementDisplayed on session 6204a296e2bcb5078e3fc75aa48adc37 to remote] DEBUG org.asynchttpclient.netty.request.NettyRequestSender - Using pooled Channel '[id: 0x01a89f54, L:/127.0.0.1:56347 - R:localhost/127.0.0.1:5887]' for 'POST' to 'http://localhost:5887/session/6204a296e2bcb5078e3fc75aa48adc37/execute/sync'
19:54:35.798 [Forwarding isElementDisplayed on session 6204a296e2bcb5078e3fc75aa48adc37 to remote] DEBUG org.asynchttpclient.netty.request.NettyRequestSender - Using open Channel [id: 0x01a89f54, L:/127.0.0.1:56347 - R:localhost/127.0.0.1:5887] for POST '/session/6204a296e2bcb5078e3fc75aa48adc37/execute/sync'
19:54:35.807 [AsyncHttpClient-1-2] DEBUG org.asynchttpclient.netty.handler.HttpHandler - 

Request DefaultHttpRequest(decodeResult: success, version: HTTP/1.1)
POST /session/6204a296e2bcb5078e3fc75aa48adc37/execute/sync HTTP/1.1
User-Agent: selenium/4.8.1 (java windows)
Content-Length: 48807
Content-Type: application/json; charset=utf-8
host: localhost:5887
accept: */*

Response DefaultHttpResponse(decodeResult: success, version: HTTP/1.1)
HTTP/1.1 200 OK
Content-Length: 14
Content-Type: application/json; charset=utf-8
cache-control: no-cache

19:54:35.808 [AsyncHttpClient-1-2] DEBUG org.asynchttpclient.netty.channel.ChannelManager - Adding key: http://localhost:5887 for channel [id: 0x01a89f54, L:/127.0.0.1:56347 - R:localhost/127.0.0.1:5887]
19:54:35.810 [Forwarding isElementDisplayed on session 6204a296e2bcb5078e3fc75aa48adc37 to remote] DEBUG org.asynchttpclient.netty.request.NettyRequestSender - Using pooled Channel '[id: 0x01a89f54, L:/127.0.0.1:56347 - R:localhost/127.0.0.1:5887]' for 'POST' to 'http://localhost:5887/session/6204a296e2bcb5078e3fc75aa48adc37/execute/sync'
19:54:35.810 [Forwarding isElementDisplayed on session 6204a296e2bcb5078e3fc75aa48adc37 to remote] DEBUG org.asynchttpclient.netty.request.NettyRequestSender - Using open Channel [id: 0x01a89f54, L:/127.0.0.1:56347 - R:localhost/127.0.0.1:5887] for POST '/session/6204a296e2bcb5078e3fc75aa48adc37/execute/sync'
19:54:35.819 [AsyncHttpClient-1-2] DEBUG org.asynchttpclient.netty.handler.HttpHandler - 

Request DefaultHttpRequest(decodeResult: success, version: HTTP/1.1)
POST /session/6204a296e2bcb5078e3fc75aa48adc37/execute/sync HTTP/1.1
User-Agent: selenium/4.8.1 (java windows)
Content-Length: 48807
Content-Type: application/json; charset=utf-8
host: localhost:5887
accept: */*

Response DefaultHttpResponse(decodeResult: success, version: HTTP/1.1)
HTTP/1.1 200 OK
Content-Length: 14
Content-Type: application/json; charset=utf-8
cache-control: no-cache

19:54:35.819 [AsyncHttpClient-1-2] DEBUG org.asynchttpclient.netty.channel.ChannelManager - Adding key: http://localhost:5887 for channel [id: 0x01a89f54, L:/127.0.0.1:56347 - R:localhost/127.0.0.1:5887]
19:54:35.822 [Forwarding getAlertText on session 6204a296e2bcb5078e3fc75aa48adc37 to remote] DEBUG org.asynchttpclient.netty.request.NettyRequestSender - Using pooled Channel '[id: 0x01a89f54, L:/127.0.0.1:56347 - R:localhost/127.0.0.1:5887]' for 'GET' to 'http://localhost:5887/session/6204a296e2bcb5078e3fc75aa48adc37/alert/text'
19:54:35.822 [Forwarding getAlertText on session 6204a296e2bcb5078e3fc75aa48adc37 to remote] DEBUG org.asynchttpclient.netty.request.NettyRequestSender - Using open Channel [id: 0x01a89f54, L:/127.0.0.1:56347 - R:localhost/127.0.0.1:5887] for GET '/session/6204a296e2bcb5078e3fc75aa48adc37/alert/text'
19:54:35.824 [AsyncHttpClient-1-2] DEBUG org.asynchttpclient.netty.handler.HttpHandler - 

Request DefaultFullHttpRequest(decodeResult: success, version: HTTP/1.1, content: EmptyByteBufBE)
GET /session/6204a296e2bcb5078e3fc75aa48adc37/alert/text HTTP/1.1
User-Agent: selenium/4.8.1 (java windows)
Cache-Control: no-cache
Content-Type: application/json; charset=utf-8
host: localhost:5887
accept: */*

Response DefaultHttpResponse(decodeResult: success, version: HTTP/1.1)
HTTP/1.1 404 Not Found
Content-Length: 816
Content-Type: application/json; charset=utf-8
cache-control: no-cache

19:54:35.824 [AsyncHttpClient-1-2] DEBUG org.asynchttpclient.netty.channel.ChannelManager - Adding key: http://localhost:5887 for channel [id: 0x01a89f54, L:/127.0.0.1:56347 - R:localhost/127.0.0.1:5887]
19:54:35.825 [Forwarding getCurrentUrl on session 6204a296e2bcb5078e3fc75aa48adc37 to remote] DEBUG org.asynchttpclient.netty.request.NettyRequestSender - Using pooled Channel '[id: 0x01a89f54, L:/127.0.0.1:56347 - R:localhost/127.0.0.1:5887]' for 'GET' to 'http://localhost:5887/session/6204a296e2bcb5078e3fc75aa48adc37/url'
19:54:35.825 [Forwarding getCurrentUrl on session 6204a296e2bcb5078e3fc75aa48adc37 to remote] DEBUG org.asynchttpclient.netty.request.NettyRequestSender - Using open Channel [id: 0x01a89f54, L:/127.0.0.1:56347 - R:localhost/127.0.0.1:5887] for GET '/session/6204a296e2bcb5078e3fc75aa48adc37/url'
19:54:35.827 [AsyncHttpClient-1-2] DEBUG org.asynchttpclient.netty.handler.HttpHandler - 

Request DefaultFullHttpRequest(decodeResult: success, version: HTTP/1.1, content: EmptyByteBufBE)
GET /session/6204a296e2bcb5078e3fc75aa48adc37/url HTTP/1.1
User-Agent: selenium/4.8.1 (java windows)
Cache-Control: no-cache
Content-Type: application/json; charset=utf-8
host: localhost:5887
accept: */*

Response DefaultHttpResponse(decodeResult: success, version: HTTP/1.1)
HTTP/1.1 200 OK
Content-Length: 60
Content-Type: application/json; charset=utf-8
cache-control: no-cache

19:54:35.827 [AsyncHttpClient-1-2] DEBUG org.asynchttpclient.netty.channel.ChannelManager - Adding key: http://localhost:5887 for channel [id: 0x01a89f54, L:/127.0.0.1:56347 - R:localhost/127.0.0.1:5887]
19:54:35.828 [Forwarding screenshot on session 6204a296e2bcb5078e3fc75aa48adc37 to remote] DEBUG org.asynchttpclient.netty.request.NettyRequestSender - Using pooled Channel '[id: 0x01a89f54, L:/127.0.0.1:56347 - R:localhost/127.0.0.1:5887]' for 'GET' to 'http://localhost:5887/session/6204a296e2bcb5078e3fc75aa48adc37/screenshot'
19:54:35.828 [Forwarding screenshot on session 6204a296e2bcb5078e3fc75aa48adc37 to remote] DEBUG org.asynchttpclient.netty.request.NettyRequestSender - Using open Channel [id: 0x01a89f54, L:/127.0.0.1:56347 - R:localhost/127.0.0.1:5887] for GET '/session/6204a296e2bcb5078e3fc75aa48adc37/screenshot'
19:54:35.937 [AsyncHttpClient-1-2] DEBUG org.asynchttpclient.netty.handler.HttpHandler - 

Request DefaultFullHttpRequest(decodeResult: success, version: HTTP/1.1, content: EmptyByteBufBE)
GET /session/6204a296e2bcb5078e3fc75aa48adc37/screenshot HTTP/1.1
User-Agent: selenium/4.8.1 (java windows)
Cache-Control: no-cache
Content-Type: application/json; charset=utf-8
host: localhost:5887
accept: */*

Response DefaultHttpResponse(decodeResult: success, version: HTTP/1.1)
HTTP/1.1 200 OK
Content-Length: 78540
Content-Type: application/json; charset=utf-8
cache-control: no-cache

19:54:35.937 [AsyncHttpClient-1-2] DEBUG org.asynchttpclient.netty.channel.ChannelManager - Adding key: http://localhost:5887 for channel [id: 0x01a89f54, L:/127.0.0.1:56347 - R:localhost/127.0.0.1:5887]
19:54:35.939 [main] DEBUG net.serenitybdd.core.photography.Darkroom - Send negative for processing for target\site\serenity\7ddc70f5a2ea588aa45448ed90d8c0c94688bf4c09214e7e8e7caed8305a54d8.png
19:54:35.939 [main] DEBUG net.thucydides.core.steps.StepInterceptor - STEP DONE: checkSuccess
  &amp#27;[32mThen &amp#27;[0m&amp#27;[32mI will see order success title&amp#27;[0m                                   &amp#27;[90m# starter.stepDefinitions.CheckoutSteps.checkSuccessTitle()&amp#27;[0m
19:54:35.994 [Driver Command Executor] DEBUG org.asynchttpclient.netty.request.NettyRequestSender - Using pooled Channel '[id: 0x01a89f54, L:/127.0.0.1:56347 - R:localhost/127.0.0.1:5887]' for 'DELETE' to 'http://localhost:5887/session/6204a296e2bcb5078e3fc75aa48adc37'
19:54:35.994 [Driver Command Executor] DEBUG org.asynchttpclient.netty.request.NettyRequestSender - Using open Channel [id: 0x01a89f54, L:/127.0.0.1:56347 - R:localhost/127.0.0.1:5887] for DELETE '/session/6204a296e2bcb5078e3fc75aa48adc37'
19:54:35.997 [AsyncHttpClient-1-4] DEBUG org.asynchttpclient.netty.handler.WebSocketHandler - Channel Closed: [id: 0x15ff21d4, L:/127.0.0.1:56355 ! R:localhost/127.0.0.1:56348] with attribute NettyResponseFuture{currentRetry=0,
	isDone=1,
	isCancelled=0,
	asyncHandler=org.asynchttpclient.ws.WebSocketUpgradeHandler@4d4a46f6,
	nettyRequest=org.asynchttpclient.netty.request.NettyRequest@54c39b93,
	future=java.util.concurrent.CompletableFuture@72cd6d74[Completed normally],
	uri=ws://localhost:56348/devtools/browser/6804f025-27ce-415f-81d7-2c19b0a68d70,
	keepAlive=true,
	redirectCount=0,
	timeoutsHolder=null,
	inAuth=0,
	touch=1680612871417}
19:54:35.997 [AsyncHttpClient-1-4] DEBUG org.asynchttpclient.netty.channel.ChannelManager - Closing Channel [id: 0x15ff21d4, L:/127.0.0.1:56355 ! R:localhost/127.0.0.1:56348] 
19:54:36.044 [AsyncHttpClient-1-3] DEBUG org.asynchttpclient.netty.handler.HttpHandler - Unexpected I/O exception on channel [id: 0xf5b7534c, L:/127.0.0.1:56354 - R:localhost/127.0.0.1:56348]
java.net.SocketException: Connection reset
	at java.base/sun.nio.ch.SocketChannelImpl.throwConnectionReset(SocketChannelImpl.java:401)
	at java.base/sun.nio.ch.SocketChannelImpl.read(SocketChannelImpl.java:434)
	at io.netty.buffer.PooledByteBuf.setBytes(PooledByteBuf.java:259)
	at io.netty.buffer.AbstractByteBuf.writeBytes(AbstractByteBuf.java:1132)
	at io.netty.channel.socket.nio.NioSocketChannel.doReadBytes(NioSocketChannel.java:357)
	at io.netty.channel.nio.AbstractNioByteChannel$NioByteUnsafe.read(AbstractNioByteChannel.java:151)
	at io.netty.channel.nio.NioEventLoop.processSelectedKey(NioEventLoop.java:788)
	at io.netty.channel.nio.NioEventLoop.processSelectedKeysOptimized(NioEventLoop.java:724)
	at io.netty.channel.nio.NioEventLoop.processSelectedKeys(NioEventLoop.java:650)
	at io.netty.channel.nio.NioEventLoop.run(NioEventLoop.java:562)
	at io.netty.util.concurrent.SingleThreadEventExecutor$4.run(SingleThreadEventExecutor.java:997)
	at io.netty.util.internal.ThreadExecutorMap$2.run(ThreadExecutorMap.java:74)
	at io.netty.util.concurrent.FastThreadLocalRunnable.run(FastThreadLocalRunnable.java:30)
	at java.base/java.lang.Thread.run(Thread.java:1589)
19:54:36.044 [AsyncHttpClient-1-3] DEBUG org.asynchttpclient.netty.channel.ChannelManager - Closing Channel [id: 0xf5b7534c, L:/127.0.0.1:56354 - R:localhost/127.0.0.1:56348] 
19:54:36.046 [AsyncHttpClient-1-3] DEBUG org.asynchttpclient.netty.handler.HttpHandler - Channel Closed: [id: 0xf5b7534c, L:/127.0.0.1:56354 ! R:localhost/127.0.0.1:56348] with attribute DISCARD
19:54:36.063 [AsyncHttpClient-1-2] DEBUG org.asynchttpclient.netty.handler.HttpHandler - 

Request DefaultFullHttpRequest(decodeResult: success, version: HTTP/1.1, content: EmptyByteBufBE)
DELETE /session/6204a296e2bcb5078e3fc75aa48adc37 HTTP/1.1
User-Agent: selenium/4.8.1 (java windows)
Content-Type: application/json; charset=utf-8
host: localhost:5887
accept: */*

Response DefaultHttpResponse(decodeResult: success, version: HTTP/1.1)
HTTP/1.1 200 OK
Content-Length: 14
Content-Type: application/json; charset=utf-8
cache-control: no-cache

19:54:36.063 [AsyncHttpClient-1-2] DEBUG org.asynchttpclient.netty.channel.ChannelManager - Adding key: http://localhost:5887 for channel [id: 0x01a89f54, L:/127.0.0.1:56347 - R:localhost/127.0.0.1:5887]
19:54:36.125 [AsyncHttpClient-1-2] DEBUG org.asynchttpclient.netty.handler.HttpHandler - Channel Closed: [id: 0x01a89f54, L:/127.0.0.1:56347 ! R:localhost/127.0.0.1:5887] with attribute DISCARD
19:54:36.204 [main] INFO  - 
  _____   ___   ___   _____     ___     _     ___   ___   ___   ___  
 |_   _| | __| / __| |_   _|   | _ \   /_\   / __| / __| | __| |   \ 
   | |   | _|  \__ \   | |     |  _/  / _ \  \__ \ \__ \ | _|  | |) |
   |_|   |___| |___/   |_|     |_|   /_/ \_\ |___/ |___/ |___| |___/ 

As user i want to be able to checkout product
----------------------------------------------------------------------
]]></system-out>
    <system-err><![CDATA[Starting ChromeDriver 111.0.5563.64 (c710e93d5b63b7095afe8c2c17df34408078439d-refs/branch-heads/5563@{#995}) on port 5887
Only local connections are allowed.
Please see https://chromedriver.chromium.org/security-considerations for suggestions on keeping ChromeDriver safe.
ChromeDriver was started successfully.
Apr 04, 2023 7:54:31 PM org.openqa.selenium.devtools.CdpVersionFinder findNearestMatch
WARNING: Unable to find an exact match for CDP version 111, so returning the closest version found: 110
]]></system-err>
  </testcase>
  <testcase name="As user i want to be able to checkout product #2" classname="checkout" time="4.71">
    <system-out><![CDATA[
@checkout
Scenario Outline: As user i want to be able to checkout product       &amp#27;[90m# src/test/resources/features/Checkout.feature:16&amp#27;[0m
19:54:36.216 [main] DEBUG io.cucumber.core.plugin.SerenityReporter - Running feature from file:///C:/Users/TrisetioPutra/Documents/serenity_sauce/serenity-sauce-demo/src/test/resources/features/Checkout.feature
19:54:36.277 [main] INFO net.serenitybdd.core.webdriver.driverproviders.ChromeDriverProvider - Starting Chrome driver instance with capabilities:
19:54:36.278 [main] INFO net.serenitybdd.core.webdriver.driverproviders.ChromeDriverProvider - Capabilities {acceptInsecureCerts: true, browserName: chrome, goog:chromeOptions: {args: [remote-allow-origins=*, test-type, no-sandbox, ignore-certificate-errors, --window-size=1000,800, incognito, disable-infobars, disable-gpu, disable-default-apps, disable-popup-blocking, remote-allow-origins=*, test-type, no-sandbox, ignore-certificate-errors, --window-size=1000,800, incognito, disable-infobars, disable-gpu, disable-default-apps, disable-popup-blocking, remote-allow-origins=*], extensions: []}}
19:54:36.370 [AsyncHttpClient-1-5] DEBUG org.asynchttpclient.netty.channel.NettyConnectListener - Using new Channel '[id: 0xc17ea812, L:/127.0.0.1:56374 - R:localhost/127.0.0.1:23736]' for 'POST' to '/session'
19:54:36.709 [AsyncHttpClient-1-1] DEBUG org.asynchttpclient.netty.channel.DefaultChannelPool - Entry count for : http://localhost:5887 : 1
19:54:36.709 [AsyncHttpClient-1-1] DEBUG org.asynchttpclient.netty.channel.DefaultChannelPool - Entry count for : http://localhost:56348 : 1
19:54:36.709 [AsyncHttpClient-1-1] DEBUG org.asynchttpclient.netty.channel.DefaultChannelPool - Adding Candidate expired Channel [id: 0x01a89f54, L:/127.0.0.1:56347 ! R:localhost/127.0.0.1:5887] isIdleTimeoutExpired=false isRemotelyClosed=true isTtlExpired=false
19:54:36.709 [AsyncHttpClient-1-1] DEBUG org.asynchttpclient.netty.channel.DefaultChannelPool - Closing Idle Channel [id: 0x01a89f54, L:/127.0.0.1:56347 ! R:localhost/127.0.0.1:5887]
19:54:36.709 [AsyncHttpClient-1-1] DEBUG org.asynchttpclient.netty.channel.DefaultChannelPool - Adding Candidate expired Channel [id: 0xf5b7534c, L:/127.0.0.1:56354 ! R:localhost/127.0.0.1:56348] isIdleTimeoutExpired=false isRemotelyClosed=true isTtlExpired=false
19:54:36.709 [AsyncHttpClient-1-1] DEBUG org.asynchttpclient.netty.channel.DefaultChannelPool - Closing Idle Channel [id: 0xf5b7534c, L:/127.0.0.1:56354 ! R:localhost/127.0.0.1:56348]
19:54:36.709 [AsyncHttpClient-1-1] DEBUG org.asynchttpclient.netty.channel.DefaultChannelPool - Closed 2 connections out of 2 in 0 ms
19:54:37.201 [AsyncHttpClient-1-5] DEBUG org.asynchttpclient.netty.handler.HttpHandler - 

Request DefaultHttpRequest(decodeResult: success, version: HTTP/1.1)
POST /session HTTP/1.1
User-Agent: selenium/4.8.1 (java windows)
Content-Length: 1729
Content-Type: application/json; charset=utf-8
host: localhost:23736
accept: */*

Response DefaultHttpResponse(decodeResult: success, version: HTTP/1.1)
HTTP/1.1 200 OK
Content-Length: 862
Content-Type: application/json; charset=utf-8
cache-control: no-cache

19:54:37.202 [AsyncHttpClient-1-5] DEBUG org.asynchttpclient.netty.channel.ChannelManager - Adding key: http://localhost:23736 for channel [id: 0xc17ea812, L:/127.0.0.1:56374 - R:localhost/127.0.0.1:23736]
19:54:37.210 [AsyncHttpClient-1-6] DEBUG org.asynchttpclient.netty.channel.NettyConnectListener - Using new Channel '[id: 0xecf84fb5, L:/127.0.0.1:56381 - R:localhost/127.0.0.1:56375]' for 'GET' to '/json/version'
19:54:37.214 [AsyncHttpClient-1-6] DEBUG org.asynchttpclient.netty.handler.HttpHandler - 

Request DefaultFullHttpRequest(decodeResult: success, version: HTTP/1.1, content: EmptyByteBufBE)
GET /json/version HTTP/1.1
User-Agent: selenium/4.8.1 (java windows)
host: localhost:56375
accept: */*

Response DefaultHttpResponse(decodeResult: success, version: HTTP/1.1)
HTTP/1.1 200 OK
Content-Security-Policy: frame-ancestors 'none'
Content-Length: 424
Content-Type: application/json; charset=UTF-8

19:54:37.214 [AsyncHttpClient-1-6] DEBUG org.asynchttpclient.netty.channel.ChannelManager - Adding key: http://localhost:56375 for channel [id: 0xecf84fb5, L:/127.0.0.1:56381 - R:localhost/127.0.0.1:56375]
19:54:37.219 [AsyncHttpClient-1-7] DEBUG org.asynchttpclient.netty.channel.NettyConnectListener - Using new Channel '[id: 0x8ad28fa0, L:/127.0.0.1:56382 - R:localhost/127.0.0.1:56375]' for 'GET' to '/devtools/browser/9b43207f-f38a-451c-835f-db93e297d1ea'
19:54:37.222 [AsyncHttpClient-1-7] DEBUG org.asynchttpclient.netty.handler.WebSocketHandler - 

Request DefaultFullHttpRequest(decodeResult: success, version: HTTP/1.1, content: EmptyByteBufBE)
GET /devtools/browser/9b43207f-f38a-451c-835f-db93e297d1ea HTTP/1.1
upgrade: websocket
connection: upgrade
sec-websocket-key: 2Jn8E6+q0zXsr4IyecfPjQ==
sec-websocket-version: 13
origin: http://localhost:56375
host: localhost:56375
accept: */*
user-agent: AHC/2.1

Response DefaultHttpResponse(decodeResult: success, version: HTTP/1.1)
HTTP/1.1 101 WebSocket Protocol Handshake
Upgrade: WebSocket
Connection: Upgrade
Sec-WebSocket-Accept: oxs8pSALJjm9lE6mB6z+hlAr594=

19:54:37.229 [Forwarding get on session b0b76c6cad48cff7a8e08a0f625cc278 to remote] DEBUG org.asynchttpclient.netty.request.NettyRequestSender - Using pooled Channel '[id: 0xc17ea812, L:/127.0.0.1:56374 - R:localhost/127.0.0.1:23736]' for 'POST' to 'http://localhost:23736/session/b0b76c6cad48cff7a8e08a0f625cc278/url'
19:54:37.229 [Forwarding get on session b0b76c6cad48cff7a8e08a0f625cc278 to remote] DEBUG org.asynchttpclient.netty.request.NettyRequestSender - Using open Channel [id: 0xc17ea812, L:/127.0.0.1:56374 - R:localhost/127.0.0.1:23736] for POST '/session/b0b76c6cad48cff7a8e08a0f625cc278/url'
19:54:37.645 [AsyncHttpClient-1-5] DEBUG org.asynchttpclient.netty.handler.HttpHandler - 

Request DefaultHttpRequest(decodeResult: success, version: HTTP/1.1)
POST /session/b0b76c6cad48cff7a8e08a0f625cc278/url HTTP/1.1
User-Agent: selenium/4.8.1 (java windows)
Content-Length: 56
Content-Type: application/json; charset=utf-8
host: localhost:23736
accept: */*

Response DefaultHttpResponse(decodeResult: success, version: HTTP/1.1)
HTTP/1.1 200 OK
Content-Length: 14
Content-Type: application/json; charset=utf-8
cache-control: no-cache

19:54:37.645 [AsyncHttpClient-1-5] DEBUG org.asynchttpclient.netty.channel.ChannelManager - Adding key: http://localhost:23736 for channel [id: 0xc17ea812, L:/127.0.0.1:56374 - R:localhost/127.0.0.1:23736]
19:54:37.646 [Forwarding setTimeout on session b0b76c6cad48cff7a8e08a0f625cc278 to remote] DEBUG org.asynchttpclient.netty.request.NettyRequestSender - Using pooled Channel '[id: 0xc17ea812, L:/127.0.0.1:56374 - R:localhost/127.0.0.1:23736]' for 'POST' to 'http://localhost:23736/session/b0b76c6cad48cff7a8e08a0f625cc278/timeouts'
19:54:37.646 [Forwarding setTimeout on session b0b76c6cad48cff7a8e08a0f625cc278 to remote] DEBUG org.asynchttpclient.netty.request.NettyRequestSender - Using open Channel [id: 0xc17ea812, L:/127.0.0.1:56374 - R:localhost/127.0.0.1:23736] for POST '/session/b0b76c6cad48cff7a8e08a0f625cc278/timeouts'
19:54:37.648 [AsyncHttpClient-1-5] DEBUG org.asynchttpclient.netty.handler.HttpHandler - 

Request DefaultHttpRequest(decodeResult: success, version: HTTP/1.1)
POST /session/b0b76c6cad48cff7a8e08a0f625cc278/timeouts HTTP/1.1
User-Agent: selenium/4.8.1 (java windows)
Content-Length: 22
Content-Type: application/json; charset=utf-8
host: localhost:23736
accept: */*

Response DefaultHttpResponse(decodeResult: success, version: HTTP/1.1)
HTTP/1.1 200 OK
Content-Length: 14
Content-Type: application/json; charset=utf-8
cache-control: no-cache

19:54:37.649 [AsyncHttpClient-1-5] DEBUG org.asynchttpclient.netty.channel.ChannelManager - Adding key: http://localhost:23736 for channel [id: 0xc17ea812, L:/127.0.0.1:56374 - R:localhost/127.0.0.1:23736]
19:54:37.658 [Forwarding getAlertText on session b0b76c6cad48cff7a8e08a0f625cc278 to remote] DEBUG org.asynchttpclient.netty.request.NettyRequestSender - Using pooled Channel '[id: 0xc17ea812, L:/127.0.0.1:56374 - R:localhost/127.0.0.1:23736]' for 'GET' to 'http://localhost:23736/session/b0b76c6cad48cff7a8e08a0f625cc278/alert/text'
19:54:37.658 [Forwarding getAlertText on session b0b76c6cad48cff7a8e08a0f625cc278 to remote] DEBUG org.asynchttpclient.netty.request.NettyRequestSender - Using open Channel [id: 0xc17ea812, L:/127.0.0.1:56374 - R:localhost/127.0.0.1:23736] for GET '/session/b0b76c6cad48cff7a8e08a0f625cc278/alert/text'
19:54:37.660 [AsyncHttpClient-1-5] DEBUG org.asynchttpclient.netty.handler.HttpHandler - 

Request DefaultFullHttpRequest(decodeResult: success, version: HTTP/1.1, content: EmptyByteBufBE)
GET /session/b0b76c6cad48cff7a8e08a0f625cc278/alert/text HTTP/1.1
User-Agent: selenium/4.8.1 (java windows)
Cache-Control: no-cache
Content-Type: application/json; charset=utf-8
host: localhost:23736
accept: */*

Response DefaultHttpResponse(decodeResult: success, version: HTTP/1.1)
HTTP/1.1 404 Not Found
Content-Length: 816
Content-Type: application/json; charset=utf-8
cache-control: no-cache

19:54:37.660 [AsyncHttpClient-1-5] DEBUG org.asynchttpclient.netty.channel.ChannelManager - Adding key: http://localhost:23736 for channel [id: 0xc17ea812, L:/127.0.0.1:56374 - R:localhost/127.0.0.1:23736]
19:54:37.662 [Forwarding getCurrentUrl on session b0b76c6cad48cff7a8e08a0f625cc278 to remote] DEBUG org.asynchttpclient.netty.request.NettyRequestSender - Using pooled Channel '[id: 0xc17ea812, L:/127.0.0.1:56374 - R:localhost/127.0.0.1:23736]' for 'GET' to 'http://localhost:23736/session/b0b76c6cad48cff7a8e08a0f625cc278/url'
19:54:37.662 [Forwarding getCurrentUrl on session b0b76c6cad48cff7a8e08a0f625cc278 to remote] DEBUG org.asynchttpclient.netty.request.NettyRequestSender - Using open Channel [id: 0xc17ea812, L:/127.0.0.1:56374 - R:localhost/127.0.0.1:23736] for GET '/session/b0b76c6cad48cff7a8e08a0f625cc278/url'
19:54:37.666 [AsyncHttpClient-1-5] DEBUG org.asynchttpclient.netty.handler.HttpHandler - 

Request DefaultFullHttpRequest(decodeResult: success, version: HTTP/1.1, content: EmptyByteBufBE)
GET /session/b0b76c6cad48cff7a8e08a0f625cc278/url HTTP/1.1
User-Agent: selenium/4.8.1 (java windows)
Cache-Control: no-cache
Content-Type: application/json; charset=utf-8
host: localhost:23736
accept: */*

Response DefaultHttpResponse(decodeResult: success, version: HTTP/1.1)
HTTP/1.1 200 OK
Content-Length: 38
Content-Type: application/json; charset=utf-8
cache-control: no-cache

19:54:37.666 [AsyncHttpClient-1-5] DEBUG org.asynchttpclient.netty.channel.ChannelManager - Adding key: http://localhost:23736 for channel [id: 0xc17ea812, L:/127.0.0.1:56374 - R:localhost/127.0.0.1:23736]
19:54:37.668 [Forwarding screenshot on session b0b76c6cad48cff7a8e08a0f625cc278 to remote] DEBUG org.asynchttpclient.netty.request.NettyRequestSender - Using pooled Channel '[id: 0xc17ea812, L:/127.0.0.1:56374 - R:localhost/127.0.0.1:23736]' for 'GET' to 'http://localhost:23736/session/b0b76c6cad48cff7a8e08a0f625cc278/screenshot'
19:54:37.668 [Forwarding screenshot on session b0b76c6cad48cff7a8e08a0f625cc278 to remote] DEBUG org.asynchttpclient.netty.request.NettyRequestSender - Using open Channel [id: 0xc17ea812, L:/127.0.0.1:56374 - R:localhost/127.0.0.1:23736] for GET '/session/b0b76c6cad48cff7a8e08a0f625cc278/screenshot'
19:54:37.792 [AsyncHttpClient-1-5] DEBUG org.asynchttpclient.netty.handler.HttpHandler - 

Request DefaultFullHttpRequest(decodeResult: success, version: HTTP/1.1, content: EmptyByteBufBE)
GET /session/b0b76c6cad48cff7a8e08a0f625cc278/screenshot HTTP/1.1
User-Agent: selenium/4.8.1 (java windows)
Cache-Control: no-cache
Content-Type: application/json; charset=utf-8
host: localhost:23736
accept: */*

Response DefaultHttpResponse(decodeResult: success, version: HTTP/1.1)
HTTP/1.1 200 OK
Content-Length: 58480
Content-Type: application/json; charset=utf-8
cache-control: no-cache

19:54:37.792 [AsyncHttpClient-1-5] DEBUG org.asynchttpclient.netty.channel.ChannelManager - Adding key: http://localhost:23736 for channel [id: 0xc17ea812, L:/127.0.0.1:56374 - R:localhost/127.0.0.1:23736]
19:54:37.794 [main] DEBUG net.serenitybdd.core.photography.Darkroom - Send negative for processing for target\site\serenity\cb92d98072c3b75a83324d609d10345ba9940c54df6d644def90c13c11b006db.png
19:54:37.796 [Forwarding getPageSource on session b0b76c6cad48cff7a8e08a0f625cc278 to remote] DEBUG org.asynchttpclient.netty.request.NettyRequestSender - Using pooled Channel '[id: 0xc17ea812, L:/127.0.0.1:56374 - R:localhost/127.0.0.1:23736]' for 'POST' to 'http://localhost:23736/session/b0b76c6cad48cff7a8e08a0f625cc278/execute/sync'
19:54:37.796 [Forwarding getPageSource on session b0b76c6cad48cff7a8e08a0f625cc278 to remote] DEBUG org.asynchttpclient.netty.request.NettyRequestSender - Using open Channel [id: 0xc17ea812, L:/127.0.0.1:56374 - R:localhost/127.0.0.1:23736] for POST '/session/b0b76c6cad48cff7a8e08a0f625cc278/execute/sync'
19:54:37.802 [AsyncHttpClient-1-5] DEBUG org.asynchttpclient.netty.handler.HttpHandler - 

Request DefaultHttpRequest(decodeResult: success, version: HTTP/1.1)
POST /session/b0b76c6cad48cff7a8e08a0f625cc278/execute/sync HTTP/1.1
User-Agent: selenium/4.8.1 (java windows)
Content-Length: 176
Content-Type: application/json; charset=utf-8
host: localhost:23736
accept: */*

Response DefaultHttpResponse(decodeResult: success, version: HTTP/1.1)
HTTP/1.1 200 OK
Content-Length: 4286
Content-Type: application/json; charset=utf-8
cache-control: no-cache

19:54:37.802 [AsyncHttpClient-1-5] DEBUG org.asynchttpclient.netty.channel.ChannelManager - Adding key: http://localhost:23736 for channel [id: 0xc17ea812, L:/127.0.0.1:56374 - R:localhost/127.0.0.1:23736]
19:54:37.804 [Forwarding getCurrentUrl on session b0b76c6cad48cff7a8e08a0f625cc278 to remote] DEBUG org.asynchttpclient.netty.request.NettyRequestSender - Using pooled Channel '[id: 0xc17ea812, L:/127.0.0.1:56374 - R:localhost/127.0.0.1:23736]' for 'GET' to 'http://localhost:23736/session/b0b76c6cad48cff7a8e08a0f625cc278/url'
19:54:37.804 [Forwarding getCurrentUrl on session b0b76c6cad48cff7a8e08a0f625cc278 to remote] DEBUG org.asynchttpclient.netty.request.NettyRequestSender - Using open Channel [id: 0xc17ea812, L:/127.0.0.1:56374 - R:localhost/127.0.0.1:23736] for GET '/session/b0b76c6cad48cff7a8e08a0f625cc278/url'
19:54:37.806 [AsyncHttpClient-1-5] DEBUG org.asynchttpclient.netty.handler.HttpHandler - 

Request DefaultFullHttpRequest(decodeResult: success, version: HTTP/1.1, content: EmptyByteBufBE)
GET /session/b0b76c6cad48cff7a8e08a0f625cc278/url HTTP/1.1
User-Agent: selenium/4.8.1 (java windows)
Cache-Control: no-cache
Content-Type: application/json; charset=utf-8
host: localhost:23736
accept: */*

Response DefaultHttpResponse(decodeResult: success, version: HTTP/1.1)
HTTP/1.1 200 OK
Content-Length: 38
Content-Type: application/json; charset=utf-8
cache-control: no-cache

19:54:37.807 [AsyncHttpClient-1-5] DEBUG org.asynchttpclient.netty.channel.ChannelManager - Adding key: http://localhost:23736 for channel [id: 0xc17ea812, L:/127.0.0.1:56374 - R:localhost/127.0.0.1:23736]
19:54:37.808 [AsyncHttpClient-1-1] DEBUG org.asynchttpclient.netty.channel.DefaultChannelPool - Entry count for : http://localhost:56375 : 1
19:54:37.808 [AsyncHttpClient-1-1] DEBUG org.asynchttpclient.netty.channel.DefaultChannelPool - Entry count for : http://localhost:23736 : 1
19:54:37.809 [main] DEBUG net.thucydides.core.steps.StepInterceptor - STARTING STEP: CartSteps.loginAsAUser - inputUsername
19:54:37.811 [Forwarding findElement on session b0b76c6cad48cff7a8e08a0f625cc278 to remote] DEBUG org.asynchttpclient.netty.request.NettyRequestSender - Using pooled Channel '[id: 0xc17ea812, L:/127.0.0.1:56374 - R:localhost/127.0.0.1:23736]' for 'POST' to 'http://localhost:23736/session/b0b76c6cad48cff7a8e08a0f625cc278/element'
19:54:37.811 [Forwarding findElement on session b0b76c6cad48cff7a8e08a0f625cc278 to remote] DEBUG org.asynchttpclient.netty.request.NettyRequestSender - Using open Channel [id: 0xc17ea812, L:/127.0.0.1:56374 - R:localhost/127.0.0.1:23736] for POST '/session/b0b76c6cad48cff7a8e08a0f625cc278/element'
19:54:37.820 [AsyncHttpClient-1-5] DEBUG org.asynchttpclient.netty.handler.HttpHandler - 

Request DefaultHttpRequest(decodeResult: success, version: HTTP/1.1)
POST /session/b0b76c6cad48cff7a8e08a0f625cc278/element HTTP/1.1
User-Agent: selenium/4.8.1 (java windows)
Content-Length: 56
Content-Type: application/json; charset=utf-8
host: localhost:23736
accept: */*

Response DefaultHttpResponse(decodeResult: success, version: HTTP/1.1)
HTTP/1.1 200 OK
Content-Length: 88
Content-Type: application/json; charset=utf-8
cache-control: no-cache

19:54:37.820 [AsyncHttpClient-1-5] DEBUG org.asynchttpclient.netty.channel.ChannelManager - Adding key: http://localhost:23736 for channel [id: 0xc17ea812, L:/127.0.0.1:56374 - R:localhost/127.0.0.1:23736]
19:54:37.821 [Forwarding clearElement on session b0b76c6cad48cff7a8e08a0f625cc278 to remote] DEBUG org.asynchttpclient.netty.request.NettyRequestSender - Using pooled Channel '[id: 0xc17ea812, L:/127.0.0.1:56374 - R:localhost/127.0.0.1:23736]' for 'POST' to 'http://localhost:23736/session/b0b76c6cad48cff7a8e08a0f625cc278/element/d93c4285-8c59-408b-b0c5-c869a296ab28/clear'
19:54:37.821 [Forwarding clearElement on session b0b76c6cad48cff7a8e08a0f625cc278 to remote] DEBUG org.asynchttpclient.netty.request.NettyRequestSender - Using open Channel [id: 0xc17ea812, L:/127.0.0.1:56374 - R:localhost/127.0.0.1:23736] for POST '/session/b0b76c6cad48cff7a8e08a0f625cc278/element/d93c4285-8c59-408b-b0c5-c869a296ab28/clear'
19:54:37.849 [AsyncHttpClient-1-5] DEBUG org.asynchttpclient.netty.handler.HttpHandler - 

Request DefaultHttpRequest(decodeResult: success, version: HTTP/1.1)
POST /session/b0b76c6cad48cff7a8e08a0f625cc278/element/d93c4285-8c59-408b-b0c5-c869a296ab28/clear HTTP/1.1
User-Agent: selenium/4.8.1 (java windows)
Content-Length: 50
Content-Type: application/json; charset=utf-8
host: localhost:23736
accept: */*

Response DefaultHttpResponse(decodeResult: success, version: HTTP/1.1)
HTTP/1.1 200 OK
Content-Length: 14
Content-Type: application/json; charset=utf-8
cache-control: no-cache

19:54:37.849 [AsyncHttpClient-1-5] DEBUG org.asynchttpclient.netty.channel.ChannelManager - Adding key: http://localhost:23736 for channel [id: 0xc17ea812, L:/127.0.0.1:56374 - R:localhost/127.0.0.1:23736]
19:54:37.851 [Forwarding sendKeysToElement on session b0b76c6cad48cff7a8e08a0f625cc278 to remote] DEBUG org.asynchttpclient.netty.request.NettyRequestSender - Using pooled Channel '[id: 0xc17ea812, L:/127.0.0.1:56374 - R:localhost/127.0.0.1:23736]' for 'POST' to 'http://localhost:23736/session/b0b76c6cad48cff7a8e08a0f625cc278/element/d93c4285-8c59-408b-b0c5-c869a296ab28/value'
19:54:37.851 [Forwarding sendKeysToElement on session b0b76c6cad48cff7a8e08a0f625cc278 to remote] DEBUG org.asynchttpclient.netty.request.NettyRequestSender - Using open Channel [id: 0xc17ea812, L:/127.0.0.1:56374 - R:localhost/127.0.0.1:23736] for POST '/session/b0b76c6cad48cff7a8e08a0f625cc278/element/d93c4285-8c59-408b-b0c5-c869a296ab28/value'
19:54:37.895 [AsyncHttpClient-1-5] DEBUG org.asynchttpclient.netty.handler.HttpHandler - 

Request DefaultHttpRequest(decodeResult: success, version: HTTP/1.1)
POST /session/b0b76c6cad48cff7a8e08a0f625cc278/element/d93c4285-8c59-408b-b0c5-c869a296ab28/value HTTP/1.1
User-Agent: selenium/4.8.1 (java windows)
Content-Length: 211
Content-Type: application/json; charset=utf-8
host: localhost:23736
accept: */*

Response DefaultHttpResponse(decodeResult: success, version: HTTP/1.1)
HTTP/1.1 200 OK
Content-Length: 14
Content-Type: application/json; charset=utf-8
cache-control: no-cache

19:54:37.896 [AsyncHttpClient-1-5] DEBUG org.asynchttpclient.netty.channel.ChannelManager - Adding key: http://localhost:23736 for channel [id: 0xc17ea812, L:/127.0.0.1:56374 - R:localhost/127.0.0.1:23736]
19:54:37.901 [Forwarding getAlertText on session b0b76c6cad48cff7a8e08a0f625cc278 to remote] DEBUG org.asynchttpclient.netty.request.NettyRequestSender - Using pooled Channel '[id: 0xc17ea812, L:/127.0.0.1:56374 - R:localhost/127.0.0.1:23736]' for 'GET' to 'http://localhost:23736/session/b0b76c6cad48cff7a8e08a0f625cc278/alert/text'
19:54:37.901 [Forwarding getAlertText on session b0b76c6cad48cff7a8e08a0f625cc278 to remote] DEBUG org.asynchttpclient.netty.request.NettyRequestSender - Using open Channel [id: 0xc17ea812, L:/127.0.0.1:56374 - R:localhost/127.0.0.1:23736] for GET '/session/b0b76c6cad48cff7a8e08a0f625cc278/alert/text'
19:54:37.902 [AsyncHttpClient-1-5] DEBUG org.asynchttpclient.netty.handler.HttpHandler - 

Request DefaultFullHttpRequest(decodeResult: success, version: HTTP/1.1, content: EmptyByteBufBE)
GET /session/b0b76c6cad48cff7a8e08a0f625cc278/alert/text HTTP/1.1
User-Agent: selenium/4.8.1 (java windows)
Cache-Control: no-cache
Content-Type: application/json; charset=utf-8
host: localhost:23736
accept: */*

Response DefaultHttpResponse(decodeResult: success, version: HTTP/1.1)
HTTP/1.1 404 Not Found
Content-Length: 816
Content-Type: application/json; charset=utf-8
cache-control: no-cache

19:54:37.903 [AsyncHttpClient-1-5] DEBUG org.asynchttpclient.netty.channel.ChannelManager - Adding key: http://localhost:23736 for channel [id: 0xc17ea812, L:/127.0.0.1:56374 - R:localhost/127.0.0.1:23736]
19:54:37.904 [Forwarding getCurrentUrl on session b0b76c6cad48cff7a8e08a0f625cc278 to remote] DEBUG org.asynchttpclient.netty.request.NettyRequestSender - Using pooled Channel '[id: 0xc17ea812, L:/127.0.0.1:56374 - R:localhost/127.0.0.1:23736]' for 'GET' to 'http://localhost:23736/session/b0b76c6cad48cff7a8e08a0f625cc278/url'
19:54:37.904 [Forwarding getCurrentUrl on session b0b76c6cad48cff7a8e08a0f625cc278 to remote] DEBUG org.asynchttpclient.netty.request.NettyRequestSender - Using open Channel [id: 0xc17ea812, L:/127.0.0.1:56374 - R:localhost/127.0.0.1:23736] for GET '/session/b0b76c6cad48cff7a8e08a0f625cc278/url'
19:54:37.907 [AsyncHttpClient-1-5] DEBUG org.asynchttpclient.netty.handler.HttpHandler - 

Request DefaultFullHttpRequest(decodeResult: success, version: HTTP/1.1, content: EmptyByteBufBE)
GET /session/b0b76c6cad48cff7a8e08a0f625cc278/url HTTP/1.1
User-Agent: selenium/4.8.1 (java windows)
Cache-Control: no-cache
Content-Type: application/json; charset=utf-8
host: localhost:23736
accept: */*

Response DefaultHttpResponse(decodeResult: success, version: HTTP/1.1)
HTTP/1.1 200 OK
Content-Length: 38
Content-Type: application/json; charset=utf-8
cache-control: no-cache

19:54:37.907 [AsyncHttpClient-1-5] DEBUG org.asynchttpclient.netty.channel.ChannelManager - Adding key: http://localhost:23736 for channel [id: 0xc17ea812, L:/127.0.0.1:56374 - R:localhost/127.0.0.1:23736]
19:54:37.909 [Forwarding screenshot on session b0b76c6cad48cff7a8e08a0f625cc278 to remote] DEBUG org.asynchttpclient.netty.request.NettyRequestSender - Using pooled Channel '[id: 0xc17ea812, L:/127.0.0.1:56374 - R:localhost/127.0.0.1:23736]' for 'GET' to 'http://localhost:23736/session/b0b76c6cad48cff7a8e08a0f625cc278/screenshot'
19:54:37.909 [Forwarding screenshot on session b0b76c6cad48cff7a8e08a0f625cc278 to remote] DEBUG org.asynchttpclient.netty.request.NettyRequestSender - Using open Channel [id: 0xc17ea812, L:/127.0.0.1:56374 - R:localhost/127.0.0.1:23736] for GET '/session/b0b76c6cad48cff7a8e08a0f625cc278/screenshot'
19:54:38.017 [AsyncHttpClient-1-5] DEBUG org.asynchttpclient.netty.handler.HttpHandler - 

Request DefaultFullHttpRequest(decodeResult: success, version: HTTP/1.1, content: EmptyByteBufBE)
GET /session/b0b76c6cad48cff7a8e08a0f625cc278/screenshot HTTP/1.1
User-Agent: selenium/4.8.1 (java windows)
Cache-Control: no-cache
Content-Type: application/json; charset=utf-8
host: localhost:23736
accept: */*

Response DefaultHttpResponse(decodeResult: success, version: HTTP/1.1)
HTTP/1.1 200 OK
Content-Length: 59376
Content-Type: application/json; charset=utf-8
cache-control: no-cache

19:54:38.017 [AsyncHttpClient-1-5] DEBUG org.asynchttpclient.netty.channel.ChannelManager - Adding key: http://localhost:23736 for channel [id: 0xc17ea812, L:/127.0.0.1:56374 - R:localhost/127.0.0.1:23736]
19:54:38.021 [main] DEBUG net.serenitybdd.core.photography.Darkroom - Send negative for processing for target\site\serenity\34df7c2a49013db09874827a64595e6a5db2797a92a71bf1a6ba69e39d9b6283.png
19:54:38.022 [main] DEBUG net.thucydides.core.steps.StepInterceptor - STEP DONE: inputUsername
19:54:38.026 [Forwarding getPageSource on session b0b76c6cad48cff7a8e08a0f625cc278 to remote] DEBUG org.asynchttpclient.netty.request.NettyRequestSender - Using pooled Channel '[id: 0xc17ea812, L:/127.0.0.1:56374 - R:localhost/127.0.0.1:23736]' for 'POST' to 'http://localhost:23736/session/b0b76c6cad48cff7a8e08a0f625cc278/execute/sync'
19:54:38.026 [Forwarding getPageSource on session b0b76c6cad48cff7a8e08a0f625cc278 to remote] DEBUG org.asynchttpclient.netty.request.NettyRequestSender - Using open Channel [id: 0xc17ea812, L:/127.0.0.1:56374 - R:localhost/127.0.0.1:23736] for POST '/session/b0b76c6cad48cff7a8e08a0f625cc278/execute/sync'
19:54:38.030 [AsyncHttpClient-1-5] DEBUG org.asynchttpclient.netty.handler.HttpHandler - 

Request DefaultHttpRequest(decodeResult: success, version: HTTP/1.1)
POST /session/b0b76c6cad48cff7a8e08a0f625cc278/execute/sync HTTP/1.1
User-Agent: selenium/4.8.1 (java windows)
Content-Length: 176
Content-Type: application/json; charset=utf-8
host: localhost:23736
accept: */*

Response DefaultHttpResponse(decodeResult: success, version: HTTP/1.1)
HTTP/1.1 200 OK
Content-Length: 4299
Content-Type: application/json; charset=utf-8
cache-control: no-cache

19:54:38.030 [AsyncHttpClient-1-5] DEBUG org.asynchttpclient.netty.channel.ChannelManager - Adding key: http://localhost:23736 for channel [id: 0xc17ea812, L:/127.0.0.1:56374 - R:localhost/127.0.0.1:23736]
19:54:38.031 [Forwarding getCurrentUrl on session b0b76c6cad48cff7a8e08a0f625cc278 to remote] DEBUG org.asynchttpclient.netty.request.NettyRequestSender - Using pooled Channel '[id: 0xc17ea812, L:/127.0.0.1:56374 - R:localhost/127.0.0.1:23736]' for 'GET' to 'http://localhost:23736/session/b0b76c6cad48cff7a8e08a0f625cc278/url'
19:54:38.031 [Forwarding getCurrentUrl on session b0b76c6cad48cff7a8e08a0f625cc278 to remote] DEBUG org.asynchttpclient.netty.request.NettyRequestSender - Using open Channel [id: 0xc17ea812, L:/127.0.0.1:56374 - R:localhost/127.0.0.1:23736] for GET '/session/b0b76c6cad48cff7a8e08a0f625cc278/url'
19:54:38.034 [AsyncHttpClient-1-5] DEBUG org.asynchttpclient.netty.handler.HttpHandler - 

Request DefaultFullHttpRequest(decodeResult: success, version: HTTP/1.1, content: EmptyByteBufBE)
GET /session/b0b76c6cad48cff7a8e08a0f625cc278/url HTTP/1.1
User-Agent: selenium/4.8.1 (java windows)
Cache-Control: no-cache
Content-Type: application/json; charset=utf-8
host: localhost:23736
accept: */*

Response DefaultHttpResponse(decodeResult: success, version: HTTP/1.1)
HTTP/1.1 200 OK
Content-Length: 38
Content-Type: application/json; charset=utf-8
cache-control: no-cache

19:54:38.034 [AsyncHttpClient-1-5] DEBUG org.asynchttpclient.netty.channel.ChannelManager - Adding key: http://localhost:23736 for channel [id: 0xc17ea812, L:/127.0.0.1:56374 - R:localhost/127.0.0.1:23736]
19:54:38.036 [main] DEBUG net.thucydides.core.steps.StepInterceptor - STARTING STEP: CartSteps.loginAsAUser - inputPassword
19:54:38.038 [Forwarding findElement on session b0b76c6cad48cff7a8e08a0f625cc278 to remote] DEBUG org.asynchttpclient.netty.request.NettyRequestSender - Using pooled Channel '[id: 0xc17ea812, L:/127.0.0.1:56374 - R:localhost/127.0.0.1:23736]' for 'POST' to 'http://localhost:23736/session/b0b76c6cad48cff7a8e08a0f625cc278/element'
19:54:38.038 [Forwarding findElement on session b0b76c6cad48cff7a8e08a0f625cc278 to remote] DEBUG org.asynchttpclient.netty.request.NettyRequestSender - Using open Channel [id: 0xc17ea812, L:/127.0.0.1:56374 - R:localhost/127.0.0.1:23736] for POST '/session/b0b76c6cad48cff7a8e08a0f625cc278/element'
19:54:38.047 [AsyncHttpClient-1-5] DEBUG org.asynchttpclient.netty.handler.HttpHandler - 

Request DefaultHttpRequest(decodeResult: success, version: HTTP/1.1)
POST /session/b0b76c6cad48cff7a8e08a0f625cc278/element HTTP/1.1
User-Agent: selenium/4.8.1 (java windows)
Content-Length: 53
Content-Type: application/json; charset=utf-8
host: localhost:23736
accept: */*

Response DefaultHttpResponse(decodeResult: success, version: HTTP/1.1)
HTTP/1.1 200 OK
Content-Length: 88
Content-Type: application/json; charset=utf-8
cache-control: no-cache

19:54:38.047 [AsyncHttpClient-1-5] DEBUG org.asynchttpclient.netty.channel.ChannelManager - Adding key: http://localhost:23736 for channel [id: 0xc17ea812, L:/127.0.0.1:56374 - R:localhost/127.0.0.1:23736]
19:54:38.048 [Forwarding clearElement on session b0b76c6cad48cff7a8e08a0f625cc278 to remote] DEBUG org.asynchttpclient.netty.request.NettyRequestSender - Using pooled Channel '[id: 0xc17ea812, L:/127.0.0.1:56374 - R:localhost/127.0.0.1:23736]' for 'POST' to 'http://localhost:23736/session/b0b76c6cad48cff7a8e08a0f625cc278/element/e19f76f6-59c1-44d3-a481-de15cbe45835/clear'
19:54:38.049 [Forwarding clearElement on session b0b76c6cad48cff7a8e08a0f625cc278 to remote] DEBUG org.asynchttpclient.netty.request.NettyRequestSender - Using open Channel [id: 0xc17ea812, L:/127.0.0.1:56374 - R:localhost/127.0.0.1:23736] for POST '/session/b0b76c6cad48cff7a8e08a0f625cc278/element/e19f76f6-59c1-44d3-a481-de15cbe45835/clear'
19:54:38.072 [AsyncHttpClient-1-5] DEBUG org.asynchttpclient.netty.handler.HttpHandler - 

Request DefaultHttpRequest(decodeResult: success, version: HTTP/1.1)
POST /session/b0b76c6cad48cff7a8e08a0f625cc278/element/e19f76f6-59c1-44d3-a481-de15cbe45835/clear HTTP/1.1
User-Agent: selenium/4.8.1 (java windows)
Content-Length: 50
Content-Type: application/json; charset=utf-8
host: localhost:23736
accept: */*

Response DefaultHttpResponse(decodeResult: success, version: HTTP/1.1)
HTTP/1.1 200 OK
Content-Length: 14
Content-Type: application/json; charset=utf-8
cache-control: no-cache

19:54:38.072 [AsyncHttpClient-1-5] DEBUG org.asynchttpclient.netty.channel.ChannelManager - Adding key: http://localhost:23736 for channel [id: 0xc17ea812, L:/127.0.0.1:56374 - R:localhost/127.0.0.1:23736]
19:54:38.074 [Forwarding sendKeysToElement on session b0b76c6cad48cff7a8e08a0f625cc278 to remote] DEBUG org.asynchttpclient.netty.request.NettyRequestSender - Using pooled Channel '[id: 0xc17ea812, L:/127.0.0.1:56374 - R:localhost/127.0.0.1:23736]' for 'POST' to 'http://localhost:23736/session/b0b76c6cad48cff7a8e08a0f625cc278/element/e19f76f6-59c1-44d3-a481-de15cbe45835/value'
19:54:38.074 [Forwarding sendKeysToElement on session b0b76c6cad48cff7a8e08a0f625cc278 to remote] DEBUG org.asynchttpclient.netty.request.NettyRequestSender - Using open Channel [id: 0xc17ea812, L:/127.0.0.1:56374 - R:localhost/127.0.0.1:23736] for POST '/session/b0b76c6cad48cff7a8e08a0f625cc278/element/e19f76f6-59c1-44d3-a481-de15cbe45835/value'
19:54:38.129 [AsyncHttpClient-1-5] DEBUG org.asynchttpclient.netty.handler.HttpHandler - 

Request DefaultHttpRequest(decodeResult: success, version: HTTP/1.1)
POST /session/b0b76c6cad48cff7a8e08a0f625cc278/element/e19f76f6-59c1-44d3-a481-de15cbe45835/value HTTP/1.1
User-Agent: selenium/4.8.1 (java windows)
Content-Length: 201
Content-Type: application/json; charset=utf-8
host: localhost:23736
accept: */*

Response DefaultHttpResponse(decodeResult: success, version: HTTP/1.1)
HTTP/1.1 200 OK
Content-Length: 14
Content-Type: application/json; charset=utf-8
cache-control: no-cache

19:54:38.130 [AsyncHttpClient-1-5] DEBUG org.asynchttpclient.netty.channel.ChannelManager - Adding key: http://localhost:23736 for channel [id: 0xc17ea812, L:/127.0.0.1:56374 - R:localhost/127.0.0.1:23736]
19:54:38.135 [Forwarding getAlertText on session b0b76c6cad48cff7a8e08a0f625cc278 to remote] DEBUG org.asynchttpclient.netty.request.NettyRequestSender - Using pooled Channel '[id: 0xc17ea812, L:/127.0.0.1:56374 - R:localhost/127.0.0.1:23736]' for 'GET' to 'http://localhost:23736/session/b0b76c6cad48cff7a8e08a0f625cc278/alert/text'
19:54:38.136 [Forwarding getAlertText on session b0b76c6cad48cff7a8e08a0f625cc278 to remote] DEBUG org.asynchttpclient.netty.request.NettyRequestSender - Using open Channel [id: 0xc17ea812, L:/127.0.0.1:56374 - R:localhost/127.0.0.1:23736] for GET '/session/b0b76c6cad48cff7a8e08a0f625cc278/alert/text'
19:54:38.137 [AsyncHttpClient-1-5] DEBUG org.asynchttpclient.netty.handler.HttpHandler - 

Request DefaultFullHttpRequest(decodeResult: success, version: HTTP/1.1, content: EmptyByteBufBE)
GET /session/b0b76c6cad48cff7a8e08a0f625cc278/alert/text HTTP/1.1
User-Agent: selenium/4.8.1 (java windows)
Cache-Control: no-cache
Content-Type: application/json; charset=utf-8
host: localhost:23736
accept: */*

Response DefaultHttpResponse(decodeResult: success, version: HTTP/1.1)
HTTP/1.1 404 Not Found
Content-Length: 816
Content-Type: application/json; charset=utf-8
cache-control: no-cache

19:54:38.137 [AsyncHttpClient-1-5] DEBUG org.asynchttpclient.netty.channel.ChannelManager - Adding key: http://localhost:23736 for channel [id: 0xc17ea812, L:/127.0.0.1:56374 - R:localhost/127.0.0.1:23736]
19:54:38.138 [Forwarding getCurrentUrl on session b0b76c6cad48cff7a8e08a0f625cc278 to remote] DEBUG org.asynchttpclient.netty.request.NettyRequestSender - Using pooled Channel '[id: 0xc17ea812, L:/127.0.0.1:56374 - R:localhost/127.0.0.1:23736]' for 'GET' to 'http://localhost:23736/session/b0b76c6cad48cff7a8e08a0f625cc278/url'
19:54:38.138 [Forwarding getCurrentUrl on session b0b76c6cad48cff7a8e08a0f625cc278 to remote] DEBUG org.asynchttpclient.netty.request.NettyRequestSender - Using open Channel [id: 0xc17ea812, L:/127.0.0.1:56374 - R:localhost/127.0.0.1:23736] for GET '/session/b0b76c6cad48cff7a8e08a0f625cc278/url'
19:54:38.140 [AsyncHttpClient-1-5] DEBUG org.asynchttpclient.netty.handler.HttpHandler - 

Request DefaultFullHttpRequest(decodeResult: success, version: HTTP/1.1, content: EmptyByteBufBE)
GET /session/b0b76c6cad48cff7a8e08a0f625cc278/url HTTP/1.1
User-Agent: selenium/4.8.1 (java windows)
Cache-Control: no-cache
Content-Type: application/json; charset=utf-8
host: localhost:23736
accept: */*

Response DefaultHttpResponse(decodeResult: success, version: HTTP/1.1)
HTTP/1.1 200 OK
Content-Length: 38
Content-Type: application/json; charset=utf-8
cache-control: no-cache

19:54:38.140 [AsyncHttpClient-1-5] DEBUG org.asynchttpclient.netty.channel.ChannelManager - Adding key: http://localhost:23736 for channel [id: 0xc17ea812, L:/127.0.0.1:56374 - R:localhost/127.0.0.1:23736]
19:54:38.141 [Forwarding screenshot on session b0b76c6cad48cff7a8e08a0f625cc278 to remote] DEBUG org.asynchttpclient.netty.request.NettyRequestSender - Using pooled Channel '[id: 0xc17ea812, L:/127.0.0.1:56374 - R:localhost/127.0.0.1:23736]' for 'GET' to 'http://localhost:23736/session/b0b76c6cad48cff7a8e08a0f625cc278/screenshot'
19:54:38.141 [Forwarding screenshot on session b0b76c6cad48cff7a8e08a0f625cc278 to remote] DEBUG org.asynchttpclient.netty.request.NettyRequestSender - Using open Channel [id: 0xc17ea812, L:/127.0.0.1:56374 - R:localhost/127.0.0.1:23736] for GET '/session/b0b76c6cad48cff7a8e08a0f625cc278/screenshot'
19:54:38.242 [AsyncHttpClient-1-5] DEBUG org.asynchttpclient.netty.handler.HttpHandler - 

Request DefaultFullHttpRequest(decodeResult: success, version: HTTP/1.1, content: EmptyByteBufBE)
GET /session/b0b76c6cad48cff7a8e08a0f625cc278/screenshot HTTP/1.1
User-Agent: selenium/4.8.1 (java windows)
Cache-Control: no-cache
Content-Type: application/json; charset=utf-8
host: localhost:23736
accept: */*

Response DefaultHttpResponse(decodeResult: success, version: HTTP/1.1)
HTTP/1.1 200 OK
Content-Length: 56848
Content-Type: application/json; charset=utf-8
cache-control: no-cache

19:54:38.242 [AsyncHttpClient-1-5] DEBUG org.asynchttpclient.netty.channel.ChannelManager - Adding key: http://localhost:23736 for channel [id: 0xc17ea812, L:/127.0.0.1:56374 - R:localhost/127.0.0.1:23736]
19:54:38.244 [main] DEBUG net.serenitybdd.core.photography.Darkroom - Send negative for processing for target\site\serenity\6adca94019f7156b5b02d50dcdcd86549d04d7d2a8a2bccedb68665c7405404e.png
19:54:38.244 [main] DEBUG net.thucydides.core.steps.StepInterceptor - STEP DONE: inputPassword
19:54:38.250 [Forwarding getPageSource on session b0b76c6cad48cff7a8e08a0f625cc278 to remote] DEBUG org.asynchttpclient.netty.request.NettyRequestSender - Using pooled Channel '[id: 0xc17ea812, L:/127.0.0.1:56374 - R:localhost/127.0.0.1:23736]' for 'POST' to 'http://localhost:23736/session/b0b76c6cad48cff7a8e08a0f625cc278/execute/sync'
19:54:38.250 [Forwarding getPageSource on session b0b76c6cad48cff7a8e08a0f625cc278 to remote] DEBUG org.asynchttpclient.netty.request.NettyRequestSender - Using open Channel [id: 0xc17ea812, L:/127.0.0.1:56374 - R:localhost/127.0.0.1:23736] for POST '/session/b0b76c6cad48cff7a8e08a0f625cc278/execute/sync'
19:54:38.254 [AsyncHttpClient-1-5] DEBUG org.asynchttpclient.netty.handler.HttpHandler - 

Request DefaultHttpRequest(decodeResult: success, version: HTTP/1.1)
POST /session/b0b76c6cad48cff7a8e08a0f625cc278/execute/sync HTTP/1.1
User-Agent: selenium/4.8.1 (java windows)
Content-Length: 176
Content-Type: application/json; charset=utf-8
host: localhost:23736
accept: */*

Response DefaultHttpResponse(decodeResult: success, version: HTTP/1.1)
HTTP/1.1 200 OK
Content-Length: 4311
Content-Type: application/json; charset=utf-8
cache-control: no-cache

19:54:38.254 [AsyncHttpClient-1-5] DEBUG org.asynchttpclient.netty.channel.ChannelManager - Adding key: http://localhost:23736 for channel [id: 0xc17ea812, L:/127.0.0.1:56374 - R:localhost/127.0.0.1:23736]
19:54:38.255 [Forwarding getCurrentUrl on session b0b76c6cad48cff7a8e08a0f625cc278 to remote] DEBUG org.asynchttpclient.netty.request.NettyRequestSender - Using pooled Channel '[id: 0xc17ea812, L:/127.0.0.1:56374 - R:localhost/127.0.0.1:23736]' for 'GET' to 'http://localhost:23736/session/b0b76c6cad48cff7a8e08a0f625cc278/url'
19:54:38.255 [Forwarding getCurrentUrl on session b0b76c6cad48cff7a8e08a0f625cc278 to remote] DEBUG org.asynchttpclient.netty.request.NettyRequestSender - Using open Channel [id: 0xc17ea812, L:/127.0.0.1:56374 - R:localhost/127.0.0.1:23736] for GET '/session/b0b76c6cad48cff7a8e08a0f625cc278/url'
19:54:38.257 [AsyncHttpClient-1-5] DEBUG org.asynchttpclient.netty.handler.HttpHandler - 

Request DefaultFullHttpRequest(decodeResult: success, version: HTTP/1.1, content: EmptyByteBufBE)
GET /session/b0b76c6cad48cff7a8e08a0f625cc278/url HTTP/1.1
User-Agent: selenium/4.8.1 (java windows)
Cache-Control: no-cache
Content-Type: application/json; charset=utf-8
host: localhost:23736
accept: */*

Response DefaultHttpResponse(decodeResult: success, version: HTTP/1.1)
HTTP/1.1 200 OK
Content-Length: 38
Content-Type: application/json; charset=utf-8
cache-control: no-cache

19:54:38.257 [AsyncHttpClient-1-5] DEBUG org.asynchttpclient.netty.channel.ChannelManager - Adding key: http://localhost:23736 for channel [id: 0xc17ea812, L:/127.0.0.1:56374 - R:localhost/127.0.0.1:23736]
19:54:38.259 [main] DEBUG net.thucydides.core.steps.StepInterceptor - STARTING STEP: CartSteps.loginAsAUser - clickButtonLogin
19:54:38.261 [Forwarding findElement on session b0b76c6cad48cff7a8e08a0f625cc278 to remote] DEBUG org.asynchttpclient.netty.request.NettyRequestSender - Using pooled Channel '[id: 0xc17ea812, L:/127.0.0.1:56374 - R:localhost/127.0.0.1:23736]' for 'POST' to 'http://localhost:23736/session/b0b76c6cad48cff7a8e08a0f625cc278/element'
19:54:38.262 [Forwarding findElement on session b0b76c6cad48cff7a8e08a0f625cc278 to remote] DEBUG org.asynchttpclient.netty.request.NettyRequestSender - Using open Channel [id: 0xc17ea812, L:/127.0.0.1:56374 - R:localhost/127.0.0.1:23736] for POST '/session/b0b76c6cad48cff7a8e08a0f625cc278/element'
19:54:38.270 [AsyncHttpClient-1-5] DEBUG org.asynchttpclient.netty.handler.HttpHandler - 

Request DefaultHttpRequest(decodeResult: success, version: HTTP/1.1)
POST /session/b0b76c6cad48cff7a8e08a0f625cc278/element HTTP/1.1
User-Agent: selenium/4.8.1 (java windows)
Content-Length: 59
Content-Type: application/json; charset=utf-8
host: localhost:23736
accept: */*

Response DefaultHttpResponse(decodeResult: success, version: HTTP/1.1)
HTTP/1.1 200 OK
Content-Length: 88
Content-Type: application/json; charset=utf-8
cache-control: no-cache

19:54:38.270 [AsyncHttpClient-1-5] DEBUG org.asynchttpclient.netty.channel.ChannelManager - Adding key: http://localhost:23736 for channel [id: 0xc17ea812, L:/127.0.0.1:56374 - R:localhost/127.0.0.1:23736]
19:54:38.271 [Forwarding getElementTagName on session b0b76c6cad48cff7a8e08a0f625cc278 to remote] DEBUG org.asynchttpclient.netty.request.NettyRequestSender - Using pooled Channel '[id: 0xc17ea812, L:/127.0.0.1:56374 - R:localhost/127.0.0.1:23736]' for 'GET' to 'http://localhost:23736/session/b0b76c6cad48cff7a8e08a0f625cc278/element/bd03a786-9683-4437-bacb-79583f3e60f0/name'
19:54:38.271 [Forwarding getElementTagName on session b0b76c6cad48cff7a8e08a0f625cc278 to remote] DEBUG org.asynchttpclient.netty.request.NettyRequestSender - Using open Channel [id: 0xc17ea812, L:/127.0.0.1:56374 - R:localhost/127.0.0.1:23736] for GET '/session/b0b76c6cad48cff7a8e08a0f625cc278/element/bd03a786-9683-4437-bacb-79583f3e60f0/name'
19:54:38.274 [AsyncHttpClient-1-5] DEBUG org.asynchttpclient.netty.handler.HttpHandler - 

Request DefaultFullHttpRequest(decodeResult: success, version: HTTP/1.1, content: EmptyByteBufBE)
GET /session/b0b76c6cad48cff7a8e08a0f625cc278/element/bd03a786-9683-4437-bacb-79583f3e60f0/name HTTP/1.1
User-Agent: selenium/4.8.1 (java windows)
Cache-Control: no-cache
Content-Type: application/json; charset=utf-8
host: localhost:23736
accept: */*

Response DefaultHttpResponse(decodeResult: success, version: HTTP/1.1)
HTTP/1.1 200 OK
Content-Length: 17
Content-Type: application/json; charset=utf-8
cache-control: no-cache

19:54:38.274 [AsyncHttpClient-1-5] DEBUG org.asynchttpclient.netty.channel.ChannelManager - Adding key: http://localhost:23736 for channel [id: 0xc17ea812, L:/127.0.0.1:56374 - R:localhost/127.0.0.1:23736]
19:54:38.275 [Forwarding getElementTagName on session b0b76c6cad48cff7a8e08a0f625cc278 to remote] DEBUG org.asynchttpclient.netty.request.NettyRequestSender - Using pooled Channel '[id: 0xc17ea812, L:/127.0.0.1:56374 - R:localhost/127.0.0.1:23736]' for 'GET' to 'http://localhost:23736/session/b0b76c6cad48cff7a8e08a0f625cc278/element/bd03a786-9683-4437-bacb-79583f3e60f0/name'
19:54:38.275 [Forwarding getElementTagName on session b0b76c6cad48cff7a8e08a0f625cc278 to remote] DEBUG org.asynchttpclient.netty.request.NettyRequestSender - Using open Channel [id: 0xc17ea812, L:/127.0.0.1:56374 - R:localhost/127.0.0.1:23736] for GET '/session/b0b76c6cad48cff7a8e08a0f625cc278/element/bd03a786-9683-4437-bacb-79583f3e60f0/name'
19:54:38.278 [AsyncHttpClient-1-5] DEBUG org.asynchttpclient.netty.handler.HttpHandler - 

Request DefaultFullHttpRequest(decodeResult: success, version: HTTP/1.1, content: EmptyByteBufBE)
GET /session/b0b76c6cad48cff7a8e08a0f625cc278/element/bd03a786-9683-4437-bacb-79583f3e60f0/name HTTP/1.1
User-Agent: selenium/4.8.1 (java windows)
Cache-Control: no-cache
Content-Type: application/json; charset=utf-8
host: localhost:23736
accept: */*

Response DefaultHttpResponse(decodeResult: success, version: HTTP/1.1)
HTTP/1.1 200 OK
Content-Length: 17
Content-Type: application/json; charset=utf-8
cache-control: no-cache

19:54:38.278 [AsyncHttpClient-1-5] DEBUG org.asynchttpclient.netty.channel.ChannelManager - Adding key: http://localhost:23736 for channel [id: 0xc17ea812, L:/127.0.0.1:56374 - R:localhost/127.0.0.1:23736]
19:54:38.280 [Forwarding isElementEnabled on session b0b76c6cad48cff7a8e08a0f625cc278 to remote] DEBUG org.asynchttpclient.netty.request.NettyRequestSender - Using pooled Channel '[id: 0xc17ea812, L:/127.0.0.1:56374 - R:localhost/127.0.0.1:23736]' for 'GET' to 'http://localhost:23736/session/b0b76c6cad48cff7a8e08a0f625cc278/element/bd03a786-9683-4437-bacb-79583f3e60f0/enabled'
19:54:38.280 [Forwarding isElementEnabled on session b0b76c6cad48cff7a8e08a0f625cc278 to remote] DEBUG org.asynchttpclient.netty.request.NettyRequestSender - Using open Channel [id: 0xc17ea812, L:/127.0.0.1:56374 - R:localhost/127.0.0.1:23736] for GET '/session/b0b76c6cad48cff7a8e08a0f625cc278/element/bd03a786-9683-4437-bacb-79583f3e60f0/enabled'
19:54:38.286 [AsyncHttpClient-1-5] DEBUG org.asynchttpclient.netty.handler.HttpHandler - 

Request DefaultFullHttpRequest(decodeResult: success, version: HTTP/1.1, content: EmptyByteBufBE)
GET /session/b0b76c6cad48cff7a8e08a0f625cc278/element/bd03a786-9683-4437-bacb-79583f3e60f0/enabled HTTP/1.1
User-Agent: selenium/4.8.1 (java windows)
Cache-Control: no-cache
Content-Type: application/json; charset=utf-8
host: localhost:23736
accept: */*

Response DefaultHttpResponse(decodeResult: success, version: HTTP/1.1)
HTTP/1.1 200 OK
Content-Length: 14
Content-Type: application/json; charset=utf-8
cache-control: no-cache

19:54:38.286 [AsyncHttpClient-1-5] DEBUG org.asynchttpclient.netty.channel.ChannelManager - Adding key: http://localhost:23736 for channel [id: 0xc17ea812, L:/127.0.0.1:56374 - R:localhost/127.0.0.1:23736]
19:54:38.287 [Forwarding isElementEnabled on session b0b76c6cad48cff7a8e08a0f625cc278 to remote] DEBUG org.asynchttpclient.netty.request.NettyRequestSender - Using pooled Channel '[id: 0xc17ea812, L:/127.0.0.1:56374 - R:localhost/127.0.0.1:23736]' for 'GET' to 'http://localhost:23736/session/b0b76c6cad48cff7a8e08a0f625cc278/element/bd03a786-9683-4437-bacb-79583f3e60f0/enabled'
19:54:38.287 [Forwarding isElementEnabled on session b0b76c6cad48cff7a8e08a0f625cc278 to remote] DEBUG org.asynchttpclient.netty.request.NettyRequestSender - Using open Channel [id: 0xc17ea812, L:/127.0.0.1:56374 - R:localhost/127.0.0.1:23736] for GET '/session/b0b76c6cad48cff7a8e08a0f625cc278/element/bd03a786-9683-4437-bacb-79583f3e60f0/enabled'
19:54:38.292 [AsyncHttpClient-1-5] DEBUG org.asynchttpclient.netty.handler.HttpHandler - 

Request DefaultFullHttpRequest(decodeResult: success, version: HTTP/1.1, content: EmptyByteBufBE)
GET /session/b0b76c6cad48cff7a8e08a0f625cc278/element/bd03a786-9683-4437-bacb-79583f3e60f0/enabled HTTP/1.1
User-Agent: selenium/4.8.1 (java windows)
Cache-Control: no-cache
Content-Type: application/json; charset=utf-8
host: localhost:23736
accept: */*

Response DefaultHttpResponse(decodeResult: success, version: HTTP/1.1)
HTTP/1.1 200 OK
Content-Length: 14
Content-Type: application/json; charset=utf-8
cache-control: no-cache

19:54:38.292 [AsyncHttpClient-1-5] DEBUG org.asynchttpclient.netty.channel.ChannelManager - Adding key: http://localhost:23736 for channel [id: 0xc17ea812, L:/127.0.0.1:56374 - R:localhost/127.0.0.1:23736]
19:54:38.293 [Forwarding findElement on session b0b76c6cad48cff7a8e08a0f625cc278 to remote] DEBUG org.asynchttpclient.netty.request.NettyRequestSender - Using pooled Channel '[id: 0xc17ea812, L:/127.0.0.1:56374 - R:localhost/127.0.0.1:23736]' for 'POST' to 'http://localhost:23736/session/b0b76c6cad48cff7a8e08a0f625cc278/element'
19:54:38.293 [Forwarding findElement on session b0b76c6cad48cff7a8e08a0f625cc278 to remote] DEBUG org.asynchttpclient.netty.request.NettyRequestSender - Using open Channel [id: 0xc17ea812, L:/127.0.0.1:56374 - R:localhost/127.0.0.1:23736] for POST '/session/b0b76c6cad48cff7a8e08a0f625cc278/element'
19:54:38.298 [AsyncHttpClient-1-5] DEBUG org.asynchttpclient.netty.handler.HttpHandler - 

Request DefaultHttpRequest(decodeResult: success, version: HTTP/1.1)
POST /session/b0b76c6cad48cff7a8e08a0f625cc278/element HTTP/1.1
User-Agent: selenium/4.8.1 (java windows)
Content-Length: 59
Content-Type: application/json; charset=utf-8
host: localhost:23736
accept: */*

Response DefaultHttpResponse(decodeResult: success, version: HTTP/1.1)
HTTP/1.1 200 OK
Content-Length: 88
Content-Type: application/json; charset=utf-8
cache-control: no-cache

19:54:38.298 [AsyncHttpClient-1-5] DEBUG org.asynchttpclient.netty.channel.ChannelManager - Adding key: http://localhost:23736 for channel [id: 0xc17ea812, L:/127.0.0.1:56374 - R:localhost/127.0.0.1:23736]
19:54:38.299 [Forwarding clickElement on session b0b76c6cad48cff7a8e08a0f625cc278 to remote] DEBUG org.asynchttpclient.netty.request.NettyRequestSender - Using pooled Channel '[id: 0xc17ea812, L:/127.0.0.1:56374 - R:localhost/127.0.0.1:23736]' for 'POST' to 'http://localhost:23736/session/b0b76c6cad48cff7a8e08a0f625cc278/element/bd03a786-9683-4437-bacb-79583f3e60f0/click'
19:54:38.299 [Forwarding clickElement on session b0b76c6cad48cff7a8e08a0f625cc278 to remote] DEBUG org.asynchttpclient.netty.request.NettyRequestSender - Using open Channel [id: 0xc17ea812, L:/127.0.0.1:56374 - R:localhost/127.0.0.1:23736] for POST '/session/b0b76c6cad48cff7a8e08a0f625cc278/element/bd03a786-9683-4437-bacb-79583f3e60f0/click'
19:54:38.372 [AsyncHttpClient-1-5] DEBUG org.asynchttpclient.netty.handler.HttpHandler - 

Request DefaultHttpRequest(decodeResult: success, version: HTTP/1.1)
POST /session/b0b76c6cad48cff7a8e08a0f625cc278/element/bd03a786-9683-4437-bacb-79583f3e60f0/click HTTP/1.1
User-Agent: selenium/4.8.1 (java windows)
Content-Length: 50
Content-Type: application/json; charset=utf-8
host: localhost:23736
accept: */*

Response DefaultHttpResponse(decodeResult: success, version: HTTP/1.1)
HTTP/1.1 200 OK
Content-Length: 14
Content-Type: application/json; charset=utf-8
cache-control: no-cache

19:54:38.372 [AsyncHttpClient-1-5] DEBUG org.asynchttpclient.netty.channel.ChannelManager - Adding key: http://localhost:23736 for channel [id: 0xc17ea812, L:/127.0.0.1:56374 - R:localhost/127.0.0.1:23736]
19:54:38.377 [Forwarding getAlertText on session b0b76c6cad48cff7a8e08a0f625cc278 to remote] DEBUG org.asynchttpclient.netty.request.NettyRequestSender - Using pooled Channel '[id: 0xc17ea812, L:/127.0.0.1:56374 - R:localhost/127.0.0.1:23736]' for 'GET' to 'http://localhost:23736/session/b0b76c6cad48cff7a8e08a0f625cc278/alert/text'
19:54:38.377 [Forwarding getAlertText on session b0b76c6cad48cff7a8e08a0f625cc278 to remote] DEBUG org.asynchttpclient.netty.request.NettyRequestSender - Using open Channel [id: 0xc17ea812, L:/127.0.0.1:56374 - R:localhost/127.0.0.1:23736] for GET '/session/b0b76c6cad48cff7a8e08a0f625cc278/alert/text'
19:54:38.378 [AsyncHttpClient-1-5] DEBUG org.asynchttpclient.netty.handler.HttpHandler - 

Request DefaultFullHttpRequest(decodeResult: success, version: HTTP/1.1, content: EmptyByteBufBE)
GET /session/b0b76c6cad48cff7a8e08a0f625cc278/alert/text HTTP/1.1
User-Agent: selenium/4.8.1 (java windows)
Cache-Control: no-cache
Content-Type: application/json; charset=utf-8
host: localhost:23736
accept: */*

Response DefaultHttpResponse(decodeResult: success, version: HTTP/1.1)
HTTP/1.1 404 Not Found
Content-Length: 816
Content-Type: application/json; charset=utf-8
cache-control: no-cache

19:54:38.378 [AsyncHttpClient-1-5] DEBUG org.asynchttpclient.netty.channel.ChannelManager - Adding key: http://localhost:23736 for channel [id: 0xc17ea812, L:/127.0.0.1:56374 - R:localhost/127.0.0.1:23736]
19:54:38.379 [Forwarding getCurrentUrl on session b0b76c6cad48cff7a8e08a0f625cc278 to remote] DEBUG org.asynchttpclient.netty.request.NettyRequestSender - Using pooled Channel '[id: 0xc17ea812, L:/127.0.0.1:56374 - R:localhost/127.0.0.1:23736]' for 'GET' to 'http://localhost:23736/session/b0b76c6cad48cff7a8e08a0f625cc278/url'
19:54:38.379 [Forwarding getCurrentUrl on session b0b76c6cad48cff7a8e08a0f625cc278 to remote] DEBUG org.asynchttpclient.netty.request.NettyRequestSender - Using open Channel [id: 0xc17ea812, L:/127.0.0.1:56374 - R:localhost/127.0.0.1:23736] for GET '/session/b0b76c6cad48cff7a8e08a0f625cc278/url'
19:54:38.383 [AsyncHttpClient-1-5] DEBUG org.asynchttpclient.netty.handler.HttpHandler - 

Request DefaultFullHttpRequest(decodeResult: success, version: HTTP/1.1, content: EmptyByteBufBE)
GET /session/b0b76c6cad48cff7a8e08a0f625cc278/url HTTP/1.1
User-Agent: selenium/4.8.1 (java windows)
Cache-Control: no-cache
Content-Type: application/json; charset=utf-8
host: localhost:23736
accept: */*

Response DefaultHttpResponse(decodeResult: success, version: HTTP/1.1)
HTTP/1.1 200 OK
Content-Length: 52
Content-Type: application/json; charset=utf-8
cache-control: no-cache

19:54:38.383 [AsyncHttpClient-1-5] DEBUG org.asynchttpclient.netty.channel.ChannelManager - Adding key: http://localhost:23736 for channel [id: 0xc17ea812, L:/127.0.0.1:56374 - R:localhost/127.0.0.1:23736]
19:54:38.384 [Forwarding screenshot on session b0b76c6cad48cff7a8e08a0f625cc278 to remote] DEBUG org.asynchttpclient.netty.request.NettyRequestSender - Using pooled Channel '[id: 0xc17ea812, L:/127.0.0.1:56374 - R:localhost/127.0.0.1:23736]' for 'GET' to 'http://localhost:23736/session/b0b76c6cad48cff7a8e08a0f625cc278/screenshot'
19:54:38.384 [Forwarding screenshot on session b0b76c6cad48cff7a8e08a0f625cc278 to remote] DEBUG org.asynchttpclient.netty.request.NettyRequestSender - Using open Channel [id: 0xc17ea812, L:/127.0.0.1:56374 - R:localhost/127.0.0.1:23736] for GET '/session/b0b76c6cad48cff7a8e08a0f625cc278/screenshot'
19:54:38.514 [AsyncHttpClient-1-5] DEBUG org.asynchttpclient.netty.handler.HttpHandler - 

Request DefaultFullHttpRequest(decodeResult: success, version: HTTP/1.1, content: EmptyByteBufBE)
GET /session/b0b76c6cad48cff7a8e08a0f625cc278/screenshot HTTP/1.1
User-Agent: selenium/4.8.1 (java windows)
Cache-Control: no-cache
Content-Type: application/json; charset=utf-8
host: localhost:23736
accept: */*

Response DefaultHttpResponse(decodeResult: success, version: HTTP/1.1)
HTTP/1.1 200 OK
Content-Length: 285512
Content-Type: application/json; charset=utf-8
cache-control: no-cache

19:54:38.516 [AsyncHttpClient-1-5] DEBUG org.asynchttpclient.netty.channel.ChannelManager - Adding key: http://localhost:23736 for channel [id: 0xc17ea812, L:/127.0.0.1:56374 - R:localhost/127.0.0.1:23736]
19:54:38.519 [main] DEBUG net.serenitybdd.core.photography.Darkroom - Send negative for processing for target\site\serenity\7614ee354bf590aa041e91fab36a6d543e78d0f13e6beff2e4ea75b68483773b.png
19:54:38.520 [main] DEBUG net.thucydides.core.steps.StepInterceptor - STEP DONE: clickButtonLogin
  &amp#27;[32mGiven &amp#27;[0m&amp#27;[32mI am a logged in user&amp#27;[0m                                         &amp#27;[90m# starter.stepDefinitions.CartSteps.loginAsAUser()&amp#27;[0m
19:54:38.527 [Forwarding getPageSource on session b0b76c6cad48cff7a8e08a0f625cc278 to remote] DEBUG org.asynchttpclient.netty.request.NettyRequestSender - Using pooled Channel '[id: 0xc17ea812, L:/127.0.0.1:56374 - R:localhost/127.0.0.1:23736]' for 'POST' to 'http://localhost:23736/session/b0b76c6cad48cff7a8e08a0f625cc278/execute/sync'
19:54:38.527 [Forwarding getPageSource on session b0b76c6cad48cff7a8e08a0f625cc278 to remote] DEBUG org.asynchttpclient.netty.request.NettyRequestSender - Using open Channel [id: 0xc17ea812, L:/127.0.0.1:56374 - R:localhost/127.0.0.1:23736] for POST '/session/b0b76c6cad48cff7a8e08a0f625cc278/execute/sync'
19:54:38.530 [AsyncHttpClient-1-5] DEBUG org.asynchttpclient.netty.handler.HttpHandler - 

Request DefaultHttpRequest(decodeResult: success, version: HTTP/1.1)
POST /session/b0b76c6cad48cff7a8e08a0f625cc278/execute/sync HTTP/1.1
User-Agent: selenium/4.8.1 (java windows)
Content-Length: 176
Content-Type: application/json; charset=utf-8
host: localhost:23736
accept: */*

Response DefaultHttpResponse(decodeResult: success, version: HTTP/1.1)
HTTP/1.1 200 OK
Content-Length: 16329
Content-Type: application/json; charset=utf-8
cache-control: no-cache

19:54:38.530 [AsyncHttpClient-1-5] DEBUG org.asynchttpclient.netty.channel.ChannelManager - Adding key: http://localhost:23736 for channel [id: 0xc17ea812, L:/127.0.0.1:56374 - R:localhost/127.0.0.1:23736]
19:54:38.532 [Forwarding getCurrentUrl on session b0b76c6cad48cff7a8e08a0f625cc278 to remote] DEBUG org.asynchttpclient.netty.request.NettyRequestSender - Using pooled Channel '[id: 0xc17ea812, L:/127.0.0.1:56374 - R:localhost/127.0.0.1:23736]' for 'GET' to 'http://localhost:23736/session/b0b76c6cad48cff7a8e08a0f625cc278/url'
19:54:38.532 [Forwarding getCurrentUrl on session b0b76c6cad48cff7a8e08a0f625cc278 to remote] DEBUG org.asynchttpclient.netty.request.NettyRequestSender - Using open Channel [id: 0xc17ea812, L:/127.0.0.1:56374 - R:localhost/127.0.0.1:23736] for GET '/session/b0b76c6cad48cff7a8e08a0f625cc278/url'
19:54:38.535 [AsyncHttpClient-1-5] DEBUG org.asynchttpclient.netty.handler.HttpHandler - 

Request DefaultFullHttpRequest(decodeResult: success, version: HTTP/1.1, content: EmptyByteBufBE)
GET /session/b0b76c6cad48cff7a8e08a0f625cc278/url HTTP/1.1
User-Agent: selenium/4.8.1 (java windows)
Cache-Control: no-cache
Content-Type: application/json; charset=utf-8
host: localhost:23736
accept: */*

Response DefaultHttpResponse(decodeResult: success, version: HTTP/1.1)
HTTP/1.1 200 OK
Content-Length: 52
Content-Type: application/json; charset=utf-8
cache-control: no-cache

19:54:38.535 [AsyncHttpClient-1-5] DEBUG org.asynchttpclient.netty.channel.ChannelManager - Adding key: http://localhost:23736 for channel [id: 0xc17ea812, L:/127.0.0.1:56374 - R:localhost/127.0.0.1:23736]
19:54:38.554 [Forwarding getPageSource on session b0b76c6cad48cff7a8e08a0f625cc278 to remote] DEBUG org.asynchttpclient.netty.request.NettyRequestSender - Using pooled Channel '[id: 0xc17ea812, L:/127.0.0.1:56374 - R:localhost/127.0.0.1:23736]' for 'POST' to 'http://localhost:23736/session/b0b76c6cad48cff7a8e08a0f625cc278/execute/sync'
19:54:38.554 [Forwarding getPageSource on session b0b76c6cad48cff7a8e08a0f625cc278 to remote] DEBUG org.asynchttpclient.netty.request.NettyRequestSender - Using open Channel [id: 0xc17ea812, L:/127.0.0.1:56374 - R:localhost/127.0.0.1:23736] for POST '/session/b0b76c6cad48cff7a8e08a0f625cc278/execute/sync'
19:54:38.557 [AsyncHttpClient-1-5] DEBUG org.asynchttpclient.netty.handler.HttpHandler - 

Request DefaultHttpRequest(decodeResult: success, version: HTTP/1.1)
POST /session/b0b76c6cad48cff7a8e08a0f625cc278/execute/sync HTTP/1.1
User-Agent: selenium/4.8.1 (java windows)
Content-Length: 176
Content-Type: application/json; charset=utf-8
host: localhost:23736
accept: */*

Response DefaultHttpResponse(decodeResult: success, version: HTTP/1.1)
HTTP/1.1 200 OK
Content-Length: 16329
Content-Type: application/json; charset=utf-8
cache-control: no-cache

19:54:38.557 [AsyncHttpClient-1-5] DEBUG org.asynchttpclient.netty.channel.ChannelManager - Adding key: http://localhost:23736 for channel [id: 0xc17ea812, L:/127.0.0.1:56374 - R:localhost/127.0.0.1:23736]
19:54:38.559 [Forwarding getCurrentUrl on session b0b76c6cad48cff7a8e08a0f625cc278 to remote] DEBUG org.asynchttpclient.netty.request.NettyRequestSender - Using pooled Channel '[id: 0xc17ea812, L:/127.0.0.1:56374 - R:localhost/127.0.0.1:23736]' for 'GET' to 'http://localhost:23736/session/b0b76c6cad48cff7a8e08a0f625cc278/url'
19:54:38.559 [Forwarding getCurrentUrl on session b0b76c6cad48cff7a8e08a0f625cc278 to remote] DEBUG org.asynchttpclient.netty.request.NettyRequestSender - Using open Channel [id: 0xc17ea812, L:/127.0.0.1:56374 - R:localhost/127.0.0.1:23736] for GET '/session/b0b76c6cad48cff7a8e08a0f625cc278/url'
19:54:38.562 [AsyncHttpClient-1-5] DEBUG org.asynchttpclient.netty.handler.HttpHandler - 

Request DefaultFullHttpRequest(decodeResult: success, version: HTTP/1.1, content: EmptyByteBufBE)
GET /session/b0b76c6cad48cff7a8e08a0f625cc278/url HTTP/1.1
User-Agent: selenium/4.8.1 (java windows)
Cache-Control: no-cache
Content-Type: application/json; charset=utf-8
host: localhost:23736
accept: */*

Response DefaultHttpResponse(decodeResult: success, version: HTTP/1.1)
HTTP/1.1 200 OK
Content-Length: 52
Content-Type: application/json; charset=utf-8
cache-control: no-cache

19:54:38.562 [AsyncHttpClient-1-5] DEBUG org.asynchttpclient.netty.channel.ChannelManager - Adding key: http://localhost:23736 for channel [id: 0xc17ea812, L:/127.0.0.1:56374 - R:localhost/127.0.0.1:23736]
19:54:38.565 [main] DEBUG net.thucydides.core.steps.StepInterceptor - STARTING STEP: CheckoutSteps.addProductToCart - clickProductTitle
19:54:38.565 [Forwarding findElement on session b0b76c6cad48cff7a8e08a0f625cc278 to remote] DEBUG org.asynchttpclient.netty.request.NettyRequestSender - Using pooled Channel '[id: 0xc17ea812, L:/127.0.0.1:56374 - R:localhost/127.0.0.1:23736]' for 'POST' to 'http://localhost:23736/session/b0b76c6cad48cff7a8e08a0f625cc278/element'
19:54:38.565 [Forwarding findElement on session b0b76c6cad48cff7a8e08a0f625cc278 to remote] DEBUG org.asynchttpclient.netty.request.NettyRequestSender - Using open Channel [id: 0xc17ea812, L:/127.0.0.1:56374 - R:localhost/127.0.0.1:23736] for POST '/session/b0b76c6cad48cff7a8e08a0f625cc278/element'
19:54:38.575 [AsyncHttpClient-1-5] DEBUG org.asynchttpclient.netty.handler.HttpHandler - 

Request DefaultHttpRequest(decodeResult: success, version: HTTP/1.1)
POST /session/b0b76c6cad48cff7a8e08a0f625cc278/element HTTP/1.1
User-Agent: selenium/4.8.1 (java windows)
Content-Length: 80
Content-Type: application/json; charset=utf-8
host: localhost:23736
accept: */*

Response DefaultHttpResponse(decodeResult: success, version: HTTP/1.1)
HTTP/1.1 200 OK
Content-Length: 88
Content-Type: application/json; charset=utf-8
cache-control: no-cache

19:54:38.575 [AsyncHttpClient-1-5] DEBUG org.asynchttpclient.netty.channel.ChannelManager - Adding key: http://localhost:23736 for channel [id: 0xc17ea812, L:/127.0.0.1:56374 - R:localhost/127.0.0.1:23736]
19:54:38.575 [Forwarding getElementTagName on session b0b76c6cad48cff7a8e08a0f625cc278 to remote] DEBUG org.asynchttpclient.netty.request.NettyRequestSender - Using pooled Channel '[id: 0xc17ea812, L:/127.0.0.1:56374 - R:localhost/127.0.0.1:23736]' for 'GET' to 'http://localhost:23736/session/b0b76c6cad48cff7a8e08a0f625cc278/element/59cdcbe9-df16-4c35-b5b6-0119fdd5a4b3/name'
19:54:38.575 [Forwarding getElementTagName on session b0b76c6cad48cff7a8e08a0f625cc278 to remote] DEBUG org.asynchttpclient.netty.request.NettyRequestSender - Using open Channel [id: 0xc17ea812, L:/127.0.0.1:56374 - R:localhost/127.0.0.1:23736] for GET '/session/b0b76c6cad48cff7a8e08a0f625cc278/element/59cdcbe9-df16-4c35-b5b6-0119fdd5a4b3/name'
19:54:38.580 [AsyncHttpClient-1-5] DEBUG org.asynchttpclient.netty.handler.HttpHandler - 

Request DefaultFullHttpRequest(decodeResult: success, version: HTTP/1.1, content: EmptyByteBufBE)
GET /session/b0b76c6cad48cff7a8e08a0f625cc278/element/59cdcbe9-df16-4c35-b5b6-0119fdd5a4b3/name HTTP/1.1
User-Agent: selenium/4.8.1 (java windows)
Cache-Control: no-cache
Content-Type: application/json; charset=utf-8
host: localhost:23736
accept: */*

Response DefaultHttpResponse(decodeResult: success, version: HTTP/1.1)
HTTP/1.1 200 OK
Content-Length: 15
Content-Type: application/json; charset=utf-8
cache-control: no-cache

19:54:38.580 [AsyncHttpClient-1-5] DEBUG org.asynchttpclient.netty.channel.ChannelManager - Adding key: http://localhost:23736 for channel [id: 0xc17ea812, L:/127.0.0.1:56374 - R:localhost/127.0.0.1:23736]
19:54:38.580 [Forwarding getElementTagName on session b0b76c6cad48cff7a8e08a0f625cc278 to remote] DEBUG org.asynchttpclient.netty.request.NettyRequestSender - Using pooled Channel '[id: 0xc17ea812, L:/127.0.0.1:56374 - R:localhost/127.0.0.1:23736]' for 'GET' to 'http://localhost:23736/session/b0b76c6cad48cff7a8e08a0f625cc278/element/59cdcbe9-df16-4c35-b5b6-0119fdd5a4b3/name'
19:54:38.580 [Forwarding getElementTagName on session b0b76c6cad48cff7a8e08a0f625cc278 to remote] DEBUG org.asynchttpclient.netty.request.NettyRequestSender - Using open Channel [id: 0xc17ea812, L:/127.0.0.1:56374 - R:localhost/127.0.0.1:23736] for GET '/session/b0b76c6cad48cff7a8e08a0f625cc278/element/59cdcbe9-df16-4c35-b5b6-0119fdd5a4b3/name'
19:54:38.583 [AsyncHttpClient-1-5] DEBUG org.asynchttpclient.netty.handler.HttpHandler - 

Request DefaultFullHttpRequest(decodeResult: success, version: HTTP/1.1, content: EmptyByteBufBE)
GET /session/b0b76c6cad48cff7a8e08a0f625cc278/element/59cdcbe9-df16-4c35-b5b6-0119fdd5a4b3/name HTTP/1.1
User-Agent: selenium/4.8.1 (java windows)
Cache-Control: no-cache
Content-Type: application/json; charset=utf-8
host: localhost:23736
accept: */*

Response DefaultHttpResponse(decodeResult: success, version: HTTP/1.1)
HTTP/1.1 200 OK
Content-Length: 15
Content-Type: application/json; charset=utf-8
cache-control: no-cache

19:54:38.583 [AsyncHttpClient-1-5] DEBUG org.asynchttpclient.netty.channel.ChannelManager - Adding key: http://localhost:23736 for channel [id: 0xc17ea812, L:/127.0.0.1:56374 - R:localhost/127.0.0.1:23736]
19:54:38.585 [Forwarding findElement on session b0b76c6cad48cff7a8e08a0f625cc278 to remote] DEBUG org.asynchttpclient.netty.request.NettyRequestSender - Using pooled Channel '[id: 0xc17ea812, L:/127.0.0.1:56374 - R:localhost/127.0.0.1:23736]' for 'POST' to 'http://localhost:23736/session/b0b76c6cad48cff7a8e08a0f625cc278/element'
19:54:38.585 [Forwarding findElement on session b0b76c6cad48cff7a8e08a0f625cc278 to remote] DEBUG org.asynchttpclient.netty.request.NettyRequestSender - Using open Channel [id: 0xc17ea812, L:/127.0.0.1:56374 - R:localhost/127.0.0.1:23736] for POST '/session/b0b76c6cad48cff7a8e08a0f625cc278/element'
19:54:38.589 [AsyncHttpClient-1-5] DEBUG org.asynchttpclient.netty.handler.HttpHandler - 

Request DefaultHttpRequest(decodeResult: success, version: HTTP/1.1)
POST /session/b0b76c6cad48cff7a8e08a0f625cc278/element HTTP/1.1
User-Agent: selenium/4.8.1 (java windows)
Content-Length: 80
Content-Type: application/json; charset=utf-8
host: localhost:23736
accept: */*

Response DefaultHttpResponse(decodeResult: success, version: HTTP/1.1)
HTTP/1.1 200 OK
Content-Length: 88
Content-Type: application/json; charset=utf-8
cache-control: no-cache

19:54:38.589 [AsyncHttpClient-1-5] DEBUG org.asynchttpclient.netty.channel.ChannelManager - Adding key: http://localhost:23736 for channel [id: 0xc17ea812, L:/127.0.0.1:56374 - R:localhost/127.0.0.1:23736]
19:54:38.590 [Forwarding clickElement on session b0b76c6cad48cff7a8e08a0f625cc278 to remote] DEBUG org.asynchttpclient.netty.request.NettyRequestSender - Using pooled Channel '[id: 0xc17ea812, L:/127.0.0.1:56374 - R:localhost/127.0.0.1:23736]' for 'POST' to 'http://localhost:23736/session/b0b76c6cad48cff7a8e08a0f625cc278/element/59cdcbe9-df16-4c35-b5b6-0119fdd5a4b3/click'
19:54:38.590 [Forwarding clickElement on session b0b76c6cad48cff7a8e08a0f625cc278 to remote] DEBUG org.asynchttpclient.netty.request.NettyRequestSender - Using open Channel [id: 0xc17ea812, L:/127.0.0.1:56374 - R:localhost/127.0.0.1:23736] for POST '/session/b0b76c6cad48cff7a8e08a0f625cc278/element/59cdcbe9-df16-4c35-b5b6-0119fdd5a4b3/click'
19:54:38.631 [AsyncHttpClient-1-5] DEBUG org.asynchttpclient.netty.handler.HttpHandler - 

Request DefaultHttpRequest(decodeResult: success, version: HTTP/1.1)
POST /session/b0b76c6cad48cff7a8e08a0f625cc278/element/59cdcbe9-df16-4c35-b5b6-0119fdd5a4b3/click HTTP/1.1
User-Agent: selenium/4.8.1 (java windows)
Content-Length: 50
Content-Type: application/json; charset=utf-8
host: localhost:23736
accept: */*

Response DefaultHttpResponse(decodeResult: success, version: HTTP/1.1)
HTTP/1.1 200 OK
Content-Length: 14
Content-Type: application/json; charset=utf-8
cache-control: no-cache

19:54:38.631 [AsyncHttpClient-1-5] DEBUG org.asynchttpclient.netty.channel.ChannelManager - Adding key: http://localhost:23736 for channel [id: 0xc17ea812, L:/127.0.0.1:56374 - R:localhost/127.0.0.1:23736]
19:54:38.636 [Forwarding getAlertText on session b0b76c6cad48cff7a8e08a0f625cc278 to remote] DEBUG org.asynchttpclient.netty.request.NettyRequestSender - Using pooled Channel '[id: 0xc17ea812, L:/127.0.0.1:56374 - R:localhost/127.0.0.1:23736]' for 'GET' to 'http://localhost:23736/session/b0b76c6cad48cff7a8e08a0f625cc278/alert/text'
19:54:38.636 [Forwarding getAlertText on session b0b76c6cad48cff7a8e08a0f625cc278 to remote] DEBUG org.asynchttpclient.netty.request.NettyRequestSender - Using open Channel [id: 0xc17ea812, L:/127.0.0.1:56374 - R:localhost/127.0.0.1:23736] for GET '/session/b0b76c6cad48cff7a8e08a0f625cc278/alert/text'
19:54:38.637 [AsyncHttpClient-1-5] DEBUG org.asynchttpclient.netty.handler.HttpHandler - 

Request DefaultFullHttpRequest(decodeResult: success, version: HTTP/1.1, content: EmptyByteBufBE)
GET /session/b0b76c6cad48cff7a8e08a0f625cc278/alert/text HTTP/1.1
User-Agent: selenium/4.8.1 (java windows)
Cache-Control: no-cache
Content-Type: application/json; charset=utf-8
host: localhost:23736
accept: */*

Response DefaultHttpResponse(decodeResult: success, version: HTTP/1.1)
HTTP/1.1 404 Not Found
Content-Length: 816
Content-Type: application/json; charset=utf-8
cache-control: no-cache

19:54:38.637 [AsyncHttpClient-1-5] DEBUG org.asynchttpclient.netty.channel.ChannelManager - Adding key: http://localhost:23736 for channel [id: 0xc17ea812, L:/127.0.0.1:56374 - R:localhost/127.0.0.1:23736]
19:54:38.638 [Forwarding getCurrentUrl on session b0b76c6cad48cff7a8e08a0f625cc278 to remote] DEBUG org.asynchttpclient.netty.request.NettyRequestSender - Using pooled Channel '[id: 0xc17ea812, L:/127.0.0.1:56374 - R:localhost/127.0.0.1:23736]' for 'GET' to 'http://localhost:23736/session/b0b76c6cad48cff7a8e08a0f625cc278/url'
19:54:38.638 [Forwarding getCurrentUrl on session b0b76c6cad48cff7a8e08a0f625cc278 to remote] DEBUG org.asynchttpclient.netty.request.NettyRequestSender - Using open Channel [id: 0xc17ea812, L:/127.0.0.1:56374 - R:localhost/127.0.0.1:23736] for GET '/session/b0b76c6cad48cff7a8e08a0f625cc278/url'
19:54:38.641 [AsyncHttpClient-1-5] DEBUG org.asynchttpclient.netty.handler.HttpHandler - 

Request DefaultFullHttpRequest(decodeResult: success, version: HTTP/1.1, content: EmptyByteBufBE)
GET /session/b0b76c6cad48cff7a8e08a0f625cc278/url HTTP/1.1
User-Agent: selenium/4.8.1 (java windows)
Cache-Control: no-cache
Content-Type: application/json; charset=utf-8
host: localhost:23736
accept: */*

Response DefaultHttpResponse(decodeResult: success, version: HTTP/1.1)
HTTP/1.1 200 OK
Content-Length: 62
Content-Type: application/json; charset=utf-8
cache-control: no-cache

19:54:38.641 [AsyncHttpClient-1-5] DEBUG org.asynchttpclient.netty.channel.ChannelManager - Adding key: http://localhost:23736 for channel [id: 0xc17ea812, L:/127.0.0.1:56374 - R:localhost/127.0.0.1:23736]
19:54:38.641 [Forwarding screenshot on session b0b76c6cad48cff7a8e08a0f625cc278 to remote] DEBUG org.asynchttpclient.netty.request.NettyRequestSender - Using pooled Channel '[id: 0xc17ea812, L:/127.0.0.1:56374 - R:localhost/127.0.0.1:23736]' for 'GET' to 'http://localhost:23736/session/b0b76c6cad48cff7a8e08a0f625cc278/screenshot'
19:54:38.641 [Forwarding screenshot on session b0b76c6cad48cff7a8e08a0f625cc278 to remote] DEBUG org.asynchttpclient.netty.request.NettyRequestSender - Using open Channel [id: 0xc17ea812, L:/127.0.0.1:56374 - R:localhost/127.0.0.1:23736] for GET '/session/b0b76c6cad48cff7a8e08a0f625cc278/screenshot'
19:54:38.764 [AsyncHttpClient-1-5] DEBUG org.asynchttpclient.netty.handler.HttpHandler - 

Request DefaultFullHttpRequest(decodeResult: success, version: HTTP/1.1, content: EmptyByteBufBE)
GET /session/b0b76c6cad48cff7a8e08a0f625cc278/screenshot HTTP/1.1
User-Agent: selenium/4.8.1 (java windows)
Cache-Control: no-cache
Content-Type: application/json; charset=utf-8
host: localhost:23736
accept: */*

Response DefaultHttpResponse(decodeResult: success, version: HTTP/1.1)
HTTP/1.1 200 OK
Content-Length: 246732
Content-Type: application/json; charset=utf-8
cache-control: no-cache

19:54:38.765 [AsyncHttpClient-1-5] DEBUG org.asynchttpclient.netty.channel.ChannelManager - Adding key: http://localhost:23736 for channel [id: 0xc17ea812, L:/127.0.0.1:56374 - R:localhost/127.0.0.1:23736]
19:54:38.771 [main] DEBUG net.serenitybdd.core.photography.Darkroom - Send negative for processing for target\site\serenity\c4d298a3ae0edb50df43d3016c5c0de88fd83bfe00783f943f58846955bda4b0.png
19:54:38.771 [main] DEBUG net.thucydides.core.steps.StepInterceptor - STEP DONE: clickProductTitle
19:54:38.771 [Darkroom Processing Line] DEBUG net.serenitybdd.core.photography.DarkroomProcessingLine - Processing screenshot image in /var/screenshots/screenshot-10996036981211173573
19:54:38.772 [Darkroom Processing Line] DEBUG net.serenitybdd.core.photography.DarkroomProcessingLine - Saving screenshot to target\site\serenity\c4d298a3ae0edb50df43d3016c5c0de88fd83bfe00783f943f58846955bda4b0.png
19:54:38.775 [Forwarding getPageSource on session b0b76c6cad48cff7a8e08a0f625cc278 to remote] DEBUG org.asynchttpclient.netty.request.NettyRequestSender - Using pooled Channel '[id: 0xc17ea812, L:/127.0.0.1:56374 - R:localhost/127.0.0.1:23736]' for 'POST' to 'http://localhost:23736/session/b0b76c6cad48cff7a8e08a0f625cc278/execute/sync'
19:54:38.775 [Forwarding getPageSource on session b0b76c6cad48cff7a8e08a0f625cc278 to remote] DEBUG org.asynchttpclient.netty.request.NettyRequestSender - Using open Channel [id: 0xc17ea812, L:/127.0.0.1:56374 - R:localhost/127.0.0.1:23736] for POST '/session/b0b76c6cad48cff7a8e08a0f625cc278/execute/sync'
19:54:38.779 [AsyncHttpClient-1-5] DEBUG org.asynchttpclient.netty.handler.HttpHandler - 

Request DefaultHttpRequest(decodeResult: success, version: HTTP/1.1)
POST /session/b0b76c6cad48cff7a8e08a0f625cc278/execute/sync HTTP/1.1
User-Agent: selenium/4.8.1 (java windows)
Content-Length: 176
Content-Type: application/json; charset=utf-8
host: localhost:23736
accept: */*

Response DefaultHttpResponse(decodeResult: success, version: HTTP/1.1)
HTTP/1.1 200 OK
Content-Length: 12377
Content-Type: application/json; charset=utf-8
cache-control: no-cache

19:54:38.780 [AsyncHttpClient-1-5] DEBUG org.asynchttpclient.netty.channel.ChannelManager - Adding key: http://localhost:23736 for channel [id: 0xc17ea812, L:/127.0.0.1:56374 - R:localhost/127.0.0.1:23736]
19:54:38.781 [Forwarding getCurrentUrl on session b0b76c6cad48cff7a8e08a0f625cc278 to remote] DEBUG org.asynchttpclient.netty.request.NettyRequestSender - Using pooled Channel '[id: 0xc17ea812, L:/127.0.0.1:56374 - R:localhost/127.0.0.1:23736]' for 'GET' to 'http://localhost:23736/session/b0b76c6cad48cff7a8e08a0f625cc278/url'
19:54:38.781 [Forwarding getCurrentUrl on session b0b76c6cad48cff7a8e08a0f625cc278 to remote] DEBUG org.asynchttpclient.netty.request.NettyRequestSender - Using open Channel [id: 0xc17ea812, L:/127.0.0.1:56374 - R:localhost/127.0.0.1:23736] for GET '/session/b0b76c6cad48cff7a8e08a0f625cc278/url'
19:54:38.783 [AsyncHttpClient-1-5] DEBUG org.asynchttpclient.netty.handler.HttpHandler - 

Request DefaultFullHttpRequest(decodeResult: success, version: HTTP/1.1, content: EmptyByteBufBE)
GET /session/b0b76c6cad48cff7a8e08a0f625cc278/url HTTP/1.1
User-Agent: selenium/4.8.1 (java windows)
Cache-Control: no-cache
Content-Type: application/json; charset=utf-8
host: localhost:23736
accept: */*

Response DefaultHttpResponse(decodeResult: success, version: HTTP/1.1)
HTTP/1.1 200 OK
Content-Length: 62
Content-Type: application/json; charset=utf-8
cache-control: no-cache

19:54:38.783 [AsyncHttpClient-1-5] DEBUG org.asynchttpclient.netty.channel.ChannelManager - Adding key: http://localhost:23736 for channel [id: 0xc17ea812, L:/127.0.0.1:56374 - R:localhost/127.0.0.1:23736]
19:54:38.786 [main] DEBUG net.thucydides.core.steps.StepInterceptor - STARTING STEP: CheckoutSteps.addProductToCart - pressAddToCart
19:54:38.788 [Forwarding findElement on session b0b76c6cad48cff7a8e08a0f625cc278 to remote] DEBUG org.asynchttpclient.netty.request.NettyRequestSender - Using pooled Channel '[id: 0xc17ea812, L:/127.0.0.1:56374 - R:localhost/127.0.0.1:23736]' for 'POST' to 'http://localhost:23736/session/b0b76c6cad48cff7a8e08a0f625cc278/element'
19:54:38.788 [Forwarding findElement on session b0b76c6cad48cff7a8e08a0f625cc278 to remote] DEBUG org.asynchttpclient.netty.request.NettyRequestSender - Using open Channel [id: 0xc17ea812, L:/127.0.0.1:56374 - R:localhost/127.0.0.1:23736] for POST '/session/b0b76c6cad48cff7a8e08a0f625cc278/element'
19:54:38.797 [AsyncHttpClient-1-5] DEBUG org.asynchttpclient.netty.handler.HttpHandler - 

Request DefaultHttpRequest(decodeResult: success, version: HTTP/1.1)
POST /session/b0b76c6cad48cff7a8e08a0f625cc278/element HTTP/1.1
User-Agent: selenium/4.8.1 (java windows)
Content-Length: 72
Content-Type: application/json; charset=utf-8
host: localhost:23736
accept: */*

Response DefaultHttpResponse(decodeResult: success, version: HTTP/1.1)
HTTP/1.1 200 OK
Content-Length: 88
Content-Type: application/json; charset=utf-8
cache-control: no-cache

19:54:38.797 [AsyncHttpClient-1-5] DEBUG org.asynchttpclient.netty.channel.ChannelManager - Adding key: http://localhost:23736 for channel [id: 0xc17ea812, L:/127.0.0.1:56374 - R:localhost/127.0.0.1:23736]
19:54:38.799 [Forwarding getElementTagName on session b0b76c6cad48cff7a8e08a0f625cc278 to remote] DEBUG org.asynchttpclient.netty.request.NettyRequestSender - Using pooled Channel '[id: 0xc17ea812, L:/127.0.0.1:56374 - R:localhost/127.0.0.1:23736]' for 'GET' to 'http://localhost:23736/session/b0b76c6cad48cff7a8e08a0f625cc278/element/304a25ea-97e5-4573-9ee0-f01760e4dd05/name'
19:54:38.799 [Forwarding getElementTagName on session b0b76c6cad48cff7a8e08a0f625cc278 to remote] DEBUG org.asynchttpclient.netty.request.NettyRequestSender - Using open Channel [id: 0xc17ea812, L:/127.0.0.1:56374 - R:localhost/127.0.0.1:23736] for GET '/session/b0b76c6cad48cff7a8e08a0f625cc278/element/304a25ea-97e5-4573-9ee0-f01760e4dd05/name'
19:54:38.802 [AsyncHttpClient-1-5] DEBUG org.asynchttpclient.netty.handler.HttpHandler - 

Request DefaultFullHttpRequest(decodeResult: success, version: HTTP/1.1, content: EmptyByteBufBE)
GET /session/b0b76c6cad48cff7a8e08a0f625cc278/element/304a25ea-97e5-4573-9ee0-f01760e4dd05/name HTTP/1.1
User-Agent: selenium/4.8.1 (java windows)
Cache-Control: no-cache
Content-Type: application/json; charset=utf-8
host: localhost:23736
accept: */*

Response DefaultHttpResponse(decodeResult: success, version: HTTP/1.1)
HTTP/1.1 200 OK
Content-Length: 18
Content-Type: application/json; charset=utf-8
cache-control: no-cache

19:54:38.802 [AsyncHttpClient-1-5] DEBUG org.asynchttpclient.netty.channel.ChannelManager - Adding key: http://localhost:23736 for channel [id: 0xc17ea812, L:/127.0.0.1:56374 - R:localhost/127.0.0.1:23736]
19:54:38.804 [Forwarding getElementTagName on session b0b76c6cad48cff7a8e08a0f625cc278 to remote] DEBUG org.asynchttpclient.netty.request.NettyRequestSender - Using pooled Channel '[id: 0xc17ea812, L:/127.0.0.1:56374 - R:localhost/127.0.0.1:23736]' for 'GET' to 'http://localhost:23736/session/b0b76c6cad48cff7a8e08a0f625cc278/element/304a25ea-97e5-4573-9ee0-f01760e4dd05/name'
19:54:38.804 [Forwarding getElementTagName on session b0b76c6cad48cff7a8e08a0f625cc278 to remote] DEBUG org.asynchttpclient.netty.request.NettyRequestSender - Using open Channel [id: 0xc17ea812, L:/127.0.0.1:56374 - R:localhost/127.0.0.1:23736] for GET '/session/b0b76c6cad48cff7a8e08a0f625cc278/element/304a25ea-97e5-4573-9ee0-f01760e4dd05/name'
19:54:38.805 [AsyncHttpClient-1-5] DEBUG org.asynchttpclient.netty.handler.HttpHandler - 

Request DefaultFullHttpRequest(decodeResult: success, version: HTTP/1.1, content: EmptyByteBufBE)
GET /session/b0b76c6cad48cff7a8e08a0f625cc278/element/304a25ea-97e5-4573-9ee0-f01760e4dd05/name HTTP/1.1
User-Agent: selenium/4.8.1 (java windows)
Cache-Control: no-cache
Content-Type: application/json; charset=utf-8
host: localhost:23736
accept: */*

Response DefaultHttpResponse(decodeResult: success, version: HTTP/1.1)
HTTP/1.1 200 OK
Content-Length: 18
Content-Type: application/json; charset=utf-8
cache-control: no-cache

19:54:38.805 [AsyncHttpClient-1-5] DEBUG org.asynchttpclient.netty.channel.ChannelManager - Adding key: http://localhost:23736 for channel [id: 0xc17ea812, L:/127.0.0.1:56374 - R:localhost/127.0.0.1:23736]
19:54:38.807 [Forwarding isElementEnabled on session b0b76c6cad48cff7a8e08a0f625cc278 to remote] DEBUG org.asynchttpclient.netty.request.NettyRequestSender - Using pooled Channel '[id: 0xc17ea812, L:/127.0.0.1:56374 - R:localhost/127.0.0.1:23736]' for 'GET' to 'http://localhost:23736/session/b0b76c6cad48cff7a8e08a0f625cc278/element/304a25ea-97e5-4573-9ee0-f01760e4dd05/enabled'
19:54:38.807 [Forwarding isElementEnabled on session b0b76c6cad48cff7a8e08a0f625cc278 to remote] DEBUG org.asynchttpclient.netty.request.NettyRequestSender - Using open Channel [id: 0xc17ea812, L:/127.0.0.1:56374 - R:localhost/127.0.0.1:23736] for GET '/session/b0b76c6cad48cff7a8e08a0f625cc278/element/304a25ea-97e5-4573-9ee0-f01760e4dd05/enabled'
19:54:38.813 [AsyncHttpClient-1-5] DEBUG org.asynchttpclient.netty.handler.HttpHandler - 

Request DefaultFullHttpRequest(decodeResult: success, version: HTTP/1.1, content: EmptyByteBufBE)
GET /session/b0b76c6cad48cff7a8e08a0f625cc278/element/304a25ea-97e5-4573-9ee0-f01760e4dd05/enabled HTTP/1.1
User-Agent: selenium/4.8.1 (java windows)
Cache-Control: no-cache
Content-Type: application/json; charset=utf-8
host: localhost:23736
accept: */*

Response DefaultHttpResponse(decodeResult: success, version: HTTP/1.1)
HTTP/1.1 200 OK
Content-Length: 14
Content-Type: application/json; charset=utf-8
cache-control: no-cache

19:54:38.813 [AsyncHttpClient-1-5] DEBUG org.asynchttpclient.netty.channel.ChannelManager - Adding key: http://localhost:23736 for channel [id: 0xc17ea812, L:/127.0.0.1:56374 - R:localhost/127.0.0.1:23736]
19:54:38.814 [Forwarding isElementEnabled on session b0b76c6cad48cff7a8e08a0f625cc278 to remote] DEBUG org.asynchttpclient.netty.request.NettyRequestSender - Using pooled Channel '[id: 0xc17ea812, L:/127.0.0.1:56374 - R:localhost/127.0.0.1:23736]' for 'GET' to 'http://localhost:23736/session/b0b76c6cad48cff7a8e08a0f625cc278/element/304a25ea-97e5-4573-9ee0-f01760e4dd05/enabled'
19:54:38.814 [Forwarding isElementEnabled on session b0b76c6cad48cff7a8e08a0f625cc278 to remote] DEBUG org.asynchttpclient.netty.request.NettyRequestSender - Using open Channel [id: 0xc17ea812, L:/127.0.0.1:56374 - R:localhost/127.0.0.1:23736] for GET '/session/b0b76c6cad48cff7a8e08a0f625cc278/element/304a25ea-97e5-4573-9ee0-f01760e4dd05/enabled'
19:54:38.818 [AsyncHttpClient-1-5] DEBUG org.asynchttpclient.netty.handler.HttpHandler - 

Request DefaultFullHttpRequest(decodeResult: success, version: HTTP/1.1, content: EmptyByteBufBE)
GET /session/b0b76c6cad48cff7a8e08a0f625cc278/element/304a25ea-97e5-4573-9ee0-f01760e4dd05/enabled HTTP/1.1
User-Agent: selenium/4.8.1 (java windows)
Cache-Control: no-cache
Content-Type: application/json; charset=utf-8
host: localhost:23736
accept: */*

Response DefaultHttpResponse(decodeResult: success, version: HTTP/1.1)
HTTP/1.1 200 OK
Content-Length: 14
Content-Type: application/json; charset=utf-8
cache-control: no-cache

19:54:38.818 [AsyncHttpClient-1-5] DEBUG org.asynchttpclient.netty.channel.ChannelManager - Adding key: http://localhost:23736 for channel [id: 0xc17ea812, L:/127.0.0.1:56374 - R:localhost/127.0.0.1:23736]
19:54:38.820 [Forwarding findElement on session b0b76c6cad48cff7a8e08a0f625cc278 to remote] DEBUG org.asynchttpclient.netty.request.NettyRequestSender - Using pooled Channel '[id: 0xc17ea812, L:/127.0.0.1:56374 - R:localhost/127.0.0.1:23736]' for 'POST' to 'http://localhost:23736/session/b0b76c6cad48cff7a8e08a0f625cc278/element'
19:54:38.820 [Forwarding findElement on session b0b76c6cad48cff7a8e08a0f625cc278 to remote] DEBUG org.asynchttpclient.netty.request.NettyRequestSender - Using open Channel [id: 0xc17ea812, L:/127.0.0.1:56374 - R:localhost/127.0.0.1:23736] for POST '/session/b0b76c6cad48cff7a8e08a0f625cc278/element'
19:54:38.824 [AsyncHttpClient-1-5] DEBUG org.asynchttpclient.netty.handler.HttpHandler - 

Request DefaultHttpRequest(decodeResult: success, version: HTTP/1.1)
POST /session/b0b76c6cad48cff7a8e08a0f625cc278/element HTTP/1.1
User-Agent: selenium/4.8.1 (java windows)
Content-Length: 72
Content-Type: application/json; charset=utf-8
host: localhost:23736
accept: */*

Response DefaultHttpResponse(decodeResult: success, version: HTTP/1.1)
HTTP/1.1 200 OK
Content-Length: 88
Content-Type: application/json; charset=utf-8
cache-control: no-cache

19:54:38.824 [AsyncHttpClient-1-5] DEBUG org.asynchttpclient.netty.channel.ChannelManager - Adding key: http://localhost:23736 for channel [id: 0xc17ea812, L:/127.0.0.1:56374 - R:localhost/127.0.0.1:23736]
19:54:38.826 [Forwarding clickElement on session b0b76c6cad48cff7a8e08a0f625cc278 to remote] DEBUG org.asynchttpclient.netty.request.NettyRequestSender - Using pooled Channel '[id: 0xc17ea812, L:/127.0.0.1:56374 - R:localhost/127.0.0.1:23736]' for 'POST' to 'http://localhost:23736/session/b0b76c6cad48cff7a8e08a0f625cc278/element/304a25ea-97e5-4573-9ee0-f01760e4dd05/click'
19:54:38.826 [Forwarding clickElement on session b0b76c6cad48cff7a8e08a0f625cc278 to remote] DEBUG org.asynchttpclient.netty.request.NettyRequestSender - Using open Channel [id: 0xc17ea812, L:/127.0.0.1:56374 - R:localhost/127.0.0.1:23736] for POST '/session/b0b76c6cad48cff7a8e08a0f625cc278/element/304a25ea-97e5-4573-9ee0-f01760e4dd05/click'
19:54:38.852 [AsyncHttpClient-1-5] DEBUG org.asynchttpclient.netty.handler.HttpHandler - 

Request DefaultHttpRequest(decodeResult: success, version: HTTP/1.1)
POST /session/b0b76c6cad48cff7a8e08a0f625cc278/element/304a25ea-97e5-4573-9ee0-f01760e4dd05/click HTTP/1.1
User-Agent: selenium/4.8.1 (java windows)
Content-Length: 50
Content-Type: application/json; charset=utf-8
host: localhost:23736
accept: */*

Response DefaultHttpResponse(decodeResult: success, version: HTTP/1.1)
HTTP/1.1 200 OK
Content-Length: 14
Content-Type: application/json; charset=utf-8
cache-control: no-cache

19:54:38.852 [AsyncHttpClient-1-5] DEBUG org.asynchttpclient.netty.channel.ChannelManager - Adding key: http://localhost:23736 for channel [id: 0xc17ea812, L:/127.0.0.1:56374 - R:localhost/127.0.0.1:23736]
19:54:38.855 [Forwarding getAlertText on session b0b76c6cad48cff7a8e08a0f625cc278 to remote] DEBUG org.asynchttpclient.netty.request.NettyRequestSender - Using pooled Channel '[id: 0xc17ea812, L:/127.0.0.1:56374 - R:localhost/127.0.0.1:23736]' for 'GET' to 'http://localhost:23736/session/b0b76c6cad48cff7a8e08a0f625cc278/alert/text'
19:54:38.855 [Forwarding getAlertText on session b0b76c6cad48cff7a8e08a0f625cc278 to remote] DEBUG org.asynchttpclient.netty.request.NettyRequestSender - Using open Channel [id: 0xc17ea812, L:/127.0.0.1:56374 - R:localhost/127.0.0.1:23736] for GET '/session/b0b76c6cad48cff7a8e08a0f625cc278/alert/text'
19:54:38.857 [AsyncHttpClient-1-5] DEBUG org.asynchttpclient.netty.handler.HttpHandler - 

Request DefaultFullHttpRequest(decodeResult: success, version: HTTP/1.1, content: EmptyByteBufBE)
GET /session/b0b76c6cad48cff7a8e08a0f625cc278/alert/text HTTP/1.1
User-Agent: selenium/4.8.1 (java windows)
Cache-Control: no-cache
Content-Type: application/json; charset=utf-8
host: localhost:23736
accept: */*

Response DefaultHttpResponse(decodeResult: success, version: HTTP/1.1)
HTTP/1.1 404 Not Found
Content-Length: 816
Content-Type: application/json; charset=utf-8
cache-control: no-cache

19:54:38.857 [AsyncHttpClient-1-5] DEBUG org.asynchttpclient.netty.channel.ChannelManager - Adding key: http://localhost:23736 for channel [id: 0xc17ea812, L:/127.0.0.1:56374 - R:localhost/127.0.0.1:23736]
19:54:38.858 [Forwarding getCurrentUrl on session b0b76c6cad48cff7a8e08a0f625cc278 to remote] DEBUG org.asynchttpclient.netty.request.NettyRequestSender - Using pooled Channel '[id: 0xc17ea812, L:/127.0.0.1:56374 - R:localhost/127.0.0.1:23736]' for 'GET' to 'http://localhost:23736/session/b0b76c6cad48cff7a8e08a0f625cc278/url'
19:54:38.858 [Forwarding getCurrentUrl on session b0b76c6cad48cff7a8e08a0f625cc278 to remote] DEBUG org.asynchttpclient.netty.request.NettyRequestSender - Using open Channel [id: 0xc17ea812, L:/127.0.0.1:56374 - R:localhost/127.0.0.1:23736] for GET '/session/b0b76c6cad48cff7a8e08a0f625cc278/url'
19:54:38.861 [AsyncHttpClient-1-5] DEBUG org.asynchttpclient.netty.handler.HttpHandler - 

Request DefaultFullHttpRequest(decodeResult: success, version: HTTP/1.1, content: EmptyByteBufBE)
GET /session/b0b76c6cad48cff7a8e08a0f625cc278/url HTTP/1.1
User-Agent: selenium/4.8.1 (java windows)
Cache-Control: no-cache
Content-Type: application/json; charset=utf-8
host: localhost:23736
accept: */*

Response DefaultHttpResponse(decodeResult: success, version: HTTP/1.1)
HTTP/1.1 200 OK
Content-Length: 62
Content-Type: application/json; charset=utf-8
cache-control: no-cache

19:54:38.861 [AsyncHttpClient-1-5] DEBUG org.asynchttpclient.netty.channel.ChannelManager - Adding key: http://localhost:23736 for channel [id: 0xc17ea812, L:/127.0.0.1:56374 - R:localhost/127.0.0.1:23736]
19:54:38.861 [Forwarding screenshot on session b0b76c6cad48cff7a8e08a0f625cc278 to remote] DEBUG org.asynchttpclient.netty.request.NettyRequestSender - Using pooled Channel '[id: 0xc17ea812, L:/127.0.0.1:56374 - R:localhost/127.0.0.1:23736]' for 'GET' to 'http://localhost:23736/session/b0b76c6cad48cff7a8e08a0f625cc278/screenshot'
19:54:38.861 [Forwarding screenshot on session b0b76c6cad48cff7a8e08a0f625cc278 to remote] DEBUG org.asynchttpclient.netty.request.NettyRequestSender - Using open Channel [id: 0xc17ea812, L:/127.0.0.1:56374 - R:localhost/127.0.0.1:23736] for GET '/session/b0b76c6cad48cff7a8e08a0f625cc278/screenshot'
19:54:38.913 [AsyncHttpClient-1-1] DEBUG org.asynchttpclient.netty.channel.DefaultChannelPool - Entry count for : http://localhost:56375 : 1
19:54:39.001 [AsyncHttpClient-1-5] DEBUG org.asynchttpclient.netty.handler.HttpHandler - 

Request DefaultFullHttpRequest(decodeResult: success, version: HTTP/1.1, content: EmptyByteBufBE)
GET /session/b0b76c6cad48cff7a8e08a0f625cc278/screenshot HTTP/1.1
User-Agent: selenium/4.8.1 (java windows)
Cache-Control: no-cache
Content-Type: application/json; charset=utf-8
host: localhost:23736
accept: */*

Response DefaultHttpResponse(decodeResult: success, version: HTTP/1.1)
HTTP/1.1 200 OK
Content-Length: 246072
Content-Type: application/json; charset=utf-8
cache-control: no-cache

19:54:39.001 [AsyncHttpClient-1-5] DEBUG org.asynchttpclient.netty.channel.ChannelManager - Adding key: http://localhost:23736 for channel [id: 0xc17ea812, L:/127.0.0.1:56374 - R:localhost/127.0.0.1:23736]
19:54:39.005 [main] DEBUG net.serenitybdd.core.photography.Darkroom - Send negative for processing for target\site\serenity\f0b55477aa5ba4fd189eb869ec681d2ebb5391755842d76a6983bef37b1fac7f.png
19:54:39.005 [main] DEBUG net.thucydides.core.steps.StepInterceptor - STEP DONE: pressAddToCart
19:54:39.005 [Darkroom Processing Line] DEBUG net.serenitybdd.core.photography.DarkroomProcessingLine - Processing screenshot image in /var/screenshots/screenshot-5160987951917594316
19:54:39.005 [Darkroom Processing Line] DEBUG net.serenitybdd.core.photography.DarkroomProcessingLine - Saving screenshot to target\site\serenity\f0b55477aa5ba4fd189eb869ec681d2ebb5391755842d76a6983bef37b1fac7f.png
19:54:39.009 [Forwarding getPageSource on session b0b76c6cad48cff7a8e08a0f625cc278 to remote] DEBUG org.asynchttpclient.netty.request.NettyRequestSender - Using pooled Channel '[id: 0xc17ea812, L:/127.0.0.1:56374 - R:localhost/127.0.0.1:23736]' for 'POST' to 'http://localhost:23736/session/b0b76c6cad48cff7a8e08a0f625cc278/execute/sync'
19:54:39.009 [Forwarding getPageSource on session b0b76c6cad48cff7a8e08a0f625cc278 to remote] DEBUG org.asynchttpclient.netty.request.NettyRequestSender - Using open Channel [id: 0xc17ea812, L:/127.0.0.1:56374 - R:localhost/127.0.0.1:23736] for POST '/session/b0b76c6cad48cff7a8e08a0f625cc278/execute/sync'
19:54:39.013 [AsyncHttpClient-1-5] DEBUG org.asynchttpclient.netty.handler.HttpHandler - 

Request DefaultHttpRequest(decodeResult: success, version: HTTP/1.1)
POST /session/b0b76c6cad48cff7a8e08a0f625cc278/execute/sync HTTP/1.1
User-Agent: selenium/4.8.1 (java windows)
Content-Length: 176
Content-Type: application/json; charset=utf-8
host: localhost:23736
accept: */*

Response DefaultHttpResponse(decodeResult: success, version: HTTP/1.1)
HTTP/1.1 200 OK
Content-Length: 12413
Content-Type: application/json; charset=utf-8
cache-control: no-cache

19:54:39.013 [AsyncHttpClient-1-5] DEBUG org.asynchttpclient.netty.channel.ChannelManager - Adding key: http://localhost:23736 for channel [id: 0xc17ea812, L:/127.0.0.1:56374 - R:localhost/127.0.0.1:23736]
19:54:39.015 [Forwarding getCurrentUrl on session b0b76c6cad48cff7a8e08a0f625cc278 to remote] DEBUG org.asynchttpclient.netty.request.NettyRequestSender - Using pooled Channel '[id: 0xc17ea812, L:/127.0.0.1:56374 - R:localhost/127.0.0.1:23736]' for 'GET' to 'http://localhost:23736/session/b0b76c6cad48cff7a8e08a0f625cc278/url'
19:54:39.015 [Forwarding getCurrentUrl on session b0b76c6cad48cff7a8e08a0f625cc278 to remote] DEBUG org.asynchttpclient.netty.request.NettyRequestSender - Using open Channel [id: 0xc17ea812, L:/127.0.0.1:56374 - R:localhost/127.0.0.1:23736] for GET '/session/b0b76c6cad48cff7a8e08a0f625cc278/url'
19:54:39.018 [AsyncHttpClient-1-5] DEBUG org.asynchttpclient.netty.handler.HttpHandler - 

Request DefaultFullHttpRequest(decodeResult: success, version: HTTP/1.1, content: EmptyByteBufBE)
GET /session/b0b76c6cad48cff7a8e08a0f625cc278/url HTTP/1.1
User-Agent: selenium/4.8.1 (java windows)
Cache-Control: no-cache
Content-Type: application/json; charset=utf-8
host: localhost:23736
accept: */*

Response DefaultHttpResponse(decodeResult: success, version: HTTP/1.1)
HTTP/1.1 200 OK
Content-Length: 62
Content-Type: application/json; charset=utf-8
cache-control: no-cache

19:54:39.018 [AsyncHttpClient-1-5] DEBUG org.asynchttpclient.netty.channel.ChannelManager - Adding key: http://localhost:23736 for channel [id: 0xc17ea812, L:/127.0.0.1:56374 - R:localhost/127.0.0.1:23736]
19:54:39.020 [main] DEBUG net.thucydides.core.steps.StepInterceptor - STARTING STEP: CheckoutSteps.addProductToCart - clickCartButton
19:54:39.022 [Forwarding findElement on session b0b76c6cad48cff7a8e08a0f625cc278 to remote] DEBUG org.asynchttpclient.netty.request.NettyRequestSender - Using pooled Channel '[id: 0xc17ea812, L:/127.0.0.1:56374 - R:localhost/127.0.0.1:23736]' for 'POST' to 'http://localhost:23736/session/b0b76c6cad48cff7a8e08a0f625cc278/element'
19:54:39.022 [Forwarding findElement on session b0b76c6cad48cff7a8e08a0f625cc278 to remote] DEBUG org.asynchttpclient.netty.request.NettyRequestSender - Using open Channel [id: 0xc17ea812, L:/127.0.0.1:56374 - R:localhost/127.0.0.1:23736] for POST '/session/b0b76c6cad48cff7a8e08a0f625cc278/element'
19:54:39.031 [AsyncHttpClient-1-5] DEBUG org.asynchttpclient.netty.handler.HttpHandler - 

Request DefaultHttpRequest(decodeResult: success, version: HTTP/1.1)
POST /session/b0b76c6cad48cff7a8e08a0f625cc278/element HTTP/1.1
User-Agent: selenium/4.8.1 (java windows)
Content-Length: 63
Content-Type: application/json; charset=utf-8
host: localhost:23736
accept: */*

Response DefaultHttpResponse(decodeResult: success, version: HTTP/1.1)
HTTP/1.1 200 OK
Content-Length: 88
Content-Type: application/json; charset=utf-8
cache-control: no-cache

19:54:39.031 [AsyncHttpClient-1-5] DEBUG org.asynchttpclient.netty.channel.ChannelManager - Adding key: http://localhost:23736 for channel [id: 0xc17ea812, L:/127.0.0.1:56374 - R:localhost/127.0.0.1:23736]
19:54:39.032 [Forwarding getElementTagName on session b0b76c6cad48cff7a8e08a0f625cc278 to remote] DEBUG org.asynchttpclient.netty.request.NettyRequestSender - Using pooled Channel '[id: 0xc17ea812, L:/127.0.0.1:56374 - R:localhost/127.0.0.1:23736]' for 'GET' to 'http://localhost:23736/session/b0b76c6cad48cff7a8e08a0f625cc278/element/46944087-183f-477c-af35-6f77b9d5fac1/name'
19:54:39.032 [Forwarding getElementTagName on session b0b76c6cad48cff7a8e08a0f625cc278 to remote] DEBUG org.asynchttpclient.netty.request.NettyRequestSender - Using open Channel [id: 0xc17ea812, L:/127.0.0.1:56374 - R:localhost/127.0.0.1:23736] for GET '/session/b0b76c6cad48cff7a8e08a0f625cc278/element/46944087-183f-477c-af35-6f77b9d5fac1/name'
19:54:39.035 [AsyncHttpClient-1-5] DEBUG org.asynchttpclient.netty.handler.HttpHandler - 

Request DefaultFullHttpRequest(decodeResult: success, version: HTTP/1.1, content: EmptyByteBufBE)
GET /session/b0b76c6cad48cff7a8e08a0f625cc278/element/46944087-183f-477c-af35-6f77b9d5fac1/name HTTP/1.1
User-Agent: selenium/4.8.1 (java windows)
Cache-Control: no-cache
Content-Type: application/json; charset=utf-8
host: localhost:23736
accept: */*

Response DefaultHttpResponse(decodeResult: success, version: HTTP/1.1)
HTTP/1.1 200 OK
Content-Length: 13
Content-Type: application/json; charset=utf-8
cache-control: no-cache

19:54:39.035 [AsyncHttpClient-1-5] DEBUG org.asynchttpclient.netty.channel.ChannelManager - Adding key: http://localhost:23736 for channel [id: 0xc17ea812, L:/127.0.0.1:56374 - R:localhost/127.0.0.1:23736]
19:54:39.036 [Forwarding getElementTagName on session b0b76c6cad48cff7a8e08a0f625cc278 to remote] DEBUG org.asynchttpclient.netty.request.NettyRequestSender - Using pooled Channel '[id: 0xc17ea812, L:/127.0.0.1:56374 - R:localhost/127.0.0.1:23736]' for 'GET' to 'http://localhost:23736/session/b0b76c6cad48cff7a8e08a0f625cc278/element/46944087-183f-477c-af35-6f77b9d5fac1/name'
19:54:39.036 [Forwarding getElementTagName on session b0b76c6cad48cff7a8e08a0f625cc278 to remote] DEBUG org.asynchttpclient.netty.request.NettyRequestSender - Using open Channel [id: 0xc17ea812, L:/127.0.0.1:56374 - R:localhost/127.0.0.1:23736] for GET '/session/b0b76c6cad48cff7a8e08a0f625cc278/element/46944087-183f-477c-af35-6f77b9d5fac1/name'
19:54:39.038 [AsyncHttpClient-1-5] DEBUG org.asynchttpclient.netty.handler.HttpHandler - 

Request DefaultFullHttpRequest(decodeResult: success, version: HTTP/1.1, content: EmptyByteBufBE)
GET /session/b0b76c6cad48cff7a8e08a0f625cc278/element/46944087-183f-477c-af35-6f77b9d5fac1/name HTTP/1.1
User-Agent: selenium/4.8.1 (java windows)
Cache-Control: no-cache
Content-Type: application/json; charset=utf-8
host: localhost:23736
accept: */*

Response DefaultHttpResponse(decodeResult: success, version: HTTP/1.1)
HTTP/1.1 200 OK
Content-Length: 13
Content-Type: application/json; charset=utf-8
cache-control: no-cache

19:54:39.038 [AsyncHttpClient-1-5] DEBUG org.asynchttpclient.netty.channel.ChannelManager - Adding key: http://localhost:23736 for channel [id: 0xc17ea812, L:/127.0.0.1:56374 - R:localhost/127.0.0.1:23736]
19:54:39.039 [Forwarding findElement on session b0b76c6cad48cff7a8e08a0f625cc278 to remote] DEBUG org.asynchttpclient.netty.request.NettyRequestSender - Using pooled Channel '[id: 0xc17ea812, L:/127.0.0.1:56374 - R:localhost/127.0.0.1:23736]' for 'POST' to 'http://localhost:23736/session/b0b76c6cad48cff7a8e08a0f625cc278/element'
19:54:39.039 [Forwarding findElement on session b0b76c6cad48cff7a8e08a0f625cc278 to remote] DEBUG org.asynchttpclient.netty.request.NettyRequestSender - Using open Channel [id: 0xc17ea812, L:/127.0.0.1:56374 - R:localhost/127.0.0.1:23736] for POST '/session/b0b76c6cad48cff7a8e08a0f625cc278/element'
19:54:39.044 [AsyncHttpClient-1-5] DEBUG org.asynchttpclient.netty.handler.HttpHandler - 

Request DefaultHttpRequest(decodeResult: success, version: HTTP/1.1)
POST /session/b0b76c6cad48cff7a8e08a0f625cc278/element HTTP/1.1
User-Agent: selenium/4.8.1 (java windows)
Content-Length: 63
Content-Type: application/json; charset=utf-8
host: localhost:23736
accept: */*

Response DefaultHttpResponse(decodeResult: success, version: HTTP/1.1)
HTTP/1.1 200 OK
Content-Length: 88
Content-Type: application/json; charset=utf-8
cache-control: no-cache

19:54:39.044 [AsyncHttpClient-1-5] DEBUG org.asynchttpclient.netty.channel.ChannelManager - Adding key: http://localhost:23736 for channel [id: 0xc17ea812, L:/127.0.0.1:56374 - R:localhost/127.0.0.1:23736]
19:54:39.045 [Forwarding clickElement on session b0b76c6cad48cff7a8e08a0f625cc278 to remote] DEBUG org.asynchttpclient.netty.request.NettyRequestSender - Using pooled Channel '[id: 0xc17ea812, L:/127.0.0.1:56374 - R:localhost/127.0.0.1:23736]' for 'POST' to 'http://localhost:23736/session/b0b76c6cad48cff7a8e08a0f625cc278/element/46944087-183f-477c-af35-6f77b9d5fac1/click'
19:54:39.045 [Forwarding clickElement on session b0b76c6cad48cff7a8e08a0f625cc278 to remote] DEBUG org.asynchttpclient.netty.request.NettyRequestSender - Using open Channel [id: 0xc17ea812, L:/127.0.0.1:56374 - R:localhost/127.0.0.1:23736] for POST '/session/b0b76c6cad48cff7a8e08a0f625cc278/element/46944087-183f-477c-af35-6f77b9d5fac1/click'
19:54:39.075 [AsyncHttpClient-1-5] DEBUG org.asynchttpclient.netty.handler.HttpHandler - 

Request DefaultHttpRequest(decodeResult: success, version: HTTP/1.1)
POST /session/b0b76c6cad48cff7a8e08a0f625cc278/element/46944087-183f-477c-af35-6f77b9d5fac1/click HTTP/1.1
User-Agent: selenium/4.8.1 (java windows)
Content-Length: 50
Content-Type: application/json; charset=utf-8
host: localhost:23736
accept: */*

Response DefaultHttpResponse(decodeResult: success, version: HTTP/1.1)
HTTP/1.1 200 OK
Content-Length: 14
Content-Type: application/json; charset=utf-8
cache-control: no-cache

19:54:39.075 [AsyncHttpClient-1-5] DEBUG org.asynchttpclient.netty.channel.ChannelManager - Adding key: http://localhost:23736 for channel [id: 0xc17ea812, L:/127.0.0.1:56374 - R:localhost/127.0.0.1:23736]
19:54:39.081 [Forwarding getAlertText on session b0b76c6cad48cff7a8e08a0f625cc278 to remote] DEBUG org.asynchttpclient.netty.request.NettyRequestSender - Using pooled Channel '[id: 0xc17ea812, L:/127.0.0.1:56374 - R:localhost/127.0.0.1:23736]' for 'GET' to 'http://localhost:23736/session/b0b76c6cad48cff7a8e08a0f625cc278/alert/text'
19:54:39.081 [Forwarding getAlertText on session b0b76c6cad48cff7a8e08a0f625cc278 to remote] DEBUG org.asynchttpclient.netty.request.NettyRequestSender - Using open Channel [id: 0xc17ea812, L:/127.0.0.1:56374 - R:localhost/127.0.0.1:23736] for GET '/session/b0b76c6cad48cff7a8e08a0f625cc278/alert/text'
19:54:39.083 [AsyncHttpClient-1-5] DEBUG org.asynchttpclient.netty.handler.HttpHandler - 

Request DefaultFullHttpRequest(decodeResult: success, version: HTTP/1.1, content: EmptyByteBufBE)
GET /session/b0b76c6cad48cff7a8e08a0f625cc278/alert/text HTTP/1.1
User-Agent: selenium/4.8.1 (java windows)
Cache-Control: no-cache
Content-Type: application/json; charset=utf-8
host: localhost:23736
accept: */*

Response DefaultHttpResponse(decodeResult: success, version: HTTP/1.1)
HTTP/1.1 404 Not Found
Content-Length: 816
Content-Type: application/json; charset=utf-8
cache-control: no-cache

19:54:39.083 [AsyncHttpClient-1-5] DEBUG org.asynchttpclient.netty.channel.ChannelManager - Adding key: http://localhost:23736 for channel [id: 0xc17ea812, L:/127.0.0.1:56374 - R:localhost/127.0.0.1:23736]
19:54:39.083 [Forwarding getCurrentUrl on session b0b76c6cad48cff7a8e08a0f625cc278 to remote] DEBUG org.asynchttpclient.netty.request.NettyRequestSender - Using pooled Channel '[id: 0xc17ea812, L:/127.0.0.1:56374 - R:localhost/127.0.0.1:23736]' for 'GET' to 'http://localhost:23736/session/b0b76c6cad48cff7a8e08a0f625cc278/url'
19:54:39.083 [Forwarding getCurrentUrl on session b0b76c6cad48cff7a8e08a0f625cc278 to remote] DEBUG org.asynchttpclient.netty.request.NettyRequestSender - Using open Channel [id: 0xc17ea812, L:/127.0.0.1:56374 - R:localhost/127.0.0.1:23736] for GET '/session/b0b76c6cad48cff7a8e08a0f625cc278/url'
19:54:39.086 [AsyncHttpClient-1-5] DEBUG org.asynchttpclient.netty.handler.HttpHandler - 

Request DefaultFullHttpRequest(decodeResult: success, version: HTTP/1.1, content: EmptyByteBufBE)
GET /session/b0b76c6cad48cff7a8e08a0f625cc278/url HTTP/1.1
User-Agent: selenium/4.8.1 (java windows)
Cache-Control: no-cache
Content-Type: application/json; charset=utf-8
host: localhost:23736
accept: */*

Response DefaultHttpResponse(decodeResult: success, version: HTTP/1.1)
HTTP/1.1 200 OK
Content-Length: 47
Content-Type: application/json; charset=utf-8
cache-control: no-cache

19:54:39.086 [AsyncHttpClient-1-5] DEBUG org.asynchttpclient.netty.channel.ChannelManager - Adding key: http://localhost:23736 for channel [id: 0xc17ea812, L:/127.0.0.1:56374 - R:localhost/127.0.0.1:23736]
19:54:39.086 [Forwarding screenshot on session b0b76c6cad48cff7a8e08a0f625cc278 to remote] DEBUG org.asynchttpclient.netty.request.NettyRequestSender - Using pooled Channel '[id: 0xc17ea812, L:/127.0.0.1:56374 - R:localhost/127.0.0.1:23736]' for 'GET' to 'http://localhost:23736/session/b0b76c6cad48cff7a8e08a0f625cc278/screenshot'
19:54:39.086 [Forwarding screenshot on session b0b76c6cad48cff7a8e08a0f625cc278 to remote] DEBUG org.asynchttpclient.netty.request.NettyRequestSender - Using open Channel [id: 0xc17ea812, L:/127.0.0.1:56374 - R:localhost/127.0.0.1:23736] for GET '/session/b0b76c6cad48cff7a8e08a0f625cc278/screenshot'
19:54:39.195 [AsyncHttpClient-1-5] DEBUG org.asynchttpclient.netty.handler.HttpHandler - 

Request DefaultFullHttpRequest(decodeResult: success, version: HTTP/1.1, content: EmptyByteBufBE)
GET /session/b0b76c6cad48cff7a8e08a0f625cc278/screenshot HTTP/1.1
User-Agent: selenium/4.8.1 (java windows)
Cache-Control: no-cache
Content-Type: application/json; charset=utf-8
host: localhost:23736
accept: */*

Response DefaultHttpResponse(decodeResult: success, version: HTTP/1.1)
HTTP/1.1 200 OK
Content-Length: 94844
Content-Type: application/json; charset=utf-8
cache-control: no-cache

19:54:39.196 [AsyncHttpClient-1-5] DEBUG org.asynchttpclient.netty.channel.ChannelManager - Adding key: http://localhost:23736 for channel [id: 0xc17ea812, L:/127.0.0.1:56374 - R:localhost/127.0.0.1:23736]
19:54:39.198 [main] DEBUG net.serenitybdd.core.photography.Darkroom - Send negative for processing for target\site\serenity\ee8a237c6a7206c781e51a64ee24d075411132d2098af18c5e04ba7b3e846ddc.png
19:54:39.198 [main] DEBUG net.thucydides.core.steps.StepInterceptor - STEP DONE: clickCartButton
  &amp#27;[32mAnd &amp#27;[0m&amp#27;[32mI already have product &amp#27;[0m&amp#27;[32m&amp#27;[1m"Sauce Labs Backpack"&amp#27;[0m&amp#27;[32m on Cart&amp#27;[0m            &amp#27;[90m# starter.stepDefinitions.CheckoutSteps.addProductToCart(java.lang.String)&amp#27;[0m
19:54:39.198 [Darkroom Processing Line] DEBUG net.serenitybdd.core.photography.DarkroomProcessingLine - Processing screenshot image in /var/screenshots/screenshot-1087799440576604165
19:54:39.198 [Darkroom Processing Line] DEBUG net.serenitybdd.core.photography.DarkroomProcessingLine - Saving screenshot to target\site\serenity\ee8a237c6a7206c781e51a64ee24d075411132d2098af18c5e04ba7b3e846ddc.png
19:54:39.204 [Forwarding getPageSource on session b0b76c6cad48cff7a8e08a0f625cc278 to remote] DEBUG org.asynchttpclient.netty.request.NettyRequestSender - Using pooled Channel '[id: 0xc17ea812, L:/127.0.0.1:56374 - R:localhost/127.0.0.1:23736]' for 'POST' to 'http://localhost:23736/session/b0b76c6cad48cff7a8e08a0f625cc278/execute/sync'
19:54:39.204 [Forwarding getPageSource on session b0b76c6cad48cff7a8e08a0f625cc278 to remote] DEBUG org.asynchttpclient.netty.request.NettyRequestSender - Using open Channel [id: 0xc17ea812, L:/127.0.0.1:56374 - R:localhost/127.0.0.1:23736] for POST '/session/b0b76c6cad48cff7a8e08a0f625cc278/execute/sync'
19:54:39.208 [AsyncHttpClient-1-5] DEBUG org.asynchttpclient.netty.handler.HttpHandler - 

Request DefaultHttpRequest(decodeResult: success, version: HTTP/1.1)
POST /session/b0b76c6cad48cff7a8e08a0f625cc278/execute/sync HTTP/1.1
User-Agent: selenium/4.8.1 (java windows)
Content-Length: 176
Content-Type: application/json; charset=utf-8
host: localhost:23736
accept: */*

Response DefaultHttpResponse(decodeResult: success, version: HTTP/1.1)
HTTP/1.1 200 OK
Content-Length: 12588
Content-Type: application/json; charset=utf-8
cache-control: no-cache

19:54:39.208 [AsyncHttpClient-1-5] DEBUG org.asynchttpclient.netty.channel.ChannelManager - Adding key: http://localhost:23736 for channel [id: 0xc17ea812, L:/127.0.0.1:56374 - R:localhost/127.0.0.1:23736]
19:54:39.209 [Forwarding getCurrentUrl on session b0b76c6cad48cff7a8e08a0f625cc278 to remote] DEBUG org.asynchttpclient.netty.request.NettyRequestSender - Using pooled Channel '[id: 0xc17ea812, L:/127.0.0.1:56374 - R:localhost/127.0.0.1:23736]' for 'GET' to 'http://localhost:23736/session/b0b76c6cad48cff7a8e08a0f625cc278/url'
19:54:39.209 [Forwarding getCurrentUrl on session b0b76c6cad48cff7a8e08a0f625cc278 to remote] DEBUG org.asynchttpclient.netty.request.NettyRequestSender - Using open Channel [id: 0xc17ea812, L:/127.0.0.1:56374 - R:localhost/127.0.0.1:23736] for GET '/session/b0b76c6cad48cff7a8e08a0f625cc278/url'
19:54:39.212 [AsyncHttpClient-1-5] DEBUG org.asynchttpclient.netty.handler.HttpHandler - 

Request DefaultFullHttpRequest(decodeResult: success, version: HTTP/1.1, content: EmptyByteBufBE)
GET /session/b0b76c6cad48cff7a8e08a0f625cc278/url HTTP/1.1
User-Agent: selenium/4.8.1 (java windows)
Cache-Control: no-cache
Content-Type: application/json; charset=utf-8
host: localhost:23736
accept: */*

Response DefaultHttpResponse(decodeResult: success, version: HTTP/1.1)
HTTP/1.1 200 OK
Content-Length: 47
Content-Type: application/json; charset=utf-8
cache-control: no-cache

19:54:39.212 [AsyncHttpClient-1-5] DEBUG org.asynchttpclient.netty.channel.ChannelManager - Adding key: http://localhost:23736 for channel [id: 0xc17ea812, L:/127.0.0.1:56374 - R:localhost/127.0.0.1:23736]
19:54:39.218 [Forwarding getPageSource on session b0b76c6cad48cff7a8e08a0f625cc278 to remote] DEBUG org.asynchttpclient.netty.request.NettyRequestSender - Using pooled Channel '[id: 0xc17ea812, L:/127.0.0.1:56374 - R:localhost/127.0.0.1:23736]' for 'POST' to 'http://localhost:23736/session/b0b76c6cad48cff7a8e08a0f625cc278/execute/sync'
19:54:39.218 [Forwarding getPageSource on session b0b76c6cad48cff7a8e08a0f625cc278 to remote] DEBUG org.asynchttpclient.netty.request.NettyRequestSender - Using open Channel [id: 0xc17ea812, L:/127.0.0.1:56374 - R:localhost/127.0.0.1:23736] for POST '/session/b0b76c6cad48cff7a8e08a0f625cc278/execute/sync'
19:54:39.221 [AsyncHttpClient-1-5] DEBUG org.asynchttpclient.netty.handler.HttpHandler - 

Request DefaultHttpRequest(decodeResult: success, version: HTTP/1.1)
POST /session/b0b76c6cad48cff7a8e08a0f625cc278/execute/sync HTTP/1.1
User-Agent: selenium/4.8.1 (java windows)
Content-Length: 176
Content-Type: application/json; charset=utf-8
host: localhost:23736
accept: */*

Response DefaultHttpResponse(decodeResult: success, version: HTTP/1.1)
HTTP/1.1 200 OK
Content-Length: 12588
Content-Type: application/json; charset=utf-8
cache-control: no-cache

19:54:39.222 [AsyncHttpClient-1-5] DEBUG org.asynchttpclient.netty.channel.ChannelManager - Adding key: http://localhost:23736 for channel [id: 0xc17ea812, L:/127.0.0.1:56374 - R:localhost/127.0.0.1:23736]
19:54:39.223 [Forwarding getCurrentUrl on session b0b76c6cad48cff7a8e08a0f625cc278 to remote] DEBUG org.asynchttpclient.netty.request.NettyRequestSender - Using pooled Channel '[id: 0xc17ea812, L:/127.0.0.1:56374 - R:localhost/127.0.0.1:23736]' for 'GET' to 'http://localhost:23736/session/b0b76c6cad48cff7a8e08a0f625cc278/url'
19:54:39.223 [Forwarding getCurrentUrl on session b0b76c6cad48cff7a8e08a0f625cc278 to remote] DEBUG org.asynchttpclient.netty.request.NettyRequestSender - Using open Channel [id: 0xc17ea812, L:/127.0.0.1:56374 - R:localhost/127.0.0.1:23736] for GET '/session/b0b76c6cad48cff7a8e08a0f625cc278/url'
19:54:39.225 [AsyncHttpClient-1-5] DEBUG org.asynchttpclient.netty.handler.HttpHandler - 

Request DefaultFullHttpRequest(decodeResult: success, version: HTTP/1.1, content: EmptyByteBufBE)
GET /session/b0b76c6cad48cff7a8e08a0f625cc278/url HTTP/1.1
User-Agent: selenium/4.8.1 (java windows)
Cache-Control: no-cache
Content-Type: application/json; charset=utf-8
host: localhost:23736
accept: */*

Response DefaultHttpResponse(decodeResult: success, version: HTTP/1.1)
HTTP/1.1 200 OK
Content-Length: 47
Content-Type: application/json; charset=utf-8
cache-control: no-cache

19:54:39.225 [AsyncHttpClient-1-5] DEBUG org.asynchttpclient.netty.channel.ChannelManager - Adding key: http://localhost:23736 for channel [id: 0xc17ea812, L:/127.0.0.1:56374 - R:localhost/127.0.0.1:23736]
19:54:39.227 [main] DEBUG net.thucydides.core.steps.StepInterceptor - STARTING STEP: CheckoutSteps.pressCheckoutButton - pressCheckout
19:54:39.229 [Forwarding findElement on session b0b76c6cad48cff7a8e08a0f625cc278 to remote] DEBUG org.asynchttpclient.netty.request.NettyRequestSender - Using pooled Channel '[id: 0xc17ea812, L:/127.0.0.1:56374 - R:localhost/127.0.0.1:23736]' for 'POST' to 'http://localhost:23736/session/b0b76c6cad48cff7a8e08a0f625cc278/element'
19:54:39.229 [Forwarding findElement on session b0b76c6cad48cff7a8e08a0f625cc278 to remote] DEBUG org.asynchttpclient.netty.request.NettyRequestSender - Using open Channel [id: 0xc17ea812, L:/127.0.0.1:56374 - R:localhost/127.0.0.1:23736] for POST '/session/b0b76c6cad48cff7a8e08a0f625cc278/element'
19:54:39.237 [AsyncHttpClient-1-5] DEBUG org.asynchttpclient.netty.handler.HttpHandler - 

Request DefaultHttpRequest(decodeResult: success, version: HTTP/1.1)
POST /session/b0b76c6cad48cff7a8e08a0f625cc278/element HTTP/1.1
User-Agent: selenium/4.8.1 (java windows)
Content-Length: 53
Content-Type: application/json; charset=utf-8
host: localhost:23736
accept: */*

Response DefaultHttpResponse(decodeResult: success, version: HTTP/1.1)
HTTP/1.1 200 OK
Content-Length: 88
Content-Type: application/json; charset=utf-8
cache-control: no-cache

19:54:39.237 [AsyncHttpClient-1-5] DEBUG org.asynchttpclient.netty.channel.ChannelManager - Adding key: http://localhost:23736 for channel [id: 0xc17ea812, L:/127.0.0.1:56374 - R:localhost/127.0.0.1:23736]
19:54:39.238 [Forwarding getElementTagName on session b0b76c6cad48cff7a8e08a0f625cc278 to remote] DEBUG org.asynchttpclient.netty.request.NettyRequestSender - Using pooled Channel '[id: 0xc17ea812, L:/127.0.0.1:56374 - R:localhost/127.0.0.1:23736]' for 'GET' to 'http://localhost:23736/session/b0b76c6cad48cff7a8e08a0f625cc278/element/8cf47c50-fd88-49df-a1b1-a5d012061543/name'
19:54:39.238 [Forwarding getElementTagName on session b0b76c6cad48cff7a8e08a0f625cc278 to remote] DEBUG org.asynchttpclient.netty.request.NettyRequestSender - Using open Channel [id: 0xc17ea812, L:/127.0.0.1:56374 - R:localhost/127.0.0.1:23736] for GET '/session/b0b76c6cad48cff7a8e08a0f625cc278/element/8cf47c50-fd88-49df-a1b1-a5d012061543/name'
19:54:39.241 [AsyncHttpClient-1-5] DEBUG org.asynchttpclient.netty.handler.HttpHandler - 

Request DefaultFullHttpRequest(decodeResult: success, version: HTTP/1.1, content: EmptyByteBufBE)
GET /session/b0b76c6cad48cff7a8e08a0f625cc278/element/8cf47c50-fd88-49df-a1b1-a5d012061543/name HTTP/1.1
User-Agent: selenium/4.8.1 (java windows)
Cache-Control: no-cache
Content-Type: application/json; charset=utf-8
host: localhost:23736
accept: */*

Response DefaultHttpResponse(decodeResult: success, version: HTTP/1.1)
HTTP/1.1 200 OK
Content-Length: 18
Content-Type: application/json; charset=utf-8
cache-control: no-cache

19:54:39.241 [AsyncHttpClient-1-5] DEBUG org.asynchttpclient.netty.channel.ChannelManager - Adding key: http://localhost:23736 for channel [id: 0xc17ea812, L:/127.0.0.1:56374 - R:localhost/127.0.0.1:23736]
19:54:39.242 [Forwarding getElementTagName on session b0b76c6cad48cff7a8e08a0f625cc278 to remote] DEBUG org.asynchttpclient.netty.request.NettyRequestSender - Using pooled Channel '[id: 0xc17ea812, L:/127.0.0.1:56374 - R:localhost/127.0.0.1:23736]' for 'GET' to 'http://localhost:23736/session/b0b76c6cad48cff7a8e08a0f625cc278/element/8cf47c50-fd88-49df-a1b1-a5d012061543/name'
19:54:39.242 [Forwarding getElementTagName on session b0b76c6cad48cff7a8e08a0f625cc278 to remote] DEBUG org.asynchttpclient.netty.request.NettyRequestSender - Using open Channel [id: 0xc17ea812, L:/127.0.0.1:56374 - R:localhost/127.0.0.1:23736] for GET '/session/b0b76c6cad48cff7a8e08a0f625cc278/element/8cf47c50-fd88-49df-a1b1-a5d012061543/name'
19:54:39.244 [AsyncHttpClient-1-5] DEBUG org.asynchttpclient.netty.handler.HttpHandler - 

Request DefaultFullHttpRequest(decodeResult: success, version: HTTP/1.1, content: EmptyByteBufBE)
GET /session/b0b76c6cad48cff7a8e08a0f625cc278/element/8cf47c50-fd88-49df-a1b1-a5d012061543/name HTTP/1.1
User-Agent: selenium/4.8.1 (java windows)
Cache-Control: no-cache
Content-Type: application/json; charset=utf-8
host: localhost:23736
accept: */*

Response DefaultHttpResponse(decodeResult: success, version: HTTP/1.1)
HTTP/1.1 200 OK
Content-Length: 18
Content-Type: application/json; charset=utf-8
cache-control: no-cache

19:54:39.244 [AsyncHttpClient-1-5] DEBUG org.asynchttpclient.netty.channel.ChannelManager - Adding key: http://localhost:23736 for channel [id: 0xc17ea812, L:/127.0.0.1:56374 - R:localhost/127.0.0.1:23736]
19:54:39.246 [Forwarding isElementEnabled on session b0b76c6cad48cff7a8e08a0f625cc278 to remote] DEBUG org.asynchttpclient.netty.request.NettyRequestSender - Using pooled Channel '[id: 0xc17ea812, L:/127.0.0.1:56374 - R:localhost/127.0.0.1:23736]' for 'GET' to 'http://localhost:23736/session/b0b76c6cad48cff7a8e08a0f625cc278/element/8cf47c50-fd88-49df-a1b1-a5d012061543/enabled'
19:54:39.246 [Forwarding isElementEnabled on session b0b76c6cad48cff7a8e08a0f625cc278 to remote] DEBUG org.asynchttpclient.netty.request.NettyRequestSender - Using open Channel [id: 0xc17ea812, L:/127.0.0.1:56374 - R:localhost/127.0.0.1:23736] for GET '/session/b0b76c6cad48cff7a8e08a0f625cc278/element/8cf47c50-fd88-49df-a1b1-a5d012061543/enabled'
19:54:39.252 [AsyncHttpClient-1-5] DEBUG org.asynchttpclient.netty.handler.HttpHandler - 

Request DefaultFullHttpRequest(decodeResult: success, version: HTTP/1.1, content: EmptyByteBufBE)
GET /session/b0b76c6cad48cff7a8e08a0f625cc278/element/8cf47c50-fd88-49df-a1b1-a5d012061543/enabled HTTP/1.1
User-Agent: selenium/4.8.1 (java windows)
Cache-Control: no-cache
Content-Type: application/json; charset=utf-8
host: localhost:23736
accept: */*

Response DefaultHttpResponse(decodeResult: success, version: HTTP/1.1)
HTTP/1.1 200 OK
Content-Length: 14
Content-Type: application/json; charset=utf-8
cache-control: no-cache

19:54:39.252 [AsyncHttpClient-1-5] DEBUG org.asynchttpclient.netty.channel.ChannelManager - Adding key: http://localhost:23736 for channel [id: 0xc17ea812, L:/127.0.0.1:56374 - R:localhost/127.0.0.1:23736]
19:54:39.253 [Forwarding isElementEnabled on session b0b76c6cad48cff7a8e08a0f625cc278 to remote] DEBUG org.asynchttpclient.netty.request.NettyRequestSender - Using pooled Channel '[id: 0xc17ea812, L:/127.0.0.1:56374 - R:localhost/127.0.0.1:23736]' for 'GET' to 'http://localhost:23736/session/b0b76c6cad48cff7a8e08a0f625cc278/element/8cf47c50-fd88-49df-a1b1-a5d012061543/enabled'
19:54:39.253 [Forwarding isElementEnabled on session b0b76c6cad48cff7a8e08a0f625cc278 to remote] DEBUG org.asynchttpclient.netty.request.NettyRequestSender - Using open Channel [id: 0xc17ea812, L:/127.0.0.1:56374 - R:localhost/127.0.0.1:23736] for GET '/session/b0b76c6cad48cff7a8e08a0f625cc278/element/8cf47c50-fd88-49df-a1b1-a5d012061543/enabled'
19:54:39.293 [AsyncHttpClient-1-5] DEBUG org.asynchttpclient.netty.handler.HttpHandler - 

Request DefaultFullHttpRequest(decodeResult: success, version: HTTP/1.1, content: EmptyByteBufBE)
GET /session/b0b76c6cad48cff7a8e08a0f625cc278/element/8cf47c50-fd88-49df-a1b1-a5d012061543/enabled HTTP/1.1
User-Agent: selenium/4.8.1 (java windows)
Cache-Control: no-cache
Content-Type: application/json; charset=utf-8
host: localhost:23736
accept: */*

Response DefaultHttpResponse(decodeResult: success, version: HTTP/1.1)
HTTP/1.1 200 OK
Content-Length: 14
Content-Type: application/json; charset=utf-8
cache-control: no-cache

19:54:39.294 [AsyncHttpClient-1-5] DEBUG org.asynchttpclient.netty.channel.ChannelManager - Adding key: http://localhost:23736 for channel [id: 0xc17ea812, L:/127.0.0.1:56374 - R:localhost/127.0.0.1:23736]
19:54:39.296 [Forwarding findElement on session b0b76c6cad48cff7a8e08a0f625cc278 to remote] DEBUG org.asynchttpclient.netty.request.NettyRequestSender - Using pooled Channel '[id: 0xc17ea812, L:/127.0.0.1:56374 - R:localhost/127.0.0.1:23736]' for 'POST' to 'http://localhost:23736/session/b0b76c6cad48cff7a8e08a0f625cc278/element'
19:54:39.296 [Forwarding findElement on session b0b76c6cad48cff7a8e08a0f625cc278 to remote] DEBUG org.asynchttpclient.netty.request.NettyRequestSender - Using open Channel [id: 0xc17ea812, L:/127.0.0.1:56374 - R:localhost/127.0.0.1:23736] for POST '/session/b0b76c6cad48cff7a8e08a0f625cc278/element'
19:54:39.301 [AsyncHttpClient-1-5] DEBUG org.asynchttpclient.netty.handler.HttpHandler - 

Request DefaultHttpRequest(decodeResult: success, version: HTTP/1.1)
POST /session/b0b76c6cad48cff7a8e08a0f625cc278/element HTTP/1.1
User-Agent: selenium/4.8.1 (java windows)
Content-Length: 53
Content-Type: application/json; charset=utf-8
host: localhost:23736
accept: */*

Response DefaultHttpResponse(decodeResult: success, version: HTTP/1.1)
HTTP/1.1 200 OK
Content-Length: 88
Content-Type: application/json; charset=utf-8
cache-control: no-cache

19:54:39.301 [AsyncHttpClient-1-5] DEBUG org.asynchttpclient.netty.channel.ChannelManager - Adding key: http://localhost:23736 for channel [id: 0xc17ea812, L:/127.0.0.1:56374 - R:localhost/127.0.0.1:23736]
19:54:39.302 [Forwarding clickElement on session b0b76c6cad48cff7a8e08a0f625cc278 to remote] DEBUG org.asynchttpclient.netty.request.NettyRequestSender - Using pooled Channel '[id: 0xc17ea812, L:/127.0.0.1:56374 - R:localhost/127.0.0.1:23736]' for 'POST' to 'http://localhost:23736/session/b0b76c6cad48cff7a8e08a0f625cc278/element/8cf47c50-fd88-49df-a1b1-a5d012061543/click'
19:54:39.302 [Forwarding clickElement on session b0b76c6cad48cff7a8e08a0f625cc278 to remote] DEBUG org.asynchttpclient.netty.request.NettyRequestSender - Using open Channel [id: 0xc17ea812, L:/127.0.0.1:56374 - R:localhost/127.0.0.1:23736] for POST '/session/b0b76c6cad48cff7a8e08a0f625cc278/element/8cf47c50-fd88-49df-a1b1-a5d012061543/click'
19:54:39.333 [AsyncHttpClient-1-5] DEBUG org.asynchttpclient.netty.handler.HttpHandler - 

Request DefaultHttpRequest(decodeResult: success, version: HTTP/1.1)
POST /session/b0b76c6cad48cff7a8e08a0f625cc278/element/8cf47c50-fd88-49df-a1b1-a5d012061543/click HTTP/1.1
User-Agent: selenium/4.8.1 (java windows)
Content-Length: 50
Content-Type: application/json; charset=utf-8
host: localhost:23736
accept: */*

Response DefaultHttpResponse(decodeResult: success, version: HTTP/1.1)
HTTP/1.1 200 OK
Content-Length: 14
Content-Type: application/json; charset=utf-8
cache-control: no-cache

19:54:39.333 [AsyncHttpClient-1-5] DEBUG org.asynchttpclient.netty.channel.ChannelManager - Adding key: http://localhost:23736 for channel [id: 0xc17ea812, L:/127.0.0.1:56374 - R:localhost/127.0.0.1:23736]
19:54:39.338 [Forwarding getAlertText on session b0b76c6cad48cff7a8e08a0f625cc278 to remote] DEBUG org.asynchttpclient.netty.request.NettyRequestSender - Using pooled Channel '[id: 0xc17ea812, L:/127.0.0.1:56374 - R:localhost/127.0.0.1:23736]' for 'GET' to 'http://localhost:23736/session/b0b76c6cad48cff7a8e08a0f625cc278/alert/text'
19:54:39.338 [Forwarding getAlertText on session b0b76c6cad48cff7a8e08a0f625cc278 to remote] DEBUG org.asynchttpclient.netty.request.NettyRequestSender - Using open Channel [id: 0xc17ea812, L:/127.0.0.1:56374 - R:localhost/127.0.0.1:23736] for GET '/session/b0b76c6cad48cff7a8e08a0f625cc278/alert/text'
19:54:39.339 [AsyncHttpClient-1-5] DEBUG org.asynchttpclient.netty.handler.HttpHandler - 

Request DefaultFullHttpRequest(decodeResult: success, version: HTTP/1.1, content: EmptyByteBufBE)
GET /session/b0b76c6cad48cff7a8e08a0f625cc278/alert/text HTTP/1.1
User-Agent: selenium/4.8.1 (java windows)
Cache-Control: no-cache
Content-Type: application/json; charset=utf-8
host: localhost:23736
accept: */*

Response DefaultHttpResponse(decodeResult: success, version: HTTP/1.1)
HTTP/1.1 404 Not Found
Content-Length: 816
Content-Type: application/json; charset=utf-8
cache-control: no-cache

19:54:39.339 [AsyncHttpClient-1-5] DEBUG org.asynchttpclient.netty.channel.ChannelManager - Adding key: http://localhost:23736 for channel [id: 0xc17ea812, L:/127.0.0.1:56374 - R:localhost/127.0.0.1:23736]
19:54:39.340 [Forwarding getCurrentUrl on session b0b76c6cad48cff7a8e08a0f625cc278 to remote] DEBUG org.asynchttpclient.netty.request.NettyRequestSender - Using pooled Channel '[id: 0xc17ea812, L:/127.0.0.1:56374 - R:localhost/127.0.0.1:23736]' for 'GET' to 'http://localhost:23736/session/b0b76c6cad48cff7a8e08a0f625cc278/url'
19:54:39.340 [Forwarding getCurrentUrl on session b0b76c6cad48cff7a8e08a0f625cc278 to remote] DEBUG org.asynchttpclient.netty.request.NettyRequestSender - Using open Channel [id: 0xc17ea812, L:/127.0.0.1:56374 - R:localhost/127.0.0.1:23736] for GET '/session/b0b76c6cad48cff7a8e08a0f625cc278/url'
19:54:39.343 [AsyncHttpClient-1-5] DEBUG org.asynchttpclient.netty.handler.HttpHandler - 

Request DefaultFullHttpRequest(decodeResult: success, version: HTTP/1.1, content: EmptyByteBufBE)
GET /session/b0b76c6cad48cff7a8e08a0f625cc278/url HTTP/1.1
User-Agent: selenium/4.8.1 (java windows)
Cache-Control: no-cache
Content-Type: application/json; charset=utf-8
host: localhost:23736
accept: */*

Response DefaultHttpResponse(decodeResult: success, version: HTTP/1.1)
HTTP/1.1 200 OK
Content-Length: 60
Content-Type: application/json; charset=utf-8
cache-control: no-cache

19:54:39.343 [AsyncHttpClient-1-5] DEBUG org.asynchttpclient.netty.channel.ChannelManager - Adding key: http://localhost:23736 for channel [id: 0xc17ea812, L:/127.0.0.1:56374 - R:localhost/127.0.0.1:23736]
19:54:39.343 [Forwarding screenshot on session b0b76c6cad48cff7a8e08a0f625cc278 to remote] DEBUG org.asynchttpclient.netty.request.NettyRequestSender - Using pooled Channel '[id: 0xc17ea812, L:/127.0.0.1:56374 - R:localhost/127.0.0.1:23736]' for 'GET' to 'http://localhost:23736/session/b0b76c6cad48cff7a8e08a0f625cc278/screenshot'
19:54:39.343 [Forwarding screenshot on session b0b76c6cad48cff7a8e08a0f625cc278 to remote] DEBUG org.asynchttpclient.netty.request.NettyRequestSender - Using open Channel [id: 0xc17ea812, L:/127.0.0.1:56374 - R:localhost/127.0.0.1:23736] for GET '/session/b0b76c6cad48cff7a8e08a0f625cc278/screenshot'
19:54:39.462 [AsyncHttpClient-1-5] DEBUG org.asynchttpclient.netty.handler.HttpHandler - 

Request DefaultFullHttpRequest(decodeResult: success, version: HTTP/1.1, content: EmptyByteBufBE)
GET /session/b0b76c6cad48cff7a8e08a0f625cc278/screenshot HTTP/1.1
User-Agent: selenium/4.8.1 (java windows)
Cache-Control: no-cache
Content-Type: application/json; charset=utf-8
host: localhost:23736
accept: */*

Response DefaultHttpResponse(decodeResult: success, version: HTTP/1.1)
HTTP/1.1 200 OK
Content-Length: 45156
Content-Type: application/json; charset=utf-8
cache-control: no-cache

19:54:39.464 [AsyncHttpClient-1-5] DEBUG org.asynchttpclient.netty.channel.ChannelManager - Adding key: http://localhost:23736 for channel [id: 0xc17ea812, L:/127.0.0.1:56374 - R:localhost/127.0.0.1:23736]
19:54:39.464 [main] DEBUG net.serenitybdd.core.photography.Darkroom - Send negative for processing for target\site\serenity\0ced3fad21d8772aa6c53641739ddf6333427b138d0239f187aadfcc265fa446.png
19:54:39.464 [main] DEBUG net.thucydides.core.steps.StepInterceptor - STEP DONE: pressCheckout
  &amp#27;[32mWhen &amp#27;[0m&amp#27;[32mI press Checkout button&amp#27;[0m                                        &amp#27;[90m# starter.stepDefinitions.CheckoutSteps.pressCheckoutButton()&amp#27;[0m
19:54:39.473 [Forwarding getPageSource on session b0b76c6cad48cff7a8e08a0f625cc278 to remote] DEBUG org.asynchttpclient.netty.request.NettyRequestSender - Using pooled Channel '[id: 0xc17ea812, L:/127.0.0.1:56374 - R:localhost/127.0.0.1:23736]' for 'POST' to 'http://localhost:23736/session/b0b76c6cad48cff7a8e08a0f625cc278/execute/sync'
19:54:39.473 [Forwarding getPageSource on session b0b76c6cad48cff7a8e08a0f625cc278 to remote] DEBUG org.asynchttpclient.netty.request.NettyRequestSender - Using open Channel [id: 0xc17ea812, L:/127.0.0.1:56374 - R:localhost/127.0.0.1:23736] for POST '/session/b0b76c6cad48cff7a8e08a0f625cc278/execute/sync'
19:54:39.476 [AsyncHttpClient-1-5] DEBUG org.asynchttpclient.netty.handler.HttpHandler - 

Request DefaultHttpRequest(decodeResult: success, version: HTTP/1.1)
POST /session/b0b76c6cad48cff7a8e08a0f625cc278/execute/sync HTTP/1.1
User-Agent: selenium/4.8.1 (java windows)
Content-Length: 176
Content-Type: application/json; charset=utf-8
host: localhost:23736
accept: */*

Response DefaultHttpResponse(decodeResult: success, version: HTTP/1.1)
HTTP/1.1 200 OK
Content-Length: 12605
Content-Type: application/json; charset=utf-8
cache-control: no-cache

19:54:39.477 [AsyncHttpClient-1-5] DEBUG org.asynchttpclient.netty.channel.ChannelManager - Adding key: http://localhost:23736 for channel [id: 0xc17ea812, L:/127.0.0.1:56374 - R:localhost/127.0.0.1:23736]
19:54:39.479 [Forwarding getCurrentUrl on session b0b76c6cad48cff7a8e08a0f625cc278 to remote] DEBUG org.asynchttpclient.netty.request.NettyRequestSender - Using pooled Channel '[id: 0xc17ea812, L:/127.0.0.1:56374 - R:localhost/127.0.0.1:23736]' for 'GET' to 'http://localhost:23736/session/b0b76c6cad48cff7a8e08a0f625cc278/url'
19:54:39.479 [Forwarding getCurrentUrl on session b0b76c6cad48cff7a8e08a0f625cc278 to remote] DEBUG org.asynchttpclient.netty.request.NettyRequestSender - Using open Channel [id: 0xc17ea812, L:/127.0.0.1:56374 - R:localhost/127.0.0.1:23736] for GET '/session/b0b76c6cad48cff7a8e08a0f625cc278/url'
19:54:39.481 [AsyncHttpClient-1-5] DEBUG org.asynchttpclient.netty.handler.HttpHandler - 

Request DefaultFullHttpRequest(decodeResult: success, version: HTTP/1.1, content: EmptyByteBufBE)
GET /session/b0b76c6cad48cff7a8e08a0f625cc278/url HTTP/1.1
User-Agent: selenium/4.8.1 (java windows)
Cache-Control: no-cache
Content-Type: application/json; charset=utf-8
host: localhost:23736
accept: */*

Response DefaultHttpResponse(decodeResult: success, version: HTTP/1.1)
HTTP/1.1 200 OK
Content-Length: 60
Content-Type: application/json; charset=utf-8
cache-control: no-cache

19:54:39.483 [AsyncHttpClient-1-5] DEBUG org.asynchttpclient.netty.channel.ChannelManager - Adding key: http://localhost:23736 for channel [id: 0xc17ea812, L:/127.0.0.1:56374 - R:localhost/127.0.0.1:23736]
19:54:39.490 [Forwarding getPageSource on session b0b76c6cad48cff7a8e08a0f625cc278 to remote] DEBUG org.asynchttpclient.netty.request.NettyRequestSender - Using pooled Channel '[id: 0xc17ea812, L:/127.0.0.1:56374 - R:localhost/127.0.0.1:23736]' for 'POST' to 'http://localhost:23736/session/b0b76c6cad48cff7a8e08a0f625cc278/execute/sync'
19:54:39.490 [Forwarding getPageSource on session b0b76c6cad48cff7a8e08a0f625cc278 to remote] DEBUG org.asynchttpclient.netty.request.NettyRequestSender - Using open Channel [id: 0xc17ea812, L:/127.0.0.1:56374 - R:localhost/127.0.0.1:23736] for POST '/session/b0b76c6cad48cff7a8e08a0f625cc278/execute/sync'
19:54:39.493 [AsyncHttpClient-1-5] DEBUG org.asynchttpclient.netty.handler.HttpHandler - 

Request DefaultHttpRequest(decodeResult: success, version: HTTP/1.1)
POST /session/b0b76c6cad48cff7a8e08a0f625cc278/execute/sync HTTP/1.1
User-Agent: selenium/4.8.1 (java windows)
Content-Length: 176
Content-Type: application/json; charset=utf-8
host: localhost:23736
accept: */*

Response DefaultHttpResponse(decodeResult: success, version: HTTP/1.1)
HTTP/1.1 200 OK
Content-Length: 12605
Content-Type: application/json; charset=utf-8
cache-control: no-cache

19:54:39.493 [AsyncHttpClient-1-5] DEBUG org.asynchttpclient.netty.channel.ChannelManager - Adding key: http://localhost:23736 for channel [id: 0xc17ea812, L:/127.0.0.1:56374 - R:localhost/127.0.0.1:23736]
19:54:39.495 [Forwarding getCurrentUrl on session b0b76c6cad48cff7a8e08a0f625cc278 to remote] DEBUG org.asynchttpclient.netty.request.NettyRequestSender - Using pooled Channel '[id: 0xc17ea812, L:/127.0.0.1:56374 - R:localhost/127.0.0.1:23736]' for 'GET' to 'http://localhost:23736/session/b0b76c6cad48cff7a8e08a0f625cc278/url'
19:54:39.495 [Forwarding getCurrentUrl on session b0b76c6cad48cff7a8e08a0f625cc278 to remote] DEBUG org.asynchttpclient.netty.request.NettyRequestSender - Using open Channel [id: 0xc17ea812, L:/127.0.0.1:56374 - R:localhost/127.0.0.1:23736] for GET '/session/b0b76c6cad48cff7a8e08a0f625cc278/url'
19:54:39.497 [AsyncHttpClient-1-5] DEBUG org.asynchttpclient.netty.handler.HttpHandler - 

Request DefaultFullHttpRequest(decodeResult: success, version: HTTP/1.1, content: EmptyByteBufBE)
GET /session/b0b76c6cad48cff7a8e08a0f625cc278/url HTTP/1.1
User-Agent: selenium/4.8.1 (java windows)
Cache-Control: no-cache
Content-Type: application/json; charset=utf-8
host: localhost:23736
accept: */*

Response DefaultHttpResponse(decodeResult: success, version: HTTP/1.1)
HTTP/1.1 200 OK
Content-Length: 60
Content-Type: application/json; charset=utf-8
cache-control: no-cache

19:54:39.497 [AsyncHttpClient-1-5] DEBUG org.asynchttpclient.netty.channel.ChannelManager - Adding key: http://localhost:23736 for channel [id: 0xc17ea812, L:/127.0.0.1:56374 - R:localhost/127.0.0.1:23736]
19:54:39.499 [main] DEBUG net.thucydides.core.steps.StepInterceptor - STARTING STEP: CheckoutSteps.fillDetails - fillDetailForm
19:54:39.501 [Forwarding findElement on session b0b76c6cad48cff7a8e08a0f625cc278 to remote] DEBUG org.asynchttpclient.netty.request.NettyRequestSender - Using pooled Channel '[id: 0xc17ea812, L:/127.0.0.1:56374 - R:localhost/127.0.0.1:23736]' for 'POST' to 'http://localhost:23736/session/b0b76c6cad48cff7a8e08a0f625cc278/element'
19:54:39.501 [Forwarding findElement on session b0b76c6cad48cff7a8e08a0f625cc278 to remote] DEBUG org.asynchttpclient.netty.request.NettyRequestSender - Using open Channel [id: 0xc17ea812, L:/127.0.0.1:56374 - R:localhost/127.0.0.1:23736] for POST '/session/b0b76c6cad48cff7a8e08a0f625cc278/element'
19:54:39.509 [AsyncHttpClient-1-5] DEBUG org.asynchttpclient.netty.handler.HttpHandler - 

Request DefaultHttpRequest(decodeResult: success, version: HTTP/1.1)
POST /session/b0b76c6cad48cff7a8e08a0f625cc278/element HTTP/1.1
User-Agent: selenium/4.8.1 (java windows)
Content-Length: 57
Content-Type: application/json; charset=utf-8
host: localhost:23736
accept: */*

Response DefaultHttpResponse(decodeResult: success, version: HTTP/1.1)
HTTP/1.1 200 OK
Content-Length: 88
Content-Type: application/json; charset=utf-8
cache-control: no-cache

19:54:39.509 [AsyncHttpClient-1-5] DEBUG org.asynchttpclient.netty.channel.ChannelManager - Adding key: http://localhost:23736 for channel [id: 0xc17ea812, L:/127.0.0.1:56374 - R:localhost/127.0.0.1:23736]
19:54:39.511 [Forwarding clearElement on session b0b76c6cad48cff7a8e08a0f625cc278 to remote] DEBUG org.asynchttpclient.netty.request.NettyRequestSender - Using pooled Channel '[id: 0xc17ea812, L:/127.0.0.1:56374 - R:localhost/127.0.0.1:23736]' for 'POST' to 'http://localhost:23736/session/b0b76c6cad48cff7a8e08a0f625cc278/element/22179a70-c2c6-4d60-bb30-7ec2c8279378/clear'
19:54:39.511 [Forwarding clearElement on session b0b76c6cad48cff7a8e08a0f625cc278 to remote] DEBUG org.asynchttpclient.netty.request.NettyRequestSender - Using open Channel [id: 0xc17ea812, L:/127.0.0.1:56374 - R:localhost/127.0.0.1:23736] for POST '/session/b0b76c6cad48cff7a8e08a0f625cc278/element/22179a70-c2c6-4d60-bb30-7ec2c8279378/clear'
19:54:39.533 [AsyncHttpClient-1-5] DEBUG org.asynchttpclient.netty.handler.HttpHandler - 

Request DefaultHttpRequest(decodeResult: success, version: HTTP/1.1)
POST /session/b0b76c6cad48cff7a8e08a0f625cc278/element/22179a70-c2c6-4d60-bb30-7ec2c8279378/clear HTTP/1.1
User-Agent: selenium/4.8.1 (java windows)
Content-Length: 50
Content-Type: application/json; charset=utf-8
host: localhost:23736
accept: */*

Response DefaultHttpResponse(decodeResult: success, version: HTTP/1.1)
HTTP/1.1 200 OK
Content-Length: 14
Content-Type: application/json; charset=utf-8
cache-control: no-cache

19:54:39.533 [AsyncHttpClient-1-5] DEBUG org.asynchttpclient.netty.channel.ChannelManager - Adding key: http://localhost:23736 for channel [id: 0xc17ea812, L:/127.0.0.1:56374 - R:localhost/127.0.0.1:23736]
19:54:39.535 [Forwarding sendKeysToElement on session b0b76c6cad48cff7a8e08a0f625cc278 to remote] DEBUG org.asynchttpclient.netty.request.NettyRequestSender - Using pooled Channel '[id: 0xc17ea812, L:/127.0.0.1:56374 - R:localhost/127.0.0.1:23736]' for 'POST' to 'http://localhost:23736/session/b0b76c6cad48cff7a8e08a0f625cc278/element/22179a70-c2c6-4d60-bb30-7ec2c8279378/value'
19:54:39.535 [Forwarding sendKeysToElement on session b0b76c6cad48cff7a8e08a0f625cc278 to remote] DEBUG org.asynchttpclient.netty.request.NettyRequestSender - Using open Channel [id: 0xc17ea812, L:/127.0.0.1:56374 - R:localhost/127.0.0.1:23736] for POST '/session/b0b76c6cad48cff7a8e08a0f625cc278/element/22179a70-c2c6-4d60-bb30-7ec2c8279378/value'
19:54:39.586 [AsyncHttpClient-1-5] DEBUG org.asynchttpclient.netty.handler.HttpHandler - 

Request DefaultHttpRequest(decodeResult: success, version: HTTP/1.1)
POST /session/b0b76c6cad48cff7a8e08a0f625cc278/element/22179a70-c2c6-4d60-bb30-7ec2c8279378/value HTTP/1.1
User-Agent: selenium/4.8.1 (java windows)
Content-Length: 181
Content-Type: application/json; charset=utf-8
host: localhost:23736
accept: */*

Response DefaultHttpResponse(decodeResult: success, version: HTTP/1.1)
HTTP/1.1 200 OK
Content-Length: 14
Content-Type: application/json; charset=utf-8
cache-control: no-cache

19:54:39.586 [AsyncHttpClient-1-5] DEBUG org.asynchttpclient.netty.channel.ChannelManager - Adding key: http://localhost:23736 for channel [id: 0xc17ea812, L:/127.0.0.1:56374 - R:localhost/127.0.0.1:23736]
19:54:39.588 [Forwarding findElement on session b0b76c6cad48cff7a8e08a0f625cc278 to remote] DEBUG org.asynchttpclient.netty.request.NettyRequestSender - Using pooled Channel '[id: 0xc17ea812, L:/127.0.0.1:56374 - R:localhost/127.0.0.1:23736]' for 'POST' to 'http://localhost:23736/session/b0b76c6cad48cff7a8e08a0f625cc278/element'
19:54:39.588 [Forwarding findElement on session b0b76c6cad48cff7a8e08a0f625cc278 to remote] DEBUG org.asynchttpclient.netty.request.NettyRequestSender - Using open Channel [id: 0xc17ea812, L:/127.0.0.1:56374 - R:localhost/127.0.0.1:23736] for POST '/session/b0b76c6cad48cff7a8e08a0f625cc278/element'
19:54:39.597 [AsyncHttpClient-1-5] DEBUG org.asynchttpclient.netty.handler.HttpHandler - 

Request DefaultHttpRequest(decodeResult: success, version: HTTP/1.1)
POST /session/b0b76c6cad48cff7a8e08a0f625cc278/element HTTP/1.1
User-Agent: selenium/4.8.1 (java windows)
Content-Length: 56
Content-Type: application/json; charset=utf-8
host: localhost:23736
accept: */*

Response DefaultHttpResponse(decodeResult: success, version: HTTP/1.1)
HTTP/1.1 200 OK
Content-Length: 88
Content-Type: application/json; charset=utf-8
cache-control: no-cache

19:54:39.597 [AsyncHttpClient-1-5] DEBUG org.asynchttpclient.netty.channel.ChannelManager - Adding key: http://localhost:23736 for channel [id: 0xc17ea812, L:/127.0.0.1:56374 - R:localhost/127.0.0.1:23736]
19:54:39.598 [Forwarding clearElement on session b0b76c6cad48cff7a8e08a0f625cc278 to remote] DEBUG org.asynchttpclient.netty.request.NettyRequestSender - Using pooled Channel '[id: 0xc17ea812, L:/127.0.0.1:56374 - R:localhost/127.0.0.1:23736]' for 'POST' to 'http://localhost:23736/session/b0b76c6cad48cff7a8e08a0f625cc278/element/13877b6d-d289-4e62-abd4-d39e2b2c988d/clear'
19:54:39.598 [Forwarding clearElement on session b0b76c6cad48cff7a8e08a0f625cc278 to remote] DEBUG org.asynchttpclient.netty.request.NettyRequestSender - Using open Channel [id: 0xc17ea812, L:/127.0.0.1:56374 - R:localhost/127.0.0.1:23736] for POST '/session/b0b76c6cad48cff7a8e08a0f625cc278/element/13877b6d-d289-4e62-abd4-d39e2b2c988d/clear'
19:54:39.623 [AsyncHttpClient-1-5] DEBUG org.asynchttpclient.netty.handler.HttpHandler - 

Request DefaultHttpRequest(decodeResult: success, version: HTTP/1.1)
POST /session/b0b76c6cad48cff7a8e08a0f625cc278/element/13877b6d-d289-4e62-abd4-d39e2b2c988d/clear HTTP/1.1
User-Agent: selenium/4.8.1 (java windows)
Content-Length: 50
Content-Type: application/json; charset=utf-8
host: localhost:23736
accept: */*

Response DefaultHttpResponse(decodeResult: success, version: HTTP/1.1)
HTTP/1.1 200 OK
Content-Length: 14
Content-Type: application/json; charset=utf-8
cache-control: no-cache

19:54:39.623 [AsyncHttpClient-1-5] DEBUG org.asynchttpclient.netty.channel.ChannelManager - Adding key: http://localhost:23736 for channel [id: 0xc17ea812, L:/127.0.0.1:56374 - R:localhost/127.0.0.1:23736]
19:54:39.625 [Forwarding sendKeysToElement on session b0b76c6cad48cff7a8e08a0f625cc278 to remote] DEBUG org.asynchttpclient.netty.request.NettyRequestSender - Using pooled Channel '[id: 0xc17ea812, L:/127.0.0.1:56374 - R:localhost/127.0.0.1:23736]' for 'POST' to 'http://localhost:23736/session/b0b76c6cad48cff7a8e08a0f625cc278/element/13877b6d-d289-4e62-abd4-d39e2b2c988d/value'
19:54:39.625 [Forwarding sendKeysToElement on session b0b76c6cad48cff7a8e08a0f625cc278 to remote] DEBUG org.asynchttpclient.netty.request.NettyRequestSender - Using open Channel [id: 0xc17ea812, L:/127.0.0.1:56374 - R:localhost/127.0.0.1:23736] for POST '/session/b0b76c6cad48cff7a8e08a0f625cc278/element/13877b6d-d289-4e62-abd4-d39e2b2c988d/value'
19:54:39.678 [AsyncHttpClient-1-5] DEBUG org.asynchttpclient.netty.handler.HttpHandler - 

Request DefaultHttpRequest(decodeResult: success, version: HTTP/1.1)
POST /session/b0b76c6cad48cff7a8e08a0f625cc278/element/13877b6d-d289-4e62-abd4-d39e2b2c988d/value HTTP/1.1
User-Agent: selenium/4.8.1 (java windows)
Content-Length: 171
Content-Type: application/json; charset=utf-8
host: localhost:23736
accept: */*

Response DefaultHttpResponse(decodeResult: success, version: HTTP/1.1)
HTTP/1.1 200 OK
Content-Length: 14
Content-Type: application/json; charset=utf-8
cache-control: no-cache

19:54:39.678 [AsyncHttpClient-1-5] DEBUG org.asynchttpclient.netty.channel.ChannelManager - Adding key: http://localhost:23736 for channel [id: 0xc17ea812, L:/127.0.0.1:56374 - R:localhost/127.0.0.1:23736]
19:54:39.681 [Forwarding findElement on session b0b76c6cad48cff7a8e08a0f625cc278 to remote] DEBUG org.asynchttpclient.netty.request.NettyRequestSender - Using pooled Channel '[id: 0xc17ea812, L:/127.0.0.1:56374 - R:localhost/127.0.0.1:23736]' for 'POST' to 'http://localhost:23736/session/b0b76c6cad48cff7a8e08a0f625cc278/element'
19:54:39.681 [Forwarding findElement on session b0b76c6cad48cff7a8e08a0f625cc278 to remote] DEBUG org.asynchttpclient.netty.request.NettyRequestSender - Using open Channel [id: 0xc17ea812, L:/127.0.0.1:56374 - R:localhost/127.0.0.1:23736] for POST '/session/b0b76c6cad48cff7a8e08a0f625cc278/element'
19:54:39.690 [AsyncHttpClient-1-5] DEBUG org.asynchttpclient.netty.handler.HttpHandler - 

Request DefaultHttpRequest(decodeResult: success, version: HTTP/1.1)
POST /session/b0b76c6cad48cff7a8e08a0f625cc278/element HTTP/1.1
User-Agent: selenium/4.8.1 (java windows)
Content-Length: 58
Content-Type: application/json; charset=utf-8
host: localhost:23736
accept: */*

Response DefaultHttpResponse(decodeResult: success, version: HTTP/1.1)
HTTP/1.1 200 OK
Content-Length: 88
Content-Type: application/json; charset=utf-8
cache-control: no-cache

19:54:39.690 [AsyncHttpClient-1-5] DEBUG org.asynchttpclient.netty.channel.ChannelManager - Adding key: http://localhost:23736 for channel [id: 0xc17ea812, L:/127.0.0.1:56374 - R:localhost/127.0.0.1:23736]
19:54:39.692 [Forwarding clearElement on session b0b76c6cad48cff7a8e08a0f625cc278 to remote] DEBUG org.asynchttpclient.netty.request.NettyRequestSender - Using pooled Channel '[id: 0xc17ea812, L:/127.0.0.1:56374 - R:localhost/127.0.0.1:23736]' for 'POST' to 'http://localhost:23736/session/b0b76c6cad48cff7a8e08a0f625cc278/element/aaec49f6-266b-42a0-9eef-a88ef81f1f61/clear'
19:54:39.692 [Forwarding clearElement on session b0b76c6cad48cff7a8e08a0f625cc278 to remote] DEBUG org.asynchttpclient.netty.request.NettyRequestSender - Using open Channel [id: 0xc17ea812, L:/127.0.0.1:56374 - R:localhost/127.0.0.1:23736] for POST '/session/b0b76c6cad48cff7a8e08a0f625cc278/element/aaec49f6-266b-42a0-9eef-a88ef81f1f61/clear'
19:54:39.716 [AsyncHttpClient-1-5] DEBUG org.asynchttpclient.netty.handler.HttpHandler - 

Request DefaultHttpRequest(decodeResult: success, version: HTTP/1.1)
POST /session/b0b76c6cad48cff7a8e08a0f625cc278/element/aaec49f6-266b-42a0-9eef-a88ef81f1f61/clear HTTP/1.1
User-Agent: selenium/4.8.1 (java windows)
Content-Length: 50
Content-Type: application/json; charset=utf-8
host: localhost:23736
accept: */*

Response DefaultHttpResponse(decodeResult: success, version: HTTP/1.1)
HTTP/1.1 200 OK
Content-Length: 14
Content-Type: application/json; charset=utf-8
cache-control: no-cache

19:54:39.716 [AsyncHttpClient-1-5] DEBUG org.asynchttpclient.netty.channel.ChannelManager - Adding key: http://localhost:23736 for channel [id: 0xc17ea812, L:/127.0.0.1:56374 - R:localhost/127.0.0.1:23736]
19:54:39.718 [Forwarding sendKeysToElement on session b0b76c6cad48cff7a8e08a0f625cc278 to remote] DEBUG org.asynchttpclient.netty.request.NettyRequestSender - Using pooled Channel '[id: 0xc17ea812, L:/127.0.0.1:56374 - R:localhost/127.0.0.1:23736]' for 'POST' to 'http://localhost:23736/session/b0b76c6cad48cff7a8e08a0f625cc278/element/aaec49f6-266b-42a0-9eef-a88ef81f1f61/value'
19:54:39.718 [Forwarding sendKeysToElement on session b0b76c6cad48cff7a8e08a0f625cc278 to remote] DEBUG org.asynchttpclient.netty.request.NettyRequestSender - Using open Channel [id: 0xc17ea812, L:/127.0.0.1:56374 - R:localhost/127.0.0.1:23736] for POST '/session/b0b76c6cad48cff7a8e08a0f625cc278/element/aaec49f6-266b-42a0-9eef-a88ef81f1f61/value'
19:54:39.756 [AsyncHttpClient-1-5] DEBUG org.asynchttpclient.netty.handler.HttpHandler - 

Request DefaultHttpRequest(decodeResult: success, version: HTTP/1.1)
POST /session/b0b76c6cad48cff7a8e08a0f625cc278/element/aaec49f6-266b-42a0-9eef-a88ef81f1f61/value HTTP/1.1
User-Agent: selenium/4.8.1 (java windows)
Content-Length: 131
Content-Type: application/json; charset=utf-8
host: localhost:23736
accept: */*

Response DefaultHttpResponse(decodeResult: success, version: HTTP/1.1)
HTTP/1.1 200 OK
Content-Length: 14
Content-Type: application/json; charset=utf-8
cache-control: no-cache

19:54:39.757 [AsyncHttpClient-1-5] DEBUG org.asynchttpclient.netty.channel.ChannelManager - Adding key: http://localhost:23736 for channel [id: 0xc17ea812, L:/127.0.0.1:56374 - R:localhost/127.0.0.1:23736]
19:54:39.762 [Forwarding getAlertText on session b0b76c6cad48cff7a8e08a0f625cc278 to remote] DEBUG org.asynchttpclient.netty.request.NettyRequestSender - Using pooled Channel '[id: 0xc17ea812, L:/127.0.0.1:56374 - R:localhost/127.0.0.1:23736]' for 'GET' to 'http://localhost:23736/session/b0b76c6cad48cff7a8e08a0f625cc278/alert/text'
19:54:39.762 [Forwarding getAlertText on session b0b76c6cad48cff7a8e08a0f625cc278 to remote] DEBUG org.asynchttpclient.netty.request.NettyRequestSender - Using open Channel [id: 0xc17ea812, L:/127.0.0.1:56374 - R:localhost/127.0.0.1:23736] for GET '/session/b0b76c6cad48cff7a8e08a0f625cc278/alert/text'
19:54:39.762 [AsyncHttpClient-1-5] DEBUG org.asynchttpclient.netty.handler.HttpHandler - 

Request DefaultFullHttpRequest(decodeResult: success, version: HTTP/1.1, content: EmptyByteBufBE)
GET /session/b0b76c6cad48cff7a8e08a0f625cc278/alert/text HTTP/1.1
User-Agent: selenium/4.8.1 (java windows)
Cache-Control: no-cache
Content-Type: application/json; charset=utf-8
host: localhost:23736
accept: */*

Response DefaultHttpResponse(decodeResult: success, version: HTTP/1.1)
HTTP/1.1 404 Not Found
Content-Length: 816
Content-Type: application/json; charset=utf-8
cache-control: no-cache

19:54:39.762 [AsyncHttpClient-1-5] DEBUG org.asynchttpclient.netty.channel.ChannelManager - Adding key: http://localhost:23736 for channel [id: 0xc17ea812, L:/127.0.0.1:56374 - R:localhost/127.0.0.1:23736]
19:54:39.763 [Forwarding getCurrentUrl on session b0b76c6cad48cff7a8e08a0f625cc278 to remote] DEBUG org.asynchttpclient.netty.request.NettyRequestSender - Using pooled Channel '[id: 0xc17ea812, L:/127.0.0.1:56374 - R:localhost/127.0.0.1:23736]' for 'GET' to 'http://localhost:23736/session/b0b76c6cad48cff7a8e08a0f625cc278/url'
19:54:39.763 [Forwarding getCurrentUrl on session b0b76c6cad48cff7a8e08a0f625cc278 to remote] DEBUG org.asynchttpclient.netty.request.NettyRequestSender - Using open Channel [id: 0xc17ea812, L:/127.0.0.1:56374 - R:localhost/127.0.0.1:23736] for GET '/session/b0b76c6cad48cff7a8e08a0f625cc278/url'
19:54:39.767 [AsyncHttpClient-1-5] DEBUG org.asynchttpclient.netty.handler.HttpHandler - 

Request DefaultFullHttpRequest(decodeResult: success, version: HTTP/1.1, content: EmptyByteBufBE)
GET /session/b0b76c6cad48cff7a8e08a0f625cc278/url HTTP/1.1
User-Agent: selenium/4.8.1 (java windows)
Cache-Control: no-cache
Content-Type: application/json; charset=utf-8
host: localhost:23736
accept: */*

Response DefaultHttpResponse(decodeResult: success, version: HTTP/1.1)
HTTP/1.1 200 OK
Content-Length: 60
Content-Type: application/json; charset=utf-8
cache-control: no-cache

19:54:39.767 [AsyncHttpClient-1-5] DEBUG org.asynchttpclient.netty.channel.ChannelManager - Adding key: http://localhost:23736 for channel [id: 0xc17ea812, L:/127.0.0.1:56374 - R:localhost/127.0.0.1:23736]
19:54:39.767 [Forwarding screenshot on session b0b76c6cad48cff7a8e08a0f625cc278 to remote] DEBUG org.asynchttpclient.netty.request.NettyRequestSender - Using pooled Channel '[id: 0xc17ea812, L:/127.0.0.1:56374 - R:localhost/127.0.0.1:23736]' for 'GET' to 'http://localhost:23736/session/b0b76c6cad48cff7a8e08a0f625cc278/screenshot'
19:54:39.767 [Forwarding screenshot on session b0b76c6cad48cff7a8e08a0f625cc278 to remote] DEBUG org.asynchttpclient.netty.request.NettyRequestSender - Using open Channel [id: 0xc17ea812, L:/127.0.0.1:56374 - R:localhost/127.0.0.1:23736] for GET '/session/b0b76c6cad48cff7a8e08a0f625cc278/screenshot'
19:54:39.874 [AsyncHttpClient-1-5] DEBUG org.asynchttpclient.netty.handler.HttpHandler - 

Request DefaultFullHttpRequest(decodeResult: success, version: HTTP/1.1, content: EmptyByteBufBE)
GET /session/b0b76c6cad48cff7a8e08a0f625cc278/screenshot HTTP/1.1
User-Agent: selenium/4.8.1 (java windows)
Cache-Control: no-cache
Content-Type: application/json; charset=utf-8
host: localhost:23736
accept: */*

Response DefaultHttpResponse(decodeResult: success, version: HTTP/1.1)
HTTP/1.1 200 OK
Content-Length: 41048
Content-Type: application/json; charset=utf-8
cache-control: no-cache

19:54:39.874 [AsyncHttpClient-1-5] DEBUG org.asynchttpclient.netty.channel.ChannelManager - Adding key: http://localhost:23736 for channel [id: 0xc17ea812, L:/127.0.0.1:56374 - R:localhost/127.0.0.1:23736]
19:54:39.876 [main] DEBUG net.serenitybdd.core.photography.Darkroom - Send negative for processing for target\site\serenity\8f4229026bcfda51876ee96d4047651202aaeffd413dccf66c49e0548d5394f8.png
19:54:39.876 [main] DEBUG net.thucydides.core.steps.StepInterceptor - STEP DONE: fillDetailForm
19:54:39.876 [Darkroom Processing Line] DEBUG net.serenitybdd.core.photography.DarkroomProcessingLine - Processing screenshot image in /var/screenshots/screenshot-18185351446531799362
19:54:39.876 [Darkroom Processing Line] DEBUG net.serenitybdd.core.photography.DarkroomProcessingLine - Saving screenshot to target\site\serenity\8f4229026bcfda51876ee96d4047651202aaeffd413dccf66c49e0548d5394f8.png
  &amp#27;[32mAnd &amp#27;[0m&amp#27;[32mI fill &amp#27;[0m&amp#27;[32m&amp#27;[1m"first name"&amp#27;[0m&amp#27;[32m, &amp#27;[0m&amp#27;[32m&amp#27;[1m"last name"&amp#27;[0m&amp#27;[32m, &amp#27;[0m&amp#27;[32m&amp#27;[1m"13111"&amp#27;[0m                       &amp#27;[90m# starter.stepDefinitions.CheckoutSteps.fillDetails(java.lang.String,java.lang.String,java.lang.String)&amp#27;[0m
19:54:39.885 [Forwarding getPageSource on session b0b76c6cad48cff7a8e08a0f625cc278 to remote] DEBUG org.asynchttpclient.netty.request.NettyRequestSender - Using pooled Channel '[id: 0xc17ea812, L:/127.0.0.1:56374 - R:localhost/127.0.0.1:23736]' for 'POST' to 'http://localhost:23736/session/b0b76c6cad48cff7a8e08a0f625cc278/execute/sync'
19:54:39.885 [Forwarding getPageSource on session b0b76c6cad48cff7a8e08a0f625cc278 to remote] DEBUG org.asynchttpclient.netty.request.NettyRequestSender - Using open Channel [id: 0xc17ea812, L:/127.0.0.1:56374 - R:localhost/127.0.0.1:23736] for POST '/session/b0b76c6cad48cff7a8e08a0f625cc278/execute/sync'
19:54:39.889 [AsyncHttpClient-1-5] DEBUG org.asynchttpclient.netty.handler.HttpHandler - 

Request DefaultHttpRequest(decodeResult: success, version: HTTP/1.1)
POST /session/b0b76c6cad48cff7a8e08a0f625cc278/execute/sync HTTP/1.1
User-Agent: selenium/4.8.1 (java windows)
Content-Length: 176
Content-Type: application/json; charset=utf-8
host: localhost:23736
accept: */*

Response DefaultHttpResponse(decodeResult: success, version: HTTP/1.1)
HTTP/1.1 200 OK
Content-Length: 12629
Content-Type: application/json; charset=utf-8
cache-control: no-cache

19:54:39.889 [AsyncHttpClient-1-5] DEBUG org.asynchttpclient.netty.channel.ChannelManager - Adding key: http://localhost:23736 for channel [id: 0xc17ea812, L:/127.0.0.1:56374 - R:localhost/127.0.0.1:23736]
19:54:39.892 [Forwarding getCurrentUrl on session b0b76c6cad48cff7a8e08a0f625cc278 to remote] DEBUG org.asynchttpclient.netty.request.NettyRequestSender - Using pooled Channel '[id: 0xc17ea812, L:/127.0.0.1:56374 - R:localhost/127.0.0.1:23736]' for 'GET' to 'http://localhost:23736/session/b0b76c6cad48cff7a8e08a0f625cc278/url'
19:54:39.892 [Forwarding getCurrentUrl on session b0b76c6cad48cff7a8e08a0f625cc278 to remote] DEBUG org.asynchttpclient.netty.request.NettyRequestSender - Using open Channel [id: 0xc17ea812, L:/127.0.0.1:56374 - R:localhost/127.0.0.1:23736] for GET '/session/b0b76c6cad48cff7a8e08a0f625cc278/url'
19:54:39.894 [AsyncHttpClient-1-5] DEBUG org.asynchttpclient.netty.handler.HttpHandler - 

Request DefaultFullHttpRequest(decodeResult: success, version: HTTP/1.1, content: EmptyByteBufBE)
GET /session/b0b76c6cad48cff7a8e08a0f625cc278/url HTTP/1.1
User-Agent: selenium/4.8.1 (java windows)
Cache-Control: no-cache
Content-Type: application/json; charset=utf-8
host: localhost:23736
accept: */*

Response DefaultHttpResponse(decodeResult: success, version: HTTP/1.1)
HTTP/1.1 200 OK
Content-Length: 60
Content-Type: application/json; charset=utf-8
cache-control: no-cache

19:54:39.895 [AsyncHttpClient-1-5] DEBUG org.asynchttpclient.netty.channel.ChannelManager - Adding key: http://localhost:23736 for channel [id: 0xc17ea812, L:/127.0.0.1:56374 - R:localhost/127.0.0.1:23736]
19:54:39.904 [Forwarding getPageSource on session b0b76c6cad48cff7a8e08a0f625cc278 to remote] DEBUG org.asynchttpclient.netty.request.NettyRequestSender - Using pooled Channel '[id: 0xc17ea812, L:/127.0.0.1:56374 - R:localhost/127.0.0.1:23736]' for 'POST' to 'http://localhost:23736/session/b0b76c6cad48cff7a8e08a0f625cc278/execute/sync'
19:54:39.904 [Forwarding getPageSource on session b0b76c6cad48cff7a8e08a0f625cc278 to remote] DEBUG org.asynchttpclient.netty.request.NettyRequestSender - Using open Channel [id: 0xc17ea812, L:/127.0.0.1:56374 - R:localhost/127.0.0.1:23736] for POST '/session/b0b76c6cad48cff7a8e08a0f625cc278/execute/sync'
19:54:39.909 [AsyncHttpClient-1-5] DEBUG org.asynchttpclient.netty.handler.HttpHandler - 

Request DefaultHttpRequest(decodeResult: success, version: HTTP/1.1)
POST /session/b0b76c6cad48cff7a8e08a0f625cc278/execute/sync HTTP/1.1
User-Agent: selenium/4.8.1 (java windows)
Content-Length: 176
Content-Type: application/json; charset=utf-8
host: localhost:23736
accept: */*

Response DefaultHttpResponse(decodeResult: success, version: HTTP/1.1)
HTTP/1.1 200 OK
Content-Length: 12629
Content-Type: application/json; charset=utf-8
cache-control: no-cache

19:54:39.909 [AsyncHttpClient-1-5] DEBUG org.asynchttpclient.netty.channel.ChannelManager - Adding key: http://localhost:23736 for channel [id: 0xc17ea812, L:/127.0.0.1:56374 - R:localhost/127.0.0.1:23736]
19:54:39.912 [Forwarding getCurrentUrl on session b0b76c6cad48cff7a8e08a0f625cc278 to remote] DEBUG org.asynchttpclient.netty.request.NettyRequestSender - Using pooled Channel '[id: 0xc17ea812, L:/127.0.0.1:56374 - R:localhost/127.0.0.1:23736]' for 'GET' to 'http://localhost:23736/session/b0b76c6cad48cff7a8e08a0f625cc278/url'
19:54:39.913 [Forwarding getCurrentUrl on session b0b76c6cad48cff7a8e08a0f625cc278 to remote] DEBUG org.asynchttpclient.netty.request.NettyRequestSender - Using open Channel [id: 0xc17ea812, L:/127.0.0.1:56374 - R:localhost/127.0.0.1:23736] for GET '/session/b0b76c6cad48cff7a8e08a0f625cc278/url'
19:54:39.915 [AsyncHttpClient-1-5] DEBUG org.asynchttpclient.netty.handler.HttpHandler - 

Request DefaultFullHttpRequest(decodeResult: success, version: HTTP/1.1, content: EmptyByteBufBE)
GET /session/b0b76c6cad48cff7a8e08a0f625cc278/url HTTP/1.1
User-Agent: selenium/4.8.1 (java windows)
Cache-Control: no-cache
Content-Type: application/json; charset=utf-8
host: localhost:23736
accept: */*

Response DefaultHttpResponse(decodeResult: success, version: HTTP/1.1)
HTTP/1.1 200 OK
Content-Length: 60
Content-Type: application/json; charset=utf-8
cache-control: no-cache

19:54:39.915 [AsyncHttpClient-1-5] DEBUG org.asynchttpclient.netty.channel.ChannelManager - Adding key: http://localhost:23736 for channel [id: 0xc17ea812, L:/127.0.0.1:56374 - R:localhost/127.0.0.1:23736]
19:54:39.918 [main] DEBUG net.thucydides.core.steps.StepInterceptor - STARTING STEP: CheckoutSteps.pressContinueButton - clickContinueButton
19:54:39.920 [Forwarding findElement on session b0b76c6cad48cff7a8e08a0f625cc278 to remote] DEBUG org.asynchttpclient.netty.request.NettyRequestSender - Using pooled Channel '[id: 0xc17ea812, L:/127.0.0.1:56374 - R:localhost/127.0.0.1:23736]' for 'POST' to 'http://localhost:23736/session/b0b76c6cad48cff7a8e08a0f625cc278/element'
19:54:39.920 [Forwarding findElement on session b0b76c6cad48cff7a8e08a0f625cc278 to remote] DEBUG org.asynchttpclient.netty.request.NettyRequestSender - Using open Channel [id: 0xc17ea812, L:/127.0.0.1:56374 - R:localhost/127.0.0.1:23736] for POST '/session/b0b76c6cad48cff7a8e08a0f625cc278/element'
19:54:39.928 [AsyncHttpClient-1-5] DEBUG org.asynchttpclient.netty.handler.HttpHandler - 

Request DefaultHttpRequest(decodeResult: success, version: HTTP/1.1)
POST /session/b0b76c6cad48cff7a8e08a0f625cc278/element HTTP/1.1
User-Agent: selenium/4.8.1 (java windows)
Content-Length: 53
Content-Type: application/json; charset=utf-8
host: localhost:23736
accept: */*

Response DefaultHttpResponse(decodeResult: success, version: HTTP/1.1)
HTTP/1.1 200 OK
Content-Length: 88
Content-Type: application/json; charset=utf-8
cache-control: no-cache

19:54:39.929 [AsyncHttpClient-1-5] DEBUG org.asynchttpclient.netty.channel.ChannelManager - Adding key: http://localhost:23736 for channel [id: 0xc17ea812, L:/127.0.0.1:56374 - R:localhost/127.0.0.1:23736]
19:54:39.930 [Forwarding getElementTagName on session b0b76c6cad48cff7a8e08a0f625cc278 to remote] DEBUG org.asynchttpclient.netty.request.NettyRequestSender - Using pooled Channel '[id: 0xc17ea812, L:/127.0.0.1:56374 - R:localhost/127.0.0.1:23736]' for 'GET' to 'http://localhost:23736/session/b0b76c6cad48cff7a8e08a0f625cc278/element/ed89d45f-cd0e-419c-bcbe-47524919860a/name'
19:54:39.930 [Forwarding getElementTagName on session b0b76c6cad48cff7a8e08a0f625cc278 to remote] DEBUG org.asynchttpclient.netty.request.NettyRequestSender - Using open Channel [id: 0xc17ea812, L:/127.0.0.1:56374 - R:localhost/127.0.0.1:23736] for GET '/session/b0b76c6cad48cff7a8e08a0f625cc278/element/ed89d45f-cd0e-419c-bcbe-47524919860a/name'
19:54:39.934 [AsyncHttpClient-1-5] DEBUG org.asynchttpclient.netty.handler.HttpHandler - 

Request DefaultFullHttpRequest(decodeResult: success, version: HTTP/1.1, content: EmptyByteBufBE)
GET /session/b0b76c6cad48cff7a8e08a0f625cc278/element/ed89d45f-cd0e-419c-bcbe-47524919860a/name HTTP/1.1
User-Agent: selenium/4.8.1 (java windows)
Cache-Control: no-cache
Content-Type: application/json; charset=utf-8
host: localhost:23736
accept: */*

Response DefaultHttpResponse(decodeResult: success, version: HTTP/1.1)
HTTP/1.1 200 OK
Content-Length: 17
Content-Type: application/json; charset=utf-8
cache-control: no-cache

19:54:39.934 [AsyncHttpClient-1-5] DEBUG org.asynchttpclient.netty.channel.ChannelManager - Adding key: http://localhost:23736 for channel [id: 0xc17ea812, L:/127.0.0.1:56374 - R:localhost/127.0.0.1:23736]
19:54:39.935 [Forwarding getElementTagName on session b0b76c6cad48cff7a8e08a0f625cc278 to remote] DEBUG org.asynchttpclient.netty.request.NettyRequestSender - Using pooled Channel '[id: 0xc17ea812, L:/127.0.0.1:56374 - R:localhost/127.0.0.1:23736]' for 'GET' to 'http://localhost:23736/session/b0b76c6cad48cff7a8e08a0f625cc278/element/ed89d45f-cd0e-419c-bcbe-47524919860a/name'
19:54:39.935 [Forwarding getElementTagName on session b0b76c6cad48cff7a8e08a0f625cc278 to remote] DEBUG org.asynchttpclient.netty.request.NettyRequestSender - Using open Channel [id: 0xc17ea812, L:/127.0.0.1:56374 - R:localhost/127.0.0.1:23736] for GET '/session/b0b76c6cad48cff7a8e08a0f625cc278/element/ed89d45f-cd0e-419c-bcbe-47524919860a/name'
19:54:39.940 [AsyncHttpClient-1-5] DEBUG org.asynchttpclient.netty.handler.HttpHandler - 

Request DefaultFullHttpRequest(decodeResult: success, version: HTTP/1.1, content: EmptyByteBufBE)
GET /session/b0b76c6cad48cff7a8e08a0f625cc278/element/ed89d45f-cd0e-419c-bcbe-47524919860a/name HTTP/1.1
User-Agent: selenium/4.8.1 (java windows)
Cache-Control: no-cache
Content-Type: application/json; charset=utf-8
host: localhost:23736
accept: */*

Response DefaultHttpResponse(decodeResult: success, version: HTTP/1.1)
HTTP/1.1 200 OK
Content-Length: 17
Content-Type: application/json; charset=utf-8
cache-control: no-cache

19:54:39.940 [AsyncHttpClient-1-5] DEBUG org.asynchttpclient.netty.channel.ChannelManager - Adding key: http://localhost:23736 for channel [id: 0xc17ea812, L:/127.0.0.1:56374 - R:localhost/127.0.0.1:23736]
19:54:39.944 [Forwarding isElementEnabled on session b0b76c6cad48cff7a8e08a0f625cc278 to remote] DEBUG org.asynchttpclient.netty.request.NettyRequestSender - Using pooled Channel '[id: 0xc17ea812, L:/127.0.0.1:56374 - R:localhost/127.0.0.1:23736]' for 'GET' to 'http://localhost:23736/session/b0b76c6cad48cff7a8e08a0f625cc278/element/ed89d45f-cd0e-419c-bcbe-47524919860a/enabled'
19:54:39.944 [Forwarding isElementEnabled on session b0b76c6cad48cff7a8e08a0f625cc278 to remote] DEBUG org.asynchttpclient.netty.request.NettyRequestSender - Using open Channel [id: 0xc17ea812, L:/127.0.0.1:56374 - R:localhost/127.0.0.1:23736] for GET '/session/b0b76c6cad48cff7a8e08a0f625cc278/element/ed89d45f-cd0e-419c-bcbe-47524919860a/enabled'
19:54:39.951 [AsyncHttpClient-1-5] DEBUG org.asynchttpclient.netty.handler.HttpHandler - 

Request DefaultFullHttpRequest(decodeResult: success, version: HTTP/1.1, content: EmptyByteBufBE)
GET /session/b0b76c6cad48cff7a8e08a0f625cc278/element/ed89d45f-cd0e-419c-bcbe-47524919860a/enabled HTTP/1.1
User-Agent: selenium/4.8.1 (java windows)
Cache-Control: no-cache
Content-Type: application/json; charset=utf-8
host: localhost:23736
accept: */*

Response DefaultHttpResponse(decodeResult: success, version: HTTP/1.1)
HTTP/1.1 200 OK
Content-Length: 14
Content-Type: application/json; charset=utf-8
cache-control: no-cache

19:54:39.951 [AsyncHttpClient-1-5] DEBUG org.asynchttpclient.netty.channel.ChannelManager - Adding key: http://localhost:23736 for channel [id: 0xc17ea812, L:/127.0.0.1:56374 - R:localhost/127.0.0.1:23736]
19:54:39.953 [Forwarding isElementEnabled on session b0b76c6cad48cff7a8e08a0f625cc278 to remote] DEBUG org.asynchttpclient.netty.request.NettyRequestSender - Using pooled Channel '[id: 0xc17ea812, L:/127.0.0.1:56374 - R:localhost/127.0.0.1:23736]' for 'GET' to 'http://localhost:23736/session/b0b76c6cad48cff7a8e08a0f625cc278/element/ed89d45f-cd0e-419c-bcbe-47524919860a/enabled'
19:54:39.953 [Forwarding isElementEnabled on session b0b76c6cad48cff7a8e08a0f625cc278 to remote] DEBUG org.asynchttpclient.netty.request.NettyRequestSender - Using open Channel [id: 0xc17ea812, L:/127.0.0.1:56374 - R:localhost/127.0.0.1:23736] for GET '/session/b0b76c6cad48cff7a8e08a0f625cc278/element/ed89d45f-cd0e-419c-bcbe-47524919860a/enabled'
19:54:39.958 [AsyncHttpClient-1-5] DEBUG org.asynchttpclient.netty.handler.HttpHandler - 

Request DefaultFullHttpRequest(decodeResult: success, version: HTTP/1.1, content: EmptyByteBufBE)
GET /session/b0b76c6cad48cff7a8e08a0f625cc278/element/ed89d45f-cd0e-419c-bcbe-47524919860a/enabled HTTP/1.1
User-Agent: selenium/4.8.1 (java windows)
Cache-Control: no-cache
Content-Type: application/json; charset=utf-8
host: localhost:23736
accept: */*

Response DefaultHttpResponse(decodeResult: success, version: HTTP/1.1)
HTTP/1.1 200 OK
Content-Length: 14
Content-Type: application/json; charset=utf-8
cache-control: no-cache

19:54:39.958 [AsyncHttpClient-1-5] DEBUG org.asynchttpclient.netty.channel.ChannelManager - Adding key: http://localhost:23736 for channel [id: 0xc17ea812, L:/127.0.0.1:56374 - R:localhost/127.0.0.1:23736]
19:54:39.961 [Forwarding findElement on session b0b76c6cad48cff7a8e08a0f625cc278 to remote] DEBUG org.asynchttpclient.netty.request.NettyRequestSender - Using pooled Channel '[id: 0xc17ea812, L:/127.0.0.1:56374 - R:localhost/127.0.0.1:23736]' for 'POST' to 'http://localhost:23736/session/b0b76c6cad48cff7a8e08a0f625cc278/element'
19:54:39.961 [Forwarding findElement on session b0b76c6cad48cff7a8e08a0f625cc278 to remote] DEBUG org.asynchttpclient.netty.request.NettyRequestSender - Using open Channel [id: 0xc17ea812, L:/127.0.0.1:56374 - R:localhost/127.0.0.1:23736] for POST '/session/b0b76c6cad48cff7a8e08a0f625cc278/element'
19:54:39.968 [AsyncHttpClient-1-5] DEBUG org.asynchttpclient.netty.handler.HttpHandler - 

Request DefaultHttpRequest(decodeResult: success, version: HTTP/1.1)
POST /session/b0b76c6cad48cff7a8e08a0f625cc278/element HTTP/1.1
User-Agent: selenium/4.8.1 (java windows)
Content-Length: 53
Content-Type: application/json; charset=utf-8
host: localhost:23736
accept: */*

Response DefaultHttpResponse(decodeResult: success, version: HTTP/1.1)
HTTP/1.1 200 OK
Content-Length: 88
Content-Type: application/json; charset=utf-8
cache-control: no-cache

19:54:39.968 [AsyncHttpClient-1-5] DEBUG org.asynchttpclient.netty.channel.ChannelManager - Adding key: http://localhost:23736 for channel [id: 0xc17ea812, L:/127.0.0.1:56374 - R:localhost/127.0.0.1:23736]
19:54:39.970 [Forwarding clickElement on session b0b76c6cad48cff7a8e08a0f625cc278 to remote] DEBUG org.asynchttpclient.netty.request.NettyRequestSender - Using pooled Channel '[id: 0xc17ea812, L:/127.0.0.1:56374 - R:localhost/127.0.0.1:23736]' for 'POST' to 'http://localhost:23736/session/b0b76c6cad48cff7a8e08a0f625cc278/element/ed89d45f-cd0e-419c-bcbe-47524919860a/click'
19:54:39.970 [Forwarding clickElement on session b0b76c6cad48cff7a8e08a0f625cc278 to remote] DEBUG org.asynchttpclient.netty.request.NettyRequestSender - Using open Channel [id: 0xc17ea812, L:/127.0.0.1:56374 - R:localhost/127.0.0.1:23736] for POST '/session/b0b76c6cad48cff7a8e08a0f625cc278/element/ed89d45f-cd0e-419c-bcbe-47524919860a/click'
19:54:40.018 [AsyncHttpClient-1-1] DEBUG org.asynchttpclient.netty.channel.DefaultChannelPool - Entry count for : http://localhost:56375 : 1
19:54:40.021 [AsyncHttpClient-1-5] DEBUG org.asynchttpclient.netty.handler.HttpHandler - 

Request DefaultHttpRequest(decodeResult: success, version: HTTP/1.1)
POST /session/b0b76c6cad48cff7a8e08a0f625cc278/element/ed89d45f-cd0e-419c-bcbe-47524919860a/click HTTP/1.1
User-Agent: selenium/4.8.1 (java windows)
Content-Length: 50
Content-Type: application/json; charset=utf-8
host: localhost:23736
accept: */*

Response DefaultHttpResponse(decodeResult: success, version: HTTP/1.1)
HTTP/1.1 200 OK
Content-Length: 14
Content-Type: application/json; charset=utf-8
cache-control: no-cache

19:54:40.021 [AsyncHttpClient-1-5] DEBUG org.asynchttpclient.netty.channel.ChannelManager - Adding key: http://localhost:23736 for channel [id: 0xc17ea812, L:/127.0.0.1:56374 - R:localhost/127.0.0.1:23736]
19:54:40.024 [Forwarding getAlertText on session b0b76c6cad48cff7a8e08a0f625cc278 to remote] DEBUG org.asynchttpclient.netty.request.NettyRequestSender - Using pooled Channel '[id: 0xc17ea812, L:/127.0.0.1:56374 - R:localhost/127.0.0.1:23736]' for 'GET' to 'http://localhost:23736/session/b0b76c6cad48cff7a8e08a0f625cc278/alert/text'
19:54:40.024 [Forwarding getAlertText on session b0b76c6cad48cff7a8e08a0f625cc278 to remote] DEBUG org.asynchttpclient.netty.request.NettyRequestSender - Using open Channel [id: 0xc17ea812, L:/127.0.0.1:56374 - R:localhost/127.0.0.1:23736] for GET '/session/b0b76c6cad48cff7a8e08a0f625cc278/alert/text'
19:54:40.025 [AsyncHttpClient-1-5] DEBUG org.asynchttpclient.netty.handler.HttpHandler - 

Request DefaultFullHttpRequest(decodeResult: success, version: HTTP/1.1, content: EmptyByteBufBE)
GET /session/b0b76c6cad48cff7a8e08a0f625cc278/alert/text HTTP/1.1
User-Agent: selenium/4.8.1 (java windows)
Cache-Control: no-cache
Content-Type: application/json; charset=utf-8
host: localhost:23736
accept: */*

Response DefaultHttpResponse(decodeResult: success, version: HTTP/1.1)
HTTP/1.1 404 Not Found
Content-Length: 816
Content-Type: application/json; charset=utf-8
cache-control: no-cache

19:54:40.025 [AsyncHttpClient-1-5] DEBUG org.asynchttpclient.netty.channel.ChannelManager - Adding key: http://localhost:23736 for channel [id: 0xc17ea812, L:/127.0.0.1:56374 - R:localhost/127.0.0.1:23736]
19:54:40.026 [Forwarding getCurrentUrl on session b0b76c6cad48cff7a8e08a0f625cc278 to remote] DEBUG org.asynchttpclient.netty.request.NettyRequestSender - Using pooled Channel '[id: 0xc17ea812, L:/127.0.0.1:56374 - R:localhost/127.0.0.1:23736]' for 'GET' to 'http://localhost:23736/session/b0b76c6cad48cff7a8e08a0f625cc278/url'
19:54:40.026 [Forwarding getCurrentUrl on session b0b76c6cad48cff7a8e08a0f625cc278 to remote] DEBUG org.asynchttpclient.netty.request.NettyRequestSender - Using open Channel [id: 0xc17ea812, L:/127.0.0.1:56374 - R:localhost/127.0.0.1:23736] for GET '/session/b0b76c6cad48cff7a8e08a0f625cc278/url'
19:54:40.029 [AsyncHttpClient-1-5] DEBUG org.asynchttpclient.netty.handler.HttpHandler - 

Request DefaultFullHttpRequest(decodeResult: success, version: HTTP/1.1, content: EmptyByteBufBE)
GET /session/b0b76c6cad48cff7a8e08a0f625cc278/url HTTP/1.1
User-Agent: selenium/4.8.1 (java windows)
Cache-Control: no-cache
Content-Type: application/json; charset=utf-8
host: localhost:23736
accept: */*

Response DefaultHttpResponse(decodeResult: success, version: HTTP/1.1)
HTTP/1.1 200 OK
Content-Length: 60
Content-Type: application/json; charset=utf-8
cache-control: no-cache

19:54:40.029 [AsyncHttpClient-1-5] DEBUG org.asynchttpclient.netty.channel.ChannelManager - Adding key: http://localhost:23736 for channel [id: 0xc17ea812, L:/127.0.0.1:56374 - R:localhost/127.0.0.1:23736]
19:54:40.030 [Forwarding screenshot on session b0b76c6cad48cff7a8e08a0f625cc278 to remote] DEBUG org.asynchttpclient.netty.request.NettyRequestSender - Using pooled Channel '[id: 0xc17ea812, L:/127.0.0.1:56374 - R:localhost/127.0.0.1:23736]' for 'GET' to 'http://localhost:23736/session/b0b76c6cad48cff7a8e08a0f625cc278/screenshot'
19:54:40.030 [Forwarding screenshot on session b0b76c6cad48cff7a8e08a0f625cc278 to remote] DEBUG org.asynchttpclient.netty.request.NettyRequestSender - Using open Channel [id: 0xc17ea812, L:/127.0.0.1:56374 - R:localhost/127.0.0.1:23736] for GET '/session/b0b76c6cad48cff7a8e08a0f625cc278/screenshot'
19:54:40.142 [AsyncHttpClient-1-5] DEBUG org.asynchttpclient.netty.handler.HttpHandler - 

Request DefaultFullHttpRequest(decodeResult: success, version: HTTP/1.1, content: EmptyByteBufBE)
GET /session/b0b76c6cad48cff7a8e08a0f625cc278/screenshot HTTP/1.1
User-Agent: selenium/4.8.1 (java windows)
Cache-Control: no-cache
Content-Type: application/json; charset=utf-8
host: localhost:23736
accept: */*

Response DefaultHttpResponse(decodeResult: success, version: HTTP/1.1)
HTTP/1.1 200 OK
Content-Length: 103012
Content-Type: application/json; charset=utf-8
cache-control: no-cache

19:54:40.142 [AsyncHttpClient-1-5] DEBUG org.asynchttpclient.netty.channel.ChannelManager - Adding key: http://localhost:23736 for channel [id: 0xc17ea812, L:/127.0.0.1:56374 - R:localhost/127.0.0.1:23736]
19:54:40.145 [main] DEBUG net.serenitybdd.core.photography.Darkroom - Send negative for processing for target\site\serenity\31fb4f51c73cbc24e5598aa4b1d236eac1ed53bce60d73999f904e4fbad708b4.png
19:54:40.145 [main] DEBUG net.thucydides.core.steps.StepInterceptor - STEP DONE: clickContinueButton
19:54:40.145 [Darkroom Processing Line] DEBUG net.serenitybdd.core.photography.DarkroomProcessingLine - Processing screenshot image in /var/screenshots/screenshot-9290221628566140211
19:54:40.145 [Darkroom Processing Line] DEBUG net.serenitybdd.core.photography.DarkroomProcessingLine - Saving screenshot to target\site\serenity\31fb4f51c73cbc24e5598aa4b1d236eac1ed53bce60d73999f904e4fbad708b4.png
  &amp#27;[32mAnd &amp#27;[0m&amp#27;[32mI press continue button&amp#27;[0m                                         &amp#27;[90m# starter.stepDefinitions.CheckoutSteps.pressContinueButton()&amp#27;[0m
19:54:40.152 [Forwarding getPageSource on session b0b76c6cad48cff7a8e08a0f625cc278 to remote] DEBUG org.asynchttpclient.netty.request.NettyRequestSender - Using pooled Channel '[id: 0xc17ea812, L:/127.0.0.1:56374 - R:localhost/127.0.0.1:23736]' for 'POST' to 'http://localhost:23736/session/b0b76c6cad48cff7a8e08a0f625cc278/execute/sync'
19:54:40.152 [Forwarding getPageSource on session b0b76c6cad48cff7a8e08a0f625cc278 to remote] DEBUG org.asynchttpclient.netty.request.NettyRequestSender - Using open Channel [id: 0xc17ea812, L:/127.0.0.1:56374 - R:localhost/127.0.0.1:23736] for POST '/session/b0b76c6cad48cff7a8e08a0f625cc278/execute/sync'
19:54:40.156 [AsyncHttpClient-1-5] DEBUG org.asynchttpclient.netty.handler.HttpHandler - 

Request DefaultHttpRequest(decodeResult: success, version: HTTP/1.1)
POST /session/b0b76c6cad48cff7a8e08a0f625cc278/execute/sync HTTP/1.1
User-Agent: selenium/4.8.1 (java windows)
Content-Length: 176
Content-Type: application/json; charset=utf-8
host: localhost:23736
accept: */*

Response DefaultHttpResponse(decodeResult: success, version: HTTP/1.1)
HTTP/1.1 200 OK
Content-Length: 12973
Content-Type: application/json; charset=utf-8
cache-control: no-cache

19:54:40.156 [AsyncHttpClient-1-5] DEBUG org.asynchttpclient.netty.channel.ChannelManager - Adding key: http://localhost:23736 for channel [id: 0xc17ea812, L:/127.0.0.1:56374 - R:localhost/127.0.0.1:23736]
19:54:40.158 [Forwarding getCurrentUrl on session b0b76c6cad48cff7a8e08a0f625cc278 to remote] DEBUG org.asynchttpclient.netty.request.NettyRequestSender - Using pooled Channel '[id: 0xc17ea812, L:/127.0.0.1:56374 - R:localhost/127.0.0.1:23736]' for 'GET' to 'http://localhost:23736/session/b0b76c6cad48cff7a8e08a0f625cc278/url'
19:54:40.158 [Forwarding getCurrentUrl on session b0b76c6cad48cff7a8e08a0f625cc278 to remote] DEBUG org.asynchttpclient.netty.request.NettyRequestSender - Using open Channel [id: 0xc17ea812, L:/127.0.0.1:56374 - R:localhost/127.0.0.1:23736] for GET '/session/b0b76c6cad48cff7a8e08a0f625cc278/url'
19:54:40.161 [AsyncHttpClient-1-5] DEBUG org.asynchttpclient.netty.handler.HttpHandler - 

Request DefaultFullHttpRequest(decodeResult: success, version: HTTP/1.1, content: EmptyByteBufBE)
GET /session/b0b76c6cad48cff7a8e08a0f625cc278/url HTTP/1.1
User-Agent: selenium/4.8.1 (java windows)
Cache-Control: no-cache
Content-Type: application/json; charset=utf-8
host: localhost:23736
accept: */*

Response DefaultHttpResponse(decodeResult: success, version: HTTP/1.1)
HTTP/1.1 200 OK
Content-Length: 60
Content-Type: application/json; charset=utf-8
cache-control: no-cache

19:54:40.161 [AsyncHttpClient-1-5] DEBUG org.asynchttpclient.netty.channel.ChannelManager - Adding key: http://localhost:23736 for channel [id: 0xc17ea812, L:/127.0.0.1:56374 - R:localhost/127.0.0.1:23736]
19:54:40.168 [Forwarding getPageSource on session b0b76c6cad48cff7a8e08a0f625cc278 to remote] DEBUG org.asynchttpclient.netty.request.NettyRequestSender - Using pooled Channel '[id: 0xc17ea812, L:/127.0.0.1:56374 - R:localhost/127.0.0.1:23736]' for 'POST' to 'http://localhost:23736/session/b0b76c6cad48cff7a8e08a0f625cc278/execute/sync'
19:54:40.168 [Forwarding getPageSource on session b0b76c6cad48cff7a8e08a0f625cc278 to remote] DEBUG org.asynchttpclient.netty.request.NettyRequestSender - Using open Channel [id: 0xc17ea812, L:/127.0.0.1:56374 - R:localhost/127.0.0.1:23736] for POST '/session/b0b76c6cad48cff7a8e08a0f625cc278/execute/sync'
19:54:40.171 [AsyncHttpClient-1-5] DEBUG org.asynchttpclient.netty.handler.HttpHandler - 

Request DefaultHttpRequest(decodeResult: success, version: HTTP/1.1)
POST /session/b0b76c6cad48cff7a8e08a0f625cc278/execute/sync HTTP/1.1
User-Agent: selenium/4.8.1 (java windows)
Content-Length: 176
Content-Type: application/json; charset=utf-8
host: localhost:23736
accept: */*

Response DefaultHttpResponse(decodeResult: success, version: HTTP/1.1)
HTTP/1.1 200 OK
Content-Length: 12973
Content-Type: application/json; charset=utf-8
cache-control: no-cache

19:54:40.171 [AsyncHttpClient-1-5] DEBUG org.asynchttpclient.netty.channel.ChannelManager - Adding key: http://localhost:23736 for channel [id: 0xc17ea812, L:/127.0.0.1:56374 - R:localhost/127.0.0.1:23736]
19:54:40.173 [Forwarding getCurrentUrl on session b0b76c6cad48cff7a8e08a0f625cc278 to remote] DEBUG org.asynchttpclient.netty.request.NettyRequestSender - Using pooled Channel '[id: 0xc17ea812, L:/127.0.0.1:56374 - R:localhost/127.0.0.1:23736]' for 'GET' to 'http://localhost:23736/session/b0b76c6cad48cff7a8e08a0f625cc278/url'
19:54:40.173 [Forwarding getCurrentUrl on session b0b76c6cad48cff7a8e08a0f625cc278 to remote] DEBUG org.asynchttpclient.netty.request.NettyRequestSender - Using open Channel [id: 0xc17ea812, L:/127.0.0.1:56374 - R:localhost/127.0.0.1:23736] for GET '/session/b0b76c6cad48cff7a8e08a0f625cc278/url'
19:54:40.175 [AsyncHttpClient-1-5] DEBUG org.asynchttpclient.netty.handler.HttpHandler - 

Request DefaultFullHttpRequest(decodeResult: success, version: HTTP/1.1, content: EmptyByteBufBE)
GET /session/b0b76c6cad48cff7a8e08a0f625cc278/url HTTP/1.1
User-Agent: selenium/4.8.1 (java windows)
Cache-Control: no-cache
Content-Type: application/json; charset=utf-8
host: localhost:23736
accept: */*

Response DefaultHttpResponse(decodeResult: success, version: HTTP/1.1)
HTTP/1.1 200 OK
Content-Length: 60
Content-Type: application/json; charset=utf-8
cache-control: no-cache

19:54:40.175 [AsyncHttpClient-1-5] DEBUG org.asynchttpclient.netty.channel.ChannelManager - Adding key: http://localhost:23736 for channel [id: 0xc17ea812, L:/127.0.0.1:56374 - R:localhost/127.0.0.1:23736]
19:54:40.177 [main] DEBUG net.thucydides.core.steps.StepInterceptor - STARTING STEP: CheckoutSteps.checkTitleOnStepTwo - checkTitle
19:54:40.180 [main] DEBUG net.thucydides.core.steps.StepInterceptor - STEP DONE: checkTitle
  &amp#27;[32mThen &amp#27;[0m&amp#27;[32mI will see the &amp#27;[0m&amp#27;[32m&amp#27;[1m"Sauce Labs Backpack"&amp#27;[0m&amp#27;[32m on checkout step two page&amp#27;[0m &amp#27;[90m# starter.stepDefinitions.CheckoutSteps.checkTitleOnStepTwo(java.lang.String)&amp#27;[0m
19:54:40.185 [Forwarding getPageSource on session b0b76c6cad48cff7a8e08a0f625cc278 to remote] DEBUG org.asynchttpclient.netty.request.NettyRequestSender - Using pooled Channel '[id: 0xc17ea812, L:/127.0.0.1:56374 - R:localhost/127.0.0.1:23736]' for 'POST' to 'http://localhost:23736/session/b0b76c6cad48cff7a8e08a0f625cc278/execute/sync'
19:54:40.185 [Forwarding getPageSource on session b0b76c6cad48cff7a8e08a0f625cc278 to remote] DEBUG org.asynchttpclient.netty.request.NettyRequestSender - Using open Channel [id: 0xc17ea812, L:/127.0.0.1:56374 - R:localhost/127.0.0.1:23736] for POST '/session/b0b76c6cad48cff7a8e08a0f625cc278/execute/sync'
19:54:40.190 [AsyncHttpClient-1-5] DEBUG org.asynchttpclient.netty.handler.HttpHandler - 

Request DefaultHttpRequest(decodeResult: success, version: HTTP/1.1)
POST /session/b0b76c6cad48cff7a8e08a0f625cc278/execute/sync HTTP/1.1
User-Agent: selenium/4.8.1 (java windows)
Content-Length: 176
Content-Type: application/json; charset=utf-8
host: localhost:23736
accept: */*

Response DefaultHttpResponse(decodeResult: success, version: HTTP/1.1)
HTTP/1.1 200 OK
Content-Length: 12973
Content-Type: application/json; charset=utf-8
cache-control: no-cache

19:54:40.190 [AsyncHttpClient-1-5] DEBUG org.asynchttpclient.netty.channel.ChannelManager - Adding key: http://localhost:23736 for channel [id: 0xc17ea812, L:/127.0.0.1:56374 - R:localhost/127.0.0.1:23736]
19:54:40.191 [Forwarding getCurrentUrl on session b0b76c6cad48cff7a8e08a0f625cc278 to remote] DEBUG org.asynchttpclient.netty.request.NettyRequestSender - Using pooled Channel '[id: 0xc17ea812, L:/127.0.0.1:56374 - R:localhost/127.0.0.1:23736]' for 'GET' to 'http://localhost:23736/session/b0b76c6cad48cff7a8e08a0f625cc278/url'
19:54:40.191 [Forwarding getCurrentUrl on session b0b76c6cad48cff7a8e08a0f625cc278 to remote] DEBUG org.asynchttpclient.netty.request.NettyRequestSender - Using open Channel [id: 0xc17ea812, L:/127.0.0.1:56374 - R:localhost/127.0.0.1:23736] for GET '/session/b0b76c6cad48cff7a8e08a0f625cc278/url'
19:54:40.193 [AsyncHttpClient-1-5] DEBUG org.asynchttpclient.netty.handler.HttpHandler - 

Request DefaultFullHttpRequest(decodeResult: success, version: HTTP/1.1, content: EmptyByteBufBE)
GET /session/b0b76c6cad48cff7a8e08a0f625cc278/url HTTP/1.1
User-Agent: selenium/4.8.1 (java windows)
Cache-Control: no-cache
Content-Type: application/json; charset=utf-8
host: localhost:23736
accept: */*

Response DefaultHttpResponse(decodeResult: success, version: HTTP/1.1)
HTTP/1.1 200 OK
Content-Length: 60
Content-Type: application/json; charset=utf-8
cache-control: no-cache

19:54:40.194 [AsyncHttpClient-1-5] DEBUG org.asynchttpclient.netty.channel.ChannelManager - Adding key: http://localhost:23736 for channel [id: 0xc17ea812, L:/127.0.0.1:56374 - R:localhost/127.0.0.1:23736]
19:54:40.200 [Forwarding getAlertText on session b0b76c6cad48cff7a8e08a0f625cc278 to remote] DEBUG org.asynchttpclient.netty.request.NettyRequestSender - Using pooled Channel '[id: 0xc17ea812, L:/127.0.0.1:56374 - R:localhost/127.0.0.1:23736]' for 'GET' to 'http://localhost:23736/session/b0b76c6cad48cff7a8e08a0f625cc278/alert/text'
19:54:40.200 [Forwarding getAlertText on session b0b76c6cad48cff7a8e08a0f625cc278 to remote] DEBUG org.asynchttpclient.netty.request.NettyRequestSender - Using open Channel [id: 0xc17ea812, L:/127.0.0.1:56374 - R:localhost/127.0.0.1:23736] for GET '/session/b0b76c6cad48cff7a8e08a0f625cc278/alert/text'
19:54:40.202 [AsyncHttpClient-1-5] DEBUG org.asynchttpclient.netty.handler.HttpHandler - 

Request DefaultFullHttpRequest(decodeResult: success, version: HTTP/1.1, content: EmptyByteBufBE)
GET /session/b0b76c6cad48cff7a8e08a0f625cc278/alert/text HTTP/1.1
User-Agent: selenium/4.8.1 (java windows)
Cache-Control: no-cache
Content-Type: application/json; charset=utf-8
host: localhost:23736
accept: */*

Response DefaultHttpResponse(decodeResult: success, version: HTTP/1.1)
HTTP/1.1 404 Not Found
Content-Length: 816
Content-Type: application/json; charset=utf-8
cache-control: no-cache

19:54:40.202 [AsyncHttpClient-1-5] DEBUG org.asynchttpclient.netty.channel.ChannelManager - Adding key: http://localhost:23736 for channel [id: 0xc17ea812, L:/127.0.0.1:56374 - R:localhost/127.0.0.1:23736]
19:54:40.202 [Forwarding getCurrentUrl on session b0b76c6cad48cff7a8e08a0f625cc278 to remote] DEBUG org.asynchttpclient.netty.request.NettyRequestSender - Using pooled Channel '[id: 0xc17ea812, L:/127.0.0.1:56374 - R:localhost/127.0.0.1:23736]' for 'GET' to 'http://localhost:23736/session/b0b76c6cad48cff7a8e08a0f625cc278/url'
19:54:40.202 [Forwarding getCurrentUrl on session b0b76c6cad48cff7a8e08a0f625cc278 to remote] DEBUG org.asynchttpclient.netty.request.NettyRequestSender - Using open Channel [id: 0xc17ea812, L:/127.0.0.1:56374 - R:localhost/127.0.0.1:23736] for GET '/session/b0b76c6cad48cff7a8e08a0f625cc278/url'
19:54:40.206 [AsyncHttpClient-1-5] DEBUG org.asynchttpclient.netty.handler.HttpHandler - 

Request DefaultFullHttpRequest(decodeResult: success, version: HTTP/1.1, content: EmptyByteBufBE)
GET /session/b0b76c6cad48cff7a8e08a0f625cc278/url HTTP/1.1
User-Agent: selenium/4.8.1 (java windows)
Cache-Control: no-cache
Content-Type: application/json; charset=utf-8
host: localhost:23736
accept: */*

Response DefaultHttpResponse(decodeResult: success, version: HTTP/1.1)
HTTP/1.1 200 OK
Content-Length: 60
Content-Type: application/json; charset=utf-8
cache-control: no-cache

19:54:40.206 [AsyncHttpClient-1-5] DEBUG org.asynchttpclient.netty.channel.ChannelManager - Adding key: http://localhost:23736 for channel [id: 0xc17ea812, L:/127.0.0.1:56374 - R:localhost/127.0.0.1:23736]
19:54:40.206 [Forwarding screenshot on session b0b76c6cad48cff7a8e08a0f625cc278 to remote] DEBUG org.asynchttpclient.netty.request.NettyRequestSender - Using pooled Channel '[id: 0xc17ea812, L:/127.0.0.1:56374 - R:localhost/127.0.0.1:23736]' for 'GET' to 'http://localhost:23736/session/b0b76c6cad48cff7a8e08a0f625cc278/screenshot'
19:54:40.206 [Forwarding screenshot on session b0b76c6cad48cff7a8e08a0f625cc278 to remote] DEBUG org.asynchttpclient.netty.request.NettyRequestSender - Using open Channel [id: 0xc17ea812, L:/127.0.0.1:56374 - R:localhost/127.0.0.1:23736] for GET '/session/b0b76c6cad48cff7a8e08a0f625cc278/screenshot'
19:54:40.312 [AsyncHttpClient-1-5] DEBUG org.asynchttpclient.netty.handler.HttpHandler - 

Request DefaultFullHttpRequest(decodeResult: success, version: HTTP/1.1, content: EmptyByteBufBE)
GET /session/b0b76c6cad48cff7a8e08a0f625cc278/screenshot HTTP/1.1
User-Agent: selenium/4.8.1 (java windows)
Cache-Control: no-cache
Content-Type: application/json; charset=utf-8
host: localhost:23736
accept: */*

Response DefaultHttpResponse(decodeResult: success, version: HTTP/1.1)
HTTP/1.1 200 OK
Content-Length: 103012
Content-Type: application/json; charset=utf-8
cache-control: no-cache

19:54:40.312 [AsyncHttpClient-1-5] DEBUG org.asynchttpclient.netty.channel.ChannelManager - Adding key: http://localhost:23736 for channel [id: 0xc17ea812, L:/127.0.0.1:56374 - R:localhost/127.0.0.1:23736]
19:54:40.314 [main] DEBUG net.serenitybdd.core.photography.Darkroom - Send negative for processing for target\site\serenity\31fb4f51c73cbc24e5598aa4b1d236eac1ed53bce60d73999f904e4fbad708b4.png
19:54:40.314 [Forwarding getPageSource on session b0b76c6cad48cff7a8e08a0f625cc278 to remote] DEBUG org.asynchttpclient.netty.request.NettyRequestSender - Using pooled Channel '[id: 0xc17ea812, L:/127.0.0.1:56374 - R:localhost/127.0.0.1:23736]' for 'POST' to 'http://localhost:23736/session/b0b76c6cad48cff7a8e08a0f625cc278/execute/sync'
19:54:40.314 [Forwarding getPageSource on session b0b76c6cad48cff7a8e08a0f625cc278 to remote] DEBUG org.asynchttpclient.netty.request.NettyRequestSender - Using open Channel [id: 0xc17ea812, L:/127.0.0.1:56374 - R:localhost/127.0.0.1:23736] for POST '/session/b0b76c6cad48cff7a8e08a0f625cc278/execute/sync'
19:54:40.318 [AsyncHttpClient-1-5] DEBUG org.asynchttpclient.netty.handler.HttpHandler - 

Request DefaultHttpRequest(decodeResult: success, version: HTTP/1.1)
POST /session/b0b76c6cad48cff7a8e08a0f625cc278/execute/sync HTTP/1.1
User-Agent: selenium/4.8.1 (java windows)
Content-Length: 176
Content-Type: application/json; charset=utf-8
host: localhost:23736
accept: */*

Response DefaultHttpResponse(decodeResult: success, version: HTTP/1.1)
HTTP/1.1 200 OK
Content-Length: 12973
Content-Type: application/json; charset=utf-8
cache-control: no-cache

19:54:40.318 [AsyncHttpClient-1-5] DEBUG org.asynchttpclient.netty.channel.ChannelManager - Adding key: http://localhost:23736 for channel [id: 0xc17ea812, L:/127.0.0.1:56374 - R:localhost/127.0.0.1:23736]
19:54:40.319 [Forwarding getCurrentUrl on session b0b76c6cad48cff7a8e08a0f625cc278 to remote] DEBUG org.asynchttpclient.netty.request.NettyRequestSender - Using pooled Channel '[id: 0xc17ea812, L:/127.0.0.1:56374 - R:localhost/127.0.0.1:23736]' for 'GET' to 'http://localhost:23736/session/b0b76c6cad48cff7a8e08a0f625cc278/url'
19:54:40.319 [Forwarding getCurrentUrl on session b0b76c6cad48cff7a8e08a0f625cc278 to remote] DEBUG org.asynchttpclient.netty.request.NettyRequestSender - Using open Channel [id: 0xc17ea812, L:/127.0.0.1:56374 - R:localhost/127.0.0.1:23736] for GET '/session/b0b76c6cad48cff7a8e08a0f625cc278/url'
19:54:40.321 [AsyncHttpClient-1-5] DEBUG org.asynchttpclient.netty.handler.HttpHandler - 

Request DefaultFullHttpRequest(decodeResult: success, version: HTTP/1.1, content: EmptyByteBufBE)
GET /session/b0b76c6cad48cff7a8e08a0f625cc278/url HTTP/1.1
User-Agent: selenium/4.8.1 (java windows)
Cache-Control: no-cache
Content-Type: application/json; charset=utf-8
host: localhost:23736
accept: */*

Response DefaultHttpResponse(decodeResult: success, version: HTTP/1.1)
HTTP/1.1 200 OK
Content-Length: 60
Content-Type: application/json; charset=utf-8
cache-control: no-cache

19:54:40.321 [AsyncHttpClient-1-5] DEBUG org.asynchttpclient.netty.channel.ChannelManager - Adding key: http://localhost:23736 for channel [id: 0xc17ea812, L:/127.0.0.1:56374 - R:localhost/127.0.0.1:23736]
19:54:40.323 [main] DEBUG net.thucydides.core.steps.StepInterceptor - STARTING STEP: CheckoutSteps.pressFinishButton - pressFinish
19:54:40.325 [Forwarding findElement on session b0b76c6cad48cff7a8e08a0f625cc278 to remote] DEBUG org.asynchttpclient.netty.request.NettyRequestSender - Using pooled Channel '[id: 0xc17ea812, L:/127.0.0.1:56374 - R:localhost/127.0.0.1:23736]' for 'POST' to 'http://localhost:23736/session/b0b76c6cad48cff7a8e08a0f625cc278/element'
19:54:40.325 [Forwarding findElement on session b0b76c6cad48cff7a8e08a0f625cc278 to remote] DEBUG org.asynchttpclient.netty.request.NettyRequestSender - Using open Channel [id: 0xc17ea812, L:/127.0.0.1:56374 - R:localhost/127.0.0.1:23736] for POST '/session/b0b76c6cad48cff7a8e08a0f625cc278/element'
19:54:40.332 [AsyncHttpClient-1-5] DEBUG org.asynchttpclient.netty.handler.HttpHandler - 

Request DefaultHttpRequest(decodeResult: success, version: HTTP/1.1)
POST /session/b0b76c6cad48cff7a8e08a0f625cc278/element HTTP/1.1
User-Agent: selenium/4.8.1 (java windows)
Content-Length: 51
Content-Type: application/json; charset=utf-8
host: localhost:23736
accept: */*

Response DefaultHttpResponse(decodeResult: success, version: HTTP/1.1)
HTTP/1.1 200 OK
Content-Length: 88
Content-Type: application/json; charset=utf-8
cache-control: no-cache

19:54:40.332 [AsyncHttpClient-1-5] DEBUG org.asynchttpclient.netty.channel.ChannelManager - Adding key: http://localhost:23736 for channel [id: 0xc17ea812, L:/127.0.0.1:56374 - R:localhost/127.0.0.1:23736]
19:54:40.333 [Forwarding getElementTagName on session b0b76c6cad48cff7a8e08a0f625cc278 to remote] DEBUG org.asynchttpclient.netty.request.NettyRequestSender - Using pooled Channel '[id: 0xc17ea812, L:/127.0.0.1:56374 - R:localhost/127.0.0.1:23736]' for 'GET' to 'http://localhost:23736/session/b0b76c6cad48cff7a8e08a0f625cc278/element/859a7fff-8993-4fb6-9d00-0cecd923914c/name'
19:54:40.333 [Forwarding getElementTagName on session b0b76c6cad48cff7a8e08a0f625cc278 to remote] DEBUG org.asynchttpclient.netty.request.NettyRequestSender - Using open Channel [id: 0xc17ea812, L:/127.0.0.1:56374 - R:localhost/127.0.0.1:23736] for GET '/session/b0b76c6cad48cff7a8e08a0f625cc278/element/859a7fff-8993-4fb6-9d00-0cecd923914c/name'
19:54:40.336 [AsyncHttpClient-1-5] DEBUG org.asynchttpclient.netty.handler.HttpHandler - 

Request DefaultFullHttpRequest(decodeResult: success, version: HTTP/1.1, content: EmptyByteBufBE)
GET /session/b0b76c6cad48cff7a8e08a0f625cc278/element/859a7fff-8993-4fb6-9d00-0cecd923914c/name HTTP/1.1
User-Agent: selenium/4.8.1 (java windows)
Cache-Control: no-cache
Content-Type: application/json; charset=utf-8
host: localhost:23736
accept: */*

Response DefaultHttpResponse(decodeResult: success, version: HTTP/1.1)
HTTP/1.1 200 OK
Content-Length: 18
Content-Type: application/json; charset=utf-8
cache-control: no-cache

19:54:40.336 [AsyncHttpClient-1-5] DEBUG org.asynchttpclient.netty.channel.ChannelManager - Adding key: http://localhost:23736 for channel [id: 0xc17ea812, L:/127.0.0.1:56374 - R:localhost/127.0.0.1:23736]
19:54:40.337 [Forwarding getElementTagName on session b0b76c6cad48cff7a8e08a0f625cc278 to remote] DEBUG org.asynchttpclient.netty.request.NettyRequestSender - Using pooled Channel '[id: 0xc17ea812, L:/127.0.0.1:56374 - R:localhost/127.0.0.1:23736]' for 'GET' to 'http://localhost:23736/session/b0b76c6cad48cff7a8e08a0f625cc278/element/859a7fff-8993-4fb6-9d00-0cecd923914c/name'
19:54:40.337 [Forwarding getElementTagName on session b0b76c6cad48cff7a8e08a0f625cc278 to remote] DEBUG org.asynchttpclient.netty.request.NettyRequestSender - Using open Channel [id: 0xc17ea812, L:/127.0.0.1:56374 - R:localhost/127.0.0.1:23736] for GET '/session/b0b76c6cad48cff7a8e08a0f625cc278/element/859a7fff-8993-4fb6-9d00-0cecd923914c/name'
19:54:40.339 [AsyncHttpClient-1-5] DEBUG org.asynchttpclient.netty.handler.HttpHandler - 

Request DefaultFullHttpRequest(decodeResult: success, version: HTTP/1.1, content: EmptyByteBufBE)
GET /session/b0b76c6cad48cff7a8e08a0f625cc278/element/859a7fff-8993-4fb6-9d00-0cecd923914c/name HTTP/1.1
User-Agent: selenium/4.8.1 (java windows)
Cache-Control: no-cache
Content-Type: application/json; charset=utf-8
host: localhost:23736
accept: */*

Response DefaultHttpResponse(decodeResult: success, version: HTTP/1.1)
HTTP/1.1 200 OK
Content-Length: 18
Content-Type: application/json; charset=utf-8
cache-control: no-cache

19:54:40.339 [AsyncHttpClient-1-5] DEBUG org.asynchttpclient.netty.channel.ChannelManager - Adding key: http://localhost:23736 for channel [id: 0xc17ea812, L:/127.0.0.1:56374 - R:localhost/127.0.0.1:23736]
19:54:40.340 [Forwarding isElementEnabled on session b0b76c6cad48cff7a8e08a0f625cc278 to remote] DEBUG org.asynchttpclient.netty.request.NettyRequestSender - Using pooled Channel '[id: 0xc17ea812, L:/127.0.0.1:56374 - R:localhost/127.0.0.1:23736]' for 'GET' to 'http://localhost:23736/session/b0b76c6cad48cff7a8e08a0f625cc278/element/859a7fff-8993-4fb6-9d00-0cecd923914c/enabled'
19:54:40.340 [Forwarding isElementEnabled on session b0b76c6cad48cff7a8e08a0f625cc278 to remote] DEBUG org.asynchttpclient.netty.request.NettyRequestSender - Using open Channel [id: 0xc17ea812, L:/127.0.0.1:56374 - R:localhost/127.0.0.1:23736] for GET '/session/b0b76c6cad48cff7a8e08a0f625cc278/element/859a7fff-8993-4fb6-9d00-0cecd923914c/enabled'
19:54:40.345 [AsyncHttpClient-1-5] DEBUG org.asynchttpclient.netty.handler.HttpHandler - 

Request DefaultFullHttpRequest(decodeResult: success, version: HTTP/1.1, content: EmptyByteBufBE)
GET /session/b0b76c6cad48cff7a8e08a0f625cc278/element/859a7fff-8993-4fb6-9d00-0cecd923914c/enabled HTTP/1.1
User-Agent: selenium/4.8.1 (java windows)
Cache-Control: no-cache
Content-Type: application/json; charset=utf-8
host: localhost:23736
accept: */*

Response DefaultHttpResponse(decodeResult: success, version: HTTP/1.1)
HTTP/1.1 200 OK
Content-Length: 14
Content-Type: application/json; charset=utf-8
cache-control: no-cache

19:54:40.346 [AsyncHttpClient-1-5] DEBUG org.asynchttpclient.netty.channel.ChannelManager - Adding key: http://localhost:23736 for channel [id: 0xc17ea812, L:/127.0.0.1:56374 - R:localhost/127.0.0.1:23736]
19:54:40.346 [Forwarding isElementEnabled on session b0b76c6cad48cff7a8e08a0f625cc278 to remote] DEBUG org.asynchttpclient.netty.request.NettyRequestSender - Using pooled Channel '[id: 0xc17ea812, L:/127.0.0.1:56374 - R:localhost/127.0.0.1:23736]' for 'GET' to 'http://localhost:23736/session/b0b76c6cad48cff7a8e08a0f625cc278/element/859a7fff-8993-4fb6-9d00-0cecd923914c/enabled'
19:54:40.349 [Forwarding isElementEnabled on session b0b76c6cad48cff7a8e08a0f625cc278 to remote] DEBUG org.asynchttpclient.netty.request.NettyRequestSender - Using open Channel [id: 0xc17ea812, L:/127.0.0.1:56374 - R:localhost/127.0.0.1:23736] for GET '/session/b0b76c6cad48cff7a8e08a0f625cc278/element/859a7fff-8993-4fb6-9d00-0cecd923914c/enabled'
19:54:40.352 [AsyncHttpClient-1-5] DEBUG org.asynchttpclient.netty.handler.HttpHandler - 

Request DefaultFullHttpRequest(decodeResult: success, version: HTTP/1.1, content: EmptyByteBufBE)
GET /session/b0b76c6cad48cff7a8e08a0f625cc278/element/859a7fff-8993-4fb6-9d00-0cecd923914c/enabled HTTP/1.1
User-Agent: selenium/4.8.1 (java windows)
Cache-Control: no-cache
Content-Type: application/json; charset=utf-8
host: localhost:23736
accept: */*

Response DefaultHttpResponse(decodeResult: success, version: HTTP/1.1)
HTTP/1.1 200 OK
Content-Length: 14
Content-Type: application/json; charset=utf-8
cache-control: no-cache

19:54:40.352 [AsyncHttpClient-1-5] DEBUG org.asynchttpclient.netty.channel.ChannelManager - Adding key: http://localhost:23736 for channel [id: 0xc17ea812, L:/127.0.0.1:56374 - R:localhost/127.0.0.1:23736]
19:54:40.354 [Forwarding findElement on session b0b76c6cad48cff7a8e08a0f625cc278 to remote] DEBUG org.asynchttpclient.netty.request.NettyRequestSender - Using pooled Channel '[id: 0xc17ea812, L:/127.0.0.1:56374 - R:localhost/127.0.0.1:23736]' for 'POST' to 'http://localhost:23736/session/b0b76c6cad48cff7a8e08a0f625cc278/element'
19:54:40.354 [Forwarding findElement on session b0b76c6cad48cff7a8e08a0f625cc278 to remote] DEBUG org.asynchttpclient.netty.request.NettyRequestSender - Using open Channel [id: 0xc17ea812, L:/127.0.0.1:56374 - R:localhost/127.0.0.1:23736] for POST '/session/b0b76c6cad48cff7a8e08a0f625cc278/element'
19:54:40.358 [AsyncHttpClient-1-5] DEBUG org.asynchttpclient.netty.handler.HttpHandler - 

Request DefaultHttpRequest(decodeResult: success, version: HTTP/1.1)
POST /session/b0b76c6cad48cff7a8e08a0f625cc278/element HTTP/1.1
User-Agent: selenium/4.8.1 (java windows)
Content-Length: 51
Content-Type: application/json; charset=utf-8
host: localhost:23736
accept: */*

Response DefaultHttpResponse(decodeResult: success, version: HTTP/1.1)
HTTP/1.1 200 OK
Content-Length: 88
Content-Type: application/json; charset=utf-8
cache-control: no-cache

19:54:40.358 [AsyncHttpClient-1-5] DEBUG org.asynchttpclient.netty.channel.ChannelManager - Adding key: http://localhost:23736 for channel [id: 0xc17ea812, L:/127.0.0.1:56374 - R:localhost/127.0.0.1:23736]
19:54:40.359 [Forwarding clickElement on session b0b76c6cad48cff7a8e08a0f625cc278 to remote] DEBUG org.asynchttpclient.netty.request.NettyRequestSender - Using pooled Channel '[id: 0xc17ea812, L:/127.0.0.1:56374 - R:localhost/127.0.0.1:23736]' for 'POST' to 'http://localhost:23736/session/b0b76c6cad48cff7a8e08a0f625cc278/element/859a7fff-8993-4fb6-9d00-0cecd923914c/click'
19:54:40.359 [Forwarding clickElement on session b0b76c6cad48cff7a8e08a0f625cc278 to remote] DEBUG org.asynchttpclient.netty.request.NettyRequestSender - Using open Channel [id: 0xc17ea812, L:/127.0.0.1:56374 - R:localhost/127.0.0.1:23736] for POST '/session/b0b76c6cad48cff7a8e08a0f625cc278/element/859a7fff-8993-4fb6-9d00-0cecd923914c/click'
19:54:40.387 [AsyncHttpClient-1-5] DEBUG org.asynchttpclient.netty.handler.HttpHandler - 

Request DefaultHttpRequest(decodeResult: success, version: HTTP/1.1)
POST /session/b0b76c6cad48cff7a8e08a0f625cc278/element/859a7fff-8993-4fb6-9d00-0cecd923914c/click HTTP/1.1
User-Agent: selenium/4.8.1 (java windows)
Content-Length: 50
Content-Type: application/json; charset=utf-8
host: localhost:23736
accept: */*

Response DefaultHttpResponse(decodeResult: success, version: HTTP/1.1)
HTTP/1.1 200 OK
Content-Length: 14
Content-Type: application/json; charset=utf-8
cache-control: no-cache

19:54:40.387 [AsyncHttpClient-1-5] DEBUG org.asynchttpclient.netty.channel.ChannelManager - Adding key: http://localhost:23736 for channel [id: 0xc17ea812, L:/127.0.0.1:56374 - R:localhost/127.0.0.1:23736]
19:54:40.391 [Forwarding getAlertText on session b0b76c6cad48cff7a8e08a0f625cc278 to remote] DEBUG org.asynchttpclient.netty.request.NettyRequestSender - Using pooled Channel '[id: 0xc17ea812, L:/127.0.0.1:56374 - R:localhost/127.0.0.1:23736]' for 'GET' to 'http://localhost:23736/session/b0b76c6cad48cff7a8e08a0f625cc278/alert/text'
19:54:40.391 [Forwarding getAlertText on session b0b76c6cad48cff7a8e08a0f625cc278 to remote] DEBUG org.asynchttpclient.netty.request.NettyRequestSender - Using open Channel [id: 0xc17ea812, L:/127.0.0.1:56374 - R:localhost/127.0.0.1:23736] for GET '/session/b0b76c6cad48cff7a8e08a0f625cc278/alert/text'
19:54:40.392 [AsyncHttpClient-1-5] DEBUG org.asynchttpclient.netty.handler.HttpHandler - 

Request DefaultFullHttpRequest(decodeResult: success, version: HTTP/1.1, content: EmptyByteBufBE)
GET /session/b0b76c6cad48cff7a8e08a0f625cc278/alert/text HTTP/1.1
User-Agent: selenium/4.8.1 (java windows)
Cache-Control: no-cache
Content-Type: application/json; charset=utf-8
host: localhost:23736
accept: */*

Response DefaultHttpResponse(decodeResult: success, version: HTTP/1.1)
HTTP/1.1 404 Not Found
Content-Length: 816
Content-Type: application/json; charset=utf-8
cache-control: no-cache

19:54:40.392 [AsyncHttpClient-1-5] DEBUG org.asynchttpclient.netty.channel.ChannelManager - Adding key: http://localhost:23736 for channel [id: 0xc17ea812, L:/127.0.0.1:56374 - R:localhost/127.0.0.1:23736]
19:54:40.393 [Forwarding getCurrentUrl on session b0b76c6cad48cff7a8e08a0f625cc278 to remote] DEBUG org.asynchttpclient.netty.request.NettyRequestSender - Using pooled Channel '[id: 0xc17ea812, L:/127.0.0.1:56374 - R:localhost/127.0.0.1:23736]' for 'GET' to 'http://localhost:23736/session/b0b76c6cad48cff7a8e08a0f625cc278/url'
19:54:40.393 [Forwarding getCurrentUrl on session b0b76c6cad48cff7a8e08a0f625cc278 to remote] DEBUG org.asynchttpclient.netty.request.NettyRequestSender - Using open Channel [id: 0xc17ea812, L:/127.0.0.1:56374 - R:localhost/127.0.0.1:23736] for GET '/session/b0b76c6cad48cff7a8e08a0f625cc278/url'
19:54:40.397 [AsyncHttpClient-1-5] DEBUG org.asynchttpclient.netty.handler.HttpHandler - 

Request DefaultFullHttpRequest(decodeResult: success, version: HTTP/1.1, content: EmptyByteBufBE)
GET /session/b0b76c6cad48cff7a8e08a0f625cc278/url HTTP/1.1
User-Agent: selenium/4.8.1 (java windows)
Cache-Control: no-cache
Content-Type: application/json; charset=utf-8
host: localhost:23736
accept: */*

Response DefaultHttpResponse(decodeResult: success, version: HTTP/1.1)
HTTP/1.1 200 OK
Content-Length: 60
Content-Type: application/json; charset=utf-8
cache-control: no-cache

19:54:40.397 [AsyncHttpClient-1-5] DEBUG org.asynchttpclient.netty.channel.ChannelManager - Adding key: http://localhost:23736 for channel [id: 0xc17ea812, L:/127.0.0.1:56374 - R:localhost/127.0.0.1:23736]
19:54:40.398 [Forwarding screenshot on session b0b76c6cad48cff7a8e08a0f625cc278 to remote] DEBUG org.asynchttpclient.netty.request.NettyRequestSender - Using pooled Channel '[id: 0xc17ea812, L:/127.0.0.1:56374 - R:localhost/127.0.0.1:23736]' for 'GET' to 'http://localhost:23736/session/b0b76c6cad48cff7a8e08a0f625cc278/screenshot'
19:54:40.398 [Forwarding screenshot on session b0b76c6cad48cff7a8e08a0f625cc278 to remote] DEBUG org.asynchttpclient.netty.request.NettyRequestSender - Using open Channel [id: 0xc17ea812, L:/127.0.0.1:56374 - R:localhost/127.0.0.1:23736] for GET '/session/b0b76c6cad48cff7a8e08a0f625cc278/screenshot'
19:54:40.529 [AsyncHttpClient-1-5] DEBUG org.asynchttpclient.netty.handler.HttpHandler - 

Request DefaultFullHttpRequest(decodeResult: success, version: HTTP/1.1, content: EmptyByteBufBE)
GET /session/b0b76c6cad48cff7a8e08a0f625cc278/screenshot HTTP/1.1
User-Agent: selenium/4.8.1 (java windows)
Cache-Control: no-cache
Content-Type: application/json; charset=utf-8
host: localhost:23736
accept: */*

Response DefaultHttpResponse(decodeResult: success, version: HTTP/1.1)
HTTP/1.1 200 OK
Content-Length: 78540
Content-Type: application/json; charset=utf-8
cache-control: no-cache

19:54:40.530 [AsyncHttpClient-1-5] DEBUG org.asynchttpclient.netty.channel.ChannelManager - Adding key: http://localhost:23736 for channel [id: 0xc17ea812, L:/127.0.0.1:56374 - R:localhost/127.0.0.1:23736]
19:54:40.532 [main] DEBUG net.serenitybdd.core.photography.Darkroom - Send negative for processing for target\site\serenity\7ddc70f5a2ea588aa45448ed90d8c0c94688bf4c09214e7e8e7caed8305a54d8.png
19:54:40.532 [main] DEBUG net.thucydides.core.steps.StepInterceptor - STEP DONE: pressFinish
  &amp#27;[32mWhen &amp#27;[0m&amp#27;[32mI press Finish button&amp#27;[0m                                          &amp#27;[90m# starter.stepDefinitions.CheckoutSteps.pressFinishButton()&amp#27;[0m
19:54:40.540 [Forwarding getPageSource on session b0b76c6cad48cff7a8e08a0f625cc278 to remote] DEBUG org.asynchttpclient.netty.request.NettyRequestSender - Using pooled Channel '[id: 0xc17ea812, L:/127.0.0.1:56374 - R:localhost/127.0.0.1:23736]' for 'POST' to 'http://localhost:23736/session/b0b76c6cad48cff7a8e08a0f625cc278/execute/sync'
19:54:40.540 [Forwarding getPageSource on session b0b76c6cad48cff7a8e08a0f625cc278 to remote] DEBUG org.asynchttpclient.netty.request.NettyRequestSender - Using open Channel [id: 0xc17ea812, L:/127.0.0.1:56374 - R:localhost/127.0.0.1:23736] for POST '/session/b0b76c6cad48cff7a8e08a0f625cc278/execute/sync'
19:54:40.544 [AsyncHttpClient-1-5] DEBUG org.asynchttpclient.netty.handler.HttpHandler - 

Request DefaultHttpRequest(decodeResult: success, version: HTTP/1.1)
POST /session/b0b76c6cad48cff7a8e08a0f625cc278/execute/sync HTTP/1.1
User-Agent: selenium/4.8.1 (java windows)
Content-Length: 176
Content-Type: application/json; charset=utf-8
host: localhost:23736
accept: */*

Response DefaultHttpResponse(decodeResult: success, version: HTTP/1.1)
HTTP/1.1 200 OK
Content-Length: 17142
Content-Type: application/json; charset=utf-8
cache-control: no-cache

19:54:40.544 [AsyncHttpClient-1-5] DEBUG org.asynchttpclient.netty.channel.ChannelManager - Adding key: http://localhost:23736 for channel [id: 0xc17ea812, L:/127.0.0.1:56374 - R:localhost/127.0.0.1:23736]
19:54:40.548 [Forwarding getCurrentUrl on session b0b76c6cad48cff7a8e08a0f625cc278 to remote] DEBUG org.asynchttpclient.netty.request.NettyRequestSender - Using pooled Channel '[id: 0xc17ea812, L:/127.0.0.1:56374 - R:localhost/127.0.0.1:23736]' for 'GET' to 'http://localhost:23736/session/b0b76c6cad48cff7a8e08a0f625cc278/url'
19:54:40.548 [Forwarding getCurrentUrl on session b0b76c6cad48cff7a8e08a0f625cc278 to remote] DEBUG org.asynchttpclient.netty.request.NettyRequestSender - Using open Channel [id: 0xc17ea812, L:/127.0.0.1:56374 - R:localhost/127.0.0.1:23736] for GET '/session/b0b76c6cad48cff7a8e08a0f625cc278/url'
19:54:40.550 [AsyncHttpClient-1-5] DEBUG org.asynchttpclient.netty.handler.HttpHandler - 

Request DefaultFullHttpRequest(decodeResult: success, version: HTTP/1.1, content: EmptyByteBufBE)
GET /session/b0b76c6cad48cff7a8e08a0f625cc278/url HTTP/1.1
User-Agent: selenium/4.8.1 (java windows)
Cache-Control: no-cache
Content-Type: application/json; charset=utf-8
host: localhost:23736
accept: */*

Response DefaultHttpResponse(decodeResult: success, version: HTTP/1.1)
HTTP/1.1 200 OK
Content-Length: 60
Content-Type: application/json; charset=utf-8
cache-control: no-cache

19:54:40.550 [AsyncHttpClient-1-5] DEBUG org.asynchttpclient.netty.channel.ChannelManager - Adding key: http://localhost:23736 for channel [id: 0xc17ea812, L:/127.0.0.1:56374 - R:localhost/127.0.0.1:23736]
19:54:40.557 [Forwarding getPageSource on session b0b76c6cad48cff7a8e08a0f625cc278 to remote] DEBUG org.asynchttpclient.netty.request.NettyRequestSender - Using pooled Channel '[id: 0xc17ea812, L:/127.0.0.1:56374 - R:localhost/127.0.0.1:23736]' for 'POST' to 'http://localhost:23736/session/b0b76c6cad48cff7a8e08a0f625cc278/execute/sync'
19:54:40.557 [Forwarding getPageSource on session b0b76c6cad48cff7a8e08a0f625cc278 to remote] DEBUG org.asynchttpclient.netty.request.NettyRequestSender - Using open Channel [id: 0xc17ea812, L:/127.0.0.1:56374 - R:localhost/127.0.0.1:23736] for POST '/session/b0b76c6cad48cff7a8e08a0f625cc278/execute/sync'
19:54:40.561 [AsyncHttpClient-1-5] DEBUG org.asynchttpclient.netty.handler.HttpHandler - 

Request DefaultHttpRequest(decodeResult: success, version: HTTP/1.1)
POST /session/b0b76c6cad48cff7a8e08a0f625cc278/execute/sync HTTP/1.1
User-Agent: selenium/4.8.1 (java windows)
Content-Length: 176
Content-Type: application/json; charset=utf-8
host: localhost:23736
accept: */*

Response DefaultHttpResponse(decodeResult: success, version: HTTP/1.1)
HTTP/1.1 200 OK
Content-Length: 17142
Content-Type: application/json; charset=utf-8
cache-control: no-cache

19:54:40.561 [AsyncHttpClient-1-5] DEBUG org.asynchttpclient.netty.channel.ChannelManager - Adding key: http://localhost:23736 for channel [id: 0xc17ea812, L:/127.0.0.1:56374 - R:localhost/127.0.0.1:23736]
19:54:40.563 [Forwarding getCurrentUrl on session b0b76c6cad48cff7a8e08a0f625cc278 to remote] DEBUG org.asynchttpclient.netty.request.NettyRequestSender - Using pooled Channel '[id: 0xc17ea812, L:/127.0.0.1:56374 - R:localhost/127.0.0.1:23736]' for 'GET' to 'http://localhost:23736/session/b0b76c6cad48cff7a8e08a0f625cc278/url'
19:54:40.563 [Forwarding getCurrentUrl on session b0b76c6cad48cff7a8e08a0f625cc278 to remote] DEBUG org.asynchttpclient.netty.request.NettyRequestSender - Using open Channel [id: 0xc17ea812, L:/127.0.0.1:56374 - R:localhost/127.0.0.1:23736] for GET '/session/b0b76c6cad48cff7a8e08a0f625cc278/url'
19:54:40.565 [AsyncHttpClient-1-5] DEBUG org.asynchttpclient.netty.handler.HttpHandler - 

Request DefaultFullHttpRequest(decodeResult: success, version: HTTP/1.1, content: EmptyByteBufBE)
GET /session/b0b76c6cad48cff7a8e08a0f625cc278/url HTTP/1.1
User-Agent: selenium/4.8.1 (java windows)
Cache-Control: no-cache
Content-Type: application/json; charset=utf-8
host: localhost:23736
accept: */*

Response DefaultHttpResponse(decodeResult: success, version: HTTP/1.1)
HTTP/1.1 200 OK
Content-Length: 60
Content-Type: application/json; charset=utf-8
cache-control: no-cache

19:54:40.565 [AsyncHttpClient-1-5] DEBUG org.asynchttpclient.netty.channel.ChannelManager - Adding key: http://localhost:23736 for channel [id: 0xc17ea812, L:/127.0.0.1:56374 - R:localhost/127.0.0.1:23736]
19:54:40.567 [main] DEBUG net.thucydides.core.steps.StepInterceptor - STARTING STEP: CheckoutSteps.checkSuccessTitle - checkSuccess
19:54:40.569 [Forwarding findElement on session b0b76c6cad48cff7a8e08a0f625cc278 to remote] DEBUG org.asynchttpclient.netty.request.NettyRequestSender - Using pooled Channel '[id: 0xc17ea812, L:/127.0.0.1:56374 - R:localhost/127.0.0.1:23736]' for 'POST' to 'http://localhost:23736/session/b0b76c6cad48cff7a8e08a0f625cc278/element'
19:54:40.569 [Forwarding findElement on session b0b76c6cad48cff7a8e08a0f625cc278 to remote] DEBUG org.asynchttpclient.netty.request.NettyRequestSender - Using open Channel [id: 0xc17ea812, L:/127.0.0.1:56374 - R:localhost/127.0.0.1:23736] for POST '/session/b0b76c6cad48cff7a8e08a0f625cc278/element'
19:54:40.576 [AsyncHttpClient-1-5] DEBUG org.asynchttpclient.netty.handler.HttpHandler - 

Request DefaultHttpRequest(decodeResult: success, version: HTTP/1.1)
POST /session/b0b76c6cad48cff7a8e08a0f625cc278/element HTTP/1.1
User-Agent: selenium/4.8.1 (java windows)
Content-Length: 62
Content-Type: application/json; charset=utf-8
host: localhost:23736
accept: */*

Response DefaultHttpResponse(decodeResult: success, version: HTTP/1.1)
HTTP/1.1 200 OK
Content-Length: 88
Content-Type: application/json; charset=utf-8
cache-control: no-cache

19:54:40.576 [AsyncHttpClient-1-5] DEBUG org.asynchttpclient.netty.channel.ChannelManager - Adding key: http://localhost:23736 for channel [id: 0xc17ea812, L:/127.0.0.1:56374 - R:localhost/127.0.0.1:23736]
19:54:40.578 [Forwarding isElementDisplayed on session b0b76c6cad48cff7a8e08a0f625cc278 to remote] DEBUG org.asynchttpclient.netty.request.NettyRequestSender - Using pooled Channel '[id: 0xc17ea812, L:/127.0.0.1:56374 - R:localhost/127.0.0.1:23736]' for 'POST' to 'http://localhost:23736/session/b0b76c6cad48cff7a8e08a0f625cc278/execute/sync'
19:54:40.578 [Forwarding isElementDisplayed on session b0b76c6cad48cff7a8e08a0f625cc278 to remote] DEBUG org.asynchttpclient.netty.request.NettyRequestSender - Using open Channel [id: 0xc17ea812, L:/127.0.0.1:56374 - R:localhost/127.0.0.1:23736] for POST '/session/b0b76c6cad48cff7a8e08a0f625cc278/execute/sync'
19:54:40.588 [AsyncHttpClient-1-5] DEBUG org.asynchttpclient.netty.handler.HttpHandler - 

Request DefaultHttpRequest(decodeResult: success, version: HTTP/1.1)
POST /session/b0b76c6cad48cff7a8e08a0f625cc278/execute/sync HTTP/1.1
User-Agent: selenium/4.8.1 (java windows)
Content-Length: 48807
Content-Type: application/json; charset=utf-8
host: localhost:23736
accept: */*

Response DefaultHttpResponse(decodeResult: success, version: HTTP/1.1)
HTTP/1.1 200 OK
Content-Length: 14
Content-Type: application/json; charset=utf-8
cache-control: no-cache

19:54:40.588 [AsyncHttpClient-1-5] DEBUG org.asynchttpclient.netty.channel.ChannelManager - Adding key: http://localhost:23736 for channel [id: 0xc17ea812, L:/127.0.0.1:56374 - R:localhost/127.0.0.1:23736]
19:54:40.590 [Forwarding isElementDisplayed on session b0b76c6cad48cff7a8e08a0f625cc278 to remote] DEBUG org.asynchttpclient.netty.request.NettyRequestSender - Using pooled Channel '[id: 0xc17ea812, L:/127.0.0.1:56374 - R:localhost/127.0.0.1:23736]' for 'POST' to 'http://localhost:23736/session/b0b76c6cad48cff7a8e08a0f625cc278/execute/sync'
19:54:40.590 [Forwarding isElementDisplayed on session b0b76c6cad48cff7a8e08a0f625cc278 to remote] DEBUG org.asynchttpclient.netty.request.NettyRequestSender - Using open Channel [id: 0xc17ea812, L:/127.0.0.1:56374 - R:localhost/127.0.0.1:23736] for POST '/session/b0b76c6cad48cff7a8e08a0f625cc278/execute/sync'
19:54:40.598 [AsyncHttpClient-1-5] DEBUG org.asynchttpclient.netty.handler.HttpHandler - 

Request DefaultHttpRequest(decodeResult: success, version: HTTP/1.1)
POST /session/b0b76c6cad48cff7a8e08a0f625cc278/execute/sync HTTP/1.1
User-Agent: selenium/4.8.1 (java windows)
Content-Length: 48807
Content-Type: application/json; charset=utf-8
host: localhost:23736
accept: */*

Response DefaultHttpResponse(decodeResult: success, version: HTTP/1.1)
HTTP/1.1 200 OK
Content-Length: 14
Content-Type: application/json; charset=utf-8
cache-control: no-cache

19:54:40.598 [AsyncHttpClient-1-5] DEBUG org.asynchttpclient.netty.channel.ChannelManager - Adding key: http://localhost:23736 for channel [id: 0xc17ea812, L:/127.0.0.1:56374 - R:localhost/127.0.0.1:23736]
19:54:40.601 [Forwarding getAlertText on session b0b76c6cad48cff7a8e08a0f625cc278 to remote] DEBUG org.asynchttpclient.netty.request.NettyRequestSender - Using pooled Channel '[id: 0xc17ea812, L:/127.0.0.1:56374 - R:localhost/127.0.0.1:23736]' for 'GET' to 'http://localhost:23736/session/b0b76c6cad48cff7a8e08a0f625cc278/alert/text'
19:54:40.601 [Forwarding getAlertText on session b0b76c6cad48cff7a8e08a0f625cc278 to remote] DEBUG org.asynchttpclient.netty.request.NettyRequestSender - Using open Channel [id: 0xc17ea812, L:/127.0.0.1:56374 - R:localhost/127.0.0.1:23736] for GET '/session/b0b76c6cad48cff7a8e08a0f625cc278/alert/text'
19:54:40.602 [AsyncHttpClient-1-5] DEBUG org.asynchttpclient.netty.handler.HttpHandler - 

Request DefaultFullHttpRequest(decodeResult: success, version: HTTP/1.1, content: EmptyByteBufBE)
GET /session/b0b76c6cad48cff7a8e08a0f625cc278/alert/text HTTP/1.1
User-Agent: selenium/4.8.1 (java windows)
Cache-Control: no-cache
Content-Type: application/json; charset=utf-8
host: localhost:23736
accept: */*

Response DefaultHttpResponse(decodeResult: success, version: HTTP/1.1)
HTTP/1.1 404 Not Found
Content-Length: 816
Content-Type: application/json; charset=utf-8
cache-control: no-cache

19:54:40.602 [AsyncHttpClient-1-5] DEBUG org.asynchttpclient.netty.channel.ChannelManager - Adding key: http://localhost:23736 for channel [id: 0xc17ea812, L:/127.0.0.1:56374 - R:localhost/127.0.0.1:23736]
19:54:40.603 [Forwarding getCurrentUrl on session b0b76c6cad48cff7a8e08a0f625cc278 to remote] DEBUG org.asynchttpclient.netty.request.NettyRequestSender - Using pooled Channel '[id: 0xc17ea812, L:/127.0.0.1:56374 - R:localhost/127.0.0.1:23736]' for 'GET' to 'http://localhost:23736/session/b0b76c6cad48cff7a8e08a0f625cc278/url'
19:54:40.603 [Forwarding getCurrentUrl on session b0b76c6cad48cff7a8e08a0f625cc278 to remote] DEBUG org.asynchttpclient.netty.request.NettyRequestSender - Using open Channel [id: 0xc17ea812, L:/127.0.0.1:56374 - R:localhost/127.0.0.1:23736] for GET '/session/b0b76c6cad48cff7a8e08a0f625cc278/url'
19:54:40.605 [AsyncHttpClient-1-5] DEBUG org.asynchttpclient.netty.handler.HttpHandler - 

Request DefaultFullHttpRequest(decodeResult: success, version: HTTP/1.1, content: EmptyByteBufBE)
GET /session/b0b76c6cad48cff7a8e08a0f625cc278/url HTTP/1.1
User-Agent: selenium/4.8.1 (java windows)
Cache-Control: no-cache
Content-Type: application/json; charset=utf-8
host: localhost:23736
accept: */*

Response DefaultHttpResponse(decodeResult: success, version: HTTP/1.1)
HTTP/1.1 200 OK
Content-Length: 60
Content-Type: application/json; charset=utf-8
cache-control: no-cache

19:54:40.605 [AsyncHttpClient-1-5] DEBUG org.asynchttpclient.netty.channel.ChannelManager - Adding key: http://localhost:23736 for channel [id: 0xc17ea812, L:/127.0.0.1:56374 - R:localhost/127.0.0.1:23736]
19:54:40.606 [Forwarding screenshot on session b0b76c6cad48cff7a8e08a0f625cc278 to remote] DEBUG org.asynchttpclient.netty.request.NettyRequestSender - Using pooled Channel '[id: 0xc17ea812, L:/127.0.0.1:56374 - R:localhost/127.0.0.1:23736]' for 'GET' to 'http://localhost:23736/session/b0b76c6cad48cff7a8e08a0f625cc278/screenshot'
19:54:40.606 [Forwarding screenshot on session b0b76c6cad48cff7a8e08a0f625cc278 to remote] DEBUG org.asynchttpclient.netty.request.NettyRequestSender - Using open Channel [id: 0xc17ea812, L:/127.0.0.1:56374 - R:localhost/127.0.0.1:23736] for GET '/session/b0b76c6cad48cff7a8e08a0f625cc278/screenshot'
19:54:40.692 [AsyncHttpClient-1-5] DEBUG org.asynchttpclient.netty.handler.HttpHandler - 

Request DefaultFullHttpRequest(decodeResult: success, version: HTTP/1.1, content: EmptyByteBufBE)
GET /session/b0b76c6cad48cff7a8e08a0f625cc278/screenshot HTTP/1.1
User-Agent: selenium/4.8.1 (java windows)
Cache-Control: no-cache
Content-Type: application/json; charset=utf-8
host: localhost:23736
accept: */*

Response DefaultHttpResponse(decodeResult: success, version: HTTP/1.1)
HTTP/1.1 200 OK
Content-Length: 78540
Content-Type: application/json; charset=utf-8
cache-control: no-cache

19:54:40.692 [AsyncHttpClient-1-5] DEBUG org.asynchttpclient.netty.channel.ChannelManager - Adding key: http://localhost:23736 for channel [id: 0xc17ea812, L:/127.0.0.1:56374 - R:localhost/127.0.0.1:23736]
19:54:40.694 [main] DEBUG net.serenitybdd.core.photography.Darkroom - Send negative for processing for target\site\serenity\7ddc70f5a2ea588aa45448ed90d8c0c94688bf4c09214e7e8e7caed8305a54d8.png
19:54:40.694 [main] DEBUG net.thucydides.core.steps.StepInterceptor - STEP DONE: checkSuccess
  &amp#27;[32mThen &amp#27;[0m&amp#27;[32mI will see order success title&amp#27;[0m                                 &amp#27;[90m# starter.stepDefinitions.CheckoutSteps.checkSuccessTitle()&amp#27;[0m
19:54:40.701 [Driver Command Executor] DEBUG org.asynchttpclient.netty.request.NettyRequestSender - Using pooled Channel '[id: 0xc17ea812, L:/127.0.0.1:56374 - R:localhost/127.0.0.1:23736]' for 'DELETE' to 'http://localhost:23736/session/b0b76c6cad48cff7a8e08a0f625cc278'
19:54:40.701 [Driver Command Executor] DEBUG org.asynchttpclient.netty.request.NettyRequestSender - Using open Channel [id: 0xc17ea812, L:/127.0.0.1:56374 - R:localhost/127.0.0.1:23736] for DELETE '/session/b0b76c6cad48cff7a8e08a0f625cc278'
19:54:40.701 [AsyncHttpClient-1-7] DEBUG org.asynchttpclient.netty.handler.WebSocketHandler - Channel Closed: [id: 0x8ad28fa0, L:/127.0.0.1:56382 ! R:localhost/127.0.0.1:56375] with attribute NettyResponseFuture{currentRetry=0,
	isDone=1,
	isCancelled=0,
	asyncHandler=org.asynchttpclient.ws.WebSocketUpgradeHandler@5cd362da,
	nettyRequest=org.asynchttpclient.netty.request.NettyRequest@19d1f724,
	future=java.util.concurrent.CompletableFuture@17b9dbed[Completed normally],
	uri=ws://localhost:56375/devtools/browser/9b43207f-f38a-451c-835f-db93e297d1ea,
	keepAlive=true,
	redirectCount=0,
	timeoutsHolder=null,
	inAuth=0,
	touch=1680612877223}
19:54:40.701 [AsyncHttpClient-1-7] DEBUG org.asynchttpclient.netty.channel.ChannelManager - Closing Channel [id: 0x8ad28fa0, L:/127.0.0.1:56382 ! R:localhost/127.0.0.1:56375] 
19:54:40.743 [AsyncHttpClient-1-6] DEBUG org.asynchttpclient.netty.handler.HttpHandler - Unexpected I/O exception on channel [id: 0xecf84fb5, L:/127.0.0.1:56381 - R:localhost/127.0.0.1:56375]
java.net.SocketException: Connection reset
	at java.base/sun.nio.ch.SocketChannelImpl.throwConnectionReset(SocketChannelImpl.java:401)
	at java.base/sun.nio.ch.SocketChannelImpl.read(SocketChannelImpl.java:434)
	at io.netty.buffer.PooledByteBuf.setBytes(PooledByteBuf.java:259)
	at io.netty.buffer.AbstractByteBuf.writeBytes(AbstractByteBuf.java:1132)
	at io.netty.channel.socket.nio.NioSocketChannel.doReadBytes(NioSocketChannel.java:357)
	at io.netty.channel.nio.AbstractNioByteChannel$NioByteUnsafe.read(AbstractNioByteChannel.java:151)
	at io.netty.channel.nio.NioEventLoop.processSelectedKey(NioEventLoop.java:788)
	at io.netty.channel.nio.NioEventLoop.processSelectedKeysOptimized(NioEventLoop.java:724)
	at io.netty.channel.nio.NioEventLoop.processSelectedKeys(NioEventLoop.java:650)
	at io.netty.channel.nio.NioEventLoop.run(NioEventLoop.java:562)
	at io.netty.util.concurrent.SingleThreadEventExecutor$4.run(SingleThreadEventExecutor.java:997)
	at io.netty.util.internal.ThreadExecutorMap$2.run(ThreadExecutorMap.java:74)
	at io.netty.util.concurrent.FastThreadLocalRunnable.run(FastThreadLocalRunnable.java:30)
	at java.base/java.lang.Thread.run(Thread.java:1589)
19:54:40.743 [AsyncHttpClient-1-6] DEBUG org.asynchttpclient.netty.channel.ChannelManager - Closing Channel [id: 0xecf84fb5, L:/127.0.0.1:56381 - R:localhost/127.0.0.1:56375] 
19:54:40.743 [AsyncHttpClient-1-6] DEBUG org.asynchttpclient.netty.handler.HttpHandler - Channel Closed: [id: 0xecf84fb5, L:/127.0.0.1:56381 ! R:localhost/127.0.0.1:56375] with attribute DISCARD
19:54:40.794 [AsyncHttpClient-1-5] DEBUG org.asynchttpclient.netty.handler.HttpHandler - 

Request DefaultFullHttpRequest(decodeResult: success, version: HTTP/1.1, content: EmptyByteBufBE)
DELETE /session/b0b76c6cad48cff7a8e08a0f625cc278 HTTP/1.1
User-Agent: selenium/4.8.1 (java windows)
Content-Type: application/json; charset=utf-8
host: localhost:23736
accept: */*

Response DefaultHttpResponse(decodeResult: success, version: HTTP/1.1)
HTTP/1.1 200 OK
Content-Length: 14
Content-Type: application/json; charset=utf-8
cache-control: no-cache

19:54:40.794 [AsyncHttpClient-1-5] DEBUG org.asynchttpclient.netty.channel.ChannelManager - Adding key: http://localhost:23736 for channel [id: 0xc17ea812, L:/127.0.0.1:56374 - R:localhost/127.0.0.1:23736]
19:54:40.843 [AsyncHttpClient-1-5] DEBUG org.asynchttpclient.netty.handler.HttpHandler - Channel Closed: [id: 0xc17ea812, L:/127.0.0.1:56374 ! R:localhost/127.0.0.1:23736] with attribute DISCARD
19:54:40.917 [main] INFO  - 
  _____   ___   ___   _____     ___     _     ___   ___   ___   ___  
 |_   _| | __| / __| |_   _|   | _ \   /_\   / __| / __| | __| |   \ 
   | |   | _|  \__ \   | |     |  _/  / _ \  \__ \ \__ \ | _|  | |) |
   |_|   |___| |___/   |_|     |_|   /_/ \_\ |___/ |___/ |___| |___/ 

As user i want to be able to checkout product
----------------------------------------------------------------------
]]></system-out>
    <system-err><![CDATA[Starting ChromeDriver 111.0.5563.64 (c710e93d5b63b7095afe8c2c17df34408078439d-refs/branch-heads/5563@{#995}) on port 23736
Only local connections are allowed.
Please see https://chromedriver.chromium.org/security-considerations for suggestions on keeping ChromeDriver safe.
ChromeDriver was started successfully.
Apr 04, 2023 7:54:37 PM org.openqa.selenium.devtools.CdpVersionFinder findNearestMatch
WARNING: Unable to find an exact match for CDP version 111, so returning the closest version found: 110
]]></system-err>
  </testcase>
  <testcase name="As user i have be able to success login #1" classname="login" time="2.697">
    <system-out><![CDATA[19:54:40.919 [main] DEBUG io.cucumber.core.plugin.SerenityReporter - Running feature from file:///C:/Users/TrisetioPutra/Documents/serenity_sauce/serenity-sauce-demo/src/test/resources/features/Login.feature
19:54:40.921 [main] DEBUG net.thucydides.core.steps.StepEventBus - Test suite started for story net.thucydides.core.model.Story@23282f08
19:54:40.921 [main] INFO  - Test Suite Started: Login

@login
Scenario Outline: As user i have be able to success login &amp#27;[90m# src/test/resources/features/Login.feature:12&amp#27;[0m
19:54:40.925 [main] DEBUG io.cucumber.core.plugin.SerenityReporter - Running feature from file:///C:/Users/TrisetioPutra/Documents/serenity_sauce/serenity-sauce-demo/src/test/resources/features/Login.feature
19:54:40.927 [main] INFO  - 
  _____   ___   ___   _____     ___   _____     _     ___   _____   ___   ___  
 |_   _| | __| / __| |_   _|   / __| |_   _|   /_\   | _ \ |_   _| | __| |   \ 
   | |   | _|  \__ \   | |     \__ \   | |    / _ \  |   /   | |   | _|  | |) |
   |_|   |___| |___/   |_|     |___/   |_|   /_/ \_\ |_|_\   |_|   |___| |___/ 

As user i have be able to success login(login;as-user-i-have-be-able-to-success-login)
--------------------------------------------------------------------------------
19:54:40.973 [main] INFO net.serenitybdd.core.webdriver.driverproviders.ChromeDriverProvider - Starting Chrome driver instance with capabilities:
19:54:40.973 [main] INFO net.serenitybdd.core.webdriver.driverproviders.ChromeDriverProvider - Capabilities {acceptInsecureCerts: true, browserName: chrome, goog:chromeOptions: {args: [remote-allow-origins=*, test-type, no-sandbox, ignore-certificate-errors, --window-size=1000,800, incognito, disable-infobars, disable-gpu, disable-default-apps, disable-popup-blocking, remote-allow-origins=*, test-type, no-sandbox, ignore-certificate-errors, --window-size=1000,800, incognito, disable-infobars, disable-gpu, disable-default-apps, disable-popup-blocking, remote-allow-origins=*], extensions: []}}
19:54:41.052 [AsyncHttpClient-1-8] DEBUG org.asynchttpclient.netty.channel.NettyConnectListener - Using new Channel '[id: 0x72ccf645, L:/127.0.0.1:56399 - R:localhost/127.0.0.1:9417]' for 'POST' to '/session'
19:54:41.108 [AsyncHttpClient-1-1] DEBUG org.asynchttpclient.netty.channel.DefaultChannelPool - Entry count for : http://localhost:56375 : 1
19:54:41.108 [AsyncHttpClient-1-1] DEBUG org.asynchttpclient.netty.channel.DefaultChannelPool - Entry count for : http://localhost:23736 : 1
19:54:41.108 [AsyncHttpClient-1-1] DEBUG org.asynchttpclient.netty.channel.DefaultChannelPool - Adding Candidate expired Channel [id: 0xecf84fb5, L:/127.0.0.1:56381 ! R:localhost/127.0.0.1:56375] isIdleTimeoutExpired=false isRemotelyClosed=true isTtlExpired=false
19:54:41.108 [AsyncHttpClient-1-1] DEBUG org.asynchttpclient.netty.channel.DefaultChannelPool - Closing Idle Channel [id: 0xecf84fb5, L:/127.0.0.1:56381 ! R:localhost/127.0.0.1:56375]
19:54:41.108 [AsyncHttpClient-1-1] DEBUG org.asynchttpclient.netty.channel.DefaultChannelPool - Adding Candidate expired Channel [id: 0xc17ea812, L:/127.0.0.1:56374 ! R:localhost/127.0.0.1:23736] isIdleTimeoutExpired=false isRemotelyClosed=true isTtlExpired=false
19:54:41.108 [AsyncHttpClient-1-1] DEBUG org.asynchttpclient.netty.channel.DefaultChannelPool - Closing Idle Channel [id: 0xc17ea812, L:/127.0.0.1:56374 ! R:localhost/127.0.0.1:23736]
19:54:41.108 [AsyncHttpClient-1-1] DEBUG org.asynchttpclient.netty.channel.DefaultChannelPool - Closed 2 connections out of 2 in 0 ms
19:54:41.653 [AsyncHttpClient-1-8] DEBUG org.asynchttpclient.netty.handler.HttpHandler - 

Request DefaultHttpRequest(decodeResult: success, version: HTTP/1.1)
POST /session HTTP/1.1
User-Agent: selenium/4.8.1 (java windows)
Content-Length: 1729
Content-Type: application/json; charset=utf-8
host: localhost:9417
accept: */*

Response DefaultHttpResponse(decodeResult: success, version: HTTP/1.1)
HTTP/1.1 200 OK
Content-Length: 861
Content-Type: application/json; charset=utf-8
cache-control: no-cache

19:54:41.653 [AsyncHttpClient-1-8] DEBUG org.asynchttpclient.netty.channel.ChannelManager - Adding key: http://localhost:9417 for channel [id: 0x72ccf645, L:/127.0.0.1:56399 - R:localhost/127.0.0.1:9417]
19:54:41.659 [AsyncHttpClient-1-9] DEBUG org.asynchttpclient.netty.channel.NettyConnectListener - Using new Channel '[id: 0xbc8eec1c, L:/127.0.0.1:56406 - R:localhost/127.0.0.1:56400]' for 'GET' to '/json/version'
19:54:41.662 [AsyncHttpClient-1-9] DEBUG org.asynchttpclient.netty.handler.HttpHandler - 

Request DefaultFullHttpRequest(decodeResult: success, version: HTTP/1.1, content: EmptyByteBufBE)
GET /json/version HTTP/1.1
User-Agent: selenium/4.8.1 (java windows)
host: localhost:56400
accept: */*

Response DefaultHttpResponse(decodeResult: success, version: HTTP/1.1)
HTTP/1.1 200 OK
Content-Security-Policy: frame-ancestors 'none'
Content-Length: 424
Content-Type: application/json; charset=UTF-8

19:54:41.662 [AsyncHttpClient-1-9] DEBUG org.asynchttpclient.netty.channel.ChannelManager - Adding key: http://localhost:56400 for channel [id: 0xbc8eec1c, L:/127.0.0.1:56406 - R:localhost/127.0.0.1:56400]
19:54:41.665 [AsyncHttpClient-1-10] DEBUG org.asynchttpclient.netty.channel.NettyConnectListener - Using new Channel '[id: 0xbe6e155c, L:/127.0.0.1:56407 - R:localhost/127.0.0.1:56400]' for 'GET' to '/devtools/browser/4fe96b01-56f5-4c64-97a9-a617f5a18d63'
19:54:41.668 [AsyncHttpClient-1-10] DEBUG org.asynchttpclient.netty.handler.WebSocketHandler - 

Request DefaultFullHttpRequest(decodeResult: success, version: HTTP/1.1, content: EmptyByteBufBE)
GET /devtools/browser/4fe96b01-56f5-4c64-97a9-a617f5a18d63 HTTP/1.1
upgrade: websocket
connection: upgrade
sec-websocket-key: hnHSI0CJCt2x/wLCJYdM7Q==
sec-websocket-version: 13
origin: http://localhost:56400
host: localhost:56400
accept: */*
user-agent: AHC/2.1

Response DefaultHttpResponse(decodeResult: success, version: HTTP/1.1)
HTTP/1.1 101 WebSocket Protocol Handshake
Upgrade: WebSocket
Connection: Upgrade
Sec-WebSocket-Accept: 1zNx6+prb1z9iEZdHvY7b0WNp9o=

19:54:41.674 [Forwarding get on session ae38cac0a6e57d58c2d89c4dac8849ee to remote] DEBUG org.asynchttpclient.netty.request.NettyRequestSender - Using pooled Channel '[id: 0x72ccf645, L:/127.0.0.1:56399 - R:localhost/127.0.0.1:9417]' for 'POST' to 'http://localhost:9417/session/ae38cac0a6e57d58c2d89c4dac8849ee/url'
19:54:41.674 [Forwarding get on session ae38cac0a6e57d58c2d89c4dac8849ee to remote] DEBUG org.asynchttpclient.netty.request.NettyRequestSender - Using open Channel [id: 0x72ccf645, L:/127.0.0.1:56399 - R:localhost/127.0.0.1:9417] for POST '/session/ae38cac0a6e57d58c2d89c4dac8849ee/url'
19:54:42.177 [AsyncHttpClient-1-8] DEBUG org.asynchttpclient.netty.handler.HttpHandler - 

Request DefaultHttpRequest(decodeResult: success, version: HTTP/1.1)
POST /session/ae38cac0a6e57d58c2d89c4dac8849ee/url HTTP/1.1
User-Agent: selenium/4.8.1 (java windows)
Content-Length: 56
Content-Type: application/json; charset=utf-8
host: localhost:9417
accept: */*

Response DefaultHttpResponse(decodeResult: success, version: HTTP/1.1)
HTTP/1.1 200 OK
Content-Length: 14
Content-Type: application/json; charset=utf-8
cache-control: no-cache

19:54:42.177 [AsyncHttpClient-1-8] DEBUG org.asynchttpclient.netty.channel.ChannelManager - Adding key: http://localhost:9417 for channel [id: 0x72ccf645, L:/127.0.0.1:56399 - R:localhost/127.0.0.1:9417]
19:54:42.178 [Forwarding setTimeout on session ae38cac0a6e57d58c2d89c4dac8849ee to remote] DEBUG org.asynchttpclient.netty.request.NettyRequestSender - Using pooled Channel '[id: 0x72ccf645, L:/127.0.0.1:56399 - R:localhost/127.0.0.1:9417]' for 'POST' to 'http://localhost:9417/session/ae38cac0a6e57d58c2d89c4dac8849ee/timeouts'
19:54:42.178 [Forwarding setTimeout on session ae38cac0a6e57d58c2d89c4dac8849ee to remote] DEBUG org.asynchttpclient.netty.request.NettyRequestSender - Using open Channel [id: 0x72ccf645, L:/127.0.0.1:56399 - R:localhost/127.0.0.1:9417] for POST '/session/ae38cac0a6e57d58c2d89c4dac8849ee/timeouts'
19:54:42.179 [AsyncHttpClient-1-8] DEBUG org.asynchttpclient.netty.handler.HttpHandler - 

Request DefaultHttpRequest(decodeResult: success, version: HTTP/1.1)
POST /session/ae38cac0a6e57d58c2d89c4dac8849ee/timeouts HTTP/1.1
User-Agent: selenium/4.8.1 (java windows)
Content-Length: 22
Content-Type: application/json; charset=utf-8
host: localhost:9417
accept: */*

Response DefaultHttpResponse(decodeResult: success, version: HTTP/1.1)
HTTP/1.1 200 OK
Content-Length: 14
Content-Type: application/json; charset=utf-8
cache-control: no-cache

19:54:42.179 [AsyncHttpClient-1-8] DEBUG org.asynchttpclient.netty.channel.ChannelManager - Adding key: http://localhost:9417 for channel [id: 0x72ccf645, L:/127.0.0.1:56399 - R:localhost/127.0.0.1:9417]
19:54:42.185 [main] DEBUG net.serenitybdd.core.photography.Darkroom - Opening darkroom
19:54:42.185 [Darkroom Processing Line] DEBUG net.serenitybdd.core.photography.DarkroomProcessingLine - Darkroom processing line starting up
19:54:42.187 [Forwarding getAlertText on session ae38cac0a6e57d58c2d89c4dac8849ee to remote] DEBUG org.asynchttpclient.netty.request.NettyRequestSender - Using pooled Channel '[id: 0x72ccf645, L:/127.0.0.1:56399 - R:localhost/127.0.0.1:9417]' for 'GET' to 'http://localhost:9417/session/ae38cac0a6e57d58c2d89c4dac8849ee/alert/text'
19:54:42.187 [Forwarding getAlertText on session ae38cac0a6e57d58c2d89c4dac8849ee to remote] DEBUG org.asynchttpclient.netty.request.NettyRequestSender - Using open Channel [id: 0x72ccf645, L:/127.0.0.1:56399 - R:localhost/127.0.0.1:9417] for GET '/session/ae38cac0a6e57d58c2d89c4dac8849ee/alert/text'
19:54:42.189 [AsyncHttpClient-1-8] DEBUG org.asynchttpclient.netty.handler.HttpHandler - 

Request DefaultFullHttpRequest(decodeResult: success, version: HTTP/1.1, content: EmptyByteBufBE)
GET /session/ae38cac0a6e57d58c2d89c4dac8849ee/alert/text HTTP/1.1
User-Agent: selenium/4.8.1 (java windows)
Cache-Control: no-cache
Content-Type: application/json; charset=utf-8
host: localhost:9417
accept: */*

Response DefaultHttpResponse(decodeResult: success, version: HTTP/1.1)
HTTP/1.1 404 Not Found
Content-Length: 816
Content-Type: application/json; charset=utf-8
cache-control: no-cache

19:54:42.189 [AsyncHttpClient-1-8] DEBUG org.asynchttpclient.netty.channel.ChannelManager - Adding key: http://localhost:9417 for channel [id: 0x72ccf645, L:/127.0.0.1:56399 - R:localhost/127.0.0.1:9417]
19:54:42.190 [Forwarding getCurrentUrl on session ae38cac0a6e57d58c2d89c4dac8849ee to remote] DEBUG org.asynchttpclient.netty.request.NettyRequestSender - Using pooled Channel '[id: 0x72ccf645, L:/127.0.0.1:56399 - R:localhost/127.0.0.1:9417]' for 'GET' to 'http://localhost:9417/session/ae38cac0a6e57d58c2d89c4dac8849ee/url'
19:54:42.190 [Forwarding getCurrentUrl on session ae38cac0a6e57d58c2d89c4dac8849ee to remote] DEBUG org.asynchttpclient.netty.request.NettyRequestSender - Using open Channel [id: 0x72ccf645, L:/127.0.0.1:56399 - R:localhost/127.0.0.1:9417] for GET '/session/ae38cac0a6e57d58c2d89c4dac8849ee/url'
19:54:42.194 [AsyncHttpClient-1-8] DEBUG org.asynchttpclient.netty.handler.HttpHandler - 

Request DefaultFullHttpRequest(decodeResult: success, version: HTTP/1.1, content: EmptyByteBufBE)
GET /session/ae38cac0a6e57d58c2d89c4dac8849ee/url HTTP/1.1
User-Agent: selenium/4.8.1 (java windows)
Cache-Control: no-cache
Content-Type: application/json; charset=utf-8
host: localhost:9417
accept: */*

Response DefaultHttpResponse(decodeResult: success, version: HTTP/1.1)
HTTP/1.1 200 OK
Content-Length: 38
Content-Type: application/json; charset=utf-8
cache-control: no-cache

19:54:42.194 [AsyncHttpClient-1-8] DEBUG org.asynchttpclient.netty.channel.ChannelManager - Adding key: http://localhost:9417 for channel [id: 0x72ccf645, L:/127.0.0.1:56399 - R:localhost/127.0.0.1:9417]
19:54:42.195 [Forwarding screenshot on session ae38cac0a6e57d58c2d89c4dac8849ee to remote] DEBUG org.asynchttpclient.netty.request.NettyRequestSender - Using pooled Channel '[id: 0x72ccf645, L:/127.0.0.1:56399 - R:localhost/127.0.0.1:9417]' for 'GET' to 'http://localhost:9417/session/ae38cac0a6e57d58c2d89c4dac8849ee/screenshot'
19:54:42.195 [Forwarding screenshot on session ae38cac0a6e57d58c2d89c4dac8849ee to remote] DEBUG org.asynchttpclient.netty.request.NettyRequestSender - Using open Channel [id: 0x72ccf645, L:/127.0.0.1:56399 - R:localhost/127.0.0.1:9417] for GET '/session/ae38cac0a6e57d58c2d89c4dac8849ee/screenshot'
19:54:42.207 [AsyncHttpClient-1-1] DEBUG org.asynchttpclient.netty.channel.DefaultChannelPool - Entry count for : http://localhost:56400 : 1
19:54:42.303 [AsyncHttpClient-1-8] DEBUG org.asynchttpclient.netty.handler.HttpHandler - 

Request DefaultFullHttpRequest(decodeResult: success, version: HTTP/1.1, content: EmptyByteBufBE)
GET /session/ae38cac0a6e57d58c2d89c4dac8849ee/screenshot HTTP/1.1
User-Agent: selenium/4.8.1 (java windows)
Cache-Control: no-cache
Content-Type: application/json; charset=utf-8
host: localhost:9417
accept: */*

Response DefaultHttpResponse(decodeResult: success, version: HTTP/1.1)
HTTP/1.1 200 OK
Content-Length: 58480
Content-Type: application/json; charset=utf-8
cache-control: no-cache

19:54:42.304 [AsyncHttpClient-1-8] DEBUG org.asynchttpclient.netty.channel.ChannelManager - Adding key: http://localhost:9417 for channel [id: 0x72ccf645, L:/127.0.0.1:56399 - R:localhost/127.0.0.1:9417]
19:54:42.305 [main] DEBUG net.serenitybdd.core.photography.Darkroom - Send negative for processing for target\site\serenity\cb92d98072c3b75a83324d609d10345ba9940c54df6d644def90c13c11b006db.png
19:54:42.307 [Forwarding getPageSource on session ae38cac0a6e57d58c2d89c4dac8849ee to remote] DEBUG org.asynchttpclient.netty.request.NettyRequestSender - Using pooled Channel '[id: 0x72ccf645, L:/127.0.0.1:56399 - R:localhost/127.0.0.1:9417]' for 'POST' to 'http://localhost:9417/session/ae38cac0a6e57d58c2d89c4dac8849ee/execute/sync'
19:54:42.307 [Forwarding getPageSource on session ae38cac0a6e57d58c2d89c4dac8849ee to remote] DEBUG org.asynchttpclient.netty.request.NettyRequestSender - Using open Channel [id: 0x72ccf645, L:/127.0.0.1:56399 - R:localhost/127.0.0.1:9417] for POST '/session/ae38cac0a6e57d58c2d89c4dac8849ee/execute/sync'
19:54:42.312 [AsyncHttpClient-1-8] DEBUG org.asynchttpclient.netty.handler.HttpHandler - 

Request DefaultHttpRequest(decodeResult: success, version: HTTP/1.1)
POST /session/ae38cac0a6e57d58c2d89c4dac8849ee/execute/sync HTTP/1.1
User-Agent: selenium/4.8.1 (java windows)
Content-Length: 176
Content-Type: application/json; charset=utf-8
host: localhost:9417
accept: */*

Response DefaultHttpResponse(decodeResult: success, version: HTTP/1.1)
HTTP/1.1 200 OK
Content-Length: 4286
Content-Type: application/json; charset=utf-8
cache-control: no-cache

19:54:42.312 [AsyncHttpClient-1-8] DEBUG org.asynchttpclient.netty.channel.ChannelManager - Adding key: http://localhost:9417 for channel [id: 0x72ccf645, L:/127.0.0.1:56399 - R:localhost/127.0.0.1:9417]
19:54:42.313 [Forwarding getCurrentUrl on session ae38cac0a6e57d58c2d89c4dac8849ee to remote] DEBUG org.asynchttpclient.netty.request.NettyRequestSender - Using pooled Channel '[id: 0x72ccf645, L:/127.0.0.1:56399 - R:localhost/127.0.0.1:9417]' for 'GET' to 'http://localhost:9417/session/ae38cac0a6e57d58c2d89c4dac8849ee/url'
19:54:42.313 [Forwarding getCurrentUrl on session ae38cac0a6e57d58c2d89c4dac8849ee to remote] DEBUG org.asynchttpclient.netty.request.NettyRequestSender - Using open Channel [id: 0x72ccf645, L:/127.0.0.1:56399 - R:localhost/127.0.0.1:9417] for GET '/session/ae38cac0a6e57d58c2d89c4dac8849ee/url'
19:54:42.316 [AsyncHttpClient-1-8] DEBUG org.asynchttpclient.netty.handler.HttpHandler - 

Request DefaultFullHttpRequest(decodeResult: success, version: HTTP/1.1, content: EmptyByteBufBE)
GET /session/ae38cac0a6e57d58c2d89c4dac8849ee/url HTTP/1.1
User-Agent: selenium/4.8.1 (java windows)
Cache-Control: no-cache
Content-Type: application/json; charset=utf-8
host: localhost:9417
accept: */*

Response DefaultHttpResponse(decodeResult: success, version: HTTP/1.1)
HTTP/1.1 200 OK
Content-Length: 38
Content-Type: application/json; charset=utf-8
cache-control: no-cache

19:54:42.316 [AsyncHttpClient-1-8] DEBUG org.asynchttpclient.netty.channel.ChannelManager - Adding key: http://localhost:9417 for channel [id: 0x72ccf645, L:/127.0.0.1:56399 - R:localhost/127.0.0.1:9417]
19:54:42.317 [main] DEBUG net.thucydides.core.steps.StepInterceptor - STARTING STEP: LoginSteps.onTheLoginPage - validateOnTheLoginPage
19:54:42.319 [Forwarding findElement on session ae38cac0a6e57d58c2d89c4dac8849ee to remote] DEBUG org.asynchttpclient.netty.request.NettyRequestSender - Using pooled Channel '[id: 0x72ccf645, L:/127.0.0.1:56399 - R:localhost/127.0.0.1:9417]' for 'POST' to 'http://localhost:9417/session/ae38cac0a6e57d58c2d89c4dac8849ee/element'
19:54:42.319 [Forwarding findElement on session ae38cac0a6e57d58c2d89c4dac8849ee to remote] DEBUG org.asynchttpclient.netty.request.NettyRequestSender - Using open Channel [id: 0x72ccf645, L:/127.0.0.1:56399 - R:localhost/127.0.0.1:9417] for POST '/session/ae38cac0a6e57d58c2d89c4dac8849ee/element'
19:54:42.329 [AsyncHttpClient-1-8] DEBUG org.asynchttpclient.netty.handler.HttpHandler - 

Request DefaultHttpRequest(decodeResult: success, version: HTTP/1.1)
POST /session/ae38cac0a6e57d58c2d89c4dac8849ee/element HTTP/1.1
User-Agent: selenium/4.8.1 (java windows)
Content-Length: 59
Content-Type: application/json; charset=utf-8
host: localhost:9417
accept: */*

Response DefaultHttpResponse(decodeResult: success, version: HTTP/1.1)
HTTP/1.1 200 OK
Content-Length: 88
Content-Type: application/json; charset=utf-8
cache-control: no-cache

19:54:42.329 [AsyncHttpClient-1-8] DEBUG org.asynchttpclient.netty.channel.ChannelManager - Adding key: http://localhost:9417 for channel [id: 0x72ccf645, L:/127.0.0.1:56399 - R:localhost/127.0.0.1:9417]
19:54:42.331 [Forwarding isElementDisplayed on session ae38cac0a6e57d58c2d89c4dac8849ee to remote] DEBUG org.asynchttpclient.netty.request.NettyRequestSender - Using pooled Channel '[id: 0x72ccf645, L:/127.0.0.1:56399 - R:localhost/127.0.0.1:9417]' for 'POST' to 'http://localhost:9417/session/ae38cac0a6e57d58c2d89c4dac8849ee/execute/sync'
19:54:42.331 [Forwarding isElementDisplayed on session ae38cac0a6e57d58c2d89c4dac8849ee to remote] DEBUG org.asynchttpclient.netty.request.NettyRequestSender - Using open Channel [id: 0x72ccf645, L:/127.0.0.1:56399 - R:localhost/127.0.0.1:9417] for POST '/session/ae38cac0a6e57d58c2d89c4dac8849ee/execute/sync'
19:54:42.341 [AsyncHttpClient-1-8] DEBUG org.asynchttpclient.netty.handler.HttpHandler - 

Request DefaultHttpRequest(decodeResult: success, version: HTTP/1.1)
POST /session/ae38cac0a6e57d58c2d89c4dac8849ee/execute/sync HTTP/1.1
User-Agent: selenium/4.8.1 (java windows)
Content-Length: 48807
Content-Type: application/json; charset=utf-8
host: localhost:9417
accept: */*

Response DefaultHttpResponse(decodeResult: success, version: HTTP/1.1)
HTTP/1.1 200 OK
Content-Length: 14
Content-Type: application/json; charset=utf-8
cache-control: no-cache

19:54:42.341 [AsyncHttpClient-1-8] DEBUG org.asynchttpclient.netty.channel.ChannelManager - Adding key: http://localhost:9417 for channel [id: 0x72ccf645, L:/127.0.0.1:56399 - R:localhost/127.0.0.1:9417]
19:54:42.344 [main] DEBUG net.thucydides.core.steps.StepInterceptor - STEP DONE: validateOnTheLoginPage
  &amp#27;[32mGiven &amp#27;[0m&amp#27;[32mI am on the login page&amp#27;[0m                            &amp#27;[90m# starter.stepDefinitions.LoginSteps.onTheLoginPage()&amp#27;[0m
19:54:42.352 [Forwarding getPageSource on session ae38cac0a6e57d58c2d89c4dac8849ee to remote] DEBUG org.asynchttpclient.netty.request.NettyRequestSender - Using pooled Channel '[id: 0x72ccf645, L:/127.0.0.1:56399 - R:localhost/127.0.0.1:9417]' for 'POST' to 'http://localhost:9417/session/ae38cac0a6e57d58c2d89c4dac8849ee/execute/sync'
19:54:42.352 [Forwarding getPageSource on session ae38cac0a6e57d58c2d89c4dac8849ee to remote] DEBUG org.asynchttpclient.netty.request.NettyRequestSender - Using open Channel [id: 0x72ccf645, L:/127.0.0.1:56399 - R:localhost/127.0.0.1:9417] for POST '/session/ae38cac0a6e57d58c2d89c4dac8849ee/execute/sync'
19:54:42.356 [AsyncHttpClient-1-8] DEBUG org.asynchttpclient.netty.handler.HttpHandler - 

Request DefaultHttpRequest(decodeResult: success, version: HTTP/1.1)
POST /session/ae38cac0a6e57d58c2d89c4dac8849ee/execute/sync HTTP/1.1
User-Agent: selenium/4.8.1 (java windows)
Content-Length: 176
Content-Type: application/json; charset=utf-8
host: localhost:9417
accept: */*

Response DefaultHttpResponse(decodeResult: success, version: HTTP/1.1)
HTTP/1.1 200 OK
Content-Length: 4286
Content-Type: application/json; charset=utf-8
cache-control: no-cache

19:54:42.356 [AsyncHttpClient-1-8] DEBUG org.asynchttpclient.netty.channel.ChannelManager - Adding key: http://localhost:9417 for channel [id: 0x72ccf645, L:/127.0.0.1:56399 - R:localhost/127.0.0.1:9417]
19:54:42.357 [Forwarding getCurrentUrl on session ae38cac0a6e57d58c2d89c4dac8849ee to remote] DEBUG org.asynchttpclient.netty.request.NettyRequestSender - Using pooled Channel '[id: 0x72ccf645, L:/127.0.0.1:56399 - R:localhost/127.0.0.1:9417]' for 'GET' to 'http://localhost:9417/session/ae38cac0a6e57d58c2d89c4dac8849ee/url'
19:54:42.357 [Forwarding getCurrentUrl on session ae38cac0a6e57d58c2d89c4dac8849ee to remote] DEBUG org.asynchttpclient.netty.request.NettyRequestSender - Using open Channel [id: 0x72ccf645, L:/127.0.0.1:56399 - R:localhost/127.0.0.1:9417] for GET '/session/ae38cac0a6e57d58c2d89c4dac8849ee/url'
19:54:42.360 [AsyncHttpClient-1-8] DEBUG org.asynchttpclient.netty.handler.HttpHandler - 

Request DefaultFullHttpRequest(decodeResult: success, version: HTTP/1.1, content: EmptyByteBufBE)
GET /session/ae38cac0a6e57d58c2d89c4dac8849ee/url HTTP/1.1
User-Agent: selenium/4.8.1 (java windows)
Cache-Control: no-cache
Content-Type: application/json; charset=utf-8
host: localhost:9417
accept: */*

Response DefaultHttpResponse(decodeResult: success, version: HTTP/1.1)
HTTP/1.1 200 OK
Content-Length: 38
Content-Type: application/json; charset=utf-8
cache-control: no-cache

19:54:42.360 [AsyncHttpClient-1-8] DEBUG org.asynchttpclient.netty.channel.ChannelManager - Adding key: http://localhost:9417 for channel [id: 0x72ccf645, L:/127.0.0.1:56399 - R:localhost/127.0.0.1:9417]
19:54:42.369 [Forwarding getAlertText on session ae38cac0a6e57d58c2d89c4dac8849ee to remote] DEBUG org.asynchttpclient.netty.request.NettyRequestSender - Using pooled Channel '[id: 0x72ccf645, L:/127.0.0.1:56399 - R:localhost/127.0.0.1:9417]' for 'GET' to 'http://localhost:9417/session/ae38cac0a6e57d58c2d89c4dac8849ee/alert/text'
19:54:42.369 [Forwarding getAlertText on session ae38cac0a6e57d58c2d89c4dac8849ee to remote] DEBUG org.asynchttpclient.netty.request.NettyRequestSender - Using open Channel [id: 0x72ccf645, L:/127.0.0.1:56399 - R:localhost/127.0.0.1:9417] for GET '/session/ae38cac0a6e57d58c2d89c4dac8849ee/alert/text'
19:54:42.371 [AsyncHttpClient-1-8] DEBUG org.asynchttpclient.netty.handler.HttpHandler - 

Request DefaultFullHttpRequest(decodeResult: success, version: HTTP/1.1, content: EmptyByteBufBE)
GET /session/ae38cac0a6e57d58c2d89c4dac8849ee/alert/text HTTP/1.1
User-Agent: selenium/4.8.1 (java windows)
Cache-Control: no-cache
Content-Type: application/json; charset=utf-8
host: localhost:9417
accept: */*

Response DefaultHttpResponse(decodeResult: success, version: HTTP/1.1)
HTTP/1.1 404 Not Found
Content-Length: 816
Content-Type: application/json; charset=utf-8
cache-control: no-cache

19:54:42.371 [AsyncHttpClient-1-8] DEBUG org.asynchttpclient.netty.channel.ChannelManager - Adding key: http://localhost:9417 for channel [id: 0x72ccf645, L:/127.0.0.1:56399 - R:localhost/127.0.0.1:9417]
19:54:42.371 [Forwarding getCurrentUrl on session ae38cac0a6e57d58c2d89c4dac8849ee to remote] DEBUG org.asynchttpclient.netty.request.NettyRequestSender - Using pooled Channel '[id: 0x72ccf645, L:/127.0.0.1:56399 - R:localhost/127.0.0.1:9417]' for 'GET' to 'http://localhost:9417/session/ae38cac0a6e57d58c2d89c4dac8849ee/url'
19:54:42.371 [Forwarding getCurrentUrl on session ae38cac0a6e57d58c2d89c4dac8849ee to remote] DEBUG org.asynchttpclient.netty.request.NettyRequestSender - Using open Channel [id: 0x72ccf645, L:/127.0.0.1:56399 - R:localhost/127.0.0.1:9417] for GET '/session/ae38cac0a6e57d58c2d89c4dac8849ee/url'
19:54:42.374 [AsyncHttpClient-1-8] DEBUG org.asynchttpclient.netty.handler.HttpHandler - 

Request DefaultFullHttpRequest(decodeResult: success, version: HTTP/1.1, content: EmptyByteBufBE)
GET /session/ae38cac0a6e57d58c2d89c4dac8849ee/url HTTP/1.1
User-Agent: selenium/4.8.1 (java windows)
Cache-Control: no-cache
Content-Type: application/json; charset=utf-8
host: localhost:9417
accept: */*

Response DefaultHttpResponse(decodeResult: success, version: HTTP/1.1)
HTTP/1.1 200 OK
Content-Length: 38
Content-Type: application/json; charset=utf-8
cache-control: no-cache

19:54:42.374 [AsyncHttpClient-1-8] DEBUG org.asynchttpclient.netty.channel.ChannelManager - Adding key: http://localhost:9417 for channel [id: 0x72ccf645, L:/127.0.0.1:56399 - R:localhost/127.0.0.1:9417]
19:54:42.375 [Forwarding screenshot on session ae38cac0a6e57d58c2d89c4dac8849ee to remote] DEBUG org.asynchttpclient.netty.request.NettyRequestSender - Using pooled Channel '[id: 0x72ccf645, L:/127.0.0.1:56399 - R:localhost/127.0.0.1:9417]' for 'GET' to 'http://localhost:9417/session/ae38cac0a6e57d58c2d89c4dac8849ee/screenshot'
19:54:42.375 [Forwarding screenshot on session ae38cac0a6e57d58c2d89c4dac8849ee to remote] DEBUG org.asynchttpclient.netty.request.NettyRequestSender - Using open Channel [id: 0x72ccf645, L:/127.0.0.1:56399 - R:localhost/127.0.0.1:9417] for GET '/session/ae38cac0a6e57d58c2d89c4dac8849ee/screenshot'
19:54:42.477 [AsyncHttpClient-1-8] DEBUG org.asynchttpclient.netty.handler.HttpHandler - 

Request DefaultFullHttpRequest(decodeResult: success, version: HTTP/1.1, content: EmptyByteBufBE)
GET /session/ae38cac0a6e57d58c2d89c4dac8849ee/screenshot HTTP/1.1
User-Agent: selenium/4.8.1 (java windows)
Cache-Control: no-cache
Content-Type: application/json; charset=utf-8
host: localhost:9417
accept: */*

Response DefaultHttpResponse(decodeResult: success, version: HTTP/1.1)
HTTP/1.1 200 OK
Content-Length: 58480
Content-Type: application/json; charset=utf-8
cache-control: no-cache

19:54:42.478 [AsyncHttpClient-1-8] DEBUG org.asynchttpclient.netty.channel.ChannelManager - Adding key: http://localhost:9417 for channel [id: 0x72ccf645, L:/127.0.0.1:56399 - R:localhost/127.0.0.1:9417]
19:54:42.479 [main] DEBUG net.serenitybdd.core.photography.Darkroom - Send negative for processing for target\site\serenity\cb92d98072c3b75a83324d609d10345ba9940c54df6d644def90c13c11b006db.png
19:54:42.481 [Forwarding getPageSource on session ae38cac0a6e57d58c2d89c4dac8849ee to remote] DEBUG org.asynchttpclient.netty.request.NettyRequestSender - Using pooled Channel '[id: 0x72ccf645, L:/127.0.0.1:56399 - R:localhost/127.0.0.1:9417]' for 'POST' to 'http://localhost:9417/session/ae38cac0a6e57d58c2d89c4dac8849ee/execute/sync'
19:54:42.481 [Forwarding getPageSource on session ae38cac0a6e57d58c2d89c4dac8849ee to remote] DEBUG org.asynchttpclient.netty.request.NettyRequestSender - Using open Channel [id: 0x72ccf645, L:/127.0.0.1:56399 - R:localhost/127.0.0.1:9417] for POST '/session/ae38cac0a6e57d58c2d89c4dac8849ee/execute/sync'
19:54:42.484 [AsyncHttpClient-1-8] DEBUG org.asynchttpclient.netty.handler.HttpHandler - 

Request DefaultHttpRequest(decodeResult: success, version: HTTP/1.1)
POST /session/ae38cac0a6e57d58c2d89c4dac8849ee/execute/sync HTTP/1.1
User-Agent: selenium/4.8.1 (java windows)
Content-Length: 176
Content-Type: application/json; charset=utf-8
host: localhost:9417
accept: */*

Response DefaultHttpResponse(decodeResult: success, version: HTTP/1.1)
HTTP/1.1 200 OK
Content-Length: 4286
Content-Type: application/json; charset=utf-8
cache-control: no-cache

19:54:42.484 [AsyncHttpClient-1-8] DEBUG org.asynchttpclient.netty.channel.ChannelManager - Adding key: http://localhost:9417 for channel [id: 0x72ccf645, L:/127.0.0.1:56399 - R:localhost/127.0.0.1:9417]
19:54:42.485 [Forwarding getCurrentUrl on session ae38cac0a6e57d58c2d89c4dac8849ee to remote] DEBUG org.asynchttpclient.netty.request.NettyRequestSender - Using pooled Channel '[id: 0x72ccf645, L:/127.0.0.1:56399 - R:localhost/127.0.0.1:9417]' for 'GET' to 'http://localhost:9417/session/ae38cac0a6e57d58c2d89c4dac8849ee/url'
19:54:42.485 [Forwarding getCurrentUrl on session ae38cac0a6e57d58c2d89c4dac8849ee to remote] DEBUG org.asynchttpclient.netty.request.NettyRequestSender - Using open Channel [id: 0x72ccf645, L:/127.0.0.1:56399 - R:localhost/127.0.0.1:9417] for GET '/session/ae38cac0a6e57d58c2d89c4dac8849ee/url'
19:54:42.488 [AsyncHttpClient-1-8] DEBUG org.asynchttpclient.netty.handler.HttpHandler - 

Request DefaultFullHttpRequest(decodeResult: success, version: HTTP/1.1, content: EmptyByteBufBE)
GET /session/ae38cac0a6e57d58c2d89c4dac8849ee/url HTTP/1.1
User-Agent: selenium/4.8.1 (java windows)
Cache-Control: no-cache
Content-Type: application/json; charset=utf-8
host: localhost:9417
accept: */*

Response DefaultHttpResponse(decodeResult: success, version: HTTP/1.1)
HTTP/1.1 200 OK
Content-Length: 38
Content-Type: application/json; charset=utf-8
cache-control: no-cache

19:54:42.488 [AsyncHttpClient-1-8] DEBUG org.asynchttpclient.netty.channel.ChannelManager - Adding key: http://localhost:9417 for channel [id: 0x72ccf645, L:/127.0.0.1:56399 - R:localhost/127.0.0.1:9417]
19:54:42.490 [main] DEBUG net.thucydides.core.steps.StepInterceptor - STARTING STEP: LoginSteps.doEnterUsername - inputUsername
19:54:42.491 [Forwarding findElement on session ae38cac0a6e57d58c2d89c4dac8849ee to remote] DEBUG org.asynchttpclient.netty.request.NettyRequestSender - Using pooled Channel '[id: 0x72ccf645, L:/127.0.0.1:56399 - R:localhost/127.0.0.1:9417]' for 'POST' to 'http://localhost:9417/session/ae38cac0a6e57d58c2d89c4dac8849ee/element'
19:54:42.491 [Forwarding findElement on session ae38cac0a6e57d58c2d89c4dac8849ee to remote] DEBUG org.asynchttpclient.netty.request.NettyRequestSender - Using open Channel [id: 0x72ccf645, L:/127.0.0.1:56399 - R:localhost/127.0.0.1:9417] for POST '/session/ae38cac0a6e57d58c2d89c4dac8849ee/element'
19:54:42.499 [AsyncHttpClient-1-8] DEBUG org.asynchttpclient.netty.handler.HttpHandler - 

Request DefaultHttpRequest(decodeResult: success, version: HTTP/1.1)
POST /session/ae38cac0a6e57d58c2d89c4dac8849ee/element HTTP/1.1
User-Agent: selenium/4.8.1 (java windows)
Content-Length: 56
Content-Type: application/json; charset=utf-8
host: localhost:9417
accept: */*

Response DefaultHttpResponse(decodeResult: success, version: HTTP/1.1)
HTTP/1.1 200 OK
Content-Length: 88
Content-Type: application/json; charset=utf-8
cache-control: no-cache

19:54:42.499 [AsyncHttpClient-1-8] DEBUG org.asynchttpclient.netty.channel.ChannelManager - Adding key: http://localhost:9417 for channel [id: 0x72ccf645, L:/127.0.0.1:56399 - R:localhost/127.0.0.1:9417]
19:54:42.500 [Forwarding clearElement on session ae38cac0a6e57d58c2d89c4dac8849ee to remote] DEBUG org.asynchttpclient.netty.request.NettyRequestSender - Using pooled Channel '[id: 0x72ccf645, L:/127.0.0.1:56399 - R:localhost/127.0.0.1:9417]' for 'POST' to 'http://localhost:9417/session/ae38cac0a6e57d58c2d89c4dac8849ee/element/6839bb78-9aa9-43df-8081-200175850717/clear'
19:54:42.500 [Forwarding clearElement on session ae38cac0a6e57d58c2d89c4dac8849ee to remote] DEBUG org.asynchttpclient.netty.request.NettyRequestSender - Using open Channel [id: 0x72ccf645, L:/127.0.0.1:56399 - R:localhost/127.0.0.1:9417] for POST '/session/ae38cac0a6e57d58c2d89c4dac8849ee/element/6839bb78-9aa9-43df-8081-200175850717/clear'
19:54:42.525 [AsyncHttpClient-1-8] DEBUG org.asynchttpclient.netty.handler.HttpHandler - 

Request DefaultHttpRequest(decodeResult: success, version: HTTP/1.1)
POST /session/ae38cac0a6e57d58c2d89c4dac8849ee/element/6839bb78-9aa9-43df-8081-200175850717/clear HTTP/1.1
User-Agent: selenium/4.8.1 (java windows)
Content-Length: 50
Content-Type: application/json; charset=utf-8
host: localhost:9417
accept: */*

Response DefaultHttpResponse(decodeResult: success, version: HTTP/1.1)
HTTP/1.1 200 OK
Content-Length: 14
Content-Type: application/json; charset=utf-8
cache-control: no-cache

19:54:42.525 [AsyncHttpClient-1-8] DEBUG org.asynchttpclient.netty.channel.ChannelManager - Adding key: http://localhost:9417 for channel [id: 0x72ccf645, L:/127.0.0.1:56399 - R:localhost/127.0.0.1:9417]
19:54:42.526 [Forwarding sendKeysToElement on session ae38cac0a6e57d58c2d89c4dac8849ee to remote] DEBUG org.asynchttpclient.netty.request.NettyRequestSender - Using pooled Channel '[id: 0x72ccf645, L:/127.0.0.1:56399 - R:localhost/127.0.0.1:9417]' for 'POST' to 'http://localhost:9417/session/ae38cac0a6e57d58c2d89c4dac8849ee/element/6839bb78-9aa9-43df-8081-200175850717/value'
19:54:42.526 [Forwarding sendKeysToElement on session ae38cac0a6e57d58c2d89c4dac8849ee to remote] DEBUG org.asynchttpclient.netty.request.NettyRequestSender - Using open Channel [id: 0x72ccf645, L:/127.0.0.1:56399 - R:localhost/127.0.0.1:9417] for POST '/session/ae38cac0a6e57d58c2d89c4dac8849ee/element/6839bb78-9aa9-43df-8081-200175850717/value'
19:54:42.575 [AsyncHttpClient-1-8] DEBUG org.asynchttpclient.netty.handler.HttpHandler - 

Request DefaultHttpRequest(decodeResult: success, version: HTTP/1.1)
POST /session/ae38cac0a6e57d58c2d89c4dac8849ee/element/6839bb78-9aa9-43df-8081-200175850717/value HTTP/1.1
User-Agent: selenium/4.8.1 (java windows)
Content-Length: 211
Content-Type: application/json; charset=utf-8
host: localhost:9417
accept: */*

Response DefaultHttpResponse(decodeResult: success, version: HTTP/1.1)
HTTP/1.1 200 OK
Content-Length: 14
Content-Type: application/json; charset=utf-8
cache-control: no-cache

19:54:42.575 [AsyncHttpClient-1-8] DEBUG org.asynchttpclient.netty.channel.ChannelManager - Adding key: http://localhost:9417 for channel [id: 0x72ccf645, L:/127.0.0.1:56399 - R:localhost/127.0.0.1:9417]
19:54:42.579 [Forwarding getAlertText on session ae38cac0a6e57d58c2d89c4dac8849ee to remote] DEBUG org.asynchttpclient.netty.request.NettyRequestSender - Using pooled Channel '[id: 0x72ccf645, L:/127.0.0.1:56399 - R:localhost/127.0.0.1:9417]' for 'GET' to 'http://localhost:9417/session/ae38cac0a6e57d58c2d89c4dac8849ee/alert/text'
19:54:42.579 [Forwarding getAlertText on session ae38cac0a6e57d58c2d89c4dac8849ee to remote] DEBUG org.asynchttpclient.netty.request.NettyRequestSender - Using open Channel [id: 0x72ccf645, L:/127.0.0.1:56399 - R:localhost/127.0.0.1:9417] for GET '/session/ae38cac0a6e57d58c2d89c4dac8849ee/alert/text'
19:54:42.581 [AsyncHttpClient-1-8] DEBUG org.asynchttpclient.netty.handler.HttpHandler - 

Request DefaultFullHttpRequest(decodeResult: success, version: HTTP/1.1, content: EmptyByteBufBE)
GET /session/ae38cac0a6e57d58c2d89c4dac8849ee/alert/text HTTP/1.1
User-Agent: selenium/4.8.1 (java windows)
Cache-Control: no-cache
Content-Type: application/json; charset=utf-8
host: localhost:9417
accept: */*

Response DefaultHttpResponse(decodeResult: success, version: HTTP/1.1)
HTTP/1.1 404 Not Found
Content-Length: 816
Content-Type: application/json; charset=utf-8
cache-control: no-cache

19:54:42.581 [AsyncHttpClient-1-8] DEBUG org.asynchttpclient.netty.channel.ChannelManager - Adding key: http://localhost:9417 for channel [id: 0x72ccf645, L:/127.0.0.1:56399 - R:localhost/127.0.0.1:9417]
19:54:42.581 [Forwarding getCurrentUrl on session ae38cac0a6e57d58c2d89c4dac8849ee to remote] DEBUG org.asynchttpclient.netty.request.NettyRequestSender - Using pooled Channel '[id: 0x72ccf645, L:/127.0.0.1:56399 - R:localhost/127.0.0.1:9417]' for 'GET' to 'http://localhost:9417/session/ae38cac0a6e57d58c2d89c4dac8849ee/url'
19:54:42.581 [Forwarding getCurrentUrl on session ae38cac0a6e57d58c2d89c4dac8849ee to remote] DEBUG org.asynchttpclient.netty.request.NettyRequestSender - Using open Channel [id: 0x72ccf645, L:/127.0.0.1:56399 - R:localhost/127.0.0.1:9417] for GET '/session/ae38cac0a6e57d58c2d89c4dac8849ee/url'
19:54:42.584 [AsyncHttpClient-1-8] DEBUG org.asynchttpclient.netty.handler.HttpHandler - 

Request DefaultFullHttpRequest(decodeResult: success, version: HTTP/1.1, content: EmptyByteBufBE)
GET /session/ae38cac0a6e57d58c2d89c4dac8849ee/url HTTP/1.1
User-Agent: selenium/4.8.1 (java windows)
Cache-Control: no-cache
Content-Type: application/json; charset=utf-8
host: localhost:9417
accept: */*

Response DefaultHttpResponse(decodeResult: success, version: HTTP/1.1)
HTTP/1.1 200 OK
Content-Length: 38
Content-Type: application/json; charset=utf-8
cache-control: no-cache

19:54:42.584 [AsyncHttpClient-1-8] DEBUG org.asynchttpclient.netty.channel.ChannelManager - Adding key: http://localhost:9417 for channel [id: 0x72ccf645, L:/127.0.0.1:56399 - R:localhost/127.0.0.1:9417]
19:54:42.584 [Forwarding screenshot on session ae38cac0a6e57d58c2d89c4dac8849ee to remote] DEBUG org.asynchttpclient.netty.request.NettyRequestSender - Using pooled Channel '[id: 0x72ccf645, L:/127.0.0.1:56399 - R:localhost/127.0.0.1:9417]' for 'GET' to 'http://localhost:9417/session/ae38cac0a6e57d58c2d89c4dac8849ee/screenshot'
19:54:42.584 [Forwarding screenshot on session ae38cac0a6e57d58c2d89c4dac8849ee to remote] DEBUG org.asynchttpclient.netty.request.NettyRequestSender - Using open Channel [id: 0x72ccf645, L:/127.0.0.1:56399 - R:localhost/127.0.0.1:9417] for GET '/session/ae38cac0a6e57d58c2d89c4dac8849ee/screenshot'
19:54:42.690 [AsyncHttpClient-1-8] DEBUG org.asynchttpclient.netty.handler.HttpHandler - 

Request DefaultFullHttpRequest(decodeResult: success, version: HTTP/1.1, content: EmptyByteBufBE)
GET /session/ae38cac0a6e57d58c2d89c4dac8849ee/screenshot HTTP/1.1
User-Agent: selenium/4.8.1 (java windows)
Cache-Control: no-cache
Content-Type: application/json; charset=utf-8
host: localhost:9417
accept: */*

Response DefaultHttpResponse(decodeResult: success, version: HTTP/1.1)
HTTP/1.1 200 OK
Content-Length: 59376
Content-Type: application/json; charset=utf-8
cache-control: no-cache

19:54:42.691 [AsyncHttpClient-1-8] DEBUG org.asynchttpclient.netty.channel.ChannelManager - Adding key: http://localhost:9417 for channel [id: 0x72ccf645, L:/127.0.0.1:56399 - R:localhost/127.0.0.1:9417]
19:54:42.692 [main] DEBUG net.serenitybdd.core.photography.Darkroom - Send negative for processing for target\site\serenity\34df7c2a49013db09874827a64595e6a5db2797a92a71bf1a6ba69e39d9b6283.png
19:54:42.692 [main] DEBUG net.thucydides.core.steps.StepInterceptor - STEP DONE: inputUsername
  &amp#27;[32mWhen &amp#27;[0m&amp#27;[32mI enter username &amp#27;[0m&amp#27;[32m&amp#27;[1m"standard_user"&amp#27;[0m                   &amp#27;[90m# starter.stepDefinitions.LoginSteps.doEnterUsername(java.lang.String)&amp#27;[0m
19:54:42.699 [Forwarding getPageSource on session ae38cac0a6e57d58c2d89c4dac8849ee to remote] DEBUG org.asynchttpclient.netty.request.NettyRequestSender - Using pooled Channel '[id: 0x72ccf645, L:/127.0.0.1:56399 - R:localhost/127.0.0.1:9417]' for 'POST' to 'http://localhost:9417/session/ae38cac0a6e57d58c2d89c4dac8849ee/execute/sync'
19:54:42.699 [Forwarding getPageSource on session ae38cac0a6e57d58c2d89c4dac8849ee to remote] DEBUG org.asynchttpclient.netty.request.NettyRequestSender - Using open Channel [id: 0x72ccf645, L:/127.0.0.1:56399 - R:localhost/127.0.0.1:9417] for POST '/session/ae38cac0a6e57d58c2d89c4dac8849ee/execute/sync'
19:54:42.701 [AsyncHttpClient-1-8] DEBUG org.asynchttpclient.netty.handler.HttpHandler - 

Request DefaultHttpRequest(decodeResult: success, version: HTTP/1.1)
POST /session/ae38cac0a6e57d58c2d89c4dac8849ee/execute/sync HTTP/1.1
User-Agent: selenium/4.8.1 (java windows)
Content-Length: 176
Content-Type: application/json; charset=utf-8
host: localhost:9417
accept: */*

Response DefaultHttpResponse(decodeResult: success, version: HTTP/1.1)
HTTP/1.1 200 OK
Content-Length: 4299
Content-Type: application/json; charset=utf-8
cache-control: no-cache

19:54:42.701 [AsyncHttpClient-1-8] DEBUG org.asynchttpclient.netty.channel.ChannelManager - Adding key: http://localhost:9417 for channel [id: 0x72ccf645, L:/127.0.0.1:56399 - R:localhost/127.0.0.1:9417]
19:54:42.702 [Forwarding getCurrentUrl on session ae38cac0a6e57d58c2d89c4dac8849ee to remote] DEBUG org.asynchttpclient.netty.request.NettyRequestSender - Using pooled Channel '[id: 0x72ccf645, L:/127.0.0.1:56399 - R:localhost/127.0.0.1:9417]' for 'GET' to 'http://localhost:9417/session/ae38cac0a6e57d58c2d89c4dac8849ee/url'
19:54:42.702 [Forwarding getCurrentUrl on session ae38cac0a6e57d58c2d89c4dac8849ee to remote] DEBUG org.asynchttpclient.netty.request.NettyRequestSender - Using open Channel [id: 0x72ccf645, L:/127.0.0.1:56399 - R:localhost/127.0.0.1:9417] for GET '/session/ae38cac0a6e57d58c2d89c4dac8849ee/url'
19:54:42.704 [AsyncHttpClient-1-8] DEBUG org.asynchttpclient.netty.handler.HttpHandler - 

Request DefaultFullHttpRequest(decodeResult: success, version: HTTP/1.1, content: EmptyByteBufBE)
GET /session/ae38cac0a6e57d58c2d89c4dac8849ee/url HTTP/1.1
User-Agent: selenium/4.8.1 (java windows)
Cache-Control: no-cache
Content-Type: application/json; charset=utf-8
host: localhost:9417
accept: */*

Response DefaultHttpResponse(decodeResult: success, version: HTTP/1.1)
HTTP/1.1 200 OK
Content-Length: 38
Content-Type: application/json; charset=utf-8
cache-control: no-cache

19:54:42.705 [AsyncHttpClient-1-8] DEBUG org.asynchttpclient.netty.channel.ChannelManager - Adding key: http://localhost:9417 for channel [id: 0x72ccf645, L:/127.0.0.1:56399 - R:localhost/127.0.0.1:9417]
19:54:42.711 [Forwarding getPageSource on session ae38cac0a6e57d58c2d89c4dac8849ee to remote] DEBUG org.asynchttpclient.netty.request.NettyRequestSender - Using pooled Channel '[id: 0x72ccf645, L:/127.0.0.1:56399 - R:localhost/127.0.0.1:9417]' for 'POST' to 'http://localhost:9417/session/ae38cac0a6e57d58c2d89c4dac8849ee/execute/sync'
19:54:42.711 [Forwarding getPageSource on session ae38cac0a6e57d58c2d89c4dac8849ee to remote] DEBUG org.asynchttpclient.netty.request.NettyRequestSender - Using open Channel [id: 0x72ccf645, L:/127.0.0.1:56399 - R:localhost/127.0.0.1:9417] for POST '/session/ae38cac0a6e57d58c2d89c4dac8849ee/execute/sync'
19:54:42.715 [AsyncHttpClient-1-8] DEBUG org.asynchttpclient.netty.handler.HttpHandler - 

Request DefaultHttpRequest(decodeResult: success, version: HTTP/1.1)
POST /session/ae38cac0a6e57d58c2d89c4dac8849ee/execute/sync HTTP/1.1
User-Agent: selenium/4.8.1 (java windows)
Content-Length: 176
Content-Type: application/json; charset=utf-8
host: localhost:9417
accept: */*

Response DefaultHttpResponse(decodeResult: success, version: HTTP/1.1)
HTTP/1.1 200 OK
Content-Length: 4299
Content-Type: application/json; charset=utf-8
cache-control: no-cache

19:54:42.715 [AsyncHttpClient-1-8] DEBUG org.asynchttpclient.netty.channel.ChannelManager - Adding key: http://localhost:9417 for channel [id: 0x72ccf645, L:/127.0.0.1:56399 - R:localhost/127.0.0.1:9417]
19:54:42.716 [Forwarding getCurrentUrl on session ae38cac0a6e57d58c2d89c4dac8849ee to remote] DEBUG org.asynchttpclient.netty.request.NettyRequestSender - Using pooled Channel '[id: 0x72ccf645, L:/127.0.0.1:56399 - R:localhost/127.0.0.1:9417]' for 'GET' to 'http://localhost:9417/session/ae38cac0a6e57d58c2d89c4dac8849ee/url'
19:54:42.716 [Forwarding getCurrentUrl on session ae38cac0a6e57d58c2d89c4dac8849ee to remote] DEBUG org.asynchttpclient.netty.request.NettyRequestSender - Using open Channel [id: 0x72ccf645, L:/127.0.0.1:56399 - R:localhost/127.0.0.1:9417] for GET '/session/ae38cac0a6e57d58c2d89c4dac8849ee/url'
19:54:42.719 [AsyncHttpClient-1-8] DEBUG org.asynchttpclient.netty.handler.HttpHandler - 

Request DefaultFullHttpRequest(decodeResult: success, version: HTTP/1.1, content: EmptyByteBufBE)
GET /session/ae38cac0a6e57d58c2d89c4dac8849ee/url HTTP/1.1
User-Agent: selenium/4.8.1 (java windows)
Cache-Control: no-cache
Content-Type: application/json; charset=utf-8
host: localhost:9417
accept: */*

Response DefaultHttpResponse(decodeResult: success, version: HTTP/1.1)
HTTP/1.1 200 OK
Content-Length: 38
Content-Type: application/json; charset=utf-8
cache-control: no-cache

19:54:42.719 [AsyncHttpClient-1-8] DEBUG org.asynchttpclient.netty.channel.ChannelManager - Adding key: http://localhost:9417 for channel [id: 0x72ccf645, L:/127.0.0.1:56399 - R:localhost/127.0.0.1:9417]
19:54:42.720 [main] DEBUG net.thucydides.core.steps.StepInterceptor - STARTING STEP: LoginSteps.doEnterPassword - inputPassword
19:54:42.722 [Forwarding findElement on session ae38cac0a6e57d58c2d89c4dac8849ee to remote] DEBUG org.asynchttpclient.netty.request.NettyRequestSender - Using pooled Channel '[id: 0x72ccf645, L:/127.0.0.1:56399 - R:localhost/127.0.0.1:9417]' for 'POST' to 'http://localhost:9417/session/ae38cac0a6e57d58c2d89c4dac8849ee/element'
19:54:42.722 [Forwarding findElement on session ae38cac0a6e57d58c2d89c4dac8849ee to remote] DEBUG org.asynchttpclient.netty.request.NettyRequestSender - Using open Channel [id: 0x72ccf645, L:/127.0.0.1:56399 - R:localhost/127.0.0.1:9417] for POST '/session/ae38cac0a6e57d58c2d89c4dac8849ee/element'
19:54:42.730 [AsyncHttpClient-1-8] DEBUG org.asynchttpclient.netty.handler.HttpHandler - 

Request DefaultHttpRequest(decodeResult: success, version: HTTP/1.1)
POST /session/ae38cac0a6e57d58c2d89c4dac8849ee/element HTTP/1.1
User-Agent: selenium/4.8.1 (java windows)
Content-Length: 53
Content-Type: application/json; charset=utf-8
host: localhost:9417
accept: */*

Response DefaultHttpResponse(decodeResult: success, version: HTTP/1.1)
HTTP/1.1 200 OK
Content-Length: 88
Content-Type: application/json; charset=utf-8
cache-control: no-cache

19:54:42.730 [AsyncHttpClient-1-8] DEBUG org.asynchttpclient.netty.channel.ChannelManager - Adding key: http://localhost:9417 for channel [id: 0x72ccf645, L:/127.0.0.1:56399 - R:localhost/127.0.0.1:9417]
19:54:42.731 [Forwarding clearElement on session ae38cac0a6e57d58c2d89c4dac8849ee to remote] DEBUG org.asynchttpclient.netty.request.NettyRequestSender - Using pooled Channel '[id: 0x72ccf645, L:/127.0.0.1:56399 - R:localhost/127.0.0.1:9417]' for 'POST' to 'http://localhost:9417/session/ae38cac0a6e57d58c2d89c4dac8849ee/element/d6826278-3d30-4ffa-8b3e-43bbc4f03900/clear'
19:54:42.731 [Forwarding clearElement on session ae38cac0a6e57d58c2d89c4dac8849ee to remote] DEBUG org.asynchttpclient.netty.request.NettyRequestSender - Using open Channel [id: 0x72ccf645, L:/127.0.0.1:56399 - R:localhost/127.0.0.1:9417] for POST '/session/ae38cac0a6e57d58c2d89c4dac8849ee/element/d6826278-3d30-4ffa-8b3e-43bbc4f03900/clear'
19:54:42.754 [AsyncHttpClient-1-8] DEBUG org.asynchttpclient.netty.handler.HttpHandler - 

Request DefaultHttpRequest(decodeResult: success, version: HTTP/1.1)
POST /session/ae38cac0a6e57d58c2d89c4dac8849ee/element/d6826278-3d30-4ffa-8b3e-43bbc4f03900/clear HTTP/1.1
User-Agent: selenium/4.8.1 (java windows)
Content-Length: 50
Content-Type: application/json; charset=utf-8
host: localhost:9417
accept: */*

Response DefaultHttpResponse(decodeResult: success, version: HTTP/1.1)
HTTP/1.1 200 OK
Content-Length: 14
Content-Type: application/json; charset=utf-8
cache-control: no-cache

19:54:42.754 [AsyncHttpClient-1-8] DEBUG org.asynchttpclient.netty.channel.ChannelManager - Adding key: http://localhost:9417 for channel [id: 0x72ccf645, L:/127.0.0.1:56399 - R:localhost/127.0.0.1:9417]
19:54:42.756 [Forwarding sendKeysToElement on session ae38cac0a6e57d58c2d89c4dac8849ee to remote] DEBUG org.asynchttpclient.netty.request.NettyRequestSender - Using pooled Channel '[id: 0x72ccf645, L:/127.0.0.1:56399 - R:localhost/127.0.0.1:9417]' for 'POST' to 'http://localhost:9417/session/ae38cac0a6e57d58c2d89c4dac8849ee/element/d6826278-3d30-4ffa-8b3e-43bbc4f03900/value'
19:54:42.756 [Forwarding sendKeysToElement on session ae38cac0a6e57d58c2d89c4dac8849ee to remote] DEBUG org.asynchttpclient.netty.request.NettyRequestSender - Using open Channel [id: 0x72ccf645, L:/127.0.0.1:56399 - R:localhost/127.0.0.1:9417] for POST '/session/ae38cac0a6e57d58c2d89c4dac8849ee/element/d6826278-3d30-4ffa-8b3e-43bbc4f03900/value'
19:54:42.796 [AsyncHttpClient-1-8] DEBUG org.asynchttpclient.netty.handler.HttpHandler - 

Request DefaultHttpRequest(decodeResult: success, version: HTTP/1.1)
POST /session/ae38cac0a6e57d58c2d89c4dac8849ee/element/d6826278-3d30-4ffa-8b3e-43bbc4f03900/value HTTP/1.1
User-Agent: selenium/4.8.1 (java windows)
Content-Length: 201
Content-Type: application/json; charset=utf-8
host: localhost:9417
accept: */*

Response DefaultHttpResponse(decodeResult: success, version: HTTP/1.1)
HTTP/1.1 200 OK
Content-Length: 14
Content-Type: application/json; charset=utf-8
cache-control: no-cache

19:54:42.797 [AsyncHttpClient-1-8] DEBUG org.asynchttpclient.netty.channel.ChannelManager - Adding key: http://localhost:9417 for channel [id: 0x72ccf645, L:/127.0.0.1:56399 - R:localhost/127.0.0.1:9417]
19:54:42.800 [Forwarding getAlertText on session ae38cac0a6e57d58c2d89c4dac8849ee to remote] DEBUG org.asynchttpclient.netty.request.NettyRequestSender - Using pooled Channel '[id: 0x72ccf645, L:/127.0.0.1:56399 - R:localhost/127.0.0.1:9417]' for 'GET' to 'http://localhost:9417/session/ae38cac0a6e57d58c2d89c4dac8849ee/alert/text'
19:54:42.800 [Forwarding getAlertText on session ae38cac0a6e57d58c2d89c4dac8849ee to remote] DEBUG org.asynchttpclient.netty.request.NettyRequestSender - Using open Channel [id: 0x72ccf645, L:/127.0.0.1:56399 - R:localhost/127.0.0.1:9417] for GET '/session/ae38cac0a6e57d58c2d89c4dac8849ee/alert/text'
19:54:42.802 [AsyncHttpClient-1-8] DEBUG org.asynchttpclient.netty.handler.HttpHandler - 

Request DefaultFullHttpRequest(decodeResult: success, version: HTTP/1.1, content: EmptyByteBufBE)
GET /session/ae38cac0a6e57d58c2d89c4dac8849ee/alert/text HTTP/1.1
User-Agent: selenium/4.8.1 (java windows)
Cache-Control: no-cache
Content-Type: application/json; charset=utf-8
host: localhost:9417
accept: */*

Response DefaultHttpResponse(decodeResult: success, version: HTTP/1.1)
HTTP/1.1 404 Not Found
Content-Length: 816
Content-Type: application/json; charset=utf-8
cache-control: no-cache

19:54:42.802 [AsyncHttpClient-1-8] DEBUG org.asynchttpclient.netty.channel.ChannelManager - Adding key: http://localhost:9417 for channel [id: 0x72ccf645, L:/127.0.0.1:56399 - R:localhost/127.0.0.1:9417]
19:54:42.803 [Forwarding getCurrentUrl on session ae38cac0a6e57d58c2d89c4dac8849ee to remote] DEBUG org.asynchttpclient.netty.request.NettyRequestSender - Using pooled Channel '[id: 0x72ccf645, L:/127.0.0.1:56399 - R:localhost/127.0.0.1:9417]' for 'GET' to 'http://localhost:9417/session/ae38cac0a6e57d58c2d89c4dac8849ee/url'
19:54:42.803 [Forwarding getCurrentUrl on session ae38cac0a6e57d58c2d89c4dac8849ee to remote] DEBUG org.asynchttpclient.netty.request.NettyRequestSender - Using open Channel [id: 0x72ccf645, L:/127.0.0.1:56399 - R:localhost/127.0.0.1:9417] for GET '/session/ae38cac0a6e57d58c2d89c4dac8849ee/url'
19:54:42.805 [AsyncHttpClient-1-8] DEBUG org.asynchttpclient.netty.handler.HttpHandler - 

Request DefaultFullHttpRequest(decodeResult: success, version: HTTP/1.1, content: EmptyByteBufBE)
GET /session/ae38cac0a6e57d58c2d89c4dac8849ee/url HTTP/1.1
User-Agent: selenium/4.8.1 (java windows)
Cache-Control: no-cache
Content-Type: application/json; charset=utf-8
host: localhost:9417
accept: */*

Response DefaultHttpResponse(decodeResult: success, version: HTTP/1.1)
HTTP/1.1 200 OK
Content-Length: 38
Content-Type: application/json; charset=utf-8
cache-control: no-cache

19:54:42.805 [AsyncHttpClient-1-8] DEBUG org.asynchttpclient.netty.channel.ChannelManager - Adding key: http://localhost:9417 for channel [id: 0x72ccf645, L:/127.0.0.1:56399 - R:localhost/127.0.0.1:9417]
19:54:42.805 [Forwarding screenshot on session ae38cac0a6e57d58c2d89c4dac8849ee to remote] DEBUG org.asynchttpclient.netty.request.NettyRequestSender - Using pooled Channel '[id: 0x72ccf645, L:/127.0.0.1:56399 - R:localhost/127.0.0.1:9417]' for 'GET' to 'http://localhost:9417/session/ae38cac0a6e57d58c2d89c4dac8849ee/screenshot'
19:54:42.806 [Forwarding screenshot on session ae38cac0a6e57d58c2d89c4dac8849ee to remote] DEBUG org.asynchttpclient.netty.request.NettyRequestSender - Using open Channel [id: 0x72ccf645, L:/127.0.0.1:56399 - R:localhost/127.0.0.1:9417] for GET '/session/ae38cac0a6e57d58c2d89c4dac8849ee/screenshot'
19:54:42.909 [AsyncHttpClient-1-8] DEBUG org.asynchttpclient.netty.handler.HttpHandler - 

Request DefaultFullHttpRequest(decodeResult: success, version: HTTP/1.1, content: EmptyByteBufBE)
GET /session/ae38cac0a6e57d58c2d89c4dac8849ee/screenshot HTTP/1.1
User-Agent: selenium/4.8.1 (java windows)
Cache-Control: no-cache
Content-Type: application/json; charset=utf-8
host: localhost:9417
accept: */*

Response DefaultHttpResponse(decodeResult: success, version: HTTP/1.1)
HTTP/1.1 200 OK
Content-Length: 56848
Content-Type: application/json; charset=utf-8
cache-control: no-cache

19:54:42.909 [AsyncHttpClient-1-8] DEBUG org.asynchttpclient.netty.channel.ChannelManager - Adding key: http://localhost:9417 for channel [id: 0x72ccf645, L:/127.0.0.1:56399 - R:localhost/127.0.0.1:9417]
19:54:42.911 [main] DEBUG net.serenitybdd.core.photography.Darkroom - Send negative for processing for target\site\serenity\6adca94019f7156b5b02d50dcdcd86549d04d7d2a8a2bccedb68665c7405404e.png
19:54:42.911 [main] DEBUG net.thucydides.core.steps.StepInterceptor - STEP DONE: inputPassword
  &amp#27;[32mAnd &amp#27;[0m&amp#27;[32mI enter password &amp#27;[0m&amp#27;[32m&amp#27;[1m"secret_sauce"&amp#27;[0m                     &amp#27;[90m# starter.stepDefinitions.LoginSteps.doEnterPassword(java.lang.String)&amp#27;[0m
19:54:42.919 [Forwarding getPageSource on session ae38cac0a6e57d58c2d89c4dac8849ee to remote] DEBUG org.asynchttpclient.netty.request.NettyRequestSender - Using pooled Channel '[id: 0x72ccf645, L:/127.0.0.1:56399 - R:localhost/127.0.0.1:9417]' for 'POST' to 'http://localhost:9417/session/ae38cac0a6e57d58c2d89c4dac8849ee/execute/sync'
19:54:42.919 [Forwarding getPageSource on session ae38cac0a6e57d58c2d89c4dac8849ee to remote] DEBUG org.asynchttpclient.netty.request.NettyRequestSender - Using open Channel [id: 0x72ccf645, L:/127.0.0.1:56399 - R:localhost/127.0.0.1:9417] for POST '/session/ae38cac0a6e57d58c2d89c4dac8849ee/execute/sync'
19:54:42.922 [AsyncHttpClient-1-8] DEBUG org.asynchttpclient.netty.handler.HttpHandler - 

Request DefaultHttpRequest(decodeResult: success, version: HTTP/1.1)
POST /session/ae38cac0a6e57d58c2d89c4dac8849ee/execute/sync HTTP/1.1
User-Agent: selenium/4.8.1 (java windows)
Content-Length: 176
Content-Type: application/json; charset=utf-8
host: localhost:9417
accept: */*

Response DefaultHttpResponse(decodeResult: success, version: HTTP/1.1)
HTTP/1.1 200 OK
Content-Length: 4311
Content-Type: application/json; charset=utf-8
cache-control: no-cache

19:54:42.923 [AsyncHttpClient-1-8] DEBUG org.asynchttpclient.netty.channel.ChannelManager - Adding key: http://localhost:9417 for channel [id: 0x72ccf645, L:/127.0.0.1:56399 - R:localhost/127.0.0.1:9417]
19:54:42.924 [Forwarding getCurrentUrl on session ae38cac0a6e57d58c2d89c4dac8849ee to remote] DEBUG org.asynchttpclient.netty.request.NettyRequestSender - Using pooled Channel '[id: 0x72ccf645, L:/127.0.0.1:56399 - R:localhost/127.0.0.1:9417]' for 'GET' to 'http://localhost:9417/session/ae38cac0a6e57d58c2d89c4dac8849ee/url'
19:54:42.924 [Forwarding getCurrentUrl on session ae38cac0a6e57d58c2d89c4dac8849ee to remote] DEBUG org.asynchttpclient.netty.request.NettyRequestSender - Using open Channel [id: 0x72ccf645, L:/127.0.0.1:56399 - R:localhost/127.0.0.1:9417] for GET '/session/ae38cac0a6e57d58c2d89c4dac8849ee/url'
19:54:42.926 [AsyncHttpClient-1-8] DEBUG org.asynchttpclient.netty.handler.HttpHandler - 

Request DefaultFullHttpRequest(decodeResult: success, version: HTTP/1.1, content: EmptyByteBufBE)
GET /session/ae38cac0a6e57d58c2d89c4dac8849ee/url HTTP/1.1
User-Agent: selenium/4.8.1 (java windows)
Cache-Control: no-cache
Content-Type: application/json; charset=utf-8
host: localhost:9417
accept: */*

Response DefaultHttpResponse(decodeResult: success, version: HTTP/1.1)
HTTP/1.1 200 OK
Content-Length: 38
Content-Type: application/json; charset=utf-8
cache-control: no-cache

19:54:42.926 [AsyncHttpClient-1-8] DEBUG org.asynchttpclient.netty.channel.ChannelManager - Adding key: http://localhost:9417 for channel [id: 0x72ccf645, L:/127.0.0.1:56399 - R:localhost/127.0.0.1:9417]
19:54:42.935 [Forwarding getPageSource on session ae38cac0a6e57d58c2d89c4dac8849ee to remote] DEBUG org.asynchttpclient.netty.request.NettyRequestSender - Using pooled Channel '[id: 0x72ccf645, L:/127.0.0.1:56399 - R:localhost/127.0.0.1:9417]' for 'POST' to 'http://localhost:9417/session/ae38cac0a6e57d58c2d89c4dac8849ee/execute/sync'
19:54:42.935 [Forwarding getPageSource on session ae38cac0a6e57d58c2d89c4dac8849ee to remote] DEBUG org.asynchttpclient.netty.request.NettyRequestSender - Using open Channel [id: 0x72ccf645, L:/127.0.0.1:56399 - R:localhost/127.0.0.1:9417] for POST '/session/ae38cac0a6e57d58c2d89c4dac8849ee/execute/sync'
19:54:42.939 [AsyncHttpClient-1-8] DEBUG org.asynchttpclient.netty.handler.HttpHandler - 

Request DefaultHttpRequest(decodeResult: success, version: HTTP/1.1)
POST /session/ae38cac0a6e57d58c2d89c4dac8849ee/execute/sync HTTP/1.1
User-Agent: selenium/4.8.1 (java windows)
Content-Length: 176
Content-Type: application/json; charset=utf-8
host: localhost:9417
accept: */*

Response DefaultHttpResponse(decodeResult: success, version: HTTP/1.1)
HTTP/1.1 200 OK
Content-Length: 4311
Content-Type: application/json; charset=utf-8
cache-control: no-cache

19:54:42.939 [AsyncHttpClient-1-8] DEBUG org.asynchttpclient.netty.channel.ChannelManager - Adding key: http://localhost:9417 for channel [id: 0x72ccf645, L:/127.0.0.1:56399 - R:localhost/127.0.0.1:9417]
19:54:42.940 [Forwarding getCurrentUrl on session ae38cac0a6e57d58c2d89c4dac8849ee to remote] DEBUG org.asynchttpclient.netty.request.NettyRequestSender - Using pooled Channel '[id: 0x72ccf645, L:/127.0.0.1:56399 - R:localhost/127.0.0.1:9417]' for 'GET' to 'http://localhost:9417/session/ae38cac0a6e57d58c2d89c4dac8849ee/url'
19:54:42.940 [Forwarding getCurrentUrl on session ae38cac0a6e57d58c2d89c4dac8849ee to remote] DEBUG org.asynchttpclient.netty.request.NettyRequestSender - Using open Channel [id: 0x72ccf645, L:/127.0.0.1:56399 - R:localhost/127.0.0.1:9417] for GET '/session/ae38cac0a6e57d58c2d89c4dac8849ee/url'
19:54:42.943 [AsyncHttpClient-1-8] DEBUG org.asynchttpclient.netty.handler.HttpHandler - 

Request DefaultFullHttpRequest(decodeResult: success, version: HTTP/1.1, content: EmptyByteBufBE)
GET /session/ae38cac0a6e57d58c2d89c4dac8849ee/url HTTP/1.1
User-Agent: selenium/4.8.1 (java windows)
Cache-Control: no-cache
Content-Type: application/json; charset=utf-8
host: localhost:9417
accept: */*

Response DefaultHttpResponse(decodeResult: success, version: HTTP/1.1)
HTTP/1.1 200 OK
Content-Length: 38
Content-Type: application/json; charset=utf-8
cache-control: no-cache

19:54:42.943 [AsyncHttpClient-1-8] DEBUG org.asynchttpclient.netty.channel.ChannelManager - Adding key: http://localhost:9417 for channel [id: 0x72ccf645, L:/127.0.0.1:56399 - R:localhost/127.0.0.1:9417]
19:54:42.969 [main] DEBUG net.thucydides.core.steps.StepInterceptor - STARTING STEP: LoginSteps.doClickLoginButton - clickButtonLogin
19:54:42.972 [Forwarding findElement on session ae38cac0a6e57d58c2d89c4dac8849ee to remote] DEBUG org.asynchttpclient.netty.request.NettyRequestSender - Using pooled Channel '[id: 0x72ccf645, L:/127.0.0.1:56399 - R:localhost/127.0.0.1:9417]' for 'POST' to 'http://localhost:9417/session/ae38cac0a6e57d58c2d89c4dac8849ee/element'
19:54:42.972 [Forwarding findElement on session ae38cac0a6e57d58c2d89c4dac8849ee to remote] DEBUG org.asynchttpclient.netty.request.NettyRequestSender - Using open Channel [id: 0x72ccf645, L:/127.0.0.1:56399 - R:localhost/127.0.0.1:9417] for POST '/session/ae38cac0a6e57d58c2d89c4dac8849ee/element'
19:54:42.981 [AsyncHttpClient-1-8] DEBUG org.asynchttpclient.netty.handler.HttpHandler - 

Request DefaultHttpRequest(decodeResult: success, version: HTTP/1.1)
POST /session/ae38cac0a6e57d58c2d89c4dac8849ee/element HTTP/1.1
User-Agent: selenium/4.8.1 (java windows)
Content-Length: 59
Content-Type: application/json; charset=utf-8
host: localhost:9417
accept: */*

Response DefaultHttpResponse(decodeResult: success, version: HTTP/1.1)
HTTP/1.1 200 OK
Content-Length: 88
Content-Type: application/json; charset=utf-8
cache-control: no-cache

19:54:42.981 [AsyncHttpClient-1-8] DEBUG org.asynchttpclient.netty.channel.ChannelManager - Adding key: http://localhost:9417 for channel [id: 0x72ccf645, L:/127.0.0.1:56399 - R:localhost/127.0.0.1:9417]
19:54:42.981 [Forwarding getElementTagName on session ae38cac0a6e57d58c2d89c4dac8849ee to remote] DEBUG org.asynchttpclient.netty.request.NettyRequestSender - Using pooled Channel '[id: 0x72ccf645, L:/127.0.0.1:56399 - R:localhost/127.0.0.1:9417]' for 'GET' to 'http://localhost:9417/session/ae38cac0a6e57d58c2d89c4dac8849ee/element/51cc8f16-2095-467f-bc01-691d36d1a147/name'
19:54:42.981 [Forwarding getElementTagName on session ae38cac0a6e57d58c2d89c4dac8849ee to remote] DEBUG org.asynchttpclient.netty.request.NettyRequestSender - Using open Channel [id: 0x72ccf645, L:/127.0.0.1:56399 - R:localhost/127.0.0.1:9417] for GET '/session/ae38cac0a6e57d58c2d89c4dac8849ee/element/51cc8f16-2095-467f-bc01-691d36d1a147/name'
19:54:42.984 [AsyncHttpClient-1-8] DEBUG org.asynchttpclient.netty.handler.HttpHandler - 

Request DefaultFullHttpRequest(decodeResult: success, version: HTTP/1.1, content: EmptyByteBufBE)
GET /session/ae38cac0a6e57d58c2d89c4dac8849ee/element/51cc8f16-2095-467f-bc01-691d36d1a147/name HTTP/1.1
User-Agent: selenium/4.8.1 (java windows)
Cache-Control: no-cache
Content-Type: application/json; charset=utf-8
host: localhost:9417
accept: */*

Response DefaultHttpResponse(decodeResult: success, version: HTTP/1.1)
HTTP/1.1 200 OK
Content-Length: 17
Content-Type: application/json; charset=utf-8
cache-control: no-cache

19:54:42.984 [AsyncHttpClient-1-8] DEBUG org.asynchttpclient.netty.channel.ChannelManager - Adding key: http://localhost:9417 for channel [id: 0x72ccf645, L:/127.0.0.1:56399 - R:localhost/127.0.0.1:9417]
19:54:42.984 [Forwarding getElementTagName on session ae38cac0a6e57d58c2d89c4dac8849ee to remote] DEBUG org.asynchttpclient.netty.request.NettyRequestSender - Using pooled Channel '[id: 0x72ccf645, L:/127.0.0.1:56399 - R:localhost/127.0.0.1:9417]' for 'GET' to 'http://localhost:9417/session/ae38cac0a6e57d58c2d89c4dac8849ee/element/51cc8f16-2095-467f-bc01-691d36d1a147/name'
19:54:42.985 [Forwarding getElementTagName on session ae38cac0a6e57d58c2d89c4dac8849ee to remote] DEBUG org.asynchttpclient.netty.request.NettyRequestSender - Using open Channel [id: 0x72ccf645, L:/127.0.0.1:56399 - R:localhost/127.0.0.1:9417] for GET '/session/ae38cac0a6e57d58c2d89c4dac8849ee/element/51cc8f16-2095-467f-bc01-691d36d1a147/name'
19:54:42.987 [AsyncHttpClient-1-8] DEBUG org.asynchttpclient.netty.handler.HttpHandler - 

Request DefaultFullHttpRequest(decodeResult: success, version: HTTP/1.1, content: EmptyByteBufBE)
GET /session/ae38cac0a6e57d58c2d89c4dac8849ee/element/51cc8f16-2095-467f-bc01-691d36d1a147/name HTTP/1.1
User-Agent: selenium/4.8.1 (java windows)
Cache-Control: no-cache
Content-Type: application/json; charset=utf-8
host: localhost:9417
accept: */*

Response DefaultHttpResponse(decodeResult: success, version: HTTP/1.1)
HTTP/1.1 200 OK
Content-Length: 17
Content-Type: application/json; charset=utf-8
cache-control: no-cache

19:54:42.987 [AsyncHttpClient-1-8] DEBUG org.asynchttpclient.netty.channel.ChannelManager - Adding key: http://localhost:9417 for channel [id: 0x72ccf645, L:/127.0.0.1:56399 - R:localhost/127.0.0.1:9417]
19:54:42.987 [Forwarding isElementEnabled on session ae38cac0a6e57d58c2d89c4dac8849ee to remote] DEBUG org.asynchttpclient.netty.request.NettyRequestSender - Using pooled Channel '[id: 0x72ccf645, L:/127.0.0.1:56399 - R:localhost/127.0.0.1:9417]' for 'GET' to 'http://localhost:9417/session/ae38cac0a6e57d58c2d89c4dac8849ee/element/51cc8f16-2095-467f-bc01-691d36d1a147/enabled'
19:54:42.988 [Forwarding isElementEnabled on session ae38cac0a6e57d58c2d89c4dac8849ee to remote] DEBUG org.asynchttpclient.netty.request.NettyRequestSender - Using open Channel [id: 0x72ccf645, L:/127.0.0.1:56399 - R:localhost/127.0.0.1:9417] for GET '/session/ae38cac0a6e57d58c2d89c4dac8849ee/element/51cc8f16-2095-467f-bc01-691d36d1a147/enabled'
19:54:42.993 [AsyncHttpClient-1-8] DEBUG org.asynchttpclient.netty.handler.HttpHandler - 

Request DefaultFullHttpRequest(decodeResult: success, version: HTTP/1.1, content: EmptyByteBufBE)
GET /session/ae38cac0a6e57d58c2d89c4dac8849ee/element/51cc8f16-2095-467f-bc01-691d36d1a147/enabled HTTP/1.1
User-Agent: selenium/4.8.1 (java windows)
Cache-Control: no-cache
Content-Type: application/json; charset=utf-8
host: localhost:9417
accept: */*

Response DefaultHttpResponse(decodeResult: success, version: HTTP/1.1)
HTTP/1.1 200 OK
Content-Length: 14
Content-Type: application/json; charset=utf-8
cache-control: no-cache

19:54:42.993 [AsyncHttpClient-1-8] DEBUG org.asynchttpclient.netty.channel.ChannelManager - Adding key: http://localhost:9417 for channel [id: 0x72ccf645, L:/127.0.0.1:56399 - R:localhost/127.0.0.1:9417]
19:54:42.994 [Forwarding isElementEnabled on session ae38cac0a6e57d58c2d89c4dac8849ee to remote] DEBUG org.asynchttpclient.netty.request.NettyRequestSender - Using pooled Channel '[id: 0x72ccf645, L:/127.0.0.1:56399 - R:localhost/127.0.0.1:9417]' for 'GET' to 'http://localhost:9417/session/ae38cac0a6e57d58c2d89c4dac8849ee/element/51cc8f16-2095-467f-bc01-691d36d1a147/enabled'
19:54:42.994 [Forwarding isElementEnabled on session ae38cac0a6e57d58c2d89c4dac8849ee to remote] DEBUG org.asynchttpclient.netty.request.NettyRequestSender - Using open Channel [id: 0x72ccf645, L:/127.0.0.1:56399 - R:localhost/127.0.0.1:9417] for GET '/session/ae38cac0a6e57d58c2d89c4dac8849ee/element/51cc8f16-2095-467f-bc01-691d36d1a147/enabled'
19:54:42.997 [AsyncHttpClient-1-8] DEBUG org.asynchttpclient.netty.handler.HttpHandler - 

Request DefaultFullHttpRequest(decodeResult: success, version: HTTP/1.1, content: EmptyByteBufBE)
GET /session/ae38cac0a6e57d58c2d89c4dac8849ee/element/51cc8f16-2095-467f-bc01-691d36d1a147/enabled HTTP/1.1
User-Agent: selenium/4.8.1 (java windows)
Cache-Control: no-cache
Content-Type: application/json; charset=utf-8
host: localhost:9417
accept: */*

Response DefaultHttpResponse(decodeResult: success, version: HTTP/1.1)
HTTP/1.1 200 OK
Content-Length: 14
Content-Type: application/json; charset=utf-8
cache-control: no-cache

19:54:42.997 [AsyncHttpClient-1-8] DEBUG org.asynchttpclient.netty.channel.ChannelManager - Adding key: http://localhost:9417 for channel [id: 0x72ccf645, L:/127.0.0.1:56399 - R:localhost/127.0.0.1:9417]
19:54:42.998 [Forwarding findElement on session ae38cac0a6e57d58c2d89c4dac8849ee to remote] DEBUG org.asynchttpclient.netty.request.NettyRequestSender - Using pooled Channel '[id: 0x72ccf645, L:/127.0.0.1:56399 - R:localhost/127.0.0.1:9417]' for 'POST' to 'http://localhost:9417/session/ae38cac0a6e57d58c2d89c4dac8849ee/element'
19:54:42.998 [Forwarding findElement on session ae38cac0a6e57d58c2d89c4dac8849ee to remote] DEBUG org.asynchttpclient.netty.request.NettyRequestSender - Using open Channel [id: 0x72ccf645, L:/127.0.0.1:56399 - R:localhost/127.0.0.1:9417] for POST '/session/ae38cac0a6e57d58c2d89c4dac8849ee/element'
19:54:43.002 [AsyncHttpClient-1-8] DEBUG org.asynchttpclient.netty.handler.HttpHandler - 

Request DefaultHttpRequest(decodeResult: success, version: HTTP/1.1)
POST /session/ae38cac0a6e57d58c2d89c4dac8849ee/element HTTP/1.1
User-Agent: selenium/4.8.1 (java windows)
Content-Length: 59
Content-Type: application/json; charset=utf-8
host: localhost:9417
accept: */*

Response DefaultHttpResponse(decodeResult: success, version: HTTP/1.1)
HTTP/1.1 200 OK
Content-Length: 88
Content-Type: application/json; charset=utf-8
cache-control: no-cache

19:54:43.002 [AsyncHttpClient-1-8] DEBUG org.asynchttpclient.netty.channel.ChannelManager - Adding key: http://localhost:9417 for channel [id: 0x72ccf645, L:/127.0.0.1:56399 - R:localhost/127.0.0.1:9417]
19:54:43.003 [Forwarding clickElement on session ae38cac0a6e57d58c2d89c4dac8849ee to remote] DEBUG org.asynchttpclient.netty.request.NettyRequestSender - Using pooled Channel '[id: 0x72ccf645, L:/127.0.0.1:56399 - R:localhost/127.0.0.1:9417]' for 'POST' to 'http://localhost:9417/session/ae38cac0a6e57d58c2d89c4dac8849ee/element/51cc8f16-2095-467f-bc01-691d36d1a147/click'
19:54:43.003 [Forwarding clickElement on session ae38cac0a6e57d58c2d89c4dac8849ee to remote] DEBUG org.asynchttpclient.netty.request.NettyRequestSender - Using open Channel [id: 0x72ccf645, L:/127.0.0.1:56399 - R:localhost/127.0.0.1:9417] for POST '/session/ae38cac0a6e57d58c2d89c4dac8849ee/element/51cc8f16-2095-467f-bc01-691d36d1a147/click'
19:54:43.085 [AsyncHttpClient-1-8] DEBUG org.asynchttpclient.netty.handler.HttpHandler - 

Request DefaultHttpRequest(decodeResult: success, version: HTTP/1.1)
POST /session/ae38cac0a6e57d58c2d89c4dac8849ee/element/51cc8f16-2095-467f-bc01-691d36d1a147/click HTTP/1.1
User-Agent: selenium/4.8.1 (java windows)
Content-Length: 50
Content-Type: application/json; charset=utf-8
host: localhost:9417
accept: */*

Response DefaultHttpResponse(decodeResult: success, version: HTTP/1.1)
HTTP/1.1 200 OK
Content-Length: 14
Content-Type: application/json; charset=utf-8
cache-control: no-cache

19:54:43.086 [AsyncHttpClient-1-8] DEBUG org.asynchttpclient.netty.channel.ChannelManager - Adding key: http://localhost:9417 for channel [id: 0x72ccf645, L:/127.0.0.1:56399 - R:localhost/127.0.0.1:9417]
19:54:43.092 [Forwarding getAlertText on session ae38cac0a6e57d58c2d89c4dac8849ee to remote] DEBUG org.asynchttpclient.netty.request.NettyRequestSender - Using pooled Channel '[id: 0x72ccf645, L:/127.0.0.1:56399 - R:localhost/127.0.0.1:9417]' for 'GET' to 'http://localhost:9417/session/ae38cac0a6e57d58c2d89c4dac8849ee/alert/text'
19:54:43.092 [Forwarding getAlertText on session ae38cac0a6e57d58c2d89c4dac8849ee to remote] DEBUG org.asynchttpclient.netty.request.NettyRequestSender - Using open Channel [id: 0x72ccf645, L:/127.0.0.1:56399 - R:localhost/127.0.0.1:9417] for GET '/session/ae38cac0a6e57d58c2d89c4dac8849ee/alert/text'
19:54:43.097 [AsyncHttpClient-1-8] DEBUG org.asynchttpclient.netty.handler.HttpHandler - 

Request DefaultFullHttpRequest(decodeResult: success, version: HTTP/1.1, content: EmptyByteBufBE)
GET /session/ae38cac0a6e57d58c2d89c4dac8849ee/alert/text HTTP/1.1
User-Agent: selenium/4.8.1 (java windows)
Cache-Control: no-cache
Content-Type: application/json; charset=utf-8
host: localhost:9417
accept: */*

Response DefaultHttpResponse(decodeResult: success, version: HTTP/1.1)
HTTP/1.1 404 Not Found
Content-Length: 816
Content-Type: application/json; charset=utf-8
cache-control: no-cache

19:54:43.097 [AsyncHttpClient-1-8] DEBUG org.asynchttpclient.netty.channel.ChannelManager - Adding key: http://localhost:9417 for channel [id: 0x72ccf645, L:/127.0.0.1:56399 - R:localhost/127.0.0.1:9417]
19:54:43.099 [Forwarding getCurrentUrl on session ae38cac0a6e57d58c2d89c4dac8849ee to remote] DEBUG org.asynchttpclient.netty.request.NettyRequestSender - Using pooled Channel '[id: 0x72ccf645, L:/127.0.0.1:56399 - R:localhost/127.0.0.1:9417]' for 'GET' to 'http://localhost:9417/session/ae38cac0a6e57d58c2d89c4dac8849ee/url'
19:54:43.099 [Forwarding getCurrentUrl on session ae38cac0a6e57d58c2d89c4dac8849ee to remote] DEBUG org.asynchttpclient.netty.request.NettyRequestSender - Using open Channel [id: 0x72ccf645, L:/127.0.0.1:56399 - R:localhost/127.0.0.1:9417] for GET '/session/ae38cac0a6e57d58c2d89c4dac8849ee/url'
19:54:43.102 [AsyncHttpClient-1-8] DEBUG org.asynchttpclient.netty.handler.HttpHandler - 

Request DefaultFullHttpRequest(decodeResult: success, version: HTTP/1.1, content: EmptyByteBufBE)
GET /session/ae38cac0a6e57d58c2d89c4dac8849ee/url HTTP/1.1
User-Agent: selenium/4.8.1 (java windows)
Cache-Control: no-cache
Content-Type: application/json; charset=utf-8
host: localhost:9417
accept: */*

Response DefaultHttpResponse(decodeResult: success, version: HTTP/1.1)
HTTP/1.1 200 OK
Content-Length: 52
Content-Type: application/json; charset=utf-8
cache-control: no-cache

19:54:43.102 [AsyncHttpClient-1-8] DEBUG org.asynchttpclient.netty.channel.ChannelManager - Adding key: http://localhost:9417 for channel [id: 0x72ccf645, L:/127.0.0.1:56399 - R:localhost/127.0.0.1:9417]
19:54:43.103 [Forwarding screenshot on session ae38cac0a6e57d58c2d89c4dac8849ee to remote] DEBUG org.asynchttpclient.netty.request.NettyRequestSender - Using pooled Channel '[id: 0x72ccf645, L:/127.0.0.1:56399 - R:localhost/127.0.0.1:9417]' for 'GET' to 'http://localhost:9417/session/ae38cac0a6e57d58c2d89c4dac8849ee/screenshot'
19:54:43.103 [Forwarding screenshot on session ae38cac0a6e57d58c2d89c4dac8849ee to remote] DEBUG org.asynchttpclient.netty.request.NettyRequestSender - Using open Channel [id: 0x72ccf645, L:/127.0.0.1:56399 - R:localhost/127.0.0.1:9417] for GET '/session/ae38cac0a6e57d58c2d89c4dac8849ee/screenshot'
19:54:43.233 [AsyncHttpClient-1-8] DEBUG org.asynchttpclient.netty.handler.HttpHandler - 

Request DefaultFullHttpRequest(decodeResult: success, version: HTTP/1.1, content: EmptyByteBufBE)
GET /session/ae38cac0a6e57d58c2d89c4dac8849ee/screenshot HTTP/1.1
User-Agent: selenium/4.8.1 (java windows)
Cache-Control: no-cache
Content-Type: application/json; charset=utf-8
host: localhost:9417
accept: */*

Response DefaultHttpResponse(decodeResult: success, version: HTTP/1.1)
HTTP/1.1 200 OK
Content-Length: 285512
Content-Type: application/json; charset=utf-8
cache-control: no-cache

19:54:43.233 [AsyncHttpClient-1-8] DEBUG org.asynchttpclient.netty.channel.ChannelManager - Adding key: http://localhost:9417 for channel [id: 0x72ccf645, L:/127.0.0.1:56399 - R:localhost/127.0.0.1:9417]
19:54:43.240 [main] DEBUG net.serenitybdd.core.photography.Darkroom - Send negative for processing for target\site\serenity\7614ee354bf590aa041e91fab36a6d543e78d0f13e6beff2e4ea75b68483773b.png
19:54:43.241 [main] DEBUG net.thucydides.core.steps.StepInterceptor - STEP DONE: clickButtonLogin
  &amp#27;[32mAnd &amp#27;[0m&amp#27;[32mI click login button&amp#27;[0m                                &amp#27;[90m# starter.stepDefinitions.LoginSteps.doClickLoginButton()&amp#27;[0m
19:54:43.248 [Forwarding getPageSource on session ae38cac0a6e57d58c2d89c4dac8849ee to remote] DEBUG org.asynchttpclient.netty.request.NettyRequestSender - Using pooled Channel '[id: 0x72ccf645, L:/127.0.0.1:56399 - R:localhost/127.0.0.1:9417]' for 'POST' to 'http://localhost:9417/session/ae38cac0a6e57d58c2d89c4dac8849ee/execute/sync'
19:54:43.249 [Forwarding getPageSource on session ae38cac0a6e57d58c2d89c4dac8849ee to remote] DEBUG org.asynchttpclient.netty.request.NettyRequestSender - Using open Channel [id: 0x72ccf645, L:/127.0.0.1:56399 - R:localhost/127.0.0.1:9417] for POST '/session/ae38cac0a6e57d58c2d89c4dac8849ee/execute/sync'
19:54:43.252 [AsyncHttpClient-1-8] DEBUG org.asynchttpclient.netty.handler.HttpHandler - 

Request DefaultHttpRequest(decodeResult: success, version: HTTP/1.1)
POST /session/ae38cac0a6e57d58c2d89c4dac8849ee/execute/sync HTTP/1.1
User-Agent: selenium/4.8.1 (java windows)
Content-Length: 176
Content-Type: application/json; charset=utf-8
host: localhost:9417
accept: */*

Response DefaultHttpResponse(decodeResult: success, version: HTTP/1.1)
HTTP/1.1 200 OK
Content-Length: 16329
Content-Type: application/json; charset=utf-8
cache-control: no-cache

19:54:43.253 [AsyncHttpClient-1-8] DEBUG org.asynchttpclient.netty.channel.ChannelManager - Adding key: http://localhost:9417 for channel [id: 0x72ccf645, L:/127.0.0.1:56399 - R:localhost/127.0.0.1:9417]
19:54:43.255 [Forwarding getCurrentUrl on session ae38cac0a6e57d58c2d89c4dac8849ee to remote] DEBUG org.asynchttpclient.netty.request.NettyRequestSender - Using pooled Channel '[id: 0x72ccf645, L:/127.0.0.1:56399 - R:localhost/127.0.0.1:9417]' for 'GET' to 'http://localhost:9417/session/ae38cac0a6e57d58c2d89c4dac8849ee/url'
19:54:43.255 [Forwarding getCurrentUrl on session ae38cac0a6e57d58c2d89c4dac8849ee to remote] DEBUG org.asynchttpclient.netty.request.NettyRequestSender - Using open Channel [id: 0x72ccf645, L:/127.0.0.1:56399 - R:localhost/127.0.0.1:9417] for GET '/session/ae38cac0a6e57d58c2d89c4dac8849ee/url'
19:54:43.257 [AsyncHttpClient-1-8] DEBUG org.asynchttpclient.netty.handler.HttpHandler - 

Request DefaultFullHttpRequest(decodeResult: success, version: HTTP/1.1, content: EmptyByteBufBE)
GET /session/ae38cac0a6e57d58c2d89c4dac8849ee/url HTTP/1.1
User-Agent: selenium/4.8.1 (java windows)
Cache-Control: no-cache
Content-Type: application/json; charset=utf-8
host: localhost:9417
accept: */*

Response DefaultHttpResponse(decodeResult: success, version: HTTP/1.1)
HTTP/1.1 200 OK
Content-Length: 52
Content-Type: application/json; charset=utf-8
cache-control: no-cache

19:54:43.258 [AsyncHttpClient-1-8] DEBUG org.asynchttpclient.netty.channel.ChannelManager - Adding key: http://localhost:9417 for channel [id: 0x72ccf645, L:/127.0.0.1:56399 - R:localhost/127.0.0.1:9417]
19:54:43.265 [Forwarding getPageSource on session ae38cac0a6e57d58c2d89c4dac8849ee to remote] DEBUG org.asynchttpclient.netty.request.NettyRequestSender - Using pooled Channel '[id: 0x72ccf645, L:/127.0.0.1:56399 - R:localhost/127.0.0.1:9417]' for 'POST' to 'http://localhost:9417/session/ae38cac0a6e57d58c2d89c4dac8849ee/execute/sync'
19:54:43.266 [Forwarding getPageSource on session ae38cac0a6e57d58c2d89c4dac8849ee to remote] DEBUG org.asynchttpclient.netty.request.NettyRequestSender - Using open Channel [id: 0x72ccf645, L:/127.0.0.1:56399 - R:localhost/127.0.0.1:9417] for POST '/session/ae38cac0a6e57d58c2d89c4dac8849ee/execute/sync'
19:54:43.269 [AsyncHttpClient-1-8] DEBUG org.asynchttpclient.netty.handler.HttpHandler - 

Request DefaultHttpRequest(decodeResult: success, version: HTTP/1.1)
POST /session/ae38cac0a6e57d58c2d89c4dac8849ee/execute/sync HTTP/1.1
User-Agent: selenium/4.8.1 (java windows)
Content-Length: 176
Content-Type: application/json; charset=utf-8
host: localhost:9417
accept: */*

Response DefaultHttpResponse(decodeResult: success, version: HTTP/1.1)
HTTP/1.1 200 OK
Content-Length: 16329
Content-Type: application/json; charset=utf-8
cache-control: no-cache

19:54:43.269 [AsyncHttpClient-1-8] DEBUG org.asynchttpclient.netty.channel.ChannelManager - Adding key: http://localhost:9417 for channel [id: 0x72ccf645, L:/127.0.0.1:56399 - R:localhost/127.0.0.1:9417]
19:54:43.271 [Forwarding getCurrentUrl on session ae38cac0a6e57d58c2d89c4dac8849ee to remote] DEBUG org.asynchttpclient.netty.request.NettyRequestSender - Using pooled Channel '[id: 0x72ccf645, L:/127.0.0.1:56399 - R:localhost/127.0.0.1:9417]' for 'GET' to 'http://localhost:9417/session/ae38cac0a6e57d58c2d89c4dac8849ee/url'
19:54:43.271 [Forwarding getCurrentUrl on session ae38cac0a6e57d58c2d89c4dac8849ee to remote] DEBUG org.asynchttpclient.netty.request.NettyRequestSender - Using open Channel [id: 0x72ccf645, L:/127.0.0.1:56399 - R:localhost/127.0.0.1:9417] for GET '/session/ae38cac0a6e57d58c2d89c4dac8849ee/url'
19:54:43.273 [AsyncHttpClient-1-8] DEBUG org.asynchttpclient.netty.handler.HttpHandler - 

Request DefaultFullHttpRequest(decodeResult: success, version: HTTP/1.1, content: EmptyByteBufBE)
GET /session/ae38cac0a6e57d58c2d89c4dac8849ee/url HTTP/1.1
User-Agent: selenium/4.8.1 (java windows)
Cache-Control: no-cache
Content-Type: application/json; charset=utf-8
host: localhost:9417
accept: */*

Response DefaultHttpResponse(decodeResult: success, version: HTTP/1.1)
HTTP/1.1 200 OK
Content-Length: 52
Content-Type: application/json; charset=utf-8
cache-control: no-cache

19:54:43.273 [AsyncHttpClient-1-8] DEBUG org.asynchttpclient.netty.channel.ChannelManager - Adding key: http://localhost:9417 for channel [id: 0x72ccf645, L:/127.0.0.1:56399 - R:localhost/127.0.0.1:9417]
19:54:43.275 [main] DEBUG net.thucydides.core.steps.StepInterceptor - STARTING STEP: LoginSteps.onTheHomePage - validateOnTheHomePage
19:54:43.276 [Forwarding findElement on session ae38cac0a6e57d58c2d89c4dac8849ee to remote] DEBUG org.asynchttpclient.netty.request.NettyRequestSender - Using pooled Channel '[id: 0x72ccf645, L:/127.0.0.1:56399 - R:localhost/127.0.0.1:9417]' for 'POST' to 'http://localhost:9417/session/ae38cac0a6e57d58c2d89c4dac8849ee/element'
19:54:43.276 [Forwarding findElement on session ae38cac0a6e57d58c2d89c4dac8849ee to remote] DEBUG org.asynchttpclient.netty.request.NettyRequestSender - Using open Channel [id: 0x72ccf645, L:/127.0.0.1:56399 - R:localhost/127.0.0.1:9417] for POST '/session/ae38cac0a6e57d58c2d89c4dac8849ee/element'
19:54:43.284 [AsyncHttpClient-1-8] DEBUG org.asynchttpclient.netty.handler.HttpHandler - 

Request DefaultHttpRequest(decodeResult: success, version: HTTP/1.1)
POST /session/ae38cac0a6e57d58c2d89c4dac8849ee/element HTTP/1.1
User-Agent: selenium/4.8.1 (java windows)
Content-Length: 50
Content-Type: application/json; charset=utf-8
host: localhost:9417
accept: */*

Response DefaultHttpResponse(decodeResult: success, version: HTTP/1.1)
HTTP/1.1 200 OK
Content-Length: 88
Content-Type: application/json; charset=utf-8
cache-control: no-cache

19:54:43.284 [AsyncHttpClient-1-8] DEBUG org.asynchttpclient.netty.channel.ChannelManager - Adding key: http://localhost:9417 for channel [id: 0x72ccf645, L:/127.0.0.1:56399 - R:localhost/127.0.0.1:9417]
19:54:43.286 [Forwarding isElementDisplayed on session ae38cac0a6e57d58c2d89c4dac8849ee to remote] DEBUG org.asynchttpclient.netty.request.NettyRequestSender - Using pooled Channel '[id: 0x72ccf645, L:/127.0.0.1:56399 - R:localhost/127.0.0.1:9417]' for 'POST' to 'http://localhost:9417/session/ae38cac0a6e57d58c2d89c4dac8849ee/execute/sync'
19:54:43.286 [Forwarding isElementDisplayed on session ae38cac0a6e57d58c2d89c4dac8849ee to remote] DEBUG org.asynchttpclient.netty.request.NettyRequestSender - Using open Channel [id: 0x72ccf645, L:/127.0.0.1:56399 - R:localhost/127.0.0.1:9417] for POST '/session/ae38cac0a6e57d58c2d89c4dac8849ee/execute/sync'
19:54:43.295 [AsyncHttpClient-1-8] DEBUG org.asynchttpclient.netty.handler.HttpHandler - 

Request DefaultHttpRequest(decodeResult: success, version: HTTP/1.1)
POST /session/ae38cac0a6e57d58c2d89c4dac8849ee/execute/sync HTTP/1.1
User-Agent: selenium/4.8.1 (java windows)
Content-Length: 48807
Content-Type: application/json; charset=utf-8
host: localhost:9417
accept: */*

Response DefaultHttpResponse(decodeResult: success, version: HTTP/1.1)
HTTP/1.1 200 OK
Content-Length: 14
Content-Type: application/json; charset=utf-8
cache-control: no-cache

19:54:43.295 [AsyncHttpClient-1-8] DEBUG org.asynchttpclient.netty.channel.ChannelManager - Adding key: http://localhost:9417 for channel [id: 0x72ccf645, L:/127.0.0.1:56399 - R:localhost/127.0.0.1:9417]
19:54:43.298 [Forwarding getAlertText on session ae38cac0a6e57d58c2d89c4dac8849ee to remote] DEBUG org.asynchttpclient.netty.request.NettyRequestSender - Using pooled Channel '[id: 0x72ccf645, L:/127.0.0.1:56399 - R:localhost/127.0.0.1:9417]' for 'GET' to 'http://localhost:9417/session/ae38cac0a6e57d58c2d89c4dac8849ee/alert/text'
19:54:43.298 [Forwarding getAlertText on session ae38cac0a6e57d58c2d89c4dac8849ee to remote] DEBUG org.asynchttpclient.netty.request.NettyRequestSender - Using open Channel [id: 0x72ccf645, L:/127.0.0.1:56399 - R:localhost/127.0.0.1:9417] for GET '/session/ae38cac0a6e57d58c2d89c4dac8849ee/alert/text'
19:54:43.300 [AsyncHttpClient-1-8] DEBUG org.asynchttpclient.netty.handler.HttpHandler - 

Request DefaultFullHttpRequest(decodeResult: success, version: HTTP/1.1, content: EmptyByteBufBE)
GET /session/ae38cac0a6e57d58c2d89c4dac8849ee/alert/text HTTP/1.1
User-Agent: selenium/4.8.1 (java windows)
Cache-Control: no-cache
Content-Type: application/json; charset=utf-8
host: localhost:9417
accept: */*

Response DefaultHttpResponse(decodeResult: success, version: HTTP/1.1)
HTTP/1.1 404 Not Found
Content-Length: 816
Content-Type: application/json; charset=utf-8
cache-control: no-cache

19:54:43.300 [AsyncHttpClient-1-8] DEBUG org.asynchttpclient.netty.channel.ChannelManager - Adding key: http://localhost:9417 for channel [id: 0x72ccf645, L:/127.0.0.1:56399 - R:localhost/127.0.0.1:9417]
19:54:43.300 [Forwarding getCurrentUrl on session ae38cac0a6e57d58c2d89c4dac8849ee to remote] DEBUG org.asynchttpclient.netty.request.NettyRequestSender - Using pooled Channel '[id: 0x72ccf645, L:/127.0.0.1:56399 - R:localhost/127.0.0.1:9417]' for 'GET' to 'http://localhost:9417/session/ae38cac0a6e57d58c2d89c4dac8849ee/url'
19:54:43.300 [Forwarding getCurrentUrl on session ae38cac0a6e57d58c2d89c4dac8849ee to remote] DEBUG org.asynchttpclient.netty.request.NettyRequestSender - Using open Channel [id: 0x72ccf645, L:/127.0.0.1:56399 - R:localhost/127.0.0.1:9417] for GET '/session/ae38cac0a6e57d58c2d89c4dac8849ee/url'
19:54:43.303 [AsyncHttpClient-1-8] DEBUG org.asynchttpclient.netty.handler.HttpHandler - 

Request DefaultFullHttpRequest(decodeResult: success, version: HTTP/1.1, content: EmptyByteBufBE)
GET /session/ae38cac0a6e57d58c2d89c4dac8849ee/url HTTP/1.1
User-Agent: selenium/4.8.1 (java windows)
Cache-Control: no-cache
Content-Type: application/json; charset=utf-8
host: localhost:9417
accept: */*

Response DefaultHttpResponse(decodeResult: success, version: HTTP/1.1)
HTTP/1.1 200 OK
Content-Length: 52
Content-Type: application/json; charset=utf-8
cache-control: no-cache

19:54:43.303 [AsyncHttpClient-1-8] DEBUG org.asynchttpclient.netty.channel.ChannelManager - Adding key: http://localhost:9417 for channel [id: 0x72ccf645, L:/127.0.0.1:56399 - R:localhost/127.0.0.1:9417]
19:54:43.303 [Forwarding screenshot on session ae38cac0a6e57d58c2d89c4dac8849ee to remote] DEBUG org.asynchttpclient.netty.request.NettyRequestSender - Using pooled Channel '[id: 0x72ccf645, L:/127.0.0.1:56399 - R:localhost/127.0.0.1:9417]' for 'GET' to 'http://localhost:9417/session/ae38cac0a6e57d58c2d89c4dac8849ee/screenshot'
19:54:43.303 [Forwarding screenshot on session ae38cac0a6e57d58c2d89c4dac8849ee to remote] DEBUG org.asynchttpclient.netty.request.NettyRequestSender - Using open Channel [id: 0x72ccf645, L:/127.0.0.1:56399 - R:localhost/127.0.0.1:9417] for GET '/session/ae38cac0a6e57d58c2d89c4dac8849ee/screenshot'
19:54:43.307 [AsyncHttpClient-1-1] DEBUG org.asynchttpclient.netty.channel.DefaultChannelPool - Entry count for : http://localhost:56400 : 1
19:54:43.415 [AsyncHttpClient-1-8] DEBUG org.asynchttpclient.netty.handler.HttpHandler - 

Request DefaultFullHttpRequest(decodeResult: success, version: HTTP/1.1, content: EmptyByteBufBE)
GET /session/ae38cac0a6e57d58c2d89c4dac8849ee/screenshot HTTP/1.1
User-Agent: selenium/4.8.1 (java windows)
Cache-Control: no-cache
Content-Type: application/json; charset=utf-8
host: localhost:9417
accept: */*

Response DefaultHttpResponse(decodeResult: success, version: HTTP/1.1)
HTTP/1.1 200 OK
Content-Length: 285512
Content-Type: application/json; charset=utf-8
cache-control: no-cache

19:54:43.416 [AsyncHttpClient-1-8] DEBUG org.asynchttpclient.netty.channel.ChannelManager - Adding key: http://localhost:9417 for channel [id: 0x72ccf645, L:/127.0.0.1:56399 - R:localhost/127.0.0.1:9417]
19:54:43.420 [main] DEBUG net.serenitybdd.core.photography.Darkroom - Send negative for processing for target\site\serenity\7614ee354bf590aa041e91fab36a6d543e78d0f13e6beff2e4ea75b68483773b.png
19:54:43.420 [main] DEBUG net.thucydides.core.steps.StepInterceptor - STEP DONE: validateOnTheHomePage
  &amp#27;[32mThen &amp#27;[0m&amp#27;[32mI am on the home page&amp#27;[0m                              &amp#27;[90m# starter.stepDefinitions.LoginSteps.onTheHomePage()&amp#27;[0m
19:54:43.426 [Driver Command Executor] DEBUG org.asynchttpclient.netty.request.NettyRequestSender - Using pooled Channel '[id: 0x72ccf645, L:/127.0.0.1:56399 - R:localhost/127.0.0.1:9417]' for 'DELETE' to 'http://localhost:9417/session/ae38cac0a6e57d58c2d89c4dac8849ee'
19:54:43.426 [AsyncHttpClient-1-10] DEBUG org.asynchttpclient.netty.handler.WebSocketHandler - Channel Closed: [id: 0xbe6e155c, L:/127.0.0.1:56407 ! R:localhost/127.0.0.1:56400] with attribute NettyResponseFuture{currentRetry=0,
	isDone=1,
	isCancelled=0,
	asyncHandler=org.asynchttpclient.ws.WebSocketUpgradeHandler@779d5963,
	nettyRequest=org.asynchttpclient.netty.request.NettyRequest@329fd9f4,
	future=java.util.concurrent.CompletableFuture@66be801e[Completed normally],
	uri=ws://localhost:56400/devtools/browser/4fe96b01-56f5-4c64-97a9-a617f5a18d63,
	keepAlive=true,
	redirectCount=0,
	timeoutsHolder=null,
	inAuth=0,
	touch=1680612881669}
19:54:43.426 [Driver Command Executor] DEBUG org.asynchttpclient.netty.request.NettyRequestSender - Using open Channel [id: 0x72ccf645, L:/127.0.0.1:56399 - R:localhost/127.0.0.1:9417] for DELETE '/session/ae38cac0a6e57d58c2d89c4dac8849ee'
19:54:43.426 [AsyncHttpClient-1-10] DEBUG org.asynchttpclient.netty.channel.ChannelManager - Closing Channel [id: 0xbe6e155c, L:/127.0.0.1:56407 ! R:localhost/127.0.0.1:56400] 
19:54:43.498 [AsyncHttpClient-1-9] DEBUG org.asynchttpclient.netty.handler.HttpHandler - Unexpected I/O exception on channel [id: 0xbc8eec1c, L:/127.0.0.1:56406 - R:localhost/127.0.0.1:56400]
java.net.SocketException: Connection reset
	at java.base/sun.nio.ch.SocketChannelImpl.throwConnectionReset(SocketChannelImpl.java:401)
	at java.base/sun.nio.ch.SocketChannelImpl.read(SocketChannelImpl.java:434)
	at io.netty.buffer.PooledByteBuf.setBytes(PooledByteBuf.java:259)
	at io.netty.buffer.AbstractByteBuf.writeBytes(AbstractByteBuf.java:1132)
	at io.netty.channel.socket.nio.NioSocketChannel.doReadBytes(NioSocketChannel.java:357)
	at io.netty.channel.nio.AbstractNioByteChannel$NioByteUnsafe.read(AbstractNioByteChannel.java:151)
	at io.netty.channel.nio.NioEventLoop.processSelectedKey(NioEventLoop.java:788)
	at io.netty.channel.nio.NioEventLoop.processSelectedKeysOptimized(NioEventLoop.java:724)
	at io.netty.channel.nio.NioEventLoop.processSelectedKeys(NioEventLoop.java:650)
	at io.netty.channel.nio.NioEventLoop.run(NioEventLoop.java:562)
	at io.netty.util.concurrent.SingleThreadEventExecutor$4.run(SingleThreadEventExecutor.java:997)
	at io.netty.util.internal.ThreadExecutorMap$2.run(ThreadExecutorMap.java:74)
	at io.netty.util.concurrent.FastThreadLocalRunnable.run(FastThreadLocalRunnable.java:30)
	at java.base/java.lang.Thread.run(Thread.java:1589)
19:54:43.498 [AsyncHttpClient-1-9] DEBUG org.asynchttpclient.netty.channel.ChannelManager - Closing Channel [id: 0xbc8eec1c, L:/127.0.0.1:56406 - R:localhost/127.0.0.1:56400] 
19:54:43.499 [AsyncHttpClient-1-9] DEBUG org.asynchttpclient.netty.handler.HttpHandler - Channel Closed: [id: 0xbc8eec1c, L:/127.0.0.1:56406 ! R:localhost/127.0.0.1:56400] with attribute DISCARD
19:54:43.513 [AsyncHttpClient-1-8] DEBUG org.asynchttpclient.netty.handler.HttpHandler - 

Request DefaultFullHttpRequest(decodeResult: success, version: HTTP/1.1, content: EmptyByteBufBE)
DELETE /session/ae38cac0a6e57d58c2d89c4dac8849ee HTTP/1.1
User-Agent: selenium/4.8.1 (java windows)
Content-Type: application/json; charset=utf-8
host: localhost:9417
accept: */*

Response DefaultHttpResponse(decodeResult: success, version: HTTP/1.1)
HTTP/1.1 200 OK
Content-Length: 14
Content-Type: application/json; charset=utf-8
cache-control: no-cache

19:54:43.513 [AsyncHttpClient-1-8] DEBUG org.asynchttpclient.netty.channel.ChannelManager - Adding key: http://localhost:9417 for channel [id: 0x72ccf645, L:/127.0.0.1:56399 - R:localhost/127.0.0.1:9417]
19:54:43.564 [AsyncHttpClient-1-8] DEBUG org.asynchttpclient.netty.handler.HttpHandler - Channel Closed: [id: 0x72ccf645, L:/127.0.0.1:56399 ! R:localhost/127.0.0.1:9417] with attribute DISCARD
19:54:43.618 [main] INFO  - 
  _____   ___   ___   _____     ___     _     ___   ___   ___   ___  
 |_   _| | __| / __| |_   _|   | _ \   /_\   / __| / __| | __| |   \ 
   | |   | _|  \__ \   | |     |  _/  / _ \  \__ \ \__ \ | _|  | |) |
   |_|   |___| |___/   |_|     |_|   /_/ \_\ |___/ |___/ |___| |___/ 

As user i have be able to success login
----------------------------------------------------------------------
]]></system-out>
    <system-err><![CDATA[Starting ChromeDriver 111.0.5563.64 (c710e93d5b63b7095afe8c2c17df34408078439d-refs/branch-heads/5563@{#995}) on port 9417
Only local connections are allowed.
Please see https://chromedriver.chromium.org/security-considerations for suggestions on keeping ChromeDriver safe.
ChromeDriver was started successfully.
Apr 04, 2023 7:54:41 PM org.openqa.selenium.devtools.CdpVersionFinder findNearestMatch
WARNING: Unable to find an exact match for CDP version 111, so returning the closest version found: 110
]]></system-err>
  </testcase>
  <testcase name="As user i have be able to success login #2" classname="login" time="4.76">
    <system-out><![CDATA[
@login
Scenario Outline: As user i have be able to success login &amp#27;[90m# src/test/resources/features/Login.feature:13&amp#27;[0m
19:54:43.622 [main] DEBUG io.cucumber.core.plugin.SerenityReporter - Running feature from file:///C:/Users/TrisetioPutra/Documents/serenity_sauce/serenity-sauce-demo/src/test/resources/features/Login.feature
19:54:43.667 [main] INFO net.serenitybdd.core.webdriver.driverproviders.ChromeDriverProvider - Starting Chrome driver instance with capabilities:
19:54:43.667 [main] INFO net.serenitybdd.core.webdriver.driverproviders.ChromeDriverProvider - Capabilities {acceptInsecureCerts: true, browserName: chrome, goog:chromeOptions: {args: [remote-allow-origins=*, test-type, no-sandbox, ignore-certificate-errors, --window-size=1000,800, incognito, disable-infobars, disable-gpu, disable-default-apps, disable-popup-blocking, remote-allow-origins=*, test-type, no-sandbox, ignore-certificate-errors, --window-size=1000,800, incognito, disable-infobars, disable-gpu, disable-default-apps, disable-popup-blocking, remote-allow-origins=*], extensions: []}}
19:54:43.749 [AsyncHttpClient-1-11] DEBUG org.asynchttpclient.netty.channel.NettyConnectListener - Using new Channel '[id: 0xf6d8378a, L:/127.0.0.1:56422 - R:localhost/127.0.0.1:35280]' for 'POST' to '/session'
19:54:44.366 [AsyncHttpClient-1-11] DEBUG org.asynchttpclient.netty.handler.HttpHandler - 

Request DefaultHttpRequest(decodeResult: success, version: HTTP/1.1)
POST /session HTTP/1.1
User-Agent: selenium/4.8.1 (java windows)
Content-Length: 1729
Content-Type: application/json; charset=utf-8
host: localhost:35280
accept: */*

Response DefaultHttpResponse(decodeResult: success, version: HTTP/1.1)
HTTP/1.1 200 OK
Content-Length: 861
Content-Type: application/json; charset=utf-8
cache-control: no-cache

19:54:44.366 [AsyncHttpClient-1-11] DEBUG org.asynchttpclient.netty.channel.ChannelManager - Adding key: http://localhost:35280 for channel [id: 0xf6d8378a, L:/127.0.0.1:56422 - R:localhost/127.0.0.1:35280]
19:54:44.373 [AsyncHttpClient-1-12] DEBUG org.asynchttpclient.netty.channel.NettyConnectListener - Using new Channel '[id: 0x84286ee5, L:/127.0.0.1:56431 - R:localhost/127.0.0.1:56424]' for 'GET' to '/json/version'
19:54:44.375 [AsyncHttpClient-1-12] DEBUG org.asynchttpclient.netty.handler.HttpHandler - 

Request DefaultFullHttpRequest(decodeResult: success, version: HTTP/1.1, content: EmptyByteBufBE)
GET /json/version HTTP/1.1
User-Agent: selenium/4.8.1 (java windows)
host: localhost:56424
accept: */*

Response DefaultHttpResponse(decodeResult: success, version: HTTP/1.1)
HTTP/1.1 200 OK
Content-Security-Policy: frame-ancestors 'none'
Content-Length: 424
Content-Type: application/json; charset=UTF-8

19:54:44.376 [AsyncHttpClient-1-12] DEBUG org.asynchttpclient.netty.channel.ChannelManager - Adding key: http://localhost:56424 for channel [id: 0x84286ee5, L:/127.0.0.1:56431 - R:localhost/127.0.0.1:56424]
19:54:44.380 [AsyncHttpClient-1-13] DEBUG org.asynchttpclient.netty.channel.NettyConnectListener - Using new Channel '[id: 0x8e2ddcaa, L:/127.0.0.1:56432 - R:localhost/127.0.0.1:56424]' for 'GET' to '/devtools/browser/080190d5-79c0-498c-8b60-9617d6882a26'
19:54:44.383 [AsyncHttpClient-1-13] DEBUG org.asynchttpclient.netty.handler.WebSocketHandler - 

Request DefaultFullHttpRequest(decodeResult: success, version: HTTP/1.1, content: EmptyByteBufBE)
GET /devtools/browser/080190d5-79c0-498c-8b60-9617d6882a26 HTTP/1.1
upgrade: websocket
connection: upgrade
sec-websocket-key: YapHrQwWHjjhJ/4jL3pb+w==
sec-websocket-version: 13
origin: http://localhost:56424
host: localhost:56424
accept: */*
user-agent: AHC/2.1

Response DefaultHttpResponse(decodeResult: success, version: HTTP/1.1)
HTTP/1.1 101 WebSocket Protocol Handshake
Upgrade: WebSocket
Connection: Upgrade
Sec-WebSocket-Accept: VEBMX3I731TGsDt31VTJr0zxVuo=

19:54:44.387 [Forwarding get on session e7b4deb911d5a153c48665eb6d2a40b4 to remote] DEBUG org.asynchttpclient.netty.request.NettyRequestSender - Using pooled Channel '[id: 0xf6d8378a, L:/127.0.0.1:56422 - R:localhost/127.0.0.1:35280]' for 'POST' to 'http://localhost:35280/session/e7b4deb911d5a153c48665eb6d2a40b4/url'
19:54:44.387 [Forwarding get on session e7b4deb911d5a153c48665eb6d2a40b4 to remote] DEBUG org.asynchttpclient.netty.request.NettyRequestSender - Using open Channel [id: 0xf6d8378a, L:/127.0.0.1:56422 - R:localhost/127.0.0.1:35280] for POST '/session/e7b4deb911d5a153c48665eb6d2a40b4/url'
19:54:44.413 [AsyncHttpClient-1-1] DEBUG org.asynchttpclient.netty.channel.DefaultChannelPool - Entry count for : http://localhost:9417 : 1
19:54:44.413 [AsyncHttpClient-1-1] DEBUG org.asynchttpclient.netty.channel.DefaultChannelPool - Entry count for : http://localhost:56400 : 1
19:54:44.413 [AsyncHttpClient-1-1] DEBUG org.asynchttpclient.netty.channel.DefaultChannelPool - Entry count for : http://localhost:56424 : 1
19:54:44.413 [AsyncHttpClient-1-1] DEBUG org.asynchttpclient.netty.channel.DefaultChannelPool - Adding Candidate expired Channel [id: 0x72ccf645, L:/127.0.0.1:56399 ! R:localhost/127.0.0.1:9417] isIdleTimeoutExpired=false isRemotelyClosed=true isTtlExpired=false
19:54:44.413 [AsyncHttpClient-1-1] DEBUG org.asynchttpclient.netty.channel.DefaultChannelPool - Closing Idle Channel [id: 0x72ccf645, L:/127.0.0.1:56399 ! R:localhost/127.0.0.1:9417]
19:54:44.413 [AsyncHttpClient-1-1] DEBUG org.asynchttpclient.netty.channel.DefaultChannelPool - Adding Candidate expired Channel [id: 0xbc8eec1c, L:/127.0.0.1:56406 ! R:localhost/127.0.0.1:56400] isIdleTimeoutExpired=false isRemotelyClosed=true isTtlExpired=false
19:54:44.413 [AsyncHttpClient-1-1] DEBUG org.asynchttpclient.netty.channel.DefaultChannelPool - Closing Idle Channel [id: 0xbc8eec1c, L:/127.0.0.1:56406 ! R:localhost/127.0.0.1:56400]
19:54:44.413 [AsyncHttpClient-1-1] DEBUG org.asynchttpclient.netty.channel.DefaultChannelPool - Closed 2 connections out of 3 in 0 ms
19:54:45.511 [AsyncHttpClient-1-1] DEBUG org.asynchttpclient.netty.channel.DefaultChannelPool - Entry count for : http://localhost:56424 : 1
19:54:46.492 [AsyncHttpClient-1-11] DEBUG org.asynchttpclient.netty.handler.HttpHandler - 

Request DefaultHttpRequest(decodeResult: success, version: HTTP/1.1)
POST /session/e7b4deb911d5a153c48665eb6d2a40b4/url HTTP/1.1
User-Agent: selenium/4.8.1 (java windows)
Content-Length: 56
Content-Type: application/json; charset=utf-8
host: localhost:35280
accept: */*

Response DefaultHttpResponse(decodeResult: success, version: HTTP/1.1)
HTTP/1.1 200 OK
Content-Length: 14
Content-Type: application/json; charset=utf-8
cache-control: no-cache

19:54:46.492 [AsyncHttpClient-1-11] DEBUG org.asynchttpclient.netty.channel.ChannelManager - Adding key: http://localhost:35280 for channel [id: 0xf6d8378a, L:/127.0.0.1:56422 - R:localhost/127.0.0.1:35280]
19:54:46.493 [Forwarding setTimeout on session e7b4deb911d5a153c48665eb6d2a40b4 to remote] DEBUG org.asynchttpclient.netty.request.NettyRequestSender - Using pooled Channel '[id: 0xf6d8378a, L:/127.0.0.1:56422 - R:localhost/127.0.0.1:35280]' for 'POST' to 'http://localhost:35280/session/e7b4deb911d5a153c48665eb6d2a40b4/timeouts'
19:54:46.493 [Forwarding setTimeout on session e7b4deb911d5a153c48665eb6d2a40b4 to remote] DEBUG org.asynchttpclient.netty.request.NettyRequestSender - Using open Channel [id: 0xf6d8378a, L:/127.0.0.1:56422 - R:localhost/127.0.0.1:35280] for POST '/session/e7b4deb911d5a153c48665eb6d2a40b4/timeouts'
19:54:46.494 [AsyncHttpClient-1-11] DEBUG org.asynchttpclient.netty.handler.HttpHandler - 

Request DefaultHttpRequest(decodeResult: success, version: HTTP/1.1)
POST /session/e7b4deb911d5a153c48665eb6d2a40b4/timeouts HTTP/1.1
User-Agent: selenium/4.8.1 (java windows)
Content-Length: 22
Content-Type: application/json; charset=utf-8
host: localhost:35280
accept: */*

Response DefaultHttpResponse(decodeResult: success, version: HTTP/1.1)
HTTP/1.1 200 OK
Content-Length: 14
Content-Type: application/json; charset=utf-8
cache-control: no-cache

19:54:46.494 [AsyncHttpClient-1-11] DEBUG org.asynchttpclient.netty.channel.ChannelManager - Adding key: http://localhost:35280 for channel [id: 0xf6d8378a, L:/127.0.0.1:56422 - R:localhost/127.0.0.1:35280]
19:54:46.501 [Forwarding getAlertText on session e7b4deb911d5a153c48665eb6d2a40b4 to remote] DEBUG org.asynchttpclient.netty.request.NettyRequestSender - Using pooled Channel '[id: 0xf6d8378a, L:/127.0.0.1:56422 - R:localhost/127.0.0.1:35280]' for 'GET' to 'http://localhost:35280/session/e7b4deb911d5a153c48665eb6d2a40b4/alert/text'
19:54:46.501 [Forwarding getAlertText on session e7b4deb911d5a153c48665eb6d2a40b4 to remote] DEBUG org.asynchttpclient.netty.request.NettyRequestSender - Using open Channel [id: 0xf6d8378a, L:/127.0.0.1:56422 - R:localhost/127.0.0.1:35280] for GET '/session/e7b4deb911d5a153c48665eb6d2a40b4/alert/text'
19:54:46.503 [AsyncHttpClient-1-11] DEBUG org.asynchttpclient.netty.handler.HttpHandler - 

Request DefaultFullHttpRequest(decodeResult: success, version: HTTP/1.1, content: EmptyByteBufBE)
GET /session/e7b4deb911d5a153c48665eb6d2a40b4/alert/text HTTP/1.1
User-Agent: selenium/4.8.1 (java windows)
Cache-Control: no-cache
Content-Type: application/json; charset=utf-8
host: localhost:35280
accept: */*

Response DefaultHttpResponse(decodeResult: success, version: HTTP/1.1)
HTTP/1.1 404 Not Found
Content-Length: 816
Content-Type: application/json; charset=utf-8
cache-control: no-cache

19:54:46.503 [AsyncHttpClient-1-11] DEBUG org.asynchttpclient.netty.channel.ChannelManager - Adding key: http://localhost:35280 for channel [id: 0xf6d8378a, L:/127.0.0.1:56422 - R:localhost/127.0.0.1:35280]
19:54:46.504 [Forwarding getCurrentUrl on session e7b4deb911d5a153c48665eb6d2a40b4 to remote] DEBUG org.asynchttpclient.netty.request.NettyRequestSender - Using pooled Channel '[id: 0xf6d8378a, L:/127.0.0.1:56422 - R:localhost/127.0.0.1:35280]' for 'GET' to 'http://localhost:35280/session/e7b4deb911d5a153c48665eb6d2a40b4/url'
19:54:46.504 [Forwarding getCurrentUrl on session e7b4deb911d5a153c48665eb6d2a40b4 to remote] DEBUG org.asynchttpclient.netty.request.NettyRequestSender - Using open Channel [id: 0xf6d8378a, L:/127.0.0.1:56422 - R:localhost/127.0.0.1:35280] for GET '/session/e7b4deb911d5a153c48665eb6d2a40b4/url'
19:54:46.508 [AsyncHttpClient-1-11] DEBUG org.asynchttpclient.netty.handler.HttpHandler - 

Request DefaultFullHttpRequest(decodeResult: success, version: HTTP/1.1, content: EmptyByteBufBE)
GET /session/e7b4deb911d5a153c48665eb6d2a40b4/url HTTP/1.1
User-Agent: selenium/4.8.1 (java windows)
Cache-Control: no-cache
Content-Type: application/json; charset=utf-8
host: localhost:35280
accept: */*

Response DefaultHttpResponse(decodeResult: success, version: HTTP/1.1)
HTTP/1.1 200 OK
Content-Length: 38
Content-Type: application/json; charset=utf-8
cache-control: no-cache

19:54:46.508 [AsyncHttpClient-1-11] DEBUG org.asynchttpclient.netty.channel.ChannelManager - Adding key: http://localhost:35280 for channel [id: 0xf6d8378a, L:/127.0.0.1:56422 - R:localhost/127.0.0.1:35280]
19:54:46.509 [Forwarding screenshot on session e7b4deb911d5a153c48665eb6d2a40b4 to remote] DEBUG org.asynchttpclient.netty.request.NettyRequestSender - Using pooled Channel '[id: 0xf6d8378a, L:/127.0.0.1:56422 - R:localhost/127.0.0.1:35280]' for 'GET' to 'http://localhost:35280/session/e7b4deb911d5a153c48665eb6d2a40b4/screenshot'
19:54:46.509 [Forwarding screenshot on session e7b4deb911d5a153c48665eb6d2a40b4 to remote] DEBUG org.asynchttpclient.netty.request.NettyRequestSender - Using open Channel [id: 0xf6d8378a, L:/127.0.0.1:56422 - R:localhost/127.0.0.1:35280] for GET '/session/e7b4deb911d5a153c48665eb6d2a40b4/screenshot'
19:54:46.612 [AsyncHttpClient-1-1] DEBUG org.asynchttpclient.netty.channel.DefaultChannelPool - Entry count for : http://localhost:56424 : 1
19:54:46.639 [AsyncHttpClient-1-11] DEBUG org.asynchttpclient.netty.handler.HttpHandler - 

Request DefaultFullHttpRequest(decodeResult: success, version: HTTP/1.1, content: EmptyByteBufBE)
GET /session/e7b4deb911d5a153c48665eb6d2a40b4/screenshot HTTP/1.1
User-Agent: selenium/4.8.1 (java windows)
Cache-Control: no-cache
Content-Type: application/json; charset=utf-8
host: localhost:35280
accept: */*

Response DefaultHttpResponse(decodeResult: success, version: HTTP/1.1)
HTTP/1.1 200 OK
Content-Length: 58480
Content-Type: application/json; charset=utf-8
cache-control: no-cache

19:54:46.639 [AsyncHttpClient-1-11] DEBUG org.asynchttpclient.netty.channel.ChannelManager - Adding key: http://localhost:35280 for channel [id: 0xf6d8378a, L:/127.0.0.1:56422 - R:localhost/127.0.0.1:35280]
19:54:46.641 [main] DEBUG net.serenitybdd.core.photography.Darkroom - Send negative for processing for target\site\serenity\cb92d98072c3b75a83324d609d10345ba9940c54df6d644def90c13c11b006db.png
19:54:46.642 [Forwarding getPageSource on session e7b4deb911d5a153c48665eb6d2a40b4 to remote] DEBUG org.asynchttpclient.netty.request.NettyRequestSender - Using pooled Channel '[id: 0xf6d8378a, L:/127.0.0.1:56422 - R:localhost/127.0.0.1:35280]' for 'POST' to 'http://localhost:35280/session/e7b4deb911d5a153c48665eb6d2a40b4/execute/sync'
19:54:46.642 [Forwarding getPageSource on session e7b4deb911d5a153c48665eb6d2a40b4 to remote] DEBUG org.asynchttpclient.netty.request.NettyRequestSender - Using open Channel [id: 0xf6d8378a, L:/127.0.0.1:56422 - R:localhost/127.0.0.1:35280] for POST '/session/e7b4deb911d5a153c48665eb6d2a40b4/execute/sync'
19:54:46.647 [AsyncHttpClient-1-11] DEBUG org.asynchttpclient.netty.handler.HttpHandler - 

Request DefaultHttpRequest(decodeResult: success, version: HTTP/1.1)
POST /session/e7b4deb911d5a153c48665eb6d2a40b4/execute/sync HTTP/1.1
User-Agent: selenium/4.8.1 (java windows)
Content-Length: 176
Content-Type: application/json; charset=utf-8
host: localhost:35280
accept: */*

Response DefaultHttpResponse(decodeResult: success, version: HTTP/1.1)
HTTP/1.1 200 OK
Content-Length: 4286
Content-Type: application/json; charset=utf-8
cache-control: no-cache

19:54:46.648 [AsyncHttpClient-1-11] DEBUG org.asynchttpclient.netty.channel.ChannelManager - Adding key: http://localhost:35280 for channel [id: 0xf6d8378a, L:/127.0.0.1:56422 - R:localhost/127.0.0.1:35280]
19:54:46.649 [Forwarding getCurrentUrl on session e7b4deb911d5a153c48665eb6d2a40b4 to remote] DEBUG org.asynchttpclient.netty.request.NettyRequestSender - Using pooled Channel '[id: 0xf6d8378a, L:/127.0.0.1:56422 - R:localhost/127.0.0.1:35280]' for 'GET' to 'http://localhost:35280/session/e7b4deb911d5a153c48665eb6d2a40b4/url'
19:54:46.649 [Forwarding getCurrentUrl on session e7b4deb911d5a153c48665eb6d2a40b4 to remote] DEBUG org.asynchttpclient.netty.request.NettyRequestSender - Using open Channel [id: 0xf6d8378a, L:/127.0.0.1:56422 - R:localhost/127.0.0.1:35280] for GET '/session/e7b4deb911d5a153c48665eb6d2a40b4/url'
19:54:46.652 [AsyncHttpClient-1-11] DEBUG org.asynchttpclient.netty.handler.HttpHandler - 

Request DefaultFullHttpRequest(decodeResult: success, version: HTTP/1.1, content: EmptyByteBufBE)
GET /session/e7b4deb911d5a153c48665eb6d2a40b4/url HTTP/1.1
User-Agent: selenium/4.8.1 (java windows)
Cache-Control: no-cache
Content-Type: application/json; charset=utf-8
host: localhost:35280
accept: */*

Response DefaultHttpResponse(decodeResult: success, version: HTTP/1.1)
HTTP/1.1 200 OK
Content-Length: 38
Content-Type: application/json; charset=utf-8
cache-control: no-cache

19:54:46.652 [AsyncHttpClient-1-11] DEBUG org.asynchttpclient.netty.channel.ChannelManager - Adding key: http://localhost:35280 for channel [id: 0xf6d8378a, L:/127.0.0.1:56422 - R:localhost/127.0.0.1:35280]
19:54:46.655 [main] DEBUG net.thucydides.core.steps.StepInterceptor - STARTING STEP: LoginSteps.onTheLoginPage - validateOnTheLoginPage
19:54:46.656 [Forwarding findElement on session e7b4deb911d5a153c48665eb6d2a40b4 to remote] DEBUG org.asynchttpclient.netty.request.NettyRequestSender - Using pooled Channel '[id: 0xf6d8378a, L:/127.0.0.1:56422 - R:localhost/127.0.0.1:35280]' for 'POST' to 'http://localhost:35280/session/e7b4deb911d5a153c48665eb6d2a40b4/element'
19:54:46.656 [Forwarding findElement on session e7b4deb911d5a153c48665eb6d2a40b4 to remote] DEBUG org.asynchttpclient.netty.request.NettyRequestSender - Using open Channel [id: 0xf6d8378a, L:/127.0.0.1:56422 - R:localhost/127.0.0.1:35280] for POST '/session/e7b4deb911d5a153c48665eb6d2a40b4/element'
19:54:46.668 [AsyncHttpClient-1-11] DEBUG org.asynchttpclient.netty.handler.HttpHandler - 

Request DefaultHttpRequest(decodeResult: success, version: HTTP/1.1)
POST /session/e7b4deb911d5a153c48665eb6d2a40b4/element HTTP/1.1
User-Agent: selenium/4.8.1 (java windows)
Content-Length: 59
Content-Type: application/json; charset=utf-8
host: localhost:35280
accept: */*

Response DefaultHttpResponse(decodeResult: success, version: HTTP/1.1)
HTTP/1.1 200 OK
Content-Length: 88
Content-Type: application/json; charset=utf-8
cache-control: no-cache

19:54:46.668 [AsyncHttpClient-1-11] DEBUG org.asynchttpclient.netty.channel.ChannelManager - Adding key: http://localhost:35280 for channel [id: 0xf6d8378a, L:/127.0.0.1:56422 - R:localhost/127.0.0.1:35280]
19:54:46.670 [Forwarding isElementDisplayed on session e7b4deb911d5a153c48665eb6d2a40b4 to remote] DEBUG org.asynchttpclient.netty.request.NettyRequestSender - Using pooled Channel '[id: 0xf6d8378a, L:/127.0.0.1:56422 - R:localhost/127.0.0.1:35280]' for 'POST' to 'http://localhost:35280/session/e7b4deb911d5a153c48665eb6d2a40b4/execute/sync'
19:54:46.670 [Forwarding isElementDisplayed on session e7b4deb911d5a153c48665eb6d2a40b4 to remote] DEBUG org.asynchttpclient.netty.request.NettyRequestSender - Using open Channel [id: 0xf6d8378a, L:/127.0.0.1:56422 - R:localhost/127.0.0.1:35280] for POST '/session/e7b4deb911d5a153c48665eb6d2a40b4/execute/sync'
19:54:46.682 [AsyncHttpClient-1-11] DEBUG org.asynchttpclient.netty.handler.HttpHandler - 

Request DefaultHttpRequest(decodeResult: success, version: HTTP/1.1)
POST /session/e7b4deb911d5a153c48665eb6d2a40b4/execute/sync HTTP/1.1
User-Agent: selenium/4.8.1 (java windows)
Content-Length: 48807
Content-Type: application/json; charset=utf-8
host: localhost:35280
accept: */*

Response DefaultHttpResponse(decodeResult: success, version: HTTP/1.1)
HTTP/1.1 200 OK
Content-Length: 14
Content-Type: application/json; charset=utf-8
cache-control: no-cache

19:54:46.682 [AsyncHttpClient-1-11] DEBUG org.asynchttpclient.netty.channel.ChannelManager - Adding key: http://localhost:35280 for channel [id: 0xf6d8378a, L:/127.0.0.1:56422 - R:localhost/127.0.0.1:35280]
19:54:46.686 [main] DEBUG net.thucydides.core.steps.StepInterceptor - STEP DONE: validateOnTheLoginPage
  &amp#27;[32mGiven &amp#27;[0m&amp#27;[32mI am on the login page&amp#27;[0m                            &amp#27;[90m# starter.stepDefinitions.LoginSteps.onTheLoginPage()&amp#27;[0m
19:54:46.695 [Forwarding getAlertText on session e7b4deb911d5a153c48665eb6d2a40b4 to remote] DEBUG org.asynchttpclient.netty.request.NettyRequestSender - Using pooled Channel '[id: 0xf6d8378a, L:/127.0.0.1:56422 - R:localhost/127.0.0.1:35280]' for 'GET' to 'http://localhost:35280/session/e7b4deb911d5a153c48665eb6d2a40b4/alert/text'
19:54:46.695 [Forwarding getAlertText on session e7b4deb911d5a153c48665eb6d2a40b4 to remote] DEBUG org.asynchttpclient.netty.request.NettyRequestSender - Using open Channel [id: 0xf6d8378a, L:/127.0.0.1:56422 - R:localhost/127.0.0.1:35280] for GET '/session/e7b4deb911d5a153c48665eb6d2a40b4/alert/text'
19:54:46.696 [AsyncHttpClient-1-11] DEBUG org.asynchttpclient.netty.handler.HttpHandler - 

Request DefaultFullHttpRequest(decodeResult: success, version: HTTP/1.1, content: EmptyByteBufBE)
GET /session/e7b4deb911d5a153c48665eb6d2a40b4/alert/text HTTP/1.1
User-Agent: selenium/4.8.1 (java windows)
Cache-Control: no-cache
Content-Type: application/json; charset=utf-8
host: localhost:35280
accept: */*

Response DefaultHttpResponse(decodeResult: success, version: HTTP/1.1)
HTTP/1.1 404 Not Found
Content-Length: 816
Content-Type: application/json; charset=utf-8
cache-control: no-cache

19:54:46.696 [AsyncHttpClient-1-11] DEBUG org.asynchttpclient.netty.channel.ChannelManager - Adding key: http://localhost:35280 for channel [id: 0xf6d8378a, L:/127.0.0.1:56422 - R:localhost/127.0.0.1:35280]
19:54:46.697 [Forwarding getCurrentUrl on session e7b4deb911d5a153c48665eb6d2a40b4 to remote] DEBUG org.asynchttpclient.netty.request.NettyRequestSender - Using pooled Channel '[id: 0xf6d8378a, L:/127.0.0.1:56422 - R:localhost/127.0.0.1:35280]' for 'GET' to 'http://localhost:35280/session/e7b4deb911d5a153c48665eb6d2a40b4/url'
19:54:46.697 [Forwarding getCurrentUrl on session e7b4deb911d5a153c48665eb6d2a40b4 to remote] DEBUG org.asynchttpclient.netty.request.NettyRequestSender - Using open Channel [id: 0xf6d8378a, L:/127.0.0.1:56422 - R:localhost/127.0.0.1:35280] for GET '/session/e7b4deb911d5a153c48665eb6d2a40b4/url'
19:54:46.700 [AsyncHttpClient-1-11] DEBUG org.asynchttpclient.netty.handler.HttpHandler - 

Request DefaultFullHttpRequest(decodeResult: success, version: HTTP/1.1, content: EmptyByteBufBE)
GET /session/e7b4deb911d5a153c48665eb6d2a40b4/url HTTP/1.1
User-Agent: selenium/4.8.1 (java windows)
Cache-Control: no-cache
Content-Type: application/json; charset=utf-8
host: localhost:35280
accept: */*

Response DefaultHttpResponse(decodeResult: success, version: HTTP/1.1)
HTTP/1.1 200 OK
Content-Length: 38
Content-Type: application/json; charset=utf-8
cache-control: no-cache

19:54:46.700 [AsyncHttpClient-1-11] DEBUG org.asynchttpclient.netty.channel.ChannelManager - Adding key: http://localhost:35280 for channel [id: 0xf6d8378a, L:/127.0.0.1:56422 - R:localhost/127.0.0.1:35280]
19:54:46.701 [Forwarding screenshot on session e7b4deb911d5a153c48665eb6d2a40b4 to remote] DEBUG org.asynchttpclient.netty.request.NettyRequestSender - Using pooled Channel '[id: 0xf6d8378a, L:/127.0.0.1:56422 - R:localhost/127.0.0.1:35280]' for 'GET' to 'http://localhost:35280/session/e7b4deb911d5a153c48665eb6d2a40b4/screenshot'
19:54:46.701 [Forwarding screenshot on session e7b4deb911d5a153c48665eb6d2a40b4 to remote] DEBUG org.asynchttpclient.netty.request.NettyRequestSender - Using open Channel [id: 0xf6d8378a, L:/127.0.0.1:56422 - R:localhost/127.0.0.1:35280] for GET '/session/e7b4deb911d5a153c48665eb6d2a40b4/screenshot'
19:54:46.814 [AsyncHttpClient-1-11] DEBUG org.asynchttpclient.netty.handler.HttpHandler - 

Request DefaultFullHttpRequest(decodeResult: success, version: HTTP/1.1, content: EmptyByteBufBE)
GET /session/e7b4deb911d5a153c48665eb6d2a40b4/screenshot HTTP/1.1
User-Agent: selenium/4.8.1 (java windows)
Cache-Control: no-cache
Content-Type: application/json; charset=utf-8
host: localhost:35280
accept: */*

Response DefaultHttpResponse(decodeResult: success, version: HTTP/1.1)
HTTP/1.1 200 OK
Content-Length: 58480
Content-Type: application/json; charset=utf-8
cache-control: no-cache

19:54:46.814 [AsyncHttpClient-1-11] DEBUG org.asynchttpclient.netty.channel.ChannelManager - Adding key: http://localhost:35280 for channel [id: 0xf6d8378a, L:/127.0.0.1:56422 - R:localhost/127.0.0.1:35280]
19:54:46.815 [main] DEBUG net.serenitybdd.core.photography.Darkroom - Send negative for processing for target\site\serenity\cb92d98072c3b75a83324d609d10345ba9940c54df6d644def90c13c11b006db.png
19:54:46.816 [Forwarding getPageSource on session e7b4deb911d5a153c48665eb6d2a40b4 to remote] DEBUG org.asynchttpclient.netty.request.NettyRequestSender - Using pooled Channel '[id: 0xf6d8378a, L:/127.0.0.1:56422 - R:localhost/127.0.0.1:35280]' for 'POST' to 'http://localhost:35280/session/e7b4deb911d5a153c48665eb6d2a40b4/execute/sync'
19:54:46.816 [Forwarding getPageSource on session e7b4deb911d5a153c48665eb6d2a40b4 to remote] DEBUG org.asynchttpclient.netty.request.NettyRequestSender - Using open Channel [id: 0xf6d8378a, L:/127.0.0.1:56422 - R:localhost/127.0.0.1:35280] for POST '/session/e7b4deb911d5a153c48665eb6d2a40b4/execute/sync'
19:54:46.821 [AsyncHttpClient-1-11] DEBUG org.asynchttpclient.netty.handler.HttpHandler - 

Request DefaultHttpRequest(decodeResult: success, version: HTTP/1.1)
POST /session/e7b4deb911d5a153c48665eb6d2a40b4/execute/sync HTTP/1.1
User-Agent: selenium/4.8.1 (java windows)
Content-Length: 176
Content-Type: application/json; charset=utf-8
host: localhost:35280
accept: */*

Response DefaultHttpResponse(decodeResult: success, version: HTTP/1.1)
HTTP/1.1 200 OK
Content-Length: 4286
Content-Type: application/json; charset=utf-8
cache-control: no-cache

19:54:46.821 [AsyncHttpClient-1-11] DEBUG org.asynchttpclient.netty.channel.ChannelManager - Adding key: http://localhost:35280 for channel [id: 0xf6d8378a, L:/127.0.0.1:56422 - R:localhost/127.0.0.1:35280]
19:54:46.822 [Forwarding getCurrentUrl on session e7b4deb911d5a153c48665eb6d2a40b4 to remote] DEBUG org.asynchttpclient.netty.request.NettyRequestSender - Using pooled Channel '[id: 0xf6d8378a, L:/127.0.0.1:56422 - R:localhost/127.0.0.1:35280]' for 'GET' to 'http://localhost:35280/session/e7b4deb911d5a153c48665eb6d2a40b4/url'
19:54:46.822 [Forwarding getCurrentUrl on session e7b4deb911d5a153c48665eb6d2a40b4 to remote] DEBUG org.asynchttpclient.netty.request.NettyRequestSender - Using open Channel [id: 0xf6d8378a, L:/127.0.0.1:56422 - R:localhost/127.0.0.1:35280] for GET '/session/e7b4deb911d5a153c48665eb6d2a40b4/url'
19:54:46.825 [AsyncHttpClient-1-11] DEBUG org.asynchttpclient.netty.handler.HttpHandler - 

Request DefaultFullHttpRequest(decodeResult: success, version: HTTP/1.1, content: EmptyByteBufBE)
GET /session/e7b4deb911d5a153c48665eb6d2a40b4/url HTTP/1.1
User-Agent: selenium/4.8.1 (java windows)
Cache-Control: no-cache
Content-Type: application/json; charset=utf-8
host: localhost:35280
accept: */*

Response DefaultHttpResponse(decodeResult: success, version: HTTP/1.1)
HTTP/1.1 200 OK
Content-Length: 38
Content-Type: application/json; charset=utf-8
cache-control: no-cache

19:54:46.825 [AsyncHttpClient-1-11] DEBUG org.asynchttpclient.netty.channel.ChannelManager - Adding key: http://localhost:35280 for channel [id: 0xf6d8378a, L:/127.0.0.1:56422 - R:localhost/127.0.0.1:35280]
19:54:46.832 [Forwarding getPageSource on session e7b4deb911d5a153c48665eb6d2a40b4 to remote] DEBUG org.asynchttpclient.netty.request.NettyRequestSender - Using pooled Channel '[id: 0xf6d8378a, L:/127.0.0.1:56422 - R:localhost/127.0.0.1:35280]' for 'POST' to 'http://localhost:35280/session/e7b4deb911d5a153c48665eb6d2a40b4/execute/sync'
19:54:46.832 [Forwarding getPageSource on session e7b4deb911d5a153c48665eb6d2a40b4 to remote] DEBUG org.asynchttpclient.netty.request.NettyRequestSender - Using open Channel [id: 0xf6d8378a, L:/127.0.0.1:56422 - R:localhost/127.0.0.1:35280] for POST '/session/e7b4deb911d5a153c48665eb6d2a40b4/execute/sync'
19:54:46.837 [AsyncHttpClient-1-11] DEBUG org.asynchttpclient.netty.handler.HttpHandler - 

Request DefaultHttpRequest(decodeResult: success, version: HTTP/1.1)
POST /session/e7b4deb911d5a153c48665eb6d2a40b4/execute/sync HTTP/1.1
User-Agent: selenium/4.8.1 (java windows)
Content-Length: 176
Content-Type: application/json; charset=utf-8
host: localhost:35280
accept: */*

Response DefaultHttpResponse(decodeResult: success, version: HTTP/1.1)
HTTP/1.1 200 OK
Content-Length: 4286
Content-Type: application/json; charset=utf-8
cache-control: no-cache

19:54:46.837 [AsyncHttpClient-1-11] DEBUG org.asynchttpclient.netty.channel.ChannelManager - Adding key: http://localhost:35280 for channel [id: 0xf6d8378a, L:/127.0.0.1:56422 - R:localhost/127.0.0.1:35280]
19:54:46.838 [Forwarding getCurrentUrl on session e7b4deb911d5a153c48665eb6d2a40b4 to remote] DEBUG org.asynchttpclient.netty.request.NettyRequestSender - Using pooled Channel '[id: 0xf6d8378a, L:/127.0.0.1:56422 - R:localhost/127.0.0.1:35280]' for 'GET' to 'http://localhost:35280/session/e7b4deb911d5a153c48665eb6d2a40b4/url'
19:54:46.838 [Forwarding getCurrentUrl on session e7b4deb911d5a153c48665eb6d2a40b4 to remote] DEBUG org.asynchttpclient.netty.request.NettyRequestSender - Using open Channel [id: 0xf6d8378a, L:/127.0.0.1:56422 - R:localhost/127.0.0.1:35280] for GET '/session/e7b4deb911d5a153c48665eb6d2a40b4/url'
19:54:46.840 [AsyncHttpClient-1-11] DEBUG org.asynchttpclient.netty.handler.HttpHandler - 

Request DefaultFullHttpRequest(decodeResult: success, version: HTTP/1.1, content: EmptyByteBufBE)
GET /session/e7b4deb911d5a153c48665eb6d2a40b4/url HTTP/1.1
User-Agent: selenium/4.8.1 (java windows)
Cache-Control: no-cache
Content-Type: application/json; charset=utf-8
host: localhost:35280
accept: */*

Response DefaultHttpResponse(decodeResult: success, version: HTTP/1.1)
HTTP/1.1 200 OK
Content-Length: 38
Content-Type: application/json; charset=utf-8
cache-control: no-cache

19:54:46.840 [AsyncHttpClient-1-11] DEBUG org.asynchttpclient.netty.channel.ChannelManager - Adding key: http://localhost:35280 for channel [id: 0xf6d8378a, L:/127.0.0.1:56422 - R:localhost/127.0.0.1:35280]
19:54:46.843 [main] DEBUG net.thucydides.core.steps.StepInterceptor - STARTING STEP: LoginSteps.doEnterUsername - inputUsername
19:54:46.844 [Forwarding findElement on session e7b4deb911d5a153c48665eb6d2a40b4 to remote] DEBUG org.asynchttpclient.netty.request.NettyRequestSender - Using pooled Channel '[id: 0xf6d8378a, L:/127.0.0.1:56422 - R:localhost/127.0.0.1:35280]' for 'POST' to 'http://localhost:35280/session/e7b4deb911d5a153c48665eb6d2a40b4/element'
19:54:46.844 [Forwarding findElement on session e7b4deb911d5a153c48665eb6d2a40b4 to remote] DEBUG org.asynchttpclient.netty.request.NettyRequestSender - Using open Channel [id: 0xf6d8378a, L:/127.0.0.1:56422 - R:localhost/127.0.0.1:35280] for POST '/session/e7b4deb911d5a153c48665eb6d2a40b4/element'
19:54:46.854 [AsyncHttpClient-1-11] DEBUG org.asynchttpclient.netty.handler.HttpHandler - 

Request DefaultHttpRequest(decodeResult: success, version: HTTP/1.1)
POST /session/e7b4deb911d5a153c48665eb6d2a40b4/element HTTP/1.1
User-Agent: selenium/4.8.1 (java windows)
Content-Length: 56
Content-Type: application/json; charset=utf-8
host: localhost:35280
accept: */*

Response DefaultHttpResponse(decodeResult: success, version: HTTP/1.1)
HTTP/1.1 200 OK
Content-Length: 88
Content-Type: application/json; charset=utf-8
cache-control: no-cache

19:54:46.855 [AsyncHttpClient-1-11] DEBUG org.asynchttpclient.netty.channel.ChannelManager - Adding key: http://localhost:35280 for channel [id: 0xf6d8378a, L:/127.0.0.1:56422 - R:localhost/127.0.0.1:35280]
19:54:46.856 [Forwarding clearElement on session e7b4deb911d5a153c48665eb6d2a40b4 to remote] DEBUG org.asynchttpclient.netty.request.NettyRequestSender - Using pooled Channel '[id: 0xf6d8378a, L:/127.0.0.1:56422 - R:localhost/127.0.0.1:35280]' for 'POST' to 'http://localhost:35280/session/e7b4deb911d5a153c48665eb6d2a40b4/element/119192fb-9961-40f1-b7be-2b359d35bde4/clear'
19:54:46.856 [Forwarding clearElement on session e7b4deb911d5a153c48665eb6d2a40b4 to remote] DEBUG org.asynchttpclient.netty.request.NettyRequestSender - Using open Channel [id: 0xf6d8378a, L:/127.0.0.1:56422 - R:localhost/127.0.0.1:35280] for POST '/session/e7b4deb911d5a153c48665eb6d2a40b4/element/119192fb-9961-40f1-b7be-2b359d35bde4/clear'
19:54:46.885 [AsyncHttpClient-1-11] DEBUG org.asynchttpclient.netty.handler.HttpHandler - 

Request DefaultHttpRequest(decodeResult: success, version: HTTP/1.1)
POST /session/e7b4deb911d5a153c48665eb6d2a40b4/element/119192fb-9961-40f1-b7be-2b359d35bde4/clear HTTP/1.1
User-Agent: selenium/4.8.1 (java windows)
Content-Length: 50
Content-Type: application/json; charset=utf-8
host: localhost:35280
accept: */*

Response DefaultHttpResponse(decodeResult: success, version: HTTP/1.1)
HTTP/1.1 200 OK
Content-Length: 14
Content-Type: application/json; charset=utf-8
cache-control: no-cache

19:54:46.885 [AsyncHttpClient-1-11] DEBUG org.asynchttpclient.netty.channel.ChannelManager - Adding key: http://localhost:35280 for channel [id: 0xf6d8378a, L:/127.0.0.1:56422 - R:localhost/127.0.0.1:35280]
19:54:46.887 [Forwarding sendKeysToElement on session e7b4deb911d5a153c48665eb6d2a40b4 to remote] DEBUG org.asynchttpclient.netty.request.NettyRequestSender - Using pooled Channel '[id: 0xf6d8378a, L:/127.0.0.1:56422 - R:localhost/127.0.0.1:35280]' for 'POST' to 'http://localhost:35280/session/e7b4deb911d5a153c48665eb6d2a40b4/element/119192fb-9961-40f1-b7be-2b359d35bde4/value'
19:54:46.887 [Forwarding sendKeysToElement on session e7b4deb911d5a153c48665eb6d2a40b4 to remote] DEBUG org.asynchttpclient.netty.request.NettyRequestSender - Using open Channel [id: 0xf6d8378a, L:/127.0.0.1:56422 - R:localhost/127.0.0.1:35280] for POST '/session/e7b4deb911d5a153c48665eb6d2a40b4/element/119192fb-9961-40f1-b7be-2b359d35bde4/value'
19:54:46.945 [AsyncHttpClient-1-11] DEBUG org.asynchttpclient.netty.handler.HttpHandler - 

Request DefaultHttpRequest(decodeResult: success, version: HTTP/1.1)
POST /session/e7b4deb911d5a153c48665eb6d2a40b4/element/119192fb-9961-40f1-b7be-2b359d35bde4/value HTTP/1.1
User-Agent: selenium/4.8.1 (java windows)
Content-Length: 201
Content-Type: application/json; charset=utf-8
host: localhost:35280
accept: */*

Response DefaultHttpResponse(decodeResult: success, version: HTTP/1.1)
HTTP/1.1 200 OK
Content-Length: 14
Content-Type: application/json; charset=utf-8
cache-control: no-cache

19:54:46.945 [AsyncHttpClient-1-11] DEBUG org.asynchttpclient.netty.channel.ChannelManager - Adding key: http://localhost:35280 for channel [id: 0xf6d8378a, L:/127.0.0.1:56422 - R:localhost/127.0.0.1:35280]
19:54:46.950 [Forwarding getAlertText on session e7b4deb911d5a153c48665eb6d2a40b4 to remote] DEBUG org.asynchttpclient.netty.request.NettyRequestSender - Using pooled Channel '[id: 0xf6d8378a, L:/127.0.0.1:56422 - R:localhost/127.0.0.1:35280]' for 'GET' to 'http://localhost:35280/session/e7b4deb911d5a153c48665eb6d2a40b4/alert/text'
19:54:46.950 [Forwarding getAlertText on session e7b4deb911d5a153c48665eb6d2a40b4 to remote] DEBUG org.asynchttpclient.netty.request.NettyRequestSender - Using open Channel [id: 0xf6d8378a, L:/127.0.0.1:56422 - R:localhost/127.0.0.1:35280] for GET '/session/e7b4deb911d5a153c48665eb6d2a40b4/alert/text'
19:54:46.951 [AsyncHttpClient-1-11] DEBUG org.asynchttpclient.netty.handler.HttpHandler - 

Request DefaultFullHttpRequest(decodeResult: success, version: HTTP/1.1, content: EmptyByteBufBE)
GET /session/e7b4deb911d5a153c48665eb6d2a40b4/alert/text HTTP/1.1
User-Agent: selenium/4.8.1 (java windows)
Cache-Control: no-cache
Content-Type: application/json; charset=utf-8
host: localhost:35280
accept: */*

Response DefaultHttpResponse(decodeResult: success, version: HTTP/1.1)
HTTP/1.1 404 Not Found
Content-Length: 816
Content-Type: application/json; charset=utf-8
cache-control: no-cache

19:54:46.951 [AsyncHttpClient-1-11] DEBUG org.asynchttpclient.netty.channel.ChannelManager - Adding key: http://localhost:35280 for channel [id: 0xf6d8378a, L:/127.0.0.1:56422 - R:localhost/127.0.0.1:35280]
19:54:46.952 [Forwarding getCurrentUrl on session e7b4deb911d5a153c48665eb6d2a40b4 to remote] DEBUG org.asynchttpclient.netty.request.NettyRequestSender - Using pooled Channel '[id: 0xf6d8378a, L:/127.0.0.1:56422 - R:localhost/127.0.0.1:35280]' for 'GET' to 'http://localhost:35280/session/e7b4deb911d5a153c48665eb6d2a40b4/url'
19:54:46.952 [Forwarding getCurrentUrl on session e7b4deb911d5a153c48665eb6d2a40b4 to remote] DEBUG org.asynchttpclient.netty.request.NettyRequestSender - Using open Channel [id: 0xf6d8378a, L:/127.0.0.1:56422 - R:localhost/127.0.0.1:35280] for GET '/session/e7b4deb911d5a153c48665eb6d2a40b4/url'
19:54:46.955 [AsyncHttpClient-1-11] DEBUG org.asynchttpclient.netty.handler.HttpHandler - 

Request DefaultFullHttpRequest(decodeResult: success, version: HTTP/1.1, content: EmptyByteBufBE)
GET /session/e7b4deb911d5a153c48665eb6d2a40b4/url HTTP/1.1
User-Agent: selenium/4.8.1 (java windows)
Cache-Control: no-cache
Content-Type: application/json; charset=utf-8
host: localhost:35280
accept: */*

Response DefaultHttpResponse(decodeResult: success, version: HTTP/1.1)
HTTP/1.1 200 OK
Content-Length: 38
Content-Type: application/json; charset=utf-8
cache-control: no-cache

19:54:46.955 [AsyncHttpClient-1-11] DEBUG org.asynchttpclient.netty.channel.ChannelManager - Adding key: http://localhost:35280 for channel [id: 0xf6d8378a, L:/127.0.0.1:56422 - R:localhost/127.0.0.1:35280]
19:54:46.956 [Forwarding screenshot on session e7b4deb911d5a153c48665eb6d2a40b4 to remote] DEBUG org.asynchttpclient.netty.request.NettyRequestSender - Using pooled Channel '[id: 0xf6d8378a, L:/127.0.0.1:56422 - R:localhost/127.0.0.1:35280]' for 'GET' to 'http://localhost:35280/session/e7b4deb911d5a153c48665eb6d2a40b4/screenshot'
19:54:46.956 [Forwarding screenshot on session e7b4deb911d5a153c48665eb6d2a40b4 to remote] DEBUG org.asynchttpclient.netty.request.NettyRequestSender - Using open Channel [id: 0xf6d8378a, L:/127.0.0.1:56422 - R:localhost/127.0.0.1:35280] for GET '/session/e7b4deb911d5a153c48665eb6d2a40b4/screenshot'
19:54:47.083 [AsyncHttpClient-1-11] DEBUG org.asynchttpclient.netty.handler.HttpHandler - 

Request DefaultFullHttpRequest(decodeResult: success, version: HTTP/1.1, content: EmptyByteBufBE)
GET /session/e7b4deb911d5a153c48665eb6d2a40b4/screenshot HTTP/1.1
User-Agent: selenium/4.8.1 (java windows)
Cache-Control: no-cache
Content-Type: application/json; charset=utf-8
host: localhost:35280
accept: */*

Response DefaultHttpResponse(decodeResult: success, version: HTTP/1.1)
HTTP/1.1 200 OK
Content-Length: 59168
Content-Type: application/json; charset=utf-8
cache-control: no-cache

19:54:47.083 [AsyncHttpClient-1-11] DEBUG org.asynchttpclient.netty.channel.ChannelManager - Adding key: http://localhost:35280 for channel [id: 0xf6d8378a, L:/127.0.0.1:56422 - R:localhost/127.0.0.1:35280]
19:54:47.085 [main] DEBUG net.serenitybdd.core.photography.Darkroom - Send negative for processing for target\site\serenity\946e08e404e83361b955e8b10af249d023838d2463c9dbfc4ed2d6e8e77b3e9b.png
19:54:47.085 [main] DEBUG net.thucydides.core.steps.StepInterceptor - STEP DONE: inputUsername
  &amp#27;[32mWhen &amp#27;[0m&amp#27;[32mI enter username &amp#27;[0m&amp#27;[32m&amp#27;[1m"problem_user"&amp#27;[0m                    &amp#27;[90m# starter.stepDefinitions.LoginSteps.doEnterUsername(java.lang.String)&amp#27;[0m
19:54:47.086 [Darkroom Processing Line] DEBUG net.serenitybdd.core.photography.DarkroomProcessingLine - Processing screenshot image in /var/screenshots/screenshot-17194595412303179613
19:54:47.086 [Darkroom Processing Line] DEBUG net.serenitybdd.core.photography.DarkroomProcessingLine - Saving screenshot to target\site\serenity\946e08e404e83361b955e8b10af249d023838d2463c9dbfc4ed2d6e8e77b3e9b.png
19:54:47.096 [Forwarding getPageSource on session e7b4deb911d5a153c48665eb6d2a40b4 to remote] DEBUG org.asynchttpclient.netty.request.NettyRequestSender - Using pooled Channel '[id: 0xf6d8378a, L:/127.0.0.1:56422 - R:localhost/127.0.0.1:35280]' for 'POST' to 'http://localhost:35280/session/e7b4deb911d5a153c48665eb6d2a40b4/execute/sync'
19:54:47.096 [Forwarding getPageSource on session e7b4deb911d5a153c48665eb6d2a40b4 to remote] DEBUG org.asynchttpclient.netty.request.NettyRequestSender - Using open Channel [id: 0xf6d8378a, L:/127.0.0.1:56422 - R:localhost/127.0.0.1:35280] for POST '/session/e7b4deb911d5a153c48665eb6d2a40b4/execute/sync'
19:54:47.100 [AsyncHttpClient-1-11] DEBUG org.asynchttpclient.netty.handler.HttpHandler - 

Request DefaultHttpRequest(decodeResult: success, version: HTTP/1.1)
POST /session/e7b4deb911d5a153c48665eb6d2a40b4/execute/sync HTTP/1.1
User-Agent: selenium/4.8.1 (java windows)
Content-Length: 176
Content-Type: application/json; charset=utf-8
host: localhost:35280
accept: */*

Response DefaultHttpResponse(decodeResult: success, version: HTTP/1.1)
HTTP/1.1 200 OK
Content-Length: 4298
Content-Type: application/json; charset=utf-8
cache-control: no-cache

19:54:47.100 [AsyncHttpClient-1-11] DEBUG org.asynchttpclient.netty.channel.ChannelManager - Adding key: http://localhost:35280 for channel [id: 0xf6d8378a, L:/127.0.0.1:56422 - R:localhost/127.0.0.1:35280]
19:54:47.102 [Forwarding getCurrentUrl on session e7b4deb911d5a153c48665eb6d2a40b4 to remote] DEBUG org.asynchttpclient.netty.request.NettyRequestSender - Using pooled Channel '[id: 0xf6d8378a, L:/127.0.0.1:56422 - R:localhost/127.0.0.1:35280]' for 'GET' to 'http://localhost:35280/session/e7b4deb911d5a153c48665eb6d2a40b4/url'
19:54:47.102 [Forwarding getCurrentUrl on session e7b4deb911d5a153c48665eb6d2a40b4 to remote] DEBUG org.asynchttpclient.netty.request.NettyRequestSender - Using open Channel [id: 0xf6d8378a, L:/127.0.0.1:56422 - R:localhost/127.0.0.1:35280] for GET '/session/e7b4deb911d5a153c48665eb6d2a40b4/url'
19:54:47.105 [AsyncHttpClient-1-11] DEBUG org.asynchttpclient.netty.handler.HttpHandler - 

Request DefaultFullHttpRequest(decodeResult: success, version: HTTP/1.1, content: EmptyByteBufBE)
GET /session/e7b4deb911d5a153c48665eb6d2a40b4/url HTTP/1.1
User-Agent: selenium/4.8.1 (java windows)
Cache-Control: no-cache
Content-Type: application/json; charset=utf-8
host: localhost:35280
accept: */*

Response DefaultHttpResponse(decodeResult: success, version: HTTP/1.1)
HTTP/1.1 200 OK
Content-Length: 38
Content-Type: application/json; charset=utf-8
cache-control: no-cache

19:54:47.105 [AsyncHttpClient-1-11] DEBUG org.asynchttpclient.netty.channel.ChannelManager - Adding key: http://localhost:35280 for channel [id: 0xf6d8378a, L:/127.0.0.1:56422 - R:localhost/127.0.0.1:35280]
19:54:47.112 [Forwarding getPageSource on session e7b4deb911d5a153c48665eb6d2a40b4 to remote] DEBUG org.asynchttpclient.netty.request.NettyRequestSender - Using pooled Channel '[id: 0xf6d8378a, L:/127.0.0.1:56422 - R:localhost/127.0.0.1:35280]' for 'POST' to 'http://localhost:35280/session/e7b4deb911d5a153c48665eb6d2a40b4/execute/sync'
19:54:47.112 [Forwarding getPageSource on session e7b4deb911d5a153c48665eb6d2a40b4 to remote] DEBUG org.asynchttpclient.netty.request.NettyRequestSender - Using open Channel [id: 0xf6d8378a, L:/127.0.0.1:56422 - R:localhost/127.0.0.1:35280] for POST '/session/e7b4deb911d5a153c48665eb6d2a40b4/execute/sync'
19:54:47.116 [AsyncHttpClient-1-11] DEBUG org.asynchttpclient.netty.handler.HttpHandler - 

Request DefaultHttpRequest(decodeResult: success, version: HTTP/1.1)
POST /session/e7b4deb911d5a153c48665eb6d2a40b4/execute/sync HTTP/1.1
User-Agent: selenium/4.8.1 (java windows)
Content-Length: 176
Content-Type: application/json; charset=utf-8
host: localhost:35280
accept: */*

Response DefaultHttpResponse(decodeResult: success, version: HTTP/1.1)
HTTP/1.1 200 OK
Content-Length: 4298
Content-Type: application/json; charset=utf-8
cache-control: no-cache

19:54:47.116 [AsyncHttpClient-1-11] DEBUG org.asynchttpclient.netty.channel.ChannelManager - Adding key: http://localhost:35280 for channel [id: 0xf6d8378a, L:/127.0.0.1:56422 - R:localhost/127.0.0.1:35280]
19:54:47.117 [Forwarding getCurrentUrl on session e7b4deb911d5a153c48665eb6d2a40b4 to remote] DEBUG org.asynchttpclient.netty.request.NettyRequestSender - Using pooled Channel '[id: 0xf6d8378a, L:/127.0.0.1:56422 - R:localhost/127.0.0.1:35280]' for 'GET' to 'http://localhost:35280/session/e7b4deb911d5a153c48665eb6d2a40b4/url'
19:54:47.117 [Forwarding getCurrentUrl on session e7b4deb911d5a153c48665eb6d2a40b4 to remote] DEBUG org.asynchttpclient.netty.request.NettyRequestSender - Using open Channel [id: 0xf6d8378a, L:/127.0.0.1:56422 - R:localhost/127.0.0.1:35280] for GET '/session/e7b4deb911d5a153c48665eb6d2a40b4/url'
19:54:47.120 [AsyncHttpClient-1-11] DEBUG org.asynchttpclient.netty.handler.HttpHandler - 

Request DefaultFullHttpRequest(decodeResult: success, version: HTTP/1.1, content: EmptyByteBufBE)
GET /session/e7b4deb911d5a153c48665eb6d2a40b4/url HTTP/1.1
User-Agent: selenium/4.8.1 (java windows)
Cache-Control: no-cache
Content-Type: application/json; charset=utf-8
host: localhost:35280
accept: */*

Response DefaultHttpResponse(decodeResult: success, version: HTTP/1.1)
HTTP/1.1 200 OK
Content-Length: 38
Content-Type: application/json; charset=utf-8
cache-control: no-cache

19:54:47.120 [AsyncHttpClient-1-11] DEBUG org.asynchttpclient.netty.channel.ChannelManager - Adding key: http://localhost:35280 for channel [id: 0xf6d8378a, L:/127.0.0.1:56422 - R:localhost/127.0.0.1:35280]
19:54:47.122 [main] DEBUG net.thucydides.core.steps.StepInterceptor - STARTING STEP: LoginSteps.doEnterPassword - inputPassword
19:54:47.124 [Forwarding findElement on session e7b4deb911d5a153c48665eb6d2a40b4 to remote] DEBUG org.asynchttpclient.netty.request.NettyRequestSender - Using pooled Channel '[id: 0xf6d8378a, L:/127.0.0.1:56422 - R:localhost/127.0.0.1:35280]' for 'POST' to 'http://localhost:35280/session/e7b4deb911d5a153c48665eb6d2a40b4/element'
19:54:47.124 [Forwarding findElement on session e7b4deb911d5a153c48665eb6d2a40b4 to remote] DEBUG org.asynchttpclient.netty.request.NettyRequestSender - Using open Channel [id: 0xf6d8378a, L:/127.0.0.1:56422 - R:localhost/127.0.0.1:35280] for POST '/session/e7b4deb911d5a153c48665eb6d2a40b4/element'
19:54:47.135 [AsyncHttpClient-1-11] DEBUG org.asynchttpclient.netty.handler.HttpHandler - 

Request DefaultHttpRequest(decodeResult: success, version: HTTP/1.1)
POST /session/e7b4deb911d5a153c48665eb6d2a40b4/element HTTP/1.1
User-Agent: selenium/4.8.1 (java windows)
Content-Length: 53
Content-Type: application/json; charset=utf-8
host: localhost:35280
accept: */*

Response DefaultHttpResponse(decodeResult: success, version: HTTP/1.1)
HTTP/1.1 200 OK
Content-Length: 88
Content-Type: application/json; charset=utf-8
cache-control: no-cache

19:54:47.135 [AsyncHttpClient-1-11] DEBUG org.asynchttpclient.netty.channel.ChannelManager - Adding key: http://localhost:35280 for channel [id: 0xf6d8378a, L:/127.0.0.1:56422 - R:localhost/127.0.0.1:35280]
19:54:47.137 [Forwarding clearElement on session e7b4deb911d5a153c48665eb6d2a40b4 to remote] DEBUG org.asynchttpclient.netty.request.NettyRequestSender - Using pooled Channel '[id: 0xf6d8378a, L:/127.0.0.1:56422 - R:localhost/127.0.0.1:35280]' for 'POST' to 'http://localhost:35280/session/e7b4deb911d5a153c48665eb6d2a40b4/element/08d870d7-43d8-45b9-8ec8-2a8e225772b7/clear'
19:54:47.137 [Forwarding clearElement on session e7b4deb911d5a153c48665eb6d2a40b4 to remote] DEBUG org.asynchttpclient.netty.request.NettyRequestSender - Using open Channel [id: 0xf6d8378a, L:/127.0.0.1:56422 - R:localhost/127.0.0.1:35280] for POST '/session/e7b4deb911d5a153c48665eb6d2a40b4/element/08d870d7-43d8-45b9-8ec8-2a8e225772b7/clear'
19:54:47.165 [AsyncHttpClient-1-11] DEBUG org.asynchttpclient.netty.handler.HttpHandler - 

Request DefaultHttpRequest(decodeResult: success, version: HTTP/1.1)
POST /session/e7b4deb911d5a153c48665eb6d2a40b4/element/08d870d7-43d8-45b9-8ec8-2a8e225772b7/clear HTTP/1.1
User-Agent: selenium/4.8.1 (java windows)
Content-Length: 50
Content-Type: application/json; charset=utf-8
host: localhost:35280
accept: */*

Response DefaultHttpResponse(decodeResult: success, version: HTTP/1.1)
HTTP/1.1 200 OK
Content-Length: 14
Content-Type: application/json; charset=utf-8
cache-control: no-cache

19:54:47.166 [AsyncHttpClient-1-11] DEBUG org.asynchttpclient.netty.channel.ChannelManager - Adding key: http://localhost:35280 for channel [id: 0xf6d8378a, L:/127.0.0.1:56422 - R:localhost/127.0.0.1:35280]
19:54:47.168 [Forwarding sendKeysToElement on session e7b4deb911d5a153c48665eb6d2a40b4 to remote] DEBUG org.asynchttpclient.netty.request.NettyRequestSender - Using pooled Channel '[id: 0xf6d8378a, L:/127.0.0.1:56422 - R:localhost/127.0.0.1:35280]' for 'POST' to 'http://localhost:35280/session/e7b4deb911d5a153c48665eb6d2a40b4/element/08d870d7-43d8-45b9-8ec8-2a8e225772b7/value'
19:54:47.168 [Forwarding sendKeysToElement on session e7b4deb911d5a153c48665eb6d2a40b4 to remote] DEBUG org.asynchttpclient.netty.request.NettyRequestSender - Using open Channel [id: 0xf6d8378a, L:/127.0.0.1:56422 - R:localhost/127.0.0.1:35280] for POST '/session/e7b4deb911d5a153c48665eb6d2a40b4/element/08d870d7-43d8-45b9-8ec8-2a8e225772b7/value'
19:54:47.220 [AsyncHttpClient-1-11] DEBUG org.asynchttpclient.netty.handler.HttpHandler - 

Request DefaultHttpRequest(decodeResult: success, version: HTTP/1.1)
POST /session/e7b4deb911d5a153c48665eb6d2a40b4/element/08d870d7-43d8-45b9-8ec8-2a8e225772b7/value HTTP/1.1
User-Agent: selenium/4.8.1 (java windows)
Content-Length: 201
Content-Type: application/json; charset=utf-8
host: localhost:35280
accept: */*

Response DefaultHttpResponse(decodeResult: success, version: HTTP/1.1)
HTTP/1.1 200 OK
Content-Length: 14
Content-Type: application/json; charset=utf-8
cache-control: no-cache

19:54:47.220 [AsyncHttpClient-1-11] DEBUG org.asynchttpclient.netty.channel.ChannelManager - Adding key: http://localhost:35280 for channel [id: 0xf6d8378a, L:/127.0.0.1:56422 - R:localhost/127.0.0.1:35280]
19:54:47.227 [Forwarding getAlertText on session e7b4deb911d5a153c48665eb6d2a40b4 to remote] DEBUG org.asynchttpclient.netty.request.NettyRequestSender - Using pooled Channel '[id: 0xf6d8378a, L:/127.0.0.1:56422 - R:localhost/127.0.0.1:35280]' for 'GET' to 'http://localhost:35280/session/e7b4deb911d5a153c48665eb6d2a40b4/alert/text'
19:54:47.227 [Forwarding getAlertText on session e7b4deb911d5a153c48665eb6d2a40b4 to remote] DEBUG org.asynchttpclient.netty.request.NettyRequestSender - Using open Channel [id: 0xf6d8378a, L:/127.0.0.1:56422 - R:localhost/127.0.0.1:35280] for GET '/session/e7b4deb911d5a153c48665eb6d2a40b4/alert/text'
19:54:47.229 [AsyncHttpClient-1-11] DEBUG org.asynchttpclient.netty.handler.HttpHandler - 

Request DefaultFullHttpRequest(decodeResult: success, version: HTTP/1.1, content: EmptyByteBufBE)
GET /session/e7b4deb911d5a153c48665eb6d2a40b4/alert/text HTTP/1.1
User-Agent: selenium/4.8.1 (java windows)
Cache-Control: no-cache
Content-Type: application/json; charset=utf-8
host: localhost:35280
accept: */*

Response DefaultHttpResponse(decodeResult: success, version: HTTP/1.1)
HTTP/1.1 404 Not Found
Content-Length: 816
Content-Type: application/json; charset=utf-8
cache-control: no-cache

19:54:47.229 [AsyncHttpClient-1-11] DEBUG org.asynchttpclient.netty.channel.ChannelManager - Adding key: http://localhost:35280 for channel [id: 0xf6d8378a, L:/127.0.0.1:56422 - R:localhost/127.0.0.1:35280]
19:54:47.231 [Forwarding getCurrentUrl on session e7b4deb911d5a153c48665eb6d2a40b4 to remote] DEBUG org.asynchttpclient.netty.request.NettyRequestSender - Using pooled Channel '[id: 0xf6d8378a, L:/127.0.0.1:56422 - R:localhost/127.0.0.1:35280]' for 'GET' to 'http://localhost:35280/session/e7b4deb911d5a153c48665eb6d2a40b4/url'
19:54:47.231 [Forwarding getCurrentUrl on session e7b4deb911d5a153c48665eb6d2a40b4 to remote] DEBUG org.asynchttpclient.netty.request.NettyRequestSender - Using open Channel [id: 0xf6d8378a, L:/127.0.0.1:56422 - R:localhost/127.0.0.1:35280] for GET '/session/e7b4deb911d5a153c48665eb6d2a40b4/url'
19:54:47.233 [AsyncHttpClient-1-11] DEBUG org.asynchttpclient.netty.handler.HttpHandler - 

Request DefaultFullHttpRequest(decodeResult: success, version: HTTP/1.1, content: EmptyByteBufBE)
GET /session/e7b4deb911d5a153c48665eb6d2a40b4/url HTTP/1.1
User-Agent: selenium/4.8.1 (java windows)
Cache-Control: no-cache
Content-Type: application/json; charset=utf-8
host: localhost:35280
accept: */*

Response DefaultHttpResponse(decodeResult: success, version: HTTP/1.1)
HTTP/1.1 200 OK
Content-Length: 38
Content-Type: application/json; charset=utf-8
cache-control: no-cache

19:54:47.233 [AsyncHttpClient-1-11] DEBUG org.asynchttpclient.netty.channel.ChannelManager - Adding key: http://localhost:35280 for channel [id: 0xf6d8378a, L:/127.0.0.1:56422 - R:localhost/127.0.0.1:35280]
19:54:47.235 [Forwarding screenshot on session e7b4deb911d5a153c48665eb6d2a40b4 to remote] DEBUG org.asynchttpclient.netty.request.NettyRequestSender - Using pooled Channel '[id: 0xf6d8378a, L:/127.0.0.1:56422 - R:localhost/127.0.0.1:35280]' for 'GET' to 'http://localhost:35280/session/e7b4deb911d5a153c48665eb6d2a40b4/screenshot'
19:54:47.235 [Forwarding screenshot on session e7b4deb911d5a153c48665eb6d2a40b4 to remote] DEBUG org.asynchttpclient.netty.request.NettyRequestSender - Using open Channel [id: 0xf6d8378a, L:/127.0.0.1:56422 - R:localhost/127.0.0.1:35280] for GET '/session/e7b4deb911d5a153c48665eb6d2a40b4/screenshot'
19:54:47.365 [AsyncHttpClient-1-11] DEBUG org.asynchttpclient.netty.handler.HttpHandler - 

Request DefaultFullHttpRequest(decodeResult: success, version: HTTP/1.1, content: EmptyByteBufBE)
GET /session/e7b4deb911d5a153c48665eb6d2a40b4/screenshot HTTP/1.1
User-Agent: selenium/4.8.1 (java windows)
Cache-Control: no-cache
Content-Type: application/json; charset=utf-8
host: localhost:35280
accept: */*

Response DefaultHttpResponse(decodeResult: success, version: HTTP/1.1)
HTTP/1.1 200 OK
Content-Length: 56640
Content-Type: application/json; charset=utf-8
cache-control: no-cache

19:54:47.365 [AsyncHttpClient-1-11] DEBUG org.asynchttpclient.netty.channel.ChannelManager - Adding key: http://localhost:35280 for channel [id: 0xf6d8378a, L:/127.0.0.1:56422 - R:localhost/127.0.0.1:35280]
19:54:47.368 [main] DEBUG net.serenitybdd.core.photography.Darkroom - Send negative for processing for target\site\serenity\16ecc223382a9966e631bf2c9a56d12b2e6b7ffe1e5a3f9a8d8ac4bc9209b7fd.png
19:54:47.368 [main] DEBUG net.thucydides.core.steps.StepInterceptor - STEP DONE: inputPassword
19:54:47.368 [Darkroom Processing Line] DEBUG net.serenitybdd.core.photography.DarkroomProcessingLine - Processing screenshot image in /var/screenshots/screenshot-1341595103508810831
19:54:47.368 [Darkroom Processing Line] DEBUG net.serenitybdd.core.photography.DarkroomProcessingLine - Saving screenshot to target\site\serenity\16ecc223382a9966e631bf2c9a56d12b2e6b7ffe1e5a3f9a8d8ac4bc9209b7fd.png
  &amp#27;[32mAnd &amp#27;[0m&amp#27;[32mI enter password &amp#27;[0m&amp#27;[32m&amp#27;[1m"secret_sauce"&amp#27;[0m                     &amp#27;[90m# starter.stepDefinitions.LoginSteps.doEnterPassword(java.lang.String)&amp#27;[0m
19:54:47.376 [Forwarding getPageSource on session e7b4deb911d5a153c48665eb6d2a40b4 to remote] DEBUG org.asynchttpclient.netty.request.NettyRequestSender - Using pooled Channel '[id: 0xf6d8378a, L:/127.0.0.1:56422 - R:localhost/127.0.0.1:35280]' for 'POST' to 'http://localhost:35280/session/e7b4deb911d5a153c48665eb6d2a40b4/execute/sync'
19:54:47.376 [Forwarding getPageSource on session e7b4deb911d5a153c48665eb6d2a40b4 to remote] DEBUG org.asynchttpclient.netty.request.NettyRequestSender - Using open Channel [id: 0xf6d8378a, L:/127.0.0.1:56422 - R:localhost/127.0.0.1:35280] for POST '/session/e7b4deb911d5a153c48665eb6d2a40b4/execute/sync'
19:54:47.380 [AsyncHttpClient-1-11] DEBUG org.asynchttpclient.netty.handler.HttpHandler - 

Request DefaultHttpRequest(decodeResult: success, version: HTTP/1.1)
POST /session/e7b4deb911d5a153c48665eb6d2a40b4/execute/sync HTTP/1.1
User-Agent: selenium/4.8.1 (java windows)
Content-Length: 176
Content-Type: application/json; charset=utf-8
host: localhost:35280
accept: */*

Response DefaultHttpResponse(decodeResult: success, version: HTTP/1.1)
HTTP/1.1 200 OK
Content-Length: 4310
Content-Type: application/json; charset=utf-8
cache-control: no-cache

19:54:47.380 [AsyncHttpClient-1-11] DEBUG org.asynchttpclient.netty.channel.ChannelManager - Adding key: http://localhost:35280 for channel [id: 0xf6d8378a, L:/127.0.0.1:56422 - R:localhost/127.0.0.1:35280]
19:54:47.382 [Forwarding getCurrentUrl on session e7b4deb911d5a153c48665eb6d2a40b4 to remote] DEBUG org.asynchttpclient.netty.request.NettyRequestSender - Using pooled Channel '[id: 0xf6d8378a, L:/127.0.0.1:56422 - R:localhost/127.0.0.1:35280]' for 'GET' to 'http://localhost:35280/session/e7b4deb911d5a153c48665eb6d2a40b4/url'
19:54:47.382 [Forwarding getCurrentUrl on session e7b4deb911d5a153c48665eb6d2a40b4 to remote] DEBUG org.asynchttpclient.netty.request.NettyRequestSender - Using open Channel [id: 0xf6d8378a, L:/127.0.0.1:56422 - R:localhost/127.0.0.1:35280] for GET '/session/e7b4deb911d5a153c48665eb6d2a40b4/url'
19:54:47.385 [AsyncHttpClient-1-11] DEBUG org.asynchttpclient.netty.handler.HttpHandler - 

Request DefaultFullHttpRequest(decodeResult: success, version: HTTP/1.1, content: EmptyByteBufBE)
GET /session/e7b4deb911d5a153c48665eb6d2a40b4/url HTTP/1.1
User-Agent: selenium/4.8.1 (java windows)
Cache-Control: no-cache
Content-Type: application/json; charset=utf-8
host: localhost:35280
accept: */*

Response DefaultHttpResponse(decodeResult: success, version: HTTP/1.1)
HTTP/1.1 200 OK
Content-Length: 38
Content-Type: application/json; charset=utf-8
cache-control: no-cache

19:54:47.385 [AsyncHttpClient-1-11] DEBUG org.asynchttpclient.netty.channel.ChannelManager - Adding key: http://localhost:35280 for channel [id: 0xf6d8378a, L:/127.0.0.1:56422 - R:localhost/127.0.0.1:35280]
19:54:47.394 [Forwarding getPageSource on session e7b4deb911d5a153c48665eb6d2a40b4 to remote] DEBUG org.asynchttpclient.netty.request.NettyRequestSender - Using pooled Channel '[id: 0xf6d8378a, L:/127.0.0.1:56422 - R:localhost/127.0.0.1:35280]' for 'POST' to 'http://localhost:35280/session/e7b4deb911d5a153c48665eb6d2a40b4/execute/sync'
19:54:47.394 [Forwarding getPageSource on session e7b4deb911d5a153c48665eb6d2a40b4 to remote] DEBUG org.asynchttpclient.netty.request.NettyRequestSender - Using open Channel [id: 0xf6d8378a, L:/127.0.0.1:56422 - R:localhost/127.0.0.1:35280] for POST '/session/e7b4deb911d5a153c48665eb6d2a40b4/execute/sync'
19:54:47.398 [AsyncHttpClient-1-11] DEBUG org.asynchttpclient.netty.handler.HttpHandler - 

Request DefaultHttpRequest(decodeResult: success, version: HTTP/1.1)
POST /session/e7b4deb911d5a153c48665eb6d2a40b4/execute/sync HTTP/1.1
User-Agent: selenium/4.8.1 (java windows)
Content-Length: 176
Content-Type: application/json; charset=utf-8
host: localhost:35280
accept: */*

Response DefaultHttpResponse(decodeResult: success, version: HTTP/1.1)
HTTP/1.1 200 OK
Content-Length: 4310
Content-Type: application/json; charset=utf-8
cache-control: no-cache

19:54:47.398 [AsyncHttpClient-1-11] DEBUG org.asynchttpclient.netty.channel.ChannelManager - Adding key: http://localhost:35280 for channel [id: 0xf6d8378a, L:/127.0.0.1:56422 - R:localhost/127.0.0.1:35280]
19:54:47.399 [Forwarding getCurrentUrl on session e7b4deb911d5a153c48665eb6d2a40b4 to remote] DEBUG org.asynchttpclient.netty.request.NettyRequestSender - Using pooled Channel '[id: 0xf6d8378a, L:/127.0.0.1:56422 - R:localhost/127.0.0.1:35280]' for 'GET' to 'http://localhost:35280/session/e7b4deb911d5a153c48665eb6d2a40b4/url'
19:54:47.399 [Forwarding getCurrentUrl on session e7b4deb911d5a153c48665eb6d2a40b4 to remote] DEBUG org.asynchttpclient.netty.request.NettyRequestSender - Using open Channel [id: 0xf6d8378a, L:/127.0.0.1:56422 - R:localhost/127.0.0.1:35280] for GET '/session/e7b4deb911d5a153c48665eb6d2a40b4/url'
19:54:47.402 [AsyncHttpClient-1-11] DEBUG org.asynchttpclient.netty.handler.HttpHandler - 

Request DefaultFullHttpRequest(decodeResult: success, version: HTTP/1.1, content: EmptyByteBufBE)
GET /session/e7b4deb911d5a153c48665eb6d2a40b4/url HTTP/1.1
User-Agent: selenium/4.8.1 (java windows)
Cache-Control: no-cache
Content-Type: application/json; charset=utf-8
host: localhost:35280
accept: */*

Response DefaultHttpResponse(decodeResult: success, version: HTTP/1.1)
HTTP/1.1 200 OK
Content-Length: 38
Content-Type: application/json; charset=utf-8
cache-control: no-cache

19:54:47.402 [AsyncHttpClient-1-11] DEBUG org.asynchttpclient.netty.channel.ChannelManager - Adding key: http://localhost:35280 for channel [id: 0xf6d8378a, L:/127.0.0.1:56422 - R:localhost/127.0.0.1:35280]
19:54:47.405 [main] DEBUG net.thucydides.core.steps.StepInterceptor - STARTING STEP: LoginSteps.doClickLoginButton - clickButtonLogin
19:54:47.407 [Forwarding findElement on session e7b4deb911d5a153c48665eb6d2a40b4 to remote] DEBUG org.asynchttpclient.netty.request.NettyRequestSender - Using pooled Channel '[id: 0xf6d8378a, L:/127.0.0.1:56422 - R:localhost/127.0.0.1:35280]' for 'POST' to 'http://localhost:35280/session/e7b4deb911d5a153c48665eb6d2a40b4/element'
19:54:47.407 [Forwarding findElement on session e7b4deb911d5a153c48665eb6d2a40b4 to remote] DEBUG org.asynchttpclient.netty.request.NettyRequestSender - Using open Channel [id: 0xf6d8378a, L:/127.0.0.1:56422 - R:localhost/127.0.0.1:35280] for POST '/session/e7b4deb911d5a153c48665eb6d2a40b4/element'
19:54:47.414 [AsyncHttpClient-1-11] DEBUG org.asynchttpclient.netty.handler.HttpHandler - 

Request DefaultHttpRequest(decodeResult: success, version: HTTP/1.1)
POST /session/e7b4deb911d5a153c48665eb6d2a40b4/element HTTP/1.1
User-Agent: selenium/4.8.1 (java windows)
Content-Length: 59
Content-Type: application/json; charset=utf-8
host: localhost:35280
accept: */*

Response DefaultHttpResponse(decodeResult: success, version: HTTP/1.1)
HTTP/1.1 200 OK
Content-Length: 88
Content-Type: application/json; charset=utf-8
cache-control: no-cache

19:54:47.415 [AsyncHttpClient-1-11] DEBUG org.asynchttpclient.netty.channel.ChannelManager - Adding key: http://localhost:35280 for channel [id: 0xf6d8378a, L:/127.0.0.1:56422 - R:localhost/127.0.0.1:35280]
19:54:47.416 [Forwarding getElementTagName on session e7b4deb911d5a153c48665eb6d2a40b4 to remote] DEBUG org.asynchttpclient.netty.request.NettyRequestSender - Using pooled Channel '[id: 0xf6d8378a, L:/127.0.0.1:56422 - R:localhost/127.0.0.1:35280]' for 'GET' to 'http://localhost:35280/session/e7b4deb911d5a153c48665eb6d2a40b4/element/fca46143-6145-40d8-9ca4-10d7c340da3d/name'
19:54:47.416 [Forwarding getElementTagName on session e7b4deb911d5a153c48665eb6d2a40b4 to remote] DEBUG org.asynchttpclient.netty.request.NettyRequestSender - Using open Channel [id: 0xf6d8378a, L:/127.0.0.1:56422 - R:localhost/127.0.0.1:35280] for GET '/session/e7b4deb911d5a153c48665eb6d2a40b4/element/fca46143-6145-40d8-9ca4-10d7c340da3d/name'
19:54:47.419 [AsyncHttpClient-1-11] DEBUG org.asynchttpclient.netty.handler.HttpHandler - 

Request DefaultFullHttpRequest(decodeResult: success, version: HTTP/1.1, content: EmptyByteBufBE)
GET /session/e7b4deb911d5a153c48665eb6d2a40b4/element/fca46143-6145-40d8-9ca4-10d7c340da3d/name HTTP/1.1
User-Agent: selenium/4.8.1 (java windows)
Cache-Control: no-cache
Content-Type: application/json; charset=utf-8
host: localhost:35280
accept: */*

Response DefaultHttpResponse(decodeResult: success, version: HTTP/1.1)
HTTP/1.1 200 OK
Content-Length: 17
Content-Type: application/json; charset=utf-8
cache-control: no-cache

19:54:47.419 [AsyncHttpClient-1-11] DEBUG org.asynchttpclient.netty.channel.ChannelManager - Adding key: http://localhost:35280 for channel [id: 0xf6d8378a, L:/127.0.0.1:56422 - R:localhost/127.0.0.1:35280]
19:54:47.421 [Forwarding getElementTagName on session e7b4deb911d5a153c48665eb6d2a40b4 to remote] DEBUG org.asynchttpclient.netty.request.NettyRequestSender - Using pooled Channel '[id: 0xf6d8378a, L:/127.0.0.1:56422 - R:localhost/127.0.0.1:35280]' for 'GET' to 'http://localhost:35280/session/e7b4deb911d5a153c48665eb6d2a40b4/element/fca46143-6145-40d8-9ca4-10d7c340da3d/name'
19:54:47.421 [Forwarding getElementTagName on session e7b4deb911d5a153c48665eb6d2a40b4 to remote] DEBUG org.asynchttpclient.netty.request.NettyRequestSender - Using open Channel [id: 0xf6d8378a, L:/127.0.0.1:56422 - R:localhost/127.0.0.1:35280] for GET '/session/e7b4deb911d5a153c48665eb6d2a40b4/element/fca46143-6145-40d8-9ca4-10d7c340da3d/name'
19:54:47.424 [AsyncHttpClient-1-11] DEBUG org.asynchttpclient.netty.handler.HttpHandler - 

Request DefaultFullHttpRequest(decodeResult: success, version: HTTP/1.1, content: EmptyByteBufBE)
GET /session/e7b4deb911d5a153c48665eb6d2a40b4/element/fca46143-6145-40d8-9ca4-10d7c340da3d/name HTTP/1.1
User-Agent: selenium/4.8.1 (java windows)
Cache-Control: no-cache
Content-Type: application/json; charset=utf-8
host: localhost:35280
accept: */*

Response DefaultHttpResponse(decodeResult: success, version: HTTP/1.1)
HTTP/1.1 200 OK
Content-Length: 17
Content-Type: application/json; charset=utf-8
cache-control: no-cache

19:54:47.424 [AsyncHttpClient-1-11] DEBUG org.asynchttpclient.netty.channel.ChannelManager - Adding key: http://localhost:35280 for channel [id: 0xf6d8378a, L:/127.0.0.1:56422 - R:localhost/127.0.0.1:35280]
19:54:47.425 [Forwarding isElementEnabled on session e7b4deb911d5a153c48665eb6d2a40b4 to remote] DEBUG org.asynchttpclient.netty.request.NettyRequestSender - Using pooled Channel '[id: 0xf6d8378a, L:/127.0.0.1:56422 - R:localhost/127.0.0.1:35280]' for 'GET' to 'http://localhost:35280/session/e7b4deb911d5a153c48665eb6d2a40b4/element/fca46143-6145-40d8-9ca4-10d7c340da3d/enabled'
19:54:47.425 [Forwarding isElementEnabled on session e7b4deb911d5a153c48665eb6d2a40b4 to remote] DEBUG org.asynchttpclient.netty.request.NettyRequestSender - Using open Channel [id: 0xf6d8378a, L:/127.0.0.1:56422 - R:localhost/127.0.0.1:35280] for GET '/session/e7b4deb911d5a153c48665eb6d2a40b4/element/fca46143-6145-40d8-9ca4-10d7c340da3d/enabled'
19:54:47.433 [AsyncHttpClient-1-11] DEBUG org.asynchttpclient.netty.handler.HttpHandler - 

Request DefaultFullHttpRequest(decodeResult: success, version: HTTP/1.1, content: EmptyByteBufBE)
GET /session/e7b4deb911d5a153c48665eb6d2a40b4/element/fca46143-6145-40d8-9ca4-10d7c340da3d/enabled HTTP/1.1
User-Agent: selenium/4.8.1 (java windows)
Cache-Control: no-cache
Content-Type: application/json; charset=utf-8
host: localhost:35280
accept: */*

Response DefaultHttpResponse(decodeResult: success, version: HTTP/1.1)
HTTP/1.1 200 OK
Content-Length: 14
Content-Type: application/json; charset=utf-8
cache-control: no-cache

19:54:47.436 [AsyncHttpClient-1-11] DEBUG org.asynchttpclient.netty.channel.ChannelManager - Adding key: http://localhost:35280 for channel [id: 0xf6d8378a, L:/127.0.0.1:56422 - R:localhost/127.0.0.1:35280]
19:54:47.438 [Forwarding isElementEnabled on session e7b4deb911d5a153c48665eb6d2a40b4 to remote] DEBUG org.asynchttpclient.netty.request.NettyRequestSender - Using pooled Channel '[id: 0xf6d8378a, L:/127.0.0.1:56422 - R:localhost/127.0.0.1:35280]' for 'GET' to 'http://localhost:35280/session/e7b4deb911d5a153c48665eb6d2a40b4/element/fca46143-6145-40d8-9ca4-10d7c340da3d/enabled'
19:54:47.438 [Forwarding isElementEnabled on session e7b4deb911d5a153c48665eb6d2a40b4 to remote] DEBUG org.asynchttpclient.netty.request.NettyRequestSender - Using open Channel [id: 0xf6d8378a, L:/127.0.0.1:56422 - R:localhost/127.0.0.1:35280] for GET '/session/e7b4deb911d5a153c48665eb6d2a40b4/element/fca46143-6145-40d8-9ca4-10d7c340da3d/enabled'
19:54:47.442 [AsyncHttpClient-1-11] DEBUG org.asynchttpclient.netty.handler.HttpHandler - 

Request DefaultFullHttpRequest(decodeResult: success, version: HTTP/1.1, content: EmptyByteBufBE)
GET /session/e7b4deb911d5a153c48665eb6d2a40b4/element/fca46143-6145-40d8-9ca4-10d7c340da3d/enabled HTTP/1.1
User-Agent: selenium/4.8.1 (java windows)
Cache-Control: no-cache
Content-Type: application/json; charset=utf-8
host: localhost:35280
accept: */*

Response DefaultHttpResponse(decodeResult: success, version: HTTP/1.1)
HTTP/1.1 200 OK
Content-Length: 14
Content-Type: application/json; charset=utf-8
cache-control: no-cache

19:54:47.442 [AsyncHttpClient-1-11] DEBUG org.asynchttpclient.netty.channel.ChannelManager - Adding key: http://localhost:35280 for channel [id: 0xf6d8378a, L:/127.0.0.1:56422 - R:localhost/127.0.0.1:35280]
19:54:47.444 [Forwarding findElement on session e7b4deb911d5a153c48665eb6d2a40b4 to remote] DEBUG org.asynchttpclient.netty.request.NettyRequestSender - Using pooled Channel '[id: 0xf6d8378a, L:/127.0.0.1:56422 - R:localhost/127.0.0.1:35280]' for 'POST' to 'http://localhost:35280/session/e7b4deb911d5a153c48665eb6d2a40b4/element'
19:54:47.444 [Forwarding findElement on session e7b4deb911d5a153c48665eb6d2a40b4 to remote] DEBUG org.asynchttpclient.netty.request.NettyRequestSender - Using open Channel [id: 0xf6d8378a, L:/127.0.0.1:56422 - R:localhost/127.0.0.1:35280] for POST '/session/e7b4deb911d5a153c48665eb6d2a40b4/element'
19:54:47.451 [AsyncHttpClient-1-11] DEBUG org.asynchttpclient.netty.handler.HttpHandler - 

Request DefaultHttpRequest(decodeResult: success, version: HTTP/1.1)
POST /session/e7b4deb911d5a153c48665eb6d2a40b4/element HTTP/1.1
User-Agent: selenium/4.8.1 (java windows)
Content-Length: 59
Content-Type: application/json; charset=utf-8
host: localhost:35280
accept: */*

Response DefaultHttpResponse(decodeResult: success, version: HTTP/1.1)
HTTP/1.1 200 OK
Content-Length: 88
Content-Type: application/json; charset=utf-8
cache-control: no-cache

19:54:47.451 [AsyncHttpClient-1-11] DEBUG org.asynchttpclient.netty.channel.ChannelManager - Adding key: http://localhost:35280 for channel [id: 0xf6d8378a, L:/127.0.0.1:56422 - R:localhost/127.0.0.1:35280]
19:54:47.452 [Forwarding clickElement on session e7b4deb911d5a153c48665eb6d2a40b4 to remote] DEBUG org.asynchttpclient.netty.request.NettyRequestSender - Using pooled Channel '[id: 0xf6d8378a, L:/127.0.0.1:56422 - R:localhost/127.0.0.1:35280]' for 'POST' to 'http://localhost:35280/session/e7b4deb911d5a153c48665eb6d2a40b4/element/fca46143-6145-40d8-9ca4-10d7c340da3d/click'
19:54:47.452 [Forwarding clickElement on session e7b4deb911d5a153c48665eb6d2a40b4 to remote] DEBUG org.asynchttpclient.netty.request.NettyRequestSender - Using open Channel [id: 0xf6d8378a, L:/127.0.0.1:56422 - R:localhost/127.0.0.1:35280] for POST '/session/e7b4deb911d5a153c48665eb6d2a40b4/element/fca46143-6145-40d8-9ca4-10d7c340da3d/click'
19:54:47.546 [AsyncHttpClient-1-11] DEBUG org.asynchttpclient.netty.handler.HttpHandler - 

Request DefaultHttpRequest(decodeResult: success, version: HTTP/1.1)
POST /session/e7b4deb911d5a153c48665eb6d2a40b4/element/fca46143-6145-40d8-9ca4-10d7c340da3d/click HTTP/1.1
User-Agent: selenium/4.8.1 (java windows)
Content-Length: 50
Content-Type: application/json; charset=utf-8
host: localhost:35280
accept: */*

Response DefaultHttpResponse(decodeResult: success, version: HTTP/1.1)
HTTP/1.1 200 OK
Content-Length: 14
Content-Type: application/json; charset=utf-8
cache-control: no-cache

19:54:47.546 [AsyncHttpClient-1-11] DEBUG org.asynchttpclient.netty.channel.ChannelManager - Adding key: http://localhost:35280 for channel [id: 0xf6d8378a, L:/127.0.0.1:56422 - R:localhost/127.0.0.1:35280]
19:54:47.554 [Forwarding getAlertText on session e7b4deb911d5a153c48665eb6d2a40b4 to remote] DEBUG org.asynchttpclient.netty.request.NettyRequestSender - Using pooled Channel '[id: 0xf6d8378a, L:/127.0.0.1:56422 - R:localhost/127.0.0.1:35280]' for 'GET' to 'http://localhost:35280/session/e7b4deb911d5a153c48665eb6d2a40b4/alert/text'
19:54:47.554 [Forwarding getAlertText on session e7b4deb911d5a153c48665eb6d2a40b4 to remote] DEBUG org.asynchttpclient.netty.request.NettyRequestSender - Using open Channel [id: 0xf6d8378a, L:/127.0.0.1:56422 - R:localhost/127.0.0.1:35280] for GET '/session/e7b4deb911d5a153c48665eb6d2a40b4/alert/text'
19:54:47.560 [AsyncHttpClient-1-11] DEBUG org.asynchttpclient.netty.handler.HttpHandler - 

Request DefaultFullHttpRequest(decodeResult: success, version: HTTP/1.1, content: EmptyByteBufBE)
GET /session/e7b4deb911d5a153c48665eb6d2a40b4/alert/text HTTP/1.1
User-Agent: selenium/4.8.1 (java windows)
Cache-Control: no-cache
Content-Type: application/json; charset=utf-8
host: localhost:35280
accept: */*

Response DefaultHttpResponse(decodeResult: success, version: HTTP/1.1)
HTTP/1.1 404 Not Found
Content-Length: 816
Content-Type: application/json; charset=utf-8
cache-control: no-cache

19:54:47.560 [AsyncHttpClient-1-11] DEBUG org.asynchttpclient.netty.channel.ChannelManager - Adding key: http://localhost:35280 for channel [id: 0xf6d8378a, L:/127.0.0.1:56422 - R:localhost/127.0.0.1:35280]
19:54:47.562 [Forwarding getCurrentUrl on session e7b4deb911d5a153c48665eb6d2a40b4 to remote] DEBUG org.asynchttpclient.netty.request.NettyRequestSender - Using pooled Channel '[id: 0xf6d8378a, L:/127.0.0.1:56422 - R:localhost/127.0.0.1:35280]' for 'GET' to 'http://localhost:35280/session/e7b4deb911d5a153c48665eb6d2a40b4/url'
19:54:47.562 [Forwarding getCurrentUrl on session e7b4deb911d5a153c48665eb6d2a40b4 to remote] DEBUG org.asynchttpclient.netty.request.NettyRequestSender - Using open Channel [id: 0xf6d8378a, L:/127.0.0.1:56422 - R:localhost/127.0.0.1:35280] for GET '/session/e7b4deb911d5a153c48665eb6d2a40b4/url'
19:54:47.565 [AsyncHttpClient-1-11] DEBUG org.asynchttpclient.netty.handler.HttpHandler - 

Request DefaultFullHttpRequest(decodeResult: success, version: HTTP/1.1, content: EmptyByteBufBE)
GET /session/e7b4deb911d5a153c48665eb6d2a40b4/url HTTP/1.1
User-Agent: selenium/4.8.1 (java windows)
Cache-Control: no-cache
Content-Type: application/json; charset=utf-8
host: localhost:35280
accept: */*

Response DefaultHttpResponse(decodeResult: success, version: HTTP/1.1)
HTTP/1.1 200 OK
Content-Length: 52
Content-Type: application/json; charset=utf-8
cache-control: no-cache

19:54:47.566 [AsyncHttpClient-1-11] DEBUG org.asynchttpclient.netty.channel.ChannelManager - Adding key: http://localhost:35280 for channel [id: 0xf6d8378a, L:/127.0.0.1:56422 - R:localhost/127.0.0.1:35280]
19:54:47.567 [Forwarding screenshot on session e7b4deb911d5a153c48665eb6d2a40b4 to remote] DEBUG org.asynchttpclient.netty.request.NettyRequestSender - Using pooled Channel '[id: 0xf6d8378a, L:/127.0.0.1:56422 - R:localhost/127.0.0.1:35280]' for 'GET' to 'http://localhost:35280/session/e7b4deb911d5a153c48665eb6d2a40b4/screenshot'
19:54:47.567 [Forwarding screenshot on session e7b4deb911d5a153c48665eb6d2a40b4 to remote] DEBUG org.asynchttpclient.netty.request.NettyRequestSender - Using open Channel [id: 0xf6d8378a, L:/127.0.0.1:56422 - R:localhost/127.0.0.1:35280] for GET '/session/e7b4deb911d5a153c48665eb6d2a40b4/screenshot'
19:54:47.709 [AsyncHttpClient-1-1] DEBUG org.asynchttpclient.netty.channel.DefaultChannelPool - Entry count for : http://localhost:56424 : 1
19:54:47.815 [AsyncHttpClient-1-11] DEBUG org.asynchttpclient.netty.handler.HttpHandler - 

Request DefaultFullHttpRequest(decodeResult: success, version: HTTP/1.1, content: EmptyByteBufBE)
GET /session/e7b4deb911d5a153c48665eb6d2a40b4/screenshot HTTP/1.1
User-Agent: selenium/4.8.1 (java windows)
Cache-Control: no-cache
Content-Type: application/json; charset=utf-8
host: localhost:35280
accept: */*

Response DefaultHttpResponse(decodeResult: success, version: HTTP/1.1)
HTTP/1.1 200 OK
Content-Length: 796820
Content-Type: application/json; charset=utf-8
cache-control: no-cache

19:54:47.816 [AsyncHttpClient-1-11] DEBUG org.asynchttpclient.netty.channel.ChannelManager - Adding key: http://localhost:35280 for channel [id: 0xf6d8378a, L:/127.0.0.1:56422 - R:localhost/127.0.0.1:35280]
19:54:47.832 [main] DEBUG net.serenitybdd.core.photography.Darkroom - Send negative for processing for target\site\serenity\f6773dc82e31f5a51bfb0937eae3e0155cd67e0c4b68ef3fd4f6ac1890da6598.png
19:54:47.832 [main] DEBUG net.thucydides.core.steps.StepInterceptor - STEP DONE: clickButtonLogin
  &amp#27;[32mAnd &amp#27;[0m&amp#27;[32mI click login button&amp#27;[0m                                &amp#27;[90m# starter.stepDefinitions.LoginSteps.doClickLoginButton()&amp#27;[0m
19:54:47.833 [Darkroom Processing Line] DEBUG net.serenitybdd.core.photography.DarkroomProcessingLine - Processing screenshot image in /var/screenshots/screenshot-18357257956852336230
19:54:47.833 [Darkroom Processing Line] DEBUG net.serenitybdd.core.photography.DarkroomProcessingLine - Saving screenshot to target\site\serenity\f6773dc82e31f5a51bfb0937eae3e0155cd67e0c4b68ef3fd4f6ac1890da6598.png
19:54:47.848 [Forwarding getPageSource on session e7b4deb911d5a153c48665eb6d2a40b4 to remote] DEBUG org.asynchttpclient.netty.request.NettyRequestSender - Using pooled Channel '[id: 0xf6d8378a, L:/127.0.0.1:56422 - R:localhost/127.0.0.1:35280]' for 'POST' to 'http://localhost:35280/session/e7b4deb911d5a153c48665eb6d2a40b4/execute/sync'
19:54:47.848 [Forwarding getPageSource on session e7b4deb911d5a153c48665eb6d2a40b4 to remote] DEBUG org.asynchttpclient.netty.request.NettyRequestSender - Using open Channel [id: 0xf6d8378a, L:/127.0.0.1:56422 - R:localhost/127.0.0.1:35280] for POST '/session/e7b4deb911d5a153c48665eb6d2a40b4/execute/sync'
19:54:47.853 [AsyncHttpClient-1-11] DEBUG org.asynchttpclient.netty.handler.HttpHandler - 

Request DefaultHttpRequest(decodeResult: success, version: HTTP/1.1)
POST /session/e7b4deb911d5a153c48665eb6d2a40b4/execute/sync HTTP/1.1
User-Agent: selenium/4.8.1 (java windows)
Content-Length: 176
Content-Type: application/json; charset=utf-8
host: localhost:35280
accept: */*

Response DefaultHttpResponse(decodeResult: success, version: HTTP/1.1)
HTTP/1.1 200 OK
Content-Length: 16248
Content-Type: application/json; charset=utf-8
cache-control: no-cache

19:54:47.853 [AsyncHttpClient-1-11] DEBUG org.asynchttpclient.netty.channel.ChannelManager - Adding key: http://localhost:35280 for channel [id: 0xf6d8378a, L:/127.0.0.1:56422 - R:localhost/127.0.0.1:35280]
19:54:47.855 [Forwarding getCurrentUrl on session e7b4deb911d5a153c48665eb6d2a40b4 to remote] DEBUG org.asynchttpclient.netty.request.NettyRequestSender - Using pooled Channel '[id: 0xf6d8378a, L:/127.0.0.1:56422 - R:localhost/127.0.0.1:35280]' for 'GET' to 'http://localhost:35280/session/e7b4deb911d5a153c48665eb6d2a40b4/url'
19:54:47.855 [Forwarding getCurrentUrl on session e7b4deb911d5a153c48665eb6d2a40b4 to remote] DEBUG org.asynchttpclient.netty.request.NettyRequestSender - Using open Channel [id: 0xf6d8378a, L:/127.0.0.1:56422 - R:localhost/127.0.0.1:35280] for GET '/session/e7b4deb911d5a153c48665eb6d2a40b4/url'
19:54:47.858 [AsyncHttpClient-1-11] DEBUG org.asynchttpclient.netty.handler.HttpHandler - 

Request DefaultFullHttpRequest(decodeResult: success, version: HTTP/1.1, content: EmptyByteBufBE)
GET /session/e7b4deb911d5a153c48665eb6d2a40b4/url HTTP/1.1
User-Agent: selenium/4.8.1 (java windows)
Cache-Control: no-cache
Content-Type: application/json; charset=utf-8
host: localhost:35280
accept: */*

Response DefaultHttpResponse(decodeResult: success, version: HTTP/1.1)
HTTP/1.1 200 OK
Content-Length: 52
Content-Type: application/json; charset=utf-8
cache-control: no-cache

19:54:47.858 [AsyncHttpClient-1-11] DEBUG org.asynchttpclient.netty.channel.ChannelManager - Adding key: http://localhost:35280 for channel [id: 0xf6d8378a, L:/127.0.0.1:56422 - R:localhost/127.0.0.1:35280]
19:54:47.867 [Forwarding getPageSource on session e7b4deb911d5a153c48665eb6d2a40b4 to remote] DEBUG org.asynchttpclient.netty.request.NettyRequestSender - Using pooled Channel '[id: 0xf6d8378a, L:/127.0.0.1:56422 - R:localhost/127.0.0.1:35280]' for 'POST' to 'http://localhost:35280/session/e7b4deb911d5a153c48665eb6d2a40b4/execute/sync'
19:54:47.867 [Forwarding getPageSource on session e7b4deb911d5a153c48665eb6d2a40b4 to remote] DEBUG org.asynchttpclient.netty.request.NettyRequestSender - Using open Channel [id: 0xf6d8378a, L:/127.0.0.1:56422 - R:localhost/127.0.0.1:35280] for POST '/session/e7b4deb911d5a153c48665eb6d2a40b4/execute/sync'
19:54:47.872 [AsyncHttpClient-1-11] DEBUG org.asynchttpclient.netty.handler.HttpHandler - 

Request DefaultHttpRequest(decodeResult: success, version: HTTP/1.1)
POST /session/e7b4deb911d5a153c48665eb6d2a40b4/execute/sync HTTP/1.1
User-Agent: selenium/4.8.1 (java windows)
Content-Length: 176
Content-Type: application/json; charset=utf-8
host: localhost:35280
accept: */*

Response DefaultHttpResponse(decodeResult: success, version: HTTP/1.1)
HTTP/1.1 200 OK
Content-Length: 16248
Content-Type: application/json; charset=utf-8
cache-control: no-cache

19:54:47.872 [AsyncHttpClient-1-11] DEBUG org.asynchttpclient.netty.channel.ChannelManager - Adding key: http://localhost:35280 for channel [id: 0xf6d8378a, L:/127.0.0.1:56422 - R:localhost/127.0.0.1:35280]
19:54:47.875 [Forwarding getCurrentUrl on session e7b4deb911d5a153c48665eb6d2a40b4 to remote] DEBUG org.asynchttpclient.netty.request.NettyRequestSender - Using pooled Channel '[id: 0xf6d8378a, L:/127.0.0.1:56422 - R:localhost/127.0.0.1:35280]' for 'GET' to 'http://localhost:35280/session/e7b4deb911d5a153c48665eb6d2a40b4/url'
19:54:47.875 [Forwarding getCurrentUrl on session e7b4deb911d5a153c48665eb6d2a40b4 to remote] DEBUG org.asynchttpclient.netty.request.NettyRequestSender - Using open Channel [id: 0xf6d8378a, L:/127.0.0.1:56422 - R:localhost/127.0.0.1:35280] for GET '/session/e7b4deb911d5a153c48665eb6d2a40b4/url'
19:54:47.878 [AsyncHttpClient-1-11] DEBUG org.asynchttpclient.netty.handler.HttpHandler - 

Request DefaultFullHttpRequest(decodeResult: success, version: HTTP/1.1, content: EmptyByteBufBE)
GET /session/e7b4deb911d5a153c48665eb6d2a40b4/url HTTP/1.1
User-Agent: selenium/4.8.1 (java windows)
Cache-Control: no-cache
Content-Type: application/json; charset=utf-8
host: localhost:35280
accept: */*

Response DefaultHttpResponse(decodeResult: success, version: HTTP/1.1)
HTTP/1.1 200 OK
Content-Length: 52
Content-Type: application/json; charset=utf-8
cache-control: no-cache

19:54:47.879 [AsyncHttpClient-1-11] DEBUG org.asynchttpclient.netty.channel.ChannelManager - Adding key: http://localhost:35280 for channel [id: 0xf6d8378a, L:/127.0.0.1:56422 - R:localhost/127.0.0.1:35280]
19:54:47.881 [main] DEBUG net.thucydides.core.steps.StepInterceptor - STARTING STEP: LoginSteps.onTheHomePage - validateOnTheHomePage
19:54:47.882 [Forwarding findElement on session e7b4deb911d5a153c48665eb6d2a40b4 to remote] DEBUG org.asynchttpclient.netty.request.NettyRequestSender - Using pooled Channel '[id: 0xf6d8378a, L:/127.0.0.1:56422 - R:localhost/127.0.0.1:35280]' for 'POST' to 'http://localhost:35280/session/e7b4deb911d5a153c48665eb6d2a40b4/element'
19:54:47.882 [Forwarding findElement on session e7b4deb911d5a153c48665eb6d2a40b4 to remote] DEBUG org.asynchttpclient.netty.request.NettyRequestSender - Using open Channel [id: 0xf6d8378a, L:/127.0.0.1:56422 - R:localhost/127.0.0.1:35280] for POST '/session/e7b4deb911d5a153c48665eb6d2a40b4/element'
19:54:47.892 [AsyncHttpClient-1-11] DEBUG org.asynchttpclient.netty.handler.HttpHandler - 

Request DefaultHttpRequest(decodeResult: success, version: HTTP/1.1)
POST /session/e7b4deb911d5a153c48665eb6d2a40b4/element HTTP/1.1
User-Agent: selenium/4.8.1 (java windows)
Content-Length: 50
Content-Type: application/json; charset=utf-8
host: localhost:35280
accept: */*

Response DefaultHttpResponse(decodeResult: success, version: HTTP/1.1)
HTTP/1.1 200 OK
Content-Length: 88
Content-Type: application/json; charset=utf-8
cache-control: no-cache

19:54:47.892 [AsyncHttpClient-1-11] DEBUG org.asynchttpclient.netty.channel.ChannelManager - Adding key: http://localhost:35280 for channel [id: 0xf6d8378a, L:/127.0.0.1:56422 - R:localhost/127.0.0.1:35280]
19:54:47.895 [Forwarding isElementDisplayed on session e7b4deb911d5a153c48665eb6d2a40b4 to remote] DEBUG org.asynchttpclient.netty.request.NettyRequestSender - Using pooled Channel '[id: 0xf6d8378a, L:/127.0.0.1:56422 - R:localhost/127.0.0.1:35280]' for 'POST' to 'http://localhost:35280/session/e7b4deb911d5a153c48665eb6d2a40b4/execute/sync'
19:54:47.895 [Forwarding isElementDisplayed on session e7b4deb911d5a153c48665eb6d2a40b4 to remote] DEBUG org.asynchttpclient.netty.request.NettyRequestSender - Using open Channel [id: 0xf6d8378a, L:/127.0.0.1:56422 - R:localhost/127.0.0.1:35280] for POST '/session/e7b4deb911d5a153c48665eb6d2a40b4/execute/sync'
19:54:47.907 [AsyncHttpClient-1-11] DEBUG org.asynchttpclient.netty.handler.HttpHandler - 

Request DefaultHttpRequest(decodeResult: success, version: HTTP/1.1)
POST /session/e7b4deb911d5a153c48665eb6d2a40b4/execute/sync HTTP/1.1
User-Agent: selenium/4.8.1 (java windows)
Content-Length: 48807
Content-Type: application/json; charset=utf-8
host: localhost:35280
accept: */*

Response DefaultHttpResponse(decodeResult: success, version: HTTP/1.1)
HTTP/1.1 200 OK
Content-Length: 14
Content-Type: application/json; charset=utf-8
cache-control: no-cache

19:54:47.907 [AsyncHttpClient-1-11] DEBUG org.asynchttpclient.netty.channel.ChannelManager - Adding key: http://localhost:35280 for channel [id: 0xf6d8378a, L:/127.0.0.1:56422 - R:localhost/127.0.0.1:35280]
19:54:47.911 [Forwarding getAlertText on session e7b4deb911d5a153c48665eb6d2a40b4 to remote] DEBUG org.asynchttpclient.netty.request.NettyRequestSender - Using pooled Channel '[id: 0xf6d8378a, L:/127.0.0.1:56422 - R:localhost/127.0.0.1:35280]' for 'GET' to 'http://localhost:35280/session/e7b4deb911d5a153c48665eb6d2a40b4/alert/text'
19:54:47.911 [Forwarding getAlertText on session e7b4deb911d5a153c48665eb6d2a40b4 to remote] DEBUG org.asynchttpclient.netty.request.NettyRequestSender - Using open Channel [id: 0xf6d8378a, L:/127.0.0.1:56422 - R:localhost/127.0.0.1:35280] for GET '/session/e7b4deb911d5a153c48665eb6d2a40b4/alert/text'
19:54:47.913 [AsyncHttpClient-1-11] DEBUG org.asynchttpclient.netty.handler.HttpHandler - 

Request DefaultFullHttpRequest(decodeResult: success, version: HTTP/1.1, content: EmptyByteBufBE)
GET /session/e7b4deb911d5a153c48665eb6d2a40b4/alert/text HTTP/1.1
User-Agent: selenium/4.8.1 (java windows)
Cache-Control: no-cache
Content-Type: application/json; charset=utf-8
host: localhost:35280
accept: */*

Response DefaultHttpResponse(decodeResult: success, version: HTTP/1.1)
HTTP/1.1 404 Not Found
Content-Length: 816
Content-Type: application/json; charset=utf-8
cache-control: no-cache

19:54:47.913 [AsyncHttpClient-1-11] DEBUG org.asynchttpclient.netty.channel.ChannelManager - Adding key: http://localhost:35280 for channel [id: 0xf6d8378a, L:/127.0.0.1:56422 - R:localhost/127.0.0.1:35280]
19:54:47.913 [Forwarding getCurrentUrl on session e7b4deb911d5a153c48665eb6d2a40b4 to remote] DEBUG org.asynchttpclient.netty.request.NettyRequestSender - Using pooled Channel '[id: 0xf6d8378a, L:/127.0.0.1:56422 - R:localhost/127.0.0.1:35280]' for 'GET' to 'http://localhost:35280/session/e7b4deb911d5a153c48665eb6d2a40b4/url'
19:54:47.913 [Forwarding getCurrentUrl on session e7b4deb911d5a153c48665eb6d2a40b4 to remote] DEBUG org.asynchttpclient.netty.request.NettyRequestSender - Using open Channel [id: 0xf6d8378a, L:/127.0.0.1:56422 - R:localhost/127.0.0.1:35280] for GET '/session/e7b4deb911d5a153c48665eb6d2a40b4/url'
19:54:47.917 [AsyncHttpClient-1-11] DEBUG org.asynchttpclient.netty.handler.HttpHandler - 

Request DefaultFullHttpRequest(decodeResult: success, version: HTTP/1.1, content: EmptyByteBufBE)
GET /session/e7b4deb911d5a153c48665eb6d2a40b4/url HTTP/1.1
User-Agent: selenium/4.8.1 (java windows)
Cache-Control: no-cache
Content-Type: application/json; charset=utf-8
host: localhost:35280
accept: */*

Response DefaultHttpResponse(decodeResult: success, version: HTTP/1.1)
HTTP/1.1 200 OK
Content-Length: 52
Content-Type: application/json; charset=utf-8
cache-control: no-cache

19:54:47.917 [AsyncHttpClient-1-11] DEBUG org.asynchttpclient.netty.channel.ChannelManager - Adding key: http://localhost:35280 for channel [id: 0xf6d8378a, L:/127.0.0.1:56422 - R:localhost/127.0.0.1:35280]
19:54:47.917 [Forwarding screenshot on session e7b4deb911d5a153c48665eb6d2a40b4 to remote] DEBUG org.asynchttpclient.netty.request.NettyRequestSender - Using pooled Channel '[id: 0xf6d8378a, L:/127.0.0.1:56422 - R:localhost/127.0.0.1:35280]' for 'GET' to 'http://localhost:35280/session/e7b4deb911d5a153c48665eb6d2a40b4/screenshot'
19:54:47.917 [Forwarding screenshot on session e7b4deb911d5a153c48665eb6d2a40b4 to remote] DEBUG org.asynchttpclient.netty.request.NettyRequestSender - Using open Channel [id: 0xf6d8378a, L:/127.0.0.1:56422 - R:localhost/127.0.0.1:35280] for GET '/session/e7b4deb911d5a153c48665eb6d2a40b4/screenshot'
19:54:48.156 [AsyncHttpClient-1-11] DEBUG org.asynchttpclient.netty.handler.HttpHandler - 

Request DefaultFullHttpRequest(decodeResult: success, version: HTTP/1.1, content: EmptyByteBufBE)
GET /session/e7b4deb911d5a153c48665eb6d2a40b4/screenshot HTTP/1.1
User-Agent: selenium/4.8.1 (java windows)
Cache-Control: no-cache
Content-Type: application/json; charset=utf-8
host: localhost:35280
accept: */*

Response DefaultHttpResponse(decodeResult: success, version: HTTP/1.1)
HTTP/1.1 200 OK
Content-Length: 796820
Content-Type: application/json; charset=utf-8
cache-control: no-cache

19:54:48.158 [AsyncHttpClient-1-11] DEBUG org.asynchttpclient.netty.channel.ChannelManager - Adding key: http://localhost:35280 for channel [id: 0xf6d8378a, L:/127.0.0.1:56422 - R:localhost/127.0.0.1:35280]
19:54:48.175 [main] DEBUG net.serenitybdd.core.photography.Darkroom - Send negative for processing for target\site\serenity\f6773dc82e31f5a51bfb0937eae3e0155cd67e0c4b68ef3fd4f6ac1890da6598.png
19:54:48.176 [main] DEBUG net.thucydides.core.steps.StepInterceptor - STEP DONE: validateOnTheHomePage
  &amp#27;[32mThen &amp#27;[0m&amp#27;[32mI am on the home page&amp#27;[0m                              &amp#27;[90m# starter.stepDefinitions.LoginSteps.onTheHomePage()&amp#27;[0m
19:54:48.192 [Driver Command Executor] DEBUG org.asynchttpclient.netty.request.NettyRequestSender - Using pooled Channel '[id: 0xf6d8378a, L:/127.0.0.1:56422 - R:localhost/127.0.0.1:35280]' for 'DELETE' to 'http://localhost:35280/session/e7b4deb911d5a153c48665eb6d2a40b4'
19:54:48.192 [Driver Command Executor] DEBUG org.asynchttpclient.netty.request.NettyRequestSender - Using open Channel [id: 0xf6d8378a, L:/127.0.0.1:56422 - R:localhost/127.0.0.1:35280] for DELETE '/session/e7b4deb911d5a153c48665eb6d2a40b4'
19:54:48.192 [AsyncHttpClient-1-13] DEBUG org.asynchttpclient.netty.handler.WebSocketHandler - Channel Closed: [id: 0x8e2ddcaa, L:/127.0.0.1:56432 ! R:localhost/127.0.0.1:56424] with attribute NettyResponseFuture{currentRetry=0,
	isDone=1,
	isCancelled=0,
	asyncHandler=org.asynchttpclient.ws.WebSocketUpgradeHandler@7569491a,
	nettyRequest=org.asynchttpclient.netty.request.NettyRequest@306bc9d3,
	future=java.util.concurrent.CompletableFuture@469f3fc6[Completed normally],
	uri=ws://localhost:56424/devtools/browser/080190d5-79c0-498c-8b60-9617d6882a26,
	keepAlive=true,
	redirectCount=0,
	timeoutsHolder=null,
	inAuth=0,
	touch=1680612884383}
19:54:48.192 [AsyncHttpClient-1-13] DEBUG org.asynchttpclient.netty.channel.ChannelManager - Closing Channel [id: 0x8e2ddcaa, L:/127.0.0.1:56432 ! R:localhost/127.0.0.1:56424] 
19:54:48.238 [AsyncHttpClient-1-12] DEBUG org.asynchttpclient.netty.handler.HttpHandler - Unexpected I/O exception on channel [id: 0x84286ee5, L:/127.0.0.1:56431 - R:localhost/127.0.0.1:56424]
java.net.SocketException: Connection reset
	at java.base/sun.nio.ch.SocketChannelImpl.throwConnectionReset(SocketChannelImpl.java:401)
	at java.base/sun.nio.ch.SocketChannelImpl.read(SocketChannelImpl.java:434)
	at io.netty.buffer.PooledByteBuf.setBytes(PooledByteBuf.java:259)
	at io.netty.buffer.AbstractByteBuf.writeBytes(AbstractByteBuf.java:1132)
	at io.netty.channel.socket.nio.NioSocketChannel.doReadBytes(NioSocketChannel.java:357)
	at io.netty.channel.nio.AbstractNioByteChannel$NioByteUnsafe.read(AbstractNioByteChannel.java:151)
	at io.netty.channel.nio.NioEventLoop.processSelectedKey(NioEventLoop.java:788)
	at io.netty.channel.nio.NioEventLoop.processSelectedKeysOptimized(NioEventLoop.java:724)
	at io.netty.channel.nio.NioEventLoop.processSelectedKeys(NioEventLoop.java:650)
	at io.netty.channel.nio.NioEventLoop.run(NioEventLoop.java:562)
	at io.netty.util.concurrent.SingleThreadEventExecutor$4.run(SingleThreadEventExecutor.java:997)
	at io.netty.util.internal.ThreadExecutorMap$2.run(ThreadExecutorMap.java:74)
	at io.netty.util.concurrent.FastThreadLocalRunnable.run(FastThreadLocalRunnable.java:30)
	at java.base/java.lang.Thread.run(Thread.java:1589)
19:54:48.238 [AsyncHttpClient-1-12] DEBUG org.asynchttpclient.netty.channel.ChannelManager - Closing Channel [id: 0x84286ee5, L:/127.0.0.1:56431 - R:localhost/127.0.0.1:56424] 
19:54:48.238 [AsyncHttpClient-1-12] DEBUG org.asynchttpclient.netty.handler.HttpHandler - Channel Closed: [id: 0x84286ee5, L:/127.0.0.1:56431 ! R:localhost/127.0.0.1:56424] with attribute DISCARD
19:54:48.257 [AsyncHttpClient-1-11] DEBUG org.asynchttpclient.netty.handler.HttpHandler - 

Request DefaultFullHttpRequest(decodeResult: success, version: HTTP/1.1, content: EmptyByteBufBE)
DELETE /session/e7b4deb911d5a153c48665eb6d2a40b4 HTTP/1.1
User-Agent: selenium/4.8.1 (java windows)
Content-Type: application/json; charset=utf-8
host: localhost:35280
accept: */*

Response DefaultHttpResponse(decodeResult: success, version: HTTP/1.1)
HTTP/1.1 200 OK
Content-Length: 14
Content-Type: application/json; charset=utf-8
cache-control: no-cache

19:54:48.257 [AsyncHttpClient-1-11] DEBUG org.asynchttpclient.netty.channel.ChannelManager - Adding key: http://localhost:35280 for channel [id: 0xf6d8378a, L:/127.0.0.1:56422 - R:localhost/127.0.0.1:35280]
19:54:48.307 [AsyncHttpClient-1-11] DEBUG org.asynchttpclient.netty.handler.HttpHandler - Channel Closed: [id: 0xf6d8378a, L:/127.0.0.1:56422 ! R:localhost/127.0.0.1:35280] with attribute DISCARD
19:54:48.378 [main] INFO  - 
  _____   ___   ___   _____     ___     _     ___   ___   ___   ___  
 |_   _| | __| / __| |_   _|   | _ \   /_\   / __| / __| | __| |   \ 
   | |   | _|  \__ \   | |     |  _/  / _ \  \__ \ \__ \ | _|  | |) |
   |_|   |___| |___/   |_|     |_|   /_/ \_\ |___/ |___/ |___| |___/ 

As user i have be able to success login
----------------------------------------------------------------------
]]></system-out>
    <system-err><![CDATA[Starting ChromeDriver 111.0.5563.64 (c710e93d5b63b7095afe8c2c17df34408078439d-refs/branch-heads/5563@{#995}) on port 35280
Only local connections are allowed.
Please see https://chromedriver.chromium.org/security-considerations for suggestions on keeping ChromeDriver safe.
ChromeDriver was started successfully.
Apr 04, 2023 7:54:44 PM org.openqa.selenium.devtools.CdpVersionFinder findNearestMatch
WARNING: Unable to find an exact match for CDP version 111, so returning the closest version found: 110
]]></system-err>
  </testcase>
  <testcase name="As an unregistered user i will see error response #1" classname="login" time="2.884">
    <system-out><![CDATA[
@login
Scenario Outline: As an unregistered user i will see error response &amp#27;[90m# src/test/resources/features/Login.feature:23&amp#27;[0m
19:54:48.384 [main] DEBUG io.cucumber.core.plugin.SerenityReporter - Running feature from file:///C:/Users/TrisetioPutra/Documents/serenity_sauce/serenity-sauce-demo/src/test/resources/features/Login.feature
19:54:48.386 [main] INFO  - 
  _____   ___   ___   _____     ___   _____     _     ___   _____   ___   ___  
 |_   _| | __| / __| |_   _|   / __| |_   _|   /_\   | _ \ |_   _| | __| |   \ 
   | |   | _|  \__ \   | |     \__ \   | |    / _ \  |   /   | |   | _|  | |) |
   |_|   |___| |___/   |_|     |___/   |_|   /_/ \_\ |_|_\   |_|   |___| |___/ 

As an unregistered user i will see error response(login;as-an-unregistered-user-i-will-see-error-response)
--------------------------------------------------------------------------------
19:54:48.444 [main] INFO net.serenitybdd.core.webdriver.driverproviders.ChromeDriverProvider - Starting Chrome driver instance with capabilities:
19:54:48.444 [main] INFO net.serenitybdd.core.webdriver.driverproviders.ChromeDriverProvider - Capabilities {acceptInsecureCerts: true, browserName: chrome, goog:chromeOptions: {args: [remote-allow-origins=*, test-type, no-sandbox, ignore-certificate-errors, --window-size=1000,800, incognito, disable-infobars, disable-gpu, disable-default-apps, disable-popup-blocking, remote-allow-origins=*, test-type, no-sandbox, ignore-certificate-errors, --window-size=1000,800, incognito, disable-infobars, disable-gpu, disable-default-apps, disable-popup-blocking, remote-allow-origins=*], extensions: []}}
19:54:48.522 [AsyncHttpClient-1-14] DEBUG org.asynchttpclient.netty.channel.NettyConnectListener - Using new Channel '[id: 0x4b2db0b0, L:/127.0.0.1:56449 - R:localhost/127.0.0.1:26622]' for 'POST' to '/session'
19:54:48.812 [AsyncHttpClient-1-1] DEBUG org.asynchttpclient.netty.channel.DefaultChannelPool - Entry count for : http://localhost:35280 : 1
19:54:48.812 [AsyncHttpClient-1-1] DEBUG org.asynchttpclient.netty.channel.DefaultChannelPool - Entry count for : http://localhost:56424 : 1
19:54:48.812 [AsyncHttpClient-1-1] DEBUG org.asynchttpclient.netty.channel.DefaultChannelPool - Adding Candidate expired Channel [id: 0xf6d8378a, L:/127.0.0.1:56422 ! R:localhost/127.0.0.1:35280] isIdleTimeoutExpired=false isRemotelyClosed=true isTtlExpired=false
19:54:48.812 [AsyncHttpClient-1-1] DEBUG org.asynchttpclient.netty.channel.DefaultChannelPool - Closing Idle Channel [id: 0xf6d8378a, L:/127.0.0.1:56422 ! R:localhost/127.0.0.1:35280]
19:54:48.812 [AsyncHttpClient-1-1] DEBUG org.asynchttpclient.netty.channel.DefaultChannelPool - Adding Candidate expired Channel [id: 0x84286ee5, L:/127.0.0.1:56431 ! R:localhost/127.0.0.1:56424] isIdleTimeoutExpired=false isRemotelyClosed=true isTtlExpired=false
19:54:48.812 [AsyncHttpClient-1-1] DEBUG org.asynchttpclient.netty.channel.DefaultChannelPool - Closing Idle Channel [id: 0x84286ee5, L:/127.0.0.1:56431 ! R:localhost/127.0.0.1:56424]
19:54:48.812 [AsyncHttpClient-1-1] DEBUG org.asynchttpclient.netty.channel.DefaultChannelPool - Closed 2 connections out of 2 in 0 ms
19:54:49.140 [AsyncHttpClient-1-14] DEBUG org.asynchttpclient.netty.handler.HttpHandler - 

Request DefaultHttpRequest(decodeResult: success, version: HTTP/1.1)
POST /session HTTP/1.1
User-Agent: selenium/4.8.1 (java windows)
Content-Length: 1729
Content-Type: application/json; charset=utf-8
host: localhost:26622
accept: */*

Response DefaultHttpResponse(decodeResult: success, version: HTTP/1.1)
HTTP/1.1 200 OK
Content-Length: 862
Content-Type: application/json; charset=utf-8
cache-control: no-cache

19:54:49.141 [AsyncHttpClient-1-14] DEBUG org.asynchttpclient.netty.channel.ChannelManager - Adding key: http://localhost:26622 for channel [id: 0x4b2db0b0, L:/127.0.0.1:56449 - R:localhost/127.0.0.1:26622]
19:54:49.147 [AsyncHttpClient-1-15] DEBUG org.asynchttpclient.netty.channel.NettyConnectListener - Using new Channel '[id: 0x9bd1e2bc, L:/127.0.0.1:56458 - R:localhost/127.0.0.1:56450]' for 'GET' to '/json/version'
19:54:49.149 [AsyncHttpClient-1-15] DEBUG org.asynchttpclient.netty.handler.HttpHandler - 

Request DefaultFullHttpRequest(decodeResult: success, version: HTTP/1.1, content: EmptyByteBufBE)
GET /json/version HTTP/1.1
User-Agent: selenium/4.8.1 (java windows)
host: localhost:56450
accept: */*

Response DefaultHttpResponse(decodeResult: success, version: HTTP/1.1)
HTTP/1.1 200 OK
Content-Security-Policy: frame-ancestors 'none'
Content-Length: 424
Content-Type: application/json; charset=UTF-8

19:54:49.149 [AsyncHttpClient-1-15] DEBUG org.asynchttpclient.netty.channel.ChannelManager - Adding key: http://localhost:56450 for channel [id: 0x9bd1e2bc, L:/127.0.0.1:56458 - R:localhost/127.0.0.1:56450]
19:54:49.152 [AsyncHttpClient-1-16] DEBUG org.asynchttpclient.netty.channel.NettyConnectListener - Using new Channel '[id: 0xd22d8ee4, L:/127.0.0.1:56459 - R:localhost/127.0.0.1:56450]' for 'GET' to '/devtools/browser/38135de7-7524-4b5a-ad7d-03e3f6d813fc'
19:54:49.154 [AsyncHttpClient-1-16] DEBUG org.asynchttpclient.netty.handler.WebSocketHandler - 

Request DefaultFullHttpRequest(decodeResult: success, version: HTTP/1.1, content: EmptyByteBufBE)
GET /devtools/browser/38135de7-7524-4b5a-ad7d-03e3f6d813fc HTTP/1.1
upgrade: websocket
connection: upgrade
sec-websocket-key: cb1D4x88LOuEFZXfUKJkqg==
sec-websocket-version: 13
origin: http://localhost:56450
host: localhost:56450
accept: */*
user-agent: AHC/2.1

Response DefaultHttpResponse(decodeResult: success, version: HTTP/1.1)
HTTP/1.1 101 WebSocket Protocol Handshake
Upgrade: WebSocket
Connection: Upgrade
Sec-WebSocket-Accept: 7e3qufMqoI1Of0WUa8z3mx1ApdA=

19:54:49.159 [Forwarding get on session 702d8637ca1d3591cbba4c62edb12273 to remote] DEBUG org.asynchttpclient.netty.request.NettyRequestSender - Using pooled Channel '[id: 0x4b2db0b0, L:/127.0.0.1:56449 - R:localhost/127.0.0.1:26622]' for 'POST' to 'http://localhost:26622/session/702d8637ca1d3591cbba4c62edb12273/url'
19:54:49.159 [Forwarding get on session 702d8637ca1d3591cbba4c62edb12273 to remote] DEBUG org.asynchttpclient.netty.request.NettyRequestSender - Using open Channel [id: 0x4b2db0b0, L:/127.0.0.1:56449 - R:localhost/127.0.0.1:26622] for POST '/session/702d8637ca1d3591cbba4c62edb12273/url'
19:54:49.625 [AsyncHttpClient-1-14] DEBUG org.asynchttpclient.netty.handler.HttpHandler - 

Request DefaultHttpRequest(decodeResult: success, version: HTTP/1.1)
POST /session/702d8637ca1d3591cbba4c62edb12273/url HTTP/1.1
User-Agent: selenium/4.8.1 (java windows)
Content-Length: 56
Content-Type: application/json; charset=utf-8
host: localhost:26622
accept: */*

Response DefaultHttpResponse(decodeResult: success, version: HTTP/1.1)
HTTP/1.1 200 OK
Content-Length: 14
Content-Type: application/json; charset=utf-8
cache-control: no-cache

19:54:49.625 [AsyncHttpClient-1-14] DEBUG org.asynchttpclient.netty.channel.ChannelManager - Adding key: http://localhost:26622 for channel [id: 0x4b2db0b0, L:/127.0.0.1:56449 - R:localhost/127.0.0.1:26622]
19:54:49.628 [Forwarding setTimeout on session 702d8637ca1d3591cbba4c62edb12273 to remote] DEBUG org.asynchttpclient.netty.request.NettyRequestSender - Using pooled Channel '[id: 0x4b2db0b0, L:/127.0.0.1:56449 - R:localhost/127.0.0.1:26622]' for 'POST' to 'http://localhost:26622/session/702d8637ca1d3591cbba4c62edb12273/timeouts'
19:54:49.628 [Forwarding setTimeout on session 702d8637ca1d3591cbba4c62edb12273 to remote] DEBUG org.asynchttpclient.netty.request.NettyRequestSender - Using open Channel [id: 0x4b2db0b0, L:/127.0.0.1:56449 - R:localhost/127.0.0.1:26622] for POST '/session/702d8637ca1d3591cbba4c62edb12273/timeouts'
19:54:49.629 [AsyncHttpClient-1-14] DEBUG org.asynchttpclient.netty.handler.HttpHandler - 

Request DefaultHttpRequest(decodeResult: success, version: HTTP/1.1)
POST /session/702d8637ca1d3591cbba4c62edb12273/timeouts HTTP/1.1
User-Agent: selenium/4.8.1 (java windows)
Content-Length: 22
Content-Type: application/json; charset=utf-8
host: localhost:26622
accept: */*

Response DefaultHttpResponse(decodeResult: success, version: HTTP/1.1)
HTTP/1.1 200 OK
Content-Length: 14
Content-Type: application/json; charset=utf-8
cache-control: no-cache

19:54:49.629 [AsyncHttpClient-1-14] DEBUG org.asynchttpclient.netty.channel.ChannelManager - Adding key: http://localhost:26622 for channel [id: 0x4b2db0b0, L:/127.0.0.1:56449 - R:localhost/127.0.0.1:26622]
19:54:49.640 [Forwarding getAlertText on session 702d8637ca1d3591cbba4c62edb12273 to remote] DEBUG org.asynchttpclient.netty.request.NettyRequestSender - Using pooled Channel '[id: 0x4b2db0b0, L:/127.0.0.1:56449 - R:localhost/127.0.0.1:26622]' for 'GET' to 'http://localhost:26622/session/702d8637ca1d3591cbba4c62edb12273/alert/text'
19:54:49.640 [Forwarding getAlertText on session 702d8637ca1d3591cbba4c62edb12273 to remote] DEBUG org.asynchttpclient.netty.request.NettyRequestSender - Using open Channel [id: 0x4b2db0b0, L:/127.0.0.1:56449 - R:localhost/127.0.0.1:26622] for GET '/session/702d8637ca1d3591cbba4c62edb12273/alert/text'
19:54:49.644 [AsyncHttpClient-1-14] DEBUG org.asynchttpclient.netty.handler.HttpHandler - 

Request DefaultFullHttpRequest(decodeResult: success, version: HTTP/1.1, content: EmptyByteBufBE)
GET /session/702d8637ca1d3591cbba4c62edb12273/alert/text HTTP/1.1
User-Agent: selenium/4.8.1 (java windows)
Cache-Control: no-cache
Content-Type: application/json; charset=utf-8
host: localhost:26622
accept: */*

Response DefaultHttpResponse(decodeResult: success, version: HTTP/1.1)
HTTP/1.1 404 Not Found
Content-Length: 816
Content-Type: application/json; charset=utf-8
cache-control: no-cache

19:54:49.644 [AsyncHttpClient-1-14] DEBUG org.asynchttpclient.netty.channel.ChannelManager - Adding key: http://localhost:26622 for channel [id: 0x4b2db0b0, L:/127.0.0.1:56449 - R:localhost/127.0.0.1:26622]
19:54:49.646 [Forwarding getCurrentUrl on session 702d8637ca1d3591cbba4c62edb12273 to remote] DEBUG org.asynchttpclient.netty.request.NettyRequestSender - Using pooled Channel '[id: 0x4b2db0b0, L:/127.0.0.1:56449 - R:localhost/127.0.0.1:26622]' for 'GET' to 'http://localhost:26622/session/702d8637ca1d3591cbba4c62edb12273/url'
19:54:49.646 [Forwarding getCurrentUrl on session 702d8637ca1d3591cbba4c62edb12273 to remote] DEBUG org.asynchttpclient.netty.request.NettyRequestSender - Using open Channel [id: 0x4b2db0b0, L:/127.0.0.1:56449 - R:localhost/127.0.0.1:26622] for GET '/session/702d8637ca1d3591cbba4c62edb12273/url'
19:54:49.652 [AsyncHttpClient-1-14] DEBUG org.asynchttpclient.netty.handler.HttpHandler - 

Request DefaultFullHttpRequest(decodeResult: success, version: HTTP/1.1, content: EmptyByteBufBE)
GET /session/702d8637ca1d3591cbba4c62edb12273/url HTTP/1.1
User-Agent: selenium/4.8.1 (java windows)
Cache-Control: no-cache
Content-Type: application/json; charset=utf-8
host: localhost:26622
accept: */*

Response DefaultHttpResponse(decodeResult: success, version: HTTP/1.1)
HTTP/1.1 200 OK
Content-Length: 38
Content-Type: application/json; charset=utf-8
cache-control: no-cache

19:54:49.652 [AsyncHttpClient-1-14] DEBUG org.asynchttpclient.netty.channel.ChannelManager - Adding key: http://localhost:26622 for channel [id: 0x4b2db0b0, L:/127.0.0.1:56449 - R:localhost/127.0.0.1:26622]
19:54:49.654 [Forwarding screenshot on session 702d8637ca1d3591cbba4c62edb12273 to remote] DEBUG org.asynchttpclient.netty.request.NettyRequestSender - Using pooled Channel '[id: 0x4b2db0b0, L:/127.0.0.1:56449 - R:localhost/127.0.0.1:26622]' for 'GET' to 'http://localhost:26622/session/702d8637ca1d3591cbba4c62edb12273/screenshot'
19:54:49.655 [Forwarding screenshot on session 702d8637ca1d3591cbba4c62edb12273 to remote] DEBUG org.asynchttpclient.netty.request.NettyRequestSender - Using open Channel [id: 0x4b2db0b0, L:/127.0.0.1:56449 - R:localhost/127.0.0.1:26622] for GET '/session/702d8637ca1d3591cbba4c62edb12273/screenshot'
19:54:49.813 [AsyncHttpClient-1-14] DEBUG org.asynchttpclient.netty.handler.HttpHandler - 

Request DefaultFullHttpRequest(decodeResult: success, version: HTTP/1.1, content: EmptyByteBufBE)
GET /session/702d8637ca1d3591cbba4c62edb12273/screenshot HTTP/1.1
User-Agent: selenium/4.8.1 (java windows)
Cache-Control: no-cache
Content-Type: application/json; charset=utf-8
host: localhost:26622
accept: */*

Response DefaultHttpResponse(decodeResult: success, version: HTTP/1.1)
HTTP/1.1 200 OK
Content-Length: 58480
Content-Type: application/json; charset=utf-8
cache-control: no-cache

19:54:49.813 [AsyncHttpClient-1-14] DEBUG org.asynchttpclient.netty.channel.ChannelManager - Adding key: http://localhost:26622 for channel [id: 0x4b2db0b0, L:/127.0.0.1:56449 - R:localhost/127.0.0.1:26622]
19:54:49.815 [main] DEBUG net.serenitybdd.core.photography.Darkroom - Send negative for processing for target\site\serenity\cb92d98072c3b75a83324d609d10345ba9940c54df6d644def90c13c11b006db.png
19:54:49.817 [Forwarding getPageSource on session 702d8637ca1d3591cbba4c62edb12273 to remote] DEBUG org.asynchttpclient.netty.request.NettyRequestSender - Using pooled Channel '[id: 0x4b2db0b0, L:/127.0.0.1:56449 - R:localhost/127.0.0.1:26622]' for 'POST' to 'http://localhost:26622/session/702d8637ca1d3591cbba4c62edb12273/execute/sync'
19:54:49.817 [Forwarding getPageSource on session 702d8637ca1d3591cbba4c62edb12273 to remote] DEBUG org.asynchttpclient.netty.request.NettyRequestSender - Using open Channel [id: 0x4b2db0b0, L:/127.0.0.1:56449 - R:localhost/127.0.0.1:26622] for POST '/session/702d8637ca1d3591cbba4c62edb12273/execute/sync'
19:54:49.823 [AsyncHttpClient-1-14] DEBUG org.asynchttpclient.netty.handler.HttpHandler - 

Request DefaultHttpRequest(decodeResult: success, version: HTTP/1.1)
POST /session/702d8637ca1d3591cbba4c62edb12273/execute/sync HTTP/1.1
User-Agent: selenium/4.8.1 (java windows)
Content-Length: 176
Content-Type: application/json; charset=utf-8
host: localhost:26622
accept: */*

Response DefaultHttpResponse(decodeResult: success, version: HTTP/1.1)
HTTP/1.1 200 OK
Content-Length: 4286
Content-Type: application/json; charset=utf-8
cache-control: no-cache

19:54:49.823 [AsyncHttpClient-1-14] DEBUG org.asynchttpclient.netty.channel.ChannelManager - Adding key: http://localhost:26622 for channel [id: 0x4b2db0b0, L:/127.0.0.1:56449 - R:localhost/127.0.0.1:26622]
19:54:49.824 [Forwarding getCurrentUrl on session 702d8637ca1d3591cbba4c62edb12273 to remote] DEBUG org.asynchttpclient.netty.request.NettyRequestSender - Using pooled Channel '[id: 0x4b2db0b0, L:/127.0.0.1:56449 - R:localhost/127.0.0.1:26622]' for 'GET' to 'http://localhost:26622/session/702d8637ca1d3591cbba4c62edb12273/url'
19:54:49.824 [Forwarding getCurrentUrl on session 702d8637ca1d3591cbba4c62edb12273 to remote] DEBUG org.asynchttpclient.netty.request.NettyRequestSender - Using open Channel [id: 0x4b2db0b0, L:/127.0.0.1:56449 - R:localhost/127.0.0.1:26622] for GET '/session/702d8637ca1d3591cbba4c62edb12273/url'
19:54:49.828 [AsyncHttpClient-1-14] DEBUG org.asynchttpclient.netty.handler.HttpHandler - 

Request DefaultFullHttpRequest(decodeResult: success, version: HTTP/1.1, content: EmptyByteBufBE)
GET /session/702d8637ca1d3591cbba4c62edb12273/url HTTP/1.1
User-Agent: selenium/4.8.1 (java windows)
Cache-Control: no-cache
Content-Type: application/json; charset=utf-8
host: localhost:26622
accept: */*

Response DefaultHttpResponse(decodeResult: success, version: HTTP/1.1)
HTTP/1.1 200 OK
Content-Length: 38
Content-Type: application/json; charset=utf-8
cache-control: no-cache

19:54:49.829 [AsyncHttpClient-1-14] DEBUG org.asynchttpclient.netty.channel.ChannelManager - Adding key: http://localhost:26622 for channel [id: 0x4b2db0b0, L:/127.0.0.1:56449 - R:localhost/127.0.0.1:26622]
19:54:49.832 [main] DEBUG net.thucydides.core.steps.StepInterceptor - STARTING STEP: LoginSteps.onTheLoginPage - validateOnTheLoginPage
19:54:49.834 [Forwarding findElement on session 702d8637ca1d3591cbba4c62edb12273 to remote] DEBUG org.asynchttpclient.netty.request.NettyRequestSender - Using pooled Channel '[id: 0x4b2db0b0, L:/127.0.0.1:56449 - R:localhost/127.0.0.1:26622]' for 'POST' to 'http://localhost:26622/session/702d8637ca1d3591cbba4c62edb12273/element'
19:54:49.834 [Forwarding findElement on session 702d8637ca1d3591cbba4c62edb12273 to remote] DEBUG org.asynchttpclient.netty.request.NettyRequestSender - Using open Channel [id: 0x4b2db0b0, L:/127.0.0.1:56449 - R:localhost/127.0.0.1:26622] for POST '/session/702d8637ca1d3591cbba4c62edb12273/element'
19:54:49.846 [AsyncHttpClient-1-14] DEBUG org.asynchttpclient.netty.handler.HttpHandler - 

Request DefaultHttpRequest(decodeResult: success, version: HTTP/1.1)
POST /session/702d8637ca1d3591cbba4c62edb12273/element HTTP/1.1
User-Agent: selenium/4.8.1 (java windows)
Content-Length: 59
Content-Type: application/json; charset=utf-8
host: localhost:26622
accept: */*

Response DefaultHttpResponse(decodeResult: success, version: HTTP/1.1)
HTTP/1.1 200 OK
Content-Length: 88
Content-Type: application/json; charset=utf-8
cache-control: no-cache

19:54:49.846 [AsyncHttpClient-1-14] DEBUG org.asynchttpclient.netty.channel.ChannelManager - Adding key: http://localhost:26622 for channel [id: 0x4b2db0b0, L:/127.0.0.1:56449 - R:localhost/127.0.0.1:26622]
19:54:49.849 [Forwarding isElementDisplayed on session 702d8637ca1d3591cbba4c62edb12273 to remote] DEBUG org.asynchttpclient.netty.request.NettyRequestSender - Using pooled Channel '[id: 0x4b2db0b0, L:/127.0.0.1:56449 - R:localhost/127.0.0.1:26622]' for 'POST' to 'http://localhost:26622/session/702d8637ca1d3591cbba4c62edb12273/execute/sync'
19:54:49.849 [Forwarding isElementDisplayed on session 702d8637ca1d3591cbba4c62edb12273 to remote] DEBUG org.asynchttpclient.netty.request.NettyRequestSender - Using open Channel [id: 0x4b2db0b0, L:/127.0.0.1:56449 - R:localhost/127.0.0.1:26622] for POST '/session/702d8637ca1d3591cbba4c62edb12273/execute/sync'
19:54:49.865 [AsyncHttpClient-1-14] DEBUG org.asynchttpclient.netty.handler.HttpHandler - 

Request DefaultHttpRequest(decodeResult: success, version: HTTP/1.1)
POST /session/702d8637ca1d3591cbba4c62edb12273/execute/sync HTTP/1.1
User-Agent: selenium/4.8.1 (java windows)
Content-Length: 48807
Content-Type: application/json; charset=utf-8
host: localhost:26622
accept: */*

Response DefaultHttpResponse(decodeResult: success, version: HTTP/1.1)
HTTP/1.1 200 OK
Content-Length: 14
Content-Type: application/json; charset=utf-8
cache-control: no-cache

19:54:49.866 [AsyncHttpClient-1-14] DEBUG org.asynchttpclient.netty.channel.ChannelManager - Adding key: http://localhost:26622 for channel [id: 0x4b2db0b0, L:/127.0.0.1:56449 - R:localhost/127.0.0.1:26622]
19:54:49.871 [Forwarding getAlertText on session 702d8637ca1d3591cbba4c62edb12273 to remote] DEBUG org.asynchttpclient.netty.request.NettyRequestSender - Using pooled Channel '[id: 0x4b2db0b0, L:/127.0.0.1:56449 - R:localhost/127.0.0.1:26622]' for 'GET' to 'http://localhost:26622/session/702d8637ca1d3591cbba4c62edb12273/alert/text'
19:54:49.871 [Forwarding getAlertText on session 702d8637ca1d3591cbba4c62edb12273 to remote] DEBUG org.asynchttpclient.netty.request.NettyRequestSender - Using open Channel [id: 0x4b2db0b0, L:/127.0.0.1:56449 - R:localhost/127.0.0.1:26622] for GET '/session/702d8637ca1d3591cbba4c62edb12273/alert/text'
19:54:49.873 [AsyncHttpClient-1-14] DEBUG org.asynchttpclient.netty.handler.HttpHandler - 

Request DefaultFullHttpRequest(decodeResult: success, version: HTTP/1.1, content: EmptyByteBufBE)
GET /session/702d8637ca1d3591cbba4c62edb12273/alert/text HTTP/1.1
User-Agent: selenium/4.8.1 (java windows)
Cache-Control: no-cache
Content-Type: application/json; charset=utf-8
host: localhost:26622
accept: */*

Response DefaultHttpResponse(decodeResult: success, version: HTTP/1.1)
HTTP/1.1 404 Not Found
Content-Length: 816
Content-Type: application/json; charset=utf-8
cache-control: no-cache

19:54:49.873 [AsyncHttpClient-1-14] DEBUG org.asynchttpclient.netty.channel.ChannelManager - Adding key: http://localhost:26622 for channel [id: 0x4b2db0b0, L:/127.0.0.1:56449 - R:localhost/127.0.0.1:26622]
19:54:49.875 [Forwarding getCurrentUrl on session 702d8637ca1d3591cbba4c62edb12273 to remote] DEBUG org.asynchttpclient.netty.request.NettyRequestSender - Using pooled Channel '[id: 0x4b2db0b0, L:/127.0.0.1:56449 - R:localhost/127.0.0.1:26622]' for 'GET' to 'http://localhost:26622/session/702d8637ca1d3591cbba4c62edb12273/url'
19:54:49.875 [Forwarding getCurrentUrl on session 702d8637ca1d3591cbba4c62edb12273 to remote] DEBUG org.asynchttpclient.netty.request.NettyRequestSender - Using open Channel [id: 0x4b2db0b0, L:/127.0.0.1:56449 - R:localhost/127.0.0.1:26622] for GET '/session/702d8637ca1d3591cbba4c62edb12273/url'
19:54:49.877 [AsyncHttpClient-1-14] DEBUG org.asynchttpclient.netty.handler.HttpHandler - 

Request DefaultFullHttpRequest(decodeResult: success, version: HTTP/1.1, content: EmptyByteBufBE)
GET /session/702d8637ca1d3591cbba4c62edb12273/url HTTP/1.1
User-Agent: selenium/4.8.1 (java windows)
Cache-Control: no-cache
Content-Type: application/json; charset=utf-8
host: localhost:26622
accept: */*

Response DefaultHttpResponse(decodeResult: success, version: HTTP/1.1)
HTTP/1.1 200 OK
Content-Length: 38
Content-Type: application/json; charset=utf-8
cache-control: no-cache

19:54:49.878 [AsyncHttpClient-1-14] DEBUG org.asynchttpclient.netty.channel.ChannelManager - Adding key: http://localhost:26622 for channel [id: 0x4b2db0b0, L:/127.0.0.1:56449 - R:localhost/127.0.0.1:26622]
19:54:49.878 [Forwarding screenshot on session 702d8637ca1d3591cbba4c62edb12273 to remote] DEBUG org.asynchttpclient.netty.request.NettyRequestSender - Using pooled Channel '[id: 0x4b2db0b0, L:/127.0.0.1:56449 - R:localhost/127.0.0.1:26622]' for 'GET' to 'http://localhost:26622/session/702d8637ca1d3591cbba4c62edb12273/screenshot'
19:54:49.878 [Forwarding screenshot on session 702d8637ca1d3591cbba4c62edb12273 to remote] DEBUG org.asynchttpclient.netty.request.NettyRequestSender - Using open Channel [id: 0x4b2db0b0, L:/127.0.0.1:56449 - R:localhost/127.0.0.1:26622] for GET '/session/702d8637ca1d3591cbba4c62edb12273/screenshot'
19:54:49.907 [AsyncHttpClient-1-1] DEBUG org.asynchttpclient.netty.channel.DefaultChannelPool - Entry count for : http://localhost:56450 : 1
19:54:50.018 [AsyncHttpClient-1-14] DEBUG org.asynchttpclient.netty.handler.HttpHandler - 

Request DefaultFullHttpRequest(decodeResult: success, version: HTTP/1.1, content: EmptyByteBufBE)
GET /session/702d8637ca1d3591cbba4c62edb12273/screenshot HTTP/1.1
User-Agent: selenium/4.8.1 (java windows)
Cache-Control: no-cache
Content-Type: application/json; charset=utf-8
host: localhost:26622
accept: */*

Response DefaultHttpResponse(decodeResult: success, version: HTTP/1.1)
HTTP/1.1 200 OK
Content-Length: 58480
Content-Type: application/json; charset=utf-8
cache-control: no-cache

19:54:50.018 [AsyncHttpClient-1-14] DEBUG org.asynchttpclient.netty.channel.ChannelManager - Adding key: http://localhost:26622 for channel [id: 0x4b2db0b0, L:/127.0.0.1:56449 - R:localhost/127.0.0.1:26622]
19:54:50.020 [main] DEBUG net.serenitybdd.core.photography.Darkroom - Send negative for processing for target\site\serenity\cb92d98072c3b75a83324d609d10345ba9940c54df6d644def90c13c11b006db.png
19:54:50.021 [main] DEBUG net.thucydides.core.steps.StepInterceptor - STEP DONE: validateOnTheLoginPage
  &amp#27;[32mGiven &amp#27;[0m&amp#27;[32mI am on the login page&amp#27;[0m                                      &amp#27;[90m# starter.stepDefinitions.LoginSteps.onTheLoginPage()&amp#27;[0m
19:54:50.032 [Forwarding getPageSource on session 702d8637ca1d3591cbba4c62edb12273 to remote] DEBUG org.asynchttpclient.netty.request.NettyRequestSender - Using pooled Channel '[id: 0x4b2db0b0, L:/127.0.0.1:56449 - R:localhost/127.0.0.1:26622]' for 'POST' to 'http://localhost:26622/session/702d8637ca1d3591cbba4c62edb12273/execute/sync'
19:54:50.032 [Forwarding getPageSource on session 702d8637ca1d3591cbba4c62edb12273 to remote] DEBUG org.asynchttpclient.netty.request.NettyRequestSender - Using open Channel [id: 0x4b2db0b0, L:/127.0.0.1:56449 - R:localhost/127.0.0.1:26622] for POST '/session/702d8637ca1d3591cbba4c62edb12273/execute/sync'
19:54:50.036 [AsyncHttpClient-1-14] DEBUG org.asynchttpclient.netty.handler.HttpHandler - 

Request DefaultHttpRequest(decodeResult: success, version: HTTP/1.1)
POST /session/702d8637ca1d3591cbba4c62edb12273/execute/sync HTTP/1.1
User-Agent: selenium/4.8.1 (java windows)
Content-Length: 176
Content-Type: application/json; charset=utf-8
host: localhost:26622
accept: */*

Response DefaultHttpResponse(decodeResult: success, version: HTTP/1.1)
HTTP/1.1 200 OK
Content-Length: 4286
Content-Type: application/json; charset=utf-8
cache-control: no-cache

19:54:50.036 [AsyncHttpClient-1-14] DEBUG org.asynchttpclient.netty.channel.ChannelManager - Adding key: http://localhost:26622 for channel [id: 0x4b2db0b0, L:/127.0.0.1:56449 - R:localhost/127.0.0.1:26622]
19:54:50.038 [Forwarding getCurrentUrl on session 702d8637ca1d3591cbba4c62edb12273 to remote] DEBUG org.asynchttpclient.netty.request.NettyRequestSender - Using pooled Channel '[id: 0x4b2db0b0, L:/127.0.0.1:56449 - R:localhost/127.0.0.1:26622]' for 'GET' to 'http://localhost:26622/session/702d8637ca1d3591cbba4c62edb12273/url'
19:54:50.038 [Forwarding getCurrentUrl on session 702d8637ca1d3591cbba4c62edb12273 to remote] DEBUG org.asynchttpclient.netty.request.NettyRequestSender - Using open Channel [id: 0x4b2db0b0, L:/127.0.0.1:56449 - R:localhost/127.0.0.1:26622] for GET '/session/702d8637ca1d3591cbba4c62edb12273/url'
19:54:50.041 [AsyncHttpClient-1-14] DEBUG org.asynchttpclient.netty.handler.HttpHandler - 

Request DefaultFullHttpRequest(decodeResult: success, version: HTTP/1.1, content: EmptyByteBufBE)
GET /session/702d8637ca1d3591cbba4c62edb12273/url HTTP/1.1
User-Agent: selenium/4.8.1 (java windows)
Cache-Control: no-cache
Content-Type: application/json; charset=utf-8
host: localhost:26622
accept: */*

Response DefaultHttpResponse(decodeResult: success, version: HTTP/1.1)
HTTP/1.1 200 OK
Content-Length: 38
Content-Type: application/json; charset=utf-8
cache-control: no-cache

19:54:50.041 [AsyncHttpClient-1-14] DEBUG org.asynchttpclient.netty.channel.ChannelManager - Adding key: http://localhost:26622 for channel [id: 0x4b2db0b0, L:/127.0.0.1:56449 - R:localhost/127.0.0.1:26622]
19:54:50.051 [Forwarding getPageSource on session 702d8637ca1d3591cbba4c62edb12273 to remote] DEBUG org.asynchttpclient.netty.request.NettyRequestSender - Using pooled Channel '[id: 0x4b2db0b0, L:/127.0.0.1:56449 - R:localhost/127.0.0.1:26622]' for 'POST' to 'http://localhost:26622/session/702d8637ca1d3591cbba4c62edb12273/execute/sync'
19:54:50.051 [Forwarding getPageSource on session 702d8637ca1d3591cbba4c62edb12273 to remote] DEBUG org.asynchttpclient.netty.request.NettyRequestSender - Using open Channel [id: 0x4b2db0b0, L:/127.0.0.1:56449 - R:localhost/127.0.0.1:26622] for POST '/session/702d8637ca1d3591cbba4c62edb12273/execute/sync'
19:54:50.055 [AsyncHttpClient-1-14] DEBUG org.asynchttpclient.netty.handler.HttpHandler - 

Request DefaultHttpRequest(decodeResult: success, version: HTTP/1.1)
POST /session/702d8637ca1d3591cbba4c62edb12273/execute/sync HTTP/1.1
User-Agent: selenium/4.8.1 (java windows)
Content-Length: 176
Content-Type: application/json; charset=utf-8
host: localhost:26622
accept: */*

Response DefaultHttpResponse(decodeResult: success, version: HTTP/1.1)
HTTP/1.1 200 OK
Content-Length: 4286
Content-Type: application/json; charset=utf-8
cache-control: no-cache

19:54:50.055 [AsyncHttpClient-1-14] DEBUG org.asynchttpclient.netty.channel.ChannelManager - Adding key: http://localhost:26622 for channel [id: 0x4b2db0b0, L:/127.0.0.1:56449 - R:localhost/127.0.0.1:26622]
19:54:50.055 [Forwarding getCurrentUrl on session 702d8637ca1d3591cbba4c62edb12273 to remote] DEBUG org.asynchttpclient.netty.request.NettyRequestSender - Using pooled Channel '[id: 0x4b2db0b0, L:/127.0.0.1:56449 - R:localhost/127.0.0.1:26622]' for 'GET' to 'http://localhost:26622/session/702d8637ca1d3591cbba4c62edb12273/url'
19:54:50.055 [Forwarding getCurrentUrl on session 702d8637ca1d3591cbba4c62edb12273 to remote] DEBUG org.asynchttpclient.netty.request.NettyRequestSender - Using open Channel [id: 0x4b2db0b0, L:/127.0.0.1:56449 - R:localhost/127.0.0.1:26622] for GET '/session/702d8637ca1d3591cbba4c62edb12273/url'
19:54:50.059 [AsyncHttpClient-1-14] DEBUG org.asynchttpclient.netty.handler.HttpHandler - 

Request DefaultFullHttpRequest(decodeResult: success, version: HTTP/1.1, content: EmptyByteBufBE)
GET /session/702d8637ca1d3591cbba4c62edb12273/url HTTP/1.1
User-Agent: selenium/4.8.1 (java windows)
Cache-Control: no-cache
Content-Type: application/json; charset=utf-8
host: localhost:26622
accept: */*

Response DefaultHttpResponse(decodeResult: success, version: HTTP/1.1)
HTTP/1.1 200 OK
Content-Length: 38
Content-Type: application/json; charset=utf-8
cache-control: no-cache

19:54:50.059 [AsyncHttpClient-1-14] DEBUG org.asynchttpclient.netty.channel.ChannelManager - Adding key: http://localhost:26622 for channel [id: 0x4b2db0b0, L:/127.0.0.1:56449 - R:localhost/127.0.0.1:26622]
19:54:50.061 [main] DEBUG net.thucydides.core.steps.StepInterceptor - STARTING STEP: LoginSteps.doEnterUsername - inputUsername
19:54:50.063 [Forwarding findElement on session 702d8637ca1d3591cbba4c62edb12273 to remote] DEBUG org.asynchttpclient.netty.request.NettyRequestSender - Using pooled Channel '[id: 0x4b2db0b0, L:/127.0.0.1:56449 - R:localhost/127.0.0.1:26622]' for 'POST' to 'http://localhost:26622/session/702d8637ca1d3591cbba4c62edb12273/element'
19:54:50.063 [Forwarding findElement on session 702d8637ca1d3591cbba4c62edb12273 to remote] DEBUG org.asynchttpclient.netty.request.NettyRequestSender - Using open Channel [id: 0x4b2db0b0, L:/127.0.0.1:56449 - R:localhost/127.0.0.1:26622] for POST '/session/702d8637ca1d3591cbba4c62edb12273/element'
19:54:50.075 [AsyncHttpClient-1-14] DEBUG org.asynchttpclient.netty.handler.HttpHandler - 

Request DefaultHttpRequest(decodeResult: success, version: HTTP/1.1)
POST /session/702d8637ca1d3591cbba4c62edb12273/element HTTP/1.1
User-Agent: selenium/4.8.1 (java windows)
Content-Length: 56
Content-Type: application/json; charset=utf-8
host: localhost:26622
accept: */*

Response DefaultHttpResponse(decodeResult: success, version: HTTP/1.1)
HTTP/1.1 200 OK
Content-Length: 88
Content-Type: application/json; charset=utf-8
cache-control: no-cache

19:54:50.075 [AsyncHttpClient-1-14] DEBUG org.asynchttpclient.netty.channel.ChannelManager - Adding key: http://localhost:26622 for channel [id: 0x4b2db0b0, L:/127.0.0.1:56449 - R:localhost/127.0.0.1:26622]
19:54:50.077 [Forwarding clearElement on session 702d8637ca1d3591cbba4c62edb12273 to remote] DEBUG org.asynchttpclient.netty.request.NettyRequestSender - Using pooled Channel '[id: 0x4b2db0b0, L:/127.0.0.1:56449 - R:localhost/127.0.0.1:26622]' for 'POST' to 'http://localhost:26622/session/702d8637ca1d3591cbba4c62edb12273/element/b944e825-9780-4d7d-81be-893987a7708a/clear'
19:54:50.077 [Forwarding clearElement on session 702d8637ca1d3591cbba4c62edb12273 to remote] DEBUG org.asynchttpclient.netty.request.NettyRequestSender - Using open Channel [id: 0x4b2db0b0, L:/127.0.0.1:56449 - R:localhost/127.0.0.1:26622] for POST '/session/702d8637ca1d3591cbba4c62edb12273/element/b944e825-9780-4d7d-81be-893987a7708a/clear'
19:54:50.113 [AsyncHttpClient-1-14] DEBUG org.asynchttpclient.netty.handler.HttpHandler - 

Request DefaultHttpRequest(decodeResult: success, version: HTTP/1.1)
POST /session/702d8637ca1d3591cbba4c62edb12273/element/b944e825-9780-4d7d-81be-893987a7708a/clear HTTP/1.1
User-Agent: selenium/4.8.1 (java windows)
Content-Length: 50
Content-Type: application/json; charset=utf-8
host: localhost:26622
accept: */*

Response DefaultHttpResponse(decodeResult: success, version: HTTP/1.1)
HTTP/1.1 200 OK
Content-Length: 14
Content-Type: application/json; charset=utf-8
cache-control: no-cache

19:54:50.113 [AsyncHttpClient-1-14] DEBUG org.asynchttpclient.netty.channel.ChannelManager - Adding key: http://localhost:26622 for channel [id: 0x4b2db0b0, L:/127.0.0.1:56449 - R:localhost/127.0.0.1:26622]
19:54:50.115 [Forwarding sendKeysToElement on session 702d8637ca1d3591cbba4c62edb12273 to remote] DEBUG org.asynchttpclient.netty.request.NettyRequestSender - Using pooled Channel '[id: 0x4b2db0b0, L:/127.0.0.1:56449 - R:localhost/127.0.0.1:26622]' for 'POST' to 'http://localhost:26622/session/702d8637ca1d3591cbba4c62edb12273/element/b944e825-9780-4d7d-81be-893987a7708a/value'
19:54:50.115 [Forwarding sendKeysToElement on session 702d8637ca1d3591cbba4c62edb12273 to remote] DEBUG org.asynchttpclient.netty.request.NettyRequestSender - Using open Channel [id: 0x4b2db0b0, L:/127.0.0.1:56449 - R:localhost/127.0.0.1:26622] for POST '/session/702d8637ca1d3591cbba4c62edb12273/element/b944e825-9780-4d7d-81be-893987a7708a/value'
19:54:50.187 [AsyncHttpClient-1-14] DEBUG org.asynchttpclient.netty.handler.HttpHandler - 

Request DefaultHttpRequest(decodeResult: success, version: HTTP/1.1)
POST /session/702d8637ca1d3591cbba4c62edb12273/element/b944e825-9780-4d7d-81be-893987a7708a/value HTTP/1.1
User-Agent: selenium/4.8.1 (java windows)
Content-Length: 211
Content-Type: application/json; charset=utf-8
host: localhost:26622
accept: */*

Response DefaultHttpResponse(decodeResult: success, version: HTTP/1.1)
HTTP/1.1 200 OK
Content-Length: 14
Content-Type: application/json; charset=utf-8
cache-control: no-cache

19:54:50.188 [AsyncHttpClient-1-14] DEBUG org.asynchttpclient.netty.channel.ChannelManager - Adding key: http://localhost:26622 for channel [id: 0x4b2db0b0, L:/127.0.0.1:56449 - R:localhost/127.0.0.1:26622]
19:54:50.193 [Forwarding getAlertText on session 702d8637ca1d3591cbba4c62edb12273 to remote] DEBUG org.asynchttpclient.netty.request.NettyRequestSender - Using pooled Channel '[id: 0x4b2db0b0, L:/127.0.0.1:56449 - R:localhost/127.0.0.1:26622]' for 'GET' to 'http://localhost:26622/session/702d8637ca1d3591cbba4c62edb12273/alert/text'
19:54:50.193 [Forwarding getAlertText on session 702d8637ca1d3591cbba4c62edb12273 to remote] DEBUG org.asynchttpclient.netty.request.NettyRequestSender - Using open Channel [id: 0x4b2db0b0, L:/127.0.0.1:56449 - R:localhost/127.0.0.1:26622] for GET '/session/702d8637ca1d3591cbba4c62edb12273/alert/text'
19:54:50.195 [AsyncHttpClient-1-14] DEBUG org.asynchttpclient.netty.handler.HttpHandler - 

Request DefaultFullHttpRequest(decodeResult: success, version: HTTP/1.1, content: EmptyByteBufBE)
GET /session/702d8637ca1d3591cbba4c62edb12273/alert/text HTTP/1.1
User-Agent: selenium/4.8.1 (java windows)
Cache-Control: no-cache
Content-Type: application/json; charset=utf-8
host: localhost:26622
accept: */*

Response DefaultHttpResponse(decodeResult: success, version: HTTP/1.1)
HTTP/1.1 404 Not Found
Content-Length: 816
Content-Type: application/json; charset=utf-8
cache-control: no-cache

19:54:50.195 [AsyncHttpClient-1-14] DEBUG org.asynchttpclient.netty.channel.ChannelManager - Adding key: http://localhost:26622 for channel [id: 0x4b2db0b0, L:/127.0.0.1:56449 - R:localhost/127.0.0.1:26622]
19:54:50.196 [Forwarding getCurrentUrl on session 702d8637ca1d3591cbba4c62edb12273 to remote] DEBUG org.asynchttpclient.netty.request.NettyRequestSender - Using pooled Channel '[id: 0x4b2db0b0, L:/127.0.0.1:56449 - R:localhost/127.0.0.1:26622]' for 'GET' to 'http://localhost:26622/session/702d8637ca1d3591cbba4c62edb12273/url'
19:54:50.196 [Forwarding getCurrentUrl on session 702d8637ca1d3591cbba4c62edb12273 to remote] DEBUG org.asynchttpclient.netty.request.NettyRequestSender - Using open Channel [id: 0x4b2db0b0, L:/127.0.0.1:56449 - R:localhost/127.0.0.1:26622] for GET '/session/702d8637ca1d3591cbba4c62edb12273/url'
19:54:50.200 [AsyncHttpClient-1-14] DEBUG org.asynchttpclient.netty.handler.HttpHandler - 

Request DefaultFullHttpRequest(decodeResult: success, version: HTTP/1.1, content: EmptyByteBufBE)
GET /session/702d8637ca1d3591cbba4c62edb12273/url HTTP/1.1
User-Agent: selenium/4.8.1 (java windows)
Cache-Control: no-cache
Content-Type: application/json; charset=utf-8
host: localhost:26622
accept: */*

Response DefaultHttpResponse(decodeResult: success, version: HTTP/1.1)
HTTP/1.1 200 OK
Content-Length: 38
Content-Type: application/json; charset=utf-8
cache-control: no-cache

19:54:50.200 [AsyncHttpClient-1-14] DEBUG org.asynchttpclient.netty.channel.ChannelManager - Adding key: http://localhost:26622 for channel [id: 0x4b2db0b0, L:/127.0.0.1:56449 - R:localhost/127.0.0.1:26622]
19:54:50.201 [Forwarding screenshot on session 702d8637ca1d3591cbba4c62edb12273 to remote] DEBUG org.asynchttpclient.netty.request.NettyRequestSender - Using pooled Channel '[id: 0x4b2db0b0, L:/127.0.0.1:56449 - R:localhost/127.0.0.1:26622]' for 'GET' to 'http://localhost:26622/session/702d8637ca1d3591cbba4c62edb12273/screenshot'
19:54:50.201 [Forwarding screenshot on session 702d8637ca1d3591cbba4c62edb12273 to remote] DEBUG org.asynchttpclient.netty.request.NettyRequestSender - Using open Channel [id: 0x4b2db0b0, L:/127.0.0.1:56449 - R:localhost/127.0.0.1:26622] for GET '/session/702d8637ca1d3591cbba4c62edb12273/screenshot'
19:54:50.322 [AsyncHttpClient-1-14] DEBUG org.asynchttpclient.netty.handler.HttpHandler - 

Request DefaultFullHttpRequest(decodeResult: success, version: HTTP/1.1, content: EmptyByteBufBE)
GET /session/702d8637ca1d3591cbba4c62edb12273/screenshot HTTP/1.1
User-Agent: selenium/4.8.1 (java windows)
Cache-Control: no-cache
Content-Type: application/json; charset=utf-8
host: localhost:26622
accept: */*

Response DefaultHttpResponse(decodeResult: success, version: HTTP/1.1)
HTTP/1.1 200 OK
Content-Length: 59376
Content-Type: application/json; charset=utf-8
cache-control: no-cache

19:54:50.322 [AsyncHttpClient-1-14] DEBUG org.asynchttpclient.netty.channel.ChannelManager - Adding key: http://localhost:26622 for channel [id: 0x4b2db0b0, L:/127.0.0.1:56449 - R:localhost/127.0.0.1:26622]
19:54:50.323 [main] DEBUG net.serenitybdd.core.photography.Darkroom - Send negative for processing for target\site\serenity\34df7c2a49013db09874827a64595e6a5db2797a92a71bf1a6ba69e39d9b6283.png
19:54:50.323 [main] DEBUG net.thucydides.core.steps.StepInterceptor - STEP DONE: inputUsername
  &amp#27;[32mWhen &amp#27;[0m&amp#27;[32mI enter username &amp#27;[0m&amp#27;[32m&amp#27;[1m"standard_user"&amp#27;[0m                             &amp#27;[90m# starter.stepDefinitions.LoginSteps.doEnterUsername(java.lang.String)&amp#27;[0m
19:54:50.333 [Forwarding getPageSource on session 702d8637ca1d3591cbba4c62edb12273 to remote] DEBUG org.asynchttpclient.netty.request.NettyRequestSender - Using pooled Channel '[id: 0x4b2db0b0, L:/127.0.0.1:56449 - R:localhost/127.0.0.1:26622]' for 'POST' to 'http://localhost:26622/session/702d8637ca1d3591cbba4c62edb12273/execute/sync'
19:54:50.333 [Forwarding getPageSource on session 702d8637ca1d3591cbba4c62edb12273 to remote] DEBUG org.asynchttpclient.netty.request.NettyRequestSender - Using open Channel [id: 0x4b2db0b0, L:/127.0.0.1:56449 - R:localhost/127.0.0.1:26622] for POST '/session/702d8637ca1d3591cbba4c62edb12273/execute/sync'
19:54:50.337 [AsyncHttpClient-1-14] DEBUG org.asynchttpclient.netty.handler.HttpHandler - 

Request DefaultHttpRequest(decodeResult: success, version: HTTP/1.1)
POST /session/702d8637ca1d3591cbba4c62edb12273/execute/sync HTTP/1.1
User-Agent: selenium/4.8.1 (java windows)
Content-Length: 176
Content-Type: application/json; charset=utf-8
host: localhost:26622
accept: */*

Response DefaultHttpResponse(decodeResult: success, version: HTTP/1.1)
HTTP/1.1 200 OK
Content-Length: 4299
Content-Type: application/json; charset=utf-8
cache-control: no-cache

19:54:50.337 [AsyncHttpClient-1-14] DEBUG org.asynchttpclient.netty.channel.ChannelManager - Adding key: http://localhost:26622 for channel [id: 0x4b2db0b0, L:/127.0.0.1:56449 - R:localhost/127.0.0.1:26622]
19:54:50.337 [Forwarding getCurrentUrl on session 702d8637ca1d3591cbba4c62edb12273 to remote] DEBUG org.asynchttpclient.netty.request.NettyRequestSender - Using pooled Channel '[id: 0x4b2db0b0, L:/127.0.0.1:56449 - R:localhost/127.0.0.1:26622]' for 'GET' to 'http://localhost:26622/session/702d8637ca1d3591cbba4c62edb12273/url'
19:54:50.337 [Forwarding getCurrentUrl on session 702d8637ca1d3591cbba4c62edb12273 to remote] DEBUG org.asynchttpclient.netty.request.NettyRequestSender - Using open Channel [id: 0x4b2db0b0, L:/127.0.0.1:56449 - R:localhost/127.0.0.1:26622] for GET '/session/702d8637ca1d3591cbba4c62edb12273/url'
19:54:50.341 [AsyncHttpClient-1-14] DEBUG org.asynchttpclient.netty.handler.HttpHandler - 

Request DefaultFullHttpRequest(decodeResult: success, version: HTTP/1.1, content: EmptyByteBufBE)
GET /session/702d8637ca1d3591cbba4c62edb12273/url HTTP/1.1
User-Agent: selenium/4.8.1 (java windows)
Cache-Control: no-cache
Content-Type: application/json; charset=utf-8
host: localhost:26622
accept: */*

Response DefaultHttpResponse(decodeResult: success, version: HTTP/1.1)
HTTP/1.1 200 OK
Content-Length: 38
Content-Type: application/json; charset=utf-8
cache-control: no-cache

19:54:50.341 [AsyncHttpClient-1-14] DEBUG org.asynchttpclient.netty.channel.ChannelManager - Adding key: http://localhost:26622 for channel [id: 0x4b2db0b0, L:/127.0.0.1:56449 - R:localhost/127.0.0.1:26622]
19:54:50.352 [Forwarding getPageSource on session 702d8637ca1d3591cbba4c62edb12273 to remote] DEBUG org.asynchttpclient.netty.request.NettyRequestSender - Using pooled Channel '[id: 0x4b2db0b0, L:/127.0.0.1:56449 - R:localhost/127.0.0.1:26622]' for 'POST' to 'http://localhost:26622/session/702d8637ca1d3591cbba4c62edb12273/execute/sync'
19:54:50.352 [Forwarding getPageSource on session 702d8637ca1d3591cbba4c62edb12273 to remote] DEBUG org.asynchttpclient.netty.request.NettyRequestSender - Using open Channel [id: 0x4b2db0b0, L:/127.0.0.1:56449 - R:localhost/127.0.0.1:26622] for POST '/session/702d8637ca1d3591cbba4c62edb12273/execute/sync'
19:54:50.357 [AsyncHttpClient-1-14] DEBUG org.asynchttpclient.netty.handler.HttpHandler - 

Request DefaultHttpRequest(decodeResult: success, version: HTTP/1.1)
POST /session/702d8637ca1d3591cbba4c62edb12273/execute/sync HTTP/1.1
User-Agent: selenium/4.8.1 (java windows)
Content-Length: 176
Content-Type: application/json; charset=utf-8
host: localhost:26622
accept: */*

Response DefaultHttpResponse(decodeResult: success, version: HTTP/1.1)
HTTP/1.1 200 OK
Content-Length: 4299
Content-Type: application/json; charset=utf-8
cache-control: no-cache

19:54:50.357 [AsyncHttpClient-1-14] DEBUG org.asynchttpclient.netty.channel.ChannelManager - Adding key: http://localhost:26622 for channel [id: 0x4b2db0b0, L:/127.0.0.1:56449 - R:localhost/127.0.0.1:26622]
19:54:50.358 [Forwarding getCurrentUrl on session 702d8637ca1d3591cbba4c62edb12273 to remote] DEBUG org.asynchttpclient.netty.request.NettyRequestSender - Using pooled Channel '[id: 0x4b2db0b0, L:/127.0.0.1:56449 - R:localhost/127.0.0.1:26622]' for 'GET' to 'http://localhost:26622/session/702d8637ca1d3591cbba4c62edb12273/url'
19:54:50.358 [Forwarding getCurrentUrl on session 702d8637ca1d3591cbba4c62edb12273 to remote] DEBUG org.asynchttpclient.netty.request.NettyRequestSender - Using open Channel [id: 0x4b2db0b0, L:/127.0.0.1:56449 - R:localhost/127.0.0.1:26622] for GET '/session/702d8637ca1d3591cbba4c62edb12273/url'
19:54:50.361 [AsyncHttpClient-1-14] DEBUG org.asynchttpclient.netty.handler.HttpHandler - 

Request DefaultFullHttpRequest(decodeResult: success, version: HTTP/1.1, content: EmptyByteBufBE)
GET /session/702d8637ca1d3591cbba4c62edb12273/url HTTP/1.1
User-Agent: selenium/4.8.1 (java windows)
Cache-Control: no-cache
Content-Type: application/json; charset=utf-8
host: localhost:26622
accept: */*

Response DefaultHttpResponse(decodeResult: success, version: HTTP/1.1)
HTTP/1.1 200 OK
Content-Length: 38
Content-Type: application/json; charset=utf-8
cache-control: no-cache

19:54:50.361 [AsyncHttpClient-1-14] DEBUG org.asynchttpclient.netty.channel.ChannelManager - Adding key: http://localhost:26622 for channel [id: 0x4b2db0b0, L:/127.0.0.1:56449 - R:localhost/127.0.0.1:26622]
19:54:50.363 [main] DEBUG net.thucydides.core.steps.StepInterceptor - STARTING STEP: LoginSteps.doEnterPassword - inputPassword
19:54:50.365 [Forwarding findElement on session 702d8637ca1d3591cbba4c62edb12273 to remote] DEBUG org.asynchttpclient.netty.request.NettyRequestSender - Using pooled Channel '[id: 0x4b2db0b0, L:/127.0.0.1:56449 - R:localhost/127.0.0.1:26622]' for 'POST' to 'http://localhost:26622/session/702d8637ca1d3591cbba4c62edb12273/element'
19:54:50.365 [Forwarding findElement on session 702d8637ca1d3591cbba4c62edb12273 to remote] DEBUG org.asynchttpclient.netty.request.NettyRequestSender - Using open Channel [id: 0x4b2db0b0, L:/127.0.0.1:56449 - R:localhost/127.0.0.1:26622] for POST '/session/702d8637ca1d3591cbba4c62edb12273/element'
19:54:50.376 [AsyncHttpClient-1-14] DEBUG org.asynchttpclient.netty.handler.HttpHandler - 

Request DefaultHttpRequest(decodeResult: success, version: HTTP/1.1)
POST /session/702d8637ca1d3591cbba4c62edb12273/element HTTP/1.1
User-Agent: selenium/4.8.1 (java windows)
Content-Length: 53
Content-Type: application/json; charset=utf-8
host: localhost:26622
accept: */*

Response DefaultHttpResponse(decodeResult: success, version: HTTP/1.1)
HTTP/1.1 200 OK
Content-Length: 88
Content-Type: application/json; charset=utf-8
cache-control: no-cache

19:54:50.377 [AsyncHttpClient-1-14] DEBUG org.asynchttpclient.netty.channel.ChannelManager - Adding key: http://localhost:26622 for channel [id: 0x4b2db0b0, L:/127.0.0.1:56449 - R:localhost/127.0.0.1:26622]
19:54:50.377 [Forwarding clearElement on session 702d8637ca1d3591cbba4c62edb12273 to remote] DEBUG org.asynchttpclient.netty.request.NettyRequestSender - Using pooled Channel '[id: 0x4b2db0b0, L:/127.0.0.1:56449 - R:localhost/127.0.0.1:26622]' for 'POST' to 'http://localhost:26622/session/702d8637ca1d3591cbba4c62edb12273/element/333edba6-2765-4126-9656-cf308d2bda09/clear'
19:54:50.377 [Forwarding clearElement on session 702d8637ca1d3591cbba4c62edb12273 to remote] DEBUG org.asynchttpclient.netty.request.NettyRequestSender - Using open Channel [id: 0x4b2db0b0, L:/127.0.0.1:56449 - R:localhost/127.0.0.1:26622] for POST '/session/702d8637ca1d3591cbba4c62edb12273/element/333edba6-2765-4126-9656-cf308d2bda09/clear'
19:54:50.408 [AsyncHttpClient-1-14] DEBUG org.asynchttpclient.netty.handler.HttpHandler - 

Request DefaultHttpRequest(decodeResult: success, version: HTTP/1.1)
POST /session/702d8637ca1d3591cbba4c62edb12273/element/333edba6-2765-4126-9656-cf308d2bda09/clear HTTP/1.1
User-Agent: selenium/4.8.1 (java windows)
Content-Length: 50
Content-Type: application/json; charset=utf-8
host: localhost:26622
accept: */*

Response DefaultHttpResponse(decodeResult: success, version: HTTP/1.1)
HTTP/1.1 200 OK
Content-Length: 14
Content-Type: application/json; charset=utf-8
cache-control: no-cache

19:54:50.408 [AsyncHttpClient-1-14] DEBUG org.asynchttpclient.netty.channel.ChannelManager - Adding key: http://localhost:26622 for channel [id: 0x4b2db0b0, L:/127.0.0.1:56449 - R:localhost/127.0.0.1:26622]
19:54:50.409 [Forwarding sendKeysToElement on session 702d8637ca1d3591cbba4c62edb12273 to remote] DEBUG org.asynchttpclient.netty.request.NettyRequestSender - Using pooled Channel '[id: 0x4b2db0b0, L:/127.0.0.1:56449 - R:localhost/127.0.0.1:26622]' for 'POST' to 'http://localhost:26622/session/702d8637ca1d3591cbba4c62edb12273/element/333edba6-2765-4126-9656-cf308d2bda09/value'
19:54:50.409 [Forwarding sendKeysToElement on session 702d8637ca1d3591cbba4c62edb12273 to remote] DEBUG org.asynchttpclient.netty.request.NettyRequestSender - Using open Channel [id: 0x4b2db0b0, L:/127.0.0.1:56449 - R:localhost/127.0.0.1:26622] for POST '/session/702d8637ca1d3591cbba4c62edb12273/element/333edba6-2765-4126-9656-cf308d2bda09/value'
19:54:50.464 [AsyncHttpClient-1-14] DEBUG org.asynchttpclient.netty.handler.HttpHandler - 

Request DefaultHttpRequest(decodeResult: success, version: HTTP/1.1)
POST /session/702d8637ca1d3591cbba4c62edb12273/element/333edba6-2765-4126-9656-cf308d2bda09/value HTTP/1.1
User-Agent: selenium/4.8.1 (java windows)
Content-Length: 191
Content-Type: application/json; charset=utf-8
host: localhost:26622
accept: */*

Response DefaultHttpResponse(decodeResult: success, version: HTTP/1.1)
HTTP/1.1 200 OK
Content-Length: 14
Content-Type: application/json; charset=utf-8
cache-control: no-cache

19:54:50.464 [AsyncHttpClient-1-14] DEBUG org.asynchttpclient.netty.channel.ChannelManager - Adding key: http://localhost:26622 for channel [id: 0x4b2db0b0, L:/127.0.0.1:56449 - R:localhost/127.0.0.1:26622]
19:54:50.468 [Forwarding getAlertText on session 702d8637ca1d3591cbba4c62edb12273 to remote] DEBUG org.asynchttpclient.netty.request.NettyRequestSender - Using pooled Channel '[id: 0x4b2db0b0, L:/127.0.0.1:56449 - R:localhost/127.0.0.1:26622]' for 'GET' to 'http://localhost:26622/session/702d8637ca1d3591cbba4c62edb12273/alert/text'
19:54:50.468 [Forwarding getAlertText on session 702d8637ca1d3591cbba4c62edb12273 to remote] DEBUG org.asynchttpclient.netty.request.NettyRequestSender - Using open Channel [id: 0x4b2db0b0, L:/127.0.0.1:56449 - R:localhost/127.0.0.1:26622] for GET '/session/702d8637ca1d3591cbba4c62edb12273/alert/text'
19:54:50.469 [AsyncHttpClient-1-14] DEBUG org.asynchttpclient.netty.handler.HttpHandler - 

Request DefaultFullHttpRequest(decodeResult: success, version: HTTP/1.1, content: EmptyByteBufBE)
GET /session/702d8637ca1d3591cbba4c62edb12273/alert/text HTTP/1.1
User-Agent: selenium/4.8.1 (java windows)
Cache-Control: no-cache
Content-Type: application/json; charset=utf-8
host: localhost:26622
accept: */*

Response DefaultHttpResponse(decodeResult: success, version: HTTP/1.1)
HTTP/1.1 404 Not Found
Content-Length: 816
Content-Type: application/json; charset=utf-8
cache-control: no-cache

19:54:50.470 [AsyncHttpClient-1-14] DEBUG org.asynchttpclient.netty.channel.ChannelManager - Adding key: http://localhost:26622 for channel [id: 0x4b2db0b0, L:/127.0.0.1:56449 - R:localhost/127.0.0.1:26622]
19:54:50.470 [Forwarding getCurrentUrl on session 702d8637ca1d3591cbba4c62edb12273 to remote] DEBUG org.asynchttpclient.netty.request.NettyRequestSender - Using pooled Channel '[id: 0x4b2db0b0, L:/127.0.0.1:56449 - R:localhost/127.0.0.1:26622]' for 'GET' to 'http://localhost:26622/session/702d8637ca1d3591cbba4c62edb12273/url'
19:54:50.470 [Forwarding getCurrentUrl on session 702d8637ca1d3591cbba4c62edb12273 to remote] DEBUG org.asynchttpclient.netty.request.NettyRequestSender - Using open Channel [id: 0x4b2db0b0, L:/127.0.0.1:56449 - R:localhost/127.0.0.1:26622] for GET '/session/702d8637ca1d3591cbba4c62edb12273/url'
19:54:50.474 [AsyncHttpClient-1-14] DEBUG org.asynchttpclient.netty.handler.HttpHandler - 

Request DefaultFullHttpRequest(decodeResult: success, version: HTTP/1.1, content: EmptyByteBufBE)
GET /session/702d8637ca1d3591cbba4c62edb12273/url HTTP/1.1
User-Agent: selenium/4.8.1 (java windows)
Cache-Control: no-cache
Content-Type: application/json; charset=utf-8
host: localhost:26622
accept: */*

Response DefaultHttpResponse(decodeResult: success, version: HTTP/1.1)
HTTP/1.1 200 OK
Content-Length: 38
Content-Type: application/json; charset=utf-8
cache-control: no-cache

19:54:50.474 [AsyncHttpClient-1-14] DEBUG org.asynchttpclient.netty.channel.ChannelManager - Adding key: http://localhost:26622 for channel [id: 0x4b2db0b0, L:/127.0.0.1:56449 - R:localhost/127.0.0.1:26622]
19:54:50.475 [Forwarding screenshot on session 702d8637ca1d3591cbba4c62edb12273 to remote] DEBUG org.asynchttpclient.netty.request.NettyRequestSender - Using pooled Channel '[id: 0x4b2db0b0, L:/127.0.0.1:56449 - R:localhost/127.0.0.1:26622]' for 'GET' to 'http://localhost:26622/session/702d8637ca1d3591cbba4c62edb12273/screenshot'
19:54:50.475 [Forwarding screenshot on session 702d8637ca1d3591cbba4c62edb12273 to remote] DEBUG org.asynchttpclient.netty.request.NettyRequestSender - Using open Channel [id: 0x4b2db0b0, L:/127.0.0.1:56449 - R:localhost/127.0.0.1:26622] for GET '/session/702d8637ca1d3591cbba4c62edb12273/screenshot'
19:54:50.604 [AsyncHttpClient-1-14] DEBUG org.asynchttpclient.netty.handler.HttpHandler - 

Request DefaultFullHttpRequest(decodeResult: success, version: HTTP/1.1, content: EmptyByteBufBE)
GET /session/702d8637ca1d3591cbba4c62edb12273/screenshot HTTP/1.1
User-Agent: selenium/4.8.1 (java windows)
Cache-Control: no-cache
Content-Type: application/json; charset=utf-8
host: localhost:26622
accept: */*

Response DefaultHttpResponse(decodeResult: success, version: HTTP/1.1)
HTTP/1.1 200 OK
Content-Length: 56768
Content-Type: application/json; charset=utf-8
cache-control: no-cache

19:54:50.604 [AsyncHttpClient-1-14] DEBUG org.asynchttpclient.netty.channel.ChannelManager - Adding key: http://localhost:26622 for channel [id: 0x4b2db0b0, L:/127.0.0.1:56449 - R:localhost/127.0.0.1:26622]
19:54:50.606 [main] DEBUG net.serenitybdd.core.photography.Darkroom - Send negative for processing for target\site\serenity\e25e54173125f088144c652faeec4d35847b504f564bc982fd98575b1ab24475.png
19:54:50.606 [main] DEBUG net.thucydides.core.steps.StepInterceptor - STEP DONE: inputPassword
  &amp#27;[32mAnd &amp#27;[0m&amp#27;[32mI enter password &amp#27;[0m&amp#27;[32m&amp#27;[1m"known_sauce"&amp#27;[0m                                &amp#27;[90m# starter.stepDefinitions.LoginSteps.doEnterPassword(java.lang.String)&amp#27;[0m
19:54:50.607 [Darkroom Processing Line] DEBUG net.serenitybdd.core.photography.DarkroomProcessingLine - Processing screenshot image in /var/screenshots/screenshot-16232471023508519368
19:54:50.607 [Darkroom Processing Line] DEBUG net.serenitybdd.core.photography.DarkroomProcessingLine - Saving screenshot to target\site\serenity\e25e54173125f088144c652faeec4d35847b504f564bc982fd98575b1ab24475.png
19:54:50.616 [Forwarding getPageSource on session 702d8637ca1d3591cbba4c62edb12273 to remote] DEBUG org.asynchttpclient.netty.request.NettyRequestSender - Using pooled Channel '[id: 0x4b2db0b0, L:/127.0.0.1:56449 - R:localhost/127.0.0.1:26622]' for 'POST' to 'http://localhost:26622/session/702d8637ca1d3591cbba4c62edb12273/execute/sync'
19:54:50.616 [Forwarding getPageSource on session 702d8637ca1d3591cbba4c62edb12273 to remote] DEBUG org.asynchttpclient.netty.request.NettyRequestSender - Using open Channel [id: 0x4b2db0b0, L:/127.0.0.1:56449 - R:localhost/127.0.0.1:26622] for POST '/session/702d8637ca1d3591cbba4c62edb12273/execute/sync'
19:54:50.621 [AsyncHttpClient-1-14] DEBUG org.asynchttpclient.netty.handler.HttpHandler - 

Request DefaultHttpRequest(decodeResult: success, version: HTTP/1.1)
POST /session/702d8637ca1d3591cbba4c62edb12273/execute/sync HTTP/1.1
User-Agent: selenium/4.8.1 (java windows)
Content-Length: 176
Content-Type: application/json; charset=utf-8
host: localhost:26622
accept: */*

Response DefaultHttpResponse(decodeResult: success, version: HTTP/1.1)
HTTP/1.1 200 OK
Content-Length: 4310
Content-Type: application/json; charset=utf-8
cache-control: no-cache

19:54:50.621 [AsyncHttpClient-1-14] DEBUG org.asynchttpclient.netty.channel.ChannelManager - Adding key: http://localhost:26622 for channel [id: 0x4b2db0b0, L:/127.0.0.1:56449 - R:localhost/127.0.0.1:26622]
19:54:50.622 [Forwarding getCurrentUrl on session 702d8637ca1d3591cbba4c62edb12273 to remote] DEBUG org.asynchttpclient.netty.request.NettyRequestSender - Using pooled Channel '[id: 0x4b2db0b0, L:/127.0.0.1:56449 - R:localhost/127.0.0.1:26622]' for 'GET' to 'http://localhost:26622/session/702d8637ca1d3591cbba4c62edb12273/url'
19:54:50.622 [Forwarding getCurrentUrl on session 702d8637ca1d3591cbba4c62edb12273 to remote] DEBUG org.asynchttpclient.netty.request.NettyRequestSender - Using open Channel [id: 0x4b2db0b0, L:/127.0.0.1:56449 - R:localhost/127.0.0.1:26622] for GET '/session/702d8637ca1d3591cbba4c62edb12273/url'
19:54:50.625 [AsyncHttpClient-1-14] DEBUG org.asynchttpclient.netty.handler.HttpHandler - 

Request DefaultFullHttpRequest(decodeResult: success, version: HTTP/1.1, content: EmptyByteBufBE)
GET /session/702d8637ca1d3591cbba4c62edb12273/url HTTP/1.1
User-Agent: selenium/4.8.1 (java windows)
Cache-Control: no-cache
Content-Type: application/json; charset=utf-8
host: localhost:26622
accept: */*

Response DefaultHttpResponse(decodeResult: success, version: HTTP/1.1)
HTTP/1.1 200 OK
Content-Length: 38
Content-Type: application/json; charset=utf-8
cache-control: no-cache

19:54:50.625 [AsyncHttpClient-1-14] DEBUG org.asynchttpclient.netty.channel.ChannelManager - Adding key: http://localhost:26622 for channel [id: 0x4b2db0b0, L:/127.0.0.1:56449 - R:localhost/127.0.0.1:26622]
19:54:50.632 [Forwarding getPageSource on session 702d8637ca1d3591cbba4c62edb12273 to remote] DEBUG org.asynchttpclient.netty.request.NettyRequestSender - Using pooled Channel '[id: 0x4b2db0b0, L:/127.0.0.1:56449 - R:localhost/127.0.0.1:26622]' for 'POST' to 'http://localhost:26622/session/702d8637ca1d3591cbba4c62edb12273/execute/sync'
19:54:50.632 [Forwarding getPageSource on session 702d8637ca1d3591cbba4c62edb12273 to remote] DEBUG org.asynchttpclient.netty.request.NettyRequestSender - Using open Channel [id: 0x4b2db0b0, L:/127.0.0.1:56449 - R:localhost/127.0.0.1:26622] for POST '/session/702d8637ca1d3591cbba4c62edb12273/execute/sync'
19:54:50.636 [AsyncHttpClient-1-14] DEBUG org.asynchttpclient.netty.handler.HttpHandler - 

Request DefaultHttpRequest(decodeResult: success, version: HTTP/1.1)
POST /session/702d8637ca1d3591cbba4c62edb12273/execute/sync HTTP/1.1
User-Agent: selenium/4.8.1 (java windows)
Content-Length: 176
Content-Type: application/json; charset=utf-8
host: localhost:26622
accept: */*

Response DefaultHttpResponse(decodeResult: success, version: HTTP/1.1)
HTTP/1.1 200 OK
Content-Length: 4310
Content-Type: application/json; charset=utf-8
cache-control: no-cache

19:54:50.636 [AsyncHttpClient-1-14] DEBUG org.asynchttpclient.netty.channel.ChannelManager - Adding key: http://localhost:26622 for channel [id: 0x4b2db0b0, L:/127.0.0.1:56449 - R:localhost/127.0.0.1:26622]
19:54:50.637 [Forwarding getCurrentUrl on session 702d8637ca1d3591cbba4c62edb12273 to remote] DEBUG org.asynchttpclient.netty.request.NettyRequestSender - Using pooled Channel '[id: 0x4b2db0b0, L:/127.0.0.1:56449 - R:localhost/127.0.0.1:26622]' for 'GET' to 'http://localhost:26622/session/702d8637ca1d3591cbba4c62edb12273/url'
19:54:50.637 [Forwarding getCurrentUrl on session 702d8637ca1d3591cbba4c62edb12273 to remote] DEBUG org.asynchttpclient.netty.request.NettyRequestSender - Using open Channel [id: 0x4b2db0b0, L:/127.0.0.1:56449 - R:localhost/127.0.0.1:26622] for GET '/session/702d8637ca1d3591cbba4c62edb12273/url'
19:54:50.640 [AsyncHttpClient-1-14] DEBUG org.asynchttpclient.netty.handler.HttpHandler - 

Request DefaultFullHttpRequest(decodeResult: success, version: HTTP/1.1, content: EmptyByteBufBE)
GET /session/702d8637ca1d3591cbba4c62edb12273/url HTTP/1.1
User-Agent: selenium/4.8.1 (java windows)
Cache-Control: no-cache
Content-Type: application/json; charset=utf-8
host: localhost:26622
accept: */*

Response DefaultHttpResponse(decodeResult: success, version: HTTP/1.1)
HTTP/1.1 200 OK
Content-Length: 38
Content-Type: application/json; charset=utf-8
cache-control: no-cache

19:54:50.640 [AsyncHttpClient-1-14] DEBUG org.asynchttpclient.netty.channel.ChannelManager - Adding key: http://localhost:26622 for channel [id: 0x4b2db0b0, L:/127.0.0.1:56449 - R:localhost/127.0.0.1:26622]
19:54:50.641 [main] DEBUG net.thucydides.core.steps.StepInterceptor - STARTING STEP: LoginSteps.doClickLoginButton - clickButtonLogin
19:54:50.643 [Forwarding findElement on session 702d8637ca1d3591cbba4c62edb12273 to remote] DEBUG org.asynchttpclient.netty.request.NettyRequestSender - Using pooled Channel '[id: 0x4b2db0b0, L:/127.0.0.1:56449 - R:localhost/127.0.0.1:26622]' for 'POST' to 'http://localhost:26622/session/702d8637ca1d3591cbba4c62edb12273/element'
19:54:50.643 [Forwarding findElement on session 702d8637ca1d3591cbba4c62edb12273 to remote] DEBUG org.asynchttpclient.netty.request.NettyRequestSender - Using open Channel [id: 0x4b2db0b0, L:/127.0.0.1:56449 - R:localhost/127.0.0.1:26622] for POST '/session/702d8637ca1d3591cbba4c62edb12273/element'
19:54:50.650 [AsyncHttpClient-1-14] DEBUG org.asynchttpclient.netty.handler.HttpHandler - 

Request DefaultHttpRequest(decodeResult: success, version: HTTP/1.1)
POST /session/702d8637ca1d3591cbba4c62edb12273/element HTTP/1.1
User-Agent: selenium/4.8.1 (java windows)
Content-Length: 59
Content-Type: application/json; charset=utf-8
host: localhost:26622
accept: */*

Response DefaultHttpResponse(decodeResult: success, version: HTTP/1.1)
HTTP/1.1 200 OK
Content-Length: 88
Content-Type: application/json; charset=utf-8
cache-control: no-cache

19:54:50.650 [AsyncHttpClient-1-14] DEBUG org.asynchttpclient.netty.channel.ChannelManager - Adding key: http://localhost:26622 for channel [id: 0x4b2db0b0, L:/127.0.0.1:56449 - R:localhost/127.0.0.1:26622]
19:54:50.651 [Forwarding getElementTagName on session 702d8637ca1d3591cbba4c62edb12273 to remote] DEBUG org.asynchttpclient.netty.request.NettyRequestSender - Using pooled Channel '[id: 0x4b2db0b0, L:/127.0.0.1:56449 - R:localhost/127.0.0.1:26622]' for 'GET' to 'http://localhost:26622/session/702d8637ca1d3591cbba4c62edb12273/element/20cdd4c6-3095-4292-bf56-697b719b51b3/name'
19:54:50.651 [Forwarding getElementTagName on session 702d8637ca1d3591cbba4c62edb12273 to remote] DEBUG org.asynchttpclient.netty.request.NettyRequestSender - Using open Channel [id: 0x4b2db0b0, L:/127.0.0.1:56449 - R:localhost/127.0.0.1:26622] for GET '/session/702d8637ca1d3591cbba4c62edb12273/element/20cdd4c6-3095-4292-bf56-697b719b51b3/name'
19:54:50.655 [AsyncHttpClient-1-14] DEBUG org.asynchttpclient.netty.handler.HttpHandler - 

Request DefaultFullHttpRequest(decodeResult: success, version: HTTP/1.1, content: EmptyByteBufBE)
GET /session/702d8637ca1d3591cbba4c62edb12273/element/20cdd4c6-3095-4292-bf56-697b719b51b3/name HTTP/1.1
User-Agent: selenium/4.8.1 (java windows)
Cache-Control: no-cache
Content-Type: application/json; charset=utf-8
host: localhost:26622
accept: */*

Response DefaultHttpResponse(decodeResult: success, version: HTTP/1.1)
HTTP/1.1 200 OK
Content-Length: 17
Content-Type: application/json; charset=utf-8
cache-control: no-cache

19:54:50.655 [AsyncHttpClient-1-14] DEBUG org.asynchttpclient.netty.channel.ChannelManager - Adding key: http://localhost:26622 for channel [id: 0x4b2db0b0, L:/127.0.0.1:56449 - R:localhost/127.0.0.1:26622]
19:54:50.655 [Forwarding getElementTagName on session 702d8637ca1d3591cbba4c62edb12273 to remote] DEBUG org.asynchttpclient.netty.request.NettyRequestSender - Using pooled Channel '[id: 0x4b2db0b0, L:/127.0.0.1:56449 - R:localhost/127.0.0.1:26622]' for 'GET' to 'http://localhost:26622/session/702d8637ca1d3591cbba4c62edb12273/element/20cdd4c6-3095-4292-bf56-697b719b51b3/name'
19:54:50.655 [Forwarding getElementTagName on session 702d8637ca1d3591cbba4c62edb12273 to remote] DEBUG org.asynchttpclient.netty.request.NettyRequestSender - Using open Channel [id: 0x4b2db0b0, L:/127.0.0.1:56449 - R:localhost/127.0.0.1:26622] for GET '/session/702d8637ca1d3591cbba4c62edb12273/element/20cdd4c6-3095-4292-bf56-697b719b51b3/name'
19:54:50.658 [AsyncHttpClient-1-14] DEBUG org.asynchttpclient.netty.handler.HttpHandler - 

Request DefaultFullHttpRequest(decodeResult: success, version: HTTP/1.1, content: EmptyByteBufBE)
GET /session/702d8637ca1d3591cbba4c62edb12273/element/20cdd4c6-3095-4292-bf56-697b719b51b3/name HTTP/1.1
User-Agent: selenium/4.8.1 (java windows)
Cache-Control: no-cache
Content-Type: application/json; charset=utf-8
host: localhost:26622
accept: */*

Response DefaultHttpResponse(decodeResult: success, version: HTTP/1.1)
HTTP/1.1 200 OK
Content-Length: 17
Content-Type: application/json; charset=utf-8
cache-control: no-cache

19:54:50.658 [AsyncHttpClient-1-14] DEBUG org.asynchttpclient.netty.channel.ChannelManager - Adding key: http://localhost:26622 for channel [id: 0x4b2db0b0, L:/127.0.0.1:56449 - R:localhost/127.0.0.1:26622]
19:54:50.660 [Forwarding isElementEnabled on session 702d8637ca1d3591cbba4c62edb12273 to remote] DEBUG org.asynchttpclient.netty.request.NettyRequestSender - Using pooled Channel '[id: 0x4b2db0b0, L:/127.0.0.1:56449 - R:localhost/127.0.0.1:26622]' for 'GET' to 'http://localhost:26622/session/702d8637ca1d3591cbba4c62edb12273/element/20cdd4c6-3095-4292-bf56-697b719b51b3/enabled'
19:54:50.660 [Forwarding isElementEnabled on session 702d8637ca1d3591cbba4c62edb12273 to remote] DEBUG org.asynchttpclient.netty.request.NettyRequestSender - Using open Channel [id: 0x4b2db0b0, L:/127.0.0.1:56449 - R:localhost/127.0.0.1:26622] for GET '/session/702d8637ca1d3591cbba4c62edb12273/element/20cdd4c6-3095-4292-bf56-697b719b51b3/enabled'
19:54:50.667 [AsyncHttpClient-1-14] DEBUG org.asynchttpclient.netty.handler.HttpHandler - 

Request DefaultFullHttpRequest(decodeResult: success, version: HTTP/1.1, content: EmptyByteBufBE)
GET /session/702d8637ca1d3591cbba4c62edb12273/element/20cdd4c6-3095-4292-bf56-697b719b51b3/enabled HTTP/1.1
User-Agent: selenium/4.8.1 (java windows)
Cache-Control: no-cache
Content-Type: application/json; charset=utf-8
host: localhost:26622
accept: */*

Response DefaultHttpResponse(decodeResult: success, version: HTTP/1.1)
HTTP/1.1 200 OK
Content-Length: 14
Content-Type: application/json; charset=utf-8
cache-control: no-cache

19:54:50.667 [AsyncHttpClient-1-14] DEBUG org.asynchttpclient.netty.channel.ChannelManager - Adding key: http://localhost:26622 for channel [id: 0x4b2db0b0, L:/127.0.0.1:56449 - R:localhost/127.0.0.1:26622]
19:54:50.668 [Forwarding isElementEnabled on session 702d8637ca1d3591cbba4c62edb12273 to remote] DEBUG org.asynchttpclient.netty.request.NettyRequestSender - Using pooled Channel '[id: 0x4b2db0b0, L:/127.0.0.1:56449 - R:localhost/127.0.0.1:26622]' for 'GET' to 'http://localhost:26622/session/702d8637ca1d3591cbba4c62edb12273/element/20cdd4c6-3095-4292-bf56-697b719b51b3/enabled'
19:54:50.668 [Forwarding isElementEnabled on session 702d8637ca1d3591cbba4c62edb12273 to remote] DEBUG org.asynchttpclient.netty.request.NettyRequestSender - Using open Channel [id: 0x4b2db0b0, L:/127.0.0.1:56449 - R:localhost/127.0.0.1:26622] for GET '/session/702d8637ca1d3591cbba4c62edb12273/element/20cdd4c6-3095-4292-bf56-697b719b51b3/enabled'
19:54:50.673 [AsyncHttpClient-1-14] DEBUG org.asynchttpclient.netty.handler.HttpHandler - 

Request DefaultFullHttpRequest(decodeResult: success, version: HTTP/1.1, content: EmptyByteBufBE)
GET /session/702d8637ca1d3591cbba4c62edb12273/element/20cdd4c6-3095-4292-bf56-697b719b51b3/enabled HTTP/1.1
User-Agent: selenium/4.8.1 (java windows)
Cache-Control: no-cache
Content-Type: application/json; charset=utf-8
host: localhost:26622
accept: */*

Response DefaultHttpResponse(decodeResult: success, version: HTTP/1.1)
HTTP/1.1 200 OK
Content-Length: 14
Content-Type: application/json; charset=utf-8
cache-control: no-cache

19:54:50.673 [AsyncHttpClient-1-14] DEBUG org.asynchttpclient.netty.channel.ChannelManager - Adding key: http://localhost:26622 for channel [id: 0x4b2db0b0, L:/127.0.0.1:56449 - R:localhost/127.0.0.1:26622]
19:54:50.674 [Forwarding findElement on session 702d8637ca1d3591cbba4c62edb12273 to remote] DEBUG org.asynchttpclient.netty.request.NettyRequestSender - Using pooled Channel '[id: 0x4b2db0b0, L:/127.0.0.1:56449 - R:localhost/127.0.0.1:26622]' for 'POST' to 'http://localhost:26622/session/702d8637ca1d3591cbba4c62edb12273/element'
19:54:50.674 [Forwarding findElement on session 702d8637ca1d3591cbba4c62edb12273 to remote] DEBUG org.asynchttpclient.netty.request.NettyRequestSender - Using open Channel [id: 0x4b2db0b0, L:/127.0.0.1:56449 - R:localhost/127.0.0.1:26622] for POST '/session/702d8637ca1d3591cbba4c62edb12273/element'
19:54:50.680 [AsyncHttpClient-1-14] DEBUG org.asynchttpclient.netty.handler.HttpHandler - 

Request DefaultHttpRequest(decodeResult: success, version: HTTP/1.1)
POST /session/702d8637ca1d3591cbba4c62edb12273/element HTTP/1.1
User-Agent: selenium/4.8.1 (java windows)
Content-Length: 59
Content-Type: application/json; charset=utf-8
host: localhost:26622
accept: */*

Response DefaultHttpResponse(decodeResult: success, version: HTTP/1.1)
HTTP/1.1 200 OK
Content-Length: 88
Content-Type: application/json; charset=utf-8
cache-control: no-cache

19:54:50.680 [AsyncHttpClient-1-14] DEBUG org.asynchttpclient.netty.channel.ChannelManager - Adding key: http://localhost:26622 for channel [id: 0x4b2db0b0, L:/127.0.0.1:56449 - R:localhost/127.0.0.1:26622]
19:54:50.680 [Forwarding clickElement on session 702d8637ca1d3591cbba4c62edb12273 to remote] DEBUG org.asynchttpclient.netty.request.NettyRequestSender - Using pooled Channel '[id: 0x4b2db0b0, L:/127.0.0.1:56449 - R:localhost/127.0.0.1:26622]' for 'POST' to 'http://localhost:26622/session/702d8637ca1d3591cbba4c62edb12273/element/20cdd4c6-3095-4292-bf56-697b719b51b3/click'
19:54:50.680 [Forwarding clickElement on session 702d8637ca1d3591cbba4c62edb12273 to remote] DEBUG org.asynchttpclient.netty.request.NettyRequestSender - Using open Channel [id: 0x4b2db0b0, L:/127.0.0.1:56449 - R:localhost/127.0.0.1:26622] for POST '/session/702d8637ca1d3591cbba4c62edb12273/element/20cdd4c6-3095-4292-bf56-697b719b51b3/click'
19:54:50.730 [AsyncHttpClient-1-14] DEBUG org.asynchttpclient.netty.handler.HttpHandler - 

Request DefaultHttpRequest(decodeResult: success, version: HTTP/1.1)
POST /session/702d8637ca1d3591cbba4c62edb12273/element/20cdd4c6-3095-4292-bf56-697b719b51b3/click HTTP/1.1
User-Agent: selenium/4.8.1 (java windows)
Content-Length: 50
Content-Type: application/json; charset=utf-8
host: localhost:26622
accept: */*

Response DefaultHttpResponse(decodeResult: success, version: HTTP/1.1)
HTTP/1.1 200 OK
Content-Length: 14
Content-Type: application/json; charset=utf-8
cache-control: no-cache

19:54:50.730 [AsyncHttpClient-1-14] DEBUG org.asynchttpclient.netty.channel.ChannelManager - Adding key: http://localhost:26622 for channel [id: 0x4b2db0b0, L:/127.0.0.1:56449 - R:localhost/127.0.0.1:26622]
19:54:50.735 [Forwarding getAlertText on session 702d8637ca1d3591cbba4c62edb12273 to remote] DEBUG org.asynchttpclient.netty.request.NettyRequestSender - Using pooled Channel '[id: 0x4b2db0b0, L:/127.0.0.1:56449 - R:localhost/127.0.0.1:26622]' for 'GET' to 'http://localhost:26622/session/702d8637ca1d3591cbba4c62edb12273/alert/text'
19:54:50.735 [Forwarding getAlertText on session 702d8637ca1d3591cbba4c62edb12273 to remote] DEBUG org.asynchttpclient.netty.request.NettyRequestSender - Using open Channel [id: 0x4b2db0b0, L:/127.0.0.1:56449 - R:localhost/127.0.0.1:26622] for GET '/session/702d8637ca1d3591cbba4c62edb12273/alert/text'
19:54:50.736 [AsyncHttpClient-1-14] DEBUG org.asynchttpclient.netty.handler.HttpHandler - 

Request DefaultFullHttpRequest(decodeResult: success, version: HTTP/1.1, content: EmptyByteBufBE)
GET /session/702d8637ca1d3591cbba4c62edb12273/alert/text HTTP/1.1
User-Agent: selenium/4.8.1 (java windows)
Cache-Control: no-cache
Content-Type: application/json; charset=utf-8
host: localhost:26622
accept: */*

Response DefaultHttpResponse(decodeResult: success, version: HTTP/1.1)
HTTP/1.1 404 Not Found
Content-Length: 816
Content-Type: application/json; charset=utf-8
cache-control: no-cache

19:54:50.736 [AsyncHttpClient-1-14] DEBUG org.asynchttpclient.netty.channel.ChannelManager - Adding key: http://localhost:26622 for channel [id: 0x4b2db0b0, L:/127.0.0.1:56449 - R:localhost/127.0.0.1:26622]
19:54:50.737 [Forwarding getCurrentUrl on session 702d8637ca1d3591cbba4c62edb12273 to remote] DEBUG org.asynchttpclient.netty.request.NettyRequestSender - Using pooled Channel '[id: 0x4b2db0b0, L:/127.0.0.1:56449 - R:localhost/127.0.0.1:26622]' for 'GET' to 'http://localhost:26622/session/702d8637ca1d3591cbba4c62edb12273/url'
19:54:50.737 [Forwarding getCurrentUrl on session 702d8637ca1d3591cbba4c62edb12273 to remote] DEBUG org.asynchttpclient.netty.request.NettyRequestSender - Using open Channel [id: 0x4b2db0b0, L:/127.0.0.1:56449 - R:localhost/127.0.0.1:26622] for GET '/session/702d8637ca1d3591cbba4c62edb12273/url'
19:54:50.740 [AsyncHttpClient-1-14] DEBUG org.asynchttpclient.netty.handler.HttpHandler - 

Request DefaultFullHttpRequest(decodeResult: success, version: HTTP/1.1, content: EmptyByteBufBE)
GET /session/702d8637ca1d3591cbba4c62edb12273/url HTTP/1.1
User-Agent: selenium/4.8.1 (java windows)
Cache-Control: no-cache
Content-Type: application/json; charset=utf-8
host: localhost:26622
accept: */*

Response DefaultHttpResponse(decodeResult: success, version: HTTP/1.1)
HTTP/1.1 200 OK
Content-Length: 38
Content-Type: application/json; charset=utf-8
cache-control: no-cache

19:54:50.740 [AsyncHttpClient-1-14] DEBUG org.asynchttpclient.netty.channel.ChannelManager - Adding key: http://localhost:26622 for channel [id: 0x4b2db0b0, L:/127.0.0.1:56449 - R:localhost/127.0.0.1:26622]
19:54:50.740 [Forwarding screenshot on session 702d8637ca1d3591cbba4c62edb12273 to remote] DEBUG org.asynchttpclient.netty.request.NettyRequestSender - Using pooled Channel '[id: 0x4b2db0b0, L:/127.0.0.1:56449 - R:localhost/127.0.0.1:26622]' for 'GET' to 'http://localhost:26622/session/702d8637ca1d3591cbba4c62edb12273/screenshot'
19:54:50.740 [Forwarding screenshot on session 702d8637ca1d3591cbba4c62edb12273 to remote] DEBUG org.asynchttpclient.netty.request.NettyRequestSender - Using open Channel [id: 0x4b2db0b0, L:/127.0.0.1:56449 - R:localhost/127.0.0.1:26622] for GET '/session/702d8637ca1d3591cbba4c62edb12273/screenshot'
19:54:50.868 [AsyncHttpClient-1-14] DEBUG org.asynchttpclient.netty.handler.HttpHandler - 

Request DefaultFullHttpRequest(decodeResult: success, version: HTTP/1.1, content: EmptyByteBufBE)
GET /session/702d8637ca1d3591cbba4c62edb12273/screenshot HTTP/1.1
User-Agent: selenium/4.8.1 (java windows)
Cache-Control: no-cache
Content-Type: application/json; charset=utf-8
host: localhost:26622
accept: */*

Response DefaultHttpResponse(decodeResult: success, version: HTTP/1.1)
HTTP/1.1 200 OK
Content-Length: 72460
Content-Type: application/json; charset=utf-8
cache-control: no-cache

19:54:50.868 [AsyncHttpClient-1-14] DEBUG org.asynchttpclient.netty.channel.ChannelManager - Adding key: http://localhost:26622 for channel [id: 0x4b2db0b0, L:/127.0.0.1:56449 - R:localhost/127.0.0.1:26622]
19:54:50.870 [main] DEBUG net.serenitybdd.core.photography.Darkroom - Send negative for processing for target\site\serenity\7fe0ed5f1dbc5f7ed3b3ca461699adad9791bcb4c290df027ab4829e6c73484f.png
19:54:50.870 [main] DEBUG net.thucydides.core.steps.StepInterceptor - STEP DONE: clickButtonLogin
  &amp#27;[32mAnd &amp#27;[0m&amp#27;[32mI click login button&amp#27;[0m                                          &amp#27;[90m# starter.stepDefinitions.LoginSteps.doClickLoginButton()&amp#27;[0m
19:54:50.870 [Darkroom Processing Line] DEBUG net.serenitybdd.core.photography.DarkroomProcessingLine - Processing screenshot image in /var/screenshots/screenshot-4875021645167168322
19:54:50.870 [Darkroom Processing Line] DEBUG net.serenitybdd.core.photography.DarkroomProcessingLine - Saving screenshot to target\site\serenity\7fe0ed5f1dbc5f7ed3b3ca461699adad9791bcb4c290df027ab4829e6c73484f.png
19:54:50.878 [Forwarding getPageSource on session 702d8637ca1d3591cbba4c62edb12273 to remote] DEBUG org.asynchttpclient.netty.request.NettyRequestSender - Using pooled Channel '[id: 0x4b2db0b0, L:/127.0.0.1:56449 - R:localhost/127.0.0.1:26622]' for 'POST' to 'http://localhost:26622/session/702d8637ca1d3591cbba4c62edb12273/execute/sync'
19:54:50.878 [Forwarding getPageSource on session 702d8637ca1d3591cbba4c62edb12273 to remote] DEBUG org.asynchttpclient.netty.request.NettyRequestSender - Using open Channel [id: 0x4b2db0b0, L:/127.0.0.1:56449 - R:localhost/127.0.0.1:26622] for POST '/session/702d8637ca1d3591cbba4c62edb12273/execute/sync'
19:54:50.882 [AsyncHttpClient-1-14] DEBUG org.asynchttpclient.netty.handler.HttpHandler - 

Request DefaultHttpRequest(decodeResult: success, version: HTTP/1.1)
POST /session/702d8637ca1d3591cbba4c62edb12273/execute/sync HTTP/1.1
User-Agent: selenium/4.8.1 (java windows)
Content-Length: 176
Content-Type: application/json; charset=utf-8
host: localhost:26622
accept: */*

Response DefaultHttpResponse(decodeResult: success, version: HTTP/1.1)
HTTP/1.1 200 OK
Content-Length: 14819
Content-Type: application/json; charset=utf-8
cache-control: no-cache

19:54:50.882 [AsyncHttpClient-1-14] DEBUG org.asynchttpclient.netty.channel.ChannelManager - Adding key: http://localhost:26622 for channel [id: 0x4b2db0b0, L:/127.0.0.1:56449 - R:localhost/127.0.0.1:26622]
19:54:50.885 [Forwarding getCurrentUrl on session 702d8637ca1d3591cbba4c62edb12273 to remote] DEBUG org.asynchttpclient.netty.request.NettyRequestSender - Using pooled Channel '[id: 0x4b2db0b0, L:/127.0.0.1:56449 - R:localhost/127.0.0.1:26622]' for 'GET' to 'http://localhost:26622/session/702d8637ca1d3591cbba4c62edb12273/url'
19:54:50.885 [Forwarding getCurrentUrl on session 702d8637ca1d3591cbba4c62edb12273 to remote] DEBUG org.asynchttpclient.netty.request.NettyRequestSender - Using open Channel [id: 0x4b2db0b0, L:/127.0.0.1:56449 - R:localhost/127.0.0.1:26622] for GET '/session/702d8637ca1d3591cbba4c62edb12273/url'
19:54:50.886 [AsyncHttpClient-1-14] DEBUG org.asynchttpclient.netty.handler.HttpHandler - 

Request DefaultFullHttpRequest(decodeResult: success, version: HTTP/1.1, content: EmptyByteBufBE)
GET /session/702d8637ca1d3591cbba4c62edb12273/url HTTP/1.1
User-Agent: selenium/4.8.1 (java windows)
Cache-Control: no-cache
Content-Type: application/json; charset=utf-8
host: localhost:26622
accept: */*

Response DefaultHttpResponse(decodeResult: success, version: HTTP/1.1)
HTTP/1.1 200 OK
Content-Length: 38
Content-Type: application/json; charset=utf-8
cache-control: no-cache

19:54:50.886 [AsyncHttpClient-1-14] DEBUG org.asynchttpclient.netty.channel.ChannelManager - Adding key: http://localhost:26622 for channel [id: 0x4b2db0b0, L:/127.0.0.1:56449 - R:localhost/127.0.0.1:26622]
19:54:50.895 [Forwarding getPageSource on session 702d8637ca1d3591cbba4c62edb12273 to remote] DEBUG org.asynchttpclient.netty.request.NettyRequestSender - Using pooled Channel '[id: 0x4b2db0b0, L:/127.0.0.1:56449 - R:localhost/127.0.0.1:26622]' for 'POST' to 'http://localhost:26622/session/702d8637ca1d3591cbba4c62edb12273/execute/sync'
19:54:50.895 [Forwarding getPageSource on session 702d8637ca1d3591cbba4c62edb12273 to remote] DEBUG org.asynchttpclient.netty.request.NettyRequestSender - Using open Channel [id: 0x4b2db0b0, L:/127.0.0.1:56449 - R:localhost/127.0.0.1:26622] for POST '/session/702d8637ca1d3591cbba4c62edb12273/execute/sync'
19:54:50.900 [AsyncHttpClient-1-14] DEBUG org.asynchttpclient.netty.handler.HttpHandler - 

Request DefaultHttpRequest(decodeResult: success, version: HTTP/1.1)
POST /session/702d8637ca1d3591cbba4c62edb12273/execute/sync HTTP/1.1
User-Agent: selenium/4.8.1 (java windows)
Content-Length: 176
Content-Type: application/json; charset=utf-8
host: localhost:26622
accept: */*

Response DefaultHttpResponse(decodeResult: success, version: HTTP/1.1)
HTTP/1.1 200 OK
Content-Length: 14819
Content-Type: application/json; charset=utf-8
cache-control: no-cache

19:54:50.900 [AsyncHttpClient-1-14] DEBUG org.asynchttpclient.netty.channel.ChannelManager - Adding key: http://localhost:26622 for channel [id: 0x4b2db0b0, L:/127.0.0.1:56449 - R:localhost/127.0.0.1:26622]
19:54:50.902 [Forwarding getCurrentUrl on session 702d8637ca1d3591cbba4c62edb12273 to remote] DEBUG org.asynchttpclient.netty.request.NettyRequestSender - Using pooled Channel '[id: 0x4b2db0b0, L:/127.0.0.1:56449 - R:localhost/127.0.0.1:26622]' for 'GET' to 'http://localhost:26622/session/702d8637ca1d3591cbba4c62edb12273/url'
19:54:50.902 [Forwarding getCurrentUrl on session 702d8637ca1d3591cbba4c62edb12273 to remote] DEBUG org.asynchttpclient.netty.request.NettyRequestSender - Using open Channel [id: 0x4b2db0b0, L:/127.0.0.1:56449 - R:localhost/127.0.0.1:26622] for GET '/session/702d8637ca1d3591cbba4c62edb12273/url'
19:54:50.904 [AsyncHttpClient-1-14] DEBUG org.asynchttpclient.netty.handler.HttpHandler - 

Request DefaultFullHttpRequest(decodeResult: success, version: HTTP/1.1, content: EmptyByteBufBE)
GET /session/702d8637ca1d3591cbba4c62edb12273/url HTTP/1.1
User-Agent: selenium/4.8.1 (java windows)
Cache-Control: no-cache
Content-Type: application/json; charset=utf-8
host: localhost:26622
accept: */*

Response DefaultHttpResponse(decodeResult: success, version: HTTP/1.1)
HTTP/1.1 200 OK
Content-Length: 38
Content-Type: application/json; charset=utf-8
cache-control: no-cache

19:54:50.904 [AsyncHttpClient-1-14] DEBUG org.asynchttpclient.netty.channel.ChannelManager - Adding key: http://localhost:26622 for channel [id: 0x4b2db0b0, L:/127.0.0.1:56449 - R:localhost/127.0.0.1:26622]
19:54:50.907 [main] DEBUG net.thucydides.core.steps.StepInterceptor - STARTING STEP: LoginSteps.seeErrorMessage - checkErrorMessage
19:54:50.909 [Forwarding findElement on session 702d8637ca1d3591cbba4c62edb12273 to remote] DEBUG org.asynchttpclient.netty.request.NettyRequestSender - Using pooled Channel '[id: 0x4b2db0b0, L:/127.0.0.1:56449 - R:localhost/127.0.0.1:26622]' for 'POST' to 'http://localhost:26622/session/702d8637ca1d3591cbba4c62edb12273/element'
19:54:50.909 [Forwarding findElement on session 702d8637ca1d3591cbba4c62edb12273 to remote] DEBUG org.asynchttpclient.netty.request.NettyRequestSender - Using open Channel [id: 0x4b2db0b0, L:/127.0.0.1:56449 - R:localhost/127.0.0.1:26622] for POST '/session/702d8637ca1d3591cbba4c62edb12273/element'
19:54:50.920 [AsyncHttpClient-1-14] DEBUG org.asynchttpclient.netty.handler.HttpHandler - 

Request DefaultHttpRequest(decodeResult: success, version: HTTP/1.1)
POST /session/702d8637ca1d3591cbba4c62edb12273/element HTTP/1.1
User-Agent: selenium/4.8.1 (java windows)
Content-Length: 72
Content-Type: application/json; charset=utf-8
host: localhost:26622
accept: */*

Response DefaultHttpResponse(decodeResult: success, version: HTTP/1.1)
HTTP/1.1 200 OK
Content-Length: 88
Content-Type: application/json; charset=utf-8
cache-control: no-cache

19:54:50.921 [AsyncHttpClient-1-14] DEBUG org.asynchttpclient.netty.channel.ChannelManager - Adding key: http://localhost:26622 for channel [id: 0x4b2db0b0, L:/127.0.0.1:56449 - R:localhost/127.0.0.1:26622]
19:54:50.923 [Forwarding isElementDisplayed on session 702d8637ca1d3591cbba4c62edb12273 to remote] DEBUG org.asynchttpclient.netty.request.NettyRequestSender - Using pooled Channel '[id: 0x4b2db0b0, L:/127.0.0.1:56449 - R:localhost/127.0.0.1:26622]' for 'POST' to 'http://localhost:26622/session/702d8637ca1d3591cbba4c62edb12273/execute/sync'
19:54:50.923 [Forwarding isElementDisplayed on session 702d8637ca1d3591cbba4c62edb12273 to remote] DEBUG org.asynchttpclient.netty.request.NettyRequestSender - Using open Channel [id: 0x4b2db0b0, L:/127.0.0.1:56449 - R:localhost/127.0.0.1:26622] for POST '/session/702d8637ca1d3591cbba4c62edb12273/execute/sync'
19:54:50.936 [AsyncHttpClient-1-14] DEBUG org.asynchttpclient.netty.handler.HttpHandler - 

Request DefaultHttpRequest(decodeResult: success, version: HTTP/1.1)
POST /session/702d8637ca1d3591cbba4c62edb12273/execute/sync HTTP/1.1
User-Agent: selenium/4.8.1 (java windows)
Content-Length: 48807
Content-Type: application/json; charset=utf-8
host: localhost:26622
accept: */*

Response DefaultHttpResponse(decodeResult: success, version: HTTP/1.1)
HTTP/1.1 200 OK
Content-Length: 14
Content-Type: application/json; charset=utf-8
cache-control: no-cache

19:54:50.936 [AsyncHttpClient-1-14] DEBUG org.asynchttpclient.netty.channel.ChannelManager - Adding key: http://localhost:26622 for channel [id: 0x4b2db0b0, L:/127.0.0.1:56449 - R:localhost/127.0.0.1:26622]
19:54:50.940 [Forwarding getAlertText on session 702d8637ca1d3591cbba4c62edb12273 to remote] DEBUG org.asynchttpclient.netty.request.NettyRequestSender - Using pooled Channel '[id: 0x4b2db0b0, L:/127.0.0.1:56449 - R:localhost/127.0.0.1:26622]' for 'GET' to 'http://localhost:26622/session/702d8637ca1d3591cbba4c62edb12273/alert/text'
19:54:50.940 [Forwarding getAlertText on session 702d8637ca1d3591cbba4c62edb12273 to remote] DEBUG org.asynchttpclient.netty.request.NettyRequestSender - Using open Channel [id: 0x4b2db0b0, L:/127.0.0.1:56449 - R:localhost/127.0.0.1:26622] for GET '/session/702d8637ca1d3591cbba4c62edb12273/alert/text'
19:54:50.941 [AsyncHttpClient-1-14] DEBUG org.asynchttpclient.netty.handler.HttpHandler - 

Request DefaultFullHttpRequest(decodeResult: success, version: HTTP/1.1, content: EmptyByteBufBE)
GET /session/702d8637ca1d3591cbba4c62edb12273/alert/text HTTP/1.1
User-Agent: selenium/4.8.1 (java windows)
Cache-Control: no-cache
Content-Type: application/json; charset=utf-8
host: localhost:26622
accept: */*

Response DefaultHttpResponse(decodeResult: success, version: HTTP/1.1)
HTTP/1.1 404 Not Found
Content-Length: 816
Content-Type: application/json; charset=utf-8
cache-control: no-cache

19:54:50.941 [AsyncHttpClient-1-14] DEBUG org.asynchttpclient.netty.channel.ChannelManager - Adding key: http://localhost:26622 for channel [id: 0x4b2db0b0, L:/127.0.0.1:56449 - R:localhost/127.0.0.1:26622]
19:54:50.942 [Forwarding getCurrentUrl on session 702d8637ca1d3591cbba4c62edb12273 to remote] DEBUG org.asynchttpclient.netty.request.NettyRequestSender - Using pooled Channel '[id: 0x4b2db0b0, L:/127.0.0.1:56449 - R:localhost/127.0.0.1:26622]' for 'GET' to 'http://localhost:26622/session/702d8637ca1d3591cbba4c62edb12273/url'
19:54:50.942 [Forwarding getCurrentUrl on session 702d8637ca1d3591cbba4c62edb12273 to remote] DEBUG org.asynchttpclient.netty.request.NettyRequestSender - Using open Channel [id: 0x4b2db0b0, L:/127.0.0.1:56449 - R:localhost/127.0.0.1:26622] for GET '/session/702d8637ca1d3591cbba4c62edb12273/url'
19:54:50.945 [AsyncHttpClient-1-14] DEBUG org.asynchttpclient.netty.handler.HttpHandler - 

Request DefaultFullHttpRequest(decodeResult: success, version: HTTP/1.1, content: EmptyByteBufBE)
GET /session/702d8637ca1d3591cbba4c62edb12273/url HTTP/1.1
User-Agent: selenium/4.8.1 (java windows)
Cache-Control: no-cache
Content-Type: application/json; charset=utf-8
host: localhost:26622
accept: */*

Response DefaultHttpResponse(decodeResult: success, version: HTTP/1.1)
HTTP/1.1 200 OK
Content-Length: 38
Content-Type: application/json; charset=utf-8
cache-control: no-cache

19:54:50.945 [AsyncHttpClient-1-14] DEBUG org.asynchttpclient.netty.channel.ChannelManager - Adding key: http://localhost:26622 for channel [id: 0x4b2db0b0, L:/127.0.0.1:56449 - R:localhost/127.0.0.1:26622]
19:54:50.945 [Forwarding screenshot on session 702d8637ca1d3591cbba4c62edb12273 to remote] DEBUG org.asynchttpclient.netty.request.NettyRequestSender - Using pooled Channel '[id: 0x4b2db0b0, L:/127.0.0.1:56449 - R:localhost/127.0.0.1:26622]' for 'GET' to 'http://localhost:26622/session/702d8637ca1d3591cbba4c62edb12273/screenshot'
19:54:50.945 [Forwarding screenshot on session 702d8637ca1d3591cbba4c62edb12273 to remote] DEBUG org.asynchttpclient.netty.request.NettyRequestSender - Using open Channel [id: 0x4b2db0b0, L:/127.0.0.1:56449 - R:localhost/127.0.0.1:26622] for GET '/session/702d8637ca1d3591cbba4c62edb12273/screenshot'
19:54:51.010 [AsyncHttpClient-1-1] DEBUG org.asynchttpclient.netty.channel.DefaultChannelPool - Entry count for : http://localhost:56450 : 1
19:54:51.069 [AsyncHttpClient-1-14] DEBUG org.asynchttpclient.netty.handler.HttpHandler - 

Request DefaultFullHttpRequest(decodeResult: success, version: HTTP/1.1, content: EmptyByteBufBE)
GET /session/702d8637ca1d3591cbba4c62edb12273/screenshot HTTP/1.1
User-Agent: selenium/4.8.1 (java windows)
Cache-Control: no-cache
Content-Type: application/json; charset=utf-8
host: localhost:26622
accept: */*

Response DefaultHttpResponse(decodeResult: success, version: HTTP/1.1)
HTTP/1.1 200 OK
Content-Length: 72460
Content-Type: application/json; charset=utf-8
cache-control: no-cache

19:54:51.070 [AsyncHttpClient-1-14] DEBUG org.asynchttpclient.netty.channel.ChannelManager - Adding key: http://localhost:26622 for channel [id: 0x4b2db0b0, L:/127.0.0.1:56449 - R:localhost/127.0.0.1:26622]
19:54:51.073 [main] DEBUG net.serenitybdd.core.photography.Darkroom - Send negative for processing for target\site\serenity\7fe0ed5f1dbc5f7ed3b3ca461699adad9791bcb4c290df027ab4829e6c73484f.png
19:54:51.073 [main] DEBUG net.thucydides.core.steps.StepInterceptor - STEP DONE: checkErrorMessage
  &amp#27;[32mThen &amp#27;[0m&amp#27;[32mI will see login error message&amp#27;[0m                               &amp#27;[90m# starter.stepDefinitions.LoginSteps.seeErrorMessage()&amp#27;[0m
19:54:51.082 [Driver Command Executor] DEBUG org.asynchttpclient.netty.request.NettyRequestSender - Using pooled Channel '[id: 0x4b2db0b0, L:/127.0.0.1:56449 - R:localhost/127.0.0.1:26622]' for 'DELETE' to 'http://localhost:26622/session/702d8637ca1d3591cbba4c62edb12273'
19:54:51.082 [AsyncHttpClient-1-16] DEBUG org.asynchttpclient.netty.handler.WebSocketHandler - Channel Closed: [id: 0xd22d8ee4, L:/127.0.0.1:56459 ! R:localhost/127.0.0.1:56450] with attribute NettyResponseFuture{currentRetry=0,
	isDone=1,
	isCancelled=0,
	asyncHandler=org.asynchttpclient.ws.WebSocketUpgradeHandler@39b4e997,
	nettyRequest=org.asynchttpclient.netty.request.NettyRequest@7cb670c5,
	future=java.util.concurrent.CompletableFuture@2bba8e0e[Completed normally],
	uri=ws://localhost:56450/devtools/browser/38135de7-7524-4b5a-ad7d-03e3f6d813fc,
	keepAlive=true,
	redirectCount=0,
	timeoutsHolder=null,
	inAuth=0,
	touch=1680612889155}
19:54:51.082 [Driver Command Executor] DEBUG org.asynchttpclient.netty.request.NettyRequestSender - Using open Channel [id: 0x4b2db0b0, L:/127.0.0.1:56449 - R:localhost/127.0.0.1:26622] for DELETE '/session/702d8637ca1d3591cbba4c62edb12273'
19:54:51.082 [AsyncHttpClient-1-16] DEBUG org.asynchttpclient.netty.channel.ChannelManager - Closing Channel [id: 0xd22d8ee4, L:/127.0.0.1:56459 ! R:localhost/127.0.0.1:56450] 
19:54:51.138 [AsyncHttpClient-1-15] DEBUG org.asynchttpclient.netty.handler.HttpHandler - Unexpected I/O exception on channel [id: 0x9bd1e2bc, L:/127.0.0.1:56458 - R:localhost/127.0.0.1:56450]
java.net.SocketException: Connection reset
	at java.base/sun.nio.ch.SocketChannelImpl.throwConnectionReset(SocketChannelImpl.java:401)
	at java.base/sun.nio.ch.SocketChannelImpl.read(SocketChannelImpl.java:434)
	at io.netty.buffer.PooledByteBuf.setBytes(PooledByteBuf.java:259)
	at io.netty.buffer.AbstractByteBuf.writeBytes(AbstractByteBuf.java:1132)
	at io.netty.channel.socket.nio.NioSocketChannel.doReadBytes(NioSocketChannel.java:357)
	at io.netty.channel.nio.AbstractNioByteChannel$NioByteUnsafe.read(AbstractNioByteChannel.java:151)
	at io.netty.channel.nio.NioEventLoop.processSelectedKey(NioEventLoop.java:788)
	at io.netty.channel.nio.NioEventLoop.processSelectedKeysOptimized(NioEventLoop.java:724)
	at io.netty.channel.nio.NioEventLoop.processSelectedKeys(NioEventLoop.java:650)
	at io.netty.channel.nio.NioEventLoop.run(NioEventLoop.java:562)
	at io.netty.util.concurrent.SingleThreadEventExecutor$4.run(SingleThreadEventExecutor.java:997)
	at io.netty.util.internal.ThreadExecutorMap$2.run(ThreadExecutorMap.java:74)
	at io.netty.util.concurrent.FastThreadLocalRunnable.run(FastThreadLocalRunnable.java:30)
	at java.base/java.lang.Thread.run(Thread.java:1589)
19:54:51.138 [AsyncHttpClient-1-15] DEBUG org.asynchttpclient.netty.channel.ChannelManager - Closing Channel [id: 0x9bd1e2bc, L:/127.0.0.1:56458 - R:localhost/127.0.0.1:56450] 
19:54:51.138 [AsyncHttpClient-1-15] DEBUG org.asynchttpclient.netty.handler.HttpHandler - Channel Closed: [id: 0x9bd1e2bc, L:/127.0.0.1:56458 ! R:localhost/127.0.0.1:56450] with attribute DISCARD
19:54:51.154 [AsyncHttpClient-1-14] DEBUG org.asynchttpclient.netty.handler.HttpHandler - 

Request DefaultFullHttpRequest(decodeResult: success, version: HTTP/1.1, content: EmptyByteBufBE)
DELETE /session/702d8637ca1d3591cbba4c62edb12273 HTTP/1.1
User-Agent: selenium/4.8.1 (java windows)
Content-Type: application/json; charset=utf-8
host: localhost:26622
accept: */*

Response DefaultHttpResponse(decodeResult: success, version: HTTP/1.1)
HTTP/1.1 200 OK
Content-Length: 14
Content-Type: application/json; charset=utf-8
cache-control: no-cache

19:54:51.155 [AsyncHttpClient-1-14] DEBUG org.asynchttpclient.netty.channel.ChannelManager - Adding key: http://localhost:26622 for channel [id: 0x4b2db0b0, L:/127.0.0.1:56449 - R:localhost/127.0.0.1:26622]
19:54:51.212 [AsyncHttpClient-1-14] DEBUG org.asynchttpclient.netty.handler.HttpHandler - Channel Closed: [id: 0x4b2db0b0, L:/127.0.0.1:56449 ! R:localhost/127.0.0.1:26622] with attribute DISCARD
19:54:51.263 [main] INFO  - 
  _____   ___   ___   _____     ___     _     ___   ___   ___   ___  
 |_   _| | __| / __| |_   _|   | _ \   /_\   / __| / __| | __| |   \ 
   | |   | _|  \__ \   | |     |  _/  / _ \  \__ \ \__ \ | _|  | |) |
   |_|   |___| |___/   |_|     |_|   /_/ \_\ |___/ |___/ |___| |___/ 

As an unregistered user i will see error response
----------------------------------------------------------------------
]]></system-out>
    <system-err><![CDATA[Starting ChromeDriver 111.0.5563.64 (c710e93d5b63b7095afe8c2c17df34408078439d-refs/branch-heads/5563@{#995}) on port 26622
Only local connections are allowed.
Please see https://chromedriver.chromium.org/security-considerations for suggestions on keeping ChromeDriver safe.
ChromeDriver was started successfully.
Apr 04, 2023 7:54:49 PM org.openqa.selenium.devtools.CdpVersionFinder findNearestMatch
WARNING: Unable to find an exact match for CDP version 111, so returning the closest version found: 110
]]></system-err>
  </testcase>
  <testcase name="As an unregistered user i will see error response #2" classname="login" time="2.997">
    <system-out><![CDATA[
@login
Scenario Outline: As an unregistered user i will see error response &amp#27;[90m# src/test/resources/features/Login.feature:24&amp#27;[0m
19:54:51.269 [main] DEBUG io.cucumber.core.plugin.SerenityReporter - Running feature from file:///C:/Users/TrisetioPutra/Documents/serenity_sauce/serenity-sauce-demo/src/test/resources/features/Login.feature
19:54:51.326 [main] INFO net.serenitybdd.core.webdriver.driverproviders.ChromeDriverProvider - Starting Chrome driver instance with capabilities:
19:54:51.326 [main] INFO net.serenitybdd.core.webdriver.driverproviders.ChromeDriverProvider - Capabilities {acceptInsecureCerts: true, browserName: chrome, goog:chromeOptions: {args: [remote-allow-origins=*, test-type, no-sandbox, ignore-certificate-errors, --window-size=1000,800, incognito, disable-infobars, disable-gpu, disable-default-apps, disable-popup-blocking, remote-allow-origins=*, test-type, no-sandbox, ignore-certificate-errors, --window-size=1000,800, incognito, disable-infobars, disable-gpu, disable-default-apps, disable-popup-blocking, remote-allow-origins=*], extensions: []}}
19:54:51.407 [AsyncHttpClient-1-17] DEBUG org.asynchttpclient.netty.channel.NettyConnectListener - Using new Channel '[id: 0xe62c5388, L:/127.0.0.1:56476 - R:localhost/127.0.0.1:39210]' for 'POST' to '/session'
19:54:52.108 [AsyncHttpClient-1-1] DEBUG org.asynchttpclient.netty.channel.DefaultChannelPool - Entry count for : http://localhost:26622 : 1
19:54:52.108 [AsyncHttpClient-1-1] DEBUG org.asynchttpclient.netty.channel.DefaultChannelPool - Entry count for : http://localhost:56450 : 1
19:54:52.108 [AsyncHttpClient-1-1] DEBUG org.asynchttpclient.netty.channel.DefaultChannelPool - Adding Candidate expired Channel [id: 0x4b2db0b0, L:/127.0.0.1:56449 ! R:localhost/127.0.0.1:26622] isIdleTimeoutExpired=false isRemotelyClosed=true isTtlExpired=false
19:54:52.108 [AsyncHttpClient-1-1] DEBUG org.asynchttpclient.netty.channel.DefaultChannelPool - Closing Idle Channel [id: 0x4b2db0b0, L:/127.0.0.1:56449 ! R:localhost/127.0.0.1:26622]
19:54:52.108 [AsyncHttpClient-1-1] DEBUG org.asynchttpclient.netty.channel.DefaultChannelPool - Adding Candidate expired Channel [id: 0x9bd1e2bc, L:/127.0.0.1:56458 ! R:localhost/127.0.0.1:56450] isIdleTimeoutExpired=false isRemotelyClosed=true isTtlExpired=false
19:54:52.108 [AsyncHttpClient-1-1] DEBUG org.asynchttpclient.netty.channel.DefaultChannelPool - Closing Idle Channel [id: 0x9bd1e2bc, L:/127.0.0.1:56458 ! R:localhost/127.0.0.1:56450]
19:54:52.108 [AsyncHttpClient-1-1] DEBUG org.asynchttpclient.netty.channel.DefaultChannelPool - Closed 2 connections out of 2 in 0 ms
19:54:52.137 [AsyncHttpClient-1-17] DEBUG org.asynchttpclient.netty.handler.HttpHandler - 

Request DefaultHttpRequest(decodeResult: success, version: HTTP/1.1)
POST /session HTTP/1.1
User-Agent: selenium/4.8.1 (java windows)
Content-Length: 1729
Content-Type: application/json; charset=utf-8
host: localhost:39210
accept: */*

Response DefaultHttpResponse(decodeResult: success, version: HTTP/1.1)
HTTP/1.1 200 OK
Content-Length: 862
Content-Type: application/json; charset=utf-8
cache-control: no-cache

19:54:52.138 [AsyncHttpClient-1-17] DEBUG org.asynchttpclient.netty.channel.ChannelManager - Adding key: http://localhost:39210 for channel [id: 0xe62c5388, L:/127.0.0.1:56476 - R:localhost/127.0.0.1:39210]
19:54:52.146 [AsyncHttpClient-1-18] DEBUG org.asynchttpclient.netty.channel.NettyConnectListener - Using new Channel '[id: 0x1b1e688a, L:/127.0.0.1:56483 - R:localhost/127.0.0.1:56477]' for 'GET' to '/json/version'
19:54:52.149 [AsyncHttpClient-1-18] DEBUG org.asynchttpclient.netty.handler.HttpHandler - 

Request DefaultFullHttpRequest(decodeResult: success, version: HTTP/1.1, content: EmptyByteBufBE)
GET /json/version HTTP/1.1
User-Agent: selenium/4.8.1 (java windows)
host: localhost:56477
accept: */*

Response DefaultHttpResponse(decodeResult: success, version: HTTP/1.1)
HTTP/1.1 200 OK
Content-Security-Policy: frame-ancestors 'none'
Content-Length: 424
Content-Type: application/json; charset=UTF-8

19:54:52.149 [AsyncHttpClient-1-18] DEBUG org.asynchttpclient.netty.channel.ChannelManager - Adding key: http://localhost:56477 for channel [id: 0x1b1e688a, L:/127.0.0.1:56483 - R:localhost/127.0.0.1:56477]
19:54:52.153 [AsyncHttpClient-1-19] DEBUG org.asynchttpclient.netty.channel.NettyConnectListener - Using new Channel '[id: 0x0d4834fb, L:/127.0.0.1:56484 - R:localhost/127.0.0.1:56477]' for 'GET' to '/devtools/browser/ede6a951-a5ff-40a4-ae8a-4ec3e2da0c7c'
19:54:52.155 [AsyncHttpClient-1-19] DEBUG org.asynchttpclient.netty.handler.WebSocketHandler - 

Request DefaultFullHttpRequest(decodeResult: success, version: HTTP/1.1, content: EmptyByteBufBE)
GET /devtools/browser/ede6a951-a5ff-40a4-ae8a-4ec3e2da0c7c HTTP/1.1
upgrade: websocket
connection: upgrade
sec-websocket-key: oAYotLIKbp82iSVDwghAaA==
sec-websocket-version: 13
origin: http://localhost:56477
host: localhost:56477
accept: */*
user-agent: AHC/2.1

Response DefaultHttpResponse(decodeResult: success, version: HTTP/1.1)
HTTP/1.1 101 WebSocket Protocol Handshake
Upgrade: WebSocket
Connection: Upgrade
Sec-WebSocket-Accept: tpCrww2rtvtL140uNjhBhRamu4Y=

19:54:52.159 [Forwarding get on session c750a8c04062dd767f019806ee539b89 to remote] DEBUG org.asynchttpclient.netty.request.NettyRequestSender - Using pooled Channel '[id: 0xe62c5388, L:/127.0.0.1:56476 - R:localhost/127.0.0.1:39210]' for 'POST' to 'http://localhost:39210/session/c750a8c04062dd767f019806ee539b89/url'
19:54:52.159 [Forwarding get on session c750a8c04062dd767f019806ee539b89 to remote] DEBUG org.asynchttpclient.netty.request.NettyRequestSender - Using open Channel [id: 0xe62c5388, L:/127.0.0.1:56476 - R:localhost/127.0.0.1:39210] for POST '/session/c750a8c04062dd767f019806ee539b89/url'
19:54:52.650 [AsyncHttpClient-1-17] DEBUG org.asynchttpclient.netty.handler.HttpHandler - 

Request DefaultHttpRequest(decodeResult: success, version: HTTP/1.1)
POST /session/c750a8c04062dd767f019806ee539b89/url HTTP/1.1
User-Agent: selenium/4.8.1 (java windows)
Content-Length: 56
Content-Type: application/json; charset=utf-8
host: localhost:39210
accept: */*

Response DefaultHttpResponse(decodeResult: success, version: HTTP/1.1)
HTTP/1.1 200 OK
Content-Length: 14
Content-Type: application/json; charset=utf-8
cache-control: no-cache

19:54:52.650 [AsyncHttpClient-1-17] DEBUG org.asynchttpclient.netty.channel.ChannelManager - Adding key: http://localhost:39210 for channel [id: 0xe62c5388, L:/127.0.0.1:56476 - R:localhost/127.0.0.1:39210]
19:54:52.652 [Forwarding setTimeout on session c750a8c04062dd767f019806ee539b89 to remote] DEBUG org.asynchttpclient.netty.request.NettyRequestSender - Using pooled Channel '[id: 0xe62c5388, L:/127.0.0.1:56476 - R:localhost/127.0.0.1:39210]' for 'POST' to 'http://localhost:39210/session/c750a8c04062dd767f019806ee539b89/timeouts'
19:54:52.652 [Forwarding setTimeout on session c750a8c04062dd767f019806ee539b89 to remote] DEBUG org.asynchttpclient.netty.request.NettyRequestSender - Using open Channel [id: 0xe62c5388, L:/127.0.0.1:56476 - R:localhost/127.0.0.1:39210] for POST '/session/c750a8c04062dd767f019806ee539b89/timeouts'
19:54:52.653 [AsyncHttpClient-1-17] DEBUG org.asynchttpclient.netty.handler.HttpHandler - 

Request DefaultHttpRequest(decodeResult: success, version: HTTP/1.1)
POST /session/c750a8c04062dd767f019806ee539b89/timeouts HTTP/1.1
User-Agent: selenium/4.8.1 (java windows)
Content-Length: 22
Content-Type: application/json; charset=utf-8
host: localhost:39210
accept: */*

Response DefaultHttpResponse(decodeResult: success, version: HTTP/1.1)
HTTP/1.1 200 OK
Content-Length: 14
Content-Type: application/json; charset=utf-8
cache-control: no-cache

19:54:52.653 [AsyncHttpClient-1-17] DEBUG org.asynchttpclient.netty.channel.ChannelManager - Adding key: http://localhost:39210 for channel [id: 0xe62c5388, L:/127.0.0.1:56476 - R:localhost/127.0.0.1:39210]
19:54:52.661 [Forwarding getAlertText on session c750a8c04062dd767f019806ee539b89 to remote] DEBUG org.asynchttpclient.netty.request.NettyRequestSender - Using pooled Channel '[id: 0xe62c5388, L:/127.0.0.1:56476 - R:localhost/127.0.0.1:39210]' for 'GET' to 'http://localhost:39210/session/c750a8c04062dd767f019806ee539b89/alert/text'
19:54:52.661 [Forwarding getAlertText on session c750a8c04062dd767f019806ee539b89 to remote] DEBUG org.asynchttpclient.netty.request.NettyRequestSender - Using open Channel [id: 0xe62c5388, L:/127.0.0.1:56476 - R:localhost/127.0.0.1:39210] for GET '/session/c750a8c04062dd767f019806ee539b89/alert/text'
19:54:52.662 [AsyncHttpClient-1-17] DEBUG org.asynchttpclient.netty.handler.HttpHandler - 

Request DefaultFullHttpRequest(decodeResult: success, version: HTTP/1.1, content: EmptyByteBufBE)
GET /session/c750a8c04062dd767f019806ee539b89/alert/text HTTP/1.1
User-Agent: selenium/4.8.1 (java windows)
Cache-Control: no-cache
Content-Type: application/json; charset=utf-8
host: localhost:39210
accept: */*

Response DefaultHttpResponse(decodeResult: success, version: HTTP/1.1)
HTTP/1.1 404 Not Found
Content-Length: 816
Content-Type: application/json; charset=utf-8
cache-control: no-cache

19:54:52.663 [AsyncHttpClient-1-17] DEBUG org.asynchttpclient.netty.channel.ChannelManager - Adding key: http://localhost:39210 for channel [id: 0xe62c5388, L:/127.0.0.1:56476 - R:localhost/127.0.0.1:39210]
19:54:52.664 [Forwarding getCurrentUrl on session c750a8c04062dd767f019806ee539b89 to remote] DEBUG org.asynchttpclient.netty.request.NettyRequestSender - Using pooled Channel '[id: 0xe62c5388, L:/127.0.0.1:56476 - R:localhost/127.0.0.1:39210]' for 'GET' to 'http://localhost:39210/session/c750a8c04062dd767f019806ee539b89/url'
19:54:52.664 [Forwarding getCurrentUrl on session c750a8c04062dd767f019806ee539b89 to remote] DEBUG org.asynchttpclient.netty.request.NettyRequestSender - Using open Channel [id: 0xe62c5388, L:/127.0.0.1:56476 - R:localhost/127.0.0.1:39210] for GET '/session/c750a8c04062dd767f019806ee539b89/url'
19:54:52.670 [AsyncHttpClient-1-17] DEBUG org.asynchttpclient.netty.handler.HttpHandler - 

Request DefaultFullHttpRequest(decodeResult: success, version: HTTP/1.1, content: EmptyByteBufBE)
GET /session/c750a8c04062dd767f019806ee539b89/url HTTP/1.1
User-Agent: selenium/4.8.1 (java windows)
Cache-Control: no-cache
Content-Type: application/json; charset=utf-8
host: localhost:39210
accept: */*

Response DefaultHttpResponse(decodeResult: success, version: HTTP/1.1)
HTTP/1.1 200 OK
Content-Length: 38
Content-Type: application/json; charset=utf-8
cache-control: no-cache

19:54:52.670 [AsyncHttpClient-1-17] DEBUG org.asynchttpclient.netty.channel.ChannelManager - Adding key: http://localhost:39210 for channel [id: 0xe62c5388, L:/127.0.0.1:56476 - R:localhost/127.0.0.1:39210]
19:54:52.671 [Forwarding screenshot on session c750a8c04062dd767f019806ee539b89 to remote] DEBUG org.asynchttpclient.netty.request.NettyRequestSender - Using pooled Channel '[id: 0xe62c5388, L:/127.0.0.1:56476 - R:localhost/127.0.0.1:39210]' for 'GET' to 'http://localhost:39210/session/c750a8c04062dd767f019806ee539b89/screenshot'
19:54:52.671 [Forwarding screenshot on session c750a8c04062dd767f019806ee539b89 to remote] DEBUG org.asynchttpclient.netty.request.NettyRequestSender - Using open Channel [id: 0xe62c5388, L:/127.0.0.1:56476 - R:localhost/127.0.0.1:39210] for GET '/session/c750a8c04062dd767f019806ee539b89/screenshot'
19:54:52.819 [AsyncHttpClient-1-17] DEBUG org.asynchttpclient.netty.handler.HttpHandler - 

Request DefaultFullHttpRequest(decodeResult: success, version: HTTP/1.1, content: EmptyByteBufBE)
GET /session/c750a8c04062dd767f019806ee539b89/screenshot HTTP/1.1
User-Agent: selenium/4.8.1 (java windows)
Cache-Control: no-cache
Content-Type: application/json; charset=utf-8
host: localhost:39210
accept: */*

Response DefaultHttpResponse(decodeResult: success, version: HTTP/1.1)
HTTP/1.1 200 OK
Content-Length: 58480
Content-Type: application/json; charset=utf-8
cache-control: no-cache

19:54:52.820 [AsyncHttpClient-1-17] DEBUG org.asynchttpclient.netty.channel.ChannelManager - Adding key: http://localhost:39210 for channel [id: 0xe62c5388, L:/127.0.0.1:56476 - R:localhost/127.0.0.1:39210]
19:54:52.822 [main] DEBUG net.serenitybdd.core.photography.Darkroom - Send negative for processing for target\site\serenity\cb92d98072c3b75a83324d609d10345ba9940c54df6d644def90c13c11b006db.png
19:54:52.823 [Forwarding getPageSource on session c750a8c04062dd767f019806ee539b89 to remote] DEBUG org.asynchttpclient.netty.request.NettyRequestSender - Using pooled Channel '[id: 0xe62c5388, L:/127.0.0.1:56476 - R:localhost/127.0.0.1:39210]' for 'POST' to 'http://localhost:39210/session/c750a8c04062dd767f019806ee539b89/execute/sync'
19:54:52.823 [Forwarding getPageSource on session c750a8c04062dd767f019806ee539b89 to remote] DEBUG org.asynchttpclient.netty.request.NettyRequestSender - Using open Channel [id: 0xe62c5388, L:/127.0.0.1:56476 - R:localhost/127.0.0.1:39210] for POST '/session/c750a8c04062dd767f019806ee539b89/execute/sync'
19:54:52.828 [AsyncHttpClient-1-17] DEBUG org.asynchttpclient.netty.handler.HttpHandler - 

Request DefaultHttpRequest(decodeResult: success, version: HTTP/1.1)
POST /session/c750a8c04062dd767f019806ee539b89/execute/sync HTTP/1.1
User-Agent: selenium/4.8.1 (java windows)
Content-Length: 176
Content-Type: application/json; charset=utf-8
host: localhost:39210
accept: */*

Response DefaultHttpResponse(decodeResult: success, version: HTTP/1.1)
HTTP/1.1 200 OK
Content-Length: 4286
Content-Type: application/json; charset=utf-8
cache-control: no-cache

19:54:52.828 [AsyncHttpClient-1-17] DEBUG org.asynchttpclient.netty.channel.ChannelManager - Adding key: http://localhost:39210 for channel [id: 0xe62c5388, L:/127.0.0.1:56476 - R:localhost/127.0.0.1:39210]
19:54:52.830 [Forwarding getCurrentUrl on session c750a8c04062dd767f019806ee539b89 to remote] DEBUG org.asynchttpclient.netty.request.NettyRequestSender - Using pooled Channel '[id: 0xe62c5388, L:/127.0.0.1:56476 - R:localhost/127.0.0.1:39210]' for 'GET' to 'http://localhost:39210/session/c750a8c04062dd767f019806ee539b89/url'
19:54:52.830 [Forwarding getCurrentUrl on session c750a8c04062dd767f019806ee539b89 to remote] DEBUG org.asynchttpclient.netty.request.NettyRequestSender - Using open Channel [id: 0xe62c5388, L:/127.0.0.1:56476 - R:localhost/127.0.0.1:39210] for GET '/session/c750a8c04062dd767f019806ee539b89/url'
19:54:52.835 [AsyncHttpClient-1-17] DEBUG org.asynchttpclient.netty.handler.HttpHandler - 

Request DefaultFullHttpRequest(decodeResult: success, version: HTTP/1.1, content: EmptyByteBufBE)
GET /session/c750a8c04062dd767f019806ee539b89/url HTTP/1.1
User-Agent: selenium/4.8.1 (java windows)
Cache-Control: no-cache
Content-Type: application/json; charset=utf-8
host: localhost:39210
accept: */*

Response DefaultHttpResponse(decodeResult: success, version: HTTP/1.1)
HTTP/1.1 200 OK
Content-Length: 38
Content-Type: application/json; charset=utf-8
cache-control: no-cache

19:54:52.835 [AsyncHttpClient-1-17] DEBUG org.asynchttpclient.netty.channel.ChannelManager - Adding key: http://localhost:39210 for channel [id: 0xe62c5388, L:/127.0.0.1:56476 - R:localhost/127.0.0.1:39210]
19:54:52.837 [main] DEBUG net.thucydides.core.steps.StepInterceptor - STARTING STEP: LoginSteps.onTheLoginPage - validateOnTheLoginPage
19:54:52.839 [Forwarding findElement on session c750a8c04062dd767f019806ee539b89 to remote] DEBUG org.asynchttpclient.netty.request.NettyRequestSender - Using pooled Channel '[id: 0xe62c5388, L:/127.0.0.1:56476 - R:localhost/127.0.0.1:39210]' for 'POST' to 'http://localhost:39210/session/c750a8c04062dd767f019806ee539b89/element'
19:54:52.839 [Forwarding findElement on session c750a8c04062dd767f019806ee539b89 to remote] DEBUG org.asynchttpclient.netty.request.NettyRequestSender - Using open Channel [id: 0xe62c5388, L:/127.0.0.1:56476 - R:localhost/127.0.0.1:39210] for POST '/session/c750a8c04062dd767f019806ee539b89/element'
19:54:52.853 [AsyncHttpClient-1-17] DEBUG org.asynchttpclient.netty.handler.HttpHandler - 

Request DefaultHttpRequest(decodeResult: success, version: HTTP/1.1)
POST /session/c750a8c04062dd767f019806ee539b89/element HTTP/1.1
User-Agent: selenium/4.8.1 (java windows)
Content-Length: 59
Content-Type: application/json; charset=utf-8
host: localhost:39210
accept: */*

Response DefaultHttpResponse(decodeResult: success, version: HTTP/1.1)
HTTP/1.1 200 OK
Content-Length: 88
Content-Type: application/json; charset=utf-8
cache-control: no-cache

19:54:52.853 [AsyncHttpClient-1-17] DEBUG org.asynchttpclient.netty.channel.ChannelManager - Adding key: http://localhost:39210 for channel [id: 0xe62c5388, L:/127.0.0.1:56476 - R:localhost/127.0.0.1:39210]
19:54:52.855 [Forwarding isElementDisplayed on session c750a8c04062dd767f019806ee539b89 to remote] DEBUG org.asynchttpclient.netty.request.NettyRequestSender - Using pooled Channel '[id: 0xe62c5388, L:/127.0.0.1:56476 - R:localhost/127.0.0.1:39210]' for 'POST' to 'http://localhost:39210/session/c750a8c04062dd767f019806ee539b89/execute/sync'
19:54:52.855 [Forwarding isElementDisplayed on session c750a8c04062dd767f019806ee539b89 to remote] DEBUG org.asynchttpclient.netty.request.NettyRequestSender - Using open Channel [id: 0xe62c5388, L:/127.0.0.1:56476 - R:localhost/127.0.0.1:39210] for POST '/session/c750a8c04062dd767f019806ee539b89/execute/sync'
19:54:52.869 [AsyncHttpClient-1-17] DEBUG org.asynchttpclient.netty.handler.HttpHandler - 

Request DefaultHttpRequest(decodeResult: success, version: HTTP/1.1)
POST /session/c750a8c04062dd767f019806ee539b89/execute/sync HTTP/1.1
User-Agent: selenium/4.8.1 (java windows)
Content-Length: 48807
Content-Type: application/json; charset=utf-8
host: localhost:39210
accept: */*

Response DefaultHttpResponse(decodeResult: success, version: HTTP/1.1)
HTTP/1.1 200 OK
Content-Length: 14
Content-Type: application/json; charset=utf-8
cache-control: no-cache

19:54:52.869 [AsyncHttpClient-1-17] DEBUG org.asynchttpclient.netty.channel.ChannelManager - Adding key: http://localhost:39210 for channel [id: 0xe62c5388, L:/127.0.0.1:56476 - R:localhost/127.0.0.1:39210]
19:54:52.873 [Forwarding getAlertText on session c750a8c04062dd767f019806ee539b89 to remote] DEBUG org.asynchttpclient.netty.request.NettyRequestSender - Using pooled Channel '[id: 0xe62c5388, L:/127.0.0.1:56476 - R:localhost/127.0.0.1:39210]' for 'GET' to 'http://localhost:39210/session/c750a8c04062dd767f019806ee539b89/alert/text'
19:54:52.873 [Forwarding getAlertText on session c750a8c04062dd767f019806ee539b89 to remote] DEBUG org.asynchttpclient.netty.request.NettyRequestSender - Using open Channel [id: 0xe62c5388, L:/127.0.0.1:56476 - R:localhost/127.0.0.1:39210] for GET '/session/c750a8c04062dd767f019806ee539b89/alert/text'
19:54:52.874 [AsyncHttpClient-1-17] DEBUG org.asynchttpclient.netty.handler.HttpHandler - 

Request DefaultFullHttpRequest(decodeResult: success, version: HTTP/1.1, content: EmptyByteBufBE)
GET /session/c750a8c04062dd767f019806ee539b89/alert/text HTTP/1.1
User-Agent: selenium/4.8.1 (java windows)
Cache-Control: no-cache
Content-Type: application/json; charset=utf-8
host: localhost:39210
accept: */*

Response DefaultHttpResponse(decodeResult: success, version: HTTP/1.1)
HTTP/1.1 404 Not Found
Content-Length: 816
Content-Type: application/json; charset=utf-8
cache-control: no-cache

19:54:52.875 [AsyncHttpClient-1-17] DEBUG org.asynchttpclient.netty.channel.ChannelManager - Adding key: http://localhost:39210 for channel [id: 0xe62c5388, L:/127.0.0.1:56476 - R:localhost/127.0.0.1:39210]
19:54:52.875 [Forwarding getCurrentUrl on session c750a8c04062dd767f019806ee539b89 to remote] DEBUG org.asynchttpclient.netty.request.NettyRequestSender - Using pooled Channel '[id: 0xe62c5388, L:/127.0.0.1:56476 - R:localhost/127.0.0.1:39210]' for 'GET' to 'http://localhost:39210/session/c750a8c04062dd767f019806ee539b89/url'
19:54:52.875 [Forwarding getCurrentUrl on session c750a8c04062dd767f019806ee539b89 to remote] DEBUG org.asynchttpclient.netty.request.NettyRequestSender - Using open Channel [id: 0xe62c5388, L:/127.0.0.1:56476 - R:localhost/127.0.0.1:39210] for GET '/session/c750a8c04062dd767f019806ee539b89/url'
19:54:52.879 [AsyncHttpClient-1-17] DEBUG org.asynchttpclient.netty.handler.HttpHandler - 

Request DefaultFullHttpRequest(decodeResult: success, version: HTTP/1.1, content: EmptyByteBufBE)
GET /session/c750a8c04062dd767f019806ee539b89/url HTTP/1.1
User-Agent: selenium/4.8.1 (java windows)
Cache-Control: no-cache
Content-Type: application/json; charset=utf-8
host: localhost:39210
accept: */*

Response DefaultHttpResponse(decodeResult: success, version: HTTP/1.1)
HTTP/1.1 200 OK
Content-Length: 38
Content-Type: application/json; charset=utf-8
cache-control: no-cache

19:54:52.879 [AsyncHttpClient-1-17] DEBUG org.asynchttpclient.netty.channel.ChannelManager - Adding key: http://localhost:39210 for channel [id: 0xe62c5388, L:/127.0.0.1:56476 - R:localhost/127.0.0.1:39210]
19:54:52.880 [Forwarding screenshot on session c750a8c04062dd767f019806ee539b89 to remote] DEBUG org.asynchttpclient.netty.request.NettyRequestSender - Using pooled Channel '[id: 0xe62c5388, L:/127.0.0.1:56476 - R:localhost/127.0.0.1:39210]' for 'GET' to 'http://localhost:39210/session/c750a8c04062dd767f019806ee539b89/screenshot'
19:54:52.880 [Forwarding screenshot on session c750a8c04062dd767f019806ee539b89 to remote] DEBUG org.asynchttpclient.netty.request.NettyRequestSender - Using open Channel [id: 0xe62c5388, L:/127.0.0.1:56476 - R:localhost/127.0.0.1:39210] for GET '/session/c750a8c04062dd767f019806ee539b89/screenshot'
19:54:53.011 [AsyncHttpClient-1-17] DEBUG org.asynchttpclient.netty.handler.HttpHandler - 

Request DefaultFullHttpRequest(decodeResult: success, version: HTTP/1.1, content: EmptyByteBufBE)
GET /session/c750a8c04062dd767f019806ee539b89/screenshot HTTP/1.1
User-Agent: selenium/4.8.1 (java windows)
Cache-Control: no-cache
Content-Type: application/json; charset=utf-8
host: localhost:39210
accept: */*

Response DefaultHttpResponse(decodeResult: success, version: HTTP/1.1)
HTTP/1.1 200 OK
Content-Length: 58480
Content-Type: application/json; charset=utf-8
cache-control: no-cache

19:54:53.011 [AsyncHttpClient-1-17] DEBUG org.asynchttpclient.netty.channel.ChannelManager - Adding key: http://localhost:39210 for channel [id: 0xe62c5388, L:/127.0.0.1:56476 - R:localhost/127.0.0.1:39210]
19:54:53.013 [main] DEBUG net.serenitybdd.core.photography.Darkroom - Send negative for processing for target\site\serenity\cb92d98072c3b75a83324d609d10345ba9940c54df6d644def90c13c11b006db.png
19:54:53.013 [main] DEBUG net.thucydides.core.steps.StepInterceptor - STEP DONE: validateOnTheLoginPage
  &amp#27;[32mGiven &amp#27;[0m&amp#27;[32mI am on the login page&amp#27;[0m                                      &amp#27;[90m# starter.stepDefinitions.LoginSteps.onTheLoginPage()&amp#27;[0m
19:54:53.020 [Forwarding getPageSource on session c750a8c04062dd767f019806ee539b89 to remote] DEBUG org.asynchttpclient.netty.request.NettyRequestSender - Using pooled Channel '[id: 0xe62c5388, L:/127.0.0.1:56476 - R:localhost/127.0.0.1:39210]' for 'POST' to 'http://localhost:39210/session/c750a8c04062dd767f019806ee539b89/execute/sync'
19:54:53.020 [Forwarding getPageSource on session c750a8c04062dd767f019806ee539b89 to remote] DEBUG org.asynchttpclient.netty.request.NettyRequestSender - Using open Channel [id: 0xe62c5388, L:/127.0.0.1:56476 - R:localhost/127.0.0.1:39210] for POST '/session/c750a8c04062dd767f019806ee539b89/execute/sync'
19:54:53.024 [AsyncHttpClient-1-17] DEBUG org.asynchttpclient.netty.handler.HttpHandler - 

Request DefaultHttpRequest(decodeResult: success, version: HTTP/1.1)
POST /session/c750a8c04062dd767f019806ee539b89/execute/sync HTTP/1.1
User-Agent: selenium/4.8.1 (java windows)
Content-Length: 176
Content-Type: application/json; charset=utf-8
host: localhost:39210
accept: */*

Response DefaultHttpResponse(decodeResult: success, version: HTTP/1.1)
HTTP/1.1 200 OK
Content-Length: 4286
Content-Type: application/json; charset=utf-8
cache-control: no-cache

19:54:53.024 [AsyncHttpClient-1-17] DEBUG org.asynchttpclient.netty.channel.ChannelManager - Adding key: http://localhost:39210 for channel [id: 0xe62c5388, L:/127.0.0.1:56476 - R:localhost/127.0.0.1:39210]
19:54:53.026 [Forwarding getCurrentUrl on session c750a8c04062dd767f019806ee539b89 to remote] DEBUG org.asynchttpclient.netty.request.NettyRequestSender - Using pooled Channel '[id: 0xe62c5388, L:/127.0.0.1:56476 - R:localhost/127.0.0.1:39210]' for 'GET' to 'http://localhost:39210/session/c750a8c04062dd767f019806ee539b89/url'
19:54:53.026 [Forwarding getCurrentUrl on session c750a8c04062dd767f019806ee539b89 to remote] DEBUG org.asynchttpclient.netty.request.NettyRequestSender - Using open Channel [id: 0xe62c5388, L:/127.0.0.1:56476 - R:localhost/127.0.0.1:39210] for GET '/session/c750a8c04062dd767f019806ee539b89/url'
19:54:53.028 [AsyncHttpClient-1-17] DEBUG org.asynchttpclient.netty.handler.HttpHandler - 

Request DefaultFullHttpRequest(decodeResult: success, version: HTTP/1.1, content: EmptyByteBufBE)
GET /session/c750a8c04062dd767f019806ee539b89/url HTTP/1.1
User-Agent: selenium/4.8.1 (java windows)
Cache-Control: no-cache
Content-Type: application/json; charset=utf-8
host: localhost:39210
accept: */*

Response DefaultHttpResponse(decodeResult: success, version: HTTP/1.1)
HTTP/1.1 200 OK
Content-Length: 38
Content-Type: application/json; charset=utf-8
cache-control: no-cache

19:54:53.028 [AsyncHttpClient-1-17] DEBUG org.asynchttpclient.netty.channel.ChannelManager - Adding key: http://localhost:39210 for channel [id: 0xe62c5388, L:/127.0.0.1:56476 - R:localhost/127.0.0.1:39210]
19:54:53.035 [Forwarding getPageSource on session c750a8c04062dd767f019806ee539b89 to remote] DEBUG org.asynchttpclient.netty.request.NettyRequestSender - Using pooled Channel '[id: 0xe62c5388, L:/127.0.0.1:56476 - R:localhost/127.0.0.1:39210]' for 'POST' to 'http://localhost:39210/session/c750a8c04062dd767f019806ee539b89/execute/sync'
19:54:53.035 [Forwarding getPageSource on session c750a8c04062dd767f019806ee539b89 to remote] DEBUG org.asynchttpclient.netty.request.NettyRequestSender - Using open Channel [id: 0xe62c5388, L:/127.0.0.1:56476 - R:localhost/127.0.0.1:39210] for POST '/session/c750a8c04062dd767f019806ee539b89/execute/sync'
19:54:53.039 [AsyncHttpClient-1-17] DEBUG org.asynchttpclient.netty.handler.HttpHandler - 

Request DefaultHttpRequest(decodeResult: success, version: HTTP/1.1)
POST /session/c750a8c04062dd767f019806ee539b89/execute/sync HTTP/1.1
User-Agent: selenium/4.8.1 (java windows)
Content-Length: 176
Content-Type: application/json; charset=utf-8
host: localhost:39210
accept: */*

Response DefaultHttpResponse(decodeResult: success, version: HTTP/1.1)
HTTP/1.1 200 OK
Content-Length: 4286
Content-Type: application/json; charset=utf-8
cache-control: no-cache

19:54:53.039 [AsyncHttpClient-1-17] DEBUG org.asynchttpclient.netty.channel.ChannelManager - Adding key: http://localhost:39210 for channel [id: 0xe62c5388, L:/127.0.0.1:56476 - R:localhost/127.0.0.1:39210]
19:54:53.040 [Forwarding getCurrentUrl on session c750a8c04062dd767f019806ee539b89 to remote] DEBUG org.asynchttpclient.netty.request.NettyRequestSender - Using pooled Channel '[id: 0xe62c5388, L:/127.0.0.1:56476 - R:localhost/127.0.0.1:39210]' for 'GET' to 'http://localhost:39210/session/c750a8c04062dd767f019806ee539b89/url'
19:54:53.040 [Forwarding getCurrentUrl on session c750a8c04062dd767f019806ee539b89 to remote] DEBUG org.asynchttpclient.netty.request.NettyRequestSender - Using open Channel [id: 0xe62c5388, L:/127.0.0.1:56476 - R:localhost/127.0.0.1:39210] for GET '/session/c750a8c04062dd767f019806ee539b89/url'
19:54:53.042 [AsyncHttpClient-1-17] DEBUG org.asynchttpclient.netty.handler.HttpHandler - 

Request DefaultFullHttpRequest(decodeResult: success, version: HTTP/1.1, content: EmptyByteBufBE)
GET /session/c750a8c04062dd767f019806ee539b89/url HTTP/1.1
User-Agent: selenium/4.8.1 (java windows)
Cache-Control: no-cache
Content-Type: application/json; charset=utf-8
host: localhost:39210
accept: */*

Response DefaultHttpResponse(decodeResult: success, version: HTTP/1.1)
HTTP/1.1 200 OK
Content-Length: 38
Content-Type: application/json; charset=utf-8
cache-control: no-cache

19:54:53.043 [AsyncHttpClient-1-17] DEBUG org.asynchttpclient.netty.channel.ChannelManager - Adding key: http://localhost:39210 for channel [id: 0xe62c5388, L:/127.0.0.1:56476 - R:localhost/127.0.0.1:39210]
19:54:53.044 [main] DEBUG net.thucydides.core.steps.StepInterceptor - STARTING STEP: LoginSteps.doEnterUsername - inputUsername
19:54:53.046 [Forwarding findElement on session c750a8c04062dd767f019806ee539b89 to remote] DEBUG org.asynchttpclient.netty.request.NettyRequestSender - Using pooled Channel '[id: 0xe62c5388, L:/127.0.0.1:56476 - R:localhost/127.0.0.1:39210]' for 'POST' to 'http://localhost:39210/session/c750a8c04062dd767f019806ee539b89/element'
19:54:53.046 [Forwarding findElement on session c750a8c04062dd767f019806ee539b89 to remote] DEBUG org.asynchttpclient.netty.request.NettyRequestSender - Using open Channel [id: 0xe62c5388, L:/127.0.0.1:56476 - R:localhost/127.0.0.1:39210] for POST '/session/c750a8c04062dd767f019806ee539b89/element'
19:54:53.056 [AsyncHttpClient-1-17] DEBUG org.asynchttpclient.netty.handler.HttpHandler - 

Request DefaultHttpRequest(decodeResult: success, version: HTTP/1.1)
POST /session/c750a8c04062dd767f019806ee539b89/element HTTP/1.1
User-Agent: selenium/4.8.1 (java windows)
Content-Length: 56
Content-Type: application/json; charset=utf-8
host: localhost:39210
accept: */*

Response DefaultHttpResponse(decodeResult: success, version: HTTP/1.1)
HTTP/1.1 200 OK
Content-Length: 88
Content-Type: application/json; charset=utf-8
cache-control: no-cache

19:54:53.056 [AsyncHttpClient-1-17] DEBUG org.asynchttpclient.netty.channel.ChannelManager - Adding key: http://localhost:39210 for channel [id: 0xe62c5388, L:/127.0.0.1:56476 - R:localhost/127.0.0.1:39210]
19:54:53.058 [Forwarding clearElement on session c750a8c04062dd767f019806ee539b89 to remote] DEBUG org.asynchttpclient.netty.request.NettyRequestSender - Using pooled Channel '[id: 0xe62c5388, L:/127.0.0.1:56476 - R:localhost/127.0.0.1:39210]' for 'POST' to 'http://localhost:39210/session/c750a8c04062dd767f019806ee539b89/element/f4863cbd-d1d4-41cc-b9c8-88e16d3d46f3/clear'
19:54:53.058 [Forwarding clearElement on session c750a8c04062dd767f019806ee539b89 to remote] DEBUG org.asynchttpclient.netty.request.NettyRequestSender - Using open Channel [id: 0xe62c5388, L:/127.0.0.1:56476 - R:localhost/127.0.0.1:39210] for POST '/session/c750a8c04062dd767f019806ee539b89/element/f4863cbd-d1d4-41cc-b9c8-88e16d3d46f3/clear'
19:54:53.090 [AsyncHttpClient-1-17] DEBUG org.asynchttpclient.netty.handler.HttpHandler - 

Request DefaultHttpRequest(decodeResult: success, version: HTTP/1.1)
POST /session/c750a8c04062dd767f019806ee539b89/element/f4863cbd-d1d4-41cc-b9c8-88e16d3d46f3/clear HTTP/1.1
User-Agent: selenium/4.8.1 (java windows)
Content-Length: 50
Content-Type: application/json; charset=utf-8
host: localhost:39210
accept: */*

Response DefaultHttpResponse(decodeResult: success, version: HTTP/1.1)
HTTP/1.1 200 OK
Content-Length: 14
Content-Type: application/json; charset=utf-8
cache-control: no-cache

19:54:53.090 [AsyncHttpClient-1-17] DEBUG org.asynchttpclient.netty.channel.ChannelManager - Adding key: http://localhost:39210 for channel [id: 0xe62c5388, L:/127.0.0.1:56476 - R:localhost/127.0.0.1:39210]
19:54:53.091 [Forwarding sendKeysToElement on session c750a8c04062dd767f019806ee539b89 to remote] DEBUG org.asynchttpclient.netty.request.NettyRequestSender - Using pooled Channel '[id: 0xe62c5388, L:/127.0.0.1:56476 - R:localhost/127.0.0.1:39210]' for 'POST' to 'http://localhost:39210/session/c750a8c04062dd767f019806ee539b89/element/f4863cbd-d1d4-41cc-b9c8-88e16d3d46f3/value'
19:54:53.092 [Forwarding sendKeysToElement on session c750a8c04062dd767f019806ee539b89 to remote] DEBUG org.asynchttpclient.netty.request.NettyRequestSender - Using open Channel [id: 0xe62c5388, L:/127.0.0.1:56476 - R:localhost/127.0.0.1:39210] for POST '/session/c750a8c04062dd767f019806ee539b89/element/f4863cbd-d1d4-41cc-b9c8-88e16d3d46f3/value'
19:54:53.153 [AsyncHttpClient-1-17] DEBUG org.asynchttpclient.netty.handler.HttpHandler - 

Request DefaultHttpRequest(decodeResult: success, version: HTTP/1.1)
POST /session/c750a8c04062dd767f019806ee539b89/element/f4863cbd-d1d4-41cc-b9c8-88e16d3d46f3/value HTTP/1.1
User-Agent: selenium/4.8.1 (java windows)
Content-Length: 191
Content-Type: application/json; charset=utf-8
host: localhost:39210
accept: */*

Response DefaultHttpResponse(decodeResult: success, version: HTTP/1.1)
HTTP/1.1 200 OK
Content-Length: 14
Content-Type: application/json; charset=utf-8
cache-control: no-cache

19:54:53.153 [AsyncHttpClient-1-17] DEBUG org.asynchttpclient.netty.channel.ChannelManager - Adding key: http://localhost:39210 for channel [id: 0xe62c5388, L:/127.0.0.1:56476 - R:localhost/127.0.0.1:39210]
19:54:53.157 [Forwarding getAlertText on session c750a8c04062dd767f019806ee539b89 to remote] DEBUG org.asynchttpclient.netty.request.NettyRequestSender - Using pooled Channel '[id: 0xe62c5388, L:/127.0.0.1:56476 - R:localhost/127.0.0.1:39210]' for 'GET' to 'http://localhost:39210/session/c750a8c04062dd767f019806ee539b89/alert/text'
19:54:53.157 [Forwarding getAlertText on session c750a8c04062dd767f019806ee539b89 to remote] DEBUG org.asynchttpclient.netty.request.NettyRequestSender - Using open Channel [id: 0xe62c5388, L:/127.0.0.1:56476 - R:localhost/127.0.0.1:39210] for GET '/session/c750a8c04062dd767f019806ee539b89/alert/text'
19:54:53.159 [AsyncHttpClient-1-17] DEBUG org.asynchttpclient.netty.handler.HttpHandler - 

Request DefaultFullHttpRequest(decodeResult: success, version: HTTP/1.1, content: EmptyByteBufBE)
GET /session/c750a8c04062dd767f019806ee539b89/alert/text HTTP/1.1
User-Agent: selenium/4.8.1 (java windows)
Cache-Control: no-cache
Content-Type: application/json; charset=utf-8
host: localhost:39210
accept: */*

Response DefaultHttpResponse(decodeResult: success, version: HTTP/1.1)
HTTP/1.1 404 Not Found
Content-Length: 816
Content-Type: application/json; charset=utf-8
cache-control: no-cache

19:54:53.159 [AsyncHttpClient-1-17] DEBUG org.asynchttpclient.netty.channel.ChannelManager - Adding key: http://localhost:39210 for channel [id: 0xe62c5388, L:/127.0.0.1:56476 - R:localhost/127.0.0.1:39210]
19:54:53.160 [Forwarding getCurrentUrl on session c750a8c04062dd767f019806ee539b89 to remote] DEBUG org.asynchttpclient.netty.request.NettyRequestSender - Using pooled Channel '[id: 0xe62c5388, L:/127.0.0.1:56476 - R:localhost/127.0.0.1:39210]' for 'GET' to 'http://localhost:39210/session/c750a8c04062dd767f019806ee539b89/url'
19:54:53.160 [Forwarding getCurrentUrl on session c750a8c04062dd767f019806ee539b89 to remote] DEBUG org.asynchttpclient.netty.request.NettyRequestSender - Using open Channel [id: 0xe62c5388, L:/127.0.0.1:56476 - R:localhost/127.0.0.1:39210] for GET '/session/c750a8c04062dd767f019806ee539b89/url'
19:54:53.163 [AsyncHttpClient-1-17] DEBUG org.asynchttpclient.netty.handler.HttpHandler - 

Request DefaultFullHttpRequest(decodeResult: success, version: HTTP/1.1, content: EmptyByteBufBE)
GET /session/c750a8c04062dd767f019806ee539b89/url HTTP/1.1
User-Agent: selenium/4.8.1 (java windows)
Cache-Control: no-cache
Content-Type: application/json; charset=utf-8
host: localhost:39210
accept: */*

Response DefaultHttpResponse(decodeResult: success, version: HTTP/1.1)
HTTP/1.1 200 OK
Content-Length: 38
Content-Type: application/json; charset=utf-8
cache-control: no-cache

19:54:53.163 [AsyncHttpClient-1-17] DEBUG org.asynchttpclient.netty.channel.ChannelManager - Adding key: http://localhost:39210 for channel [id: 0xe62c5388, L:/127.0.0.1:56476 - R:localhost/127.0.0.1:39210]
19:54:53.164 [Forwarding screenshot on session c750a8c04062dd767f019806ee539b89 to remote] DEBUG org.asynchttpclient.netty.request.NettyRequestSender - Using pooled Channel '[id: 0xe62c5388, L:/127.0.0.1:56476 - R:localhost/127.0.0.1:39210]' for 'GET' to 'http://localhost:39210/session/c750a8c04062dd767f019806ee539b89/screenshot'
19:54:53.164 [Forwarding screenshot on session c750a8c04062dd767f019806ee539b89 to remote] DEBUG org.asynchttpclient.netty.request.NettyRequestSender - Using open Channel [id: 0xe62c5388, L:/127.0.0.1:56476 - R:localhost/127.0.0.1:39210] for GET '/session/c750a8c04062dd767f019806ee539b89/screenshot'
19:54:53.215 [AsyncHttpClient-1-1] DEBUG org.asynchttpclient.netty.channel.DefaultChannelPool - Entry count for : http://localhost:56477 : 1
19:54:53.283 [AsyncHttpClient-1-17] DEBUG org.asynchttpclient.netty.handler.HttpHandler - 

Request DefaultFullHttpRequest(decodeResult: success, version: HTTP/1.1, content: EmptyByteBufBE)
GET /session/c750a8c04062dd767f019806ee539b89/screenshot HTTP/1.1
User-Agent: selenium/4.8.1 (java windows)
Cache-Control: no-cache
Content-Type: application/json; charset=utf-8
host: localhost:39210
accept: */*

Response DefaultHttpResponse(decodeResult: success, version: HTTP/1.1)
HTTP/1.1 200 OK
Content-Length: 58676
Content-Type: application/json; charset=utf-8
cache-control: no-cache

19:54:53.283 [AsyncHttpClient-1-17] DEBUG org.asynchttpclient.netty.channel.ChannelManager - Adding key: http://localhost:39210 for channel [id: 0xe62c5388, L:/127.0.0.1:56476 - R:localhost/127.0.0.1:39210]
19:54:53.285 [main] DEBUG net.serenitybdd.core.photography.Darkroom - Send negative for processing for target\site\serenity\a792e3e7f530e399f1cad13ff1868ecb2926bb6e3ebbbf246f5536dd870e2a61.png
19:54:53.285 [main] DEBUG net.thucydides.core.steps.StepInterceptor - STEP DONE: inputUsername
  &amp#27;[32mWhen &amp#27;[0m&amp#27;[32mI enter username &amp#27;[0m&amp#27;[32m&amp#27;[1m"normal_user"&amp#27;[0m                               &amp#27;[90m# starter.stepDefinitions.LoginSteps.doEnterUsername(java.lang.String)&amp#27;[0m
19:54:53.285 [Darkroom Processing Line] DEBUG net.serenitybdd.core.photography.DarkroomProcessingLine - Processing screenshot image in /var/screenshots/screenshot-7237659840443423150
19:54:53.285 [Darkroom Processing Line] DEBUG net.serenitybdd.core.photography.DarkroomProcessingLine - Saving screenshot to target\site\serenity\a792e3e7f530e399f1cad13ff1868ecb2926bb6e3ebbbf246f5536dd870e2a61.png
19:54:53.293 [Forwarding getPageSource on session c750a8c04062dd767f019806ee539b89 to remote] DEBUG org.asynchttpclient.netty.request.NettyRequestSender - Using pooled Channel '[id: 0xe62c5388, L:/127.0.0.1:56476 - R:localhost/127.0.0.1:39210]' for 'POST' to 'http://localhost:39210/session/c750a8c04062dd767f019806ee539b89/execute/sync'
19:54:53.293 [Forwarding getPageSource on session c750a8c04062dd767f019806ee539b89 to remote] DEBUG org.asynchttpclient.netty.request.NettyRequestSender - Using open Channel [id: 0xe62c5388, L:/127.0.0.1:56476 - R:localhost/127.0.0.1:39210] for POST '/session/c750a8c04062dd767f019806ee539b89/execute/sync'
19:54:53.298 [AsyncHttpClient-1-17] DEBUG org.asynchttpclient.netty.handler.HttpHandler - 

Request DefaultHttpRequest(decodeResult: success, version: HTTP/1.1)
POST /session/c750a8c04062dd767f019806ee539b89/execute/sync HTTP/1.1
User-Agent: selenium/4.8.1 (java windows)
Content-Length: 176
Content-Type: application/json; charset=utf-8
host: localhost:39210
accept: */*

Response DefaultHttpResponse(decodeResult: success, version: HTTP/1.1)
HTTP/1.1 200 OK
Content-Length: 4297
Content-Type: application/json; charset=utf-8
cache-control: no-cache

19:54:53.298 [AsyncHttpClient-1-17] DEBUG org.asynchttpclient.netty.channel.ChannelManager - Adding key: http://localhost:39210 for channel [id: 0xe62c5388, L:/127.0.0.1:56476 - R:localhost/127.0.0.1:39210]
19:54:53.299 [Forwarding getCurrentUrl on session c750a8c04062dd767f019806ee539b89 to remote] DEBUG org.asynchttpclient.netty.request.NettyRequestSender - Using pooled Channel '[id: 0xe62c5388, L:/127.0.0.1:56476 - R:localhost/127.0.0.1:39210]' for 'GET' to 'http://localhost:39210/session/c750a8c04062dd767f019806ee539b89/url'
19:54:53.299 [Forwarding getCurrentUrl on session c750a8c04062dd767f019806ee539b89 to remote] DEBUG org.asynchttpclient.netty.request.NettyRequestSender - Using open Channel [id: 0xe62c5388, L:/127.0.0.1:56476 - R:localhost/127.0.0.1:39210] for GET '/session/c750a8c04062dd767f019806ee539b89/url'
19:54:53.302 [AsyncHttpClient-1-17] DEBUG org.asynchttpclient.netty.handler.HttpHandler - 

Request DefaultFullHttpRequest(decodeResult: success, version: HTTP/1.1, content: EmptyByteBufBE)
GET /session/c750a8c04062dd767f019806ee539b89/url HTTP/1.1
User-Agent: selenium/4.8.1 (java windows)
Cache-Control: no-cache
Content-Type: application/json; charset=utf-8
host: localhost:39210
accept: */*

Response DefaultHttpResponse(decodeResult: success, version: HTTP/1.1)
HTTP/1.1 200 OK
Content-Length: 38
Content-Type: application/json; charset=utf-8
cache-control: no-cache

19:54:53.302 [AsyncHttpClient-1-17] DEBUG org.asynchttpclient.netty.channel.ChannelManager - Adding key: http://localhost:39210 for channel [id: 0xe62c5388, L:/127.0.0.1:56476 - R:localhost/127.0.0.1:39210]
19:54:53.331 [Forwarding getPageSource on session c750a8c04062dd767f019806ee539b89 to remote] DEBUG org.asynchttpclient.netty.request.NettyRequestSender - Using pooled Channel '[id: 0xe62c5388, L:/127.0.0.1:56476 - R:localhost/127.0.0.1:39210]' for 'POST' to 'http://localhost:39210/session/c750a8c04062dd767f019806ee539b89/execute/sync'
19:54:53.331 [Forwarding getPageSource on session c750a8c04062dd767f019806ee539b89 to remote] DEBUG org.asynchttpclient.netty.request.NettyRequestSender - Using open Channel [id: 0xe62c5388, L:/127.0.0.1:56476 - R:localhost/127.0.0.1:39210] for POST '/session/c750a8c04062dd767f019806ee539b89/execute/sync'
19:54:53.334 [AsyncHttpClient-1-17] DEBUG org.asynchttpclient.netty.handler.HttpHandler - 

Request DefaultHttpRequest(decodeResult: success, version: HTTP/1.1)
POST /session/c750a8c04062dd767f019806ee539b89/execute/sync HTTP/1.1
User-Agent: selenium/4.8.1 (java windows)
Content-Length: 176
Content-Type: application/json; charset=utf-8
host: localhost:39210
accept: */*

Response DefaultHttpResponse(decodeResult: success, version: HTTP/1.1)
HTTP/1.1 200 OK
Content-Length: 4297
Content-Type: application/json; charset=utf-8
cache-control: no-cache

19:54:53.334 [AsyncHttpClient-1-17] DEBUG org.asynchttpclient.netty.channel.ChannelManager - Adding key: http://localhost:39210 for channel [id: 0xe62c5388, L:/127.0.0.1:56476 - R:localhost/127.0.0.1:39210]
19:54:53.335 [Forwarding getCurrentUrl on session c750a8c04062dd767f019806ee539b89 to remote] DEBUG org.asynchttpclient.netty.request.NettyRequestSender - Using pooled Channel '[id: 0xe62c5388, L:/127.0.0.1:56476 - R:localhost/127.0.0.1:39210]' for 'GET' to 'http://localhost:39210/session/c750a8c04062dd767f019806ee539b89/url'
19:54:53.335 [Forwarding getCurrentUrl on session c750a8c04062dd767f019806ee539b89 to remote] DEBUG org.asynchttpclient.netty.request.NettyRequestSender - Using open Channel [id: 0xe62c5388, L:/127.0.0.1:56476 - R:localhost/127.0.0.1:39210] for GET '/session/c750a8c04062dd767f019806ee539b89/url'
19:54:53.338 [AsyncHttpClient-1-17] DEBUG org.asynchttpclient.netty.handler.HttpHandler - 

Request DefaultFullHttpRequest(decodeResult: success, version: HTTP/1.1, content: EmptyByteBufBE)
GET /session/c750a8c04062dd767f019806ee539b89/url HTTP/1.1
User-Agent: selenium/4.8.1 (java windows)
Cache-Control: no-cache
Content-Type: application/json; charset=utf-8
host: localhost:39210
accept: */*

Response DefaultHttpResponse(decodeResult: success, version: HTTP/1.1)
HTTP/1.1 200 OK
Content-Length: 38
Content-Type: application/json; charset=utf-8
cache-control: no-cache

19:54:53.338 [AsyncHttpClient-1-17] DEBUG org.asynchttpclient.netty.channel.ChannelManager - Adding key: http://localhost:39210 for channel [id: 0xe62c5388, L:/127.0.0.1:56476 - R:localhost/127.0.0.1:39210]
19:54:53.340 [main] DEBUG net.thucydides.core.steps.StepInterceptor - STARTING STEP: LoginSteps.doEnterPassword - inputPassword
19:54:53.343 [Forwarding findElement on session c750a8c04062dd767f019806ee539b89 to remote] DEBUG org.asynchttpclient.netty.request.NettyRequestSender - Using pooled Channel '[id: 0xe62c5388, L:/127.0.0.1:56476 - R:localhost/127.0.0.1:39210]' for 'POST' to 'http://localhost:39210/session/c750a8c04062dd767f019806ee539b89/element'
19:54:53.343 [Forwarding findElement on session c750a8c04062dd767f019806ee539b89 to remote] DEBUG org.asynchttpclient.netty.request.NettyRequestSender - Using open Channel [id: 0xe62c5388, L:/127.0.0.1:56476 - R:localhost/127.0.0.1:39210] for POST '/session/c750a8c04062dd767f019806ee539b89/element'
19:54:53.356 [AsyncHttpClient-1-17] DEBUG org.asynchttpclient.netty.handler.HttpHandler - 

Request DefaultHttpRequest(decodeResult: success, version: HTTP/1.1)
POST /session/c750a8c04062dd767f019806ee539b89/element HTTP/1.1
User-Agent: selenium/4.8.1 (java windows)
Content-Length: 53
Content-Type: application/json; charset=utf-8
host: localhost:39210
accept: */*

Response DefaultHttpResponse(decodeResult: success, version: HTTP/1.1)
HTTP/1.1 200 OK
Content-Length: 88
Content-Type: application/json; charset=utf-8
cache-control: no-cache

19:54:53.356 [AsyncHttpClient-1-17] DEBUG org.asynchttpclient.netty.channel.ChannelManager - Adding key: http://localhost:39210 for channel [id: 0xe62c5388, L:/127.0.0.1:56476 - R:localhost/127.0.0.1:39210]
19:54:53.357 [Forwarding clearElement on session c750a8c04062dd767f019806ee539b89 to remote] DEBUG org.asynchttpclient.netty.request.NettyRequestSender - Using pooled Channel '[id: 0xe62c5388, L:/127.0.0.1:56476 - R:localhost/127.0.0.1:39210]' for 'POST' to 'http://localhost:39210/session/c750a8c04062dd767f019806ee539b89/element/0baaba19-28c7-435f-8296-031e9a6fae32/clear'
19:54:53.357 [Forwarding clearElement on session c750a8c04062dd767f019806ee539b89 to remote] DEBUG org.asynchttpclient.netty.request.NettyRequestSender - Using open Channel [id: 0xe62c5388, L:/127.0.0.1:56476 - R:localhost/127.0.0.1:39210] for POST '/session/c750a8c04062dd767f019806ee539b89/element/0baaba19-28c7-435f-8296-031e9a6fae32/clear'
19:54:53.386 [AsyncHttpClient-1-17] DEBUG org.asynchttpclient.netty.handler.HttpHandler - 

Request DefaultHttpRequest(decodeResult: success, version: HTTP/1.1)
POST /session/c750a8c04062dd767f019806ee539b89/element/0baaba19-28c7-435f-8296-031e9a6fae32/clear HTTP/1.1
User-Agent: selenium/4.8.1 (java windows)
Content-Length: 50
Content-Type: application/json; charset=utf-8
host: localhost:39210
accept: */*

Response DefaultHttpResponse(decodeResult: success, version: HTTP/1.1)
HTTP/1.1 200 OK
Content-Length: 14
Content-Type: application/json; charset=utf-8
cache-control: no-cache

19:54:53.386 [AsyncHttpClient-1-17] DEBUG org.asynchttpclient.netty.channel.ChannelManager - Adding key: http://localhost:39210 for channel [id: 0xe62c5388, L:/127.0.0.1:56476 - R:localhost/127.0.0.1:39210]
19:54:53.387 [Forwarding sendKeysToElement on session c750a8c04062dd767f019806ee539b89 to remote] DEBUG org.asynchttpclient.netty.request.NettyRequestSender - Using pooled Channel '[id: 0xe62c5388, L:/127.0.0.1:56476 - R:localhost/127.0.0.1:39210]' for 'POST' to 'http://localhost:39210/session/c750a8c04062dd767f019806ee539b89/element/0baaba19-28c7-435f-8296-031e9a6fae32/value'
19:54:53.387 [Forwarding sendKeysToElement on session c750a8c04062dd767f019806ee539b89 to remote] DEBUG org.asynchttpclient.netty.request.NettyRequestSender - Using open Channel [id: 0xe62c5388, L:/127.0.0.1:56476 - R:localhost/127.0.0.1:39210] for POST '/session/c750a8c04062dd767f019806ee539b89/element/0baaba19-28c7-435f-8296-031e9a6fae32/value'
19:54:53.439 [AsyncHttpClient-1-17] DEBUG org.asynchttpclient.netty.handler.HttpHandler - 

Request DefaultHttpRequest(decodeResult: success, version: HTTP/1.1)
POST /session/c750a8c04062dd767f019806ee539b89/element/0baaba19-28c7-435f-8296-031e9a6fae32/value HTTP/1.1
User-Agent: selenium/4.8.1 (java windows)
Content-Length: 191
Content-Type: application/json; charset=utf-8
host: localhost:39210
accept: */*

Response DefaultHttpResponse(decodeResult: success, version: HTTP/1.1)
HTTP/1.1 200 OK
Content-Length: 14
Content-Type: application/json; charset=utf-8
cache-control: no-cache

19:54:53.439 [AsyncHttpClient-1-17] DEBUG org.asynchttpclient.netty.channel.ChannelManager - Adding key: http://localhost:39210 for channel [id: 0xe62c5388, L:/127.0.0.1:56476 - R:localhost/127.0.0.1:39210]
19:54:53.443 [Forwarding getAlertText on session c750a8c04062dd767f019806ee539b89 to remote] DEBUG org.asynchttpclient.netty.request.NettyRequestSender - Using pooled Channel '[id: 0xe62c5388, L:/127.0.0.1:56476 - R:localhost/127.0.0.1:39210]' for 'GET' to 'http://localhost:39210/session/c750a8c04062dd767f019806ee539b89/alert/text'
19:54:53.443 [Forwarding getAlertText on session c750a8c04062dd767f019806ee539b89 to remote] DEBUG org.asynchttpclient.netty.request.NettyRequestSender - Using open Channel [id: 0xe62c5388, L:/127.0.0.1:56476 - R:localhost/127.0.0.1:39210] for GET '/session/c750a8c04062dd767f019806ee539b89/alert/text'
19:54:53.445 [AsyncHttpClient-1-17] DEBUG org.asynchttpclient.netty.handler.HttpHandler - 

Request DefaultFullHttpRequest(decodeResult: success, version: HTTP/1.1, content: EmptyByteBufBE)
GET /session/c750a8c04062dd767f019806ee539b89/alert/text HTTP/1.1
User-Agent: selenium/4.8.1 (java windows)
Cache-Control: no-cache
Content-Type: application/json; charset=utf-8
host: localhost:39210
accept: */*

Response DefaultHttpResponse(decodeResult: success, version: HTTP/1.1)
HTTP/1.1 404 Not Found
Content-Length: 816
Content-Type: application/json; charset=utf-8
cache-control: no-cache

19:54:53.445 [AsyncHttpClient-1-17] DEBUG org.asynchttpclient.netty.channel.ChannelManager - Adding key: http://localhost:39210 for channel [id: 0xe62c5388, L:/127.0.0.1:56476 - R:localhost/127.0.0.1:39210]
19:54:53.446 [Forwarding getCurrentUrl on session c750a8c04062dd767f019806ee539b89 to remote] DEBUG org.asynchttpclient.netty.request.NettyRequestSender - Using pooled Channel '[id: 0xe62c5388, L:/127.0.0.1:56476 - R:localhost/127.0.0.1:39210]' for 'GET' to 'http://localhost:39210/session/c750a8c04062dd767f019806ee539b89/url'
19:54:53.446 [Forwarding getCurrentUrl on session c750a8c04062dd767f019806ee539b89 to remote] DEBUG org.asynchttpclient.netty.request.NettyRequestSender - Using open Channel [id: 0xe62c5388, L:/127.0.0.1:56476 - R:localhost/127.0.0.1:39210] for GET '/session/c750a8c04062dd767f019806ee539b89/url'
19:54:53.449 [AsyncHttpClient-1-17] DEBUG org.asynchttpclient.netty.handler.HttpHandler - 

Request DefaultFullHttpRequest(decodeResult: success, version: HTTP/1.1, content: EmptyByteBufBE)
GET /session/c750a8c04062dd767f019806ee539b89/url HTTP/1.1
User-Agent: selenium/4.8.1 (java windows)
Cache-Control: no-cache
Content-Type: application/json; charset=utf-8
host: localhost:39210
accept: */*

Response DefaultHttpResponse(decodeResult: success, version: HTTP/1.1)
HTTP/1.1 200 OK
Content-Length: 38
Content-Type: application/json; charset=utf-8
cache-control: no-cache

19:54:53.450 [AsyncHttpClient-1-17] DEBUG org.asynchttpclient.netty.channel.ChannelManager - Adding key: http://localhost:39210 for channel [id: 0xe62c5388, L:/127.0.0.1:56476 - R:localhost/127.0.0.1:39210]
19:54:53.450 [Forwarding screenshot on session c750a8c04062dd767f019806ee539b89 to remote] DEBUG org.asynchttpclient.netty.request.NettyRequestSender - Using pooled Channel '[id: 0xe62c5388, L:/127.0.0.1:56476 - R:localhost/127.0.0.1:39210]' for 'GET' to 'http://localhost:39210/session/c750a8c04062dd767f019806ee539b89/screenshot'
19:54:53.450 [Forwarding screenshot on session c750a8c04062dd767f019806ee539b89 to remote] DEBUG org.asynchttpclient.netty.request.NettyRequestSender - Using open Channel [id: 0xe62c5388, L:/127.0.0.1:56476 - R:localhost/127.0.0.1:39210] for GET '/session/c750a8c04062dd767f019806ee539b89/screenshot'
19:54:53.583 [AsyncHttpClient-1-17] DEBUG org.asynchttpclient.netty.handler.HttpHandler - 

Request DefaultFullHttpRequest(decodeResult: success, version: HTTP/1.1, content: EmptyByteBufBE)
GET /session/c750a8c04062dd767f019806ee539b89/screenshot HTTP/1.1
User-Agent: selenium/4.8.1 (java windows)
Cache-Control: no-cache
Content-Type: application/json; charset=utf-8
host: localhost:39210
accept: */*

Response DefaultHttpResponse(decodeResult: success, version: HTTP/1.1)
HTTP/1.1 200 OK
Content-Length: 56136
Content-Type: application/json; charset=utf-8
cache-control: no-cache

19:54:53.583 [AsyncHttpClient-1-17] DEBUG org.asynchttpclient.netty.channel.ChannelManager - Adding key: http://localhost:39210 for channel [id: 0xe62c5388, L:/127.0.0.1:56476 - R:localhost/127.0.0.1:39210]
19:54:53.585 [main] DEBUG net.serenitybdd.core.photography.Darkroom - Send negative for processing for target\site\serenity\ba9108ff220720325f0f8288141d6c15275821390757b36fe243077d8edc241a.png
19:54:53.586 [main] DEBUG net.thucydides.core.steps.StepInterceptor - STEP DONE: inputPassword
  &amp#27;[32mAnd &amp#27;[0m&amp#27;[32mI enter password &amp#27;[0m&amp#27;[32m&amp#27;[1m"known_sauce"&amp#27;[0m                                &amp#27;[90m# starter.stepDefinitions.LoginSteps.doEnterPassword(java.lang.String)&amp#27;[0m
19:54:53.586 [Darkroom Processing Line] DEBUG net.serenitybdd.core.photography.DarkroomProcessingLine - Processing screenshot image in /var/screenshots/screenshot-12402893526189306170
19:54:53.586 [Darkroom Processing Line] DEBUG net.serenitybdd.core.photography.DarkroomProcessingLine - Saving screenshot to target\site\serenity\ba9108ff220720325f0f8288141d6c15275821390757b36fe243077d8edc241a.png
19:54:53.592 [Forwarding getPageSource on session c750a8c04062dd767f019806ee539b89 to remote] DEBUG org.asynchttpclient.netty.request.NettyRequestSender - Using pooled Channel '[id: 0xe62c5388, L:/127.0.0.1:56476 - R:localhost/127.0.0.1:39210]' for 'POST' to 'http://localhost:39210/session/c750a8c04062dd767f019806ee539b89/execute/sync'
19:54:53.592 [Forwarding getPageSource on session c750a8c04062dd767f019806ee539b89 to remote] DEBUG org.asynchttpclient.netty.request.NettyRequestSender - Using open Channel [id: 0xe62c5388, L:/127.0.0.1:56476 - R:localhost/127.0.0.1:39210] for POST '/session/c750a8c04062dd767f019806ee539b89/execute/sync'
19:54:53.595 [AsyncHttpClient-1-17] DEBUG org.asynchttpclient.netty.handler.HttpHandler - 

Request DefaultHttpRequest(decodeResult: success, version: HTTP/1.1)
POST /session/c750a8c04062dd767f019806ee539b89/execute/sync HTTP/1.1
User-Agent: selenium/4.8.1 (java windows)
Content-Length: 176
Content-Type: application/json; charset=utf-8
host: localhost:39210
accept: */*

Response DefaultHttpResponse(decodeResult: success, version: HTTP/1.1)
HTTP/1.1 200 OK
Content-Length: 4308
Content-Type: application/json; charset=utf-8
cache-control: no-cache

19:54:53.596 [AsyncHttpClient-1-17] DEBUG org.asynchttpclient.netty.channel.ChannelManager - Adding key: http://localhost:39210 for channel [id: 0xe62c5388, L:/127.0.0.1:56476 - R:localhost/127.0.0.1:39210]
19:54:53.597 [Forwarding getCurrentUrl on session c750a8c04062dd767f019806ee539b89 to remote] DEBUG org.asynchttpclient.netty.request.NettyRequestSender - Using pooled Channel '[id: 0xe62c5388, L:/127.0.0.1:56476 - R:localhost/127.0.0.1:39210]' for 'GET' to 'http://localhost:39210/session/c750a8c04062dd767f019806ee539b89/url'
19:54:53.597 [Forwarding getCurrentUrl on session c750a8c04062dd767f019806ee539b89 to remote] DEBUG org.asynchttpclient.netty.request.NettyRequestSender - Using open Channel [id: 0xe62c5388, L:/127.0.0.1:56476 - R:localhost/127.0.0.1:39210] for GET '/session/c750a8c04062dd767f019806ee539b89/url'
19:54:53.600 [AsyncHttpClient-1-17] DEBUG org.asynchttpclient.netty.handler.HttpHandler - 

Request DefaultFullHttpRequest(decodeResult: success, version: HTTP/1.1, content: EmptyByteBufBE)
GET /session/c750a8c04062dd767f019806ee539b89/url HTTP/1.1
User-Agent: selenium/4.8.1 (java windows)
Cache-Control: no-cache
Content-Type: application/json; charset=utf-8
host: localhost:39210
accept: */*

Response DefaultHttpResponse(decodeResult: success, version: HTTP/1.1)
HTTP/1.1 200 OK
Content-Length: 38
Content-Type: application/json; charset=utf-8
cache-control: no-cache

19:54:53.600 [AsyncHttpClient-1-17] DEBUG org.asynchttpclient.netty.channel.ChannelManager - Adding key: http://localhost:39210 for channel [id: 0xe62c5388, L:/127.0.0.1:56476 - R:localhost/127.0.0.1:39210]
19:54:53.628 [Forwarding getPageSource on session c750a8c04062dd767f019806ee539b89 to remote] DEBUG org.asynchttpclient.netty.request.NettyRequestSender - Using pooled Channel '[id: 0xe62c5388, L:/127.0.0.1:56476 - R:localhost/127.0.0.1:39210]' for 'POST' to 'http://localhost:39210/session/c750a8c04062dd767f019806ee539b89/execute/sync'
19:54:53.628 [Forwarding getPageSource on session c750a8c04062dd767f019806ee539b89 to remote] DEBUG org.asynchttpclient.netty.request.NettyRequestSender - Using open Channel [id: 0xe62c5388, L:/127.0.0.1:56476 - R:localhost/127.0.0.1:39210] for POST '/session/c750a8c04062dd767f019806ee539b89/execute/sync'
19:54:53.632 [AsyncHttpClient-1-17] DEBUG org.asynchttpclient.netty.handler.HttpHandler - 

Request DefaultHttpRequest(decodeResult: success, version: HTTP/1.1)
POST /session/c750a8c04062dd767f019806ee539b89/execute/sync HTTP/1.1
User-Agent: selenium/4.8.1 (java windows)
Content-Length: 176
Content-Type: application/json; charset=utf-8
host: localhost:39210
accept: */*

Response DefaultHttpResponse(decodeResult: success, version: HTTP/1.1)
HTTP/1.1 200 OK
Content-Length: 4308
Content-Type: application/json; charset=utf-8
cache-control: no-cache

19:54:53.632 [AsyncHttpClient-1-17] DEBUG org.asynchttpclient.netty.channel.ChannelManager - Adding key: http://localhost:39210 for channel [id: 0xe62c5388, L:/127.0.0.1:56476 - R:localhost/127.0.0.1:39210]
19:54:53.633 [Forwarding getCurrentUrl on session c750a8c04062dd767f019806ee539b89 to remote] DEBUG org.asynchttpclient.netty.request.NettyRequestSender - Using pooled Channel '[id: 0xe62c5388, L:/127.0.0.1:56476 - R:localhost/127.0.0.1:39210]' for 'GET' to 'http://localhost:39210/session/c750a8c04062dd767f019806ee539b89/url'
19:54:53.633 [Forwarding getCurrentUrl on session c750a8c04062dd767f019806ee539b89 to remote] DEBUG org.asynchttpclient.netty.request.NettyRequestSender - Using open Channel [id: 0xe62c5388, L:/127.0.0.1:56476 - R:localhost/127.0.0.1:39210] for GET '/session/c750a8c04062dd767f019806ee539b89/url'
19:54:53.636 [AsyncHttpClient-1-17] DEBUG org.asynchttpclient.netty.handler.HttpHandler - 

Request DefaultFullHttpRequest(decodeResult: success, version: HTTP/1.1, content: EmptyByteBufBE)
GET /session/c750a8c04062dd767f019806ee539b89/url HTTP/1.1
User-Agent: selenium/4.8.1 (java windows)
Cache-Control: no-cache
Content-Type: application/json; charset=utf-8
host: localhost:39210
accept: */*

Response DefaultHttpResponse(decodeResult: success, version: HTTP/1.1)
HTTP/1.1 200 OK
Content-Length: 38
Content-Type: application/json; charset=utf-8
cache-control: no-cache

19:54:53.636 [AsyncHttpClient-1-17] DEBUG org.asynchttpclient.netty.channel.ChannelManager - Adding key: http://localhost:39210 for channel [id: 0xe62c5388, L:/127.0.0.1:56476 - R:localhost/127.0.0.1:39210]
19:54:53.638 [main] DEBUG net.thucydides.core.steps.StepInterceptor - STARTING STEP: LoginSteps.doClickLoginButton - clickButtonLogin
19:54:53.640 [Forwarding findElement on session c750a8c04062dd767f019806ee539b89 to remote] DEBUG org.asynchttpclient.netty.request.NettyRequestSender - Using pooled Channel '[id: 0xe62c5388, L:/127.0.0.1:56476 - R:localhost/127.0.0.1:39210]' for 'POST' to 'http://localhost:39210/session/c750a8c04062dd767f019806ee539b89/element'
19:54:53.640 [Forwarding findElement on session c750a8c04062dd767f019806ee539b89 to remote] DEBUG org.asynchttpclient.netty.request.NettyRequestSender - Using open Channel [id: 0xe62c5388, L:/127.0.0.1:56476 - R:localhost/127.0.0.1:39210] for POST '/session/c750a8c04062dd767f019806ee539b89/element'
19:54:53.646 [AsyncHttpClient-1-17] DEBUG org.asynchttpclient.netty.handler.HttpHandler - 

Request DefaultHttpRequest(decodeResult: success, version: HTTP/1.1)
POST /session/c750a8c04062dd767f019806ee539b89/element HTTP/1.1
User-Agent: selenium/4.8.1 (java windows)
Content-Length: 59
Content-Type: application/json; charset=utf-8
host: localhost:39210
accept: */*

Response DefaultHttpResponse(decodeResult: success, version: HTTP/1.1)
HTTP/1.1 200 OK
Content-Length: 88
Content-Type: application/json; charset=utf-8
cache-control: no-cache

19:54:53.646 [AsyncHttpClient-1-17] DEBUG org.asynchttpclient.netty.channel.ChannelManager - Adding key: http://localhost:39210 for channel [id: 0xe62c5388, L:/127.0.0.1:56476 - R:localhost/127.0.0.1:39210]
19:54:53.647 [Forwarding getElementTagName on session c750a8c04062dd767f019806ee539b89 to remote] DEBUG org.asynchttpclient.netty.request.NettyRequestSender - Using pooled Channel '[id: 0xe62c5388, L:/127.0.0.1:56476 - R:localhost/127.0.0.1:39210]' for 'GET' to 'http://localhost:39210/session/c750a8c04062dd767f019806ee539b89/element/f2d95560-49df-4fc5-ab9c-d38bd3e99811/name'
19:54:53.647 [Forwarding getElementTagName on session c750a8c04062dd767f019806ee539b89 to remote] DEBUG org.asynchttpclient.netty.request.NettyRequestSender - Using open Channel [id: 0xe62c5388, L:/127.0.0.1:56476 - R:localhost/127.0.0.1:39210] for GET '/session/c750a8c04062dd767f019806ee539b89/element/f2d95560-49df-4fc5-ab9c-d38bd3e99811/name'
19:54:53.651 [AsyncHttpClient-1-17] DEBUG org.asynchttpclient.netty.handler.HttpHandler - 

Request DefaultFullHttpRequest(decodeResult: success, version: HTTP/1.1, content: EmptyByteBufBE)
GET /session/c750a8c04062dd767f019806ee539b89/element/f2d95560-49df-4fc5-ab9c-d38bd3e99811/name HTTP/1.1
User-Agent: selenium/4.8.1 (java windows)
Cache-Control: no-cache
Content-Type: application/json; charset=utf-8
host: localhost:39210
accept: */*

Response DefaultHttpResponse(decodeResult: success, version: HTTP/1.1)
HTTP/1.1 200 OK
Content-Length: 17
Content-Type: application/json; charset=utf-8
cache-control: no-cache

19:54:53.651 [AsyncHttpClient-1-17] DEBUG org.asynchttpclient.netty.channel.ChannelManager - Adding key: http://localhost:39210 for channel [id: 0xe62c5388, L:/127.0.0.1:56476 - R:localhost/127.0.0.1:39210]
19:54:53.652 [Forwarding getElementTagName on session c750a8c04062dd767f019806ee539b89 to remote] DEBUG org.asynchttpclient.netty.request.NettyRequestSender - Using pooled Channel '[id: 0xe62c5388, L:/127.0.0.1:56476 - R:localhost/127.0.0.1:39210]' for 'GET' to 'http://localhost:39210/session/c750a8c04062dd767f019806ee539b89/element/f2d95560-49df-4fc5-ab9c-d38bd3e99811/name'
19:54:53.652 [Forwarding getElementTagName on session c750a8c04062dd767f019806ee539b89 to remote] DEBUG org.asynchttpclient.netty.request.NettyRequestSender - Using open Channel [id: 0xe62c5388, L:/127.0.0.1:56476 - R:localhost/127.0.0.1:39210] for GET '/session/c750a8c04062dd767f019806ee539b89/element/f2d95560-49df-4fc5-ab9c-d38bd3e99811/name'
19:54:53.655 [AsyncHttpClient-1-17] DEBUG org.asynchttpclient.netty.handler.HttpHandler - 

Request DefaultFullHttpRequest(decodeResult: success, version: HTTP/1.1, content: EmptyByteBufBE)
GET /session/c750a8c04062dd767f019806ee539b89/element/f2d95560-49df-4fc5-ab9c-d38bd3e99811/name HTTP/1.1
User-Agent: selenium/4.8.1 (java windows)
Cache-Control: no-cache
Content-Type: application/json; charset=utf-8
host: localhost:39210
accept: */*

Response DefaultHttpResponse(decodeResult: success, version: HTTP/1.1)
HTTP/1.1 200 OK
Content-Length: 17
Content-Type: application/json; charset=utf-8
cache-control: no-cache

19:54:53.655 [AsyncHttpClient-1-17] DEBUG org.asynchttpclient.netty.channel.ChannelManager - Adding key: http://localhost:39210 for channel [id: 0xe62c5388, L:/127.0.0.1:56476 - R:localhost/127.0.0.1:39210]
19:54:53.656 [Forwarding isElementEnabled on session c750a8c04062dd767f019806ee539b89 to remote] DEBUG org.asynchttpclient.netty.request.NettyRequestSender - Using pooled Channel '[id: 0xe62c5388, L:/127.0.0.1:56476 - R:localhost/127.0.0.1:39210]' for 'GET' to 'http://localhost:39210/session/c750a8c04062dd767f019806ee539b89/element/f2d95560-49df-4fc5-ab9c-d38bd3e99811/enabled'
19:54:53.656 [Forwarding isElementEnabled on session c750a8c04062dd767f019806ee539b89 to remote] DEBUG org.asynchttpclient.netty.request.NettyRequestSender - Using open Channel [id: 0xe62c5388, L:/127.0.0.1:56476 - R:localhost/127.0.0.1:39210] for GET '/session/c750a8c04062dd767f019806ee539b89/element/f2d95560-49df-4fc5-ab9c-d38bd3e99811/enabled'
19:54:53.663 [AsyncHttpClient-1-17] DEBUG org.asynchttpclient.netty.handler.HttpHandler - 

Request DefaultFullHttpRequest(decodeResult: success, version: HTTP/1.1, content: EmptyByteBufBE)
GET /session/c750a8c04062dd767f019806ee539b89/element/f2d95560-49df-4fc5-ab9c-d38bd3e99811/enabled HTTP/1.1
User-Agent: selenium/4.8.1 (java windows)
Cache-Control: no-cache
Content-Type: application/json; charset=utf-8
host: localhost:39210
accept: */*

Response DefaultHttpResponse(decodeResult: success, version: HTTP/1.1)
HTTP/1.1 200 OK
Content-Length: 14
Content-Type: application/json; charset=utf-8
cache-control: no-cache

19:54:53.663 [AsyncHttpClient-1-17] DEBUG org.asynchttpclient.netty.channel.ChannelManager - Adding key: http://localhost:39210 for channel [id: 0xe62c5388, L:/127.0.0.1:56476 - R:localhost/127.0.0.1:39210]
19:54:53.664 [Forwarding isElementEnabled on session c750a8c04062dd767f019806ee539b89 to remote] DEBUG org.asynchttpclient.netty.request.NettyRequestSender - Using pooled Channel '[id: 0xe62c5388, L:/127.0.0.1:56476 - R:localhost/127.0.0.1:39210]' for 'GET' to 'http://localhost:39210/session/c750a8c04062dd767f019806ee539b89/element/f2d95560-49df-4fc5-ab9c-d38bd3e99811/enabled'
19:54:53.664 [Forwarding isElementEnabled on session c750a8c04062dd767f019806ee539b89 to remote] DEBUG org.asynchttpclient.netty.request.NettyRequestSender - Using open Channel [id: 0xe62c5388, L:/127.0.0.1:56476 - R:localhost/127.0.0.1:39210] for GET '/session/c750a8c04062dd767f019806ee539b89/element/f2d95560-49df-4fc5-ab9c-d38bd3e99811/enabled'
19:54:53.668 [AsyncHttpClient-1-17] DEBUG org.asynchttpclient.netty.handler.HttpHandler - 

Request DefaultFullHttpRequest(decodeResult: success, version: HTTP/1.1, content: EmptyByteBufBE)
GET /session/c750a8c04062dd767f019806ee539b89/element/f2d95560-49df-4fc5-ab9c-d38bd3e99811/enabled HTTP/1.1
User-Agent: selenium/4.8.1 (java windows)
Cache-Control: no-cache
Content-Type: application/json; charset=utf-8
host: localhost:39210
accept: */*

Response DefaultHttpResponse(decodeResult: success, version: HTTP/1.1)
HTTP/1.1 200 OK
Content-Length: 14
Content-Type: application/json; charset=utf-8
cache-control: no-cache

19:54:53.668 [AsyncHttpClient-1-17] DEBUG org.asynchttpclient.netty.channel.ChannelManager - Adding key: http://localhost:39210 for channel [id: 0xe62c5388, L:/127.0.0.1:56476 - R:localhost/127.0.0.1:39210]
19:54:53.670 [Forwarding findElement on session c750a8c04062dd767f019806ee539b89 to remote] DEBUG org.asynchttpclient.netty.request.NettyRequestSender - Using pooled Channel '[id: 0xe62c5388, L:/127.0.0.1:56476 - R:localhost/127.0.0.1:39210]' for 'POST' to 'http://localhost:39210/session/c750a8c04062dd767f019806ee539b89/element'
19:54:53.670 [Forwarding findElement on session c750a8c04062dd767f019806ee539b89 to remote] DEBUG org.asynchttpclient.netty.request.NettyRequestSender - Using open Channel [id: 0xe62c5388, L:/127.0.0.1:56476 - R:localhost/127.0.0.1:39210] for POST '/session/c750a8c04062dd767f019806ee539b89/element'
19:54:53.675 [AsyncHttpClient-1-17] DEBUG org.asynchttpclient.netty.handler.HttpHandler - 

Request DefaultHttpRequest(decodeResult: success, version: HTTP/1.1)
POST /session/c750a8c04062dd767f019806ee539b89/element HTTP/1.1
User-Agent: selenium/4.8.1 (java windows)
Content-Length: 59
Content-Type: application/json; charset=utf-8
host: localhost:39210
accept: */*

Response DefaultHttpResponse(decodeResult: success, version: HTTP/1.1)
HTTP/1.1 200 OK
Content-Length: 88
Content-Type: application/json; charset=utf-8
cache-control: no-cache

19:54:53.675 [AsyncHttpClient-1-17] DEBUG org.asynchttpclient.netty.channel.ChannelManager - Adding key: http://localhost:39210 for channel [id: 0xe62c5388, L:/127.0.0.1:56476 - R:localhost/127.0.0.1:39210]
19:54:53.676 [Forwarding clickElement on session c750a8c04062dd767f019806ee539b89 to remote] DEBUG org.asynchttpclient.netty.request.NettyRequestSender - Using pooled Channel '[id: 0xe62c5388, L:/127.0.0.1:56476 - R:localhost/127.0.0.1:39210]' for 'POST' to 'http://localhost:39210/session/c750a8c04062dd767f019806ee539b89/element/f2d95560-49df-4fc5-ab9c-d38bd3e99811/click'
19:54:53.676 [Forwarding clickElement on session c750a8c04062dd767f019806ee539b89 to remote] DEBUG org.asynchttpclient.netty.request.NettyRequestSender - Using open Channel [id: 0xe62c5388, L:/127.0.0.1:56476 - R:localhost/127.0.0.1:39210] for POST '/session/c750a8c04062dd767f019806ee539b89/element/f2d95560-49df-4fc5-ab9c-d38bd3e99811/click'
19:54:53.724 [AsyncHttpClient-1-17] DEBUG org.asynchttpclient.netty.handler.HttpHandler - 

Request DefaultHttpRequest(decodeResult: success, version: HTTP/1.1)
POST /session/c750a8c04062dd767f019806ee539b89/element/f2d95560-49df-4fc5-ab9c-d38bd3e99811/click HTTP/1.1
User-Agent: selenium/4.8.1 (java windows)
Content-Length: 50
Content-Type: application/json; charset=utf-8
host: localhost:39210
accept: */*

Response DefaultHttpResponse(decodeResult: success, version: HTTP/1.1)
HTTP/1.1 200 OK
Content-Length: 14
Content-Type: application/json; charset=utf-8
cache-control: no-cache

19:54:53.724 [AsyncHttpClient-1-17] DEBUG org.asynchttpclient.netty.channel.ChannelManager - Adding key: http://localhost:39210 for channel [id: 0xe62c5388, L:/127.0.0.1:56476 - R:localhost/127.0.0.1:39210]
19:54:53.730 [Forwarding getAlertText on session c750a8c04062dd767f019806ee539b89 to remote] DEBUG org.asynchttpclient.netty.request.NettyRequestSender - Using pooled Channel '[id: 0xe62c5388, L:/127.0.0.1:56476 - R:localhost/127.0.0.1:39210]' for 'GET' to 'http://localhost:39210/session/c750a8c04062dd767f019806ee539b89/alert/text'
19:54:53.730 [Forwarding getAlertText on session c750a8c04062dd767f019806ee539b89 to remote] DEBUG org.asynchttpclient.netty.request.NettyRequestSender - Using open Channel [id: 0xe62c5388, L:/127.0.0.1:56476 - R:localhost/127.0.0.1:39210] for GET '/session/c750a8c04062dd767f019806ee539b89/alert/text'
19:54:53.732 [AsyncHttpClient-1-17] DEBUG org.asynchttpclient.netty.handler.HttpHandler - 

Request DefaultFullHttpRequest(decodeResult: success, version: HTTP/1.1, content: EmptyByteBufBE)
GET /session/c750a8c04062dd767f019806ee539b89/alert/text HTTP/1.1
User-Agent: selenium/4.8.1 (java windows)
Cache-Control: no-cache
Content-Type: application/json; charset=utf-8
host: localhost:39210
accept: */*

Response DefaultHttpResponse(decodeResult: success, version: HTTP/1.1)
HTTP/1.1 404 Not Found
Content-Length: 816
Content-Type: application/json; charset=utf-8
cache-control: no-cache

19:54:53.732 [AsyncHttpClient-1-17] DEBUG org.asynchttpclient.netty.channel.ChannelManager - Adding key: http://localhost:39210 for channel [id: 0xe62c5388, L:/127.0.0.1:56476 - R:localhost/127.0.0.1:39210]
19:54:53.733 [Forwarding getCurrentUrl on session c750a8c04062dd767f019806ee539b89 to remote] DEBUG org.asynchttpclient.netty.request.NettyRequestSender - Using pooled Channel '[id: 0xe62c5388, L:/127.0.0.1:56476 - R:localhost/127.0.0.1:39210]' for 'GET' to 'http://localhost:39210/session/c750a8c04062dd767f019806ee539b89/url'
19:54:53.733 [Forwarding getCurrentUrl on session c750a8c04062dd767f019806ee539b89 to remote] DEBUG org.asynchttpclient.netty.request.NettyRequestSender - Using open Channel [id: 0xe62c5388, L:/127.0.0.1:56476 - R:localhost/127.0.0.1:39210] for GET '/session/c750a8c04062dd767f019806ee539b89/url'
19:54:53.736 [AsyncHttpClient-1-17] DEBUG org.asynchttpclient.netty.handler.HttpHandler - 

Request DefaultFullHttpRequest(decodeResult: success, version: HTTP/1.1, content: EmptyByteBufBE)
GET /session/c750a8c04062dd767f019806ee539b89/url HTTP/1.1
User-Agent: selenium/4.8.1 (java windows)
Cache-Control: no-cache
Content-Type: application/json; charset=utf-8
host: localhost:39210
accept: */*

Response DefaultHttpResponse(decodeResult: success, version: HTTP/1.1)
HTTP/1.1 200 OK
Content-Length: 38
Content-Type: application/json; charset=utf-8
cache-control: no-cache

19:54:53.736 [AsyncHttpClient-1-17] DEBUG org.asynchttpclient.netty.channel.ChannelManager - Adding key: http://localhost:39210 for channel [id: 0xe62c5388, L:/127.0.0.1:56476 - R:localhost/127.0.0.1:39210]
19:54:53.736 [Forwarding screenshot on session c750a8c04062dd767f019806ee539b89 to remote] DEBUG org.asynchttpclient.netty.request.NettyRequestSender - Using pooled Channel '[id: 0xe62c5388, L:/127.0.0.1:56476 - R:localhost/127.0.0.1:39210]' for 'GET' to 'http://localhost:39210/session/c750a8c04062dd767f019806ee539b89/screenshot'
19:54:53.736 [Forwarding screenshot on session c750a8c04062dd767f019806ee539b89 to remote] DEBUG org.asynchttpclient.netty.request.NettyRequestSender - Using open Channel [id: 0xe62c5388, L:/127.0.0.1:56476 - R:localhost/127.0.0.1:39210] for GET '/session/c750a8c04062dd767f019806ee539b89/screenshot'
19:54:53.857 [AsyncHttpClient-1-17] DEBUG org.asynchttpclient.netty.handler.HttpHandler - 

Request DefaultFullHttpRequest(decodeResult: success, version: HTTP/1.1, content: EmptyByteBufBE)
GET /session/c750a8c04062dd767f019806ee539b89/screenshot HTTP/1.1
User-Agent: selenium/4.8.1 (java windows)
Cache-Control: no-cache
Content-Type: application/json; charset=utf-8
host: localhost:39210
accept: */*

Response DefaultHttpResponse(decodeResult: success, version: HTTP/1.1)
HTTP/1.1 200 OK
Content-Length: 71616
Content-Type: application/json; charset=utf-8
cache-control: no-cache

19:54:53.857 [AsyncHttpClient-1-17] DEBUG org.asynchttpclient.netty.channel.ChannelManager - Adding key: http://localhost:39210 for channel [id: 0xe62c5388, L:/127.0.0.1:56476 - R:localhost/127.0.0.1:39210]
19:54:53.859 [main] DEBUG net.serenitybdd.core.photography.Darkroom - Send negative for processing for target\site\serenity\ea247f9387a60aad7a6d3eb73aecc2369074234624100404ca03702c2d333731.png
19:54:53.860 [main] DEBUG net.thucydides.core.steps.StepInterceptor - STEP DONE: clickButtonLogin
19:54:53.860 [Darkroom Processing Line] DEBUG net.serenitybdd.core.photography.DarkroomProcessingLine - Processing screenshot image in /var/screenshots/screenshot-7375133787655709794
  &amp#27;[32mAnd &amp#27;[0m&amp#27;[32mI click login button&amp#27;[0m                                          &amp#27;[90m# starter.stepDefinitions.LoginSteps.doClickLoginButton()&amp#27;[0m
19:54:53.860 [Darkroom Processing Line] DEBUG net.serenitybdd.core.photography.DarkroomProcessingLine - Saving screenshot to target\site\serenity\ea247f9387a60aad7a6d3eb73aecc2369074234624100404ca03702c2d333731.png
19:54:53.868 [Forwarding getPageSource on session c750a8c04062dd767f019806ee539b89 to remote] DEBUG org.asynchttpclient.netty.request.NettyRequestSender - Using pooled Channel '[id: 0xe62c5388, L:/127.0.0.1:56476 - R:localhost/127.0.0.1:39210]' for 'POST' to 'http://localhost:39210/session/c750a8c04062dd767f019806ee539b89/execute/sync'
19:54:53.868 [Forwarding getPageSource on session c750a8c04062dd767f019806ee539b89 to remote] DEBUG org.asynchttpclient.netty.request.NettyRequestSender - Using open Channel [id: 0xe62c5388, L:/127.0.0.1:56476 - R:localhost/127.0.0.1:39210] for POST '/session/c750a8c04062dd767f019806ee539b89/execute/sync'
19:54:53.872 [AsyncHttpClient-1-17] DEBUG org.asynchttpclient.netty.handler.HttpHandler - 

Request DefaultHttpRequest(decodeResult: success, version: HTTP/1.1)
POST /session/c750a8c04062dd767f019806ee539b89/execute/sync HTTP/1.1
User-Agent: selenium/4.8.1 (java windows)
Content-Length: 176
Content-Type: application/json; charset=utf-8
host: localhost:39210
accept: */*

Response DefaultHttpResponse(decodeResult: success, version: HTTP/1.1)
HTTP/1.1 200 OK
Content-Length: 14817
Content-Type: application/json; charset=utf-8
cache-control: no-cache

19:54:53.872 [AsyncHttpClient-1-17] DEBUG org.asynchttpclient.netty.channel.ChannelManager - Adding key: http://localhost:39210 for channel [id: 0xe62c5388, L:/127.0.0.1:56476 - R:localhost/127.0.0.1:39210]
19:54:53.873 [Forwarding getCurrentUrl on session c750a8c04062dd767f019806ee539b89 to remote] DEBUG org.asynchttpclient.netty.request.NettyRequestSender - Using pooled Channel '[id: 0xe62c5388, L:/127.0.0.1:56476 - R:localhost/127.0.0.1:39210]' for 'GET' to 'http://localhost:39210/session/c750a8c04062dd767f019806ee539b89/url'
19:54:53.873 [Forwarding getCurrentUrl on session c750a8c04062dd767f019806ee539b89 to remote] DEBUG org.asynchttpclient.netty.request.NettyRequestSender - Using open Channel [id: 0xe62c5388, L:/127.0.0.1:56476 - R:localhost/127.0.0.1:39210] for GET '/session/c750a8c04062dd767f019806ee539b89/url'
19:54:53.876 [AsyncHttpClient-1-17] DEBUG org.asynchttpclient.netty.handler.HttpHandler - 

Request DefaultFullHttpRequest(decodeResult: success, version: HTTP/1.1, content: EmptyByteBufBE)
GET /session/c750a8c04062dd767f019806ee539b89/url HTTP/1.1
User-Agent: selenium/4.8.1 (java windows)
Cache-Control: no-cache
Content-Type: application/json; charset=utf-8
host: localhost:39210
accept: */*

Response DefaultHttpResponse(decodeResult: success, version: HTTP/1.1)
HTTP/1.1 200 OK
Content-Length: 38
Content-Type: application/json; charset=utf-8
cache-control: no-cache

19:54:53.876 [AsyncHttpClient-1-17] DEBUG org.asynchttpclient.netty.channel.ChannelManager - Adding key: http://localhost:39210 for channel [id: 0xe62c5388, L:/127.0.0.1:56476 - R:localhost/127.0.0.1:39210]
19:54:53.885 [Forwarding getPageSource on session c750a8c04062dd767f019806ee539b89 to remote] DEBUG org.asynchttpclient.netty.request.NettyRequestSender - Using pooled Channel '[id: 0xe62c5388, L:/127.0.0.1:56476 - R:localhost/127.0.0.1:39210]' for 'POST' to 'http://localhost:39210/session/c750a8c04062dd767f019806ee539b89/execute/sync'
19:54:53.885 [Forwarding getPageSource on session c750a8c04062dd767f019806ee539b89 to remote] DEBUG org.asynchttpclient.netty.request.NettyRequestSender - Using open Channel [id: 0xe62c5388, L:/127.0.0.1:56476 - R:localhost/127.0.0.1:39210] for POST '/session/c750a8c04062dd767f019806ee539b89/execute/sync'
19:54:53.888 [AsyncHttpClient-1-17] DEBUG org.asynchttpclient.netty.handler.HttpHandler - 

Request DefaultHttpRequest(decodeResult: success, version: HTTP/1.1)
POST /session/c750a8c04062dd767f019806ee539b89/execute/sync HTTP/1.1
User-Agent: selenium/4.8.1 (java windows)
Content-Length: 176
Content-Type: application/json; charset=utf-8
host: localhost:39210
accept: */*

Response DefaultHttpResponse(decodeResult: success, version: HTTP/1.1)
HTTP/1.1 200 OK
Content-Length: 14817
Content-Type: application/json; charset=utf-8
cache-control: no-cache

19:54:53.888 [AsyncHttpClient-1-17] DEBUG org.asynchttpclient.netty.channel.ChannelManager - Adding key: http://localhost:39210 for channel [id: 0xe62c5388, L:/127.0.0.1:56476 - R:localhost/127.0.0.1:39210]
19:54:53.890 [Forwarding getCurrentUrl on session c750a8c04062dd767f019806ee539b89 to remote] DEBUG org.asynchttpclient.netty.request.NettyRequestSender - Using pooled Channel '[id: 0xe62c5388, L:/127.0.0.1:56476 - R:localhost/127.0.0.1:39210]' for 'GET' to 'http://localhost:39210/session/c750a8c04062dd767f019806ee539b89/url'
19:54:53.890 [Forwarding getCurrentUrl on session c750a8c04062dd767f019806ee539b89 to remote] DEBUG org.asynchttpclient.netty.request.NettyRequestSender - Using open Channel [id: 0xe62c5388, L:/127.0.0.1:56476 - R:localhost/127.0.0.1:39210] for GET '/session/c750a8c04062dd767f019806ee539b89/url'
19:54:53.893 [AsyncHttpClient-1-17] DEBUG org.asynchttpclient.netty.handler.HttpHandler - 

Request DefaultFullHttpRequest(decodeResult: success, version: HTTP/1.1, content: EmptyByteBufBE)
GET /session/c750a8c04062dd767f019806ee539b89/url HTTP/1.1
User-Agent: selenium/4.8.1 (java windows)
Cache-Control: no-cache
Content-Type: application/json; charset=utf-8
host: localhost:39210
accept: */*

Response DefaultHttpResponse(decodeResult: success, version: HTTP/1.1)
HTTP/1.1 200 OK
Content-Length: 38
Content-Type: application/json; charset=utf-8
cache-control: no-cache

19:54:53.893 [AsyncHttpClient-1-17] DEBUG org.asynchttpclient.netty.channel.ChannelManager - Adding key: http://localhost:39210 for channel [id: 0xe62c5388, L:/127.0.0.1:56476 - R:localhost/127.0.0.1:39210]
19:54:53.895 [main] DEBUG net.thucydides.core.steps.StepInterceptor - STARTING STEP: LoginSteps.seeErrorMessage - checkErrorMessage
19:54:53.896 [Forwarding findElement on session c750a8c04062dd767f019806ee539b89 to remote] DEBUG org.asynchttpclient.netty.request.NettyRequestSender - Using pooled Channel '[id: 0xe62c5388, L:/127.0.0.1:56476 - R:localhost/127.0.0.1:39210]' for 'POST' to 'http://localhost:39210/session/c750a8c04062dd767f019806ee539b89/element'
19:54:53.896 [Forwarding findElement on session c750a8c04062dd767f019806ee539b89 to remote] DEBUG org.asynchttpclient.netty.request.NettyRequestSender - Using open Channel [id: 0xe62c5388, L:/127.0.0.1:56476 - R:localhost/127.0.0.1:39210] for POST '/session/c750a8c04062dd767f019806ee539b89/element'
19:54:53.907 [AsyncHttpClient-1-17] DEBUG org.asynchttpclient.netty.handler.HttpHandler - 

Request DefaultHttpRequest(decodeResult: success, version: HTTP/1.1)
POST /session/c750a8c04062dd767f019806ee539b89/element HTTP/1.1
User-Agent: selenium/4.8.1 (java windows)
Content-Length: 72
Content-Type: application/json; charset=utf-8
host: localhost:39210
accept: */*

Response DefaultHttpResponse(decodeResult: success, version: HTTP/1.1)
HTTP/1.1 200 OK
Content-Length: 88
Content-Type: application/json; charset=utf-8
cache-control: no-cache

19:54:53.907 [AsyncHttpClient-1-17] DEBUG org.asynchttpclient.netty.channel.ChannelManager - Adding key: http://localhost:39210 for channel [id: 0xe62c5388, L:/127.0.0.1:56476 - R:localhost/127.0.0.1:39210]
19:54:53.909 [Forwarding isElementDisplayed on session c750a8c04062dd767f019806ee539b89 to remote] DEBUG org.asynchttpclient.netty.request.NettyRequestSender - Using pooled Channel '[id: 0xe62c5388, L:/127.0.0.1:56476 - R:localhost/127.0.0.1:39210]' for 'POST' to 'http://localhost:39210/session/c750a8c04062dd767f019806ee539b89/execute/sync'
19:54:53.909 [Forwarding isElementDisplayed on session c750a8c04062dd767f019806ee539b89 to remote] DEBUG org.asynchttpclient.netty.request.NettyRequestSender - Using open Channel [id: 0xe62c5388, L:/127.0.0.1:56476 - R:localhost/127.0.0.1:39210] for POST '/session/c750a8c04062dd767f019806ee539b89/execute/sync'
19:54:53.921 [AsyncHttpClient-1-17] DEBUG org.asynchttpclient.netty.handler.HttpHandler - 

Request DefaultHttpRequest(decodeResult: success, version: HTTP/1.1)
POST /session/c750a8c04062dd767f019806ee539b89/execute/sync HTTP/1.1
User-Agent: selenium/4.8.1 (java windows)
Content-Length: 48807
Content-Type: application/json; charset=utf-8
host: localhost:39210
accept: */*

Response DefaultHttpResponse(decodeResult: success, version: HTTP/1.1)
HTTP/1.1 200 OK
Content-Length: 14
Content-Type: application/json; charset=utf-8
cache-control: no-cache

19:54:53.921 [AsyncHttpClient-1-17] DEBUG org.asynchttpclient.netty.channel.ChannelManager - Adding key: http://localhost:39210 for channel [id: 0xe62c5388, L:/127.0.0.1:56476 - R:localhost/127.0.0.1:39210]
19:54:53.928 [Forwarding getAlertText on session c750a8c04062dd767f019806ee539b89 to remote] DEBUG org.asynchttpclient.netty.request.NettyRequestSender - Using pooled Channel '[id: 0xe62c5388, L:/127.0.0.1:56476 - R:localhost/127.0.0.1:39210]' for 'GET' to 'http://localhost:39210/session/c750a8c04062dd767f019806ee539b89/alert/text'
19:54:53.928 [Forwarding getAlertText on session c750a8c04062dd767f019806ee539b89 to remote] DEBUG org.asynchttpclient.netty.request.NettyRequestSender - Using open Channel [id: 0xe62c5388, L:/127.0.0.1:56476 - R:localhost/127.0.0.1:39210] for GET '/session/c750a8c04062dd767f019806ee539b89/alert/text'
19:54:53.929 [AsyncHttpClient-1-17] DEBUG org.asynchttpclient.netty.handler.HttpHandler - 

Request DefaultFullHttpRequest(decodeResult: success, version: HTTP/1.1, content: EmptyByteBufBE)
GET /session/c750a8c04062dd767f019806ee539b89/alert/text HTTP/1.1
User-Agent: selenium/4.8.1 (java windows)
Cache-Control: no-cache
Content-Type: application/json; charset=utf-8
host: localhost:39210
accept: */*

Response DefaultHttpResponse(decodeResult: success, version: HTTP/1.1)
HTTP/1.1 404 Not Found
Content-Length: 816
Content-Type: application/json; charset=utf-8
cache-control: no-cache

19:54:53.930 [AsyncHttpClient-1-17] DEBUG org.asynchttpclient.netty.channel.ChannelManager - Adding key: http://localhost:39210 for channel [id: 0xe62c5388, L:/127.0.0.1:56476 - R:localhost/127.0.0.1:39210]
19:54:53.930 [Forwarding getCurrentUrl on session c750a8c04062dd767f019806ee539b89 to remote] DEBUG org.asynchttpclient.netty.request.NettyRequestSender - Using pooled Channel '[id: 0xe62c5388, L:/127.0.0.1:56476 - R:localhost/127.0.0.1:39210]' for 'GET' to 'http://localhost:39210/session/c750a8c04062dd767f019806ee539b89/url'
19:54:53.930 [Forwarding getCurrentUrl on session c750a8c04062dd767f019806ee539b89 to remote] DEBUG org.asynchttpclient.netty.request.NettyRequestSender - Using open Channel [id: 0xe62c5388, L:/127.0.0.1:56476 - R:localhost/127.0.0.1:39210] for GET '/session/c750a8c04062dd767f019806ee539b89/url'
19:54:53.934 [AsyncHttpClient-1-17] DEBUG org.asynchttpclient.netty.handler.HttpHandler - 

Request DefaultFullHttpRequest(decodeResult: success, version: HTTP/1.1, content: EmptyByteBufBE)
GET /session/c750a8c04062dd767f019806ee539b89/url HTTP/1.1
User-Agent: selenium/4.8.1 (java windows)
Cache-Control: no-cache
Content-Type: application/json; charset=utf-8
host: localhost:39210
accept: */*

Response DefaultHttpResponse(decodeResult: success, version: HTTP/1.1)
HTTP/1.1 200 OK
Content-Length: 38
Content-Type: application/json; charset=utf-8
cache-control: no-cache

19:54:53.934 [AsyncHttpClient-1-17] DEBUG org.asynchttpclient.netty.channel.ChannelManager - Adding key: http://localhost:39210 for channel [id: 0xe62c5388, L:/127.0.0.1:56476 - R:localhost/127.0.0.1:39210]
19:54:53.934 [Forwarding screenshot on session c750a8c04062dd767f019806ee539b89 to remote] DEBUG org.asynchttpclient.netty.request.NettyRequestSender - Using pooled Channel '[id: 0xe62c5388, L:/127.0.0.1:56476 - R:localhost/127.0.0.1:39210]' for 'GET' to 'http://localhost:39210/session/c750a8c04062dd767f019806ee539b89/screenshot'
19:54:53.934 [Forwarding screenshot on session c750a8c04062dd767f019806ee539b89 to remote] DEBUG org.asynchttpclient.netty.request.NettyRequestSender - Using open Channel [id: 0xe62c5388, L:/127.0.0.1:56476 - R:localhost/127.0.0.1:39210] for GET '/session/c750a8c04062dd767f019806ee539b89/screenshot'
19:54:54.051 [AsyncHttpClient-1-17] DEBUG org.asynchttpclient.netty.handler.HttpHandler - 

Request DefaultFullHttpRequest(decodeResult: success, version: HTTP/1.1, content: EmptyByteBufBE)
GET /session/c750a8c04062dd767f019806ee539b89/screenshot HTTP/1.1
User-Agent: selenium/4.8.1 (java windows)
Cache-Control: no-cache
Content-Type: application/json; charset=utf-8
host: localhost:39210
accept: */*

Response DefaultHttpResponse(decodeResult: success, version: HTTP/1.1)
HTTP/1.1 200 OK
Content-Length: 71616
Content-Type: application/json; charset=utf-8
cache-control: no-cache

19:54:54.051 [AsyncHttpClient-1-17] DEBUG org.asynchttpclient.netty.channel.ChannelManager - Adding key: http://localhost:39210 for channel [id: 0xe62c5388, L:/127.0.0.1:56476 - R:localhost/127.0.0.1:39210]
19:54:54.053 [main] DEBUG net.serenitybdd.core.photography.Darkroom - Send negative for processing for target\site\serenity\ea247f9387a60aad7a6d3eb73aecc2369074234624100404ca03702c2d333731.png
19:54:54.053 [main] DEBUG net.thucydides.core.steps.StepInterceptor - STEP DONE: checkErrorMessage
  &amp#27;[32mThen &amp#27;[0m&amp#27;[32mI will see login error message&amp#27;[0m                               &amp#27;[90m# starter.stepDefinitions.LoginSteps.seeErrorMessage()&amp#27;[0m
19:54:54.062 [Driver Command Executor] DEBUG org.asynchttpclient.netty.request.NettyRequestSender - Using pooled Channel '[id: 0xe62c5388, L:/127.0.0.1:56476 - R:localhost/127.0.0.1:39210]' for 'DELETE' to 'http://localhost:39210/session/c750a8c04062dd767f019806ee539b89'
19:54:54.062 [Driver Command Executor] DEBUG org.asynchttpclient.netty.request.NettyRequestSender - Using open Channel [id: 0xe62c5388, L:/127.0.0.1:56476 - R:localhost/127.0.0.1:39210] for DELETE '/session/c750a8c04062dd767f019806ee539b89'
19:54:54.062 [AsyncHttpClient-1-19] DEBUG org.asynchttpclient.netty.handler.WebSocketHandler - Channel Closed: [id: 0x0d4834fb, L:/127.0.0.1:56484 ! R:localhost/127.0.0.1:56477] with attribute NettyResponseFuture{currentRetry=0,
	isDone=1,
	isCancelled=0,
	asyncHandler=org.asynchttpclient.ws.WebSocketUpgradeHandler@3cebf673,
	nettyRequest=org.asynchttpclient.netty.request.NettyRequest@79e97f8a,
	future=java.util.concurrent.CompletableFuture@53380e31[Completed normally],
	uri=ws://localhost:56477/devtools/browser/ede6a951-a5ff-40a4-ae8a-4ec3e2da0c7c,
	keepAlive=true,
	redirectCount=0,
	timeoutsHolder=null,
	inAuth=0,
	touch=1680612892155}
19:54:54.063 [AsyncHttpClient-1-19] DEBUG org.asynchttpclient.netty.channel.ChannelManager - Closing Channel [id: 0x0d4834fb, L:/127.0.0.1:56484 ! R:localhost/127.0.0.1:56477] 
19:54:54.137 [AsyncHttpClient-1-18] DEBUG org.asynchttpclient.netty.handler.HttpHandler - Unexpected I/O exception on channel [id: 0x1b1e688a, L:/127.0.0.1:56483 - R:localhost/127.0.0.1:56477]
java.net.SocketException: Connection reset
	at java.base/sun.nio.ch.SocketChannelImpl.throwConnectionReset(SocketChannelImpl.java:401)
	at java.base/sun.nio.ch.SocketChannelImpl.read(SocketChannelImpl.java:434)
	at io.netty.buffer.PooledByteBuf.setBytes(PooledByteBuf.java:259)
	at io.netty.buffer.AbstractByteBuf.writeBytes(AbstractByteBuf.java:1132)
	at io.netty.channel.socket.nio.NioSocketChannel.doReadBytes(NioSocketChannel.java:357)
	at io.netty.channel.nio.AbstractNioByteChannel$NioByteUnsafe.read(AbstractNioByteChannel.java:151)
	at io.netty.channel.nio.NioEventLoop.processSelectedKey(NioEventLoop.java:788)
	at io.netty.channel.nio.NioEventLoop.processSelectedKeysOptimized(NioEventLoop.java:724)
	at io.netty.channel.nio.NioEventLoop.processSelectedKeys(NioEventLoop.java:650)
	at io.netty.channel.nio.NioEventLoop.run(NioEventLoop.java:562)
	at io.netty.util.concurrent.SingleThreadEventExecutor$4.run(SingleThreadEventExecutor.java:997)
	at io.netty.util.internal.ThreadExecutorMap$2.run(ThreadExecutorMap.java:74)
	at io.netty.util.concurrent.FastThreadLocalRunnable.run(FastThreadLocalRunnable.java:30)
	at java.base/java.lang.Thread.run(Thread.java:1589)
19:54:54.137 [AsyncHttpClient-1-18] DEBUG org.asynchttpclient.netty.channel.ChannelManager - Closing Channel [id: 0x1b1e688a, L:/127.0.0.1:56483 - R:localhost/127.0.0.1:56477] 
19:54:54.137 [AsyncHttpClient-1-18] DEBUG org.asynchttpclient.netty.handler.HttpHandler - Channel Closed: [id: 0x1b1e688a, L:/127.0.0.1:56483 ! R:localhost/127.0.0.1:56477] with attribute DISCARD
19:54:54.160 [AsyncHttpClient-1-17] DEBUG org.asynchttpclient.netty.handler.HttpHandler - 

Request DefaultFullHttpRequest(decodeResult: success, version: HTTP/1.1, content: EmptyByteBufBE)
DELETE /session/c750a8c04062dd767f019806ee539b89 HTTP/1.1
User-Agent: selenium/4.8.1 (java windows)
Content-Type: application/json; charset=utf-8
host: localhost:39210
accept: */*

Response DefaultHttpResponse(decodeResult: success, version: HTTP/1.1)
HTTP/1.1 200 OK
Content-Length: 14
Content-Type: application/json; charset=utf-8
cache-control: no-cache

19:54:54.160 [AsyncHttpClient-1-17] DEBUG org.asynchttpclient.netty.channel.ChannelManager - Adding key: http://localhost:39210 for channel [id: 0xe62c5388, L:/127.0.0.1:56476 - R:localhost/127.0.0.1:39210]
19:54:54.213 [AsyncHttpClient-1-17] DEBUG org.asynchttpclient.netty.handler.HttpHandler - Channel Closed: [id: 0xe62c5388, L:/127.0.0.1:56476 ! R:localhost/127.0.0.1:39210] with attribute DISCARD
19:54:54.260 [main] INFO  - 
  _____   ___   ___   _____     ___     _     ___   ___   ___   ___  
 |_   _| | __| / __| |_   _|   | _ \   /_\   / __| / __| | __| |   \ 
   | |   | _|  \__ \   | |     |  _/  / _ \  \__ \ \__ \ | _|  | |) |
   |_|   |___| |___/   |_|     |_|   /_/ \_\ |___/ |___/ |___| |___/ 

As an unregistered user i will see error response
----------------------------------------------------------------------
]]></system-out>
    <system-err><![CDATA[Starting ChromeDriver 111.0.5563.64 (c710e93d5b63b7095afe8c2c17df34408078439d-refs/branch-heads/5563@{#995}) on port 39210
Only local connections are allowed.
Please see https://chromedriver.chromium.org/security-considerations for suggestions on keeping ChromeDriver safe.
ChromeDriver was started successfully.
Apr 04, 2023 7:54:52 PM org.openqa.selenium.devtools.CdpVersionFinder findNearestMatch
WARNING: Unable to find an exact match for CDP version 111, so returning the closest version found: 110
]]></system-err>
  </testcase>
  <testcase name="As user i want to be able to add product to cart from homepage #1" classname="product cart" time="3.071">
    <system-out><![CDATA[19:54:54.261 [main] DEBUG io.cucumber.core.plugin.SerenityReporter - Running feature from file:///C:/Users/TrisetioPutra/Documents/serenity_sauce/serenity-sauce-demo/src/test/resources/features/ProductCart.feature
19:54:54.263 [main] DEBUG net.thucydides.core.steps.StepEventBus - Test suite started for story net.thucydides.core.model.Story@3498fb19
19:54:54.263 [main] INFO  - Test Suite Started: product cart

@ProductCart
Scenario Outline: As user i want to be able to add product to cart from homepage &amp#27;[90m# src/test/resources/features/ProductCart.feature:11&amp#27;[0m
19:54:54.268 [main] DEBUG io.cucumber.core.plugin.SerenityReporter - Running feature from file:///C:/Users/TrisetioPutra/Documents/serenity_sauce/serenity-sauce-demo/src/test/resources/features/ProductCart.feature
19:54:54.270 [main] INFO  - 
  _____   ___   ___   _____     ___   _____     _     ___   _____   ___   ___  
 |_   _| | __| / __| |_   _|   / __| |_   _|   /_\   | _ \ |_   _| | __| |   \ 
   | |   | _|  \__ \   | |     \__ \   | |    / _ \  |   /   | |   | _|  | |) |
   |_|   |___| |___/   |_|     |___/   |_|   /_/ \_\ |_|_\   |_|   |___| |___/ 

As user i want to be able to add product to cart from homepage(product-cart;as-user-i-want-to-be-able-to-add-product-to-cart-from-homepage)
--------------------------------------------------------------------------------
19:54:54.308 [AsyncHttpClient-1-1] DEBUG org.asynchttpclient.netty.channel.DefaultChannelPool - Entry count for : http://localhost:56477 : 1
19:54:54.308 [AsyncHttpClient-1-1] DEBUG org.asynchttpclient.netty.channel.DefaultChannelPool - Entry count for : http://localhost:39210 : 1
19:54:54.309 [AsyncHttpClient-1-1] DEBUG org.asynchttpclient.netty.channel.DefaultChannelPool - Adding Candidate expired Channel [id: 0x1b1e688a, L:/127.0.0.1:56483 ! R:localhost/127.0.0.1:56477] isIdleTimeoutExpired=false isRemotelyClosed=true isTtlExpired=false
19:54:54.309 [AsyncHttpClient-1-1] DEBUG org.asynchttpclient.netty.channel.DefaultChannelPool - Closing Idle Channel [id: 0x1b1e688a, L:/127.0.0.1:56483 ! R:localhost/127.0.0.1:56477]
19:54:54.309 [AsyncHttpClient-1-1] DEBUG org.asynchttpclient.netty.channel.DefaultChannelPool - Adding Candidate expired Channel [id: 0xe62c5388, L:/127.0.0.1:56476 ! R:localhost/127.0.0.1:39210] isIdleTimeoutExpired=false isRemotelyClosed=true isTtlExpired=false
19:54:54.309 [AsyncHttpClient-1-1] DEBUG org.asynchttpclient.netty.channel.DefaultChannelPool - Closing Idle Channel [id: 0xe62c5388, L:/127.0.0.1:56476 ! R:localhost/127.0.0.1:39210]
19:54:54.309 [AsyncHttpClient-1-1] DEBUG org.asynchttpclient.netty.channel.DefaultChannelPool - Closed 2 connections out of 2 in 1 ms
19:54:54.329 [main] INFO net.serenitybdd.core.webdriver.driverproviders.ChromeDriverProvider - Starting Chrome driver instance with capabilities:
19:54:54.330 [main] INFO net.serenitybdd.core.webdriver.driverproviders.ChromeDriverProvider - Capabilities {acceptInsecureCerts: true, browserName: chrome, goog:chromeOptions: {args: [remote-allow-origins=*, test-type, no-sandbox, ignore-certificate-errors, --window-size=1000,800, incognito, disable-infobars, disable-gpu, disable-default-apps, disable-popup-blocking, remote-allow-origins=*, test-type, no-sandbox, ignore-certificate-errors, --window-size=1000,800, incognito, disable-infobars, disable-gpu, disable-default-apps, disable-popup-blocking, remote-allow-origins=*], extensions: []}}
19:54:54.456 [AsyncHttpClient-1-20] DEBUG org.asynchttpclient.netty.channel.NettyConnectListener - Using new Channel '[id: 0xfaf8aa5c, L:/127.0.0.1:56500 - R:localhost/127.0.0.1:18742]' for 'POST' to '/session'
19:54:55.092 [AsyncHttpClient-1-20] DEBUG org.asynchttpclient.netty.handler.HttpHandler - 

Request DefaultHttpRequest(decodeResult: success, version: HTTP/1.1)
POST /session HTTP/1.1
User-Agent: selenium/4.8.1 (java windows)
Content-Length: 1729
Content-Type: application/json; charset=utf-8
host: localhost:18742
accept: */*

Response DefaultHttpResponse(decodeResult: success, version: HTTP/1.1)
HTTP/1.1 200 OK
Content-Length: 862
Content-Type: application/json; charset=utf-8
cache-control: no-cache

19:54:55.092 [AsyncHttpClient-1-20] DEBUG org.asynchttpclient.netty.channel.ChannelManager - Adding key: http://localhost:18742 for channel [id: 0xfaf8aa5c, L:/127.0.0.1:56500 - R:localhost/127.0.0.1:18742]
19:54:55.099 [AsyncHttpClient-1-21] DEBUG org.asynchttpclient.netty.channel.NettyConnectListener - Using new Channel '[id: 0x03cc68bb, L:/127.0.0.1:56506 - R:localhost/127.0.0.1:56501]' for 'GET' to '/json/version'
19:54:55.103 [AsyncHttpClient-1-21] DEBUG org.asynchttpclient.netty.handler.HttpHandler - 

Request DefaultFullHttpRequest(decodeResult: success, version: HTTP/1.1, content: EmptyByteBufBE)
GET /json/version HTTP/1.1
User-Agent: selenium/4.8.1 (java windows)
host: localhost:56501
accept: */*

Response DefaultHttpResponse(decodeResult: success, version: HTTP/1.1)
HTTP/1.1 200 OK
Content-Security-Policy: frame-ancestors 'none'
Content-Length: 424
Content-Type: application/json; charset=UTF-8

19:54:55.104 [AsyncHttpClient-1-21] DEBUG org.asynchttpclient.netty.channel.ChannelManager - Adding key: http://localhost:56501 for channel [id: 0x03cc68bb, L:/127.0.0.1:56506 - R:localhost/127.0.0.1:56501]
19:54:55.107 [AsyncHttpClient-1-22] DEBUG org.asynchttpclient.netty.channel.NettyConnectListener - Using new Channel '[id: 0xdbd4a71a, L:/127.0.0.1:56507 - R:localhost/127.0.0.1:56501]' for 'GET' to '/devtools/browser/7fed2664-40c3-4723-b71b-877a1e5f48f2'
19:54:55.109 [AsyncHttpClient-1-22] DEBUG org.asynchttpclient.netty.handler.WebSocketHandler - 

Request DefaultFullHttpRequest(decodeResult: success, version: HTTP/1.1, content: EmptyByteBufBE)
GET /devtools/browser/7fed2664-40c3-4723-b71b-877a1e5f48f2 HTTP/1.1
upgrade: websocket
connection: upgrade
sec-websocket-key: sM87pkLW1UqvTxaM8fSzHw==
sec-websocket-version: 13
origin: http://localhost:56501
host: localhost:56501
accept: */*
user-agent: AHC/2.1

Response DefaultHttpResponse(decodeResult: success, version: HTTP/1.1)
HTTP/1.1 101 WebSocket Protocol Handshake
Upgrade: WebSocket
Connection: Upgrade
Sec-WebSocket-Accept: fQjzlL3FkuX+7pHnaQNUjnuovGA=

19:54:55.113 [Forwarding get on session dd8e13f77a1f99e80055e4b21a781a96 to remote] DEBUG org.asynchttpclient.netty.request.NettyRequestSender - Using pooled Channel '[id: 0xfaf8aa5c, L:/127.0.0.1:56500 - R:localhost/127.0.0.1:18742]' for 'POST' to 'http://localhost:18742/session/dd8e13f77a1f99e80055e4b21a781a96/url'
19:54:55.113 [Forwarding get on session dd8e13f77a1f99e80055e4b21a781a96 to remote] DEBUG org.asynchttpclient.netty.request.NettyRequestSender - Using open Channel [id: 0xfaf8aa5c, L:/127.0.0.1:56500 - R:localhost/127.0.0.1:18742] for POST '/session/dd8e13f77a1f99e80055e4b21a781a96/url'
19:54:55.414 [AsyncHttpClient-1-1] DEBUG org.asynchttpclient.netty.channel.DefaultChannelPool - Entry count for : http://localhost:56501 : 1
19:54:55.836 [AsyncHttpClient-1-20] DEBUG org.asynchttpclient.netty.handler.HttpHandler - 

Request DefaultHttpRequest(decodeResult: success, version: HTTP/1.1)
POST /session/dd8e13f77a1f99e80055e4b21a781a96/url HTTP/1.1
User-Agent: selenium/4.8.1 (java windows)
Content-Length: 56
Content-Type: application/json; charset=utf-8
host: localhost:18742
accept: */*

Response DefaultHttpResponse(decodeResult: success, version: HTTP/1.1)
HTTP/1.1 200 OK
Content-Length: 14
Content-Type: application/json; charset=utf-8
cache-control: no-cache

19:54:55.837 [AsyncHttpClient-1-20] DEBUG org.asynchttpclient.netty.channel.ChannelManager - Adding key: http://localhost:18742 for channel [id: 0xfaf8aa5c, L:/127.0.0.1:56500 - R:localhost/127.0.0.1:18742]
19:54:55.838 [Forwarding setTimeout on session dd8e13f77a1f99e80055e4b21a781a96 to remote] DEBUG org.asynchttpclient.netty.request.NettyRequestSender - Using pooled Channel '[id: 0xfaf8aa5c, L:/127.0.0.1:56500 - R:localhost/127.0.0.1:18742]' for 'POST' to 'http://localhost:18742/session/dd8e13f77a1f99e80055e4b21a781a96/timeouts'
19:54:55.838 [Forwarding setTimeout on session dd8e13f77a1f99e80055e4b21a781a96 to remote] DEBUG org.asynchttpclient.netty.request.NettyRequestSender - Using open Channel [id: 0xfaf8aa5c, L:/127.0.0.1:56500 - R:localhost/127.0.0.1:18742] for POST '/session/dd8e13f77a1f99e80055e4b21a781a96/timeouts'
19:54:55.839 [AsyncHttpClient-1-20] DEBUG org.asynchttpclient.netty.handler.HttpHandler - 

Request DefaultHttpRequest(decodeResult: success, version: HTTP/1.1)
POST /session/dd8e13f77a1f99e80055e4b21a781a96/timeouts HTTP/1.1
User-Agent: selenium/4.8.1 (java windows)
Content-Length: 22
Content-Type: application/json; charset=utf-8
host: localhost:18742
accept: */*

Response DefaultHttpResponse(decodeResult: success, version: HTTP/1.1)
HTTP/1.1 200 OK
Content-Length: 14
Content-Type: application/json; charset=utf-8
cache-control: no-cache

19:54:55.839 [AsyncHttpClient-1-20] DEBUG org.asynchttpclient.netty.channel.ChannelManager - Adding key: http://localhost:18742 for channel [id: 0xfaf8aa5c, L:/127.0.0.1:56500 - R:localhost/127.0.0.1:18742]
19:54:55.843 [main] DEBUG net.serenitybdd.core.photography.Darkroom - Opening darkroom
19:54:55.844 [Darkroom Processing Line] DEBUG net.serenitybdd.core.photography.DarkroomProcessingLine - Darkroom processing line starting up
19:54:55.844 [Forwarding getAlertText on session dd8e13f77a1f99e80055e4b21a781a96 to remote] DEBUG org.asynchttpclient.netty.request.NettyRequestSender - Using pooled Channel '[id: 0xfaf8aa5c, L:/127.0.0.1:56500 - R:localhost/127.0.0.1:18742]' for 'GET' to 'http://localhost:18742/session/dd8e13f77a1f99e80055e4b21a781a96/alert/text'
19:54:55.844 [Forwarding getAlertText on session dd8e13f77a1f99e80055e4b21a781a96 to remote] DEBUG org.asynchttpclient.netty.request.NettyRequestSender - Using open Channel [id: 0xfaf8aa5c, L:/127.0.0.1:56500 - R:localhost/127.0.0.1:18742] for GET '/session/dd8e13f77a1f99e80055e4b21a781a96/alert/text'
19:54:55.846 [AsyncHttpClient-1-20] DEBUG org.asynchttpclient.netty.handler.HttpHandler - 

Request DefaultFullHttpRequest(decodeResult: success, version: HTTP/1.1, content: EmptyByteBufBE)
GET /session/dd8e13f77a1f99e80055e4b21a781a96/alert/text HTTP/1.1
User-Agent: selenium/4.8.1 (java windows)
Cache-Control: no-cache
Content-Type: application/json; charset=utf-8
host: localhost:18742
accept: */*

Response DefaultHttpResponse(decodeResult: success, version: HTTP/1.1)
HTTP/1.1 404 Not Found
Content-Length: 816
Content-Type: application/json; charset=utf-8
cache-control: no-cache

19:54:55.846 [AsyncHttpClient-1-20] DEBUG org.asynchttpclient.netty.channel.ChannelManager - Adding key: http://localhost:18742 for channel [id: 0xfaf8aa5c, L:/127.0.0.1:56500 - R:localhost/127.0.0.1:18742]
19:54:55.847 [Forwarding getCurrentUrl on session dd8e13f77a1f99e80055e4b21a781a96 to remote] DEBUG org.asynchttpclient.netty.request.NettyRequestSender - Using pooled Channel '[id: 0xfaf8aa5c, L:/127.0.0.1:56500 - R:localhost/127.0.0.1:18742]' for 'GET' to 'http://localhost:18742/session/dd8e13f77a1f99e80055e4b21a781a96/url'
19:54:55.847 [Forwarding getCurrentUrl on session dd8e13f77a1f99e80055e4b21a781a96 to remote] DEBUG org.asynchttpclient.netty.request.NettyRequestSender - Using open Channel [id: 0xfaf8aa5c, L:/127.0.0.1:56500 - R:localhost/127.0.0.1:18742] for GET '/session/dd8e13f77a1f99e80055e4b21a781a96/url'
19:54:55.853 [AsyncHttpClient-1-20] DEBUG org.asynchttpclient.netty.handler.HttpHandler - 

Request DefaultFullHttpRequest(decodeResult: success, version: HTTP/1.1, content: EmptyByteBufBE)
GET /session/dd8e13f77a1f99e80055e4b21a781a96/url HTTP/1.1
User-Agent: selenium/4.8.1 (java windows)
Cache-Control: no-cache
Content-Type: application/json; charset=utf-8
host: localhost:18742
accept: */*

Response DefaultHttpResponse(decodeResult: success, version: HTTP/1.1)
HTTP/1.1 200 OK
Content-Length: 38
Content-Type: application/json; charset=utf-8
cache-control: no-cache

19:54:55.853 [AsyncHttpClient-1-20] DEBUG org.asynchttpclient.netty.channel.ChannelManager - Adding key: http://localhost:18742 for channel [id: 0xfaf8aa5c, L:/127.0.0.1:56500 - R:localhost/127.0.0.1:18742]
19:54:55.854 [Forwarding screenshot on session dd8e13f77a1f99e80055e4b21a781a96 to remote] DEBUG org.asynchttpclient.netty.request.NettyRequestSender - Using pooled Channel '[id: 0xfaf8aa5c, L:/127.0.0.1:56500 - R:localhost/127.0.0.1:18742]' for 'GET' to 'http://localhost:18742/session/dd8e13f77a1f99e80055e4b21a781a96/screenshot'
19:54:55.854 [Forwarding screenshot on session dd8e13f77a1f99e80055e4b21a781a96 to remote] DEBUG org.asynchttpclient.netty.request.NettyRequestSender - Using open Channel [id: 0xfaf8aa5c, L:/127.0.0.1:56500 - R:localhost/127.0.0.1:18742] for GET '/session/dd8e13f77a1f99e80055e4b21a781a96/screenshot'
19:54:55.979 [AsyncHttpClient-1-20] DEBUG org.asynchttpclient.netty.handler.HttpHandler - 

Request DefaultFullHttpRequest(decodeResult: success, version: HTTP/1.1, content: EmptyByteBufBE)
GET /session/dd8e13f77a1f99e80055e4b21a781a96/screenshot HTTP/1.1
User-Agent: selenium/4.8.1 (java windows)
Cache-Control: no-cache
Content-Type: application/json; charset=utf-8
host: localhost:18742
accept: */*

Response DefaultHttpResponse(decodeResult: success, version: HTTP/1.1)
HTTP/1.1 200 OK
Content-Length: 58480
Content-Type: application/json; charset=utf-8
cache-control: no-cache

19:54:55.980 [AsyncHttpClient-1-20] DEBUG org.asynchttpclient.netty.channel.ChannelManager - Adding key: http://localhost:18742 for channel [id: 0xfaf8aa5c, L:/127.0.0.1:56500 - R:localhost/127.0.0.1:18742]
19:54:55.982 [main] DEBUG net.serenitybdd.core.photography.Darkroom - Send negative for processing for target\site\serenity\cb92d98072c3b75a83324d609d10345ba9940c54df6d644def90c13c11b006db.png
19:54:55.983 [Forwarding getPageSource on session dd8e13f77a1f99e80055e4b21a781a96 to remote] DEBUG org.asynchttpclient.netty.request.NettyRequestSender - Using pooled Channel '[id: 0xfaf8aa5c, L:/127.0.0.1:56500 - R:localhost/127.0.0.1:18742]' for 'POST' to 'http://localhost:18742/session/dd8e13f77a1f99e80055e4b21a781a96/execute/sync'
19:54:55.983 [Forwarding getPageSource on session dd8e13f77a1f99e80055e4b21a781a96 to remote] DEBUG org.asynchttpclient.netty.request.NettyRequestSender - Using open Channel [id: 0xfaf8aa5c, L:/127.0.0.1:56500 - R:localhost/127.0.0.1:18742] for POST '/session/dd8e13f77a1f99e80055e4b21a781a96/execute/sync'
19:54:55.987 [AsyncHttpClient-1-20] DEBUG org.asynchttpclient.netty.handler.HttpHandler - 

Request DefaultHttpRequest(decodeResult: success, version: HTTP/1.1)
POST /session/dd8e13f77a1f99e80055e4b21a781a96/execute/sync HTTP/1.1
User-Agent: selenium/4.8.1 (java windows)
Content-Length: 176
Content-Type: application/json; charset=utf-8
host: localhost:18742
accept: */*

Response DefaultHttpResponse(decodeResult: success, version: HTTP/1.1)
HTTP/1.1 200 OK
Content-Length: 4286
Content-Type: application/json; charset=utf-8
cache-control: no-cache

19:54:55.987 [AsyncHttpClient-1-20] DEBUG org.asynchttpclient.netty.channel.ChannelManager - Adding key: http://localhost:18742 for channel [id: 0xfaf8aa5c, L:/127.0.0.1:56500 - R:localhost/127.0.0.1:18742]
19:54:55.988 [Forwarding getCurrentUrl on session dd8e13f77a1f99e80055e4b21a781a96 to remote] DEBUG org.asynchttpclient.netty.request.NettyRequestSender - Using pooled Channel '[id: 0xfaf8aa5c, L:/127.0.0.1:56500 - R:localhost/127.0.0.1:18742]' for 'GET' to 'http://localhost:18742/session/dd8e13f77a1f99e80055e4b21a781a96/url'
19:54:55.988 [Forwarding getCurrentUrl on session dd8e13f77a1f99e80055e4b21a781a96 to remote] DEBUG org.asynchttpclient.netty.request.NettyRequestSender - Using open Channel [id: 0xfaf8aa5c, L:/127.0.0.1:56500 - R:localhost/127.0.0.1:18742] for GET '/session/dd8e13f77a1f99e80055e4b21a781a96/url'
19:54:55.991 [AsyncHttpClient-1-20] DEBUG org.asynchttpclient.netty.handler.HttpHandler - 

Request DefaultFullHttpRequest(decodeResult: success, version: HTTP/1.1, content: EmptyByteBufBE)
GET /session/dd8e13f77a1f99e80055e4b21a781a96/url HTTP/1.1
User-Agent: selenium/4.8.1 (java windows)
Cache-Control: no-cache
Content-Type: application/json; charset=utf-8
host: localhost:18742
accept: */*

Response DefaultHttpResponse(decodeResult: success, version: HTTP/1.1)
HTTP/1.1 200 OK
Content-Length: 38
Content-Type: application/json; charset=utf-8
cache-control: no-cache

19:54:55.991 [AsyncHttpClient-1-20] DEBUG org.asynchttpclient.netty.channel.ChannelManager - Adding key: http://localhost:18742 for channel [id: 0xfaf8aa5c, L:/127.0.0.1:56500 - R:localhost/127.0.0.1:18742]
19:54:55.994 [main] DEBUG net.thucydides.core.steps.StepInterceptor - STARTING STEP: CartSteps.loginAsAUser - inputUsername
19:54:55.995 [Forwarding findElement on session dd8e13f77a1f99e80055e4b21a781a96 to remote] DEBUG org.asynchttpclient.netty.request.NettyRequestSender - Using pooled Channel '[id: 0xfaf8aa5c, L:/127.0.0.1:56500 - R:localhost/127.0.0.1:18742]' for 'POST' to 'http://localhost:18742/session/dd8e13f77a1f99e80055e4b21a781a96/element'
19:54:55.995 [Forwarding findElement on session dd8e13f77a1f99e80055e4b21a781a96 to remote] DEBUG org.asynchttpclient.netty.request.NettyRequestSender - Using open Channel [id: 0xfaf8aa5c, L:/127.0.0.1:56500 - R:localhost/127.0.0.1:18742] for POST '/session/dd8e13f77a1f99e80055e4b21a781a96/element'
19:54:56.003 [AsyncHttpClient-1-20] DEBUG org.asynchttpclient.netty.handler.HttpHandler - 

Request DefaultHttpRequest(decodeResult: success, version: HTTP/1.1)
POST /session/dd8e13f77a1f99e80055e4b21a781a96/element HTTP/1.1
User-Agent: selenium/4.8.1 (java windows)
Content-Length: 56
Content-Type: application/json; charset=utf-8
host: localhost:18742
accept: */*

Response DefaultHttpResponse(decodeResult: success, version: HTTP/1.1)
HTTP/1.1 200 OK
Content-Length: 88
Content-Type: application/json; charset=utf-8
cache-control: no-cache

19:54:56.003 [AsyncHttpClient-1-20] DEBUG org.asynchttpclient.netty.channel.ChannelManager - Adding key: http://localhost:18742 for channel [id: 0xfaf8aa5c, L:/127.0.0.1:56500 - R:localhost/127.0.0.1:18742]
19:54:56.004 [Forwarding clearElement on session dd8e13f77a1f99e80055e4b21a781a96 to remote] DEBUG org.asynchttpclient.netty.request.NettyRequestSender - Using pooled Channel '[id: 0xfaf8aa5c, L:/127.0.0.1:56500 - R:localhost/127.0.0.1:18742]' for 'POST' to 'http://localhost:18742/session/dd8e13f77a1f99e80055e4b21a781a96/element/cb6b1373-20f2-46b0-9efb-6153f6ce52cd/clear'
19:54:56.004 [Forwarding clearElement on session dd8e13f77a1f99e80055e4b21a781a96 to remote] DEBUG org.asynchttpclient.netty.request.NettyRequestSender - Using open Channel [id: 0xfaf8aa5c, L:/127.0.0.1:56500 - R:localhost/127.0.0.1:18742] for POST '/session/dd8e13f77a1f99e80055e4b21a781a96/element/cb6b1373-20f2-46b0-9efb-6153f6ce52cd/clear'
19:54:56.029 [AsyncHttpClient-1-20] DEBUG org.asynchttpclient.netty.handler.HttpHandler - 

Request DefaultHttpRequest(decodeResult: success, version: HTTP/1.1)
POST /session/dd8e13f77a1f99e80055e4b21a781a96/element/cb6b1373-20f2-46b0-9efb-6153f6ce52cd/clear HTTP/1.1
User-Agent: selenium/4.8.1 (java windows)
Content-Length: 50
Content-Type: application/json; charset=utf-8
host: localhost:18742
accept: */*

Response DefaultHttpResponse(decodeResult: success, version: HTTP/1.1)
HTTP/1.1 200 OK
Content-Length: 14
Content-Type: application/json; charset=utf-8
cache-control: no-cache

19:54:56.029 [AsyncHttpClient-1-20] DEBUG org.asynchttpclient.netty.channel.ChannelManager - Adding key: http://localhost:18742 for channel [id: 0xfaf8aa5c, L:/127.0.0.1:56500 - R:localhost/127.0.0.1:18742]
19:54:56.030 [Forwarding sendKeysToElement on session dd8e13f77a1f99e80055e4b21a781a96 to remote] DEBUG org.asynchttpclient.netty.request.NettyRequestSender - Using pooled Channel '[id: 0xfaf8aa5c, L:/127.0.0.1:56500 - R:localhost/127.0.0.1:18742]' for 'POST' to 'http://localhost:18742/session/dd8e13f77a1f99e80055e4b21a781a96/element/cb6b1373-20f2-46b0-9efb-6153f6ce52cd/value'
19:54:56.030 [Forwarding sendKeysToElement on session dd8e13f77a1f99e80055e4b21a781a96 to remote] DEBUG org.asynchttpclient.netty.request.NettyRequestSender - Using open Channel [id: 0xfaf8aa5c, L:/127.0.0.1:56500 - R:localhost/127.0.0.1:18742] for POST '/session/dd8e13f77a1f99e80055e4b21a781a96/element/cb6b1373-20f2-46b0-9efb-6153f6ce52cd/value'
19:54:56.078 [AsyncHttpClient-1-20] DEBUG org.asynchttpclient.netty.handler.HttpHandler - 

Request DefaultHttpRequest(decodeResult: success, version: HTTP/1.1)
POST /session/dd8e13f77a1f99e80055e4b21a781a96/element/cb6b1373-20f2-46b0-9efb-6153f6ce52cd/value HTTP/1.1
User-Agent: selenium/4.8.1 (java windows)
Content-Length: 211
Content-Type: application/json; charset=utf-8
host: localhost:18742
accept: */*

Response DefaultHttpResponse(decodeResult: success, version: HTTP/1.1)
HTTP/1.1 200 OK
Content-Length: 14
Content-Type: application/json; charset=utf-8
cache-control: no-cache

19:54:56.078 [AsyncHttpClient-1-20] DEBUG org.asynchttpclient.netty.channel.ChannelManager - Adding key: http://localhost:18742 for channel [id: 0xfaf8aa5c, L:/127.0.0.1:56500 - R:localhost/127.0.0.1:18742]
19:54:56.082 [Forwarding getAlertText on session dd8e13f77a1f99e80055e4b21a781a96 to remote] DEBUG org.asynchttpclient.netty.request.NettyRequestSender - Using pooled Channel '[id: 0xfaf8aa5c, L:/127.0.0.1:56500 - R:localhost/127.0.0.1:18742]' for 'GET' to 'http://localhost:18742/session/dd8e13f77a1f99e80055e4b21a781a96/alert/text'
19:54:56.082 [Forwarding getAlertText on session dd8e13f77a1f99e80055e4b21a781a96 to remote] DEBUG org.asynchttpclient.netty.request.NettyRequestSender - Using open Channel [id: 0xfaf8aa5c, L:/127.0.0.1:56500 - R:localhost/127.0.0.1:18742] for GET '/session/dd8e13f77a1f99e80055e4b21a781a96/alert/text'
19:54:56.083 [AsyncHttpClient-1-20] DEBUG org.asynchttpclient.netty.handler.HttpHandler - 

Request DefaultFullHttpRequest(decodeResult: success, version: HTTP/1.1, content: EmptyByteBufBE)
GET /session/dd8e13f77a1f99e80055e4b21a781a96/alert/text HTTP/1.1
User-Agent: selenium/4.8.1 (java windows)
Cache-Control: no-cache
Content-Type: application/json; charset=utf-8
host: localhost:18742
accept: */*

Response DefaultHttpResponse(decodeResult: success, version: HTTP/1.1)
HTTP/1.1 404 Not Found
Content-Length: 816
Content-Type: application/json; charset=utf-8
cache-control: no-cache

19:54:56.083 [AsyncHttpClient-1-20] DEBUG org.asynchttpclient.netty.channel.ChannelManager - Adding key: http://localhost:18742 for channel [id: 0xfaf8aa5c, L:/127.0.0.1:56500 - R:localhost/127.0.0.1:18742]
19:54:56.084 [Forwarding getCurrentUrl on session dd8e13f77a1f99e80055e4b21a781a96 to remote] DEBUG org.asynchttpclient.netty.request.NettyRequestSender - Using pooled Channel '[id: 0xfaf8aa5c, L:/127.0.0.1:56500 - R:localhost/127.0.0.1:18742]' for 'GET' to 'http://localhost:18742/session/dd8e13f77a1f99e80055e4b21a781a96/url'
19:54:56.084 [Forwarding getCurrentUrl on session dd8e13f77a1f99e80055e4b21a781a96 to remote] DEBUG org.asynchttpclient.netty.request.NettyRequestSender - Using open Channel [id: 0xfaf8aa5c, L:/127.0.0.1:56500 - R:localhost/127.0.0.1:18742] for GET '/session/dd8e13f77a1f99e80055e4b21a781a96/url'
19:54:56.087 [AsyncHttpClient-1-20] DEBUG org.asynchttpclient.netty.handler.HttpHandler - 

Request DefaultFullHttpRequest(decodeResult: success, version: HTTP/1.1, content: EmptyByteBufBE)
GET /session/dd8e13f77a1f99e80055e4b21a781a96/url HTTP/1.1
User-Agent: selenium/4.8.1 (java windows)
Cache-Control: no-cache
Content-Type: application/json; charset=utf-8
host: localhost:18742
accept: */*

Response DefaultHttpResponse(decodeResult: success, version: HTTP/1.1)
HTTP/1.1 200 OK
Content-Length: 38
Content-Type: application/json; charset=utf-8
cache-control: no-cache

19:54:56.087 [AsyncHttpClient-1-20] DEBUG org.asynchttpclient.netty.channel.ChannelManager - Adding key: http://localhost:18742 for channel [id: 0xfaf8aa5c, L:/127.0.0.1:56500 - R:localhost/127.0.0.1:18742]
19:54:56.087 [Forwarding screenshot on session dd8e13f77a1f99e80055e4b21a781a96 to remote] DEBUG org.asynchttpclient.netty.request.NettyRequestSender - Using pooled Channel '[id: 0xfaf8aa5c, L:/127.0.0.1:56500 - R:localhost/127.0.0.1:18742]' for 'GET' to 'http://localhost:18742/session/dd8e13f77a1f99e80055e4b21a781a96/screenshot'
19:54:56.087 [Forwarding screenshot on session dd8e13f77a1f99e80055e4b21a781a96 to remote] DEBUG org.asynchttpclient.netty.request.NettyRequestSender - Using open Channel [id: 0xfaf8aa5c, L:/127.0.0.1:56500 - R:localhost/127.0.0.1:18742] for GET '/session/dd8e13f77a1f99e80055e4b21a781a96/screenshot'
19:54:56.194 [AsyncHttpClient-1-20] DEBUG org.asynchttpclient.netty.handler.HttpHandler - 

Request DefaultFullHttpRequest(decodeResult: success, version: HTTP/1.1, content: EmptyByteBufBE)
GET /session/dd8e13f77a1f99e80055e4b21a781a96/screenshot HTTP/1.1
User-Agent: selenium/4.8.1 (java windows)
Cache-Control: no-cache
Content-Type: application/json; charset=utf-8
host: localhost:18742
accept: */*

Response DefaultHttpResponse(decodeResult: success, version: HTTP/1.1)
HTTP/1.1 200 OK
Content-Length: 59376
Content-Type: application/json; charset=utf-8
cache-control: no-cache

19:54:56.194 [AsyncHttpClient-1-20] DEBUG org.asynchttpclient.netty.channel.ChannelManager - Adding key: http://localhost:18742 for channel [id: 0xfaf8aa5c, L:/127.0.0.1:56500 - R:localhost/127.0.0.1:18742]
19:54:56.195 [main] DEBUG net.serenitybdd.core.photography.Darkroom - Send negative for processing for target\site\serenity\34df7c2a49013db09874827a64595e6a5db2797a92a71bf1a6ba69e39d9b6283.png
19:54:56.196 [main] DEBUG net.thucydides.core.steps.StepInterceptor - STEP DONE: inputUsername
19:54:56.201 [Forwarding getPageSource on session dd8e13f77a1f99e80055e4b21a781a96 to remote] DEBUG org.asynchttpclient.netty.request.NettyRequestSender - Using pooled Channel '[id: 0xfaf8aa5c, L:/127.0.0.1:56500 - R:localhost/127.0.0.1:18742]' for 'POST' to 'http://localhost:18742/session/dd8e13f77a1f99e80055e4b21a781a96/execute/sync'
19:54:56.201 [Forwarding getPageSource on session dd8e13f77a1f99e80055e4b21a781a96 to remote] DEBUG org.asynchttpclient.netty.request.NettyRequestSender - Using open Channel [id: 0xfaf8aa5c, L:/127.0.0.1:56500 - R:localhost/127.0.0.1:18742] for POST '/session/dd8e13f77a1f99e80055e4b21a781a96/execute/sync'
19:54:56.203 [AsyncHttpClient-1-20] DEBUG org.asynchttpclient.netty.handler.HttpHandler - 

Request DefaultHttpRequest(decodeResult: success, version: HTTP/1.1)
POST /session/dd8e13f77a1f99e80055e4b21a781a96/execute/sync HTTP/1.1
User-Agent: selenium/4.8.1 (java windows)
Content-Length: 176
Content-Type: application/json; charset=utf-8
host: localhost:18742
accept: */*

Response DefaultHttpResponse(decodeResult: success, version: HTTP/1.1)
HTTP/1.1 200 OK
Content-Length: 4299
Content-Type: application/json; charset=utf-8
cache-control: no-cache

19:54:56.204 [AsyncHttpClient-1-20] DEBUG org.asynchttpclient.netty.channel.ChannelManager - Adding key: http://localhost:18742 for channel [id: 0xfaf8aa5c, L:/127.0.0.1:56500 - R:localhost/127.0.0.1:18742]
19:54:56.204 [Forwarding getCurrentUrl on session dd8e13f77a1f99e80055e4b21a781a96 to remote] DEBUG org.asynchttpclient.netty.request.NettyRequestSender - Using pooled Channel '[id: 0xfaf8aa5c, L:/127.0.0.1:56500 - R:localhost/127.0.0.1:18742]' for 'GET' to 'http://localhost:18742/session/dd8e13f77a1f99e80055e4b21a781a96/url'
19:54:56.204 [Forwarding getCurrentUrl on session dd8e13f77a1f99e80055e4b21a781a96 to remote] DEBUG org.asynchttpclient.netty.request.NettyRequestSender - Using open Channel [id: 0xfaf8aa5c, L:/127.0.0.1:56500 - R:localhost/127.0.0.1:18742] for GET '/session/dd8e13f77a1f99e80055e4b21a781a96/url'
19:54:56.207 [AsyncHttpClient-1-20] DEBUG org.asynchttpclient.netty.handler.HttpHandler - 

Request DefaultFullHttpRequest(decodeResult: success, version: HTTP/1.1, content: EmptyByteBufBE)
GET /session/dd8e13f77a1f99e80055e4b21a781a96/url HTTP/1.1
User-Agent: selenium/4.8.1 (java windows)
Cache-Control: no-cache
Content-Type: application/json; charset=utf-8
host: localhost:18742
accept: */*

Response DefaultHttpResponse(decodeResult: success, version: HTTP/1.1)
HTTP/1.1 200 OK
Content-Length: 38
Content-Type: application/json; charset=utf-8
cache-control: no-cache

19:54:56.207 [AsyncHttpClient-1-20] DEBUG org.asynchttpclient.netty.channel.ChannelManager - Adding key: http://localhost:18742 for channel [id: 0xfaf8aa5c, L:/127.0.0.1:56500 - R:localhost/127.0.0.1:18742]
19:54:56.209 [main] DEBUG net.thucydides.core.steps.StepInterceptor - STARTING STEP: CartSteps.loginAsAUser - inputPassword
19:54:56.211 [Forwarding findElement on session dd8e13f77a1f99e80055e4b21a781a96 to remote] DEBUG org.asynchttpclient.netty.request.NettyRequestSender - Using pooled Channel '[id: 0xfaf8aa5c, L:/127.0.0.1:56500 - R:localhost/127.0.0.1:18742]' for 'POST' to 'http://localhost:18742/session/dd8e13f77a1f99e80055e4b21a781a96/element'
19:54:56.211 [Forwarding findElement on session dd8e13f77a1f99e80055e4b21a781a96 to remote] DEBUG org.asynchttpclient.netty.request.NettyRequestSender - Using open Channel [id: 0xfaf8aa5c, L:/127.0.0.1:56500 - R:localhost/127.0.0.1:18742] for POST '/session/dd8e13f77a1f99e80055e4b21a781a96/element'
19:54:56.220 [AsyncHttpClient-1-20] DEBUG org.asynchttpclient.netty.handler.HttpHandler - 

Request DefaultHttpRequest(decodeResult: success, version: HTTP/1.1)
POST /session/dd8e13f77a1f99e80055e4b21a781a96/element HTTP/1.1
User-Agent: selenium/4.8.1 (java windows)
Content-Length: 53
Content-Type: application/json; charset=utf-8
host: localhost:18742
accept: */*

Response DefaultHttpResponse(decodeResult: success, version: HTTP/1.1)
HTTP/1.1 200 OK
Content-Length: 88
Content-Type: application/json; charset=utf-8
cache-control: no-cache

19:54:56.220 [AsyncHttpClient-1-20] DEBUG org.asynchttpclient.netty.channel.ChannelManager - Adding key: http://localhost:18742 for channel [id: 0xfaf8aa5c, L:/127.0.0.1:56500 - R:localhost/127.0.0.1:18742]
19:54:56.221 [Forwarding clearElement on session dd8e13f77a1f99e80055e4b21a781a96 to remote] DEBUG org.asynchttpclient.netty.request.NettyRequestSender - Using pooled Channel '[id: 0xfaf8aa5c, L:/127.0.0.1:56500 - R:localhost/127.0.0.1:18742]' for 'POST' to 'http://localhost:18742/session/dd8e13f77a1f99e80055e4b21a781a96/element/2f959e1f-2e08-4902-9d7b-657b4a5391ff/clear'
19:54:56.221 [Forwarding clearElement on session dd8e13f77a1f99e80055e4b21a781a96 to remote] DEBUG org.asynchttpclient.netty.request.NettyRequestSender - Using open Channel [id: 0xfaf8aa5c, L:/127.0.0.1:56500 - R:localhost/127.0.0.1:18742] for POST '/session/dd8e13f77a1f99e80055e4b21a781a96/element/2f959e1f-2e08-4902-9d7b-657b4a5391ff/clear'
19:54:56.244 [AsyncHttpClient-1-20] DEBUG org.asynchttpclient.netty.handler.HttpHandler - 

Request DefaultHttpRequest(decodeResult: success, version: HTTP/1.1)
POST /session/dd8e13f77a1f99e80055e4b21a781a96/element/2f959e1f-2e08-4902-9d7b-657b4a5391ff/clear HTTP/1.1
User-Agent: selenium/4.8.1 (java windows)
Content-Length: 50
Content-Type: application/json; charset=utf-8
host: localhost:18742
accept: */*

Response DefaultHttpResponse(decodeResult: success, version: HTTP/1.1)
HTTP/1.1 200 OK
Content-Length: 14
Content-Type: application/json; charset=utf-8
cache-control: no-cache

19:54:56.244 [AsyncHttpClient-1-20] DEBUG org.asynchttpclient.netty.channel.ChannelManager - Adding key: http://localhost:18742 for channel [id: 0xfaf8aa5c, L:/127.0.0.1:56500 - R:localhost/127.0.0.1:18742]
19:54:56.246 [Forwarding sendKeysToElement on session dd8e13f77a1f99e80055e4b21a781a96 to remote] DEBUG org.asynchttpclient.netty.request.NettyRequestSender - Using pooled Channel '[id: 0xfaf8aa5c, L:/127.0.0.1:56500 - R:localhost/127.0.0.1:18742]' for 'POST' to 'http://localhost:18742/session/dd8e13f77a1f99e80055e4b21a781a96/element/2f959e1f-2e08-4902-9d7b-657b4a5391ff/value'
19:54:56.246 [Forwarding sendKeysToElement on session dd8e13f77a1f99e80055e4b21a781a96 to remote] DEBUG org.asynchttpclient.netty.request.NettyRequestSender - Using open Channel [id: 0xfaf8aa5c, L:/127.0.0.1:56500 - R:localhost/127.0.0.1:18742] for POST '/session/dd8e13f77a1f99e80055e4b21a781a96/element/2f959e1f-2e08-4902-9d7b-657b4a5391ff/value'
19:54:56.294 [AsyncHttpClient-1-20] DEBUG org.asynchttpclient.netty.handler.HttpHandler - 

Request DefaultHttpRequest(decodeResult: success, version: HTTP/1.1)
POST /session/dd8e13f77a1f99e80055e4b21a781a96/element/2f959e1f-2e08-4902-9d7b-657b4a5391ff/value HTTP/1.1
User-Agent: selenium/4.8.1 (java windows)
Content-Length: 201
Content-Type: application/json; charset=utf-8
host: localhost:18742
accept: */*

Response DefaultHttpResponse(decodeResult: success, version: HTTP/1.1)
HTTP/1.1 200 OK
Content-Length: 14
Content-Type: application/json; charset=utf-8
cache-control: no-cache

19:54:56.294 [AsyncHttpClient-1-20] DEBUG org.asynchttpclient.netty.channel.ChannelManager - Adding key: http://localhost:18742 for channel [id: 0xfaf8aa5c, L:/127.0.0.1:56500 - R:localhost/127.0.0.1:18742]
19:54:56.299 [Forwarding getAlertText on session dd8e13f77a1f99e80055e4b21a781a96 to remote] DEBUG org.asynchttpclient.netty.request.NettyRequestSender - Using pooled Channel '[id: 0xfaf8aa5c, L:/127.0.0.1:56500 - R:localhost/127.0.0.1:18742]' for 'GET' to 'http://localhost:18742/session/dd8e13f77a1f99e80055e4b21a781a96/alert/text'
19:54:56.299 [Forwarding getAlertText on session dd8e13f77a1f99e80055e4b21a781a96 to remote] DEBUG org.asynchttpclient.netty.request.NettyRequestSender - Using open Channel [id: 0xfaf8aa5c, L:/127.0.0.1:56500 - R:localhost/127.0.0.1:18742] for GET '/session/dd8e13f77a1f99e80055e4b21a781a96/alert/text'
19:54:56.300 [AsyncHttpClient-1-20] DEBUG org.asynchttpclient.netty.handler.HttpHandler - 

Request DefaultFullHttpRequest(decodeResult: success, version: HTTP/1.1, content: EmptyByteBufBE)
GET /session/dd8e13f77a1f99e80055e4b21a781a96/alert/text HTTP/1.1
User-Agent: selenium/4.8.1 (java windows)
Cache-Control: no-cache
Content-Type: application/json; charset=utf-8
host: localhost:18742
accept: */*

Response DefaultHttpResponse(decodeResult: success, version: HTTP/1.1)
HTTP/1.1 404 Not Found
Content-Length: 816
Content-Type: application/json; charset=utf-8
cache-control: no-cache

19:54:56.300 [AsyncHttpClient-1-20] DEBUG org.asynchttpclient.netty.channel.ChannelManager - Adding key: http://localhost:18742 for channel [id: 0xfaf8aa5c, L:/127.0.0.1:56500 - R:localhost/127.0.0.1:18742]
19:54:56.301 [Forwarding getCurrentUrl on session dd8e13f77a1f99e80055e4b21a781a96 to remote] DEBUG org.asynchttpclient.netty.request.NettyRequestSender - Using pooled Channel '[id: 0xfaf8aa5c, L:/127.0.0.1:56500 - R:localhost/127.0.0.1:18742]' for 'GET' to 'http://localhost:18742/session/dd8e13f77a1f99e80055e4b21a781a96/url'
19:54:56.301 [Forwarding getCurrentUrl on session dd8e13f77a1f99e80055e4b21a781a96 to remote] DEBUG org.asynchttpclient.netty.request.NettyRequestSender - Using open Channel [id: 0xfaf8aa5c, L:/127.0.0.1:56500 - R:localhost/127.0.0.1:18742] for GET '/session/dd8e13f77a1f99e80055e4b21a781a96/url'
19:54:56.303 [AsyncHttpClient-1-20] DEBUG org.asynchttpclient.netty.handler.HttpHandler - 

Request DefaultFullHttpRequest(decodeResult: success, version: HTTP/1.1, content: EmptyByteBufBE)
GET /session/dd8e13f77a1f99e80055e4b21a781a96/url HTTP/1.1
User-Agent: selenium/4.8.1 (java windows)
Cache-Control: no-cache
Content-Type: application/json; charset=utf-8
host: localhost:18742
accept: */*

Response DefaultHttpResponse(decodeResult: success, version: HTTP/1.1)
HTTP/1.1 200 OK
Content-Length: 38
Content-Type: application/json; charset=utf-8
cache-control: no-cache

19:54:56.303 [AsyncHttpClient-1-20] DEBUG org.asynchttpclient.netty.channel.ChannelManager - Adding key: http://localhost:18742 for channel [id: 0xfaf8aa5c, L:/127.0.0.1:56500 - R:localhost/127.0.0.1:18742]
19:54:56.303 [Forwarding screenshot on session dd8e13f77a1f99e80055e4b21a781a96 to remote] DEBUG org.asynchttpclient.netty.request.NettyRequestSender - Using pooled Channel '[id: 0xfaf8aa5c, L:/127.0.0.1:56500 - R:localhost/127.0.0.1:18742]' for 'GET' to 'http://localhost:18742/session/dd8e13f77a1f99e80055e4b21a781a96/screenshot'
19:54:56.303 [Forwarding screenshot on session dd8e13f77a1f99e80055e4b21a781a96 to remote] DEBUG org.asynchttpclient.netty.request.NettyRequestSender - Using open Channel [id: 0xfaf8aa5c, L:/127.0.0.1:56500 - R:localhost/127.0.0.1:18742] for GET '/session/dd8e13f77a1f99e80055e4b21a781a96/screenshot'
19:54:56.445 [AsyncHttpClient-1-20] DEBUG org.asynchttpclient.netty.handler.HttpHandler - 

Request DefaultFullHttpRequest(decodeResult: success, version: HTTP/1.1, content: EmptyByteBufBE)
GET /session/dd8e13f77a1f99e80055e4b21a781a96/screenshot HTTP/1.1
User-Agent: selenium/4.8.1 (java windows)
Cache-Control: no-cache
Content-Type: application/json; charset=utf-8
host: localhost:18742
accept: */*

Response DefaultHttpResponse(decodeResult: success, version: HTTP/1.1)
HTTP/1.1 200 OK
Content-Length: 56848
Content-Type: application/json; charset=utf-8
cache-control: no-cache

19:54:56.445 [AsyncHttpClient-1-20] DEBUG org.asynchttpclient.netty.channel.ChannelManager - Adding key: http://localhost:18742 for channel [id: 0xfaf8aa5c, L:/127.0.0.1:56500 - R:localhost/127.0.0.1:18742]
19:54:56.446 [main] DEBUG net.serenitybdd.core.photography.Darkroom - Send negative for processing for target\site\serenity\6adca94019f7156b5b02d50dcdcd86549d04d7d2a8a2bccedb68665c7405404e.png
19:54:56.446 [main] DEBUG net.thucydides.core.steps.StepInterceptor - STEP DONE: inputPassword
19:54:56.450 [Forwarding getPageSource on session dd8e13f77a1f99e80055e4b21a781a96 to remote] DEBUG org.asynchttpclient.netty.request.NettyRequestSender - Using pooled Channel '[id: 0xfaf8aa5c, L:/127.0.0.1:56500 - R:localhost/127.0.0.1:18742]' for 'POST' to 'http://localhost:18742/session/dd8e13f77a1f99e80055e4b21a781a96/execute/sync'
19:54:56.450 [Forwarding getPageSource on session dd8e13f77a1f99e80055e4b21a781a96 to remote] DEBUG org.asynchttpclient.netty.request.NettyRequestSender - Using open Channel [id: 0xfaf8aa5c, L:/127.0.0.1:56500 - R:localhost/127.0.0.1:18742] for POST '/session/dd8e13f77a1f99e80055e4b21a781a96/execute/sync'
19:54:56.453 [AsyncHttpClient-1-20] DEBUG org.asynchttpclient.netty.handler.HttpHandler - 

Request DefaultHttpRequest(decodeResult: success, version: HTTP/1.1)
POST /session/dd8e13f77a1f99e80055e4b21a781a96/execute/sync HTTP/1.1
User-Agent: selenium/4.8.1 (java windows)
Content-Length: 176
Content-Type: application/json; charset=utf-8
host: localhost:18742
accept: */*

Response DefaultHttpResponse(decodeResult: success, version: HTTP/1.1)
HTTP/1.1 200 OK
Content-Length: 4311
Content-Type: application/json; charset=utf-8
cache-control: no-cache

19:54:56.453 [AsyncHttpClient-1-20] DEBUG org.asynchttpclient.netty.channel.ChannelManager - Adding key: http://localhost:18742 for channel [id: 0xfaf8aa5c, L:/127.0.0.1:56500 - R:localhost/127.0.0.1:18742]
19:54:56.454 [Forwarding getCurrentUrl on session dd8e13f77a1f99e80055e4b21a781a96 to remote] DEBUG org.asynchttpclient.netty.request.NettyRequestSender - Using pooled Channel '[id: 0xfaf8aa5c, L:/127.0.0.1:56500 - R:localhost/127.0.0.1:18742]' for 'GET' to 'http://localhost:18742/session/dd8e13f77a1f99e80055e4b21a781a96/url'
19:54:56.454 [Forwarding getCurrentUrl on session dd8e13f77a1f99e80055e4b21a781a96 to remote] DEBUG org.asynchttpclient.netty.request.NettyRequestSender - Using open Channel [id: 0xfaf8aa5c, L:/127.0.0.1:56500 - R:localhost/127.0.0.1:18742] for GET '/session/dd8e13f77a1f99e80055e4b21a781a96/url'
19:54:56.456 [AsyncHttpClient-1-20] DEBUG org.asynchttpclient.netty.handler.HttpHandler - 

Request DefaultFullHttpRequest(decodeResult: success, version: HTTP/1.1, content: EmptyByteBufBE)
GET /session/dd8e13f77a1f99e80055e4b21a781a96/url HTTP/1.1
User-Agent: selenium/4.8.1 (java windows)
Cache-Control: no-cache
Content-Type: application/json; charset=utf-8
host: localhost:18742
accept: */*

Response DefaultHttpResponse(decodeResult: success, version: HTTP/1.1)
HTTP/1.1 200 OK
Content-Length: 38
Content-Type: application/json; charset=utf-8
cache-control: no-cache

19:54:56.456 [AsyncHttpClient-1-20] DEBUG org.asynchttpclient.netty.channel.ChannelManager - Adding key: http://localhost:18742 for channel [id: 0xfaf8aa5c, L:/127.0.0.1:56500 - R:localhost/127.0.0.1:18742]
19:54:56.458 [main] DEBUG net.thucydides.core.steps.StepInterceptor - STARTING STEP: CartSteps.loginAsAUser - clickButtonLogin
19:54:56.459 [Forwarding findElement on session dd8e13f77a1f99e80055e4b21a781a96 to remote] DEBUG org.asynchttpclient.netty.request.NettyRequestSender - Using pooled Channel '[id: 0xfaf8aa5c, L:/127.0.0.1:56500 - R:localhost/127.0.0.1:18742]' for 'POST' to 'http://localhost:18742/session/dd8e13f77a1f99e80055e4b21a781a96/element'
19:54:56.459 [Forwarding findElement on session dd8e13f77a1f99e80055e4b21a781a96 to remote] DEBUG org.asynchttpclient.netty.request.NettyRequestSender - Using open Channel [id: 0xfaf8aa5c, L:/127.0.0.1:56500 - R:localhost/127.0.0.1:18742] for POST '/session/dd8e13f77a1f99e80055e4b21a781a96/element'
19:54:56.468 [AsyncHttpClient-1-20] DEBUG org.asynchttpclient.netty.handler.HttpHandler - 

Request DefaultHttpRequest(decodeResult: success, version: HTTP/1.1)
POST /session/dd8e13f77a1f99e80055e4b21a781a96/element HTTP/1.1
User-Agent: selenium/4.8.1 (java windows)
Content-Length: 59
Content-Type: application/json; charset=utf-8
host: localhost:18742
accept: */*

Response DefaultHttpResponse(decodeResult: success, version: HTTP/1.1)
HTTP/1.1 200 OK
Content-Length: 88
Content-Type: application/json; charset=utf-8
cache-control: no-cache

19:54:56.468 [AsyncHttpClient-1-20] DEBUG org.asynchttpclient.netty.channel.ChannelManager - Adding key: http://localhost:18742 for channel [id: 0xfaf8aa5c, L:/127.0.0.1:56500 - R:localhost/127.0.0.1:18742]
19:54:56.469 [Forwarding getElementTagName on session dd8e13f77a1f99e80055e4b21a781a96 to remote] DEBUG org.asynchttpclient.netty.request.NettyRequestSender - Using pooled Channel '[id: 0xfaf8aa5c, L:/127.0.0.1:56500 - R:localhost/127.0.0.1:18742]' for 'GET' to 'http://localhost:18742/session/dd8e13f77a1f99e80055e4b21a781a96/element/3908cc37-5176-4a4a-bd1b-0e8830836fcc/name'
19:54:56.469 [Forwarding getElementTagName on session dd8e13f77a1f99e80055e4b21a781a96 to remote] DEBUG org.asynchttpclient.netty.request.NettyRequestSender - Using open Channel [id: 0xfaf8aa5c, L:/127.0.0.1:56500 - R:localhost/127.0.0.1:18742] for GET '/session/dd8e13f77a1f99e80055e4b21a781a96/element/3908cc37-5176-4a4a-bd1b-0e8830836fcc/name'
19:54:56.472 [AsyncHttpClient-1-20] DEBUG org.asynchttpclient.netty.handler.HttpHandler - 

Request DefaultFullHttpRequest(decodeResult: success, version: HTTP/1.1, content: EmptyByteBufBE)
GET /session/dd8e13f77a1f99e80055e4b21a781a96/element/3908cc37-5176-4a4a-bd1b-0e8830836fcc/name HTTP/1.1
User-Agent: selenium/4.8.1 (java windows)
Cache-Control: no-cache
Content-Type: application/json; charset=utf-8
host: localhost:18742
accept: */*

Response DefaultHttpResponse(decodeResult: success, version: HTTP/1.1)
HTTP/1.1 200 OK
Content-Length: 17
Content-Type: application/json; charset=utf-8
cache-control: no-cache

19:54:56.472 [AsyncHttpClient-1-20] DEBUG org.asynchttpclient.netty.channel.ChannelManager - Adding key: http://localhost:18742 for channel [id: 0xfaf8aa5c, L:/127.0.0.1:56500 - R:localhost/127.0.0.1:18742]
19:54:56.472 [Forwarding getElementTagName on session dd8e13f77a1f99e80055e4b21a781a96 to remote] DEBUG org.asynchttpclient.netty.request.NettyRequestSender - Using pooled Channel '[id: 0xfaf8aa5c, L:/127.0.0.1:56500 - R:localhost/127.0.0.1:18742]' for 'GET' to 'http://localhost:18742/session/dd8e13f77a1f99e80055e4b21a781a96/element/3908cc37-5176-4a4a-bd1b-0e8830836fcc/name'
19:54:56.472 [Forwarding getElementTagName on session dd8e13f77a1f99e80055e4b21a781a96 to remote] DEBUG org.asynchttpclient.netty.request.NettyRequestSender - Using open Channel [id: 0xfaf8aa5c, L:/127.0.0.1:56500 - R:localhost/127.0.0.1:18742] for GET '/session/dd8e13f77a1f99e80055e4b21a781a96/element/3908cc37-5176-4a4a-bd1b-0e8830836fcc/name'
19:54:56.474 [AsyncHttpClient-1-20] DEBUG org.asynchttpclient.netty.handler.HttpHandler - 

Request DefaultFullHttpRequest(decodeResult: success, version: HTTP/1.1, content: EmptyByteBufBE)
GET /session/dd8e13f77a1f99e80055e4b21a781a96/element/3908cc37-5176-4a4a-bd1b-0e8830836fcc/name HTTP/1.1
User-Agent: selenium/4.8.1 (java windows)
Cache-Control: no-cache
Content-Type: application/json; charset=utf-8
host: localhost:18742
accept: */*

Response DefaultHttpResponse(decodeResult: success, version: HTTP/1.1)
HTTP/1.1 200 OK
Content-Length: 17
Content-Type: application/json; charset=utf-8
cache-control: no-cache

19:54:56.474 [AsyncHttpClient-1-20] DEBUG org.asynchttpclient.netty.channel.ChannelManager - Adding key: http://localhost:18742 for channel [id: 0xfaf8aa5c, L:/127.0.0.1:56500 - R:localhost/127.0.0.1:18742]
19:54:56.475 [Forwarding isElementEnabled on session dd8e13f77a1f99e80055e4b21a781a96 to remote] DEBUG org.asynchttpclient.netty.request.NettyRequestSender - Using pooled Channel '[id: 0xfaf8aa5c, L:/127.0.0.1:56500 - R:localhost/127.0.0.1:18742]' for 'GET' to 'http://localhost:18742/session/dd8e13f77a1f99e80055e4b21a781a96/element/3908cc37-5176-4a4a-bd1b-0e8830836fcc/enabled'
19:54:56.475 [Forwarding isElementEnabled on session dd8e13f77a1f99e80055e4b21a781a96 to remote] DEBUG org.asynchttpclient.netty.request.NettyRequestSender - Using open Channel [id: 0xfaf8aa5c, L:/127.0.0.1:56500 - R:localhost/127.0.0.1:18742] for GET '/session/dd8e13f77a1f99e80055e4b21a781a96/element/3908cc37-5176-4a4a-bd1b-0e8830836fcc/enabled'
19:54:56.481 [AsyncHttpClient-1-20] DEBUG org.asynchttpclient.netty.handler.HttpHandler - 

Request DefaultFullHttpRequest(decodeResult: success, version: HTTP/1.1, content: EmptyByteBufBE)
GET /session/dd8e13f77a1f99e80055e4b21a781a96/element/3908cc37-5176-4a4a-bd1b-0e8830836fcc/enabled HTTP/1.1
User-Agent: selenium/4.8.1 (java windows)
Cache-Control: no-cache
Content-Type: application/json; charset=utf-8
host: localhost:18742
accept: */*

Response DefaultHttpResponse(decodeResult: success, version: HTTP/1.1)
HTTP/1.1 200 OK
Content-Length: 14
Content-Type: application/json; charset=utf-8
cache-control: no-cache

19:54:56.481 [AsyncHttpClient-1-20] DEBUG org.asynchttpclient.netty.channel.ChannelManager - Adding key: http://localhost:18742 for channel [id: 0xfaf8aa5c, L:/127.0.0.1:56500 - R:localhost/127.0.0.1:18742]
19:54:56.482 [Forwarding isElementEnabled on session dd8e13f77a1f99e80055e4b21a781a96 to remote] DEBUG org.asynchttpclient.netty.request.NettyRequestSender - Using pooled Channel '[id: 0xfaf8aa5c, L:/127.0.0.1:56500 - R:localhost/127.0.0.1:18742]' for 'GET' to 'http://localhost:18742/session/dd8e13f77a1f99e80055e4b21a781a96/element/3908cc37-5176-4a4a-bd1b-0e8830836fcc/enabled'
19:54:56.482 [Forwarding isElementEnabled on session dd8e13f77a1f99e80055e4b21a781a96 to remote] DEBUG org.asynchttpclient.netty.request.NettyRequestSender - Using open Channel [id: 0xfaf8aa5c, L:/127.0.0.1:56500 - R:localhost/127.0.0.1:18742] for GET '/session/dd8e13f77a1f99e80055e4b21a781a96/element/3908cc37-5176-4a4a-bd1b-0e8830836fcc/enabled'
19:54:56.486 [AsyncHttpClient-1-20] DEBUG org.asynchttpclient.netty.handler.HttpHandler - 

Request DefaultFullHttpRequest(decodeResult: success, version: HTTP/1.1, content: EmptyByteBufBE)
GET /session/dd8e13f77a1f99e80055e4b21a781a96/element/3908cc37-5176-4a4a-bd1b-0e8830836fcc/enabled HTTP/1.1
User-Agent: selenium/4.8.1 (java windows)
Cache-Control: no-cache
Content-Type: application/json; charset=utf-8
host: localhost:18742
accept: */*

Response DefaultHttpResponse(decodeResult: success, version: HTTP/1.1)
HTTP/1.1 200 OK
Content-Length: 14
Content-Type: application/json; charset=utf-8
cache-control: no-cache

19:54:56.486 [AsyncHttpClient-1-20] DEBUG org.asynchttpclient.netty.channel.ChannelManager - Adding key: http://localhost:18742 for channel [id: 0xfaf8aa5c, L:/127.0.0.1:56500 - R:localhost/127.0.0.1:18742]
19:54:56.487 [Forwarding findElement on session dd8e13f77a1f99e80055e4b21a781a96 to remote] DEBUG org.asynchttpclient.netty.request.NettyRequestSender - Using pooled Channel '[id: 0xfaf8aa5c, L:/127.0.0.1:56500 - R:localhost/127.0.0.1:18742]' for 'POST' to 'http://localhost:18742/session/dd8e13f77a1f99e80055e4b21a781a96/element'
19:54:56.487 [Forwarding findElement on session dd8e13f77a1f99e80055e4b21a781a96 to remote] DEBUG org.asynchttpclient.netty.request.NettyRequestSender - Using open Channel [id: 0xfaf8aa5c, L:/127.0.0.1:56500 - R:localhost/127.0.0.1:18742] for POST '/session/dd8e13f77a1f99e80055e4b21a781a96/element'
19:54:56.491 [AsyncHttpClient-1-20] DEBUG org.asynchttpclient.netty.handler.HttpHandler - 

Request DefaultHttpRequest(decodeResult: success, version: HTTP/1.1)
POST /session/dd8e13f77a1f99e80055e4b21a781a96/element HTTP/1.1
User-Agent: selenium/4.8.1 (java windows)
Content-Length: 59
Content-Type: application/json; charset=utf-8
host: localhost:18742
accept: */*

Response DefaultHttpResponse(decodeResult: success, version: HTTP/1.1)
HTTP/1.1 200 OK
Content-Length: 88
Content-Type: application/json; charset=utf-8
cache-control: no-cache

19:54:56.491 [AsyncHttpClient-1-20] DEBUG org.asynchttpclient.netty.channel.ChannelManager - Adding key: http://localhost:18742 for channel [id: 0xfaf8aa5c, L:/127.0.0.1:56500 - R:localhost/127.0.0.1:18742]
19:54:56.492 [Forwarding clickElement on session dd8e13f77a1f99e80055e4b21a781a96 to remote] DEBUG org.asynchttpclient.netty.request.NettyRequestSender - Using pooled Channel '[id: 0xfaf8aa5c, L:/127.0.0.1:56500 - R:localhost/127.0.0.1:18742]' for 'POST' to 'http://localhost:18742/session/dd8e13f77a1f99e80055e4b21a781a96/element/3908cc37-5176-4a4a-bd1b-0e8830836fcc/click'
19:54:56.492 [Forwarding clickElement on session dd8e13f77a1f99e80055e4b21a781a96 to remote] DEBUG org.asynchttpclient.netty.request.NettyRequestSender - Using open Channel [id: 0xfaf8aa5c, L:/127.0.0.1:56500 - R:localhost/127.0.0.1:18742] for POST '/session/dd8e13f77a1f99e80055e4b21a781a96/element/3908cc37-5176-4a4a-bd1b-0e8830836fcc/click'
19:54:56.510 [AsyncHttpClient-1-1] DEBUG org.asynchttpclient.netty.channel.DefaultChannelPool - Entry count for : http://localhost:56501 : 1
19:54:56.567 [AsyncHttpClient-1-20] DEBUG org.asynchttpclient.netty.handler.HttpHandler - 

Request DefaultHttpRequest(decodeResult: success, version: HTTP/1.1)
POST /session/dd8e13f77a1f99e80055e4b21a781a96/element/3908cc37-5176-4a4a-bd1b-0e8830836fcc/click HTTP/1.1
User-Agent: selenium/4.8.1 (java windows)
Content-Length: 50
Content-Type: application/json; charset=utf-8
host: localhost:18742
accept: */*

Response DefaultHttpResponse(decodeResult: success, version: HTTP/1.1)
HTTP/1.1 200 OK
Content-Length: 14
Content-Type: application/json; charset=utf-8
cache-control: no-cache

19:54:56.567 [AsyncHttpClient-1-20] DEBUG org.asynchttpclient.netty.channel.ChannelManager - Adding key: http://localhost:18742 for channel [id: 0xfaf8aa5c, L:/127.0.0.1:56500 - R:localhost/127.0.0.1:18742]
19:54:56.571 [Forwarding getAlertText on session dd8e13f77a1f99e80055e4b21a781a96 to remote] DEBUG org.asynchttpclient.netty.request.NettyRequestSender - Using pooled Channel '[id: 0xfaf8aa5c, L:/127.0.0.1:56500 - R:localhost/127.0.0.1:18742]' for 'GET' to 'http://localhost:18742/session/dd8e13f77a1f99e80055e4b21a781a96/alert/text'
19:54:56.572 [Forwarding getAlertText on session dd8e13f77a1f99e80055e4b21a781a96 to remote] DEBUG org.asynchttpclient.netty.request.NettyRequestSender - Using open Channel [id: 0xfaf8aa5c, L:/127.0.0.1:56500 - R:localhost/127.0.0.1:18742] for GET '/session/dd8e13f77a1f99e80055e4b21a781a96/alert/text'
19:54:56.573 [AsyncHttpClient-1-20] DEBUG org.asynchttpclient.netty.handler.HttpHandler - 

Request DefaultFullHttpRequest(decodeResult: success, version: HTTP/1.1, content: EmptyByteBufBE)
GET /session/dd8e13f77a1f99e80055e4b21a781a96/alert/text HTTP/1.1
User-Agent: selenium/4.8.1 (java windows)
Cache-Control: no-cache
Content-Type: application/json; charset=utf-8
host: localhost:18742
accept: */*

Response DefaultHttpResponse(decodeResult: success, version: HTTP/1.1)
HTTP/1.1 404 Not Found
Content-Length: 816
Content-Type: application/json; charset=utf-8
cache-control: no-cache

19:54:56.573 [AsyncHttpClient-1-20] DEBUG org.asynchttpclient.netty.channel.ChannelManager - Adding key: http://localhost:18742 for channel [id: 0xfaf8aa5c, L:/127.0.0.1:56500 - R:localhost/127.0.0.1:18742]
19:54:56.574 [Forwarding getCurrentUrl on session dd8e13f77a1f99e80055e4b21a781a96 to remote] DEBUG org.asynchttpclient.netty.request.NettyRequestSender - Using pooled Channel '[id: 0xfaf8aa5c, L:/127.0.0.1:56500 - R:localhost/127.0.0.1:18742]' for 'GET' to 'http://localhost:18742/session/dd8e13f77a1f99e80055e4b21a781a96/url'
19:54:56.574 [Forwarding getCurrentUrl on session dd8e13f77a1f99e80055e4b21a781a96 to remote] DEBUG org.asynchttpclient.netty.request.NettyRequestSender - Using open Channel [id: 0xfaf8aa5c, L:/127.0.0.1:56500 - R:localhost/127.0.0.1:18742] for GET '/session/dd8e13f77a1f99e80055e4b21a781a96/url'
19:54:56.576 [AsyncHttpClient-1-20] DEBUG org.asynchttpclient.netty.handler.HttpHandler - 

Request DefaultFullHttpRequest(decodeResult: success, version: HTTP/1.1, content: EmptyByteBufBE)
GET /session/dd8e13f77a1f99e80055e4b21a781a96/url HTTP/1.1
User-Agent: selenium/4.8.1 (java windows)
Cache-Control: no-cache
Content-Type: application/json; charset=utf-8
host: localhost:18742
accept: */*

Response DefaultHttpResponse(decodeResult: success, version: HTTP/1.1)
HTTP/1.1 200 OK
Content-Length: 52
Content-Type: application/json; charset=utf-8
cache-control: no-cache

19:54:56.576 [AsyncHttpClient-1-20] DEBUG org.asynchttpclient.netty.channel.ChannelManager - Adding key: http://localhost:18742 for channel [id: 0xfaf8aa5c, L:/127.0.0.1:56500 - R:localhost/127.0.0.1:18742]
19:54:56.576 [Forwarding screenshot on session dd8e13f77a1f99e80055e4b21a781a96 to remote] DEBUG org.asynchttpclient.netty.request.NettyRequestSender - Using pooled Channel '[id: 0xfaf8aa5c, L:/127.0.0.1:56500 - R:localhost/127.0.0.1:18742]' for 'GET' to 'http://localhost:18742/session/dd8e13f77a1f99e80055e4b21a781a96/screenshot'
19:54:56.576 [Forwarding screenshot on session dd8e13f77a1f99e80055e4b21a781a96 to remote] DEBUG org.asynchttpclient.netty.request.NettyRequestSender - Using open Channel [id: 0xfaf8aa5c, L:/127.0.0.1:56500 - R:localhost/127.0.0.1:18742] for GET '/session/dd8e13f77a1f99e80055e4b21a781a96/screenshot'
19:54:56.703 [AsyncHttpClient-1-20] DEBUG org.asynchttpclient.netty.handler.HttpHandler - 

Request DefaultFullHttpRequest(decodeResult: success, version: HTTP/1.1, content: EmptyByteBufBE)
GET /session/dd8e13f77a1f99e80055e4b21a781a96/screenshot HTTP/1.1
User-Agent: selenium/4.8.1 (java windows)
Cache-Control: no-cache
Content-Type: application/json; charset=utf-8
host: localhost:18742
accept: */*

Response DefaultHttpResponse(decodeResult: success, version: HTTP/1.1)
HTTP/1.1 200 OK
Content-Length: 285512
Content-Type: application/json; charset=utf-8
cache-control: no-cache

19:54:56.703 [AsyncHttpClient-1-20] DEBUG org.asynchttpclient.netty.channel.ChannelManager - Adding key: http://localhost:18742 for channel [id: 0xfaf8aa5c, L:/127.0.0.1:56500 - R:localhost/127.0.0.1:18742]
19:54:56.707 [main] DEBUG net.serenitybdd.core.photography.Darkroom - Send negative for processing for target\site\serenity\7614ee354bf590aa041e91fab36a6d543e78d0f13e6beff2e4ea75b68483773b.png
19:54:56.707 [main] DEBUG net.thucydides.core.steps.StepInterceptor - STEP DONE: clickButtonLogin
  &amp#27;[32mGiven &amp#27;[0m&amp#27;[32mI am a logged in user&amp#27;[0m                                                    &amp#27;[90m# starter.stepDefinitions.CartSteps.loginAsAUser()&amp#27;[0m
19:54:56.713 [Forwarding getPageSource on session dd8e13f77a1f99e80055e4b21a781a96 to remote] DEBUG org.asynchttpclient.netty.request.NettyRequestSender - Using pooled Channel '[id: 0xfaf8aa5c, L:/127.0.0.1:56500 - R:localhost/127.0.0.1:18742]' for 'POST' to 'http://localhost:18742/session/dd8e13f77a1f99e80055e4b21a781a96/execute/sync'
19:54:56.713 [Forwarding getPageSource on session dd8e13f77a1f99e80055e4b21a781a96 to remote] DEBUG org.asynchttpclient.netty.request.NettyRequestSender - Using open Channel [id: 0xfaf8aa5c, L:/127.0.0.1:56500 - R:localhost/127.0.0.1:18742] for POST '/session/dd8e13f77a1f99e80055e4b21a781a96/execute/sync'
19:54:56.716 [AsyncHttpClient-1-20] DEBUG org.asynchttpclient.netty.handler.HttpHandler - 

Request DefaultHttpRequest(decodeResult: success, version: HTTP/1.1)
POST /session/dd8e13f77a1f99e80055e4b21a781a96/execute/sync HTTP/1.1
User-Agent: selenium/4.8.1 (java windows)
Content-Length: 176
Content-Type: application/json; charset=utf-8
host: localhost:18742
accept: */*

Response DefaultHttpResponse(decodeResult: success, version: HTTP/1.1)
HTTP/1.1 200 OK
Content-Length: 16329
Content-Type: application/json; charset=utf-8
cache-control: no-cache

19:54:56.716 [AsyncHttpClient-1-20] DEBUG org.asynchttpclient.netty.channel.ChannelManager - Adding key: http://localhost:18742 for channel [id: 0xfaf8aa5c, L:/127.0.0.1:56500 - R:localhost/127.0.0.1:18742]
19:54:56.717 [Forwarding getCurrentUrl on session dd8e13f77a1f99e80055e4b21a781a96 to remote] DEBUG org.asynchttpclient.netty.request.NettyRequestSender - Using pooled Channel '[id: 0xfaf8aa5c, L:/127.0.0.1:56500 - R:localhost/127.0.0.1:18742]' for 'GET' to 'http://localhost:18742/session/dd8e13f77a1f99e80055e4b21a781a96/url'
19:54:56.717 [Forwarding getCurrentUrl on session dd8e13f77a1f99e80055e4b21a781a96 to remote] DEBUG org.asynchttpclient.netty.request.NettyRequestSender - Using open Channel [id: 0xfaf8aa5c, L:/127.0.0.1:56500 - R:localhost/127.0.0.1:18742] for GET '/session/dd8e13f77a1f99e80055e4b21a781a96/url'
19:54:56.720 [AsyncHttpClient-1-20] DEBUG org.asynchttpclient.netty.handler.HttpHandler - 

Request DefaultFullHttpRequest(decodeResult: success, version: HTTP/1.1, content: EmptyByteBufBE)
GET /session/dd8e13f77a1f99e80055e4b21a781a96/url HTTP/1.1
User-Agent: selenium/4.8.1 (java windows)
Cache-Control: no-cache
Content-Type: application/json; charset=utf-8
host: localhost:18742
accept: */*

Response DefaultHttpResponse(decodeResult: success, version: HTTP/1.1)
HTTP/1.1 200 OK
Content-Length: 52
Content-Type: application/json; charset=utf-8
cache-control: no-cache

19:54:56.720 [AsyncHttpClient-1-20] DEBUG org.asynchttpclient.netty.channel.ChannelManager - Adding key: http://localhost:18742 for channel [id: 0xfaf8aa5c, L:/127.0.0.1:56500 - R:localhost/127.0.0.1:18742]
19:54:56.725 [Forwarding getPageSource on session dd8e13f77a1f99e80055e4b21a781a96 to remote] DEBUG org.asynchttpclient.netty.request.NettyRequestSender - Using pooled Channel '[id: 0xfaf8aa5c, L:/127.0.0.1:56500 - R:localhost/127.0.0.1:18742]' for 'POST' to 'http://localhost:18742/session/dd8e13f77a1f99e80055e4b21a781a96/execute/sync'
19:54:56.725 [Forwarding getPageSource on session dd8e13f77a1f99e80055e4b21a781a96 to remote] DEBUG org.asynchttpclient.netty.request.NettyRequestSender - Using open Channel [id: 0xfaf8aa5c, L:/127.0.0.1:56500 - R:localhost/127.0.0.1:18742] for POST '/session/dd8e13f77a1f99e80055e4b21a781a96/execute/sync'
19:54:56.729 [AsyncHttpClient-1-20] DEBUG org.asynchttpclient.netty.handler.HttpHandler - 

Request DefaultHttpRequest(decodeResult: success, version: HTTP/1.1)
POST /session/dd8e13f77a1f99e80055e4b21a781a96/execute/sync HTTP/1.1
User-Agent: selenium/4.8.1 (java windows)
Content-Length: 176
Content-Type: application/json; charset=utf-8
host: localhost:18742
accept: */*

Response DefaultHttpResponse(decodeResult: success, version: HTTP/1.1)
HTTP/1.1 200 OK
Content-Length: 16329
Content-Type: application/json; charset=utf-8
cache-control: no-cache

19:54:56.729 [AsyncHttpClient-1-20] DEBUG org.asynchttpclient.netty.channel.ChannelManager - Adding key: http://localhost:18742 for channel [id: 0xfaf8aa5c, L:/127.0.0.1:56500 - R:localhost/127.0.0.1:18742]
19:54:56.731 [Forwarding getCurrentUrl on session dd8e13f77a1f99e80055e4b21a781a96 to remote] DEBUG org.asynchttpclient.netty.request.NettyRequestSender - Using pooled Channel '[id: 0xfaf8aa5c, L:/127.0.0.1:56500 - R:localhost/127.0.0.1:18742]' for 'GET' to 'http://localhost:18742/session/dd8e13f77a1f99e80055e4b21a781a96/url'
19:54:56.731 [Forwarding getCurrentUrl on session dd8e13f77a1f99e80055e4b21a781a96 to remote] DEBUG org.asynchttpclient.netty.request.NettyRequestSender - Using open Channel [id: 0xfaf8aa5c, L:/127.0.0.1:56500 - R:localhost/127.0.0.1:18742] for GET '/session/dd8e13f77a1f99e80055e4b21a781a96/url'
19:54:56.733 [AsyncHttpClient-1-20] DEBUG org.asynchttpclient.netty.handler.HttpHandler - 

Request DefaultFullHttpRequest(decodeResult: success, version: HTTP/1.1, content: EmptyByteBufBE)
GET /session/dd8e13f77a1f99e80055e4b21a781a96/url HTTP/1.1
User-Agent: selenium/4.8.1 (java windows)
Cache-Control: no-cache
Content-Type: application/json; charset=utf-8
host: localhost:18742
accept: */*

Response DefaultHttpResponse(decodeResult: success, version: HTTP/1.1)
HTTP/1.1 200 OK
Content-Length: 52
Content-Type: application/json; charset=utf-8
cache-control: no-cache

19:54:56.733 [AsyncHttpClient-1-20] DEBUG org.asynchttpclient.netty.channel.ChannelManager - Adding key: http://localhost:18742 for channel [id: 0xfaf8aa5c, L:/127.0.0.1:56500 - R:localhost/127.0.0.1:18742]
19:54:56.734 [main] DEBUG net.thucydides.core.steps.StepInterceptor - STARTING STEP: CartSteps.addProductToCart - clickProduct
19:54:56.736 [Forwarding findElement on session dd8e13f77a1f99e80055e4b21a781a96 to remote] DEBUG org.asynchttpclient.netty.request.NettyRequestSender - Using pooled Channel '[id: 0xfaf8aa5c, L:/127.0.0.1:56500 - R:localhost/127.0.0.1:18742]' for 'POST' to 'http://localhost:18742/session/dd8e13f77a1f99e80055e4b21a781a96/element'
19:54:56.736 [Forwarding findElement on session dd8e13f77a1f99e80055e4b21a781a96 to remote] DEBUG org.asynchttpclient.netty.request.NettyRequestSender - Using open Channel [id: 0xfaf8aa5c, L:/127.0.0.1:56500 - R:localhost/127.0.0.1:18742] for POST '/session/dd8e13f77a1f99e80055e4b21a781a96/element'
19:54:56.743 [AsyncHttpClient-1-20] DEBUG org.asynchttpclient.netty.handler.HttpHandler - 

Request DefaultHttpRequest(decodeResult: success, version: HTTP/1.1)
POST /session/dd8e13f77a1f99e80055e4b21a781a96/element HTTP/1.1
User-Agent: selenium/4.8.1 (java windows)
Content-Length: 90
Content-Type: application/json; charset=utf-8
host: localhost:18742
accept: */*

Response DefaultHttpResponse(decodeResult: success, version: HTTP/1.1)
HTTP/1.1 200 OK
Content-Length: 88
Content-Type: application/json; charset=utf-8
cache-control: no-cache

19:54:56.743 [AsyncHttpClient-1-20] DEBUG org.asynchttpclient.netty.channel.ChannelManager - Adding key: http://localhost:18742 for channel [id: 0xfaf8aa5c, L:/127.0.0.1:56500 - R:localhost/127.0.0.1:18742]
19:54:56.744 [Forwarding getElementTagName on session dd8e13f77a1f99e80055e4b21a781a96 to remote] DEBUG org.asynchttpclient.netty.request.NettyRequestSender - Using pooled Channel '[id: 0xfaf8aa5c, L:/127.0.0.1:56500 - R:localhost/127.0.0.1:18742]' for 'GET' to 'http://localhost:18742/session/dd8e13f77a1f99e80055e4b21a781a96/element/aac733ce-5a83-441f-a1ba-73b217129e03/name'
19:54:56.744 [Forwarding getElementTagName on session dd8e13f77a1f99e80055e4b21a781a96 to remote] DEBUG org.asynchttpclient.netty.request.NettyRequestSender - Using open Channel [id: 0xfaf8aa5c, L:/127.0.0.1:56500 - R:localhost/127.0.0.1:18742] for GET '/session/dd8e13f77a1f99e80055e4b21a781a96/element/aac733ce-5a83-441f-a1ba-73b217129e03/name'
19:54:56.747 [AsyncHttpClient-1-20] DEBUG org.asynchttpclient.netty.handler.HttpHandler - 

Request DefaultFullHttpRequest(decodeResult: success, version: HTTP/1.1, content: EmptyByteBufBE)
GET /session/dd8e13f77a1f99e80055e4b21a781a96/element/aac733ce-5a83-441f-a1ba-73b217129e03/name HTTP/1.1
User-Agent: selenium/4.8.1 (java windows)
Cache-Control: no-cache
Content-Type: application/json; charset=utf-8
host: localhost:18742
accept: */*

Response DefaultHttpResponse(decodeResult: success, version: HTTP/1.1)
HTTP/1.1 200 OK
Content-Length: 18
Content-Type: application/json; charset=utf-8
cache-control: no-cache

19:54:56.747 [AsyncHttpClient-1-20] DEBUG org.asynchttpclient.netty.channel.ChannelManager - Adding key: http://localhost:18742 for channel [id: 0xfaf8aa5c, L:/127.0.0.1:56500 - R:localhost/127.0.0.1:18742]
19:54:56.748 [Forwarding getElementTagName on session dd8e13f77a1f99e80055e4b21a781a96 to remote] DEBUG org.asynchttpclient.netty.request.NettyRequestSender - Using pooled Channel '[id: 0xfaf8aa5c, L:/127.0.0.1:56500 - R:localhost/127.0.0.1:18742]' for 'GET' to 'http://localhost:18742/session/dd8e13f77a1f99e80055e4b21a781a96/element/aac733ce-5a83-441f-a1ba-73b217129e03/name'
19:54:56.748 [Forwarding getElementTagName on session dd8e13f77a1f99e80055e4b21a781a96 to remote] DEBUG org.asynchttpclient.netty.request.NettyRequestSender - Using open Channel [id: 0xfaf8aa5c, L:/127.0.0.1:56500 - R:localhost/127.0.0.1:18742] for GET '/session/dd8e13f77a1f99e80055e4b21a781a96/element/aac733ce-5a83-441f-a1ba-73b217129e03/name'
19:54:56.750 [AsyncHttpClient-1-20] DEBUG org.asynchttpclient.netty.handler.HttpHandler - 

Request DefaultFullHttpRequest(decodeResult: success, version: HTTP/1.1, content: EmptyByteBufBE)
GET /session/dd8e13f77a1f99e80055e4b21a781a96/element/aac733ce-5a83-441f-a1ba-73b217129e03/name HTTP/1.1
User-Agent: selenium/4.8.1 (java windows)
Cache-Control: no-cache
Content-Type: application/json; charset=utf-8
host: localhost:18742
accept: */*

Response DefaultHttpResponse(decodeResult: success, version: HTTP/1.1)
HTTP/1.1 200 OK
Content-Length: 18
Content-Type: application/json; charset=utf-8
cache-control: no-cache

19:54:56.750 [AsyncHttpClient-1-20] DEBUG org.asynchttpclient.netty.channel.ChannelManager - Adding key: http://localhost:18742 for channel [id: 0xfaf8aa5c, L:/127.0.0.1:56500 - R:localhost/127.0.0.1:18742]
19:54:56.750 [Forwarding isElementEnabled on session dd8e13f77a1f99e80055e4b21a781a96 to remote] DEBUG org.asynchttpclient.netty.request.NettyRequestSender - Using pooled Channel '[id: 0xfaf8aa5c, L:/127.0.0.1:56500 - R:localhost/127.0.0.1:18742]' for 'GET' to 'http://localhost:18742/session/dd8e13f77a1f99e80055e4b21a781a96/element/aac733ce-5a83-441f-a1ba-73b217129e03/enabled'
19:54:56.750 [Forwarding isElementEnabled on session dd8e13f77a1f99e80055e4b21a781a96 to remote] DEBUG org.asynchttpclient.netty.request.NettyRequestSender - Using open Channel [id: 0xfaf8aa5c, L:/127.0.0.1:56500 - R:localhost/127.0.0.1:18742] for GET '/session/dd8e13f77a1f99e80055e4b21a781a96/element/aac733ce-5a83-441f-a1ba-73b217129e03/enabled'
19:54:56.755 [AsyncHttpClient-1-20] DEBUG org.asynchttpclient.netty.handler.HttpHandler - 

Request DefaultFullHttpRequest(decodeResult: success, version: HTTP/1.1, content: EmptyByteBufBE)
GET /session/dd8e13f77a1f99e80055e4b21a781a96/element/aac733ce-5a83-441f-a1ba-73b217129e03/enabled HTTP/1.1
User-Agent: selenium/4.8.1 (java windows)
Cache-Control: no-cache
Content-Type: application/json; charset=utf-8
host: localhost:18742
accept: */*

Response DefaultHttpResponse(decodeResult: success, version: HTTP/1.1)
HTTP/1.1 200 OK
Content-Length: 14
Content-Type: application/json; charset=utf-8
cache-control: no-cache

19:54:56.755 [AsyncHttpClient-1-20] DEBUG org.asynchttpclient.netty.channel.ChannelManager - Adding key: http://localhost:18742 for channel [id: 0xfaf8aa5c, L:/127.0.0.1:56500 - R:localhost/127.0.0.1:18742]
19:54:56.756 [Forwarding isElementEnabled on session dd8e13f77a1f99e80055e4b21a781a96 to remote] DEBUG org.asynchttpclient.netty.request.NettyRequestSender - Using pooled Channel '[id: 0xfaf8aa5c, L:/127.0.0.1:56500 - R:localhost/127.0.0.1:18742]' for 'GET' to 'http://localhost:18742/session/dd8e13f77a1f99e80055e4b21a781a96/element/aac733ce-5a83-441f-a1ba-73b217129e03/enabled'
19:54:56.756 [Forwarding isElementEnabled on session dd8e13f77a1f99e80055e4b21a781a96 to remote] DEBUG org.asynchttpclient.netty.request.NettyRequestSender - Using open Channel [id: 0xfaf8aa5c, L:/127.0.0.1:56500 - R:localhost/127.0.0.1:18742] for GET '/session/dd8e13f77a1f99e80055e4b21a781a96/element/aac733ce-5a83-441f-a1ba-73b217129e03/enabled'
19:54:56.759 [AsyncHttpClient-1-20] DEBUG org.asynchttpclient.netty.handler.HttpHandler - 

Request DefaultFullHttpRequest(decodeResult: success, version: HTTP/1.1, content: EmptyByteBufBE)
GET /session/dd8e13f77a1f99e80055e4b21a781a96/element/aac733ce-5a83-441f-a1ba-73b217129e03/enabled HTTP/1.1
User-Agent: selenium/4.8.1 (java windows)
Cache-Control: no-cache
Content-Type: application/json; charset=utf-8
host: localhost:18742
accept: */*

Response DefaultHttpResponse(decodeResult: success, version: HTTP/1.1)
HTTP/1.1 200 OK
Content-Length: 14
Content-Type: application/json; charset=utf-8
cache-control: no-cache

19:54:56.759 [AsyncHttpClient-1-20] DEBUG org.asynchttpclient.netty.channel.ChannelManager - Adding key: http://localhost:18742 for channel [id: 0xfaf8aa5c, L:/127.0.0.1:56500 - R:localhost/127.0.0.1:18742]
19:54:56.759 [Forwarding findElement on session dd8e13f77a1f99e80055e4b21a781a96 to remote] DEBUG org.asynchttpclient.netty.request.NettyRequestSender - Using pooled Channel '[id: 0xfaf8aa5c, L:/127.0.0.1:56500 - R:localhost/127.0.0.1:18742]' for 'POST' to 'http://localhost:18742/session/dd8e13f77a1f99e80055e4b21a781a96/element'
19:54:56.760 [Forwarding findElement on session dd8e13f77a1f99e80055e4b21a781a96 to remote] DEBUG org.asynchttpclient.netty.request.NettyRequestSender - Using open Channel [id: 0xfaf8aa5c, L:/127.0.0.1:56500 - R:localhost/127.0.0.1:18742] for POST '/session/dd8e13f77a1f99e80055e4b21a781a96/element'
19:54:56.763 [AsyncHttpClient-1-20] DEBUG org.asynchttpclient.netty.handler.HttpHandler - 

Request DefaultHttpRequest(decodeResult: success, version: HTTP/1.1)
POST /session/dd8e13f77a1f99e80055e4b21a781a96/element HTTP/1.1
User-Agent: selenium/4.8.1 (java windows)
Content-Length: 90
Content-Type: application/json; charset=utf-8
host: localhost:18742
accept: */*

Response DefaultHttpResponse(decodeResult: success, version: HTTP/1.1)
HTTP/1.1 200 OK
Content-Length: 88
Content-Type: application/json; charset=utf-8
cache-control: no-cache

19:54:56.763 [AsyncHttpClient-1-20] DEBUG org.asynchttpclient.netty.channel.ChannelManager - Adding key: http://localhost:18742 for channel [id: 0xfaf8aa5c, L:/127.0.0.1:56500 - R:localhost/127.0.0.1:18742]
19:54:56.764 [Forwarding clickElement on session dd8e13f77a1f99e80055e4b21a781a96 to remote] DEBUG org.asynchttpclient.netty.request.NettyRequestSender - Using pooled Channel '[id: 0xfaf8aa5c, L:/127.0.0.1:56500 - R:localhost/127.0.0.1:18742]' for 'POST' to 'http://localhost:18742/session/dd8e13f77a1f99e80055e4b21a781a96/element/aac733ce-5a83-441f-a1ba-73b217129e03/click'
19:54:56.764 [Forwarding clickElement on session dd8e13f77a1f99e80055e4b21a781a96 to remote] DEBUG org.asynchttpclient.netty.request.NettyRequestSender - Using open Channel [id: 0xfaf8aa5c, L:/127.0.0.1:56500 - R:localhost/127.0.0.1:18742] for POST '/session/dd8e13f77a1f99e80055e4b21a781a96/element/aac733ce-5a83-441f-a1ba-73b217129e03/click'
19:54:56.787 [AsyncHttpClient-1-20] DEBUG org.asynchttpclient.netty.handler.HttpHandler - 

Request DefaultHttpRequest(decodeResult: success, version: HTTP/1.1)
POST /session/dd8e13f77a1f99e80055e4b21a781a96/element/aac733ce-5a83-441f-a1ba-73b217129e03/click HTTP/1.1
User-Agent: selenium/4.8.1 (java windows)
Content-Length: 50
Content-Type: application/json; charset=utf-8
host: localhost:18742
accept: */*

Response DefaultHttpResponse(decodeResult: success, version: HTTP/1.1)
HTTP/1.1 200 OK
Content-Length: 14
Content-Type: application/json; charset=utf-8
cache-control: no-cache

19:54:56.787 [AsyncHttpClient-1-20] DEBUG org.asynchttpclient.netty.channel.ChannelManager - Adding key: http://localhost:18742 for channel [id: 0xfaf8aa5c, L:/127.0.0.1:56500 - R:localhost/127.0.0.1:18742]
19:54:56.791 [Forwarding getAlertText on session dd8e13f77a1f99e80055e4b21a781a96 to remote] DEBUG org.asynchttpclient.netty.request.NettyRequestSender - Using pooled Channel '[id: 0xfaf8aa5c, L:/127.0.0.1:56500 - R:localhost/127.0.0.1:18742]' for 'GET' to 'http://localhost:18742/session/dd8e13f77a1f99e80055e4b21a781a96/alert/text'
19:54:56.792 [Forwarding getAlertText on session dd8e13f77a1f99e80055e4b21a781a96 to remote] DEBUG org.asynchttpclient.netty.request.NettyRequestSender - Using open Channel [id: 0xfaf8aa5c, L:/127.0.0.1:56500 - R:localhost/127.0.0.1:18742] for GET '/session/dd8e13f77a1f99e80055e4b21a781a96/alert/text'
19:54:56.793 [AsyncHttpClient-1-20] DEBUG org.asynchttpclient.netty.handler.HttpHandler - 

Request DefaultFullHttpRequest(decodeResult: success, version: HTTP/1.1, content: EmptyByteBufBE)
GET /session/dd8e13f77a1f99e80055e4b21a781a96/alert/text HTTP/1.1
User-Agent: selenium/4.8.1 (java windows)
Cache-Control: no-cache
Content-Type: application/json; charset=utf-8
host: localhost:18742
accept: */*

Response DefaultHttpResponse(decodeResult: success, version: HTTP/1.1)
HTTP/1.1 404 Not Found
Content-Length: 816
Content-Type: application/json; charset=utf-8
cache-control: no-cache

19:54:56.793 [AsyncHttpClient-1-20] DEBUG org.asynchttpclient.netty.channel.ChannelManager - Adding key: http://localhost:18742 for channel [id: 0xfaf8aa5c, L:/127.0.0.1:56500 - R:localhost/127.0.0.1:18742]
19:54:56.793 [Forwarding getCurrentUrl on session dd8e13f77a1f99e80055e4b21a781a96 to remote] DEBUG org.asynchttpclient.netty.request.NettyRequestSender - Using pooled Channel '[id: 0xfaf8aa5c, L:/127.0.0.1:56500 - R:localhost/127.0.0.1:18742]' for 'GET' to 'http://localhost:18742/session/dd8e13f77a1f99e80055e4b21a781a96/url'
19:54:56.793 [Forwarding getCurrentUrl on session dd8e13f77a1f99e80055e4b21a781a96 to remote] DEBUG org.asynchttpclient.netty.request.NettyRequestSender - Using open Channel [id: 0xfaf8aa5c, L:/127.0.0.1:56500 - R:localhost/127.0.0.1:18742] for GET '/session/dd8e13f77a1f99e80055e4b21a781a96/url'
19:54:56.795 [AsyncHttpClient-1-20] DEBUG org.asynchttpclient.netty.handler.HttpHandler - 

Request DefaultFullHttpRequest(decodeResult: success, version: HTTP/1.1, content: EmptyByteBufBE)
GET /session/dd8e13f77a1f99e80055e4b21a781a96/url HTTP/1.1
User-Agent: selenium/4.8.1 (java windows)
Cache-Control: no-cache
Content-Type: application/json; charset=utf-8
host: localhost:18742
accept: */*

Response DefaultHttpResponse(decodeResult: success, version: HTTP/1.1)
HTTP/1.1 200 OK
Content-Length: 52
Content-Type: application/json; charset=utf-8
cache-control: no-cache

19:54:56.795 [AsyncHttpClient-1-20] DEBUG org.asynchttpclient.netty.channel.ChannelManager - Adding key: http://localhost:18742 for channel [id: 0xfaf8aa5c, L:/127.0.0.1:56500 - R:localhost/127.0.0.1:18742]
19:54:56.796 [Forwarding screenshot on session dd8e13f77a1f99e80055e4b21a781a96 to remote] DEBUG org.asynchttpclient.netty.request.NettyRequestSender - Using pooled Channel '[id: 0xfaf8aa5c, L:/127.0.0.1:56500 - R:localhost/127.0.0.1:18742]' for 'GET' to 'http://localhost:18742/session/dd8e13f77a1f99e80055e4b21a781a96/screenshot'
19:54:56.796 [Forwarding screenshot on session dd8e13f77a1f99e80055e4b21a781a96 to remote] DEBUG org.asynchttpclient.netty.request.NettyRequestSender - Using open Channel [id: 0xfaf8aa5c, L:/127.0.0.1:56500 - R:localhost/127.0.0.1:18742] for GET '/session/dd8e13f77a1f99e80055e4b21a781a96/screenshot'
19:54:56.936 [AsyncHttpClient-1-20] DEBUG org.asynchttpclient.netty.handler.HttpHandler - 

Request DefaultFullHttpRequest(decodeResult: success, version: HTTP/1.1, content: EmptyByteBufBE)
GET /session/dd8e13f77a1f99e80055e4b21a781a96/screenshot HTTP/1.1
User-Agent: selenium/4.8.1 (java windows)
Cache-Control: no-cache
Content-Type: application/json; charset=utf-8
host: localhost:18742
accept: */*

Response DefaultHttpResponse(decodeResult: success, version: HTTP/1.1)
HTTP/1.1 200 OK
Content-Length: 285136
Content-Type: application/json; charset=utf-8
cache-control: no-cache

19:54:56.936 [AsyncHttpClient-1-20] DEBUG org.asynchttpclient.netty.channel.ChannelManager - Adding key: http://localhost:18742 for channel [id: 0xfaf8aa5c, L:/127.0.0.1:56500 - R:localhost/127.0.0.1:18742]
19:54:56.942 [main] DEBUG net.serenitybdd.core.photography.Darkroom - Send negative for processing for target\site\serenity\229dae50ffb15b0155ddb024a1bf7f0e5351d3ec7777a6c49cc1bd99638a3379.png
19:54:56.942 [main] DEBUG net.thucydides.core.steps.StepInterceptor - STEP DONE: clickProduct
  &amp#27;[32mWhen &amp#27;[0m&amp#27;[32mI add a product &amp#27;[0m&amp#27;[32m&amp#27;[1m"sauce-labs-bike-light"&amp#27;[0m&amp#27;[32m to the cart from homepage&amp#27;[0m         &amp#27;[90m# starter.stepDefinitions.CartSteps.addProductToCart(java.lang.String)&amp#27;[0m
19:54:56.942 [Darkroom Processing Line] DEBUG net.serenitybdd.core.photography.DarkroomProcessingLine - Processing screenshot image in /var/screenshots/screenshot-15684923569544274535
19:54:56.942 [Darkroom Processing Line] DEBUG net.serenitybdd.core.photography.DarkroomProcessingLine - Saving screenshot to target\site\serenity\229dae50ffb15b0155ddb024a1bf7f0e5351d3ec7777a6c49cc1bd99638a3379.png
19:54:56.951 [Forwarding getPageSource on session dd8e13f77a1f99e80055e4b21a781a96 to remote] DEBUG org.asynchttpclient.netty.request.NettyRequestSender - Using pooled Channel '[id: 0xfaf8aa5c, L:/127.0.0.1:56500 - R:localhost/127.0.0.1:18742]' for 'POST' to 'http://localhost:18742/session/dd8e13f77a1f99e80055e4b21a781a96/execute/sync'
19:54:56.951 [Forwarding getPageSource on session dd8e13f77a1f99e80055e4b21a781a96 to remote] DEBUG org.asynchttpclient.netty.request.NettyRequestSender - Using open Channel [id: 0xfaf8aa5c, L:/127.0.0.1:56500 - R:localhost/127.0.0.1:18742] for POST '/session/dd8e13f77a1f99e80055e4b21a781a96/execute/sync'
19:54:56.954 [AsyncHttpClient-1-20] DEBUG org.asynchttpclient.netty.handler.HttpHandler - 

Request DefaultHttpRequest(decodeResult: success, version: HTTP/1.1)
POST /session/dd8e13f77a1f99e80055e4b21a781a96/execute/sync HTTP/1.1
User-Agent: selenium/4.8.1 (java windows)
Content-Length: 176
Content-Type: application/json; charset=utf-8
host: localhost:18742
accept: */*

Response DefaultHttpResponse(decodeResult: success, version: HTTP/1.1)
HTTP/1.1 200 OK
Content-Length: 16365
Content-Type: application/json; charset=utf-8
cache-control: no-cache

19:54:56.954 [AsyncHttpClient-1-20] DEBUG org.asynchttpclient.netty.channel.ChannelManager - Adding key: http://localhost:18742 for channel [id: 0xfaf8aa5c, L:/127.0.0.1:56500 - R:localhost/127.0.0.1:18742]
19:54:56.955 [Forwarding getCurrentUrl on session dd8e13f77a1f99e80055e4b21a781a96 to remote] DEBUG org.asynchttpclient.netty.request.NettyRequestSender - Using pooled Channel '[id: 0xfaf8aa5c, L:/127.0.0.1:56500 - R:localhost/127.0.0.1:18742]' for 'GET' to 'http://localhost:18742/session/dd8e13f77a1f99e80055e4b21a781a96/url'
19:54:56.955 [Forwarding getCurrentUrl on session dd8e13f77a1f99e80055e4b21a781a96 to remote] DEBUG org.asynchttpclient.netty.request.NettyRequestSender - Using open Channel [id: 0xfaf8aa5c, L:/127.0.0.1:56500 - R:localhost/127.0.0.1:18742] for GET '/session/dd8e13f77a1f99e80055e4b21a781a96/url'
19:54:56.957 [AsyncHttpClient-1-20] DEBUG org.asynchttpclient.netty.handler.HttpHandler - 

Request DefaultFullHttpRequest(decodeResult: success, version: HTTP/1.1, content: EmptyByteBufBE)
GET /session/dd8e13f77a1f99e80055e4b21a781a96/url HTTP/1.1
User-Agent: selenium/4.8.1 (java windows)
Cache-Control: no-cache
Content-Type: application/json; charset=utf-8
host: localhost:18742
accept: */*

Response DefaultHttpResponse(decodeResult: success, version: HTTP/1.1)
HTTP/1.1 200 OK
Content-Length: 52
Content-Type: application/json; charset=utf-8
cache-control: no-cache

19:54:56.957 [AsyncHttpClient-1-20] DEBUG org.asynchttpclient.netty.channel.ChannelManager - Adding key: http://localhost:18742 for channel [id: 0xfaf8aa5c, L:/127.0.0.1:56500 - R:localhost/127.0.0.1:18742]
19:54:56.966 [Forwarding getPageSource on session dd8e13f77a1f99e80055e4b21a781a96 to remote] DEBUG org.asynchttpclient.netty.request.NettyRequestSender - Using pooled Channel '[id: 0xfaf8aa5c, L:/127.0.0.1:56500 - R:localhost/127.0.0.1:18742]' for 'POST' to 'http://localhost:18742/session/dd8e13f77a1f99e80055e4b21a781a96/execute/sync'
19:54:56.966 [Forwarding getPageSource on session dd8e13f77a1f99e80055e4b21a781a96 to remote] DEBUG org.asynchttpclient.netty.request.NettyRequestSender - Using open Channel [id: 0xfaf8aa5c, L:/127.0.0.1:56500 - R:localhost/127.0.0.1:18742] for POST '/session/dd8e13f77a1f99e80055e4b21a781a96/execute/sync'
19:54:56.969 [AsyncHttpClient-1-20] DEBUG org.asynchttpclient.netty.handler.HttpHandler - 

Request DefaultHttpRequest(decodeResult: success, version: HTTP/1.1)
POST /session/dd8e13f77a1f99e80055e4b21a781a96/execute/sync HTTP/1.1
User-Agent: selenium/4.8.1 (java windows)
Content-Length: 176
Content-Type: application/json; charset=utf-8
host: localhost:18742
accept: */*

Response DefaultHttpResponse(decodeResult: success, version: HTTP/1.1)
HTTP/1.1 200 OK
Content-Length: 16365
Content-Type: application/json; charset=utf-8
cache-control: no-cache

19:54:56.969 [AsyncHttpClient-1-20] DEBUG org.asynchttpclient.netty.channel.ChannelManager - Adding key: http://localhost:18742 for channel [id: 0xfaf8aa5c, L:/127.0.0.1:56500 - R:localhost/127.0.0.1:18742]
19:54:56.971 [Forwarding getCurrentUrl on session dd8e13f77a1f99e80055e4b21a781a96 to remote] DEBUG org.asynchttpclient.netty.request.NettyRequestSender - Using pooled Channel '[id: 0xfaf8aa5c, L:/127.0.0.1:56500 - R:localhost/127.0.0.1:18742]' for 'GET' to 'http://localhost:18742/session/dd8e13f77a1f99e80055e4b21a781a96/url'
19:54:56.971 [Forwarding getCurrentUrl on session dd8e13f77a1f99e80055e4b21a781a96 to remote] DEBUG org.asynchttpclient.netty.request.NettyRequestSender - Using open Channel [id: 0xfaf8aa5c, L:/127.0.0.1:56500 - R:localhost/127.0.0.1:18742] for GET '/session/dd8e13f77a1f99e80055e4b21a781a96/url'
19:54:56.973 [AsyncHttpClient-1-20] DEBUG org.asynchttpclient.netty.handler.HttpHandler - 

Request DefaultFullHttpRequest(decodeResult: success, version: HTTP/1.1, content: EmptyByteBufBE)
GET /session/dd8e13f77a1f99e80055e4b21a781a96/url HTTP/1.1
User-Agent: selenium/4.8.1 (java windows)
Cache-Control: no-cache
Content-Type: application/json; charset=utf-8
host: localhost:18742
accept: */*

Response DefaultHttpResponse(decodeResult: success, version: HTTP/1.1)
HTTP/1.1 200 OK
Content-Length: 52
Content-Type: application/json; charset=utf-8
cache-control: no-cache

19:54:56.973 [AsyncHttpClient-1-20] DEBUG org.asynchttpclient.netty.channel.ChannelManager - Adding key: http://localhost:18742 for channel [id: 0xfaf8aa5c, L:/127.0.0.1:56500 - R:localhost/127.0.0.1:18742]
19:54:56.975 [main] DEBUG net.thucydides.core.steps.StepInterceptor - STARTING STEP: CartSteps.openCartPage - clickCartButton
19:54:56.977 [Forwarding findElement on session dd8e13f77a1f99e80055e4b21a781a96 to remote] DEBUG org.asynchttpclient.netty.request.NettyRequestSender - Using pooled Channel '[id: 0xfaf8aa5c, L:/127.0.0.1:56500 - R:localhost/127.0.0.1:18742]' for 'POST' to 'http://localhost:18742/session/dd8e13f77a1f99e80055e4b21a781a96/element'
19:54:56.977 [Forwarding findElement on session dd8e13f77a1f99e80055e4b21a781a96 to remote] DEBUG org.asynchttpclient.netty.request.NettyRequestSender - Using open Channel [id: 0xfaf8aa5c, L:/127.0.0.1:56500 - R:localhost/127.0.0.1:18742] for POST '/session/dd8e13f77a1f99e80055e4b21a781a96/element'
19:54:56.984 [AsyncHttpClient-1-20] DEBUG org.asynchttpclient.netty.handler.HttpHandler - 

Request DefaultHttpRequest(decodeResult: success, version: HTTP/1.1)
POST /session/dd8e13f77a1f99e80055e4b21a781a96/element HTTP/1.1
User-Agent: selenium/4.8.1 (java windows)
Content-Length: 63
Content-Type: application/json; charset=utf-8
host: localhost:18742
accept: */*

Response DefaultHttpResponse(decodeResult: success, version: HTTP/1.1)
HTTP/1.1 200 OK
Content-Length: 88
Content-Type: application/json; charset=utf-8
cache-control: no-cache

19:54:56.984 [AsyncHttpClient-1-20] DEBUG org.asynchttpclient.netty.channel.ChannelManager - Adding key: http://localhost:18742 for channel [id: 0xfaf8aa5c, L:/127.0.0.1:56500 - R:localhost/127.0.0.1:18742]
19:54:56.985 [Forwarding getElementTagName on session dd8e13f77a1f99e80055e4b21a781a96 to remote] DEBUG org.asynchttpclient.netty.request.NettyRequestSender - Using pooled Channel '[id: 0xfaf8aa5c, L:/127.0.0.1:56500 - R:localhost/127.0.0.1:18742]' for 'GET' to 'http://localhost:18742/session/dd8e13f77a1f99e80055e4b21a781a96/element/16bf7703-bea9-4c74-af22-ac5a9203e5df/name'
19:54:56.985 [Forwarding getElementTagName on session dd8e13f77a1f99e80055e4b21a781a96 to remote] DEBUG org.asynchttpclient.netty.request.NettyRequestSender - Using open Channel [id: 0xfaf8aa5c, L:/127.0.0.1:56500 - R:localhost/127.0.0.1:18742] for GET '/session/dd8e13f77a1f99e80055e4b21a781a96/element/16bf7703-bea9-4c74-af22-ac5a9203e5df/name'
19:54:56.988 [AsyncHttpClient-1-20] DEBUG org.asynchttpclient.netty.handler.HttpHandler - 

Request DefaultFullHttpRequest(decodeResult: success, version: HTTP/1.1, content: EmptyByteBufBE)
GET /session/dd8e13f77a1f99e80055e4b21a781a96/element/16bf7703-bea9-4c74-af22-ac5a9203e5df/name HTTP/1.1
User-Agent: selenium/4.8.1 (java windows)
Cache-Control: no-cache
Content-Type: application/json; charset=utf-8
host: localhost:18742
accept: */*

Response DefaultHttpResponse(decodeResult: success, version: HTTP/1.1)
HTTP/1.1 200 OK
Content-Length: 13
Content-Type: application/json; charset=utf-8
cache-control: no-cache

19:54:56.988 [AsyncHttpClient-1-20] DEBUG org.asynchttpclient.netty.channel.ChannelManager - Adding key: http://localhost:18742 for channel [id: 0xfaf8aa5c, L:/127.0.0.1:56500 - R:localhost/127.0.0.1:18742]
19:54:56.988 [Forwarding getElementTagName on session dd8e13f77a1f99e80055e4b21a781a96 to remote] DEBUG org.asynchttpclient.netty.request.NettyRequestSender - Using pooled Channel '[id: 0xfaf8aa5c, L:/127.0.0.1:56500 - R:localhost/127.0.0.1:18742]' for 'GET' to 'http://localhost:18742/session/dd8e13f77a1f99e80055e4b21a781a96/element/16bf7703-bea9-4c74-af22-ac5a9203e5df/name'
19:54:56.988 [Forwarding getElementTagName on session dd8e13f77a1f99e80055e4b21a781a96 to remote] DEBUG org.asynchttpclient.netty.request.NettyRequestSender - Using open Channel [id: 0xfaf8aa5c, L:/127.0.0.1:56500 - R:localhost/127.0.0.1:18742] for GET '/session/dd8e13f77a1f99e80055e4b21a781a96/element/16bf7703-bea9-4c74-af22-ac5a9203e5df/name'
19:54:56.990 [AsyncHttpClient-1-20] DEBUG org.asynchttpclient.netty.handler.HttpHandler - 

Request DefaultFullHttpRequest(decodeResult: success, version: HTTP/1.1, content: EmptyByteBufBE)
GET /session/dd8e13f77a1f99e80055e4b21a781a96/element/16bf7703-bea9-4c74-af22-ac5a9203e5df/name HTTP/1.1
User-Agent: selenium/4.8.1 (java windows)
Cache-Control: no-cache
Content-Type: application/json; charset=utf-8
host: localhost:18742
accept: */*

Response DefaultHttpResponse(decodeResult: success, version: HTTP/1.1)
HTTP/1.1 200 OK
Content-Length: 13
Content-Type: application/json; charset=utf-8
cache-control: no-cache

19:54:56.990 [AsyncHttpClient-1-20] DEBUG org.asynchttpclient.netty.channel.ChannelManager - Adding key: http://localhost:18742 for channel [id: 0xfaf8aa5c, L:/127.0.0.1:56500 - R:localhost/127.0.0.1:18742]
19:54:56.991 [Forwarding findElement on session dd8e13f77a1f99e80055e4b21a781a96 to remote] DEBUG org.asynchttpclient.netty.request.NettyRequestSender - Using pooled Channel '[id: 0xfaf8aa5c, L:/127.0.0.1:56500 - R:localhost/127.0.0.1:18742]' for 'POST' to 'http://localhost:18742/session/dd8e13f77a1f99e80055e4b21a781a96/element'
19:54:56.991 [Forwarding findElement on session dd8e13f77a1f99e80055e4b21a781a96 to remote] DEBUG org.asynchttpclient.netty.request.NettyRequestSender - Using open Channel [id: 0xfaf8aa5c, L:/127.0.0.1:56500 - R:localhost/127.0.0.1:18742] for POST '/session/dd8e13f77a1f99e80055e4b21a781a96/element'
19:54:56.995 [AsyncHttpClient-1-20] DEBUG org.asynchttpclient.netty.handler.HttpHandler - 

Request DefaultHttpRequest(decodeResult: success, version: HTTP/1.1)
POST /session/dd8e13f77a1f99e80055e4b21a781a96/element HTTP/1.1
User-Agent: selenium/4.8.1 (java windows)
Content-Length: 63
Content-Type: application/json; charset=utf-8
host: localhost:18742
accept: */*

Response DefaultHttpResponse(decodeResult: success, version: HTTP/1.1)
HTTP/1.1 200 OK
Content-Length: 88
Content-Type: application/json; charset=utf-8
cache-control: no-cache

19:54:56.995 [AsyncHttpClient-1-20] DEBUG org.asynchttpclient.netty.channel.ChannelManager - Adding key: http://localhost:18742 for channel [id: 0xfaf8aa5c, L:/127.0.0.1:56500 - R:localhost/127.0.0.1:18742]
19:54:56.996 [Forwarding clickElement on session dd8e13f77a1f99e80055e4b21a781a96 to remote] DEBUG org.asynchttpclient.netty.request.NettyRequestSender - Using pooled Channel '[id: 0xfaf8aa5c, L:/127.0.0.1:56500 - R:localhost/127.0.0.1:18742]' for 'POST' to 'http://localhost:18742/session/dd8e13f77a1f99e80055e4b21a781a96/element/16bf7703-bea9-4c74-af22-ac5a9203e5df/click'
19:54:56.996 [Forwarding clickElement on session dd8e13f77a1f99e80055e4b21a781a96 to remote] DEBUG org.asynchttpclient.netty.request.NettyRequestSender - Using open Channel [id: 0xfaf8aa5c, L:/127.0.0.1:56500 - R:localhost/127.0.0.1:18742] for POST '/session/dd8e13f77a1f99e80055e4b21a781a96/element/16bf7703-bea9-4c74-af22-ac5a9203e5df/click'
19:54:57.027 [AsyncHttpClient-1-20] DEBUG org.asynchttpclient.netty.handler.HttpHandler - 

Request DefaultHttpRequest(decodeResult: success, version: HTTP/1.1)
POST /session/dd8e13f77a1f99e80055e4b21a781a96/element/16bf7703-bea9-4c74-af22-ac5a9203e5df/click HTTP/1.1
User-Agent: selenium/4.8.1 (java windows)
Content-Length: 50
Content-Type: application/json; charset=utf-8
host: localhost:18742
accept: */*

Response DefaultHttpResponse(decodeResult: success, version: HTTP/1.1)
HTTP/1.1 200 OK
Content-Length: 14
Content-Type: application/json; charset=utf-8
cache-control: no-cache

19:54:57.027 [AsyncHttpClient-1-20] DEBUG org.asynchttpclient.netty.channel.ChannelManager - Adding key: http://localhost:18742 for channel [id: 0xfaf8aa5c, L:/127.0.0.1:56500 - R:localhost/127.0.0.1:18742]
19:54:57.033 [Forwarding getAlertText on session dd8e13f77a1f99e80055e4b21a781a96 to remote] DEBUG org.asynchttpclient.netty.request.NettyRequestSender - Using pooled Channel '[id: 0xfaf8aa5c, L:/127.0.0.1:56500 - R:localhost/127.0.0.1:18742]' for 'GET' to 'http://localhost:18742/session/dd8e13f77a1f99e80055e4b21a781a96/alert/text'
19:54:57.033 [Forwarding getAlertText on session dd8e13f77a1f99e80055e4b21a781a96 to remote] DEBUG org.asynchttpclient.netty.request.NettyRequestSender - Using open Channel [id: 0xfaf8aa5c, L:/127.0.0.1:56500 - R:localhost/127.0.0.1:18742] for GET '/session/dd8e13f77a1f99e80055e4b21a781a96/alert/text'
19:54:57.035 [AsyncHttpClient-1-20] DEBUG org.asynchttpclient.netty.handler.HttpHandler - 

Request DefaultFullHttpRequest(decodeResult: success, version: HTTP/1.1, content: EmptyByteBufBE)
GET /session/dd8e13f77a1f99e80055e4b21a781a96/alert/text HTTP/1.1
User-Agent: selenium/4.8.1 (java windows)
Cache-Control: no-cache
Content-Type: application/json; charset=utf-8
host: localhost:18742
accept: */*

Response DefaultHttpResponse(decodeResult: success, version: HTTP/1.1)
HTTP/1.1 404 Not Found
Content-Length: 816
Content-Type: application/json; charset=utf-8
cache-control: no-cache

19:54:57.035 [AsyncHttpClient-1-20] DEBUG org.asynchttpclient.netty.channel.ChannelManager - Adding key: http://localhost:18742 for channel [id: 0xfaf8aa5c, L:/127.0.0.1:56500 - R:localhost/127.0.0.1:18742]
19:54:57.035 [Forwarding getCurrentUrl on session dd8e13f77a1f99e80055e4b21a781a96 to remote] DEBUG org.asynchttpclient.netty.request.NettyRequestSender - Using pooled Channel '[id: 0xfaf8aa5c, L:/127.0.0.1:56500 - R:localhost/127.0.0.1:18742]' for 'GET' to 'http://localhost:18742/session/dd8e13f77a1f99e80055e4b21a781a96/url'
19:54:57.035 [Forwarding getCurrentUrl on session dd8e13f77a1f99e80055e4b21a781a96 to remote] DEBUG org.asynchttpclient.netty.request.NettyRequestSender - Using open Channel [id: 0xfaf8aa5c, L:/127.0.0.1:56500 - R:localhost/127.0.0.1:18742] for GET '/session/dd8e13f77a1f99e80055e4b21a781a96/url'
19:54:57.037 [AsyncHttpClient-1-20] DEBUG org.asynchttpclient.netty.handler.HttpHandler - 

Request DefaultFullHttpRequest(decodeResult: success, version: HTTP/1.1, content: EmptyByteBufBE)
GET /session/dd8e13f77a1f99e80055e4b21a781a96/url HTTP/1.1
User-Agent: selenium/4.8.1 (java windows)
Cache-Control: no-cache
Content-Type: application/json; charset=utf-8
host: localhost:18742
accept: */*

Response DefaultHttpResponse(decodeResult: success, version: HTTP/1.1)
HTTP/1.1 200 OK
Content-Length: 47
Content-Type: application/json; charset=utf-8
cache-control: no-cache

19:54:57.037 [AsyncHttpClient-1-20] DEBUG org.asynchttpclient.netty.channel.ChannelManager - Adding key: http://localhost:18742 for channel [id: 0xfaf8aa5c, L:/127.0.0.1:56500 - R:localhost/127.0.0.1:18742]
19:54:57.037 [Forwarding screenshot on session dd8e13f77a1f99e80055e4b21a781a96 to remote] DEBUG org.asynchttpclient.netty.request.NettyRequestSender - Using pooled Channel '[id: 0xfaf8aa5c, L:/127.0.0.1:56500 - R:localhost/127.0.0.1:18742]' for 'GET' to 'http://localhost:18742/session/dd8e13f77a1f99e80055e4b21a781a96/screenshot'
19:54:57.037 [Forwarding screenshot on session dd8e13f77a1f99e80055e4b21a781a96 to remote] DEBUG org.asynchttpclient.netty.request.NettyRequestSender - Using open Channel [id: 0xfaf8aa5c, L:/127.0.0.1:56500 - R:localhost/127.0.0.1:18742] for GET '/session/dd8e13f77a1f99e80055e4b21a781a96/screenshot'
19:54:57.145 [AsyncHttpClient-1-20] DEBUG org.asynchttpclient.netty.handler.HttpHandler - 

Request DefaultFullHttpRequest(decodeResult: success, version: HTTP/1.1, content: EmptyByteBufBE)
GET /session/dd8e13f77a1f99e80055e4b21a781a96/screenshot HTTP/1.1
User-Agent: selenium/4.8.1 (java windows)
Cache-Control: no-cache
Content-Type: application/json; charset=utf-8
host: localhost:18742
accept: */*

Response DefaultHttpResponse(decodeResult: success, version: HTTP/1.1)
HTTP/1.1 200 OK
Content-Length: 97916
Content-Type: application/json; charset=utf-8
cache-control: no-cache

19:54:57.145 [AsyncHttpClient-1-20] DEBUG org.asynchttpclient.netty.channel.ChannelManager - Adding key: http://localhost:18742 for channel [id: 0xfaf8aa5c, L:/127.0.0.1:56500 - R:localhost/127.0.0.1:18742]
19:54:57.147 [main] DEBUG net.serenitybdd.core.photography.Darkroom - Send negative for processing for target\site\serenity\7a69ff2b79358d5999e8d341905a0bb7147d6c122ce91a3d43c799908cc0b82a.png
19:54:57.147 [main] DEBUG net.thucydides.core.steps.StepInterceptor - STEP DONE: clickCartButton
  &amp#27;[32mAnd &amp#27;[0m&amp#27;[32mI open the cart page&amp#27;[0m                                                       &amp#27;[90m# starter.stepDefinitions.CartSteps.openCartPage()&amp#27;[0m
19:54:57.153 [Forwarding getPageSource on session dd8e13f77a1f99e80055e4b21a781a96 to remote] DEBUG org.asynchttpclient.netty.request.NettyRequestSender - Using pooled Channel '[id: 0xfaf8aa5c, L:/127.0.0.1:56500 - R:localhost/127.0.0.1:18742]' for 'POST' to 'http://localhost:18742/session/dd8e13f77a1f99e80055e4b21a781a96/execute/sync'
19:54:57.153 [Forwarding getPageSource on session dd8e13f77a1f99e80055e4b21a781a96 to remote] DEBUG org.asynchttpclient.netty.request.NettyRequestSender - Using open Channel [id: 0xfaf8aa5c, L:/127.0.0.1:56500 - R:localhost/127.0.0.1:18742] for POST '/session/dd8e13f77a1f99e80055e4b21a781a96/execute/sync'
19:54:57.156 [AsyncHttpClient-1-20] DEBUG org.asynchttpclient.netty.handler.HttpHandler - 

Request DefaultHttpRequest(decodeResult: success, version: HTTP/1.1)
POST /session/dd8e13f77a1f99e80055e4b21a781a96/execute/sync HTTP/1.1
User-Agent: selenium/4.8.1 (java windows)
Content-Length: 176
Content-Type: application/json; charset=utf-8
host: localhost:18742
accept: */*

Response DefaultHttpResponse(decodeResult: success, version: HTTP/1.1)
HTTP/1.1 200 OK
Content-Length: 12620
Content-Type: application/json; charset=utf-8
cache-control: no-cache

19:54:57.157 [AsyncHttpClient-1-20] DEBUG org.asynchttpclient.netty.channel.ChannelManager - Adding key: http://localhost:18742 for channel [id: 0xfaf8aa5c, L:/127.0.0.1:56500 - R:localhost/127.0.0.1:18742]
19:54:57.158 [Forwarding getCurrentUrl on session dd8e13f77a1f99e80055e4b21a781a96 to remote] DEBUG org.asynchttpclient.netty.request.NettyRequestSender - Using pooled Channel '[id: 0xfaf8aa5c, L:/127.0.0.1:56500 - R:localhost/127.0.0.1:18742]' for 'GET' to 'http://localhost:18742/session/dd8e13f77a1f99e80055e4b21a781a96/url'
19:54:57.158 [Forwarding getCurrentUrl on session dd8e13f77a1f99e80055e4b21a781a96 to remote] DEBUG org.asynchttpclient.netty.request.NettyRequestSender - Using open Channel [id: 0xfaf8aa5c, L:/127.0.0.1:56500 - R:localhost/127.0.0.1:18742] for GET '/session/dd8e13f77a1f99e80055e4b21a781a96/url'
19:54:57.159 [AsyncHttpClient-1-20] DEBUG org.asynchttpclient.netty.handler.HttpHandler - 

Request DefaultFullHttpRequest(decodeResult: success, version: HTTP/1.1, content: EmptyByteBufBE)
GET /session/dd8e13f77a1f99e80055e4b21a781a96/url HTTP/1.1
User-Agent: selenium/4.8.1 (java windows)
Cache-Control: no-cache
Content-Type: application/json; charset=utf-8
host: localhost:18742
accept: */*

Response DefaultHttpResponse(decodeResult: success, version: HTTP/1.1)
HTTP/1.1 200 OK
Content-Length: 47
Content-Type: application/json; charset=utf-8
cache-control: no-cache

19:54:57.159 [AsyncHttpClient-1-20] DEBUG org.asynchttpclient.netty.channel.ChannelManager - Adding key: http://localhost:18742 for channel [id: 0xfaf8aa5c, L:/127.0.0.1:56500 - R:localhost/127.0.0.1:18742]
19:54:57.166 [Forwarding getPageSource on session dd8e13f77a1f99e80055e4b21a781a96 to remote] DEBUG org.asynchttpclient.netty.request.NettyRequestSender - Using pooled Channel '[id: 0xfaf8aa5c, L:/127.0.0.1:56500 - R:localhost/127.0.0.1:18742]' for 'POST' to 'http://localhost:18742/session/dd8e13f77a1f99e80055e4b21a781a96/execute/sync'
19:54:57.166 [Forwarding getPageSource on session dd8e13f77a1f99e80055e4b21a781a96 to remote] DEBUG org.asynchttpclient.netty.request.NettyRequestSender - Using open Channel [id: 0xfaf8aa5c, L:/127.0.0.1:56500 - R:localhost/127.0.0.1:18742] for POST '/session/dd8e13f77a1f99e80055e4b21a781a96/execute/sync'
19:54:57.169 [AsyncHttpClient-1-20] DEBUG org.asynchttpclient.netty.handler.HttpHandler - 

Request DefaultHttpRequest(decodeResult: success, version: HTTP/1.1)
POST /session/dd8e13f77a1f99e80055e4b21a781a96/execute/sync HTTP/1.1
User-Agent: selenium/4.8.1 (java windows)
Content-Length: 176
Content-Type: application/json; charset=utf-8
host: localhost:18742
accept: */*

Response DefaultHttpResponse(decodeResult: success, version: HTTP/1.1)
HTTP/1.1 200 OK
Content-Length: 12620
Content-Type: application/json; charset=utf-8
cache-control: no-cache

19:54:57.169 [AsyncHttpClient-1-20] DEBUG org.asynchttpclient.netty.channel.ChannelManager - Adding key: http://localhost:18742 for channel [id: 0xfaf8aa5c, L:/127.0.0.1:56500 - R:localhost/127.0.0.1:18742]
19:54:57.171 [Forwarding getCurrentUrl on session dd8e13f77a1f99e80055e4b21a781a96 to remote] DEBUG org.asynchttpclient.netty.request.NettyRequestSender - Using pooled Channel '[id: 0xfaf8aa5c, L:/127.0.0.1:56500 - R:localhost/127.0.0.1:18742]' for 'GET' to 'http://localhost:18742/session/dd8e13f77a1f99e80055e4b21a781a96/url'
19:54:57.171 [Forwarding getCurrentUrl on session dd8e13f77a1f99e80055e4b21a781a96 to remote] DEBUG org.asynchttpclient.netty.request.NettyRequestSender - Using open Channel [id: 0xfaf8aa5c, L:/127.0.0.1:56500 - R:localhost/127.0.0.1:18742] for GET '/session/dd8e13f77a1f99e80055e4b21a781a96/url'
19:54:57.172 [AsyncHttpClient-1-20] DEBUG org.asynchttpclient.netty.handler.HttpHandler - 

Request DefaultFullHttpRequest(decodeResult: success, version: HTTP/1.1, content: EmptyByteBufBE)
GET /session/dd8e13f77a1f99e80055e4b21a781a96/url HTTP/1.1
User-Agent: selenium/4.8.1 (java windows)
Cache-Control: no-cache
Content-Type: application/json; charset=utf-8
host: localhost:18742
accept: */*

Response DefaultHttpResponse(decodeResult: success, version: HTTP/1.1)
HTTP/1.1 200 OK
Content-Length: 47
Content-Type: application/json; charset=utf-8
cache-control: no-cache

19:54:57.172 [AsyncHttpClient-1-20] DEBUG org.asynchttpclient.netty.channel.ChannelManager - Adding key: http://localhost:18742 for channel [id: 0xfaf8aa5c, L:/127.0.0.1:56500 - R:localhost/127.0.0.1:18742]
19:54:57.174 [main] DEBUG net.thucydides.core.steps.StepInterceptor - STARTING STEP: CartSteps.openCartPage - checkTitle
19:54:57.177 [main] DEBUG net.thucydides.core.steps.StepInterceptor - STEP DONE: checkTitle
  &amp#27;[32mThen &amp#27;[0m&amp#27;[32mI will see the same &amp#27;[0m&amp#27;[32m&amp#27;[1m"Sauce Labs Bike Light"&amp#27;[0m&amp#27;[32m on the cart list&amp#27;[0m              &amp#27;[90m# starter.stepDefinitions.CartSteps.openCartPage(java.lang.String)&amp#27;[0m
19:54:57.183 [AsyncHttpClient-1-22] DEBUG org.asynchttpclient.netty.handler.WebSocketHandler - Channel Closed: [id: 0xdbd4a71a, L:/127.0.0.1:56507 ! R:localhost/127.0.0.1:56501] with attribute NettyResponseFuture{currentRetry=0,
	isDone=1,
	isCancelled=0,
	asyncHandler=org.asynchttpclient.ws.WebSocketUpgradeHandler@7a90504d,
	nettyRequest=org.asynchttpclient.netty.request.NettyRequest@3f92d17b,
	future=java.util.concurrent.CompletableFuture@e92b467[Completed normally],
	uri=ws://localhost:56501/devtools/browser/7fed2664-40c3-4723-b71b-877a1e5f48f2,
	keepAlive=true,
	redirectCount=0,
	timeoutsHolder=null,
	inAuth=0,
	touch=1680612895109}
19:54:57.183 [Driver Command Executor] DEBUG org.asynchttpclient.netty.request.NettyRequestSender - Using pooled Channel '[id: 0xfaf8aa5c, L:/127.0.0.1:56500 - R:localhost/127.0.0.1:18742]' for 'DELETE' to 'http://localhost:18742/session/dd8e13f77a1f99e80055e4b21a781a96'
19:54:57.183 [Driver Command Executor] DEBUG org.asynchttpclient.netty.request.NettyRequestSender - Using open Channel [id: 0xfaf8aa5c, L:/127.0.0.1:56500 - R:localhost/127.0.0.1:18742] for DELETE '/session/dd8e13f77a1f99e80055e4b21a781a96'
19:54:57.183 [AsyncHttpClient-1-22] DEBUG org.asynchttpclient.netty.channel.ChannelManager - Closing Channel [id: 0xdbd4a71a, L:/127.0.0.1:56507 ! R:localhost/127.0.0.1:56501] 
19:54:57.208 [AsyncHttpClient-1-21] DEBUG org.asynchttpclient.netty.handler.HttpHandler - Unexpected I/O exception on channel [id: 0x03cc68bb, L:/127.0.0.1:56506 - R:localhost/127.0.0.1:56501]
java.net.SocketException: Connection reset
	at java.base/sun.nio.ch.SocketChannelImpl.throwConnectionReset(SocketChannelImpl.java:401)
	at java.base/sun.nio.ch.SocketChannelImpl.read(SocketChannelImpl.java:434)
	at io.netty.buffer.PooledByteBuf.setBytes(PooledByteBuf.java:259)
	at io.netty.buffer.AbstractByteBuf.writeBytes(AbstractByteBuf.java:1132)
	at io.netty.channel.socket.nio.NioSocketChannel.doReadBytes(NioSocketChannel.java:357)
	at io.netty.channel.nio.AbstractNioByteChannel$NioByteUnsafe.read(AbstractNioByteChannel.java:151)
	at io.netty.channel.nio.NioEventLoop.processSelectedKey(NioEventLoop.java:788)
	at io.netty.channel.nio.NioEventLoop.processSelectedKeysOptimized(NioEventLoop.java:724)
	at io.netty.channel.nio.NioEventLoop.processSelectedKeys(NioEventLoop.java:650)
	at io.netty.channel.nio.NioEventLoop.run(NioEventLoop.java:562)
	at io.netty.util.concurrent.SingleThreadEventExecutor$4.run(SingleThreadEventExecutor.java:997)
	at io.netty.util.internal.ThreadExecutorMap$2.run(ThreadExecutorMap.java:74)
	at io.netty.util.concurrent.FastThreadLocalRunnable.run(FastThreadLocalRunnable.java:30)
	at java.base/java.lang.Thread.run(Thread.java:1589)
19:54:57.208 [AsyncHttpClient-1-21] DEBUG org.asynchttpclient.netty.channel.ChannelManager - Closing Channel [id: 0x03cc68bb, L:/127.0.0.1:56506 - R:localhost/127.0.0.1:56501] 
19:54:57.208 [AsyncHttpClient-1-21] DEBUG org.asynchttpclient.netty.handler.HttpHandler - Channel Closed: [id: 0x03cc68bb, L:/127.0.0.1:56506 ! R:localhost/127.0.0.1:56501] with attribute DISCARD
19:54:57.223 [AsyncHttpClient-1-20] DEBUG org.asynchttpclient.netty.handler.HttpHandler - 

Request DefaultFullHttpRequest(decodeResult: success, version: HTTP/1.1, content: EmptyByteBufBE)
DELETE /session/dd8e13f77a1f99e80055e4b21a781a96 HTTP/1.1
User-Agent: selenium/4.8.1 (java windows)
Content-Type: application/json; charset=utf-8
host: localhost:18742
accept: */*

Response DefaultHttpResponse(decodeResult: success, version: HTTP/1.1)
HTTP/1.1 200 OK
Content-Length: 14
Content-Type: application/json; charset=utf-8
cache-control: no-cache

19:54:57.224 [AsyncHttpClient-1-20] DEBUG org.asynchttpclient.netty.channel.ChannelManager - Adding key: http://localhost:18742 for channel [id: 0xfaf8aa5c, L:/127.0.0.1:56500 - R:localhost/127.0.0.1:18742]
19:54:57.273 [AsyncHttpClient-1-20] DEBUG org.asynchttpclient.netty.handler.HttpHandler - Channel Closed: [id: 0xfaf8aa5c, L:/127.0.0.1:56500 ! R:localhost/127.0.0.1:18742] with attribute DISCARD
19:54:57.334 [main] INFO  - 
  _____   ___   ___   _____     ___     _     ___   ___   ___   ___  
 |_   _| | __| / __| |_   _|   | _ \   /_\   / __| / __| | __| |   \ 
   | |   | _|  \__ \   | |     |  _/  / _ \  \__ \ \__ \ | _|  | |) |
   |_|   |___| |___/   |_|     |_|   /_/ \_\ |___/ |___/ |___| |___/ 

As user i want to be able to add product to cart from homepage
----------------------------------------------------------------------
]]></system-out>
    <system-err><![CDATA[Starting ChromeDriver 111.0.5563.64 (c710e93d5b63b7095afe8c2c17df34408078439d-refs/branch-heads/5563@{#995}) on port 18742
Only local connections are allowed.
Please see https://chromedriver.chromium.org/security-considerations for suggestions on keeping ChromeDriver safe.
ChromeDriver was started successfully.
Apr 04, 2023 7:54:55 PM org.openqa.selenium.devtools.CdpVersionFinder findNearestMatch
WARNING: Unable to find an exact match for CDP version 111, so returning the closest version found: 110
]]></system-err>
  </testcase>
  <testcase name="As user i want to be able to add product to cart from homepage #2" classname="product cart" time="2.68">
    <system-out><![CDATA[
@ProductCart
Scenario Outline: As user i want to be able to add product to cart from homepage &amp#27;[90m# src/test/resources/features/ProductCart.feature:12&amp#27;[0m
19:54:57.338 [main] DEBUG io.cucumber.core.plugin.SerenityReporter - Running feature from file:///C:/Users/TrisetioPutra/Documents/serenity_sauce/serenity-sauce-demo/src/test/resources/features/ProductCart.feature
19:54:57.383 [main] INFO net.serenitybdd.core.webdriver.driverproviders.ChromeDriverProvider - Starting Chrome driver instance with capabilities:
19:54:57.383 [main] INFO net.serenitybdd.core.webdriver.driverproviders.ChromeDriverProvider - Capabilities {acceptInsecureCerts: true, browserName: chrome, goog:chromeOptions: {args: [remote-allow-origins=*, test-type, no-sandbox, ignore-certificate-errors, --window-size=1000,800, incognito, disable-infobars, disable-gpu, disable-default-apps, disable-popup-blocking, remote-allow-origins=*, test-type, no-sandbox, ignore-certificate-errors, --window-size=1000,800, incognito, disable-infobars, disable-gpu, disable-default-apps, disable-popup-blocking, remote-allow-origins=*], extensions: []}}
19:54:57.499 [AsyncHttpClient-1-23] DEBUG org.asynchttpclient.netty.channel.NettyConnectListener - Using new Channel '[id: 0x29f45e3b, L:/127.0.0.1:56524 - R:localhost/127.0.0.1:35271]' for 'POST' to '/session'
19:54:57.609 [AsyncHttpClient-1-1] DEBUG org.asynchttpclient.netty.channel.DefaultChannelPool - Entry count for : http://localhost:18742 : 1
19:54:57.609 [AsyncHttpClient-1-1] DEBUG org.asynchttpclient.netty.channel.DefaultChannelPool - Entry count for : http://localhost:56501 : 1
19:54:57.609 [AsyncHttpClient-1-1] DEBUG org.asynchttpclient.netty.channel.DefaultChannelPool - Adding Candidate expired Channel [id: 0xfaf8aa5c, L:/127.0.0.1:56500 ! R:localhost/127.0.0.1:18742] isIdleTimeoutExpired=false isRemotelyClosed=true isTtlExpired=false
19:54:57.609 [AsyncHttpClient-1-1] DEBUG org.asynchttpclient.netty.channel.DefaultChannelPool - Closing Idle Channel [id: 0xfaf8aa5c, L:/127.0.0.1:56500 ! R:localhost/127.0.0.1:18742]
19:54:57.609 [AsyncHttpClient-1-1] DEBUG org.asynchttpclient.netty.channel.DefaultChannelPool - Adding Candidate expired Channel [id: 0x03cc68bb, L:/127.0.0.1:56506 ! R:localhost/127.0.0.1:56501] isIdleTimeoutExpired=false isRemotelyClosed=true isTtlExpired=false
19:54:57.609 [AsyncHttpClient-1-1] DEBUG org.asynchttpclient.netty.channel.DefaultChannelPool - Closing Idle Channel [id: 0x03cc68bb, L:/127.0.0.1:56506 ! R:localhost/127.0.0.1:56501]
19:54:57.609 [AsyncHttpClient-1-1] DEBUG org.asynchttpclient.netty.channel.DefaultChannelPool - Closed 2 connections out of 2 in 0 ms
19:54:58.038 [AsyncHttpClient-1-23] DEBUG org.asynchttpclient.netty.handler.HttpHandler - 

Request DefaultHttpRequest(decodeResult: success, version: HTTP/1.1)
POST /session HTTP/1.1
User-Agent: selenium/4.8.1 (java windows)
Content-Length: 1729
Content-Type: application/json; charset=utf-8
host: localhost:35271
accept: */*

Response DefaultHttpResponse(decodeResult: success, version: HTTP/1.1)
HTTP/1.1 200 OK
Content-Length: 862
Content-Type: application/json; charset=utf-8
cache-control: no-cache

19:54:58.038 [AsyncHttpClient-1-23] DEBUG org.asynchttpclient.netty.channel.ChannelManager - Adding key: http://localhost:35271 for channel [id: 0x29f45e3b, L:/127.0.0.1:56524 - R:localhost/127.0.0.1:35271]
19:54:58.043 [AsyncHttpClient-1-24] DEBUG org.asynchttpclient.netty.channel.NettyConnectListener - Using new Channel '[id: 0xbc72de93, L:/127.0.0.1:56531 - R:localhost/127.0.0.1:56525]' for 'GET' to '/json/version'
19:54:58.045 [AsyncHttpClient-1-24] DEBUG org.asynchttpclient.netty.handler.HttpHandler - 

Request DefaultFullHttpRequest(decodeResult: success, version: HTTP/1.1, content: EmptyByteBufBE)
GET /json/version HTTP/1.1
User-Agent: selenium/4.8.1 (java windows)
host: localhost:56525
accept: */*

Response DefaultHttpResponse(decodeResult: success, version: HTTP/1.1)
HTTP/1.1 200 OK
Content-Security-Policy: frame-ancestors 'none'
Content-Length: 424
Content-Type: application/json; charset=UTF-8

19:54:58.045 [AsyncHttpClient-1-24] DEBUG org.asynchttpclient.netty.channel.ChannelManager - Adding key: http://localhost:56525 for channel [id: 0xbc72de93, L:/127.0.0.1:56531 - R:localhost/127.0.0.1:56525]
19:54:58.048 [AsyncHttpClient-1-25] DEBUG org.asynchttpclient.netty.channel.NettyConnectListener - Using new Channel '[id: 0xedc0f21e, L:/127.0.0.1:56532 - R:localhost/127.0.0.1:56525]' for 'GET' to '/devtools/browser/036ae1f8-8b95-41de-b181-a5b5d9cbed94'
19:54:58.050 [AsyncHttpClient-1-25] DEBUG org.asynchttpclient.netty.handler.WebSocketHandler - 

Request DefaultFullHttpRequest(decodeResult: success, version: HTTP/1.1, content: EmptyByteBufBE)
GET /devtools/browser/036ae1f8-8b95-41de-b181-a5b5d9cbed94 HTTP/1.1
upgrade: websocket
connection: upgrade
sec-websocket-key: cIdviMCW6/ulDmNVcMffcw==
sec-websocket-version: 13
origin: http://localhost:56525
host: localhost:56525
accept: */*
user-agent: AHC/2.1

Response DefaultHttpResponse(decodeResult: success, version: HTTP/1.1)
HTTP/1.1 101 WebSocket Protocol Handshake
Upgrade: WebSocket
Connection: Upgrade
Sec-WebSocket-Accept: jFbP7V0bedPg7dl6BmYexwYpZeE=

19:54:58.055 [Forwarding get on session 00196cd3d51a7394068eced16dfe2ac4 to remote] DEBUG org.asynchttpclient.netty.request.NettyRequestSender - Using pooled Channel '[id: 0x29f45e3b, L:/127.0.0.1:56524 - R:localhost/127.0.0.1:35271]' for 'POST' to 'http://localhost:35271/session/00196cd3d51a7394068eced16dfe2ac4/url'
19:54:58.055 [Forwarding get on session 00196cd3d51a7394068eced16dfe2ac4 to remote] DEBUG org.asynchttpclient.netty.request.NettyRequestSender - Using open Channel [id: 0x29f45e3b, L:/127.0.0.1:56524 - R:localhost/127.0.0.1:35271] for POST '/session/00196cd3d51a7394068eced16dfe2ac4/url'
19:54:58.469 [AsyncHttpClient-1-23] DEBUG org.asynchttpclient.netty.handler.HttpHandler - 

Request DefaultHttpRequest(decodeResult: success, version: HTTP/1.1)
POST /session/00196cd3d51a7394068eced16dfe2ac4/url HTTP/1.1
User-Agent: selenium/4.8.1 (java windows)
Content-Length: 56
Content-Type: application/json; charset=utf-8
host: localhost:35271
accept: */*

Response DefaultHttpResponse(decodeResult: success, version: HTTP/1.1)
HTTP/1.1 200 OK
Content-Length: 14
Content-Type: application/json; charset=utf-8
cache-control: no-cache

19:54:58.470 [AsyncHttpClient-1-23] DEBUG org.asynchttpclient.netty.channel.ChannelManager - Adding key: http://localhost:35271 for channel [id: 0x29f45e3b, L:/127.0.0.1:56524 - R:localhost/127.0.0.1:35271]
19:54:58.471 [Forwarding setTimeout on session 00196cd3d51a7394068eced16dfe2ac4 to remote] DEBUG org.asynchttpclient.netty.request.NettyRequestSender - Using pooled Channel '[id: 0x29f45e3b, L:/127.0.0.1:56524 - R:localhost/127.0.0.1:35271]' for 'POST' to 'http://localhost:35271/session/00196cd3d51a7394068eced16dfe2ac4/timeouts'
19:54:58.471 [Forwarding setTimeout on session 00196cd3d51a7394068eced16dfe2ac4 to remote] DEBUG org.asynchttpclient.netty.request.NettyRequestSender - Using open Channel [id: 0x29f45e3b, L:/127.0.0.1:56524 - R:localhost/127.0.0.1:35271] for POST '/session/00196cd3d51a7394068eced16dfe2ac4/timeouts'
19:54:58.472 [AsyncHttpClient-1-23] DEBUG org.asynchttpclient.netty.handler.HttpHandler - 

Request DefaultHttpRequest(decodeResult: success, version: HTTP/1.1)
POST /session/00196cd3d51a7394068eced16dfe2ac4/timeouts HTTP/1.1
User-Agent: selenium/4.8.1 (java windows)
Content-Length: 22
Content-Type: application/json; charset=utf-8
host: localhost:35271
accept: */*

Response DefaultHttpResponse(decodeResult: success, version: HTTP/1.1)
HTTP/1.1 200 OK
Content-Length: 14
Content-Type: application/json; charset=utf-8
cache-control: no-cache

19:54:58.472 [AsyncHttpClient-1-23] DEBUG org.asynchttpclient.netty.channel.ChannelManager - Adding key: http://localhost:35271 for channel [id: 0x29f45e3b, L:/127.0.0.1:56524 - R:localhost/127.0.0.1:35271]
19:54:58.477 [Forwarding getAlertText on session 00196cd3d51a7394068eced16dfe2ac4 to remote] DEBUG org.asynchttpclient.netty.request.NettyRequestSender - Using pooled Channel '[id: 0x29f45e3b, L:/127.0.0.1:56524 - R:localhost/127.0.0.1:35271]' for 'GET' to 'http://localhost:35271/session/00196cd3d51a7394068eced16dfe2ac4/alert/text'
19:54:58.478 [Forwarding getAlertText on session 00196cd3d51a7394068eced16dfe2ac4 to remote] DEBUG org.asynchttpclient.netty.request.NettyRequestSender - Using open Channel [id: 0x29f45e3b, L:/127.0.0.1:56524 - R:localhost/127.0.0.1:35271] for GET '/session/00196cd3d51a7394068eced16dfe2ac4/alert/text'
19:54:58.479 [AsyncHttpClient-1-23] DEBUG org.asynchttpclient.netty.handler.HttpHandler - 

Request DefaultFullHttpRequest(decodeResult: success, version: HTTP/1.1, content: EmptyByteBufBE)
GET /session/00196cd3d51a7394068eced16dfe2ac4/alert/text HTTP/1.1
User-Agent: selenium/4.8.1 (java windows)
Cache-Control: no-cache
Content-Type: application/json; charset=utf-8
host: localhost:35271
accept: */*

Response DefaultHttpResponse(decodeResult: success, version: HTTP/1.1)
HTTP/1.1 404 Not Found
Content-Length: 816
Content-Type: application/json; charset=utf-8
cache-control: no-cache

19:54:58.479 [AsyncHttpClient-1-23] DEBUG org.asynchttpclient.netty.channel.ChannelManager - Adding key: http://localhost:35271 for channel [id: 0x29f45e3b, L:/127.0.0.1:56524 - R:localhost/127.0.0.1:35271]
19:54:58.480 [Forwarding getCurrentUrl on session 00196cd3d51a7394068eced16dfe2ac4 to remote] DEBUG org.asynchttpclient.netty.request.NettyRequestSender - Using pooled Channel '[id: 0x29f45e3b, L:/127.0.0.1:56524 - R:localhost/127.0.0.1:35271]' for 'GET' to 'http://localhost:35271/session/00196cd3d51a7394068eced16dfe2ac4/url'
19:54:58.480 [Forwarding getCurrentUrl on session 00196cd3d51a7394068eced16dfe2ac4 to remote] DEBUG org.asynchttpclient.netty.request.NettyRequestSender - Using open Channel [id: 0x29f45e3b, L:/127.0.0.1:56524 - R:localhost/127.0.0.1:35271] for GET '/session/00196cd3d51a7394068eced16dfe2ac4/url'
19:54:58.486 [AsyncHttpClient-1-23] DEBUG org.asynchttpclient.netty.handler.HttpHandler - 

Request DefaultFullHttpRequest(decodeResult: success, version: HTTP/1.1, content: EmptyByteBufBE)
GET /session/00196cd3d51a7394068eced16dfe2ac4/url HTTP/1.1
User-Agent: selenium/4.8.1 (java windows)
Cache-Control: no-cache
Content-Type: application/json; charset=utf-8
host: localhost:35271
accept: */*

Response DefaultHttpResponse(decodeResult: success, version: HTTP/1.1)
HTTP/1.1 200 OK
Content-Length: 38
Content-Type: application/json; charset=utf-8
cache-control: no-cache

19:54:58.486 [AsyncHttpClient-1-23] DEBUG org.asynchttpclient.netty.channel.ChannelManager - Adding key: http://localhost:35271 for channel [id: 0x29f45e3b, L:/127.0.0.1:56524 - R:localhost/127.0.0.1:35271]
19:54:58.488 [Forwarding screenshot on session 00196cd3d51a7394068eced16dfe2ac4 to remote] DEBUG org.asynchttpclient.netty.request.NettyRequestSender - Using pooled Channel '[id: 0x29f45e3b, L:/127.0.0.1:56524 - R:localhost/127.0.0.1:35271]' for 'GET' to 'http://localhost:35271/session/00196cd3d51a7394068eced16dfe2ac4/screenshot'
19:54:58.488 [Forwarding screenshot on session 00196cd3d51a7394068eced16dfe2ac4 to remote] DEBUG org.asynchttpclient.netty.request.NettyRequestSender - Using open Channel [id: 0x29f45e3b, L:/127.0.0.1:56524 - R:localhost/127.0.0.1:35271] for GET '/session/00196cd3d51a7394068eced16dfe2ac4/screenshot'
19:54:58.617 [AsyncHttpClient-1-23] DEBUG org.asynchttpclient.netty.handler.HttpHandler - 

Request DefaultFullHttpRequest(decodeResult: success, version: HTTP/1.1, content: EmptyByteBufBE)
GET /session/00196cd3d51a7394068eced16dfe2ac4/screenshot HTTP/1.1
User-Agent: selenium/4.8.1 (java windows)
Cache-Control: no-cache
Content-Type: application/json; charset=utf-8
host: localhost:35271
accept: */*

Response DefaultHttpResponse(decodeResult: success, version: HTTP/1.1)
HTTP/1.1 200 OK
Content-Length: 58480
Content-Type: application/json; charset=utf-8
cache-control: no-cache

19:54:58.617 [AsyncHttpClient-1-23] DEBUG org.asynchttpclient.netty.channel.ChannelManager - Adding key: http://localhost:35271 for channel [id: 0x29f45e3b, L:/127.0.0.1:56524 - R:localhost/127.0.0.1:35271]
19:54:58.619 [main] DEBUG net.serenitybdd.core.photography.Darkroom - Send negative for processing for target\site\serenity\cb92d98072c3b75a83324d609d10345ba9940c54df6d644def90c13c11b006db.png
19:54:58.621 [Forwarding getPageSource on session 00196cd3d51a7394068eced16dfe2ac4 to remote] DEBUG org.asynchttpclient.netty.request.NettyRequestSender - Using pooled Channel '[id: 0x29f45e3b, L:/127.0.0.1:56524 - R:localhost/127.0.0.1:35271]' for 'POST' to 'http://localhost:35271/session/00196cd3d51a7394068eced16dfe2ac4/execute/sync'
19:54:58.621 [Forwarding getPageSource on session 00196cd3d51a7394068eced16dfe2ac4 to remote] DEBUG org.asynchttpclient.netty.request.NettyRequestSender - Using open Channel [id: 0x29f45e3b, L:/127.0.0.1:56524 - R:localhost/127.0.0.1:35271] for POST '/session/00196cd3d51a7394068eced16dfe2ac4/execute/sync'
19:54:58.629 [AsyncHttpClient-1-23] DEBUG org.asynchttpclient.netty.handler.HttpHandler - 

Request DefaultHttpRequest(decodeResult: success, version: HTTP/1.1)
POST /session/00196cd3d51a7394068eced16dfe2ac4/execute/sync HTTP/1.1
User-Agent: selenium/4.8.1 (java windows)
Content-Length: 176
Content-Type: application/json; charset=utf-8
host: localhost:35271
accept: */*

Response DefaultHttpResponse(decodeResult: success, version: HTTP/1.1)
HTTP/1.1 200 OK
Content-Length: 4286
Content-Type: application/json; charset=utf-8
cache-control: no-cache

19:54:58.630 [AsyncHttpClient-1-23] DEBUG org.asynchttpclient.netty.channel.ChannelManager - Adding key: http://localhost:35271 for channel [id: 0x29f45e3b, L:/127.0.0.1:56524 - R:localhost/127.0.0.1:35271]
19:54:58.633 [Forwarding getCurrentUrl on session 00196cd3d51a7394068eced16dfe2ac4 to remote] DEBUG org.asynchttpclient.netty.request.NettyRequestSender - Using pooled Channel '[id: 0x29f45e3b, L:/127.0.0.1:56524 - R:localhost/127.0.0.1:35271]' for 'GET' to 'http://localhost:35271/session/00196cd3d51a7394068eced16dfe2ac4/url'
19:54:58.633 [Forwarding getCurrentUrl on session 00196cd3d51a7394068eced16dfe2ac4 to remote] DEBUG org.asynchttpclient.netty.request.NettyRequestSender - Using open Channel [id: 0x29f45e3b, L:/127.0.0.1:56524 - R:localhost/127.0.0.1:35271] for GET '/session/00196cd3d51a7394068eced16dfe2ac4/url'
19:54:58.641 [AsyncHttpClient-1-23] DEBUG org.asynchttpclient.netty.handler.HttpHandler - 

Request DefaultFullHttpRequest(decodeResult: success, version: HTTP/1.1, content: EmptyByteBufBE)
GET /session/00196cd3d51a7394068eced16dfe2ac4/url HTTP/1.1
User-Agent: selenium/4.8.1 (java windows)
Cache-Control: no-cache
Content-Type: application/json; charset=utf-8
host: localhost:35271
accept: */*

Response DefaultHttpResponse(decodeResult: success, version: HTTP/1.1)
HTTP/1.1 200 OK
Content-Length: 38
Content-Type: application/json; charset=utf-8
cache-control: no-cache

19:54:58.641 [AsyncHttpClient-1-23] DEBUG org.asynchttpclient.netty.channel.ChannelManager - Adding key: http://localhost:35271 for channel [id: 0x29f45e3b, L:/127.0.0.1:56524 - R:localhost/127.0.0.1:35271]
19:54:58.644 [main] DEBUG net.thucydides.core.steps.StepInterceptor - STARTING STEP: CartSteps.loginAsAUser - inputUsername
19:54:58.648 [Forwarding findElement on session 00196cd3d51a7394068eced16dfe2ac4 to remote] DEBUG org.asynchttpclient.netty.request.NettyRequestSender - Using pooled Channel '[id: 0x29f45e3b, L:/127.0.0.1:56524 - R:localhost/127.0.0.1:35271]' for 'POST' to 'http://localhost:35271/session/00196cd3d51a7394068eced16dfe2ac4/element'
19:54:58.648 [Forwarding findElement on session 00196cd3d51a7394068eced16dfe2ac4 to remote] DEBUG org.asynchttpclient.netty.request.NettyRequestSender - Using open Channel [id: 0x29f45e3b, L:/127.0.0.1:56524 - R:localhost/127.0.0.1:35271] for POST '/session/00196cd3d51a7394068eced16dfe2ac4/element'
19:54:58.660 [AsyncHttpClient-1-23] DEBUG org.asynchttpclient.netty.handler.HttpHandler - 

Request DefaultHttpRequest(decodeResult: success, version: HTTP/1.1)
POST /session/00196cd3d51a7394068eced16dfe2ac4/element HTTP/1.1
User-Agent: selenium/4.8.1 (java windows)
Content-Length: 56
Content-Type: application/json; charset=utf-8
host: localhost:35271
accept: */*

Response DefaultHttpResponse(decodeResult: success, version: HTTP/1.1)
HTTP/1.1 200 OK
Content-Length: 88
Content-Type: application/json; charset=utf-8
cache-control: no-cache

19:54:58.660 [AsyncHttpClient-1-23] DEBUG org.asynchttpclient.netty.channel.ChannelManager - Adding key: http://localhost:35271 for channel [id: 0x29f45e3b, L:/127.0.0.1:56524 - R:localhost/127.0.0.1:35271]
19:54:58.661 [Forwarding clearElement on session 00196cd3d51a7394068eced16dfe2ac4 to remote] DEBUG org.asynchttpclient.netty.request.NettyRequestSender - Using pooled Channel '[id: 0x29f45e3b, L:/127.0.0.1:56524 - R:localhost/127.0.0.1:35271]' for 'POST' to 'http://localhost:35271/session/00196cd3d51a7394068eced16dfe2ac4/element/799f9785-7309-4ce3-8b43-bc4c1fc7c81a/clear'
19:54:58.661 [Forwarding clearElement on session 00196cd3d51a7394068eced16dfe2ac4 to remote] DEBUG org.asynchttpclient.netty.request.NettyRequestSender - Using open Channel [id: 0x29f45e3b, L:/127.0.0.1:56524 - R:localhost/127.0.0.1:35271] for POST '/session/00196cd3d51a7394068eced16dfe2ac4/element/799f9785-7309-4ce3-8b43-bc4c1fc7c81a/clear'
19:54:58.689 [AsyncHttpClient-1-23] DEBUG org.asynchttpclient.netty.handler.HttpHandler - 

Request DefaultHttpRequest(decodeResult: success, version: HTTP/1.1)
POST /session/00196cd3d51a7394068eced16dfe2ac4/element/799f9785-7309-4ce3-8b43-bc4c1fc7c81a/clear HTTP/1.1
User-Agent: selenium/4.8.1 (java windows)
Content-Length: 50
Content-Type: application/json; charset=utf-8
host: localhost:35271
accept: */*

Response DefaultHttpResponse(decodeResult: success, version: HTTP/1.1)
HTTP/1.1 200 OK
Content-Length: 14
Content-Type: application/json; charset=utf-8
cache-control: no-cache

19:54:58.689 [AsyncHttpClient-1-23] DEBUG org.asynchttpclient.netty.channel.ChannelManager - Adding key: http://localhost:35271 for channel [id: 0x29f45e3b, L:/127.0.0.1:56524 - R:localhost/127.0.0.1:35271]
19:54:58.691 [Forwarding sendKeysToElement on session 00196cd3d51a7394068eced16dfe2ac4 to remote] DEBUG org.asynchttpclient.netty.request.NettyRequestSender - Using pooled Channel '[id: 0x29f45e3b, L:/127.0.0.1:56524 - R:localhost/127.0.0.1:35271]' for 'POST' to 'http://localhost:35271/session/00196cd3d51a7394068eced16dfe2ac4/element/799f9785-7309-4ce3-8b43-bc4c1fc7c81a/value'
19:54:58.691 [Forwarding sendKeysToElement on session 00196cd3d51a7394068eced16dfe2ac4 to remote] DEBUG org.asynchttpclient.netty.request.NettyRequestSender - Using open Channel [id: 0x29f45e3b, L:/127.0.0.1:56524 - R:localhost/127.0.0.1:35271] for POST '/session/00196cd3d51a7394068eced16dfe2ac4/element/799f9785-7309-4ce3-8b43-bc4c1fc7c81a/value'
19:54:58.712 [AsyncHttpClient-1-1] DEBUG org.asynchttpclient.netty.channel.DefaultChannelPool - Entry count for : http://localhost:56525 : 1
19:54:58.756 [AsyncHttpClient-1-23] DEBUG org.asynchttpclient.netty.handler.HttpHandler - 

Request DefaultHttpRequest(decodeResult: success, version: HTTP/1.1)
POST /session/00196cd3d51a7394068eced16dfe2ac4/element/799f9785-7309-4ce3-8b43-bc4c1fc7c81a/value HTTP/1.1
User-Agent: selenium/4.8.1 (java windows)
Content-Length: 211
Content-Type: application/json; charset=utf-8
host: localhost:35271
accept: */*

Response DefaultHttpResponse(decodeResult: success, version: HTTP/1.1)
HTTP/1.1 200 OK
Content-Length: 14
Content-Type: application/json; charset=utf-8
cache-control: no-cache

19:54:58.756 [AsyncHttpClient-1-23] DEBUG org.asynchttpclient.netty.channel.ChannelManager - Adding key: http://localhost:35271 for channel [id: 0x29f45e3b, L:/127.0.0.1:56524 - R:localhost/127.0.0.1:35271]
19:54:58.761 [Forwarding getAlertText on session 00196cd3d51a7394068eced16dfe2ac4 to remote] DEBUG org.asynchttpclient.netty.request.NettyRequestSender - Using pooled Channel '[id: 0x29f45e3b, L:/127.0.0.1:56524 - R:localhost/127.0.0.1:35271]' for 'GET' to 'http://localhost:35271/session/00196cd3d51a7394068eced16dfe2ac4/alert/text'
19:54:58.761 [Forwarding getAlertText on session 00196cd3d51a7394068eced16dfe2ac4 to remote] DEBUG org.asynchttpclient.netty.request.NettyRequestSender - Using open Channel [id: 0x29f45e3b, L:/127.0.0.1:56524 - R:localhost/127.0.0.1:35271] for GET '/session/00196cd3d51a7394068eced16dfe2ac4/alert/text'
19:54:58.762 [AsyncHttpClient-1-23] DEBUG org.asynchttpclient.netty.handler.HttpHandler - 

Request DefaultFullHttpRequest(decodeResult: success, version: HTTP/1.1, content: EmptyByteBufBE)
GET /session/00196cd3d51a7394068eced16dfe2ac4/alert/text HTTP/1.1
User-Agent: selenium/4.8.1 (java windows)
Cache-Control: no-cache
Content-Type: application/json; charset=utf-8
host: localhost:35271
accept: */*

Response DefaultHttpResponse(decodeResult: success, version: HTTP/1.1)
HTTP/1.1 404 Not Found
Content-Length: 816
Content-Type: application/json; charset=utf-8
cache-control: no-cache

19:54:58.763 [AsyncHttpClient-1-23] DEBUG org.asynchttpclient.netty.channel.ChannelManager - Adding key: http://localhost:35271 for channel [id: 0x29f45e3b, L:/127.0.0.1:56524 - R:localhost/127.0.0.1:35271]
19:54:58.764 [Forwarding getCurrentUrl on session 00196cd3d51a7394068eced16dfe2ac4 to remote] DEBUG org.asynchttpclient.netty.request.NettyRequestSender - Using pooled Channel '[id: 0x29f45e3b, L:/127.0.0.1:56524 - R:localhost/127.0.0.1:35271]' for 'GET' to 'http://localhost:35271/session/00196cd3d51a7394068eced16dfe2ac4/url'
19:54:58.764 [Forwarding getCurrentUrl on session 00196cd3d51a7394068eced16dfe2ac4 to remote] DEBUG org.asynchttpclient.netty.request.NettyRequestSender - Using open Channel [id: 0x29f45e3b, L:/127.0.0.1:56524 - R:localhost/127.0.0.1:35271] for GET '/session/00196cd3d51a7394068eced16dfe2ac4/url'
19:54:58.766 [AsyncHttpClient-1-23] DEBUG org.asynchttpclient.netty.handler.HttpHandler - 

Request DefaultFullHttpRequest(decodeResult: success, version: HTTP/1.1, content: EmptyByteBufBE)
GET /session/00196cd3d51a7394068eced16dfe2ac4/url HTTP/1.1
User-Agent: selenium/4.8.1 (java windows)
Cache-Control: no-cache
Content-Type: application/json; charset=utf-8
host: localhost:35271
accept: */*

Response DefaultHttpResponse(decodeResult: success, version: HTTP/1.1)
HTTP/1.1 200 OK
Content-Length: 38
Content-Type: application/json; charset=utf-8
cache-control: no-cache

19:54:58.766 [AsyncHttpClient-1-23] DEBUG org.asynchttpclient.netty.channel.ChannelManager - Adding key: http://localhost:35271 for channel [id: 0x29f45e3b, L:/127.0.0.1:56524 - R:localhost/127.0.0.1:35271]
19:54:58.767 [Forwarding screenshot on session 00196cd3d51a7394068eced16dfe2ac4 to remote] DEBUG org.asynchttpclient.netty.request.NettyRequestSender - Using pooled Channel '[id: 0x29f45e3b, L:/127.0.0.1:56524 - R:localhost/127.0.0.1:35271]' for 'GET' to 'http://localhost:35271/session/00196cd3d51a7394068eced16dfe2ac4/screenshot'
19:54:58.767 [Forwarding screenshot on session 00196cd3d51a7394068eced16dfe2ac4 to remote] DEBUG org.asynchttpclient.netty.request.NettyRequestSender - Using open Channel [id: 0x29f45e3b, L:/127.0.0.1:56524 - R:localhost/127.0.0.1:35271] for GET '/session/00196cd3d51a7394068eced16dfe2ac4/screenshot'
19:54:58.874 [AsyncHttpClient-1-23] DEBUG org.asynchttpclient.netty.handler.HttpHandler - 

Request DefaultFullHttpRequest(decodeResult: success, version: HTTP/1.1, content: EmptyByteBufBE)
GET /session/00196cd3d51a7394068eced16dfe2ac4/screenshot HTTP/1.1
User-Agent: selenium/4.8.1 (java windows)
Cache-Control: no-cache
Content-Type: application/json; charset=utf-8
host: localhost:35271
accept: */*

Response DefaultHttpResponse(decodeResult: success, version: HTTP/1.1)
HTTP/1.1 200 OK
Content-Length: 59376
Content-Type: application/json; charset=utf-8
cache-control: no-cache

19:54:58.874 [AsyncHttpClient-1-23] DEBUG org.asynchttpclient.netty.channel.ChannelManager - Adding key: http://localhost:35271 for channel [id: 0x29f45e3b, L:/127.0.0.1:56524 - R:localhost/127.0.0.1:35271]
19:54:58.876 [main] DEBUG net.serenitybdd.core.photography.Darkroom - Send negative for processing for target\site\serenity\34df7c2a49013db09874827a64595e6a5db2797a92a71bf1a6ba69e39d9b6283.png
19:54:58.876 [main] DEBUG net.thucydides.core.steps.StepInterceptor - STEP DONE: inputUsername
19:54:58.883 [Forwarding getPageSource on session 00196cd3d51a7394068eced16dfe2ac4 to remote] DEBUG org.asynchttpclient.netty.request.NettyRequestSender - Using pooled Channel '[id: 0x29f45e3b, L:/127.0.0.1:56524 - R:localhost/127.0.0.1:35271]' for 'POST' to 'http://localhost:35271/session/00196cd3d51a7394068eced16dfe2ac4/execute/sync'
19:54:58.883 [Forwarding getPageSource on session 00196cd3d51a7394068eced16dfe2ac4 to remote] DEBUG org.asynchttpclient.netty.request.NettyRequestSender - Using open Channel [id: 0x29f45e3b, L:/127.0.0.1:56524 - R:localhost/127.0.0.1:35271] for POST '/session/00196cd3d51a7394068eced16dfe2ac4/execute/sync'
19:54:58.888 [AsyncHttpClient-1-23] DEBUG org.asynchttpclient.netty.handler.HttpHandler - 

Request DefaultHttpRequest(decodeResult: success, version: HTTP/1.1)
POST /session/00196cd3d51a7394068eced16dfe2ac4/execute/sync HTTP/1.1
User-Agent: selenium/4.8.1 (java windows)
Content-Length: 176
Content-Type: application/json; charset=utf-8
host: localhost:35271
accept: */*

Response DefaultHttpResponse(decodeResult: success, version: HTTP/1.1)
HTTP/1.1 200 OK
Content-Length: 4299
Content-Type: application/json; charset=utf-8
cache-control: no-cache

19:54:58.888 [AsyncHttpClient-1-23] DEBUG org.asynchttpclient.netty.channel.ChannelManager - Adding key: http://localhost:35271 for channel [id: 0x29f45e3b, L:/127.0.0.1:56524 - R:localhost/127.0.0.1:35271]
19:54:58.890 [Forwarding getCurrentUrl on session 00196cd3d51a7394068eced16dfe2ac4 to remote] DEBUG org.asynchttpclient.netty.request.NettyRequestSender - Using pooled Channel '[id: 0x29f45e3b, L:/127.0.0.1:56524 - R:localhost/127.0.0.1:35271]' for 'GET' to 'http://localhost:35271/session/00196cd3d51a7394068eced16dfe2ac4/url'
19:54:58.890 [Forwarding getCurrentUrl on session 00196cd3d51a7394068eced16dfe2ac4 to remote] DEBUG org.asynchttpclient.netty.request.NettyRequestSender - Using open Channel [id: 0x29f45e3b, L:/127.0.0.1:56524 - R:localhost/127.0.0.1:35271] for GET '/session/00196cd3d51a7394068eced16dfe2ac4/url'
19:54:58.892 [AsyncHttpClient-1-23] DEBUG org.asynchttpclient.netty.handler.HttpHandler - 

Request DefaultFullHttpRequest(decodeResult: success, version: HTTP/1.1, content: EmptyByteBufBE)
GET /session/00196cd3d51a7394068eced16dfe2ac4/url HTTP/1.1
User-Agent: selenium/4.8.1 (java windows)
Cache-Control: no-cache
Content-Type: application/json; charset=utf-8
host: localhost:35271
accept: */*

Response DefaultHttpResponse(decodeResult: success, version: HTTP/1.1)
HTTP/1.1 200 OK
Content-Length: 38
Content-Type: application/json; charset=utf-8
cache-control: no-cache

19:54:58.892 [AsyncHttpClient-1-23] DEBUG org.asynchttpclient.netty.channel.ChannelManager - Adding key: http://localhost:35271 for channel [id: 0x29f45e3b, L:/127.0.0.1:56524 - R:localhost/127.0.0.1:35271]
19:54:58.894 [main] DEBUG net.thucydides.core.steps.StepInterceptor - STARTING STEP: CartSteps.loginAsAUser - inputPassword
19:54:58.896 [Forwarding findElement on session 00196cd3d51a7394068eced16dfe2ac4 to remote] DEBUG org.asynchttpclient.netty.request.NettyRequestSender - Using pooled Channel '[id: 0x29f45e3b, L:/127.0.0.1:56524 - R:localhost/127.0.0.1:35271]' for 'POST' to 'http://localhost:35271/session/00196cd3d51a7394068eced16dfe2ac4/element'
19:54:58.896 [Forwarding findElement on session 00196cd3d51a7394068eced16dfe2ac4 to remote] DEBUG org.asynchttpclient.netty.request.NettyRequestSender - Using open Channel [id: 0x29f45e3b, L:/127.0.0.1:56524 - R:localhost/127.0.0.1:35271] for POST '/session/00196cd3d51a7394068eced16dfe2ac4/element'
19:54:58.908 [AsyncHttpClient-1-23] DEBUG org.asynchttpclient.netty.handler.HttpHandler - 

Request DefaultHttpRequest(decodeResult: success, version: HTTP/1.1)
POST /session/00196cd3d51a7394068eced16dfe2ac4/element HTTP/1.1
User-Agent: selenium/4.8.1 (java windows)
Content-Length: 53
Content-Type: application/json; charset=utf-8
host: localhost:35271
accept: */*

Response DefaultHttpResponse(decodeResult: success, version: HTTP/1.1)
HTTP/1.1 200 OK
Content-Length: 88
Content-Type: application/json; charset=utf-8
cache-control: no-cache

19:54:58.908 [AsyncHttpClient-1-23] DEBUG org.asynchttpclient.netty.channel.ChannelManager - Adding key: http://localhost:35271 for channel [id: 0x29f45e3b, L:/127.0.0.1:56524 - R:localhost/127.0.0.1:35271]
19:54:58.909 [Forwarding clearElement on session 00196cd3d51a7394068eced16dfe2ac4 to remote] DEBUG org.asynchttpclient.netty.request.NettyRequestSender - Using pooled Channel '[id: 0x29f45e3b, L:/127.0.0.1:56524 - R:localhost/127.0.0.1:35271]' for 'POST' to 'http://localhost:35271/session/00196cd3d51a7394068eced16dfe2ac4/element/965b358a-0ca3-459c-9770-fc6b8d9ca6f9/clear'
19:54:58.909 [Forwarding clearElement on session 00196cd3d51a7394068eced16dfe2ac4 to remote] DEBUG org.asynchttpclient.netty.request.NettyRequestSender - Using open Channel [id: 0x29f45e3b, L:/127.0.0.1:56524 - R:localhost/127.0.0.1:35271] for POST '/session/00196cd3d51a7394068eced16dfe2ac4/element/965b358a-0ca3-459c-9770-fc6b8d9ca6f9/clear'
19:54:58.935 [AsyncHttpClient-1-23] DEBUG org.asynchttpclient.netty.handler.HttpHandler - 

Request DefaultHttpRequest(decodeResult: success, version: HTTP/1.1)
POST /session/00196cd3d51a7394068eced16dfe2ac4/element/965b358a-0ca3-459c-9770-fc6b8d9ca6f9/clear HTTP/1.1
User-Agent: selenium/4.8.1 (java windows)
Content-Length: 50
Content-Type: application/json; charset=utf-8
host: localhost:35271
accept: */*

Response DefaultHttpResponse(decodeResult: success, version: HTTP/1.1)
HTTP/1.1 200 OK
Content-Length: 14
Content-Type: application/json; charset=utf-8
cache-control: no-cache

19:54:58.935 [AsyncHttpClient-1-23] DEBUG org.asynchttpclient.netty.channel.ChannelManager - Adding key: http://localhost:35271 for channel [id: 0x29f45e3b, L:/127.0.0.1:56524 - R:localhost/127.0.0.1:35271]
19:54:58.937 [Forwarding sendKeysToElement on session 00196cd3d51a7394068eced16dfe2ac4 to remote] DEBUG org.asynchttpclient.netty.request.NettyRequestSender - Using pooled Channel '[id: 0x29f45e3b, L:/127.0.0.1:56524 - R:localhost/127.0.0.1:35271]' for 'POST' to 'http://localhost:35271/session/00196cd3d51a7394068eced16dfe2ac4/element/965b358a-0ca3-459c-9770-fc6b8d9ca6f9/value'
19:54:58.937 [Forwarding sendKeysToElement on session 00196cd3d51a7394068eced16dfe2ac4 to remote] DEBUG org.asynchttpclient.netty.request.NettyRequestSender - Using open Channel [id: 0x29f45e3b, L:/127.0.0.1:56524 - R:localhost/127.0.0.1:35271] for POST '/session/00196cd3d51a7394068eced16dfe2ac4/element/965b358a-0ca3-459c-9770-fc6b8d9ca6f9/value'
19:54:58.983 [AsyncHttpClient-1-23] DEBUG org.asynchttpclient.netty.handler.HttpHandler - 

Request DefaultHttpRequest(decodeResult: success, version: HTTP/1.1)
POST /session/00196cd3d51a7394068eced16dfe2ac4/element/965b358a-0ca3-459c-9770-fc6b8d9ca6f9/value HTTP/1.1
User-Agent: selenium/4.8.1 (java windows)
Content-Length: 201
Content-Type: application/json; charset=utf-8
host: localhost:35271
accept: */*

Response DefaultHttpResponse(decodeResult: success, version: HTTP/1.1)
HTTP/1.1 200 OK
Content-Length: 14
Content-Type: application/json; charset=utf-8
cache-control: no-cache

19:54:58.983 [AsyncHttpClient-1-23] DEBUG org.asynchttpclient.netty.channel.ChannelManager - Adding key: http://localhost:35271 for channel [id: 0x29f45e3b, L:/127.0.0.1:56524 - R:localhost/127.0.0.1:35271]
19:54:58.987 [Forwarding getAlertText on session 00196cd3d51a7394068eced16dfe2ac4 to remote] DEBUG org.asynchttpclient.netty.request.NettyRequestSender - Using pooled Channel '[id: 0x29f45e3b, L:/127.0.0.1:56524 - R:localhost/127.0.0.1:35271]' for 'GET' to 'http://localhost:35271/session/00196cd3d51a7394068eced16dfe2ac4/alert/text'
19:54:58.988 [Forwarding getAlertText on session 00196cd3d51a7394068eced16dfe2ac4 to remote] DEBUG org.asynchttpclient.netty.request.NettyRequestSender - Using open Channel [id: 0x29f45e3b, L:/127.0.0.1:56524 - R:localhost/127.0.0.1:35271] for GET '/session/00196cd3d51a7394068eced16dfe2ac4/alert/text'
19:54:58.989 [AsyncHttpClient-1-23] DEBUG org.asynchttpclient.netty.handler.HttpHandler - 

Request DefaultFullHttpRequest(decodeResult: success, version: HTTP/1.1, content: EmptyByteBufBE)
GET /session/00196cd3d51a7394068eced16dfe2ac4/alert/text HTTP/1.1
User-Agent: selenium/4.8.1 (java windows)
Cache-Control: no-cache
Content-Type: application/json; charset=utf-8
host: localhost:35271
accept: */*

Response DefaultHttpResponse(decodeResult: success, version: HTTP/1.1)
HTTP/1.1 404 Not Found
Content-Length: 816
Content-Type: application/json; charset=utf-8
cache-control: no-cache

19:54:58.989 [AsyncHttpClient-1-23] DEBUG org.asynchttpclient.netty.channel.ChannelManager - Adding key: http://localhost:35271 for channel [id: 0x29f45e3b, L:/127.0.0.1:56524 - R:localhost/127.0.0.1:35271]
19:54:58.990 [Forwarding getCurrentUrl on session 00196cd3d51a7394068eced16dfe2ac4 to remote] DEBUG org.asynchttpclient.netty.request.NettyRequestSender - Using pooled Channel '[id: 0x29f45e3b, L:/127.0.0.1:56524 - R:localhost/127.0.0.1:35271]' for 'GET' to 'http://localhost:35271/session/00196cd3d51a7394068eced16dfe2ac4/url'
19:54:58.990 [Forwarding getCurrentUrl on session 00196cd3d51a7394068eced16dfe2ac4 to remote] DEBUG org.asynchttpclient.netty.request.NettyRequestSender - Using open Channel [id: 0x29f45e3b, L:/127.0.0.1:56524 - R:localhost/127.0.0.1:35271] for GET '/session/00196cd3d51a7394068eced16dfe2ac4/url'
19:54:58.992 [AsyncHttpClient-1-23] DEBUG org.asynchttpclient.netty.handler.HttpHandler - 

Request DefaultFullHttpRequest(decodeResult: success, version: HTTP/1.1, content: EmptyByteBufBE)
GET /session/00196cd3d51a7394068eced16dfe2ac4/url HTTP/1.1
User-Agent: selenium/4.8.1 (java windows)
Cache-Control: no-cache
Content-Type: application/json; charset=utf-8
host: localhost:35271
accept: */*

Response DefaultHttpResponse(decodeResult: success, version: HTTP/1.1)
HTTP/1.1 200 OK
Content-Length: 38
Content-Type: application/json; charset=utf-8
cache-control: no-cache

19:54:58.992 [AsyncHttpClient-1-23] DEBUG org.asynchttpclient.netty.channel.ChannelManager - Adding key: http://localhost:35271 for channel [id: 0x29f45e3b, L:/127.0.0.1:56524 - R:localhost/127.0.0.1:35271]
19:54:58.992 [Forwarding screenshot on session 00196cd3d51a7394068eced16dfe2ac4 to remote] DEBUG org.asynchttpclient.netty.request.NettyRequestSender - Using pooled Channel '[id: 0x29f45e3b, L:/127.0.0.1:56524 - R:localhost/127.0.0.1:35271]' for 'GET' to 'http://localhost:35271/session/00196cd3d51a7394068eced16dfe2ac4/screenshot'
19:54:58.992 [Forwarding screenshot on session 00196cd3d51a7394068eced16dfe2ac4 to remote] DEBUG org.asynchttpclient.netty.request.NettyRequestSender - Using open Channel [id: 0x29f45e3b, L:/127.0.0.1:56524 - R:localhost/127.0.0.1:35271] for GET '/session/00196cd3d51a7394068eced16dfe2ac4/screenshot'
19:54:59.097 [AsyncHttpClient-1-23] DEBUG org.asynchttpclient.netty.handler.HttpHandler - 

Request DefaultFullHttpRequest(decodeResult: success, version: HTTP/1.1, content: EmptyByteBufBE)
GET /session/00196cd3d51a7394068eced16dfe2ac4/screenshot HTTP/1.1
User-Agent: selenium/4.8.1 (java windows)
Cache-Control: no-cache
Content-Type: application/json; charset=utf-8
host: localhost:35271
accept: */*

Response DefaultHttpResponse(decodeResult: success, version: HTTP/1.1)
HTTP/1.1 200 OK
Content-Length: 56848
Content-Type: application/json; charset=utf-8
cache-control: no-cache

19:54:59.097 [AsyncHttpClient-1-23] DEBUG org.asynchttpclient.netty.channel.ChannelManager - Adding key: http://localhost:35271 for channel [id: 0x29f45e3b, L:/127.0.0.1:56524 - R:localhost/127.0.0.1:35271]
19:54:59.099 [main] DEBUG net.serenitybdd.core.photography.Darkroom - Send negative for processing for target\site\serenity\6adca94019f7156b5b02d50dcdcd86549d04d7d2a8a2bccedb68665c7405404e.png
19:54:59.099 [main] DEBUG net.thucydides.core.steps.StepInterceptor - STEP DONE: inputPassword
19:54:59.103 [Forwarding getPageSource on session 00196cd3d51a7394068eced16dfe2ac4 to remote] DEBUG org.asynchttpclient.netty.request.NettyRequestSender - Using pooled Channel '[id: 0x29f45e3b, L:/127.0.0.1:56524 - R:localhost/127.0.0.1:35271]' for 'POST' to 'http://localhost:35271/session/00196cd3d51a7394068eced16dfe2ac4/execute/sync'
19:54:59.103 [Forwarding getPageSource on session 00196cd3d51a7394068eced16dfe2ac4 to remote] DEBUG org.asynchttpclient.netty.request.NettyRequestSender - Using open Channel [id: 0x29f45e3b, L:/127.0.0.1:56524 - R:localhost/127.0.0.1:35271] for POST '/session/00196cd3d51a7394068eced16dfe2ac4/execute/sync'
19:54:59.106 [AsyncHttpClient-1-23] DEBUG org.asynchttpclient.netty.handler.HttpHandler - 

Request DefaultHttpRequest(decodeResult: success, version: HTTP/1.1)
POST /session/00196cd3d51a7394068eced16dfe2ac4/execute/sync HTTP/1.1
User-Agent: selenium/4.8.1 (java windows)
Content-Length: 176
Content-Type: application/json; charset=utf-8
host: localhost:35271
accept: */*

Response DefaultHttpResponse(decodeResult: success, version: HTTP/1.1)
HTTP/1.1 200 OK
Content-Length: 4311
Content-Type: application/json; charset=utf-8
cache-control: no-cache

19:54:59.106 [AsyncHttpClient-1-23] DEBUG org.asynchttpclient.netty.channel.ChannelManager - Adding key: http://localhost:35271 for channel [id: 0x29f45e3b, L:/127.0.0.1:56524 - R:localhost/127.0.0.1:35271]
19:54:59.107 [Forwarding getCurrentUrl on session 00196cd3d51a7394068eced16dfe2ac4 to remote] DEBUG org.asynchttpclient.netty.request.NettyRequestSender - Using pooled Channel '[id: 0x29f45e3b, L:/127.0.0.1:56524 - R:localhost/127.0.0.1:35271]' for 'GET' to 'http://localhost:35271/session/00196cd3d51a7394068eced16dfe2ac4/url'
19:54:59.107 [Forwarding getCurrentUrl on session 00196cd3d51a7394068eced16dfe2ac4 to remote] DEBUG org.asynchttpclient.netty.request.NettyRequestSender - Using open Channel [id: 0x29f45e3b, L:/127.0.0.1:56524 - R:localhost/127.0.0.1:35271] for GET '/session/00196cd3d51a7394068eced16dfe2ac4/url'
19:54:59.110 [AsyncHttpClient-1-23] DEBUG org.asynchttpclient.netty.handler.HttpHandler - 

Request DefaultFullHttpRequest(decodeResult: success, version: HTTP/1.1, content: EmptyByteBufBE)
GET /session/00196cd3d51a7394068eced16dfe2ac4/url HTTP/1.1
User-Agent: selenium/4.8.1 (java windows)
Cache-Control: no-cache
Content-Type: application/json; charset=utf-8
host: localhost:35271
accept: */*

Response DefaultHttpResponse(decodeResult: success, version: HTTP/1.1)
HTTP/1.1 200 OK
Content-Length: 38
Content-Type: application/json; charset=utf-8
cache-control: no-cache

19:54:59.110 [AsyncHttpClient-1-23] DEBUG org.asynchttpclient.netty.channel.ChannelManager - Adding key: http://localhost:35271 for channel [id: 0x29f45e3b, L:/127.0.0.1:56524 - R:localhost/127.0.0.1:35271]
19:54:59.111 [main] DEBUG net.thucydides.core.steps.StepInterceptor - STARTING STEP: CartSteps.loginAsAUser - clickButtonLogin
19:54:59.113 [Forwarding findElement on session 00196cd3d51a7394068eced16dfe2ac4 to remote] DEBUG org.asynchttpclient.netty.request.NettyRequestSender - Using pooled Channel '[id: 0x29f45e3b, L:/127.0.0.1:56524 - R:localhost/127.0.0.1:35271]' for 'POST' to 'http://localhost:35271/session/00196cd3d51a7394068eced16dfe2ac4/element'
19:54:59.113 [Forwarding findElement on session 00196cd3d51a7394068eced16dfe2ac4 to remote] DEBUG org.asynchttpclient.netty.request.NettyRequestSender - Using open Channel [id: 0x29f45e3b, L:/127.0.0.1:56524 - R:localhost/127.0.0.1:35271] for POST '/session/00196cd3d51a7394068eced16dfe2ac4/element'
19:54:59.121 [AsyncHttpClient-1-23] DEBUG org.asynchttpclient.netty.handler.HttpHandler - 

Request DefaultHttpRequest(decodeResult: success, version: HTTP/1.1)
POST /session/00196cd3d51a7394068eced16dfe2ac4/element HTTP/1.1
User-Agent: selenium/4.8.1 (java windows)
Content-Length: 59
Content-Type: application/json; charset=utf-8
host: localhost:35271
accept: */*

Response DefaultHttpResponse(decodeResult: success, version: HTTP/1.1)
HTTP/1.1 200 OK
Content-Length: 88
Content-Type: application/json; charset=utf-8
cache-control: no-cache

19:54:59.122 [AsyncHttpClient-1-23] DEBUG org.asynchttpclient.netty.channel.ChannelManager - Adding key: http://localhost:35271 for channel [id: 0x29f45e3b, L:/127.0.0.1:56524 - R:localhost/127.0.0.1:35271]
19:54:59.122 [Forwarding getElementTagName on session 00196cd3d51a7394068eced16dfe2ac4 to remote] DEBUG org.asynchttpclient.netty.request.NettyRequestSender - Using pooled Channel '[id: 0x29f45e3b, L:/127.0.0.1:56524 - R:localhost/127.0.0.1:35271]' for 'GET' to 'http://localhost:35271/session/00196cd3d51a7394068eced16dfe2ac4/element/19dede43-f6b4-4d89-8558-5aa4e7cddfab/name'
19:54:59.122 [Forwarding getElementTagName on session 00196cd3d51a7394068eced16dfe2ac4 to remote] DEBUG org.asynchttpclient.netty.request.NettyRequestSender - Using open Channel [id: 0x29f45e3b, L:/127.0.0.1:56524 - R:localhost/127.0.0.1:35271] for GET '/session/00196cd3d51a7394068eced16dfe2ac4/element/19dede43-f6b4-4d89-8558-5aa4e7cddfab/name'
19:54:59.125 [AsyncHttpClient-1-23] DEBUG org.asynchttpclient.netty.handler.HttpHandler - 

Request DefaultFullHttpRequest(decodeResult: success, version: HTTP/1.1, content: EmptyByteBufBE)
GET /session/00196cd3d51a7394068eced16dfe2ac4/element/19dede43-f6b4-4d89-8558-5aa4e7cddfab/name HTTP/1.1
User-Agent: selenium/4.8.1 (java windows)
Cache-Control: no-cache
Content-Type: application/json; charset=utf-8
host: localhost:35271
accept: */*

Response DefaultHttpResponse(decodeResult: success, version: HTTP/1.1)
HTTP/1.1 200 OK
Content-Length: 17
Content-Type: application/json; charset=utf-8
cache-control: no-cache

19:54:59.125 [AsyncHttpClient-1-23] DEBUG org.asynchttpclient.netty.channel.ChannelManager - Adding key: http://localhost:35271 for channel [id: 0x29f45e3b, L:/127.0.0.1:56524 - R:localhost/127.0.0.1:35271]
19:54:59.126 [Forwarding getElementTagName on session 00196cd3d51a7394068eced16dfe2ac4 to remote] DEBUG org.asynchttpclient.netty.request.NettyRequestSender - Using pooled Channel '[id: 0x29f45e3b, L:/127.0.0.1:56524 - R:localhost/127.0.0.1:35271]' for 'GET' to 'http://localhost:35271/session/00196cd3d51a7394068eced16dfe2ac4/element/19dede43-f6b4-4d89-8558-5aa4e7cddfab/name'
19:54:59.126 [Forwarding getElementTagName on session 00196cd3d51a7394068eced16dfe2ac4 to remote] DEBUG org.asynchttpclient.netty.request.NettyRequestSender - Using open Channel [id: 0x29f45e3b, L:/127.0.0.1:56524 - R:localhost/127.0.0.1:35271] for GET '/session/00196cd3d51a7394068eced16dfe2ac4/element/19dede43-f6b4-4d89-8558-5aa4e7cddfab/name'
19:54:59.128 [AsyncHttpClient-1-23] DEBUG org.asynchttpclient.netty.handler.HttpHandler - 

Request DefaultFullHttpRequest(decodeResult: success, version: HTTP/1.1, content: EmptyByteBufBE)
GET /session/00196cd3d51a7394068eced16dfe2ac4/element/19dede43-f6b4-4d89-8558-5aa4e7cddfab/name HTTP/1.1
User-Agent: selenium/4.8.1 (java windows)
Cache-Control: no-cache
Content-Type: application/json; charset=utf-8
host: localhost:35271
accept: */*

Response DefaultHttpResponse(decodeResult: success, version: HTTP/1.1)
HTTP/1.1 200 OK
Content-Length: 17
Content-Type: application/json; charset=utf-8
cache-control: no-cache

19:54:59.128 [AsyncHttpClient-1-23] DEBUG org.asynchttpclient.netty.channel.ChannelManager - Adding key: http://localhost:35271 for channel [id: 0x29f45e3b, L:/127.0.0.1:56524 - R:localhost/127.0.0.1:35271]
19:54:59.130 [Forwarding isElementEnabled on session 00196cd3d51a7394068eced16dfe2ac4 to remote] DEBUG org.asynchttpclient.netty.request.NettyRequestSender - Using pooled Channel '[id: 0x29f45e3b, L:/127.0.0.1:56524 - R:localhost/127.0.0.1:35271]' for 'GET' to 'http://localhost:35271/session/00196cd3d51a7394068eced16dfe2ac4/element/19dede43-f6b4-4d89-8558-5aa4e7cddfab/enabled'
19:54:59.130 [Forwarding isElementEnabled on session 00196cd3d51a7394068eced16dfe2ac4 to remote] DEBUG org.asynchttpclient.netty.request.NettyRequestSender - Using open Channel [id: 0x29f45e3b, L:/127.0.0.1:56524 - R:localhost/127.0.0.1:35271] for GET '/session/00196cd3d51a7394068eced16dfe2ac4/element/19dede43-f6b4-4d89-8558-5aa4e7cddfab/enabled'
19:54:59.136 [AsyncHttpClient-1-23] DEBUG org.asynchttpclient.netty.handler.HttpHandler - 

Request DefaultFullHttpRequest(decodeResult: success, version: HTTP/1.1, content: EmptyByteBufBE)
GET /session/00196cd3d51a7394068eced16dfe2ac4/element/19dede43-f6b4-4d89-8558-5aa4e7cddfab/enabled HTTP/1.1
User-Agent: selenium/4.8.1 (java windows)
Cache-Control: no-cache
Content-Type: application/json; charset=utf-8
host: localhost:35271
accept: */*

Response DefaultHttpResponse(decodeResult: success, version: HTTP/1.1)
HTTP/1.1 200 OK
Content-Length: 14
Content-Type: application/json; charset=utf-8
cache-control: no-cache

19:54:59.136 [AsyncHttpClient-1-23] DEBUG org.asynchttpclient.netty.channel.ChannelManager - Adding key: http://localhost:35271 for channel [id: 0x29f45e3b, L:/127.0.0.1:56524 - R:localhost/127.0.0.1:35271]
19:54:59.138 [Forwarding isElementEnabled on session 00196cd3d51a7394068eced16dfe2ac4 to remote] DEBUG org.asynchttpclient.netty.request.NettyRequestSender - Using pooled Channel '[id: 0x29f45e3b, L:/127.0.0.1:56524 - R:localhost/127.0.0.1:35271]' for 'GET' to 'http://localhost:35271/session/00196cd3d51a7394068eced16dfe2ac4/element/19dede43-f6b4-4d89-8558-5aa4e7cddfab/enabled'
19:54:59.138 [Forwarding isElementEnabled on session 00196cd3d51a7394068eced16dfe2ac4 to remote] DEBUG org.asynchttpclient.netty.request.NettyRequestSender - Using open Channel [id: 0x29f45e3b, L:/127.0.0.1:56524 - R:localhost/127.0.0.1:35271] for GET '/session/00196cd3d51a7394068eced16dfe2ac4/element/19dede43-f6b4-4d89-8558-5aa4e7cddfab/enabled'
19:54:59.141 [AsyncHttpClient-1-23] DEBUG org.asynchttpclient.netty.handler.HttpHandler - 

Request DefaultFullHttpRequest(decodeResult: success, version: HTTP/1.1, content: EmptyByteBufBE)
GET /session/00196cd3d51a7394068eced16dfe2ac4/element/19dede43-f6b4-4d89-8558-5aa4e7cddfab/enabled HTTP/1.1
User-Agent: selenium/4.8.1 (java windows)
Cache-Control: no-cache
Content-Type: application/json; charset=utf-8
host: localhost:35271
accept: */*

Response DefaultHttpResponse(decodeResult: success, version: HTTP/1.1)
HTTP/1.1 200 OK
Content-Length: 14
Content-Type: application/json; charset=utf-8
cache-control: no-cache

19:54:59.141 [AsyncHttpClient-1-23] DEBUG org.asynchttpclient.netty.channel.ChannelManager - Adding key: http://localhost:35271 for channel [id: 0x29f45e3b, L:/127.0.0.1:56524 - R:localhost/127.0.0.1:35271]
19:54:59.143 [Forwarding findElement on session 00196cd3d51a7394068eced16dfe2ac4 to remote] DEBUG org.asynchttpclient.netty.request.NettyRequestSender - Using pooled Channel '[id: 0x29f45e3b, L:/127.0.0.1:56524 - R:localhost/127.0.0.1:35271]' for 'POST' to 'http://localhost:35271/session/00196cd3d51a7394068eced16dfe2ac4/element'
19:54:59.143 [Forwarding findElement on session 00196cd3d51a7394068eced16dfe2ac4 to remote] DEBUG org.asynchttpclient.netty.request.NettyRequestSender - Using open Channel [id: 0x29f45e3b, L:/127.0.0.1:56524 - R:localhost/127.0.0.1:35271] for POST '/session/00196cd3d51a7394068eced16dfe2ac4/element'
19:54:59.148 [AsyncHttpClient-1-23] DEBUG org.asynchttpclient.netty.handler.HttpHandler - 

Request DefaultHttpRequest(decodeResult: success, version: HTTP/1.1)
POST /session/00196cd3d51a7394068eced16dfe2ac4/element HTTP/1.1
User-Agent: selenium/4.8.1 (java windows)
Content-Length: 59
Content-Type: application/json; charset=utf-8
host: localhost:35271
accept: */*

Response DefaultHttpResponse(decodeResult: success, version: HTTP/1.1)
HTTP/1.1 200 OK
Content-Length: 88
Content-Type: application/json; charset=utf-8
cache-control: no-cache

19:54:59.148 [AsyncHttpClient-1-23] DEBUG org.asynchttpclient.netty.channel.ChannelManager - Adding key: http://localhost:35271 for channel [id: 0x29f45e3b, L:/127.0.0.1:56524 - R:localhost/127.0.0.1:35271]
19:54:59.148 [Forwarding clickElement on session 00196cd3d51a7394068eced16dfe2ac4 to remote] DEBUG org.asynchttpclient.netty.request.NettyRequestSender - Using pooled Channel '[id: 0x29f45e3b, L:/127.0.0.1:56524 - R:localhost/127.0.0.1:35271]' for 'POST' to 'http://localhost:35271/session/00196cd3d51a7394068eced16dfe2ac4/element/19dede43-f6b4-4d89-8558-5aa4e7cddfab/click'
19:54:59.148 [Forwarding clickElement on session 00196cd3d51a7394068eced16dfe2ac4 to remote] DEBUG org.asynchttpclient.netty.request.NettyRequestSender - Using open Channel [id: 0x29f45e3b, L:/127.0.0.1:56524 - R:localhost/127.0.0.1:35271] for POST '/session/00196cd3d51a7394068eced16dfe2ac4/element/19dede43-f6b4-4d89-8558-5aa4e7cddfab/click'
19:54:59.226 [AsyncHttpClient-1-23] DEBUG org.asynchttpclient.netty.handler.HttpHandler - 

Request DefaultHttpRequest(decodeResult: success, version: HTTP/1.1)
POST /session/00196cd3d51a7394068eced16dfe2ac4/element/19dede43-f6b4-4d89-8558-5aa4e7cddfab/click HTTP/1.1
User-Agent: selenium/4.8.1 (java windows)
Content-Length: 50
Content-Type: application/json; charset=utf-8
host: localhost:35271
accept: */*

Response DefaultHttpResponse(decodeResult: success, version: HTTP/1.1)
HTTP/1.1 200 OK
Content-Length: 14
Content-Type: application/json; charset=utf-8
cache-control: no-cache

19:54:59.226 [AsyncHttpClient-1-23] DEBUG org.asynchttpclient.netty.channel.ChannelManager - Adding key: http://localhost:35271 for channel [id: 0x29f45e3b, L:/127.0.0.1:56524 - R:localhost/127.0.0.1:35271]
19:54:59.230 [Forwarding getAlertText on session 00196cd3d51a7394068eced16dfe2ac4 to remote] DEBUG org.asynchttpclient.netty.request.NettyRequestSender - Using pooled Channel '[id: 0x29f45e3b, L:/127.0.0.1:56524 - R:localhost/127.0.0.1:35271]' for 'GET' to 'http://localhost:35271/session/00196cd3d51a7394068eced16dfe2ac4/alert/text'
19:54:59.230 [Forwarding getAlertText on session 00196cd3d51a7394068eced16dfe2ac4 to remote] DEBUG org.asynchttpclient.netty.request.NettyRequestSender - Using open Channel [id: 0x29f45e3b, L:/127.0.0.1:56524 - R:localhost/127.0.0.1:35271] for GET '/session/00196cd3d51a7394068eced16dfe2ac4/alert/text'
19:54:59.232 [AsyncHttpClient-1-23] DEBUG org.asynchttpclient.netty.handler.HttpHandler - 

Request DefaultFullHttpRequest(decodeResult: success, version: HTTP/1.1, content: EmptyByteBufBE)
GET /session/00196cd3d51a7394068eced16dfe2ac4/alert/text HTTP/1.1
User-Agent: selenium/4.8.1 (java windows)
Cache-Control: no-cache
Content-Type: application/json; charset=utf-8
host: localhost:35271
accept: */*

Response DefaultHttpResponse(decodeResult: success, version: HTTP/1.1)
HTTP/1.1 404 Not Found
Content-Length: 816
Content-Type: application/json; charset=utf-8
cache-control: no-cache

19:54:59.232 [AsyncHttpClient-1-23] DEBUG org.asynchttpclient.netty.channel.ChannelManager - Adding key: http://localhost:35271 for channel [id: 0x29f45e3b, L:/127.0.0.1:56524 - R:localhost/127.0.0.1:35271]
19:54:59.234 [Forwarding getCurrentUrl on session 00196cd3d51a7394068eced16dfe2ac4 to remote] DEBUG org.asynchttpclient.netty.request.NettyRequestSender - Using pooled Channel '[id: 0x29f45e3b, L:/127.0.0.1:56524 - R:localhost/127.0.0.1:35271]' for 'GET' to 'http://localhost:35271/session/00196cd3d51a7394068eced16dfe2ac4/url'
19:54:59.234 [Forwarding getCurrentUrl on session 00196cd3d51a7394068eced16dfe2ac4 to remote] DEBUG org.asynchttpclient.netty.request.NettyRequestSender - Using open Channel [id: 0x29f45e3b, L:/127.0.0.1:56524 - R:localhost/127.0.0.1:35271] for GET '/session/00196cd3d51a7394068eced16dfe2ac4/url'
19:54:59.237 [AsyncHttpClient-1-23] DEBUG org.asynchttpclient.netty.handler.HttpHandler - 

Request DefaultFullHttpRequest(decodeResult: success, version: HTTP/1.1, content: EmptyByteBufBE)
GET /session/00196cd3d51a7394068eced16dfe2ac4/url HTTP/1.1
User-Agent: selenium/4.8.1 (java windows)
Cache-Control: no-cache
Content-Type: application/json; charset=utf-8
host: localhost:35271
accept: */*

Response DefaultHttpResponse(decodeResult: success, version: HTTP/1.1)
HTTP/1.1 200 OK
Content-Length: 52
Content-Type: application/json; charset=utf-8
cache-control: no-cache

19:54:59.237 [AsyncHttpClient-1-23] DEBUG org.asynchttpclient.netty.channel.ChannelManager - Adding key: http://localhost:35271 for channel [id: 0x29f45e3b, L:/127.0.0.1:56524 - R:localhost/127.0.0.1:35271]
19:54:59.237 [Forwarding screenshot on session 00196cd3d51a7394068eced16dfe2ac4 to remote] DEBUG org.asynchttpclient.netty.request.NettyRequestSender - Using pooled Channel '[id: 0x29f45e3b, L:/127.0.0.1:56524 - R:localhost/127.0.0.1:35271]' for 'GET' to 'http://localhost:35271/session/00196cd3d51a7394068eced16dfe2ac4/screenshot'
19:54:59.237 [Forwarding screenshot on session 00196cd3d51a7394068eced16dfe2ac4 to remote] DEBUG org.asynchttpclient.netty.request.NettyRequestSender - Using open Channel [id: 0x29f45e3b, L:/127.0.0.1:56524 - R:localhost/127.0.0.1:35271] for GET '/session/00196cd3d51a7394068eced16dfe2ac4/screenshot'
19:54:59.378 [AsyncHttpClient-1-23] DEBUG org.asynchttpclient.netty.handler.HttpHandler - 

Request DefaultFullHttpRequest(decodeResult: success, version: HTTP/1.1, content: EmptyByteBufBE)
GET /session/00196cd3d51a7394068eced16dfe2ac4/screenshot HTTP/1.1
User-Agent: selenium/4.8.1 (java windows)
Cache-Control: no-cache
Content-Type: application/json; charset=utf-8
host: localhost:35271
accept: */*

Response DefaultHttpResponse(decodeResult: success, version: HTTP/1.1)
HTTP/1.1 200 OK
Content-Length: 285512
Content-Type: application/json; charset=utf-8
cache-control: no-cache

19:54:59.378 [AsyncHttpClient-1-23] DEBUG org.asynchttpclient.netty.channel.ChannelManager - Adding key: http://localhost:35271 for channel [id: 0x29f45e3b, L:/127.0.0.1:56524 - R:localhost/127.0.0.1:35271]
19:54:59.383 [main] DEBUG net.serenitybdd.core.photography.Darkroom - Send negative for processing for target\site\serenity\7614ee354bf590aa041e91fab36a6d543e78d0f13e6beff2e4ea75b68483773b.png
19:54:59.383 [main] DEBUG net.thucydides.core.steps.StepInterceptor - STEP DONE: clickButtonLogin
  &amp#27;[32mGiven &amp#27;[0m&amp#27;[32mI am a logged in user&amp#27;[0m                                                    &amp#27;[90m# starter.stepDefinitions.CartSteps.loginAsAUser()&amp#27;[0m
19:54:59.388 [Forwarding getPageSource on session 00196cd3d51a7394068eced16dfe2ac4 to remote] DEBUG org.asynchttpclient.netty.request.NettyRequestSender - Using pooled Channel '[id: 0x29f45e3b, L:/127.0.0.1:56524 - R:localhost/127.0.0.1:35271]' for 'POST' to 'http://localhost:35271/session/00196cd3d51a7394068eced16dfe2ac4/execute/sync'
19:54:59.388 [Forwarding getPageSource on session 00196cd3d51a7394068eced16dfe2ac4 to remote] DEBUG org.asynchttpclient.netty.request.NettyRequestSender - Using open Channel [id: 0x29f45e3b, L:/127.0.0.1:56524 - R:localhost/127.0.0.1:35271] for POST '/session/00196cd3d51a7394068eced16dfe2ac4/execute/sync'
19:54:59.393 [AsyncHttpClient-1-23] DEBUG org.asynchttpclient.netty.handler.HttpHandler - 

Request DefaultHttpRequest(decodeResult: success, version: HTTP/1.1)
POST /session/00196cd3d51a7394068eced16dfe2ac4/execute/sync HTTP/1.1
User-Agent: selenium/4.8.1 (java windows)
Content-Length: 176
Content-Type: application/json; charset=utf-8
host: localhost:35271
accept: */*

Response DefaultHttpResponse(decodeResult: success, version: HTTP/1.1)
HTTP/1.1 200 OK
Content-Length: 16329
Content-Type: application/json; charset=utf-8
cache-control: no-cache

19:54:59.393 [AsyncHttpClient-1-23] DEBUG org.asynchttpclient.netty.channel.ChannelManager - Adding key: http://localhost:35271 for channel [id: 0x29f45e3b, L:/127.0.0.1:56524 - R:localhost/127.0.0.1:35271]
19:54:59.395 [Forwarding getCurrentUrl on session 00196cd3d51a7394068eced16dfe2ac4 to remote] DEBUG org.asynchttpclient.netty.request.NettyRequestSender - Using pooled Channel '[id: 0x29f45e3b, L:/127.0.0.1:56524 - R:localhost/127.0.0.1:35271]' for 'GET' to 'http://localhost:35271/session/00196cd3d51a7394068eced16dfe2ac4/url'
19:54:59.395 [Forwarding getCurrentUrl on session 00196cd3d51a7394068eced16dfe2ac4 to remote] DEBUG org.asynchttpclient.netty.request.NettyRequestSender - Using open Channel [id: 0x29f45e3b, L:/127.0.0.1:56524 - R:localhost/127.0.0.1:35271] for GET '/session/00196cd3d51a7394068eced16dfe2ac4/url'
19:54:59.398 [AsyncHttpClient-1-23] DEBUG org.asynchttpclient.netty.handler.HttpHandler - 

Request DefaultFullHttpRequest(decodeResult: success, version: HTTP/1.1, content: EmptyByteBufBE)
GET /session/00196cd3d51a7394068eced16dfe2ac4/url HTTP/1.1
User-Agent: selenium/4.8.1 (java windows)
Cache-Control: no-cache
Content-Type: application/json; charset=utf-8
host: localhost:35271
accept: */*

Response DefaultHttpResponse(decodeResult: success, version: HTTP/1.1)
HTTP/1.1 200 OK
Content-Length: 52
Content-Type: application/json; charset=utf-8
cache-control: no-cache

19:54:59.398 [AsyncHttpClient-1-23] DEBUG org.asynchttpclient.netty.channel.ChannelManager - Adding key: http://localhost:35271 for channel [id: 0x29f45e3b, L:/127.0.0.1:56524 - R:localhost/127.0.0.1:35271]
19:54:59.403 [Forwarding getPageSource on session 00196cd3d51a7394068eced16dfe2ac4 to remote] DEBUG org.asynchttpclient.netty.request.NettyRequestSender - Using pooled Channel '[id: 0x29f45e3b, L:/127.0.0.1:56524 - R:localhost/127.0.0.1:35271]' for 'POST' to 'http://localhost:35271/session/00196cd3d51a7394068eced16dfe2ac4/execute/sync'
19:54:59.403 [Forwarding getPageSource on session 00196cd3d51a7394068eced16dfe2ac4 to remote] DEBUG org.asynchttpclient.netty.request.NettyRequestSender - Using open Channel [id: 0x29f45e3b, L:/127.0.0.1:56524 - R:localhost/127.0.0.1:35271] for POST '/session/00196cd3d51a7394068eced16dfe2ac4/execute/sync'
19:54:59.407 [AsyncHttpClient-1-23] DEBUG org.asynchttpclient.netty.handler.HttpHandler - 

Request DefaultHttpRequest(decodeResult: success, version: HTTP/1.1)
POST /session/00196cd3d51a7394068eced16dfe2ac4/execute/sync HTTP/1.1
User-Agent: selenium/4.8.1 (java windows)
Content-Length: 176
Content-Type: application/json; charset=utf-8
host: localhost:35271
accept: */*

Response DefaultHttpResponse(decodeResult: success, version: HTTP/1.1)
HTTP/1.1 200 OK
Content-Length: 16329
Content-Type: application/json; charset=utf-8
cache-control: no-cache

19:54:59.407 [AsyncHttpClient-1-23] DEBUG org.asynchttpclient.netty.channel.ChannelManager - Adding key: http://localhost:35271 for channel [id: 0x29f45e3b, L:/127.0.0.1:56524 - R:localhost/127.0.0.1:35271]
19:54:59.408 [Forwarding getCurrentUrl on session 00196cd3d51a7394068eced16dfe2ac4 to remote] DEBUG org.asynchttpclient.netty.request.NettyRequestSender - Using pooled Channel '[id: 0x29f45e3b, L:/127.0.0.1:56524 - R:localhost/127.0.0.1:35271]' for 'GET' to 'http://localhost:35271/session/00196cd3d51a7394068eced16dfe2ac4/url'
19:54:59.408 [Forwarding getCurrentUrl on session 00196cd3d51a7394068eced16dfe2ac4 to remote] DEBUG org.asynchttpclient.netty.request.NettyRequestSender - Using open Channel [id: 0x29f45e3b, L:/127.0.0.1:56524 - R:localhost/127.0.0.1:35271] for GET '/session/00196cd3d51a7394068eced16dfe2ac4/url'
19:54:59.410 [AsyncHttpClient-1-23] DEBUG org.asynchttpclient.netty.handler.HttpHandler - 

Request DefaultFullHttpRequest(decodeResult: success, version: HTTP/1.1, content: EmptyByteBufBE)
GET /session/00196cd3d51a7394068eced16dfe2ac4/url HTTP/1.1
User-Agent: selenium/4.8.1 (java windows)
Cache-Control: no-cache
Content-Type: application/json; charset=utf-8
host: localhost:35271
accept: */*

Response DefaultHttpResponse(decodeResult: success, version: HTTP/1.1)
HTTP/1.1 200 OK
Content-Length: 52
Content-Type: application/json; charset=utf-8
cache-control: no-cache

19:54:59.410 [AsyncHttpClient-1-23] DEBUG org.asynchttpclient.netty.channel.ChannelManager - Adding key: http://localhost:35271 for channel [id: 0x29f45e3b, L:/127.0.0.1:56524 - R:localhost/127.0.0.1:35271]
19:54:59.412 [main] DEBUG net.thucydides.core.steps.StepInterceptor - STARTING STEP: CartSteps.addProductToCart - clickProduct
19:54:59.416 [Forwarding findElement on session 00196cd3d51a7394068eced16dfe2ac4 to remote] DEBUG org.asynchttpclient.netty.request.NettyRequestSender - Using pooled Channel '[id: 0x29f45e3b, L:/127.0.0.1:56524 - R:localhost/127.0.0.1:35271]' for 'POST' to 'http://localhost:35271/session/00196cd3d51a7394068eced16dfe2ac4/element'
19:54:59.416 [Forwarding findElement on session 00196cd3d51a7394068eced16dfe2ac4 to remote] DEBUG org.asynchttpclient.netty.request.NettyRequestSender - Using open Channel [id: 0x29f45e3b, L:/127.0.0.1:56524 - R:localhost/127.0.0.1:35271] for POST '/session/00196cd3d51a7394068eced16dfe2ac4/element'
19:54:59.424 [AsyncHttpClient-1-23] DEBUG org.asynchttpclient.netty.handler.HttpHandler - 

Request DefaultHttpRequest(decodeResult: success, version: HTTP/1.1)
POST /session/00196cd3d51a7394068eced16dfe2ac4/element HTTP/1.1
User-Agent: selenium/4.8.1 (java windows)
Content-Length: 86
Content-Type: application/json; charset=utf-8
host: localhost:35271
accept: */*

Response DefaultHttpResponse(decodeResult: success, version: HTTP/1.1)
HTTP/1.1 200 OK
Content-Length: 88
Content-Type: application/json; charset=utf-8
cache-control: no-cache

19:54:59.424 [AsyncHttpClient-1-23] DEBUG org.asynchttpclient.netty.channel.ChannelManager - Adding key: http://localhost:35271 for channel [id: 0x29f45e3b, L:/127.0.0.1:56524 - R:localhost/127.0.0.1:35271]
19:54:59.425 [Forwarding getElementTagName on session 00196cd3d51a7394068eced16dfe2ac4 to remote] DEBUG org.asynchttpclient.netty.request.NettyRequestSender - Using pooled Channel '[id: 0x29f45e3b, L:/127.0.0.1:56524 - R:localhost/127.0.0.1:35271]' for 'GET' to 'http://localhost:35271/session/00196cd3d51a7394068eced16dfe2ac4/element/7b37cd76-5b46-4ce7-8a22-3597274d4578/name'
19:54:59.425 [Forwarding getElementTagName on session 00196cd3d51a7394068eced16dfe2ac4 to remote] DEBUG org.asynchttpclient.netty.request.NettyRequestSender - Using open Channel [id: 0x29f45e3b, L:/127.0.0.1:56524 - R:localhost/127.0.0.1:35271] for GET '/session/00196cd3d51a7394068eced16dfe2ac4/element/7b37cd76-5b46-4ce7-8a22-3597274d4578/name'
19:54:59.428 [AsyncHttpClient-1-23] DEBUG org.asynchttpclient.netty.handler.HttpHandler - 

Request DefaultFullHttpRequest(decodeResult: success, version: HTTP/1.1, content: EmptyByteBufBE)
GET /session/00196cd3d51a7394068eced16dfe2ac4/element/7b37cd76-5b46-4ce7-8a22-3597274d4578/name HTTP/1.1
User-Agent: selenium/4.8.1 (java windows)
Cache-Control: no-cache
Content-Type: application/json; charset=utf-8
host: localhost:35271
accept: */*

Response DefaultHttpResponse(decodeResult: success, version: HTTP/1.1)
HTTP/1.1 200 OK
Content-Length: 18
Content-Type: application/json; charset=utf-8
cache-control: no-cache

19:54:59.428 [AsyncHttpClient-1-23] DEBUG org.asynchttpclient.netty.channel.ChannelManager - Adding key: http://localhost:35271 for channel [id: 0x29f45e3b, L:/127.0.0.1:56524 - R:localhost/127.0.0.1:35271]
19:54:59.429 [Forwarding getElementTagName on session 00196cd3d51a7394068eced16dfe2ac4 to remote] DEBUG org.asynchttpclient.netty.request.NettyRequestSender - Using pooled Channel '[id: 0x29f45e3b, L:/127.0.0.1:56524 - R:localhost/127.0.0.1:35271]' for 'GET' to 'http://localhost:35271/session/00196cd3d51a7394068eced16dfe2ac4/element/7b37cd76-5b46-4ce7-8a22-3597274d4578/name'
19:54:59.429 [Forwarding getElementTagName on session 00196cd3d51a7394068eced16dfe2ac4 to remote] DEBUG org.asynchttpclient.netty.request.NettyRequestSender - Using open Channel [id: 0x29f45e3b, L:/127.0.0.1:56524 - R:localhost/127.0.0.1:35271] for GET '/session/00196cd3d51a7394068eced16dfe2ac4/element/7b37cd76-5b46-4ce7-8a22-3597274d4578/name'
19:54:59.431 [AsyncHttpClient-1-23] DEBUG org.asynchttpclient.netty.handler.HttpHandler - 

Request DefaultFullHttpRequest(decodeResult: success, version: HTTP/1.1, content: EmptyByteBufBE)
GET /session/00196cd3d51a7394068eced16dfe2ac4/element/7b37cd76-5b46-4ce7-8a22-3597274d4578/name HTTP/1.1
User-Agent: selenium/4.8.1 (java windows)
Cache-Control: no-cache
Content-Type: application/json; charset=utf-8
host: localhost:35271
accept: */*

Response DefaultHttpResponse(decodeResult: success, version: HTTP/1.1)
HTTP/1.1 200 OK
Content-Length: 18
Content-Type: application/json; charset=utf-8
cache-control: no-cache

19:54:59.431 [AsyncHttpClient-1-23] DEBUG org.asynchttpclient.netty.channel.ChannelManager - Adding key: http://localhost:35271 for channel [id: 0x29f45e3b, L:/127.0.0.1:56524 - R:localhost/127.0.0.1:35271]
19:54:59.432 [Forwarding isElementEnabled on session 00196cd3d51a7394068eced16dfe2ac4 to remote] DEBUG org.asynchttpclient.netty.request.NettyRequestSender - Using pooled Channel '[id: 0x29f45e3b, L:/127.0.0.1:56524 - R:localhost/127.0.0.1:35271]' for 'GET' to 'http://localhost:35271/session/00196cd3d51a7394068eced16dfe2ac4/element/7b37cd76-5b46-4ce7-8a22-3597274d4578/enabled'
19:54:59.432 [Forwarding isElementEnabled on session 00196cd3d51a7394068eced16dfe2ac4 to remote] DEBUG org.asynchttpclient.netty.request.NettyRequestSender - Using open Channel [id: 0x29f45e3b, L:/127.0.0.1:56524 - R:localhost/127.0.0.1:35271] for GET '/session/00196cd3d51a7394068eced16dfe2ac4/element/7b37cd76-5b46-4ce7-8a22-3597274d4578/enabled'
19:54:59.438 [AsyncHttpClient-1-23] DEBUG org.asynchttpclient.netty.handler.HttpHandler - 

Request DefaultFullHttpRequest(decodeResult: success, version: HTTP/1.1, content: EmptyByteBufBE)
GET /session/00196cd3d51a7394068eced16dfe2ac4/element/7b37cd76-5b46-4ce7-8a22-3597274d4578/enabled HTTP/1.1
User-Agent: selenium/4.8.1 (java windows)
Cache-Control: no-cache
Content-Type: application/json; charset=utf-8
host: localhost:35271
accept: */*

Response DefaultHttpResponse(decodeResult: success, version: HTTP/1.1)
HTTP/1.1 200 OK
Content-Length: 14
Content-Type: application/json; charset=utf-8
cache-control: no-cache

19:54:59.438 [AsyncHttpClient-1-23] DEBUG org.asynchttpclient.netty.channel.ChannelManager - Adding key: http://localhost:35271 for channel [id: 0x29f45e3b, L:/127.0.0.1:56524 - R:localhost/127.0.0.1:35271]
19:54:59.439 [Forwarding isElementEnabled on session 00196cd3d51a7394068eced16dfe2ac4 to remote] DEBUG org.asynchttpclient.netty.request.NettyRequestSender - Using pooled Channel '[id: 0x29f45e3b, L:/127.0.0.1:56524 - R:localhost/127.0.0.1:35271]' for 'GET' to 'http://localhost:35271/session/00196cd3d51a7394068eced16dfe2ac4/element/7b37cd76-5b46-4ce7-8a22-3597274d4578/enabled'
19:54:59.439 [Forwarding isElementEnabled on session 00196cd3d51a7394068eced16dfe2ac4 to remote] DEBUG org.asynchttpclient.netty.request.NettyRequestSender - Using open Channel [id: 0x29f45e3b, L:/127.0.0.1:56524 - R:localhost/127.0.0.1:35271] for GET '/session/00196cd3d51a7394068eced16dfe2ac4/element/7b37cd76-5b46-4ce7-8a22-3597274d4578/enabled'
19:54:59.442 [AsyncHttpClient-1-23] DEBUG org.asynchttpclient.netty.handler.HttpHandler - 

Request DefaultFullHttpRequest(decodeResult: success, version: HTTP/1.1, content: EmptyByteBufBE)
GET /session/00196cd3d51a7394068eced16dfe2ac4/element/7b37cd76-5b46-4ce7-8a22-3597274d4578/enabled HTTP/1.1
User-Agent: selenium/4.8.1 (java windows)
Cache-Control: no-cache
Content-Type: application/json; charset=utf-8
host: localhost:35271
accept: */*

Response DefaultHttpResponse(decodeResult: success, version: HTTP/1.1)
HTTP/1.1 200 OK
Content-Length: 14
Content-Type: application/json; charset=utf-8
cache-control: no-cache

19:54:59.442 [AsyncHttpClient-1-23] DEBUG org.asynchttpclient.netty.channel.ChannelManager - Adding key: http://localhost:35271 for channel [id: 0x29f45e3b, L:/127.0.0.1:56524 - R:localhost/127.0.0.1:35271]
19:54:59.443 [Forwarding findElement on session 00196cd3d51a7394068eced16dfe2ac4 to remote] DEBUG org.asynchttpclient.netty.request.NettyRequestSender - Using pooled Channel '[id: 0x29f45e3b, L:/127.0.0.1:56524 - R:localhost/127.0.0.1:35271]' for 'POST' to 'http://localhost:35271/session/00196cd3d51a7394068eced16dfe2ac4/element'
19:54:59.443 [Forwarding findElement on session 00196cd3d51a7394068eced16dfe2ac4 to remote] DEBUG org.asynchttpclient.netty.request.NettyRequestSender - Using open Channel [id: 0x29f45e3b, L:/127.0.0.1:56524 - R:localhost/127.0.0.1:35271] for POST '/session/00196cd3d51a7394068eced16dfe2ac4/element'
19:54:59.448 [AsyncHttpClient-1-23] DEBUG org.asynchttpclient.netty.handler.HttpHandler - 

Request DefaultHttpRequest(decodeResult: success, version: HTTP/1.1)
POST /session/00196cd3d51a7394068eced16dfe2ac4/element HTTP/1.1
User-Agent: selenium/4.8.1 (java windows)
Content-Length: 86
Content-Type: application/json; charset=utf-8
host: localhost:35271
accept: */*

Response DefaultHttpResponse(decodeResult: success, version: HTTP/1.1)
HTTP/1.1 200 OK
Content-Length: 88
Content-Type: application/json; charset=utf-8
cache-control: no-cache

19:54:59.448 [AsyncHttpClient-1-23] DEBUG org.asynchttpclient.netty.channel.ChannelManager - Adding key: http://localhost:35271 for channel [id: 0x29f45e3b, L:/127.0.0.1:56524 - R:localhost/127.0.0.1:35271]
19:54:59.448 [Forwarding clickElement on session 00196cd3d51a7394068eced16dfe2ac4 to remote] DEBUG org.asynchttpclient.netty.request.NettyRequestSender - Using pooled Channel '[id: 0x29f45e3b, L:/127.0.0.1:56524 - R:localhost/127.0.0.1:35271]' for 'POST' to 'http://localhost:35271/session/00196cd3d51a7394068eced16dfe2ac4/element/7b37cd76-5b46-4ce7-8a22-3597274d4578/click'
19:54:59.448 [Forwarding clickElement on session 00196cd3d51a7394068eced16dfe2ac4 to remote] DEBUG org.asynchttpclient.netty.request.NettyRequestSender - Using open Channel [id: 0x29f45e3b, L:/127.0.0.1:56524 - R:localhost/127.0.0.1:35271] for POST '/session/00196cd3d51a7394068eced16dfe2ac4/element/7b37cd76-5b46-4ce7-8a22-3597274d4578/click'
19:54:59.474 [AsyncHttpClient-1-23] DEBUG org.asynchttpclient.netty.handler.HttpHandler - 

Request DefaultHttpRequest(decodeResult: success, version: HTTP/1.1)
POST /session/00196cd3d51a7394068eced16dfe2ac4/element/7b37cd76-5b46-4ce7-8a22-3597274d4578/click HTTP/1.1
User-Agent: selenium/4.8.1 (java windows)
Content-Length: 50
Content-Type: application/json; charset=utf-8
host: localhost:35271
accept: */*

Response DefaultHttpResponse(decodeResult: success, version: HTTP/1.1)
HTTP/1.1 200 OK
Content-Length: 14
Content-Type: application/json; charset=utf-8
cache-control: no-cache

19:54:59.474 [AsyncHttpClient-1-23] DEBUG org.asynchttpclient.netty.channel.ChannelManager - Adding key: http://localhost:35271 for channel [id: 0x29f45e3b, L:/127.0.0.1:56524 - R:localhost/127.0.0.1:35271]
19:54:59.477 [Forwarding getAlertText on session 00196cd3d51a7394068eced16dfe2ac4 to remote] DEBUG org.asynchttpclient.netty.request.NettyRequestSender - Using pooled Channel '[id: 0x29f45e3b, L:/127.0.0.1:56524 - R:localhost/127.0.0.1:35271]' for 'GET' to 'http://localhost:35271/session/00196cd3d51a7394068eced16dfe2ac4/alert/text'
19:54:59.477 [Forwarding getAlertText on session 00196cd3d51a7394068eced16dfe2ac4 to remote] DEBUG org.asynchttpclient.netty.request.NettyRequestSender - Using open Channel [id: 0x29f45e3b, L:/127.0.0.1:56524 - R:localhost/127.0.0.1:35271] for GET '/session/00196cd3d51a7394068eced16dfe2ac4/alert/text'
19:54:59.479 [AsyncHttpClient-1-23] DEBUG org.asynchttpclient.netty.handler.HttpHandler - 

Request DefaultFullHttpRequest(decodeResult: success, version: HTTP/1.1, content: EmptyByteBufBE)
GET /session/00196cd3d51a7394068eced16dfe2ac4/alert/text HTTP/1.1
User-Agent: selenium/4.8.1 (java windows)
Cache-Control: no-cache
Content-Type: application/json; charset=utf-8
host: localhost:35271
accept: */*

Response DefaultHttpResponse(decodeResult: success, version: HTTP/1.1)
HTTP/1.1 404 Not Found
Content-Length: 816
Content-Type: application/json; charset=utf-8
cache-control: no-cache

19:54:59.479 [AsyncHttpClient-1-23] DEBUG org.asynchttpclient.netty.channel.ChannelManager - Adding key: http://localhost:35271 for channel [id: 0x29f45e3b, L:/127.0.0.1:56524 - R:localhost/127.0.0.1:35271]
19:54:59.479 [Forwarding getCurrentUrl on session 00196cd3d51a7394068eced16dfe2ac4 to remote] DEBUG org.asynchttpclient.netty.request.NettyRequestSender - Using pooled Channel '[id: 0x29f45e3b, L:/127.0.0.1:56524 - R:localhost/127.0.0.1:35271]' for 'GET' to 'http://localhost:35271/session/00196cd3d51a7394068eced16dfe2ac4/url'
19:54:59.479 [Forwarding getCurrentUrl on session 00196cd3d51a7394068eced16dfe2ac4 to remote] DEBUG org.asynchttpclient.netty.request.NettyRequestSender - Using open Channel [id: 0x29f45e3b, L:/127.0.0.1:56524 - R:localhost/127.0.0.1:35271] for GET '/session/00196cd3d51a7394068eced16dfe2ac4/url'
19:54:59.482 [AsyncHttpClient-1-23] DEBUG org.asynchttpclient.netty.handler.HttpHandler - 

Request DefaultFullHttpRequest(decodeResult: success, version: HTTP/1.1, content: EmptyByteBufBE)
GET /session/00196cd3d51a7394068eced16dfe2ac4/url HTTP/1.1
User-Agent: selenium/4.8.1 (java windows)
Cache-Control: no-cache
Content-Type: application/json; charset=utf-8
host: localhost:35271
accept: */*

Response DefaultHttpResponse(decodeResult: success, version: HTTP/1.1)
HTTP/1.1 200 OK
Content-Length: 52
Content-Type: application/json; charset=utf-8
cache-control: no-cache

19:54:59.482 [AsyncHttpClient-1-23] DEBUG org.asynchttpclient.netty.channel.ChannelManager - Adding key: http://localhost:35271 for channel [id: 0x29f45e3b, L:/127.0.0.1:56524 - R:localhost/127.0.0.1:35271]
19:54:59.482 [Forwarding screenshot on session 00196cd3d51a7394068eced16dfe2ac4 to remote] DEBUG org.asynchttpclient.netty.request.NettyRequestSender - Using pooled Channel '[id: 0x29f45e3b, L:/127.0.0.1:56524 - R:localhost/127.0.0.1:35271]' for 'GET' to 'http://localhost:35271/session/00196cd3d51a7394068eced16dfe2ac4/screenshot'
19:54:59.483 [Forwarding screenshot on session 00196cd3d51a7394068eced16dfe2ac4 to remote] DEBUG org.asynchttpclient.netty.request.NettyRequestSender - Using open Channel [id: 0x29f45e3b, L:/127.0.0.1:56524 - R:localhost/127.0.0.1:35271] for GET '/session/00196cd3d51a7394068eced16dfe2ac4/screenshot'
19:54:59.622 [AsyncHttpClient-1-23] DEBUG org.asynchttpclient.netty.handler.HttpHandler - 

Request DefaultFullHttpRequest(decodeResult: success, version: HTTP/1.1, content: EmptyByteBufBE)
GET /session/00196cd3d51a7394068eced16dfe2ac4/screenshot HTTP/1.1
User-Agent: selenium/4.8.1 (java windows)
Cache-Control: no-cache
Content-Type: application/json; charset=utf-8
host: localhost:35271
accept: */*

Response DefaultHttpResponse(decodeResult: success, version: HTTP/1.1)
HTTP/1.1 200 OK
Content-Length: 285344
Content-Type: application/json; charset=utf-8
cache-control: no-cache

19:54:59.623 [AsyncHttpClient-1-23] DEBUG org.asynchttpclient.netty.channel.ChannelManager - Adding key: http://localhost:35271 for channel [id: 0x29f45e3b, L:/127.0.0.1:56524 - R:localhost/127.0.0.1:35271]
19:54:59.627 [main] DEBUG net.serenitybdd.core.photography.Darkroom - Send negative for processing for target\site\serenity\73dda022ab40d2ce80101133b336a5e08501d0450c16f118aec0b1fd0fe01db0.png
19:54:59.627 [main] DEBUG net.thucydides.core.steps.StepInterceptor - STEP DONE: clickProduct
  &amp#27;[32mWhen &amp#27;[0m&amp#27;[32mI add a product &amp#27;[0m&amp#27;[32m&amp#27;[1m"sauce-labs-backpack"&amp#27;[0m&amp#27;[32m to the cart from homepage&amp#27;[0m           &amp#27;[90m# starter.stepDefinitions.CartSteps.addProductToCart(java.lang.String)&amp#27;[0m
19:54:59.627 [Darkroom Processing Line] DEBUG net.serenitybdd.core.photography.DarkroomProcessingLine - Processing screenshot image in /var/screenshots/screenshot-15814161565010535295
19:54:59.627 [Darkroom Processing Line] DEBUG net.serenitybdd.core.photography.DarkroomProcessingLine - Saving screenshot to target\site\serenity\73dda022ab40d2ce80101133b336a5e08501d0450c16f118aec0b1fd0fe01db0.png
19:54:59.634 [Forwarding getPageSource on session 00196cd3d51a7394068eced16dfe2ac4 to remote] DEBUG org.asynchttpclient.netty.request.NettyRequestSender - Using pooled Channel '[id: 0x29f45e3b, L:/127.0.0.1:56524 - R:localhost/127.0.0.1:35271]' for 'POST' to 'http://localhost:35271/session/00196cd3d51a7394068eced16dfe2ac4/execute/sync'
19:54:59.634 [Forwarding getPageSource on session 00196cd3d51a7394068eced16dfe2ac4 to remote] DEBUG org.asynchttpclient.netty.request.NettyRequestSender - Using open Channel [id: 0x29f45e3b, L:/127.0.0.1:56524 - R:localhost/127.0.0.1:35271] for POST '/session/00196cd3d51a7394068eced16dfe2ac4/execute/sync'
19:54:59.638 [AsyncHttpClient-1-23] DEBUG org.asynchttpclient.netty.handler.HttpHandler - 

Request DefaultHttpRequest(decodeResult: success, version: HTTP/1.1)
POST /session/00196cd3d51a7394068eced16dfe2ac4/execute/sync HTTP/1.1
User-Agent: selenium/4.8.1 (java windows)
Content-Length: 176
Content-Type: application/json; charset=utf-8
host: localhost:35271
accept: */*

Response DefaultHttpResponse(decodeResult: success, version: HTTP/1.1)
HTTP/1.1 200 OK
Content-Length: 16365
Content-Type: application/json; charset=utf-8
cache-control: no-cache

19:54:59.638 [AsyncHttpClient-1-23] DEBUG org.asynchttpclient.netty.channel.ChannelManager - Adding key: http://localhost:35271 for channel [id: 0x29f45e3b, L:/127.0.0.1:56524 - R:localhost/127.0.0.1:35271]
19:54:59.640 [Forwarding getCurrentUrl on session 00196cd3d51a7394068eced16dfe2ac4 to remote] DEBUG org.asynchttpclient.netty.request.NettyRequestSender - Using pooled Channel '[id: 0x29f45e3b, L:/127.0.0.1:56524 - R:localhost/127.0.0.1:35271]' for 'GET' to 'http://localhost:35271/session/00196cd3d51a7394068eced16dfe2ac4/url'
19:54:59.640 [Forwarding getCurrentUrl on session 00196cd3d51a7394068eced16dfe2ac4 to remote] DEBUG org.asynchttpclient.netty.request.NettyRequestSender - Using open Channel [id: 0x29f45e3b, L:/127.0.0.1:56524 - R:localhost/127.0.0.1:35271] for GET '/session/00196cd3d51a7394068eced16dfe2ac4/url'
19:54:59.642 [AsyncHttpClient-1-23] DEBUG org.asynchttpclient.netty.handler.HttpHandler - 

Request DefaultFullHttpRequest(decodeResult: success, version: HTTP/1.1, content: EmptyByteBufBE)
GET /session/00196cd3d51a7394068eced16dfe2ac4/url HTTP/1.1
User-Agent: selenium/4.8.1 (java windows)
Cache-Control: no-cache
Content-Type: application/json; charset=utf-8
host: localhost:35271
accept: */*

Response DefaultHttpResponse(decodeResult: success, version: HTTP/1.1)
HTTP/1.1 200 OK
Content-Length: 52
Content-Type: application/json; charset=utf-8
cache-control: no-cache

19:54:59.642 [AsyncHttpClient-1-23] DEBUG org.asynchttpclient.netty.channel.ChannelManager - Adding key: http://localhost:35271 for channel [id: 0x29f45e3b, L:/127.0.0.1:56524 - R:localhost/127.0.0.1:35271]
19:54:59.649 [Forwarding getPageSource on session 00196cd3d51a7394068eced16dfe2ac4 to remote] DEBUG org.asynchttpclient.netty.request.NettyRequestSender - Using pooled Channel '[id: 0x29f45e3b, L:/127.0.0.1:56524 - R:localhost/127.0.0.1:35271]' for 'POST' to 'http://localhost:35271/session/00196cd3d51a7394068eced16dfe2ac4/execute/sync'
19:54:59.649 [Forwarding getPageSource on session 00196cd3d51a7394068eced16dfe2ac4 to remote] DEBUG org.asynchttpclient.netty.request.NettyRequestSender - Using open Channel [id: 0x29f45e3b, L:/127.0.0.1:56524 - R:localhost/127.0.0.1:35271] for POST '/session/00196cd3d51a7394068eced16dfe2ac4/execute/sync'
19:54:59.653 [AsyncHttpClient-1-23] DEBUG org.asynchttpclient.netty.handler.HttpHandler - 

Request DefaultHttpRequest(decodeResult: success, version: HTTP/1.1)
POST /session/00196cd3d51a7394068eced16dfe2ac4/execute/sync HTTP/1.1
User-Agent: selenium/4.8.1 (java windows)
Content-Length: 176
Content-Type: application/json; charset=utf-8
host: localhost:35271
accept: */*

Response DefaultHttpResponse(decodeResult: success, version: HTTP/1.1)
HTTP/1.1 200 OK
Content-Length: 16365
Content-Type: application/json; charset=utf-8
cache-control: no-cache

19:54:59.653 [AsyncHttpClient-1-23] DEBUG org.asynchttpclient.netty.channel.ChannelManager - Adding key: http://localhost:35271 for channel [id: 0x29f45e3b, L:/127.0.0.1:56524 - R:localhost/127.0.0.1:35271]
19:54:59.655 [Forwarding getCurrentUrl on session 00196cd3d51a7394068eced16dfe2ac4 to remote] DEBUG org.asynchttpclient.netty.request.NettyRequestSender - Using pooled Channel '[id: 0x29f45e3b, L:/127.0.0.1:56524 - R:localhost/127.0.0.1:35271]' for 'GET' to 'http://localhost:35271/session/00196cd3d51a7394068eced16dfe2ac4/url'
19:54:59.655 [Forwarding getCurrentUrl on session 00196cd3d51a7394068eced16dfe2ac4 to remote] DEBUG org.asynchttpclient.netty.request.NettyRequestSender - Using open Channel [id: 0x29f45e3b, L:/127.0.0.1:56524 - R:localhost/127.0.0.1:35271] for GET '/session/00196cd3d51a7394068eced16dfe2ac4/url'
19:54:59.657 [AsyncHttpClient-1-23] DEBUG org.asynchttpclient.netty.handler.HttpHandler - 

Request DefaultFullHttpRequest(decodeResult: success, version: HTTP/1.1, content: EmptyByteBufBE)
GET /session/00196cd3d51a7394068eced16dfe2ac4/url HTTP/1.1
User-Agent: selenium/4.8.1 (java windows)
Cache-Control: no-cache
Content-Type: application/json; charset=utf-8
host: localhost:35271
accept: */*

Response DefaultHttpResponse(decodeResult: success, version: HTTP/1.1)
HTTP/1.1 200 OK
Content-Length: 52
Content-Type: application/json; charset=utf-8
cache-control: no-cache

19:54:59.657 [AsyncHttpClient-1-23] DEBUG org.asynchttpclient.netty.channel.ChannelManager - Adding key: http://localhost:35271 for channel [id: 0x29f45e3b, L:/127.0.0.1:56524 - R:localhost/127.0.0.1:35271]
19:54:59.658 [main] DEBUG net.thucydides.core.steps.StepInterceptor - STARTING STEP: CartSteps.openCartPage - clickCartButton
19:54:59.660 [Forwarding findElement on session 00196cd3d51a7394068eced16dfe2ac4 to remote] DEBUG org.asynchttpclient.netty.request.NettyRequestSender - Using pooled Channel '[id: 0x29f45e3b, L:/127.0.0.1:56524 - R:localhost/127.0.0.1:35271]' for 'POST' to 'http://localhost:35271/session/00196cd3d51a7394068eced16dfe2ac4/element'
19:54:59.660 [Forwarding findElement on session 00196cd3d51a7394068eced16dfe2ac4 to remote] DEBUG org.asynchttpclient.netty.request.NettyRequestSender - Using open Channel [id: 0x29f45e3b, L:/127.0.0.1:56524 - R:localhost/127.0.0.1:35271] for POST '/session/00196cd3d51a7394068eced16dfe2ac4/element'
19:54:59.667 [AsyncHttpClient-1-23] DEBUG org.asynchttpclient.netty.handler.HttpHandler - 

Request DefaultHttpRequest(decodeResult: success, version: HTTP/1.1)
POST /session/00196cd3d51a7394068eced16dfe2ac4/element HTTP/1.1
User-Agent: selenium/4.8.1 (java windows)
Content-Length: 63
Content-Type: application/json; charset=utf-8
host: localhost:35271
accept: */*

Response DefaultHttpResponse(decodeResult: success, version: HTTP/1.1)
HTTP/1.1 200 OK
Content-Length: 88
Content-Type: application/json; charset=utf-8
cache-control: no-cache

19:54:59.667 [AsyncHttpClient-1-23] DEBUG org.asynchttpclient.netty.channel.ChannelManager - Adding key: http://localhost:35271 for channel [id: 0x29f45e3b, L:/127.0.0.1:56524 - R:localhost/127.0.0.1:35271]
19:54:59.668 [Forwarding getElementTagName on session 00196cd3d51a7394068eced16dfe2ac4 to remote] DEBUG org.asynchttpclient.netty.request.NettyRequestSender - Using pooled Channel '[id: 0x29f45e3b, L:/127.0.0.1:56524 - R:localhost/127.0.0.1:35271]' for 'GET' to 'http://localhost:35271/session/00196cd3d51a7394068eced16dfe2ac4/element/2f4f9ff1-9849-4f5d-9201-316a21c295d6/name'
19:54:59.668 [Forwarding getElementTagName on session 00196cd3d51a7394068eced16dfe2ac4 to remote] DEBUG org.asynchttpclient.netty.request.NettyRequestSender - Using open Channel [id: 0x29f45e3b, L:/127.0.0.1:56524 - R:localhost/127.0.0.1:35271] for GET '/session/00196cd3d51a7394068eced16dfe2ac4/element/2f4f9ff1-9849-4f5d-9201-316a21c295d6/name'
19:54:59.670 [AsyncHttpClient-1-23] DEBUG org.asynchttpclient.netty.handler.HttpHandler - 

Request DefaultFullHttpRequest(decodeResult: success, version: HTTP/1.1, content: EmptyByteBufBE)
GET /session/00196cd3d51a7394068eced16dfe2ac4/element/2f4f9ff1-9849-4f5d-9201-316a21c295d6/name HTTP/1.1
User-Agent: selenium/4.8.1 (java windows)
Cache-Control: no-cache
Content-Type: application/json; charset=utf-8
host: localhost:35271
accept: */*

Response DefaultHttpResponse(decodeResult: success, version: HTTP/1.1)
HTTP/1.1 200 OK
Content-Length: 13
Content-Type: application/json; charset=utf-8
cache-control: no-cache

19:54:59.670 [AsyncHttpClient-1-23] DEBUG org.asynchttpclient.netty.channel.ChannelManager - Adding key: http://localhost:35271 for channel [id: 0x29f45e3b, L:/127.0.0.1:56524 - R:localhost/127.0.0.1:35271]
19:54:59.671 [Forwarding getElementTagName on session 00196cd3d51a7394068eced16dfe2ac4 to remote] DEBUG org.asynchttpclient.netty.request.NettyRequestSender - Using pooled Channel '[id: 0x29f45e3b, L:/127.0.0.1:56524 - R:localhost/127.0.0.1:35271]' for 'GET' to 'http://localhost:35271/session/00196cd3d51a7394068eced16dfe2ac4/element/2f4f9ff1-9849-4f5d-9201-316a21c295d6/name'
19:54:59.671 [Forwarding getElementTagName on session 00196cd3d51a7394068eced16dfe2ac4 to remote] DEBUG org.asynchttpclient.netty.request.NettyRequestSender - Using open Channel [id: 0x29f45e3b, L:/127.0.0.1:56524 - R:localhost/127.0.0.1:35271] for GET '/session/00196cd3d51a7394068eced16dfe2ac4/element/2f4f9ff1-9849-4f5d-9201-316a21c295d6/name'
19:54:59.672 [AsyncHttpClient-1-23] DEBUG org.asynchttpclient.netty.handler.HttpHandler - 

Request DefaultFullHttpRequest(decodeResult: success, version: HTTP/1.1, content: EmptyByteBufBE)
GET /session/00196cd3d51a7394068eced16dfe2ac4/element/2f4f9ff1-9849-4f5d-9201-316a21c295d6/name HTTP/1.1
User-Agent: selenium/4.8.1 (java windows)
Cache-Control: no-cache
Content-Type: application/json; charset=utf-8
host: localhost:35271
accept: */*

Response DefaultHttpResponse(decodeResult: success, version: HTTP/1.1)
HTTP/1.1 200 OK
Content-Length: 13
Content-Type: application/json; charset=utf-8
cache-control: no-cache

19:54:59.672 [AsyncHttpClient-1-23] DEBUG org.asynchttpclient.netty.channel.ChannelManager - Adding key: http://localhost:35271 for channel [id: 0x29f45e3b, L:/127.0.0.1:56524 - R:localhost/127.0.0.1:35271]
19:54:59.673 [Forwarding findElement on session 00196cd3d51a7394068eced16dfe2ac4 to remote] DEBUG org.asynchttpclient.netty.request.NettyRequestSender - Using pooled Channel '[id: 0x29f45e3b, L:/127.0.0.1:56524 - R:localhost/127.0.0.1:35271]' for 'POST' to 'http://localhost:35271/session/00196cd3d51a7394068eced16dfe2ac4/element'
19:54:59.673 [Forwarding findElement on session 00196cd3d51a7394068eced16dfe2ac4 to remote] DEBUG org.asynchttpclient.netty.request.NettyRequestSender - Using open Channel [id: 0x29f45e3b, L:/127.0.0.1:56524 - R:localhost/127.0.0.1:35271] for POST '/session/00196cd3d51a7394068eced16dfe2ac4/element'
19:54:59.677 [AsyncHttpClient-1-23] DEBUG org.asynchttpclient.netty.handler.HttpHandler - 

Request DefaultHttpRequest(decodeResult: success, version: HTTP/1.1)
POST /session/00196cd3d51a7394068eced16dfe2ac4/element HTTP/1.1
User-Agent: selenium/4.8.1 (java windows)
Content-Length: 63
Content-Type: application/json; charset=utf-8
host: localhost:35271
accept: */*

Response DefaultHttpResponse(decodeResult: success, version: HTTP/1.1)
HTTP/1.1 200 OK
Content-Length: 88
Content-Type: application/json; charset=utf-8
cache-control: no-cache

19:54:59.677 [AsyncHttpClient-1-23] DEBUG org.asynchttpclient.netty.channel.ChannelManager - Adding key: http://localhost:35271 for channel [id: 0x29f45e3b, L:/127.0.0.1:56524 - R:localhost/127.0.0.1:35271]
19:54:59.677 [Forwarding clickElement on session 00196cd3d51a7394068eced16dfe2ac4 to remote] DEBUG org.asynchttpclient.netty.request.NettyRequestSender - Using pooled Channel '[id: 0x29f45e3b, L:/127.0.0.1:56524 - R:localhost/127.0.0.1:35271]' for 'POST' to 'http://localhost:35271/session/00196cd3d51a7394068eced16dfe2ac4/element/2f4f9ff1-9849-4f5d-9201-316a21c295d6/click'
19:54:59.677 [Forwarding clickElement on session 00196cd3d51a7394068eced16dfe2ac4 to remote] DEBUG org.asynchttpclient.netty.request.NettyRequestSender - Using open Channel [id: 0x29f45e3b, L:/127.0.0.1:56524 - R:localhost/127.0.0.1:35271] for POST '/session/00196cd3d51a7394068eced16dfe2ac4/element/2f4f9ff1-9849-4f5d-9201-316a21c295d6/click'
19:54:59.709 [AsyncHttpClient-1-23] DEBUG org.asynchttpclient.netty.handler.HttpHandler - 

Request DefaultHttpRequest(decodeResult: success, version: HTTP/1.1)
POST /session/00196cd3d51a7394068eced16dfe2ac4/element/2f4f9ff1-9849-4f5d-9201-316a21c295d6/click HTTP/1.1
User-Agent: selenium/4.8.1 (java windows)
Content-Length: 50
Content-Type: application/json; charset=utf-8
host: localhost:35271
accept: */*

Response DefaultHttpResponse(decodeResult: success, version: HTTP/1.1)
HTTP/1.1 200 OK
Content-Length: 14
Content-Type: application/json; charset=utf-8
cache-control: no-cache

19:54:59.709 [AsyncHttpClient-1-23] DEBUG org.asynchttpclient.netty.channel.ChannelManager - Adding key: http://localhost:35271 for channel [id: 0x29f45e3b, L:/127.0.0.1:56524 - R:localhost/127.0.0.1:35271]
19:54:59.715 [Forwarding getAlertText on session 00196cd3d51a7394068eced16dfe2ac4 to remote] DEBUG org.asynchttpclient.netty.request.NettyRequestSender - Using pooled Channel '[id: 0x29f45e3b, L:/127.0.0.1:56524 - R:localhost/127.0.0.1:35271]' for 'GET' to 'http://localhost:35271/session/00196cd3d51a7394068eced16dfe2ac4/alert/text'
19:54:59.715 [Forwarding getAlertText on session 00196cd3d51a7394068eced16dfe2ac4 to remote] DEBUG org.asynchttpclient.netty.request.NettyRequestSender - Using open Channel [id: 0x29f45e3b, L:/127.0.0.1:56524 - R:localhost/127.0.0.1:35271] for GET '/session/00196cd3d51a7394068eced16dfe2ac4/alert/text'
19:54:59.716 [AsyncHttpClient-1-23] DEBUG org.asynchttpclient.netty.handler.HttpHandler - 

Request DefaultFullHttpRequest(decodeResult: success, version: HTTP/1.1, content: EmptyByteBufBE)
GET /session/00196cd3d51a7394068eced16dfe2ac4/alert/text HTTP/1.1
User-Agent: selenium/4.8.1 (java windows)
Cache-Control: no-cache
Content-Type: application/json; charset=utf-8
host: localhost:35271
accept: */*

Response DefaultHttpResponse(decodeResult: success, version: HTTP/1.1)
HTTP/1.1 404 Not Found
Content-Length: 816
Content-Type: application/json; charset=utf-8
cache-control: no-cache

19:54:59.716 [AsyncHttpClient-1-23] DEBUG org.asynchttpclient.netty.channel.ChannelManager - Adding key: http://localhost:35271 for channel [id: 0x29f45e3b, L:/127.0.0.1:56524 - R:localhost/127.0.0.1:35271]
19:54:59.717 [Forwarding getCurrentUrl on session 00196cd3d51a7394068eced16dfe2ac4 to remote] DEBUG org.asynchttpclient.netty.request.NettyRequestSender - Using pooled Channel '[id: 0x29f45e3b, L:/127.0.0.1:56524 - R:localhost/127.0.0.1:35271]' for 'GET' to 'http://localhost:35271/session/00196cd3d51a7394068eced16dfe2ac4/url'
19:54:59.717 [Forwarding getCurrentUrl on session 00196cd3d51a7394068eced16dfe2ac4 to remote] DEBUG org.asynchttpclient.netty.request.NettyRequestSender - Using open Channel [id: 0x29f45e3b, L:/127.0.0.1:56524 - R:localhost/127.0.0.1:35271] for GET '/session/00196cd3d51a7394068eced16dfe2ac4/url'
19:54:59.719 [AsyncHttpClient-1-23] DEBUG org.asynchttpclient.netty.handler.HttpHandler - 

Request DefaultFullHttpRequest(decodeResult: success, version: HTTP/1.1, content: EmptyByteBufBE)
GET /session/00196cd3d51a7394068eced16dfe2ac4/url HTTP/1.1
User-Agent: selenium/4.8.1 (java windows)
Cache-Control: no-cache
Content-Type: application/json; charset=utf-8
host: localhost:35271
accept: */*

Response DefaultHttpResponse(decodeResult: success, version: HTTP/1.1)
HTTP/1.1 200 OK
Content-Length: 47
Content-Type: application/json; charset=utf-8
cache-control: no-cache

19:54:59.719 [AsyncHttpClient-1-23] DEBUG org.asynchttpclient.netty.channel.ChannelManager - Adding key: http://localhost:35271 for channel [id: 0x29f45e3b, L:/127.0.0.1:56524 - R:localhost/127.0.0.1:35271]
19:54:59.719 [Forwarding screenshot on session 00196cd3d51a7394068eced16dfe2ac4 to remote] DEBUG org.asynchttpclient.netty.request.NettyRequestSender - Using pooled Channel '[id: 0x29f45e3b, L:/127.0.0.1:56524 - R:localhost/127.0.0.1:35271]' for 'GET' to 'http://localhost:35271/session/00196cd3d51a7394068eced16dfe2ac4/screenshot'
19:54:59.719 [Forwarding screenshot on session 00196cd3d51a7394068eced16dfe2ac4 to remote] DEBUG org.asynchttpclient.netty.request.NettyRequestSender - Using open Channel [id: 0x29f45e3b, L:/127.0.0.1:56524 - R:localhost/127.0.0.1:35271] for GET '/session/00196cd3d51a7394068eced16dfe2ac4/screenshot'
19:54:59.810 [AsyncHttpClient-1-1] DEBUG org.asynchttpclient.netty.channel.DefaultChannelPool - Entry count for : http://localhost:56525 : 1
19:54:59.830 [AsyncHttpClient-1-23] DEBUG org.asynchttpclient.netty.handler.HttpHandler - 

Request DefaultFullHttpRequest(decodeResult: success, version: HTTP/1.1, content: EmptyByteBufBE)
GET /session/00196cd3d51a7394068eced16dfe2ac4/screenshot HTTP/1.1
User-Agent: selenium/4.8.1 (java windows)
Cache-Control: no-cache
Content-Type: application/json; charset=utf-8
host: localhost:35271
accept: */*

Response DefaultHttpResponse(decodeResult: success, version: HTTP/1.1)
HTTP/1.1 200 OK
Content-Length: 94844
Content-Type: application/json; charset=utf-8
cache-control: no-cache

19:54:59.830 [AsyncHttpClient-1-23] DEBUG org.asynchttpclient.netty.channel.ChannelManager - Adding key: http://localhost:35271 for channel [id: 0x29f45e3b, L:/127.0.0.1:56524 - R:localhost/127.0.0.1:35271]
19:54:59.832 [main] DEBUG net.serenitybdd.core.photography.Darkroom - Send negative for processing for target\site\serenity\ee8a237c6a7206c781e51a64ee24d075411132d2098af18c5e04ba7b3e846ddc.png
19:54:59.832 [main] DEBUG net.thucydides.core.steps.StepInterceptor - STEP DONE: clickCartButton
  &amp#27;[32mAnd &amp#27;[0m&amp#27;[32mI open the cart page&amp#27;[0m                                                       &amp#27;[90m# starter.stepDefinitions.CartSteps.openCartPage()&amp#27;[0m
19:54:59.836 [Forwarding getPageSource on session 00196cd3d51a7394068eced16dfe2ac4 to remote] DEBUG org.asynchttpclient.netty.request.NettyRequestSender - Using pooled Channel '[id: 0x29f45e3b, L:/127.0.0.1:56524 - R:localhost/127.0.0.1:35271]' for 'POST' to 'http://localhost:35271/session/00196cd3d51a7394068eced16dfe2ac4/execute/sync'
19:54:59.836 [Forwarding getPageSource on session 00196cd3d51a7394068eced16dfe2ac4 to remote] DEBUG org.asynchttpclient.netty.request.NettyRequestSender - Using open Channel [id: 0x29f45e3b, L:/127.0.0.1:56524 - R:localhost/127.0.0.1:35271] for POST '/session/00196cd3d51a7394068eced16dfe2ac4/execute/sync'
19:54:59.840 [AsyncHttpClient-1-23] DEBUG org.asynchttpclient.netty.handler.HttpHandler - 

Request DefaultHttpRequest(decodeResult: success, version: HTTP/1.1)
POST /session/00196cd3d51a7394068eced16dfe2ac4/execute/sync HTTP/1.1
User-Agent: selenium/4.8.1 (java windows)
Content-Length: 176
Content-Type: application/json; charset=utf-8
host: localhost:35271
accept: */*

Response DefaultHttpResponse(decodeResult: success, version: HTTP/1.1)
HTTP/1.1 200 OK
Content-Length: 12588
Content-Type: application/json; charset=utf-8
cache-control: no-cache

19:54:59.840 [AsyncHttpClient-1-23] DEBUG org.asynchttpclient.netty.channel.ChannelManager - Adding key: http://localhost:35271 for channel [id: 0x29f45e3b, L:/127.0.0.1:56524 - R:localhost/127.0.0.1:35271]
19:54:59.841 [Forwarding getCurrentUrl on session 00196cd3d51a7394068eced16dfe2ac4 to remote] DEBUG org.asynchttpclient.netty.request.NettyRequestSender - Using pooled Channel '[id: 0x29f45e3b, L:/127.0.0.1:56524 - R:localhost/127.0.0.1:35271]' for 'GET' to 'http://localhost:35271/session/00196cd3d51a7394068eced16dfe2ac4/url'
19:54:59.841 [Forwarding getCurrentUrl on session 00196cd3d51a7394068eced16dfe2ac4 to remote] DEBUG org.asynchttpclient.netty.request.NettyRequestSender - Using open Channel [id: 0x29f45e3b, L:/127.0.0.1:56524 - R:localhost/127.0.0.1:35271] for GET '/session/00196cd3d51a7394068eced16dfe2ac4/url'
19:54:59.843 [AsyncHttpClient-1-23] DEBUG org.asynchttpclient.netty.handler.HttpHandler - 

Request DefaultFullHttpRequest(decodeResult: success, version: HTTP/1.1, content: EmptyByteBufBE)
GET /session/00196cd3d51a7394068eced16dfe2ac4/url HTTP/1.1
User-Agent: selenium/4.8.1 (java windows)
Cache-Control: no-cache
Content-Type: application/json; charset=utf-8
host: localhost:35271
accept: */*

Response DefaultHttpResponse(decodeResult: success, version: HTTP/1.1)
HTTP/1.1 200 OK
Content-Length: 47
Content-Type: application/json; charset=utf-8
cache-control: no-cache

19:54:59.843 [AsyncHttpClient-1-23] DEBUG org.asynchttpclient.netty.channel.ChannelManager - Adding key: http://localhost:35271 for channel [id: 0x29f45e3b, L:/127.0.0.1:56524 - R:localhost/127.0.0.1:35271]
19:54:59.849 [Forwarding getPageSource on session 00196cd3d51a7394068eced16dfe2ac4 to remote] DEBUG org.asynchttpclient.netty.request.NettyRequestSender - Using pooled Channel '[id: 0x29f45e3b, L:/127.0.0.1:56524 - R:localhost/127.0.0.1:35271]' for 'POST' to 'http://localhost:35271/session/00196cd3d51a7394068eced16dfe2ac4/execute/sync'
19:54:59.849 [Forwarding getPageSource on session 00196cd3d51a7394068eced16dfe2ac4 to remote] DEBUG org.asynchttpclient.netty.request.NettyRequestSender - Using open Channel [id: 0x29f45e3b, L:/127.0.0.1:56524 - R:localhost/127.0.0.1:35271] for POST '/session/00196cd3d51a7394068eced16dfe2ac4/execute/sync'
19:54:59.853 [AsyncHttpClient-1-23] DEBUG org.asynchttpclient.netty.handler.HttpHandler - 

Request DefaultHttpRequest(decodeResult: success, version: HTTP/1.1)
POST /session/00196cd3d51a7394068eced16dfe2ac4/execute/sync HTTP/1.1
User-Agent: selenium/4.8.1 (java windows)
Content-Length: 176
Content-Type: application/json; charset=utf-8
host: localhost:35271
accept: */*

Response DefaultHttpResponse(decodeResult: success, version: HTTP/1.1)
HTTP/1.1 200 OK
Content-Length: 12588
Content-Type: application/json; charset=utf-8
cache-control: no-cache

19:54:59.853 [AsyncHttpClient-1-23] DEBUG org.asynchttpclient.netty.channel.ChannelManager - Adding key: http://localhost:35271 for channel [id: 0x29f45e3b, L:/127.0.0.1:56524 - R:localhost/127.0.0.1:35271]
19:54:59.854 [Forwarding getCurrentUrl on session 00196cd3d51a7394068eced16dfe2ac4 to remote] DEBUG org.asynchttpclient.netty.request.NettyRequestSender - Using pooled Channel '[id: 0x29f45e3b, L:/127.0.0.1:56524 - R:localhost/127.0.0.1:35271]' for 'GET' to 'http://localhost:35271/session/00196cd3d51a7394068eced16dfe2ac4/url'
19:54:59.854 [Forwarding getCurrentUrl on session 00196cd3d51a7394068eced16dfe2ac4 to remote] DEBUG org.asynchttpclient.netty.request.NettyRequestSender - Using open Channel [id: 0x29f45e3b, L:/127.0.0.1:56524 - R:localhost/127.0.0.1:35271] for GET '/session/00196cd3d51a7394068eced16dfe2ac4/url'
19:54:59.856 [AsyncHttpClient-1-23] DEBUG org.asynchttpclient.netty.handler.HttpHandler - 

Request DefaultFullHttpRequest(decodeResult: success, version: HTTP/1.1, content: EmptyByteBufBE)
GET /session/00196cd3d51a7394068eced16dfe2ac4/url HTTP/1.1
User-Agent: selenium/4.8.1 (java windows)
Cache-Control: no-cache
Content-Type: application/json; charset=utf-8
host: localhost:35271
accept: */*

Response DefaultHttpResponse(decodeResult: success, version: HTTP/1.1)
HTTP/1.1 200 OK
Content-Length: 47
Content-Type: application/json; charset=utf-8
cache-control: no-cache

19:54:59.856 [AsyncHttpClient-1-23] DEBUG org.asynchttpclient.netty.channel.ChannelManager - Adding key: http://localhost:35271 for channel [id: 0x29f45e3b, L:/127.0.0.1:56524 - R:localhost/127.0.0.1:35271]
19:54:59.859 [main] DEBUG net.thucydides.core.steps.StepInterceptor - STARTING STEP: CartSteps.openCartPage - checkTitle
19:54:59.861 [main] DEBUG net.thucydides.core.steps.StepInterceptor - STEP DONE: checkTitle
  &amp#27;[32mThen &amp#27;[0m&amp#27;[32mI will see the same &amp#27;[0m&amp#27;[32m&amp#27;[1m"Sauce Labs Backpack"&amp#27;[0m&amp#27;[32m on the cart list&amp#27;[0m                &amp#27;[90m# starter.stepDefinitions.CartSteps.openCartPage(java.lang.String)&amp#27;[0m
19:54:59.867 [AsyncHttpClient-1-25] DEBUG org.asynchttpclient.netty.handler.WebSocketHandler - Channel Closed: [id: 0xedc0f21e, L:/127.0.0.1:56532 ! R:localhost/127.0.0.1:56525] with attribute NettyResponseFuture{currentRetry=0,
	isDone=1,
	isCancelled=0,
	asyncHandler=org.asynchttpclient.ws.WebSocketUpgradeHandler@6da61e6e,
	nettyRequest=org.asynchttpclient.netty.request.NettyRequest@28a48dbe,
	future=java.util.concurrent.CompletableFuture@3cc6eb31[Completed normally],
	uri=ws://localhost:56525/devtools/browser/036ae1f8-8b95-41de-b181-a5b5d9cbed94,
	keepAlive=true,
	redirectCount=0,
	timeoutsHolder=null,
	inAuth=0,
	touch=1680612898051}
19:54:59.867 [AsyncHttpClient-1-25] DEBUG org.asynchttpclient.netty.channel.ChannelManager - Closing Channel [id: 0xedc0f21e, L:/127.0.0.1:56532 ! R:localhost/127.0.0.1:56525] 
19:54:59.867 [Driver Command Executor] DEBUG org.asynchttpclient.netty.request.NettyRequestSender - Using pooled Channel '[id: 0x29f45e3b, L:/127.0.0.1:56524 - R:localhost/127.0.0.1:35271]' for 'DELETE' to 'http://localhost:35271/session/00196cd3d51a7394068eced16dfe2ac4'
19:54:59.867 [Driver Command Executor] DEBUG org.asynchttpclient.netty.request.NettyRequestSender - Using open Channel [id: 0x29f45e3b, L:/127.0.0.1:56524 - R:localhost/127.0.0.1:35271] for DELETE '/session/00196cd3d51a7394068eced16dfe2ac4'
19:54:59.912 [AsyncHttpClient-1-24] DEBUG org.asynchttpclient.netty.handler.HttpHandler - Unexpected I/O exception on channel [id: 0xbc72de93, L:/127.0.0.1:56531 - R:localhost/127.0.0.1:56525]
java.net.SocketException: Connection reset
	at java.base/sun.nio.ch.SocketChannelImpl.throwConnectionReset(SocketChannelImpl.java:401)
	at java.base/sun.nio.ch.SocketChannelImpl.read(SocketChannelImpl.java:434)
	at io.netty.buffer.PooledByteBuf.setBytes(PooledByteBuf.java:259)
	at io.netty.buffer.AbstractByteBuf.writeBytes(AbstractByteBuf.java:1132)
	at io.netty.channel.socket.nio.NioSocketChannel.doReadBytes(NioSocketChannel.java:357)
	at io.netty.channel.nio.AbstractNioByteChannel$NioByteUnsafe.read(AbstractNioByteChannel.java:151)
	at io.netty.channel.nio.NioEventLoop.processSelectedKey(NioEventLoop.java:788)
	at io.netty.channel.nio.NioEventLoop.processSelectedKeysOptimized(NioEventLoop.java:724)
	at io.netty.channel.nio.NioEventLoop.processSelectedKeys(NioEventLoop.java:650)
	at io.netty.channel.nio.NioEventLoop.run(NioEventLoop.java:562)
	at io.netty.util.concurrent.SingleThreadEventExecutor$4.run(SingleThreadEventExecutor.java:997)
	at io.netty.util.internal.ThreadExecutorMap$2.run(ThreadExecutorMap.java:74)
	at io.netty.util.concurrent.FastThreadLocalRunnable.run(FastThreadLocalRunnable.java:30)
	at java.base/java.lang.Thread.run(Thread.java:1589)
19:54:59.912 [AsyncHttpClient-1-24] DEBUG org.asynchttpclient.netty.channel.ChannelManager - Closing Channel [id: 0xbc72de93, L:/127.0.0.1:56531 - R:localhost/127.0.0.1:56525] 
19:54:59.913 [AsyncHttpClient-1-24] DEBUG org.asynchttpclient.netty.handler.HttpHandler - Channel Closed: [id: 0xbc72de93, L:/127.0.0.1:56531 ! R:localhost/127.0.0.1:56525] with attribute DISCARD
19:54:59.929 [AsyncHttpClient-1-23] DEBUG org.asynchttpclient.netty.handler.HttpHandler - 

Request DefaultFullHttpRequest(decodeResult: success, version: HTTP/1.1, content: EmptyByteBufBE)
DELETE /session/00196cd3d51a7394068eced16dfe2ac4 HTTP/1.1
User-Agent: selenium/4.8.1 (java windows)
Content-Type: application/json; charset=utf-8
host: localhost:35271
accept: */*

Response DefaultHttpResponse(decodeResult: success, version: HTTP/1.1)
HTTP/1.1 200 OK
Content-Length: 14
Content-Type: application/json; charset=utf-8
cache-control: no-cache

19:54:59.929 [AsyncHttpClient-1-23] DEBUG org.asynchttpclient.netty.channel.ChannelManager - Adding key: http://localhost:35271 for channel [id: 0x29f45e3b, L:/127.0.0.1:56524 - R:localhost/127.0.0.1:35271]
19:54:59.974 [AsyncHttpClient-1-23] DEBUG org.asynchttpclient.netty.handler.HttpHandler - Channel Closed: [id: 0x29f45e3b, L:/127.0.0.1:56524 ! R:localhost/127.0.0.1:35271] with attribute DISCARD
19:55:00.015 [main] INFO  - 
  _____   ___   ___   _____     ___     _     ___   ___   ___   ___  
 |_   _| | __| / __| |_   _|   | _ \   /_\   / __| / __| | __| |   \ 
   | |   | _|  \__ \   | |     |  _/  / _ \  \__ \ \__ \ | _|  | |) |
   |_|   |___| |___/   |_|     |_|   /_/ \_\ |___/ |___/ |___| |___/ 

As user i want to be able to add product to cart from homepage
----------------------------------------------------------------------
]]></system-out>
    <system-err><![CDATA[Starting ChromeDriver 111.0.5563.64 (c710e93d5b63b7095afe8c2c17df34408078439d-refs/branch-heads/5563@{#995}) on port 35271
Only local connections are allowed.
Please see https://chromedriver.chromium.org/security-considerations for suggestions on keeping ChromeDriver safe.
ChromeDriver was started successfully.
Apr 04, 2023 7:54:58 PM org.openqa.selenium.devtools.CdpVersionFinder findNearestMatch
WARNING: Unable to find an exact match for CDP version 111, so returning the closest version found: 110
]]></system-err>
  </testcase>
  <testcase name="As user i want to be able to remove product from cart #1" classname="product cart" time="5.169">
    <system-out><![CDATA[
@ProductCart
Scenario Outline: As user i want to be able to remove product from cart  &amp#27;[90m# src/test/resources/features/ProductCart.feature:22&amp#27;[0m
19:55:00.022 [main] DEBUG io.cucumber.core.plugin.SerenityReporter - Running feature from file:///C:/Users/TrisetioPutra/Documents/serenity_sauce/serenity-sauce-demo/src/test/resources/features/ProductCart.feature
19:55:00.023 [main] INFO  - 
  _____   ___   ___   _____     ___   _____     _     ___   _____   ___   ___  
 |_   _| | __| / __| |_   _|   / __| |_   _|   /_\   | _ \ |_   _| | __| |   \ 
   | |   | _|  \__ \   | |     \__ \   | |    / _ \  |   /   | |   | _|  | |) |
   |_|   |___| |___/   |_|     |___/   |_|   /_/ \_\ |_|_\   |_|   |___| |___/ 

As user i want to be able to remove product from cart(product-cart;as-user-i-want-to-be-able-to-remove-product-from-cart)
--------------------------------------------------------------------------------
19:55:00.080 [main] INFO net.serenitybdd.core.webdriver.driverproviders.ChromeDriverProvider - Starting Chrome driver instance with capabilities:
19:55:00.080 [main] INFO net.serenitybdd.core.webdriver.driverproviders.ChromeDriverProvider - Capabilities {acceptInsecureCerts: true, browserName: chrome, goog:chromeOptions: {args: [remote-allow-origins=*, test-type, no-sandbox, ignore-certificate-errors, --window-size=1000,800, incognito, disable-infobars, disable-gpu, disable-default-apps, disable-popup-blocking, remote-allow-origins=*, test-type, no-sandbox, ignore-certificate-errors, --window-size=1000,800, incognito, disable-infobars, disable-gpu, disable-default-apps, disable-popup-blocking, remote-allow-origins=*], extensions: []}}
19:55:00.195 [AsyncHttpClient-1-26] DEBUG org.asynchttpclient.netty.channel.NettyConnectListener - Using new Channel '[id: 0x2f9bc3fc, L:/127.0.0.1:56551 - R:localhost/127.0.0.1:5810]' for 'POST' to '/session'
19:55:00.732 [AsyncHttpClient-1-26] DEBUG org.asynchttpclient.netty.handler.HttpHandler - 

Request DefaultHttpRequest(decodeResult: success, version: HTTP/1.1)
POST /session HTTP/1.1
User-Agent: selenium/4.8.1 (java windows)
Content-Length: 1729
Content-Type: application/json; charset=utf-8
host: localhost:5810
accept: */*

Response DefaultHttpResponse(decodeResult: success, version: HTTP/1.1)
HTTP/1.1 200 OK
Content-Length: 860
Content-Type: application/json; charset=utf-8
cache-control: no-cache

19:55:00.732 [AsyncHttpClient-1-26] DEBUG org.asynchttpclient.netty.channel.ChannelManager - Adding key: http://localhost:5810 for channel [id: 0x2f9bc3fc, L:/127.0.0.1:56551 - R:localhost/127.0.0.1:5810]
19:55:00.738 [AsyncHttpClient-1-27] DEBUG org.asynchttpclient.netty.channel.NettyConnectListener - Using new Channel '[id: 0x7f28d2c6, L:/127.0.0.1:56558 - R:localhost/127.0.0.1:56552]' for 'GET' to '/json/version'
19:55:00.739 [AsyncHttpClient-1-27] DEBUG org.asynchttpclient.netty.handler.HttpHandler - 

Request DefaultFullHttpRequest(decodeResult: success, version: HTTP/1.1, content: EmptyByteBufBE)
GET /json/version HTTP/1.1
User-Agent: selenium/4.8.1 (java windows)
host: localhost:56552
accept: */*

Response DefaultHttpResponse(decodeResult: success, version: HTTP/1.1)
HTTP/1.1 200 OK
Content-Security-Policy: frame-ancestors 'none'
Content-Length: 424
Content-Type: application/json; charset=UTF-8

19:55:00.739 [AsyncHttpClient-1-27] DEBUG org.asynchttpclient.netty.channel.ChannelManager - Adding key: http://localhost:56552 for channel [id: 0x7f28d2c6, L:/127.0.0.1:56558 - R:localhost/127.0.0.1:56552]
19:55:00.742 [AsyncHttpClient-1-28] DEBUG org.asynchttpclient.netty.channel.NettyConnectListener - Using new Channel '[id: 0x70320d17, L:/127.0.0.1:56559 - R:localhost/127.0.0.1:56552]' for 'GET' to '/devtools/browser/a42fa3d9-2a05-48f7-bbcc-b4033ab42806'
19:55:00.743 [AsyncHttpClient-1-28] DEBUG org.asynchttpclient.netty.handler.WebSocketHandler - 

Request DefaultFullHttpRequest(decodeResult: success, version: HTTP/1.1, content: EmptyByteBufBE)
GET /devtools/browser/a42fa3d9-2a05-48f7-bbcc-b4033ab42806 HTTP/1.1
upgrade: websocket
connection: upgrade
sec-websocket-key: IZaM5/79srZ5W2NmAEkT6Q==
sec-websocket-version: 13
origin: http://localhost:56552
host: localhost:56552
accept: */*
user-agent: AHC/2.1

Response DefaultHttpResponse(decodeResult: success, version: HTTP/1.1)
HTTP/1.1 101 WebSocket Protocol Handshake
Upgrade: WebSocket
Connection: Upgrade
Sec-WebSocket-Accept: Y1A4/72xLj73iYPdDimHTwqh5O8=

19:55:00.748 [Forwarding get on session de139260107ca76e775ec3b12c08e9fe to remote] DEBUG org.asynchttpclient.netty.request.NettyRequestSender - Using pooled Channel '[id: 0x2f9bc3fc, L:/127.0.0.1:56551 - R:localhost/127.0.0.1:5810]' for 'POST' to 'http://localhost:5810/session/de139260107ca76e775ec3b12c08e9fe/url'
19:55:00.748 [Forwarding get on session de139260107ca76e775ec3b12c08e9fe to remote] DEBUG org.asynchttpclient.netty.request.NettyRequestSender - Using open Channel [id: 0x2f9bc3fc, L:/127.0.0.1:56551 - R:localhost/127.0.0.1:5810] for POST '/session/de139260107ca76e775ec3b12c08e9fe/url'
19:55:00.909 [AsyncHttpClient-1-1] DEBUG org.asynchttpclient.netty.channel.DefaultChannelPool - Entry count for : http://localhost:35271 : 1
19:55:00.909 [AsyncHttpClient-1-1] DEBUG org.asynchttpclient.netty.channel.DefaultChannelPool - Entry count for : http://localhost:56552 : 1
19:55:00.909 [AsyncHttpClient-1-1] DEBUG org.asynchttpclient.netty.channel.DefaultChannelPool - Entry count for : http://localhost:56525 : 1
19:55:00.909 [AsyncHttpClient-1-1] DEBUG org.asynchttpclient.netty.channel.DefaultChannelPool - Adding Candidate expired Channel [id: 0x29f45e3b, L:/127.0.0.1:56524 ! R:localhost/127.0.0.1:35271] isIdleTimeoutExpired=false isRemotelyClosed=true isTtlExpired=false
19:55:00.909 [AsyncHttpClient-1-1] DEBUG org.asynchttpclient.netty.channel.DefaultChannelPool - Closing Idle Channel [id: 0x29f45e3b, L:/127.0.0.1:56524 ! R:localhost/127.0.0.1:35271]
19:55:00.909 [AsyncHttpClient-1-1] DEBUG org.asynchttpclient.netty.channel.DefaultChannelPool - Adding Candidate expired Channel [id: 0xbc72de93, L:/127.0.0.1:56531 ! R:localhost/127.0.0.1:56525] isIdleTimeoutExpired=false isRemotelyClosed=true isTtlExpired=false
19:55:00.909 [AsyncHttpClient-1-1] DEBUG org.asynchttpclient.netty.channel.DefaultChannelPool - Closing Idle Channel [id: 0xbc72de93, L:/127.0.0.1:56531 ! R:localhost/127.0.0.1:56525]
19:55:00.909 [AsyncHttpClient-1-1] DEBUG org.asynchttpclient.netty.channel.DefaultChannelPool - Closed 2 connections out of 3 in 0 ms
19:55:01.176 [AsyncHttpClient-1-26] DEBUG org.asynchttpclient.netty.handler.HttpHandler - 

Request DefaultHttpRequest(decodeResult: success, version: HTTP/1.1)
POST /session/de139260107ca76e775ec3b12c08e9fe/url HTTP/1.1
User-Agent: selenium/4.8.1 (java windows)
Content-Length: 56
Content-Type: application/json; charset=utf-8
host: localhost:5810
accept: */*

Response DefaultHttpResponse(decodeResult: success, version: HTTP/1.1)
HTTP/1.1 200 OK
Content-Length: 14
Content-Type: application/json; charset=utf-8
cache-control: no-cache

19:55:01.176 [AsyncHttpClient-1-26] DEBUG org.asynchttpclient.netty.channel.ChannelManager - Adding key: http://localhost:5810 for channel [id: 0x2f9bc3fc, L:/127.0.0.1:56551 - R:localhost/127.0.0.1:5810]
19:55:01.177 [Forwarding setTimeout on session de139260107ca76e775ec3b12c08e9fe to remote] DEBUG org.asynchttpclient.netty.request.NettyRequestSender - Using pooled Channel '[id: 0x2f9bc3fc, L:/127.0.0.1:56551 - R:localhost/127.0.0.1:5810]' for 'POST' to 'http://localhost:5810/session/de139260107ca76e775ec3b12c08e9fe/timeouts'
19:55:01.177 [Forwarding setTimeout on session de139260107ca76e775ec3b12c08e9fe to remote] DEBUG org.asynchttpclient.netty.request.NettyRequestSender - Using open Channel [id: 0x2f9bc3fc, L:/127.0.0.1:56551 - R:localhost/127.0.0.1:5810] for POST '/session/de139260107ca76e775ec3b12c08e9fe/timeouts'
19:55:01.178 [AsyncHttpClient-1-26] DEBUG org.asynchttpclient.netty.handler.HttpHandler - 

Request DefaultHttpRequest(decodeResult: success, version: HTTP/1.1)
POST /session/de139260107ca76e775ec3b12c08e9fe/timeouts HTTP/1.1
User-Agent: selenium/4.8.1 (java windows)
Content-Length: 22
Content-Type: application/json; charset=utf-8
host: localhost:5810
accept: */*

Response DefaultHttpResponse(decodeResult: success, version: HTTP/1.1)
HTTP/1.1 200 OK
Content-Length: 14
Content-Type: application/json; charset=utf-8
cache-control: no-cache

19:55:01.178 [AsyncHttpClient-1-26] DEBUG org.asynchttpclient.netty.channel.ChannelManager - Adding key: http://localhost:5810 for channel [id: 0x2f9bc3fc, L:/127.0.0.1:56551 - R:localhost/127.0.0.1:5810]
19:55:01.187 [Forwarding getAlertText on session de139260107ca76e775ec3b12c08e9fe to remote] DEBUG org.asynchttpclient.netty.request.NettyRequestSender - Using pooled Channel '[id: 0x2f9bc3fc, L:/127.0.0.1:56551 - R:localhost/127.0.0.1:5810]' for 'GET' to 'http://localhost:5810/session/de139260107ca76e775ec3b12c08e9fe/alert/text'
19:55:01.187 [Forwarding getAlertText on session de139260107ca76e775ec3b12c08e9fe to remote] DEBUG org.asynchttpclient.netty.request.NettyRequestSender - Using open Channel [id: 0x2f9bc3fc, L:/127.0.0.1:56551 - R:localhost/127.0.0.1:5810] for GET '/session/de139260107ca76e775ec3b12c08e9fe/alert/text'
19:55:01.188 [AsyncHttpClient-1-26] DEBUG org.asynchttpclient.netty.handler.HttpHandler - 

Request DefaultFullHttpRequest(decodeResult: success, version: HTTP/1.1, content: EmptyByteBufBE)
GET /session/de139260107ca76e775ec3b12c08e9fe/alert/text HTTP/1.1
User-Agent: selenium/4.8.1 (java windows)
Cache-Control: no-cache
Content-Type: application/json; charset=utf-8
host: localhost:5810
accept: */*

Response DefaultHttpResponse(decodeResult: success, version: HTTP/1.1)
HTTP/1.1 404 Not Found
Content-Length: 816
Content-Type: application/json; charset=utf-8
cache-control: no-cache

19:55:01.188 [AsyncHttpClient-1-26] DEBUG org.asynchttpclient.netty.channel.ChannelManager - Adding key: http://localhost:5810 for channel [id: 0x2f9bc3fc, L:/127.0.0.1:56551 - R:localhost/127.0.0.1:5810]
19:55:01.189 [Forwarding getCurrentUrl on session de139260107ca76e775ec3b12c08e9fe to remote] DEBUG org.asynchttpclient.netty.request.NettyRequestSender - Using pooled Channel '[id: 0x2f9bc3fc, L:/127.0.0.1:56551 - R:localhost/127.0.0.1:5810]' for 'GET' to 'http://localhost:5810/session/de139260107ca76e775ec3b12c08e9fe/url'
19:55:01.189 [Forwarding getCurrentUrl on session de139260107ca76e775ec3b12c08e9fe to remote] DEBUG org.asynchttpclient.netty.request.NettyRequestSender - Using open Channel [id: 0x2f9bc3fc, L:/127.0.0.1:56551 - R:localhost/127.0.0.1:5810] for GET '/session/de139260107ca76e775ec3b12c08e9fe/url'
19:55:01.193 [AsyncHttpClient-1-26] DEBUG org.asynchttpclient.netty.handler.HttpHandler - 

Request DefaultFullHttpRequest(decodeResult: success, version: HTTP/1.1, content: EmptyByteBufBE)
GET /session/de139260107ca76e775ec3b12c08e9fe/url HTTP/1.1
User-Agent: selenium/4.8.1 (java windows)
Cache-Control: no-cache
Content-Type: application/json; charset=utf-8
host: localhost:5810
accept: */*

Response DefaultHttpResponse(decodeResult: success, version: HTTP/1.1)
HTTP/1.1 200 OK
Content-Length: 38
Content-Type: application/json; charset=utf-8
cache-control: no-cache

19:55:01.193 [AsyncHttpClient-1-26] DEBUG org.asynchttpclient.netty.channel.ChannelManager - Adding key: http://localhost:5810 for channel [id: 0x2f9bc3fc, L:/127.0.0.1:56551 - R:localhost/127.0.0.1:5810]
19:55:01.193 [Forwarding screenshot on session de139260107ca76e775ec3b12c08e9fe to remote] DEBUG org.asynchttpclient.netty.request.NettyRequestSender - Using pooled Channel '[id: 0x2f9bc3fc, L:/127.0.0.1:56551 - R:localhost/127.0.0.1:5810]' for 'GET' to 'http://localhost:5810/session/de139260107ca76e775ec3b12c08e9fe/screenshot'
19:55:01.193 [Forwarding screenshot on session de139260107ca76e775ec3b12c08e9fe to remote] DEBUG org.asynchttpclient.netty.request.NettyRequestSender - Using open Channel [id: 0x2f9bc3fc, L:/127.0.0.1:56551 - R:localhost/127.0.0.1:5810] for GET '/session/de139260107ca76e775ec3b12c08e9fe/screenshot'
19:55:01.321 [AsyncHttpClient-1-26] DEBUG org.asynchttpclient.netty.handler.HttpHandler - 

Request DefaultFullHttpRequest(decodeResult: success, version: HTTP/1.1, content: EmptyByteBufBE)
GET /session/de139260107ca76e775ec3b12c08e9fe/screenshot HTTP/1.1
User-Agent: selenium/4.8.1 (java windows)
Cache-Control: no-cache
Content-Type: application/json; charset=utf-8
host: localhost:5810
accept: */*

Response DefaultHttpResponse(decodeResult: success, version: HTTP/1.1)
HTTP/1.1 200 OK
Content-Length: 58480
Content-Type: application/json; charset=utf-8
cache-control: no-cache

19:55:01.322 [AsyncHttpClient-1-26] DEBUG org.asynchttpclient.netty.channel.ChannelManager - Adding key: http://localhost:5810 for channel [id: 0x2f9bc3fc, L:/127.0.0.1:56551 - R:localhost/127.0.0.1:5810]
19:55:01.323 [main] DEBUG net.serenitybdd.core.photography.Darkroom - Send negative for processing for target\site\serenity\cb92d98072c3b75a83324d609d10345ba9940c54df6d644def90c13c11b006db.png
19:55:01.324 [Forwarding getPageSource on session de139260107ca76e775ec3b12c08e9fe to remote] DEBUG org.asynchttpclient.netty.request.NettyRequestSender - Using pooled Channel '[id: 0x2f9bc3fc, L:/127.0.0.1:56551 - R:localhost/127.0.0.1:5810]' for 'POST' to 'http://localhost:5810/session/de139260107ca76e775ec3b12c08e9fe/execute/sync'
19:55:01.324 [Forwarding getPageSource on session de139260107ca76e775ec3b12c08e9fe to remote] DEBUG org.asynchttpclient.netty.request.NettyRequestSender - Using open Channel [id: 0x2f9bc3fc, L:/127.0.0.1:56551 - R:localhost/127.0.0.1:5810] for POST '/session/de139260107ca76e775ec3b12c08e9fe/execute/sync'
19:55:01.329 [AsyncHttpClient-1-26] DEBUG org.asynchttpclient.netty.handler.HttpHandler - 

Request DefaultHttpRequest(decodeResult: success, version: HTTP/1.1)
POST /session/de139260107ca76e775ec3b12c08e9fe/execute/sync HTTP/1.1
User-Agent: selenium/4.8.1 (java windows)
Content-Length: 176
Content-Type: application/json; charset=utf-8
host: localhost:5810
accept: */*

Response DefaultHttpResponse(decodeResult: success, version: HTTP/1.1)
HTTP/1.1 200 OK
Content-Length: 4286
Content-Type: application/json; charset=utf-8
cache-control: no-cache

19:55:01.329 [AsyncHttpClient-1-26] DEBUG org.asynchttpclient.netty.channel.ChannelManager - Adding key: http://localhost:5810 for channel [id: 0x2f9bc3fc, L:/127.0.0.1:56551 - R:localhost/127.0.0.1:5810]
19:55:01.330 [Forwarding getCurrentUrl on session de139260107ca76e775ec3b12c08e9fe to remote] DEBUG org.asynchttpclient.netty.request.NettyRequestSender - Using pooled Channel '[id: 0x2f9bc3fc, L:/127.0.0.1:56551 - R:localhost/127.0.0.1:5810]' for 'GET' to 'http://localhost:5810/session/de139260107ca76e775ec3b12c08e9fe/url'
19:55:01.330 [Forwarding getCurrentUrl on session de139260107ca76e775ec3b12c08e9fe to remote] DEBUG org.asynchttpclient.netty.request.NettyRequestSender - Using open Channel [id: 0x2f9bc3fc, L:/127.0.0.1:56551 - R:localhost/127.0.0.1:5810] for GET '/session/de139260107ca76e775ec3b12c08e9fe/url'
19:55:01.333 [AsyncHttpClient-1-26] DEBUG org.asynchttpclient.netty.handler.HttpHandler - 

Request DefaultFullHttpRequest(decodeResult: success, version: HTTP/1.1, content: EmptyByteBufBE)
GET /session/de139260107ca76e775ec3b12c08e9fe/url HTTP/1.1
User-Agent: selenium/4.8.1 (java windows)
Cache-Control: no-cache
Content-Type: application/json; charset=utf-8
host: localhost:5810
accept: */*

Response DefaultHttpResponse(decodeResult: success, version: HTTP/1.1)
HTTP/1.1 200 OK
Content-Length: 38
Content-Type: application/json; charset=utf-8
cache-control: no-cache

19:55:01.333 [AsyncHttpClient-1-26] DEBUG org.asynchttpclient.netty.channel.ChannelManager - Adding key: http://localhost:5810 for channel [id: 0x2f9bc3fc, L:/127.0.0.1:56551 - R:localhost/127.0.0.1:5810]
19:55:01.335 [main] DEBUG net.thucydides.core.steps.StepInterceptor - STARTING STEP: CartSteps.loginAsAUser - inputUsername
19:55:01.338 [Forwarding findElement on session de139260107ca76e775ec3b12c08e9fe to remote] DEBUG org.asynchttpclient.netty.request.NettyRequestSender - Using pooled Channel '[id: 0x2f9bc3fc, L:/127.0.0.1:56551 - R:localhost/127.0.0.1:5810]' for 'POST' to 'http://localhost:5810/session/de139260107ca76e775ec3b12c08e9fe/element'
19:55:01.338 [Forwarding findElement on session de139260107ca76e775ec3b12c08e9fe to remote] DEBUG org.asynchttpclient.netty.request.NettyRequestSender - Using open Channel [id: 0x2f9bc3fc, L:/127.0.0.1:56551 - R:localhost/127.0.0.1:5810] for POST '/session/de139260107ca76e775ec3b12c08e9fe/element'
19:55:01.347 [AsyncHttpClient-1-26] DEBUG org.asynchttpclient.netty.handler.HttpHandler - 

Request DefaultHttpRequest(decodeResult: success, version: HTTP/1.1)
POST /session/de139260107ca76e775ec3b12c08e9fe/element HTTP/1.1
User-Agent: selenium/4.8.1 (java windows)
Content-Length: 56
Content-Type: application/json; charset=utf-8
host: localhost:5810
accept: */*

Response DefaultHttpResponse(decodeResult: success, version: HTTP/1.1)
HTTP/1.1 200 OK
Content-Length: 88
Content-Type: application/json; charset=utf-8
cache-control: no-cache

19:55:01.347 [AsyncHttpClient-1-26] DEBUG org.asynchttpclient.netty.channel.ChannelManager - Adding key: http://localhost:5810 for channel [id: 0x2f9bc3fc, L:/127.0.0.1:56551 - R:localhost/127.0.0.1:5810]
19:55:01.348 [Forwarding clearElement on session de139260107ca76e775ec3b12c08e9fe to remote] DEBUG org.asynchttpclient.netty.request.NettyRequestSender - Using pooled Channel '[id: 0x2f9bc3fc, L:/127.0.0.1:56551 - R:localhost/127.0.0.1:5810]' for 'POST' to 'http://localhost:5810/session/de139260107ca76e775ec3b12c08e9fe/element/f6a0cde6-3093-462a-b0d2-98fa684d102d/clear'
19:55:01.348 [Forwarding clearElement on session de139260107ca76e775ec3b12c08e9fe to remote] DEBUG org.asynchttpclient.netty.request.NettyRequestSender - Using open Channel [id: 0x2f9bc3fc, L:/127.0.0.1:56551 - R:localhost/127.0.0.1:5810] for POST '/session/de139260107ca76e775ec3b12c08e9fe/element/f6a0cde6-3093-462a-b0d2-98fa684d102d/clear'
19:55:01.385 [AsyncHttpClient-1-26] DEBUG org.asynchttpclient.netty.handler.HttpHandler - 

Request DefaultHttpRequest(decodeResult: success, version: HTTP/1.1)
POST /session/de139260107ca76e775ec3b12c08e9fe/element/f6a0cde6-3093-462a-b0d2-98fa684d102d/clear HTTP/1.1
User-Agent: selenium/4.8.1 (java windows)
Content-Length: 50
Content-Type: application/json; charset=utf-8
host: localhost:5810
accept: */*

Response DefaultHttpResponse(decodeResult: success, version: HTTP/1.1)
HTTP/1.1 200 OK
Content-Length: 14
Content-Type: application/json; charset=utf-8
cache-control: no-cache

19:55:01.385 [AsyncHttpClient-1-26] DEBUG org.asynchttpclient.netty.channel.ChannelManager - Adding key: http://localhost:5810 for channel [id: 0x2f9bc3fc, L:/127.0.0.1:56551 - R:localhost/127.0.0.1:5810]
19:55:01.387 [Forwarding sendKeysToElement on session de139260107ca76e775ec3b12c08e9fe to remote] DEBUG org.asynchttpclient.netty.request.NettyRequestSender - Using pooled Channel '[id: 0x2f9bc3fc, L:/127.0.0.1:56551 - R:localhost/127.0.0.1:5810]' for 'POST' to 'http://localhost:5810/session/de139260107ca76e775ec3b12c08e9fe/element/f6a0cde6-3093-462a-b0d2-98fa684d102d/value'
19:55:01.387 [Forwarding sendKeysToElement on session de139260107ca76e775ec3b12c08e9fe to remote] DEBUG org.asynchttpclient.netty.request.NettyRequestSender - Using open Channel [id: 0x2f9bc3fc, L:/127.0.0.1:56551 - R:localhost/127.0.0.1:5810] for POST '/session/de139260107ca76e775ec3b12c08e9fe/element/f6a0cde6-3093-462a-b0d2-98fa684d102d/value'
19:55:01.446 [AsyncHttpClient-1-26] DEBUG org.asynchttpclient.netty.handler.HttpHandler - 

Request DefaultHttpRequest(decodeResult: success, version: HTTP/1.1)
POST /session/de139260107ca76e775ec3b12c08e9fe/element/f6a0cde6-3093-462a-b0d2-98fa684d102d/value HTTP/1.1
User-Agent: selenium/4.8.1 (java windows)
Content-Length: 211
Content-Type: application/json; charset=utf-8
host: localhost:5810
accept: */*

Response DefaultHttpResponse(decodeResult: success, version: HTTP/1.1)
HTTP/1.1 200 OK
Content-Length: 14
Content-Type: application/json; charset=utf-8
cache-control: no-cache

19:55:01.446 [AsyncHttpClient-1-26] DEBUG org.asynchttpclient.netty.channel.ChannelManager - Adding key: http://localhost:5810 for channel [id: 0x2f9bc3fc, L:/127.0.0.1:56551 - R:localhost/127.0.0.1:5810]
19:55:01.453 [Forwarding getAlertText on session de139260107ca76e775ec3b12c08e9fe to remote] DEBUG org.asynchttpclient.netty.request.NettyRequestSender - Using pooled Channel '[id: 0x2f9bc3fc, L:/127.0.0.1:56551 - R:localhost/127.0.0.1:5810]' for 'GET' to 'http://localhost:5810/session/de139260107ca76e775ec3b12c08e9fe/alert/text'
19:55:01.453 [Forwarding getAlertText on session de139260107ca76e775ec3b12c08e9fe to remote] DEBUG org.asynchttpclient.netty.request.NettyRequestSender - Using open Channel [id: 0x2f9bc3fc, L:/127.0.0.1:56551 - R:localhost/127.0.0.1:5810] for GET '/session/de139260107ca76e775ec3b12c08e9fe/alert/text'
19:55:01.453 [AsyncHttpClient-1-26] DEBUG org.asynchttpclient.netty.handler.HttpHandler - 

Request DefaultFullHttpRequest(decodeResult: success, version: HTTP/1.1, content: EmptyByteBufBE)
GET /session/de139260107ca76e775ec3b12c08e9fe/alert/text HTTP/1.1
User-Agent: selenium/4.8.1 (java windows)
Cache-Control: no-cache
Content-Type: application/json; charset=utf-8
host: localhost:5810
accept: */*

Response DefaultHttpResponse(decodeResult: success, version: HTTP/1.1)
HTTP/1.1 404 Not Found
Content-Length: 816
Content-Type: application/json; charset=utf-8
cache-control: no-cache

19:55:01.453 [AsyncHttpClient-1-26] DEBUG org.asynchttpclient.netty.channel.ChannelManager - Adding key: http://localhost:5810 for channel [id: 0x2f9bc3fc, L:/127.0.0.1:56551 - R:localhost/127.0.0.1:5810]
19:55:01.455 [Forwarding getCurrentUrl on session de139260107ca76e775ec3b12c08e9fe to remote] DEBUG org.asynchttpclient.netty.request.NettyRequestSender - Using pooled Channel '[id: 0x2f9bc3fc, L:/127.0.0.1:56551 - R:localhost/127.0.0.1:5810]' for 'GET' to 'http://localhost:5810/session/de139260107ca76e775ec3b12c08e9fe/url'
19:55:01.455 [Forwarding getCurrentUrl on session de139260107ca76e775ec3b12c08e9fe to remote] DEBUG org.asynchttpclient.netty.request.NettyRequestSender - Using open Channel [id: 0x2f9bc3fc, L:/127.0.0.1:56551 - R:localhost/127.0.0.1:5810] for GET '/session/de139260107ca76e775ec3b12c08e9fe/url'
19:55:01.459 [AsyncHttpClient-1-26] DEBUG org.asynchttpclient.netty.handler.HttpHandler - 

Request DefaultFullHttpRequest(decodeResult: success, version: HTTP/1.1, content: EmptyByteBufBE)
GET /session/de139260107ca76e775ec3b12c08e9fe/url HTTP/1.1
User-Agent: selenium/4.8.1 (java windows)
Cache-Control: no-cache
Content-Type: application/json; charset=utf-8
host: localhost:5810
accept: */*

Response DefaultHttpResponse(decodeResult: success, version: HTTP/1.1)
HTTP/1.1 200 OK
Content-Length: 38
Content-Type: application/json; charset=utf-8
cache-control: no-cache

19:55:01.459 [AsyncHttpClient-1-26] DEBUG org.asynchttpclient.netty.channel.ChannelManager - Adding key: http://localhost:5810 for channel [id: 0x2f9bc3fc, L:/127.0.0.1:56551 - R:localhost/127.0.0.1:5810]
19:55:01.460 [Forwarding screenshot on session de139260107ca76e775ec3b12c08e9fe to remote] DEBUG org.asynchttpclient.netty.request.NettyRequestSender - Using pooled Channel '[id: 0x2f9bc3fc, L:/127.0.0.1:56551 - R:localhost/127.0.0.1:5810]' for 'GET' to 'http://localhost:5810/session/de139260107ca76e775ec3b12c08e9fe/screenshot'
19:55:01.460 [Forwarding screenshot on session de139260107ca76e775ec3b12c08e9fe to remote] DEBUG org.asynchttpclient.netty.request.NettyRequestSender - Using open Channel [id: 0x2f9bc3fc, L:/127.0.0.1:56551 - R:localhost/127.0.0.1:5810] for GET '/session/de139260107ca76e775ec3b12c08e9fe/screenshot'
19:55:01.561 [AsyncHttpClient-1-26] DEBUG org.asynchttpclient.netty.handler.HttpHandler - 

Request DefaultFullHttpRequest(decodeResult: success, version: HTTP/1.1, content: EmptyByteBufBE)
GET /session/de139260107ca76e775ec3b12c08e9fe/screenshot HTTP/1.1
User-Agent: selenium/4.8.1 (java windows)
Cache-Control: no-cache
Content-Type: application/json; charset=utf-8
host: localhost:5810
accept: */*

Response DefaultHttpResponse(decodeResult: success, version: HTTP/1.1)
HTTP/1.1 200 OK
Content-Length: 59376
Content-Type: application/json; charset=utf-8
cache-control: no-cache

19:55:01.561 [AsyncHttpClient-1-26] DEBUG org.asynchttpclient.netty.channel.ChannelManager - Adding key: http://localhost:5810 for channel [id: 0x2f9bc3fc, L:/127.0.0.1:56551 - R:localhost/127.0.0.1:5810]
19:55:01.563 [main] DEBUG net.serenitybdd.core.photography.Darkroom - Send negative for processing for target\site\serenity\34df7c2a49013db09874827a64595e6a5db2797a92a71bf1a6ba69e39d9b6283.png
19:55:01.563 [main] DEBUG net.thucydides.core.steps.StepInterceptor - STEP DONE: inputUsername
19:55:01.568 [Forwarding getPageSource on session de139260107ca76e775ec3b12c08e9fe to remote] DEBUG org.asynchttpclient.netty.request.NettyRequestSender - Using pooled Channel '[id: 0x2f9bc3fc, L:/127.0.0.1:56551 - R:localhost/127.0.0.1:5810]' for 'POST' to 'http://localhost:5810/session/de139260107ca76e775ec3b12c08e9fe/execute/sync'
19:55:01.568 [Forwarding getPageSource on session de139260107ca76e775ec3b12c08e9fe to remote] DEBUG org.asynchttpclient.netty.request.NettyRequestSender - Using open Channel [id: 0x2f9bc3fc, L:/127.0.0.1:56551 - R:localhost/127.0.0.1:5810] for POST '/session/de139260107ca76e775ec3b12c08e9fe/execute/sync'
19:55:01.572 [AsyncHttpClient-1-26] DEBUG org.asynchttpclient.netty.handler.HttpHandler - 

Request DefaultHttpRequest(decodeResult: success, version: HTTP/1.1)
POST /session/de139260107ca76e775ec3b12c08e9fe/execute/sync HTTP/1.1
User-Agent: selenium/4.8.1 (java windows)
Content-Length: 176
Content-Type: application/json; charset=utf-8
host: localhost:5810
accept: */*

Response DefaultHttpResponse(decodeResult: success, version: HTTP/1.1)
HTTP/1.1 200 OK
Content-Length: 4299
Content-Type: application/json; charset=utf-8
cache-control: no-cache

19:55:01.572 [AsyncHttpClient-1-26] DEBUG org.asynchttpclient.netty.channel.ChannelManager - Adding key: http://localhost:5810 for channel [id: 0x2f9bc3fc, L:/127.0.0.1:56551 - R:localhost/127.0.0.1:5810]
19:55:01.573 [Forwarding getCurrentUrl on session de139260107ca76e775ec3b12c08e9fe to remote] DEBUG org.asynchttpclient.netty.request.NettyRequestSender - Using pooled Channel '[id: 0x2f9bc3fc, L:/127.0.0.1:56551 - R:localhost/127.0.0.1:5810]' for 'GET' to 'http://localhost:5810/session/de139260107ca76e775ec3b12c08e9fe/url'
19:55:01.573 [Forwarding getCurrentUrl on session de139260107ca76e775ec3b12c08e9fe to remote] DEBUG org.asynchttpclient.netty.request.NettyRequestSender - Using open Channel [id: 0x2f9bc3fc, L:/127.0.0.1:56551 - R:localhost/127.0.0.1:5810] for GET '/session/de139260107ca76e775ec3b12c08e9fe/url'
19:55:01.575 [AsyncHttpClient-1-26] DEBUG org.asynchttpclient.netty.handler.HttpHandler - 

Request DefaultFullHttpRequest(decodeResult: success, version: HTTP/1.1, content: EmptyByteBufBE)
GET /session/de139260107ca76e775ec3b12c08e9fe/url HTTP/1.1
User-Agent: selenium/4.8.1 (java windows)
Cache-Control: no-cache
Content-Type: application/json; charset=utf-8
host: localhost:5810
accept: */*

Response DefaultHttpResponse(decodeResult: success, version: HTTP/1.1)
HTTP/1.1 200 OK
Content-Length: 38
Content-Type: application/json; charset=utf-8
cache-control: no-cache

19:55:01.575 [AsyncHttpClient-1-26] DEBUG org.asynchttpclient.netty.channel.ChannelManager - Adding key: http://localhost:5810 for channel [id: 0x2f9bc3fc, L:/127.0.0.1:56551 - R:localhost/127.0.0.1:5810]
19:55:01.578 [main] DEBUG net.thucydides.core.steps.StepInterceptor - STARTING STEP: CartSteps.loginAsAUser - inputPassword
19:55:01.580 [Forwarding findElement on session de139260107ca76e775ec3b12c08e9fe to remote] DEBUG org.asynchttpclient.netty.request.NettyRequestSender - Using pooled Channel '[id: 0x2f9bc3fc, L:/127.0.0.1:56551 - R:localhost/127.0.0.1:5810]' for 'POST' to 'http://localhost:5810/session/de139260107ca76e775ec3b12c08e9fe/element'
19:55:01.580 [Forwarding findElement on session de139260107ca76e775ec3b12c08e9fe to remote] DEBUG org.asynchttpclient.netty.request.NettyRequestSender - Using open Channel [id: 0x2f9bc3fc, L:/127.0.0.1:56551 - R:localhost/127.0.0.1:5810] for POST '/session/de139260107ca76e775ec3b12c08e9fe/element'
19:55:01.588 [AsyncHttpClient-1-26] DEBUG org.asynchttpclient.netty.handler.HttpHandler - 

Request DefaultHttpRequest(decodeResult: success, version: HTTP/1.1)
POST /session/de139260107ca76e775ec3b12c08e9fe/element HTTP/1.1
User-Agent: selenium/4.8.1 (java windows)
Content-Length: 53
Content-Type: application/json; charset=utf-8
host: localhost:5810
accept: */*

Response DefaultHttpResponse(decodeResult: success, version: HTTP/1.1)
HTTP/1.1 200 OK
Content-Length: 88
Content-Type: application/json; charset=utf-8
cache-control: no-cache

19:55:01.589 [AsyncHttpClient-1-26] DEBUG org.asynchttpclient.netty.channel.ChannelManager - Adding key: http://localhost:5810 for channel [id: 0x2f9bc3fc, L:/127.0.0.1:56551 - R:localhost/127.0.0.1:5810]
19:55:01.590 [Forwarding clearElement on session de139260107ca76e775ec3b12c08e9fe to remote] DEBUG org.asynchttpclient.netty.request.NettyRequestSender - Using pooled Channel '[id: 0x2f9bc3fc, L:/127.0.0.1:56551 - R:localhost/127.0.0.1:5810]' for 'POST' to 'http://localhost:5810/session/de139260107ca76e775ec3b12c08e9fe/element/f39ec10d-a829-4d66-bb34-86d3826a4e74/clear'
19:55:01.590 [Forwarding clearElement on session de139260107ca76e775ec3b12c08e9fe to remote] DEBUG org.asynchttpclient.netty.request.NettyRequestSender - Using open Channel [id: 0x2f9bc3fc, L:/127.0.0.1:56551 - R:localhost/127.0.0.1:5810] for POST '/session/de139260107ca76e775ec3b12c08e9fe/element/f39ec10d-a829-4d66-bb34-86d3826a4e74/clear'
19:55:01.615 [AsyncHttpClient-1-26] DEBUG org.asynchttpclient.netty.handler.HttpHandler - 

Request DefaultHttpRequest(decodeResult: success, version: HTTP/1.1)
POST /session/de139260107ca76e775ec3b12c08e9fe/element/f39ec10d-a829-4d66-bb34-86d3826a4e74/clear HTTP/1.1
User-Agent: selenium/4.8.1 (java windows)
Content-Length: 50
Content-Type: application/json; charset=utf-8
host: localhost:5810
accept: */*

Response DefaultHttpResponse(decodeResult: success, version: HTTP/1.1)
HTTP/1.1 200 OK
Content-Length: 14
Content-Type: application/json; charset=utf-8
cache-control: no-cache

19:55:01.615 [AsyncHttpClient-1-26] DEBUG org.asynchttpclient.netty.channel.ChannelManager - Adding key: http://localhost:5810 for channel [id: 0x2f9bc3fc, L:/127.0.0.1:56551 - R:localhost/127.0.0.1:5810]
19:55:01.617 [Forwarding sendKeysToElement on session de139260107ca76e775ec3b12c08e9fe to remote] DEBUG org.asynchttpclient.netty.request.NettyRequestSender - Using pooled Channel '[id: 0x2f9bc3fc, L:/127.0.0.1:56551 - R:localhost/127.0.0.1:5810]' for 'POST' to 'http://localhost:5810/session/de139260107ca76e775ec3b12c08e9fe/element/f39ec10d-a829-4d66-bb34-86d3826a4e74/value'
19:55:01.617 [Forwarding sendKeysToElement on session de139260107ca76e775ec3b12c08e9fe to remote] DEBUG org.asynchttpclient.netty.request.NettyRequestSender - Using open Channel [id: 0x2f9bc3fc, L:/127.0.0.1:56551 - R:localhost/127.0.0.1:5810] for POST '/session/de139260107ca76e775ec3b12c08e9fe/element/f39ec10d-a829-4d66-bb34-86d3826a4e74/value'
19:55:01.671 [AsyncHttpClient-1-26] DEBUG org.asynchttpclient.netty.handler.HttpHandler - 

Request DefaultHttpRequest(decodeResult: success, version: HTTP/1.1)
POST /session/de139260107ca76e775ec3b12c08e9fe/element/f39ec10d-a829-4d66-bb34-86d3826a4e74/value HTTP/1.1
User-Agent: selenium/4.8.1 (java windows)
Content-Length: 201
Content-Type: application/json; charset=utf-8
host: localhost:5810
accept: */*

Response DefaultHttpResponse(decodeResult: success, version: HTTP/1.1)
HTTP/1.1 200 OK
Content-Length: 14
Content-Type: application/json; charset=utf-8
cache-control: no-cache

19:55:01.671 [AsyncHttpClient-1-26] DEBUG org.asynchttpclient.netty.channel.ChannelManager - Adding key: http://localhost:5810 for channel [id: 0x2f9bc3fc, L:/127.0.0.1:56551 - R:localhost/127.0.0.1:5810]
19:55:01.676 [Forwarding getAlertText on session de139260107ca76e775ec3b12c08e9fe to remote] DEBUG org.asynchttpclient.netty.request.NettyRequestSender - Using pooled Channel '[id: 0x2f9bc3fc, L:/127.0.0.1:56551 - R:localhost/127.0.0.1:5810]' for 'GET' to 'http://localhost:5810/session/de139260107ca76e775ec3b12c08e9fe/alert/text'
19:55:01.676 [Forwarding getAlertText on session de139260107ca76e775ec3b12c08e9fe to remote] DEBUG org.asynchttpclient.netty.request.NettyRequestSender - Using open Channel [id: 0x2f9bc3fc, L:/127.0.0.1:56551 - R:localhost/127.0.0.1:5810] for GET '/session/de139260107ca76e775ec3b12c08e9fe/alert/text'
19:55:01.678 [AsyncHttpClient-1-26] DEBUG org.asynchttpclient.netty.handler.HttpHandler - 

Request DefaultFullHttpRequest(decodeResult: success, version: HTTP/1.1, content: EmptyByteBufBE)
GET /session/de139260107ca76e775ec3b12c08e9fe/alert/text HTTP/1.1
User-Agent: selenium/4.8.1 (java windows)
Cache-Control: no-cache
Content-Type: application/json; charset=utf-8
host: localhost:5810
accept: */*

Response DefaultHttpResponse(decodeResult: success, version: HTTP/1.1)
HTTP/1.1 404 Not Found
Content-Length: 816
Content-Type: application/json; charset=utf-8
cache-control: no-cache

19:55:01.678 [AsyncHttpClient-1-26] DEBUG org.asynchttpclient.netty.channel.ChannelManager - Adding key: http://localhost:5810 for channel [id: 0x2f9bc3fc, L:/127.0.0.1:56551 - R:localhost/127.0.0.1:5810]
19:55:01.679 [Forwarding getCurrentUrl on session de139260107ca76e775ec3b12c08e9fe to remote] DEBUG org.asynchttpclient.netty.request.NettyRequestSender - Using pooled Channel '[id: 0x2f9bc3fc, L:/127.0.0.1:56551 - R:localhost/127.0.0.1:5810]' for 'GET' to 'http://localhost:5810/session/de139260107ca76e775ec3b12c08e9fe/url'
19:55:01.679 [Forwarding getCurrentUrl on session de139260107ca76e775ec3b12c08e9fe to remote] DEBUG org.asynchttpclient.netty.request.NettyRequestSender - Using open Channel [id: 0x2f9bc3fc, L:/127.0.0.1:56551 - R:localhost/127.0.0.1:5810] for GET '/session/de139260107ca76e775ec3b12c08e9fe/url'
19:55:01.682 [AsyncHttpClient-1-26] DEBUG org.asynchttpclient.netty.handler.HttpHandler - 

Request DefaultFullHttpRequest(decodeResult: success, version: HTTP/1.1, content: EmptyByteBufBE)
GET /session/de139260107ca76e775ec3b12c08e9fe/url HTTP/1.1
User-Agent: selenium/4.8.1 (java windows)
Cache-Control: no-cache
Content-Type: application/json; charset=utf-8
host: localhost:5810
accept: */*

Response DefaultHttpResponse(decodeResult: success, version: HTTP/1.1)
HTTP/1.1 200 OK
Content-Length: 38
Content-Type: application/json; charset=utf-8
cache-control: no-cache

19:55:01.683 [AsyncHttpClient-1-26] DEBUG org.asynchttpclient.netty.channel.ChannelManager - Adding key: http://localhost:5810 for channel [id: 0x2f9bc3fc, L:/127.0.0.1:56551 - R:localhost/127.0.0.1:5810]
19:55:01.683 [Forwarding screenshot on session de139260107ca76e775ec3b12c08e9fe to remote] DEBUG org.asynchttpclient.netty.request.NettyRequestSender - Using pooled Channel '[id: 0x2f9bc3fc, L:/127.0.0.1:56551 - R:localhost/127.0.0.1:5810]' for 'GET' to 'http://localhost:5810/session/de139260107ca76e775ec3b12c08e9fe/screenshot'
19:55:01.683 [Forwarding screenshot on session de139260107ca76e775ec3b12c08e9fe to remote] DEBUG org.asynchttpclient.netty.request.NettyRequestSender - Using open Channel [id: 0x2f9bc3fc, L:/127.0.0.1:56551 - R:localhost/127.0.0.1:5810] for GET '/session/de139260107ca76e775ec3b12c08e9fe/screenshot'
19:55:01.795 [AsyncHttpClient-1-26] DEBUG org.asynchttpclient.netty.handler.HttpHandler - 

Request DefaultFullHttpRequest(decodeResult: success, version: HTTP/1.1, content: EmptyByteBufBE)
GET /session/de139260107ca76e775ec3b12c08e9fe/screenshot HTTP/1.1
User-Agent: selenium/4.8.1 (java windows)
Cache-Control: no-cache
Content-Type: application/json; charset=utf-8
host: localhost:5810
accept: */*

Response DefaultHttpResponse(decodeResult: success, version: HTTP/1.1)
HTTP/1.1 200 OK
Content-Length: 56848
Content-Type: application/json; charset=utf-8
cache-control: no-cache

19:55:01.795 [AsyncHttpClient-1-26] DEBUG org.asynchttpclient.netty.channel.ChannelManager - Adding key: http://localhost:5810 for channel [id: 0x2f9bc3fc, L:/127.0.0.1:56551 - R:localhost/127.0.0.1:5810]
19:55:01.797 [main] DEBUG net.serenitybdd.core.photography.Darkroom - Send negative for processing for target\site\serenity\6adca94019f7156b5b02d50dcdcd86549d04d7d2a8a2bccedb68665c7405404e.png
19:55:01.797 [main] DEBUG net.thucydides.core.steps.StepInterceptor - STEP DONE: inputPassword
19:55:01.801 [Forwarding getPageSource on session de139260107ca76e775ec3b12c08e9fe to remote] DEBUG org.asynchttpclient.netty.request.NettyRequestSender - Using pooled Channel '[id: 0x2f9bc3fc, L:/127.0.0.1:56551 - R:localhost/127.0.0.1:5810]' for 'POST' to 'http://localhost:5810/session/de139260107ca76e775ec3b12c08e9fe/execute/sync'
19:55:01.801 [Forwarding getPageSource on session de139260107ca76e775ec3b12c08e9fe to remote] DEBUG org.asynchttpclient.netty.request.NettyRequestSender - Using open Channel [id: 0x2f9bc3fc, L:/127.0.0.1:56551 - R:localhost/127.0.0.1:5810] for POST '/session/de139260107ca76e775ec3b12c08e9fe/execute/sync'
19:55:01.804 [AsyncHttpClient-1-26] DEBUG org.asynchttpclient.netty.handler.HttpHandler - 

Request DefaultHttpRequest(decodeResult: success, version: HTTP/1.1)
POST /session/de139260107ca76e775ec3b12c08e9fe/execute/sync HTTP/1.1
User-Agent: selenium/4.8.1 (java windows)
Content-Length: 176
Content-Type: application/json; charset=utf-8
host: localhost:5810
accept: */*

Response DefaultHttpResponse(decodeResult: success, version: HTTP/1.1)
HTTP/1.1 200 OK
Content-Length: 4311
Content-Type: application/json; charset=utf-8
cache-control: no-cache

19:55:01.804 [AsyncHttpClient-1-26] DEBUG org.asynchttpclient.netty.channel.ChannelManager - Adding key: http://localhost:5810 for channel [id: 0x2f9bc3fc, L:/127.0.0.1:56551 - R:localhost/127.0.0.1:5810]
19:55:01.805 [Forwarding getCurrentUrl on session de139260107ca76e775ec3b12c08e9fe to remote] DEBUG org.asynchttpclient.netty.request.NettyRequestSender - Using pooled Channel '[id: 0x2f9bc3fc, L:/127.0.0.1:56551 - R:localhost/127.0.0.1:5810]' for 'GET' to 'http://localhost:5810/session/de139260107ca76e775ec3b12c08e9fe/url'
19:55:01.805 [Forwarding getCurrentUrl on session de139260107ca76e775ec3b12c08e9fe to remote] DEBUG org.asynchttpclient.netty.request.NettyRequestSender - Using open Channel [id: 0x2f9bc3fc, L:/127.0.0.1:56551 - R:localhost/127.0.0.1:5810] for GET '/session/de139260107ca76e775ec3b12c08e9fe/url'
19:55:01.807 [AsyncHttpClient-1-26] DEBUG org.asynchttpclient.netty.handler.HttpHandler - 

Request DefaultFullHttpRequest(decodeResult: success, version: HTTP/1.1, content: EmptyByteBufBE)
GET /session/de139260107ca76e775ec3b12c08e9fe/url HTTP/1.1
User-Agent: selenium/4.8.1 (java windows)
Cache-Control: no-cache
Content-Type: application/json; charset=utf-8
host: localhost:5810
accept: */*

Response DefaultHttpResponse(decodeResult: success, version: HTTP/1.1)
HTTP/1.1 200 OK
Content-Length: 38
Content-Type: application/json; charset=utf-8
cache-control: no-cache

19:55:01.807 [AsyncHttpClient-1-26] DEBUG org.asynchttpclient.netty.channel.ChannelManager - Adding key: http://localhost:5810 for channel [id: 0x2f9bc3fc, L:/127.0.0.1:56551 - R:localhost/127.0.0.1:5810]
19:55:01.809 [main] DEBUG net.thucydides.core.steps.StepInterceptor - STARTING STEP: CartSteps.loginAsAUser - clickButtonLogin
19:55:01.810 [Forwarding findElement on session de139260107ca76e775ec3b12c08e9fe to remote] DEBUG org.asynchttpclient.netty.request.NettyRequestSender - Using pooled Channel '[id: 0x2f9bc3fc, L:/127.0.0.1:56551 - R:localhost/127.0.0.1:5810]' for 'POST' to 'http://localhost:5810/session/de139260107ca76e775ec3b12c08e9fe/element'
19:55:01.810 [Forwarding findElement on session de139260107ca76e775ec3b12c08e9fe to remote] DEBUG org.asynchttpclient.netty.request.NettyRequestSender - Using open Channel [id: 0x2f9bc3fc, L:/127.0.0.1:56551 - R:localhost/127.0.0.1:5810] for POST '/session/de139260107ca76e775ec3b12c08e9fe/element'
19:55:01.819 [AsyncHttpClient-1-26] DEBUG org.asynchttpclient.netty.handler.HttpHandler - 

Request DefaultHttpRequest(decodeResult: success, version: HTTP/1.1)
POST /session/de139260107ca76e775ec3b12c08e9fe/element HTTP/1.1
User-Agent: selenium/4.8.1 (java windows)
Content-Length: 59
Content-Type: application/json; charset=utf-8
host: localhost:5810
accept: */*

Response DefaultHttpResponse(decodeResult: success, version: HTTP/1.1)
HTTP/1.1 200 OK
Content-Length: 88
Content-Type: application/json; charset=utf-8
cache-control: no-cache

19:55:01.819 [AsyncHttpClient-1-26] DEBUG org.asynchttpclient.netty.channel.ChannelManager - Adding key: http://localhost:5810 for channel [id: 0x2f9bc3fc, L:/127.0.0.1:56551 - R:localhost/127.0.0.1:5810]
19:55:01.820 [Forwarding getElementTagName on session de139260107ca76e775ec3b12c08e9fe to remote] DEBUG org.asynchttpclient.netty.request.NettyRequestSender - Using pooled Channel '[id: 0x2f9bc3fc, L:/127.0.0.1:56551 - R:localhost/127.0.0.1:5810]' for 'GET' to 'http://localhost:5810/session/de139260107ca76e775ec3b12c08e9fe/element/9107ae8d-b01d-4035-9059-bce0e37bff0c/name'
19:55:01.820 [Forwarding getElementTagName on session de139260107ca76e775ec3b12c08e9fe to remote] DEBUG org.asynchttpclient.netty.request.NettyRequestSender - Using open Channel [id: 0x2f9bc3fc, L:/127.0.0.1:56551 - R:localhost/127.0.0.1:5810] for GET '/session/de139260107ca76e775ec3b12c08e9fe/element/9107ae8d-b01d-4035-9059-bce0e37bff0c/name'
19:55:01.823 [AsyncHttpClient-1-26] DEBUG org.asynchttpclient.netty.handler.HttpHandler - 

Request DefaultFullHttpRequest(decodeResult: success, version: HTTP/1.1, content: EmptyByteBufBE)
GET /session/de139260107ca76e775ec3b12c08e9fe/element/9107ae8d-b01d-4035-9059-bce0e37bff0c/name HTTP/1.1
User-Agent: selenium/4.8.1 (java windows)
Cache-Control: no-cache
Content-Type: application/json; charset=utf-8
host: localhost:5810
accept: */*

Response DefaultHttpResponse(decodeResult: success, version: HTTP/1.1)
HTTP/1.1 200 OK
Content-Length: 17
Content-Type: application/json; charset=utf-8
cache-control: no-cache

19:55:01.823 [AsyncHttpClient-1-26] DEBUG org.asynchttpclient.netty.channel.ChannelManager - Adding key: http://localhost:5810 for channel [id: 0x2f9bc3fc, L:/127.0.0.1:56551 - R:localhost/127.0.0.1:5810]
19:55:01.824 [Forwarding getElementTagName on session de139260107ca76e775ec3b12c08e9fe to remote] DEBUG org.asynchttpclient.netty.request.NettyRequestSender - Using pooled Channel '[id: 0x2f9bc3fc, L:/127.0.0.1:56551 - R:localhost/127.0.0.1:5810]' for 'GET' to 'http://localhost:5810/session/de139260107ca76e775ec3b12c08e9fe/element/9107ae8d-b01d-4035-9059-bce0e37bff0c/name'
19:55:01.824 [Forwarding getElementTagName on session de139260107ca76e775ec3b12c08e9fe to remote] DEBUG org.asynchttpclient.netty.request.NettyRequestSender - Using open Channel [id: 0x2f9bc3fc, L:/127.0.0.1:56551 - R:localhost/127.0.0.1:5810] for GET '/session/de139260107ca76e775ec3b12c08e9fe/element/9107ae8d-b01d-4035-9059-bce0e37bff0c/name'
19:55:01.826 [AsyncHttpClient-1-26] DEBUG org.asynchttpclient.netty.handler.HttpHandler - 

Request DefaultFullHttpRequest(decodeResult: success, version: HTTP/1.1, content: EmptyByteBufBE)
GET /session/de139260107ca76e775ec3b12c08e9fe/element/9107ae8d-b01d-4035-9059-bce0e37bff0c/name HTTP/1.1
User-Agent: selenium/4.8.1 (java windows)
Cache-Control: no-cache
Content-Type: application/json; charset=utf-8
host: localhost:5810
accept: */*

Response DefaultHttpResponse(decodeResult: success, version: HTTP/1.1)
HTTP/1.1 200 OK
Content-Length: 17
Content-Type: application/json; charset=utf-8
cache-control: no-cache

19:55:01.826 [AsyncHttpClient-1-26] DEBUG org.asynchttpclient.netty.channel.ChannelManager - Adding key: http://localhost:5810 for channel [id: 0x2f9bc3fc, L:/127.0.0.1:56551 - R:localhost/127.0.0.1:5810]
19:55:01.828 [Forwarding isElementEnabled on session de139260107ca76e775ec3b12c08e9fe to remote] DEBUG org.asynchttpclient.netty.request.NettyRequestSender - Using pooled Channel '[id: 0x2f9bc3fc, L:/127.0.0.1:56551 - R:localhost/127.0.0.1:5810]' for 'GET' to 'http://localhost:5810/session/de139260107ca76e775ec3b12c08e9fe/element/9107ae8d-b01d-4035-9059-bce0e37bff0c/enabled'
19:55:01.828 [Forwarding isElementEnabled on session de139260107ca76e775ec3b12c08e9fe to remote] DEBUG org.asynchttpclient.netty.request.NettyRequestSender - Using open Channel [id: 0x2f9bc3fc, L:/127.0.0.1:56551 - R:localhost/127.0.0.1:5810] for GET '/session/de139260107ca76e775ec3b12c08e9fe/element/9107ae8d-b01d-4035-9059-bce0e37bff0c/enabled'
19:55:01.834 [AsyncHttpClient-1-26] DEBUG org.asynchttpclient.netty.handler.HttpHandler - 

Request DefaultFullHttpRequest(decodeResult: success, version: HTTP/1.1, content: EmptyByteBufBE)
GET /session/de139260107ca76e775ec3b12c08e9fe/element/9107ae8d-b01d-4035-9059-bce0e37bff0c/enabled HTTP/1.1
User-Agent: selenium/4.8.1 (java windows)
Cache-Control: no-cache
Content-Type: application/json; charset=utf-8
host: localhost:5810
accept: */*

Response DefaultHttpResponse(decodeResult: success, version: HTTP/1.1)
HTTP/1.1 200 OK
Content-Length: 14
Content-Type: application/json; charset=utf-8
cache-control: no-cache

19:55:01.834 [AsyncHttpClient-1-26] DEBUG org.asynchttpclient.netty.channel.ChannelManager - Adding key: http://localhost:5810 for channel [id: 0x2f9bc3fc, L:/127.0.0.1:56551 - R:localhost/127.0.0.1:5810]
19:55:01.835 [Forwarding isElementEnabled on session de139260107ca76e775ec3b12c08e9fe to remote] DEBUG org.asynchttpclient.netty.request.NettyRequestSender - Using pooled Channel '[id: 0x2f9bc3fc, L:/127.0.0.1:56551 - R:localhost/127.0.0.1:5810]' for 'GET' to 'http://localhost:5810/session/de139260107ca76e775ec3b12c08e9fe/element/9107ae8d-b01d-4035-9059-bce0e37bff0c/enabled'
19:55:01.835 [Forwarding isElementEnabled on session de139260107ca76e775ec3b12c08e9fe to remote] DEBUG org.asynchttpclient.netty.request.NettyRequestSender - Using open Channel [id: 0x2f9bc3fc, L:/127.0.0.1:56551 - R:localhost/127.0.0.1:5810] for GET '/session/de139260107ca76e775ec3b12c08e9fe/element/9107ae8d-b01d-4035-9059-bce0e37bff0c/enabled'
19:55:01.838 [AsyncHttpClient-1-26] DEBUG org.asynchttpclient.netty.handler.HttpHandler - 

Request DefaultFullHttpRequest(decodeResult: success, version: HTTP/1.1, content: EmptyByteBufBE)
GET /session/de139260107ca76e775ec3b12c08e9fe/element/9107ae8d-b01d-4035-9059-bce0e37bff0c/enabled HTTP/1.1
User-Agent: selenium/4.8.1 (java windows)
Cache-Control: no-cache
Content-Type: application/json; charset=utf-8
host: localhost:5810
accept: */*

Response DefaultHttpResponse(decodeResult: success, version: HTTP/1.1)
HTTP/1.1 200 OK
Content-Length: 14
Content-Type: application/json; charset=utf-8
cache-control: no-cache

19:55:01.838 [AsyncHttpClient-1-26] DEBUG org.asynchttpclient.netty.channel.ChannelManager - Adding key: http://localhost:5810 for channel [id: 0x2f9bc3fc, L:/127.0.0.1:56551 - R:localhost/127.0.0.1:5810]
19:55:01.840 [Forwarding findElement on session de139260107ca76e775ec3b12c08e9fe to remote] DEBUG org.asynchttpclient.netty.request.NettyRequestSender - Using pooled Channel '[id: 0x2f9bc3fc, L:/127.0.0.1:56551 - R:localhost/127.0.0.1:5810]' for 'POST' to 'http://localhost:5810/session/de139260107ca76e775ec3b12c08e9fe/element'
19:55:01.840 [Forwarding findElement on session de139260107ca76e775ec3b12c08e9fe to remote] DEBUG org.asynchttpclient.netty.request.NettyRequestSender - Using open Channel [id: 0x2f9bc3fc, L:/127.0.0.1:56551 - R:localhost/127.0.0.1:5810] for POST '/session/de139260107ca76e775ec3b12c08e9fe/element'
19:55:01.844 [AsyncHttpClient-1-26] DEBUG org.asynchttpclient.netty.handler.HttpHandler - 

Request DefaultHttpRequest(decodeResult: success, version: HTTP/1.1)
POST /session/de139260107ca76e775ec3b12c08e9fe/element HTTP/1.1
User-Agent: selenium/4.8.1 (java windows)
Content-Length: 59
Content-Type: application/json; charset=utf-8
host: localhost:5810
accept: */*

Response DefaultHttpResponse(decodeResult: success, version: HTTP/1.1)
HTTP/1.1 200 OK
Content-Length: 88
Content-Type: application/json; charset=utf-8
cache-control: no-cache

19:55:01.844 [AsyncHttpClient-1-26] DEBUG org.asynchttpclient.netty.channel.ChannelManager - Adding key: http://localhost:5810 for channel [id: 0x2f9bc3fc, L:/127.0.0.1:56551 - R:localhost/127.0.0.1:5810]
19:55:01.845 [Forwarding clickElement on session de139260107ca76e775ec3b12c08e9fe to remote] DEBUG org.asynchttpclient.netty.request.NettyRequestSender - Using pooled Channel '[id: 0x2f9bc3fc, L:/127.0.0.1:56551 - R:localhost/127.0.0.1:5810]' for 'POST' to 'http://localhost:5810/session/de139260107ca76e775ec3b12c08e9fe/element/9107ae8d-b01d-4035-9059-bce0e37bff0c/click'
19:55:01.845 [Forwarding clickElement on session de139260107ca76e775ec3b12c08e9fe to remote] DEBUG org.asynchttpclient.netty.request.NettyRequestSender - Using open Channel [id: 0x2f9bc3fc, L:/127.0.0.1:56551 - R:localhost/127.0.0.1:5810] for POST '/session/de139260107ca76e775ec3b12c08e9fe/element/9107ae8d-b01d-4035-9059-bce0e37bff0c/click'
19:55:01.924 [AsyncHttpClient-1-26] DEBUG org.asynchttpclient.netty.handler.HttpHandler - 

Request DefaultHttpRequest(decodeResult: success, version: HTTP/1.1)
POST /session/de139260107ca76e775ec3b12c08e9fe/element/9107ae8d-b01d-4035-9059-bce0e37bff0c/click HTTP/1.1
User-Agent: selenium/4.8.1 (java windows)
Content-Length: 50
Content-Type: application/json; charset=utf-8
host: localhost:5810
accept: */*

Response DefaultHttpResponse(decodeResult: success, version: HTTP/1.1)
HTTP/1.1 200 OK
Content-Length: 14
Content-Type: application/json; charset=utf-8
cache-control: no-cache

19:55:01.924 [AsyncHttpClient-1-26] DEBUG org.asynchttpclient.netty.channel.ChannelManager - Adding key: http://localhost:5810 for channel [id: 0x2f9bc3fc, L:/127.0.0.1:56551 - R:localhost/127.0.0.1:5810]
19:55:01.928 [Forwarding getAlertText on session de139260107ca76e775ec3b12c08e9fe to remote] DEBUG org.asynchttpclient.netty.request.NettyRequestSender - Using pooled Channel '[id: 0x2f9bc3fc, L:/127.0.0.1:56551 - R:localhost/127.0.0.1:5810]' for 'GET' to 'http://localhost:5810/session/de139260107ca76e775ec3b12c08e9fe/alert/text'
19:55:01.928 [Forwarding getAlertText on session de139260107ca76e775ec3b12c08e9fe to remote] DEBUG org.asynchttpclient.netty.request.NettyRequestSender - Using open Channel [id: 0x2f9bc3fc, L:/127.0.0.1:56551 - R:localhost/127.0.0.1:5810] for GET '/session/de139260107ca76e775ec3b12c08e9fe/alert/text'
19:55:01.935 [AsyncHttpClient-1-26] DEBUG org.asynchttpclient.netty.handler.HttpHandler - 

Request DefaultFullHttpRequest(decodeResult: success, version: HTTP/1.1, content: EmptyByteBufBE)
GET /session/de139260107ca76e775ec3b12c08e9fe/alert/text HTTP/1.1
User-Agent: selenium/4.8.1 (java windows)
Cache-Control: no-cache
Content-Type: application/json; charset=utf-8
host: localhost:5810
accept: */*

Response DefaultHttpResponse(decodeResult: success, version: HTTP/1.1)
HTTP/1.1 404 Not Found
Content-Length: 816
Content-Type: application/json; charset=utf-8
cache-control: no-cache

19:55:01.935 [AsyncHttpClient-1-26] DEBUG org.asynchttpclient.netty.channel.ChannelManager - Adding key: http://localhost:5810 for channel [id: 0x2f9bc3fc, L:/127.0.0.1:56551 - R:localhost/127.0.0.1:5810]
19:55:01.936 [Forwarding getCurrentUrl on session de139260107ca76e775ec3b12c08e9fe to remote] DEBUG org.asynchttpclient.netty.request.NettyRequestSender - Using pooled Channel '[id: 0x2f9bc3fc, L:/127.0.0.1:56551 - R:localhost/127.0.0.1:5810]' for 'GET' to 'http://localhost:5810/session/de139260107ca76e775ec3b12c08e9fe/url'
19:55:01.936 [Forwarding getCurrentUrl on session de139260107ca76e775ec3b12c08e9fe to remote] DEBUG org.asynchttpclient.netty.request.NettyRequestSender - Using open Channel [id: 0x2f9bc3fc, L:/127.0.0.1:56551 - R:localhost/127.0.0.1:5810] for GET '/session/de139260107ca76e775ec3b12c08e9fe/url'
19:55:01.939 [AsyncHttpClient-1-26] DEBUG org.asynchttpclient.netty.handler.HttpHandler - 

Request DefaultFullHttpRequest(decodeResult: success, version: HTTP/1.1, content: EmptyByteBufBE)
GET /session/de139260107ca76e775ec3b12c08e9fe/url HTTP/1.1
User-Agent: selenium/4.8.1 (java windows)
Cache-Control: no-cache
Content-Type: application/json; charset=utf-8
host: localhost:5810
accept: */*

Response DefaultHttpResponse(decodeResult: success, version: HTTP/1.1)
HTTP/1.1 200 OK
Content-Length: 52
Content-Type: application/json; charset=utf-8
cache-control: no-cache

19:55:01.939 [AsyncHttpClient-1-26] DEBUG org.asynchttpclient.netty.channel.ChannelManager - Adding key: http://localhost:5810 for channel [id: 0x2f9bc3fc, L:/127.0.0.1:56551 - R:localhost/127.0.0.1:5810]
19:55:01.940 [Forwarding screenshot on session de139260107ca76e775ec3b12c08e9fe to remote] DEBUG org.asynchttpclient.netty.request.NettyRequestSender - Using pooled Channel '[id: 0x2f9bc3fc, L:/127.0.0.1:56551 - R:localhost/127.0.0.1:5810]' for 'GET' to 'http://localhost:5810/session/de139260107ca76e775ec3b12c08e9fe/screenshot'
19:55:01.941 [Forwarding screenshot on session de139260107ca76e775ec3b12c08e9fe to remote] DEBUG org.asynchttpclient.netty.request.NettyRequestSender - Using open Channel [id: 0x2f9bc3fc, L:/127.0.0.1:56551 - R:localhost/127.0.0.1:5810] for GET '/session/de139260107ca76e775ec3b12c08e9fe/screenshot'
19:55:02.008 [AsyncHttpClient-1-1] DEBUG org.asynchttpclient.netty.channel.DefaultChannelPool - Entry count for : http://localhost:56552 : 1
19:55:02.068 [AsyncHttpClient-1-26] DEBUG org.asynchttpclient.netty.handler.HttpHandler - 

Request DefaultFullHttpRequest(decodeResult: success, version: HTTP/1.1, content: EmptyByteBufBE)
GET /session/de139260107ca76e775ec3b12c08e9fe/screenshot HTTP/1.1
User-Agent: selenium/4.8.1 (java windows)
Cache-Control: no-cache
Content-Type: application/json; charset=utf-8
host: localhost:5810
accept: */*

Response DefaultHttpResponse(decodeResult: success, version: HTTP/1.1)
HTTP/1.1 200 OK
Content-Length: 285512
Content-Type: application/json; charset=utf-8
cache-control: no-cache

19:55:02.068 [AsyncHttpClient-1-26] DEBUG org.asynchttpclient.netty.channel.ChannelManager - Adding key: http://localhost:5810 for channel [id: 0x2f9bc3fc, L:/127.0.0.1:56551 - R:localhost/127.0.0.1:5810]
19:55:02.072 [main] DEBUG net.serenitybdd.core.photography.Darkroom - Send negative for processing for target\site\serenity\7614ee354bf590aa041e91fab36a6d543e78d0f13e6beff2e4ea75b68483773b.png
19:55:02.072 [main] DEBUG net.thucydides.core.steps.StepInterceptor - STEP DONE: clickButtonLogin
  &amp#27;[32mGiven &amp#27;[0m&amp#27;[32mI am a logged in user&amp#27;[0m                                            &amp#27;[90m# starter.stepDefinitions.CartSteps.loginAsAUser()&amp#27;[0m
19:55:02.077 [Forwarding getPageSource on session de139260107ca76e775ec3b12c08e9fe to remote] DEBUG org.asynchttpclient.netty.request.NettyRequestSender - Using pooled Channel '[id: 0x2f9bc3fc, L:/127.0.0.1:56551 - R:localhost/127.0.0.1:5810]' for 'POST' to 'http://localhost:5810/session/de139260107ca76e775ec3b12c08e9fe/execute/sync'
19:55:02.077 [Forwarding getPageSource on session de139260107ca76e775ec3b12c08e9fe to remote] DEBUG org.asynchttpclient.netty.request.NettyRequestSender - Using open Channel [id: 0x2f9bc3fc, L:/127.0.0.1:56551 - R:localhost/127.0.0.1:5810] for POST '/session/de139260107ca76e775ec3b12c08e9fe/execute/sync'
19:55:02.082 [AsyncHttpClient-1-26] DEBUG org.asynchttpclient.netty.handler.HttpHandler - 

Request DefaultHttpRequest(decodeResult: success, version: HTTP/1.1)
POST /session/de139260107ca76e775ec3b12c08e9fe/execute/sync HTTP/1.1
User-Agent: selenium/4.8.1 (java windows)
Content-Length: 176
Content-Type: application/json; charset=utf-8
host: localhost:5810
accept: */*

Response DefaultHttpResponse(decodeResult: success, version: HTTP/1.1)
HTTP/1.1 200 OK
Content-Length: 16329
Content-Type: application/json; charset=utf-8
cache-control: no-cache

19:55:02.082 [AsyncHttpClient-1-26] DEBUG org.asynchttpclient.netty.channel.ChannelManager - Adding key: http://localhost:5810 for channel [id: 0x2f9bc3fc, L:/127.0.0.1:56551 - R:localhost/127.0.0.1:5810]
19:55:02.083 [Forwarding getCurrentUrl on session de139260107ca76e775ec3b12c08e9fe to remote] DEBUG org.asynchttpclient.netty.request.NettyRequestSender - Using pooled Channel '[id: 0x2f9bc3fc, L:/127.0.0.1:56551 - R:localhost/127.0.0.1:5810]' for 'GET' to 'http://localhost:5810/session/de139260107ca76e775ec3b12c08e9fe/url'
19:55:02.083 [Forwarding getCurrentUrl on session de139260107ca76e775ec3b12c08e9fe to remote] DEBUG org.asynchttpclient.netty.request.NettyRequestSender - Using open Channel [id: 0x2f9bc3fc, L:/127.0.0.1:56551 - R:localhost/127.0.0.1:5810] for GET '/session/de139260107ca76e775ec3b12c08e9fe/url'
19:55:02.085 [AsyncHttpClient-1-26] DEBUG org.asynchttpclient.netty.handler.HttpHandler - 

Request DefaultFullHttpRequest(decodeResult: success, version: HTTP/1.1, content: EmptyByteBufBE)
GET /session/de139260107ca76e775ec3b12c08e9fe/url HTTP/1.1
User-Agent: selenium/4.8.1 (java windows)
Cache-Control: no-cache
Content-Type: application/json; charset=utf-8
host: localhost:5810
accept: */*

Response DefaultHttpResponse(decodeResult: success, version: HTTP/1.1)
HTTP/1.1 200 OK
Content-Length: 52
Content-Type: application/json; charset=utf-8
cache-control: no-cache

19:55:02.085 [AsyncHttpClient-1-26] DEBUG org.asynchttpclient.netty.channel.ChannelManager - Adding key: http://localhost:5810 for channel [id: 0x2f9bc3fc, L:/127.0.0.1:56551 - R:localhost/127.0.0.1:5810]
19:55:02.090 [Forwarding getPageSource on session de139260107ca76e775ec3b12c08e9fe to remote] DEBUG org.asynchttpclient.netty.request.NettyRequestSender - Using pooled Channel '[id: 0x2f9bc3fc, L:/127.0.0.1:56551 - R:localhost/127.0.0.1:5810]' for 'POST' to 'http://localhost:5810/session/de139260107ca76e775ec3b12c08e9fe/execute/sync'
19:55:02.090 [Forwarding getPageSource on session de139260107ca76e775ec3b12c08e9fe to remote] DEBUG org.asynchttpclient.netty.request.NettyRequestSender - Using open Channel [id: 0x2f9bc3fc, L:/127.0.0.1:56551 - R:localhost/127.0.0.1:5810] for POST '/session/de139260107ca76e775ec3b12c08e9fe/execute/sync'
19:55:02.093 [AsyncHttpClient-1-26] DEBUG org.asynchttpclient.netty.handler.HttpHandler - 

Request DefaultHttpRequest(decodeResult: success, version: HTTP/1.1)
POST /session/de139260107ca76e775ec3b12c08e9fe/execute/sync HTTP/1.1
User-Agent: selenium/4.8.1 (java windows)
Content-Length: 176
Content-Type: application/json; charset=utf-8
host: localhost:5810
accept: */*

Response DefaultHttpResponse(decodeResult: success, version: HTTP/1.1)
HTTP/1.1 200 OK
Content-Length: 16329
Content-Type: application/json; charset=utf-8
cache-control: no-cache

19:55:02.093 [AsyncHttpClient-1-26] DEBUG org.asynchttpclient.netty.channel.ChannelManager - Adding key: http://localhost:5810 for channel [id: 0x2f9bc3fc, L:/127.0.0.1:56551 - R:localhost/127.0.0.1:5810]
19:55:02.095 [Forwarding getCurrentUrl on session de139260107ca76e775ec3b12c08e9fe to remote] DEBUG org.asynchttpclient.netty.request.NettyRequestSender - Using pooled Channel '[id: 0x2f9bc3fc, L:/127.0.0.1:56551 - R:localhost/127.0.0.1:5810]' for 'GET' to 'http://localhost:5810/session/de139260107ca76e775ec3b12c08e9fe/url'
19:55:02.095 [Forwarding getCurrentUrl on session de139260107ca76e775ec3b12c08e9fe to remote] DEBUG org.asynchttpclient.netty.request.NettyRequestSender - Using open Channel [id: 0x2f9bc3fc, L:/127.0.0.1:56551 - R:localhost/127.0.0.1:5810] for GET '/session/de139260107ca76e775ec3b12c08e9fe/url'
19:55:02.098 [AsyncHttpClient-1-26] DEBUG org.asynchttpclient.netty.handler.HttpHandler - 

Request DefaultFullHttpRequest(decodeResult: success, version: HTTP/1.1, content: EmptyByteBufBE)
GET /session/de139260107ca76e775ec3b12c08e9fe/url HTTP/1.1
User-Agent: selenium/4.8.1 (java windows)
Cache-Control: no-cache
Content-Type: application/json; charset=utf-8
host: localhost:5810
accept: */*

Response DefaultHttpResponse(decodeResult: success, version: HTTP/1.1)
HTTP/1.1 200 OK
Content-Length: 52
Content-Type: application/json; charset=utf-8
cache-control: no-cache

19:55:02.098 [AsyncHttpClient-1-26] DEBUG org.asynchttpclient.netty.channel.ChannelManager - Adding key: http://localhost:5810 for channel [id: 0x2f9bc3fc, L:/127.0.0.1:56551 - R:localhost/127.0.0.1:5810]
19:55:02.099 [main] DEBUG net.thucydides.core.steps.StepInterceptor - STARTING STEP: CartSteps.addProductToCart - clickProduct
19:55:02.101 [Forwarding findElement on session de139260107ca76e775ec3b12c08e9fe to remote] DEBUG org.asynchttpclient.netty.request.NettyRequestSender - Using pooled Channel '[id: 0x2f9bc3fc, L:/127.0.0.1:56551 - R:localhost/127.0.0.1:5810]' for 'POST' to 'http://localhost:5810/session/de139260107ca76e775ec3b12c08e9fe/element'
19:55:02.101 [Forwarding findElement on session de139260107ca76e775ec3b12c08e9fe to remote] DEBUG org.asynchttpclient.netty.request.NettyRequestSender - Using open Channel [id: 0x2f9bc3fc, L:/127.0.0.1:56551 - R:localhost/127.0.0.1:5810] for POST '/session/de139260107ca76e775ec3b12c08e9fe/element'
19:55:02.109 [AsyncHttpClient-1-26] DEBUG org.asynchttpclient.netty.handler.HttpHandler - 

Request DefaultHttpRequest(decodeResult: success, version: HTTP/1.1)
POST /session/de139260107ca76e775ec3b12c08e9fe/element HTTP/1.1
User-Agent: selenium/4.8.1 (java windows)
Content-Length: 90
Content-Type: application/json; charset=utf-8
host: localhost:5810
accept: */*

Response DefaultHttpResponse(decodeResult: success, version: HTTP/1.1)
HTTP/1.1 200 OK
Content-Length: 88
Content-Type: application/json; charset=utf-8
cache-control: no-cache

19:55:02.109 [AsyncHttpClient-1-26] DEBUG org.asynchttpclient.netty.channel.ChannelManager - Adding key: http://localhost:5810 for channel [id: 0x2f9bc3fc, L:/127.0.0.1:56551 - R:localhost/127.0.0.1:5810]
19:55:02.110 [Forwarding getElementTagName on session de139260107ca76e775ec3b12c08e9fe to remote] DEBUG org.asynchttpclient.netty.request.NettyRequestSender - Using pooled Channel '[id: 0x2f9bc3fc, L:/127.0.0.1:56551 - R:localhost/127.0.0.1:5810]' for 'GET' to 'http://localhost:5810/session/de139260107ca76e775ec3b12c08e9fe/element/31a89dee-82e7-4a73-ba9b-8e757f2f8c94/name'
19:55:02.110 [Forwarding getElementTagName on session de139260107ca76e775ec3b12c08e9fe to remote] DEBUG org.asynchttpclient.netty.request.NettyRequestSender - Using open Channel [id: 0x2f9bc3fc, L:/127.0.0.1:56551 - R:localhost/127.0.0.1:5810] for GET '/session/de139260107ca76e775ec3b12c08e9fe/element/31a89dee-82e7-4a73-ba9b-8e757f2f8c94/name'
19:55:02.112 [AsyncHttpClient-1-26] DEBUG org.asynchttpclient.netty.handler.HttpHandler - 

Request DefaultFullHttpRequest(decodeResult: success, version: HTTP/1.1, content: EmptyByteBufBE)
GET /session/de139260107ca76e775ec3b12c08e9fe/element/31a89dee-82e7-4a73-ba9b-8e757f2f8c94/name HTTP/1.1
User-Agent: selenium/4.8.1 (java windows)
Cache-Control: no-cache
Content-Type: application/json; charset=utf-8
host: localhost:5810
accept: */*

Response DefaultHttpResponse(decodeResult: success, version: HTTP/1.1)
HTTP/1.1 200 OK
Content-Length: 18
Content-Type: application/json; charset=utf-8
cache-control: no-cache

19:55:02.112 [AsyncHttpClient-1-26] DEBUG org.asynchttpclient.netty.channel.ChannelManager - Adding key: http://localhost:5810 for channel [id: 0x2f9bc3fc, L:/127.0.0.1:56551 - R:localhost/127.0.0.1:5810]
19:55:02.113 [Forwarding getElementTagName on session de139260107ca76e775ec3b12c08e9fe to remote] DEBUG org.asynchttpclient.netty.request.NettyRequestSender - Using pooled Channel '[id: 0x2f9bc3fc, L:/127.0.0.1:56551 - R:localhost/127.0.0.1:5810]' for 'GET' to 'http://localhost:5810/session/de139260107ca76e775ec3b12c08e9fe/element/31a89dee-82e7-4a73-ba9b-8e757f2f8c94/name'
19:55:02.113 [Forwarding getElementTagName on session de139260107ca76e775ec3b12c08e9fe to remote] DEBUG org.asynchttpclient.netty.request.NettyRequestSender - Using open Channel [id: 0x2f9bc3fc, L:/127.0.0.1:56551 - R:localhost/127.0.0.1:5810] for GET '/session/de139260107ca76e775ec3b12c08e9fe/element/31a89dee-82e7-4a73-ba9b-8e757f2f8c94/name'
19:55:02.115 [AsyncHttpClient-1-26] DEBUG org.asynchttpclient.netty.handler.HttpHandler - 

Request DefaultFullHttpRequest(decodeResult: success, version: HTTP/1.1, content: EmptyByteBufBE)
GET /session/de139260107ca76e775ec3b12c08e9fe/element/31a89dee-82e7-4a73-ba9b-8e757f2f8c94/name HTTP/1.1
User-Agent: selenium/4.8.1 (java windows)
Cache-Control: no-cache
Content-Type: application/json; charset=utf-8
host: localhost:5810
accept: */*

Response DefaultHttpResponse(decodeResult: success, version: HTTP/1.1)
HTTP/1.1 200 OK
Content-Length: 18
Content-Type: application/json; charset=utf-8
cache-control: no-cache

19:55:02.115 [AsyncHttpClient-1-26] DEBUG org.asynchttpclient.netty.channel.ChannelManager - Adding key: http://localhost:5810 for channel [id: 0x2f9bc3fc, L:/127.0.0.1:56551 - R:localhost/127.0.0.1:5810]
19:55:02.116 [Forwarding isElementEnabled on session de139260107ca76e775ec3b12c08e9fe to remote] DEBUG org.asynchttpclient.netty.request.NettyRequestSender - Using pooled Channel '[id: 0x2f9bc3fc, L:/127.0.0.1:56551 - R:localhost/127.0.0.1:5810]' for 'GET' to 'http://localhost:5810/session/de139260107ca76e775ec3b12c08e9fe/element/31a89dee-82e7-4a73-ba9b-8e757f2f8c94/enabled'
19:55:02.116 [Forwarding isElementEnabled on session de139260107ca76e775ec3b12c08e9fe to remote] DEBUG org.asynchttpclient.netty.request.NettyRequestSender - Using open Channel [id: 0x2f9bc3fc, L:/127.0.0.1:56551 - R:localhost/127.0.0.1:5810] for GET '/session/de139260107ca76e775ec3b12c08e9fe/element/31a89dee-82e7-4a73-ba9b-8e757f2f8c94/enabled'
19:55:02.122 [AsyncHttpClient-1-26] DEBUG org.asynchttpclient.netty.handler.HttpHandler - 

Request DefaultFullHttpRequest(decodeResult: success, version: HTTP/1.1, content: EmptyByteBufBE)
GET /session/de139260107ca76e775ec3b12c08e9fe/element/31a89dee-82e7-4a73-ba9b-8e757f2f8c94/enabled HTTP/1.1
User-Agent: selenium/4.8.1 (java windows)
Cache-Control: no-cache
Content-Type: application/json; charset=utf-8
host: localhost:5810
accept: */*

Response DefaultHttpResponse(decodeResult: success, version: HTTP/1.1)
HTTP/1.1 200 OK
Content-Length: 14
Content-Type: application/json; charset=utf-8
cache-control: no-cache

19:55:02.122 [AsyncHttpClient-1-26] DEBUG org.asynchttpclient.netty.channel.ChannelManager - Adding key: http://localhost:5810 for channel [id: 0x2f9bc3fc, L:/127.0.0.1:56551 - R:localhost/127.0.0.1:5810]
19:55:02.122 [Forwarding isElementEnabled on session de139260107ca76e775ec3b12c08e9fe to remote] DEBUG org.asynchttpclient.netty.request.NettyRequestSender - Using pooled Channel '[id: 0x2f9bc3fc, L:/127.0.0.1:56551 - R:localhost/127.0.0.1:5810]' for 'GET' to 'http://localhost:5810/session/de139260107ca76e775ec3b12c08e9fe/element/31a89dee-82e7-4a73-ba9b-8e757f2f8c94/enabled'
19:55:02.122 [Forwarding isElementEnabled on session de139260107ca76e775ec3b12c08e9fe to remote] DEBUG org.asynchttpclient.netty.request.NettyRequestSender - Using open Channel [id: 0x2f9bc3fc, L:/127.0.0.1:56551 - R:localhost/127.0.0.1:5810] for GET '/session/de139260107ca76e775ec3b12c08e9fe/element/31a89dee-82e7-4a73-ba9b-8e757f2f8c94/enabled'
19:55:02.125 [AsyncHttpClient-1-26] DEBUG org.asynchttpclient.netty.handler.HttpHandler - 

Request DefaultFullHttpRequest(decodeResult: success, version: HTTP/1.1, content: EmptyByteBufBE)
GET /session/de139260107ca76e775ec3b12c08e9fe/element/31a89dee-82e7-4a73-ba9b-8e757f2f8c94/enabled HTTP/1.1
User-Agent: selenium/4.8.1 (java windows)
Cache-Control: no-cache
Content-Type: application/json; charset=utf-8
host: localhost:5810
accept: */*

Response DefaultHttpResponse(decodeResult: success, version: HTTP/1.1)
HTTP/1.1 200 OK
Content-Length: 14
Content-Type: application/json; charset=utf-8
cache-control: no-cache

19:55:02.125 [AsyncHttpClient-1-26] DEBUG org.asynchttpclient.netty.channel.ChannelManager - Adding key: http://localhost:5810 for channel [id: 0x2f9bc3fc, L:/127.0.0.1:56551 - R:localhost/127.0.0.1:5810]
19:55:02.126 [Forwarding findElement on session de139260107ca76e775ec3b12c08e9fe to remote] DEBUG org.asynchttpclient.netty.request.NettyRequestSender - Using pooled Channel '[id: 0x2f9bc3fc, L:/127.0.0.1:56551 - R:localhost/127.0.0.1:5810]' for 'POST' to 'http://localhost:5810/session/de139260107ca76e775ec3b12c08e9fe/element'
19:55:02.126 [Forwarding findElement on session de139260107ca76e775ec3b12c08e9fe to remote] DEBUG org.asynchttpclient.netty.request.NettyRequestSender - Using open Channel [id: 0x2f9bc3fc, L:/127.0.0.1:56551 - R:localhost/127.0.0.1:5810] for POST '/session/de139260107ca76e775ec3b12c08e9fe/element'
19:55:02.131 [AsyncHttpClient-1-26] DEBUG org.asynchttpclient.netty.handler.HttpHandler - 

Request DefaultHttpRequest(decodeResult: success, version: HTTP/1.1)
POST /session/de139260107ca76e775ec3b12c08e9fe/element HTTP/1.1
User-Agent: selenium/4.8.1 (java windows)
Content-Length: 90
Content-Type: application/json; charset=utf-8
host: localhost:5810
accept: */*

Response DefaultHttpResponse(decodeResult: success, version: HTTP/1.1)
HTTP/1.1 200 OK
Content-Length: 88
Content-Type: application/json; charset=utf-8
cache-control: no-cache

19:55:02.131 [AsyncHttpClient-1-26] DEBUG org.asynchttpclient.netty.channel.ChannelManager - Adding key: http://localhost:5810 for channel [id: 0x2f9bc3fc, L:/127.0.0.1:56551 - R:localhost/127.0.0.1:5810]
19:55:02.131 [Forwarding clickElement on session de139260107ca76e775ec3b12c08e9fe to remote] DEBUG org.asynchttpclient.netty.request.NettyRequestSender - Using pooled Channel '[id: 0x2f9bc3fc, L:/127.0.0.1:56551 - R:localhost/127.0.0.1:5810]' for 'POST' to 'http://localhost:5810/session/de139260107ca76e775ec3b12c08e9fe/element/31a89dee-82e7-4a73-ba9b-8e757f2f8c94/click'
19:55:02.131 [Forwarding clickElement on session de139260107ca76e775ec3b12c08e9fe to remote] DEBUG org.asynchttpclient.netty.request.NettyRequestSender - Using open Channel [id: 0x2f9bc3fc, L:/127.0.0.1:56551 - R:localhost/127.0.0.1:5810] for POST '/session/de139260107ca76e775ec3b12c08e9fe/element/31a89dee-82e7-4a73-ba9b-8e757f2f8c94/click'
19:55:02.157 [AsyncHttpClient-1-26] DEBUG org.asynchttpclient.netty.handler.HttpHandler - 

Request DefaultHttpRequest(decodeResult: success, version: HTTP/1.1)
POST /session/de139260107ca76e775ec3b12c08e9fe/element/31a89dee-82e7-4a73-ba9b-8e757f2f8c94/click HTTP/1.1
User-Agent: selenium/4.8.1 (java windows)
Content-Length: 50
Content-Type: application/json; charset=utf-8
host: localhost:5810
accept: */*

Response DefaultHttpResponse(decodeResult: success, version: HTTP/1.1)
HTTP/1.1 200 OK
Content-Length: 14
Content-Type: application/json; charset=utf-8
cache-control: no-cache

19:55:02.157 [AsyncHttpClient-1-26] DEBUG org.asynchttpclient.netty.channel.ChannelManager - Adding key: http://localhost:5810 for channel [id: 0x2f9bc3fc, L:/127.0.0.1:56551 - R:localhost/127.0.0.1:5810]
19:55:02.161 [Forwarding getAlertText on session de139260107ca76e775ec3b12c08e9fe to remote] DEBUG org.asynchttpclient.netty.request.NettyRequestSender - Using pooled Channel '[id: 0x2f9bc3fc, L:/127.0.0.1:56551 - R:localhost/127.0.0.1:5810]' for 'GET' to 'http://localhost:5810/session/de139260107ca76e775ec3b12c08e9fe/alert/text'
19:55:02.162 [Forwarding getAlertText on session de139260107ca76e775ec3b12c08e9fe to remote] DEBUG org.asynchttpclient.netty.request.NettyRequestSender - Using open Channel [id: 0x2f9bc3fc, L:/127.0.0.1:56551 - R:localhost/127.0.0.1:5810] for GET '/session/de139260107ca76e775ec3b12c08e9fe/alert/text'
19:55:02.163 [AsyncHttpClient-1-26] DEBUG org.asynchttpclient.netty.handler.HttpHandler - 

Request DefaultFullHttpRequest(decodeResult: success, version: HTTP/1.1, content: EmptyByteBufBE)
GET /session/de139260107ca76e775ec3b12c08e9fe/alert/text HTTP/1.1
User-Agent: selenium/4.8.1 (java windows)
Cache-Control: no-cache
Content-Type: application/json; charset=utf-8
host: localhost:5810
accept: */*

Response DefaultHttpResponse(decodeResult: success, version: HTTP/1.1)
HTTP/1.1 404 Not Found
Content-Length: 816
Content-Type: application/json; charset=utf-8
cache-control: no-cache

19:55:02.163 [AsyncHttpClient-1-26] DEBUG org.asynchttpclient.netty.channel.ChannelManager - Adding key: http://localhost:5810 for channel [id: 0x2f9bc3fc, L:/127.0.0.1:56551 - R:localhost/127.0.0.1:5810]
19:55:02.164 [Forwarding getCurrentUrl on session de139260107ca76e775ec3b12c08e9fe to remote] DEBUG org.asynchttpclient.netty.request.NettyRequestSender - Using pooled Channel '[id: 0x2f9bc3fc, L:/127.0.0.1:56551 - R:localhost/127.0.0.1:5810]' for 'GET' to 'http://localhost:5810/session/de139260107ca76e775ec3b12c08e9fe/url'
19:55:02.164 [Forwarding getCurrentUrl on session de139260107ca76e775ec3b12c08e9fe to remote] DEBUG org.asynchttpclient.netty.request.NettyRequestSender - Using open Channel [id: 0x2f9bc3fc, L:/127.0.0.1:56551 - R:localhost/127.0.0.1:5810] for GET '/session/de139260107ca76e775ec3b12c08e9fe/url'
19:55:02.167 [AsyncHttpClient-1-26] DEBUG org.asynchttpclient.netty.handler.HttpHandler - 

Request DefaultFullHttpRequest(decodeResult: success, version: HTTP/1.1, content: EmptyByteBufBE)
GET /session/de139260107ca76e775ec3b12c08e9fe/url HTTP/1.1
User-Agent: selenium/4.8.1 (java windows)
Cache-Control: no-cache
Content-Type: application/json; charset=utf-8
host: localhost:5810
accept: */*

Response DefaultHttpResponse(decodeResult: success, version: HTTP/1.1)
HTTP/1.1 200 OK
Content-Length: 52
Content-Type: application/json; charset=utf-8
cache-control: no-cache

19:55:02.167 [AsyncHttpClient-1-26] DEBUG org.asynchttpclient.netty.channel.ChannelManager - Adding key: http://localhost:5810 for channel [id: 0x2f9bc3fc, L:/127.0.0.1:56551 - R:localhost/127.0.0.1:5810]
19:55:02.167 [Forwarding screenshot on session de139260107ca76e775ec3b12c08e9fe to remote] DEBUG org.asynchttpclient.netty.request.NettyRequestSender - Using pooled Channel '[id: 0x2f9bc3fc, L:/127.0.0.1:56551 - R:localhost/127.0.0.1:5810]' for 'GET' to 'http://localhost:5810/session/de139260107ca76e775ec3b12c08e9fe/screenshot'
19:55:02.167 [Forwarding screenshot on session de139260107ca76e775ec3b12c08e9fe to remote] DEBUG org.asynchttpclient.netty.request.NettyRequestSender - Using open Channel [id: 0x2f9bc3fc, L:/127.0.0.1:56551 - R:localhost/127.0.0.1:5810] for GET '/session/de139260107ca76e775ec3b12c08e9fe/screenshot'
19:55:02.305 [AsyncHttpClient-1-26] DEBUG org.asynchttpclient.netty.handler.HttpHandler - 

Request DefaultFullHttpRequest(decodeResult: success, version: HTTP/1.1, content: EmptyByteBufBE)
GET /session/de139260107ca76e775ec3b12c08e9fe/screenshot HTTP/1.1
User-Agent: selenium/4.8.1 (java windows)
Cache-Control: no-cache
Content-Type: application/json; charset=utf-8
host: localhost:5810
accept: */*

Response DefaultHttpResponse(decodeResult: success, version: HTTP/1.1)
HTTP/1.1 200 OK
Content-Length: 285136
Content-Type: application/json; charset=utf-8
cache-control: no-cache

19:55:02.305 [AsyncHttpClient-1-26] DEBUG org.asynchttpclient.netty.channel.ChannelManager - Adding key: http://localhost:5810 for channel [id: 0x2f9bc3fc, L:/127.0.0.1:56551 - R:localhost/127.0.0.1:5810]
19:55:02.311 [main] DEBUG net.serenitybdd.core.photography.Darkroom - Send negative for processing for target\site\serenity\229dae50ffb15b0155ddb024a1bf7f0e5351d3ec7777a6c49cc1bd99638a3379.png
19:55:02.311 [main] DEBUG net.thucydides.core.steps.StepInterceptor - STEP DONE: clickProduct
  &amp#27;[32mWhen &amp#27;[0m&amp#27;[32mI add a product &amp#27;[0m&amp#27;[32m&amp#27;[1m"sauce-labs-bike-light"&amp#27;[0m&amp#27;[32m to the cart from homepage&amp#27;[0m &amp#27;[90m# starter.stepDefinitions.CartSteps.addProductToCart(java.lang.String)&amp#27;[0m
19:55:02.317 [Forwarding getPageSource on session de139260107ca76e775ec3b12c08e9fe to remote] DEBUG org.asynchttpclient.netty.request.NettyRequestSender - Using pooled Channel '[id: 0x2f9bc3fc, L:/127.0.0.1:56551 - R:localhost/127.0.0.1:5810]' for 'POST' to 'http://localhost:5810/session/de139260107ca76e775ec3b12c08e9fe/execute/sync'
19:55:02.317 [Forwarding getPageSource on session de139260107ca76e775ec3b12c08e9fe to remote] DEBUG org.asynchttpclient.netty.request.NettyRequestSender - Using open Channel [id: 0x2f9bc3fc, L:/127.0.0.1:56551 - R:localhost/127.0.0.1:5810] for POST '/session/de139260107ca76e775ec3b12c08e9fe/execute/sync'
19:55:02.321 [AsyncHttpClient-1-26] DEBUG org.asynchttpclient.netty.handler.HttpHandler - 

Request DefaultHttpRequest(decodeResult: success, version: HTTP/1.1)
POST /session/de139260107ca76e775ec3b12c08e9fe/execute/sync HTTP/1.1
User-Agent: selenium/4.8.1 (java windows)
Content-Length: 176
Content-Type: application/json; charset=utf-8
host: localhost:5810
accept: */*

Response DefaultHttpResponse(decodeResult: success, version: HTTP/1.1)
HTTP/1.1 200 OK
Content-Length: 16365
Content-Type: application/json; charset=utf-8
cache-control: no-cache

19:55:02.321 [AsyncHttpClient-1-26] DEBUG org.asynchttpclient.netty.channel.ChannelManager - Adding key: http://localhost:5810 for channel [id: 0x2f9bc3fc, L:/127.0.0.1:56551 - R:localhost/127.0.0.1:5810]
19:55:02.322 [Forwarding getCurrentUrl on session de139260107ca76e775ec3b12c08e9fe to remote] DEBUG org.asynchttpclient.netty.request.NettyRequestSender - Using pooled Channel '[id: 0x2f9bc3fc, L:/127.0.0.1:56551 - R:localhost/127.0.0.1:5810]' for 'GET' to 'http://localhost:5810/session/de139260107ca76e775ec3b12c08e9fe/url'
19:55:02.322 [Forwarding getCurrentUrl on session de139260107ca76e775ec3b12c08e9fe to remote] DEBUG org.asynchttpclient.netty.request.NettyRequestSender - Using open Channel [id: 0x2f9bc3fc, L:/127.0.0.1:56551 - R:localhost/127.0.0.1:5810] for GET '/session/de139260107ca76e775ec3b12c08e9fe/url'
19:55:02.324 [AsyncHttpClient-1-26] DEBUG org.asynchttpclient.netty.handler.HttpHandler - 

Request DefaultFullHttpRequest(decodeResult: success, version: HTTP/1.1, content: EmptyByteBufBE)
GET /session/de139260107ca76e775ec3b12c08e9fe/url HTTP/1.1
User-Agent: selenium/4.8.1 (java windows)
Cache-Control: no-cache
Content-Type: application/json; charset=utf-8
host: localhost:5810
accept: */*

Response DefaultHttpResponse(decodeResult: success, version: HTTP/1.1)
HTTP/1.1 200 OK
Content-Length: 52
Content-Type: application/json; charset=utf-8
cache-control: no-cache

19:55:02.324 [AsyncHttpClient-1-26] DEBUG org.asynchttpclient.netty.channel.ChannelManager - Adding key: http://localhost:5810 for channel [id: 0x2f9bc3fc, L:/127.0.0.1:56551 - R:localhost/127.0.0.1:5810]
19:55:02.329 [Forwarding getPageSource on session de139260107ca76e775ec3b12c08e9fe to remote] DEBUG org.asynchttpclient.netty.request.NettyRequestSender - Using pooled Channel '[id: 0x2f9bc3fc, L:/127.0.0.1:56551 - R:localhost/127.0.0.1:5810]' for 'POST' to 'http://localhost:5810/session/de139260107ca76e775ec3b12c08e9fe/execute/sync'
19:55:02.329 [Forwarding getPageSource on session de139260107ca76e775ec3b12c08e9fe to remote] DEBUG org.asynchttpclient.netty.request.NettyRequestSender - Using open Channel [id: 0x2f9bc3fc, L:/127.0.0.1:56551 - R:localhost/127.0.0.1:5810] for POST '/session/de139260107ca76e775ec3b12c08e9fe/execute/sync'
19:55:02.333 [AsyncHttpClient-1-26] DEBUG org.asynchttpclient.netty.handler.HttpHandler - 

Request DefaultHttpRequest(decodeResult: success, version: HTTP/1.1)
POST /session/de139260107ca76e775ec3b12c08e9fe/execute/sync HTTP/1.1
User-Agent: selenium/4.8.1 (java windows)
Content-Length: 176
Content-Type: application/json; charset=utf-8
host: localhost:5810
accept: */*

Response DefaultHttpResponse(decodeResult: success, version: HTTP/1.1)
HTTP/1.1 200 OK
Content-Length: 16365
Content-Type: application/json; charset=utf-8
cache-control: no-cache

19:55:02.333 [AsyncHttpClient-1-26] DEBUG org.asynchttpclient.netty.channel.ChannelManager - Adding key: http://localhost:5810 for channel [id: 0x2f9bc3fc, L:/127.0.0.1:56551 - R:localhost/127.0.0.1:5810]
19:55:02.334 [Forwarding getCurrentUrl on session de139260107ca76e775ec3b12c08e9fe to remote] DEBUG org.asynchttpclient.netty.request.NettyRequestSender - Using pooled Channel '[id: 0x2f9bc3fc, L:/127.0.0.1:56551 - R:localhost/127.0.0.1:5810]' for 'GET' to 'http://localhost:5810/session/de139260107ca76e775ec3b12c08e9fe/url'
19:55:02.334 [Forwarding getCurrentUrl on session de139260107ca76e775ec3b12c08e9fe to remote] DEBUG org.asynchttpclient.netty.request.NettyRequestSender - Using open Channel [id: 0x2f9bc3fc, L:/127.0.0.1:56551 - R:localhost/127.0.0.1:5810] for GET '/session/de139260107ca76e775ec3b12c08e9fe/url'
19:55:02.336 [AsyncHttpClient-1-26] DEBUG org.asynchttpclient.netty.handler.HttpHandler - 

Request DefaultFullHttpRequest(decodeResult: success, version: HTTP/1.1, content: EmptyByteBufBE)
GET /session/de139260107ca76e775ec3b12c08e9fe/url HTTP/1.1
User-Agent: selenium/4.8.1 (java windows)
Cache-Control: no-cache
Content-Type: application/json; charset=utf-8
host: localhost:5810
accept: */*

Response DefaultHttpResponse(decodeResult: success, version: HTTP/1.1)
HTTP/1.1 200 OK
Content-Length: 52
Content-Type: application/json; charset=utf-8
cache-control: no-cache

19:55:02.336 [AsyncHttpClient-1-26] DEBUG org.asynchttpclient.netty.channel.ChannelManager - Adding key: http://localhost:5810 for channel [id: 0x2f9bc3fc, L:/127.0.0.1:56551 - R:localhost/127.0.0.1:5810]
19:55:02.337 [main] DEBUG net.thucydides.core.steps.StepInterceptor - STARTING STEP: CartSteps.openCartPage - clickCartButton
19:55:02.339 [Forwarding findElement on session de139260107ca76e775ec3b12c08e9fe to remote] DEBUG org.asynchttpclient.netty.request.NettyRequestSender - Using pooled Channel '[id: 0x2f9bc3fc, L:/127.0.0.1:56551 - R:localhost/127.0.0.1:5810]' for 'POST' to 'http://localhost:5810/session/de139260107ca76e775ec3b12c08e9fe/element'
19:55:02.339 [Forwarding findElement on session de139260107ca76e775ec3b12c08e9fe to remote] DEBUG org.asynchttpclient.netty.request.NettyRequestSender - Using open Channel [id: 0x2f9bc3fc, L:/127.0.0.1:56551 - R:localhost/127.0.0.1:5810] for POST '/session/de139260107ca76e775ec3b12c08e9fe/element'
19:55:02.346 [AsyncHttpClient-1-26] DEBUG org.asynchttpclient.netty.handler.HttpHandler - 

Request DefaultHttpRequest(decodeResult: success, version: HTTP/1.1)
POST /session/de139260107ca76e775ec3b12c08e9fe/element HTTP/1.1
User-Agent: selenium/4.8.1 (java windows)
Content-Length: 63
Content-Type: application/json; charset=utf-8
host: localhost:5810
accept: */*

Response DefaultHttpResponse(decodeResult: success, version: HTTP/1.1)
HTTP/1.1 200 OK
Content-Length: 88
Content-Type: application/json; charset=utf-8
cache-control: no-cache

19:55:02.346 [AsyncHttpClient-1-26] DEBUG org.asynchttpclient.netty.channel.ChannelManager - Adding key: http://localhost:5810 for channel [id: 0x2f9bc3fc, L:/127.0.0.1:56551 - R:localhost/127.0.0.1:5810]
19:55:02.347 [Forwarding getElementTagName on session de139260107ca76e775ec3b12c08e9fe to remote] DEBUG org.asynchttpclient.netty.request.NettyRequestSender - Using pooled Channel '[id: 0x2f9bc3fc, L:/127.0.0.1:56551 - R:localhost/127.0.0.1:5810]' for 'GET' to 'http://localhost:5810/session/de139260107ca76e775ec3b12c08e9fe/element/c00d4182-b17b-4ea4-abc6-6b4728a446f1/name'
19:55:02.347 [Forwarding getElementTagName on session de139260107ca76e775ec3b12c08e9fe to remote] DEBUG org.asynchttpclient.netty.request.NettyRequestSender - Using open Channel [id: 0x2f9bc3fc, L:/127.0.0.1:56551 - R:localhost/127.0.0.1:5810] for GET '/session/de139260107ca76e775ec3b12c08e9fe/element/c00d4182-b17b-4ea4-abc6-6b4728a446f1/name'
19:55:02.349 [AsyncHttpClient-1-26] DEBUG org.asynchttpclient.netty.handler.HttpHandler - 

Request DefaultFullHttpRequest(decodeResult: success, version: HTTP/1.1, content: EmptyByteBufBE)
GET /session/de139260107ca76e775ec3b12c08e9fe/element/c00d4182-b17b-4ea4-abc6-6b4728a446f1/name HTTP/1.1
User-Agent: selenium/4.8.1 (java windows)
Cache-Control: no-cache
Content-Type: application/json; charset=utf-8
host: localhost:5810
accept: */*

Response DefaultHttpResponse(decodeResult: success, version: HTTP/1.1)
HTTP/1.1 200 OK
Content-Length: 13
Content-Type: application/json; charset=utf-8
cache-control: no-cache

19:55:02.349 [AsyncHttpClient-1-26] DEBUG org.asynchttpclient.netty.channel.ChannelManager - Adding key: http://localhost:5810 for channel [id: 0x2f9bc3fc, L:/127.0.0.1:56551 - R:localhost/127.0.0.1:5810]
19:55:02.350 [Forwarding getElementTagName on session de139260107ca76e775ec3b12c08e9fe to remote] DEBUG org.asynchttpclient.netty.request.NettyRequestSender - Using pooled Channel '[id: 0x2f9bc3fc, L:/127.0.0.1:56551 - R:localhost/127.0.0.1:5810]' for 'GET' to 'http://localhost:5810/session/de139260107ca76e775ec3b12c08e9fe/element/c00d4182-b17b-4ea4-abc6-6b4728a446f1/name'
19:55:02.350 [Forwarding getElementTagName on session de139260107ca76e775ec3b12c08e9fe to remote] DEBUG org.asynchttpclient.netty.request.NettyRequestSender - Using open Channel [id: 0x2f9bc3fc, L:/127.0.0.1:56551 - R:localhost/127.0.0.1:5810] for GET '/session/de139260107ca76e775ec3b12c08e9fe/element/c00d4182-b17b-4ea4-abc6-6b4728a446f1/name'
19:55:02.351 [AsyncHttpClient-1-26] DEBUG org.asynchttpclient.netty.handler.HttpHandler - 

Request DefaultFullHttpRequest(decodeResult: success, version: HTTP/1.1, content: EmptyByteBufBE)
GET /session/de139260107ca76e775ec3b12c08e9fe/element/c00d4182-b17b-4ea4-abc6-6b4728a446f1/name HTTP/1.1
User-Agent: selenium/4.8.1 (java windows)
Cache-Control: no-cache
Content-Type: application/json; charset=utf-8
host: localhost:5810
accept: */*

Response DefaultHttpResponse(decodeResult: success, version: HTTP/1.1)
HTTP/1.1 200 OK
Content-Length: 13
Content-Type: application/json; charset=utf-8
cache-control: no-cache

19:55:02.351 [AsyncHttpClient-1-26] DEBUG org.asynchttpclient.netty.channel.ChannelManager - Adding key: http://localhost:5810 for channel [id: 0x2f9bc3fc, L:/127.0.0.1:56551 - R:localhost/127.0.0.1:5810]
19:55:02.352 [Forwarding findElement on session de139260107ca76e775ec3b12c08e9fe to remote] DEBUG org.asynchttpclient.netty.request.NettyRequestSender - Using pooled Channel '[id: 0x2f9bc3fc, L:/127.0.0.1:56551 - R:localhost/127.0.0.1:5810]' for 'POST' to 'http://localhost:5810/session/de139260107ca76e775ec3b12c08e9fe/element'
19:55:02.352 [Forwarding findElement on session de139260107ca76e775ec3b12c08e9fe to remote] DEBUG org.asynchttpclient.netty.request.NettyRequestSender - Using open Channel [id: 0x2f9bc3fc, L:/127.0.0.1:56551 - R:localhost/127.0.0.1:5810] for POST '/session/de139260107ca76e775ec3b12c08e9fe/element'
19:55:02.357 [AsyncHttpClient-1-26] DEBUG org.asynchttpclient.netty.handler.HttpHandler - 

Request DefaultHttpRequest(decodeResult: success, version: HTTP/1.1)
POST /session/de139260107ca76e775ec3b12c08e9fe/element HTTP/1.1
User-Agent: selenium/4.8.1 (java windows)
Content-Length: 63
Content-Type: application/json; charset=utf-8
host: localhost:5810
accept: */*

Response DefaultHttpResponse(decodeResult: success, version: HTTP/1.1)
HTTP/1.1 200 OK
Content-Length: 88
Content-Type: application/json; charset=utf-8
cache-control: no-cache

19:55:02.357 [AsyncHttpClient-1-26] DEBUG org.asynchttpclient.netty.channel.ChannelManager - Adding key: http://localhost:5810 for channel [id: 0x2f9bc3fc, L:/127.0.0.1:56551 - R:localhost/127.0.0.1:5810]
19:55:02.357 [Forwarding clickElement on session de139260107ca76e775ec3b12c08e9fe to remote] DEBUG org.asynchttpclient.netty.request.NettyRequestSender - Using pooled Channel '[id: 0x2f9bc3fc, L:/127.0.0.1:56551 - R:localhost/127.0.0.1:5810]' for 'POST' to 'http://localhost:5810/session/de139260107ca76e775ec3b12c08e9fe/element/c00d4182-b17b-4ea4-abc6-6b4728a446f1/click'
19:55:02.357 [Forwarding clickElement on session de139260107ca76e775ec3b12c08e9fe to remote] DEBUG org.asynchttpclient.netty.request.NettyRequestSender - Using open Channel [id: 0x2f9bc3fc, L:/127.0.0.1:56551 - R:localhost/127.0.0.1:5810] for POST '/session/de139260107ca76e775ec3b12c08e9fe/element/c00d4182-b17b-4ea4-abc6-6b4728a446f1/click'
19:55:02.386 [AsyncHttpClient-1-26] DEBUG org.asynchttpclient.netty.handler.HttpHandler - 

Request DefaultHttpRequest(decodeResult: success, version: HTTP/1.1)
POST /session/de139260107ca76e775ec3b12c08e9fe/element/c00d4182-b17b-4ea4-abc6-6b4728a446f1/click HTTP/1.1
User-Agent: selenium/4.8.1 (java windows)
Content-Length: 50
Content-Type: application/json; charset=utf-8
host: localhost:5810
accept: */*

Response DefaultHttpResponse(decodeResult: success, version: HTTP/1.1)
HTTP/1.1 200 OK
Content-Length: 14
Content-Type: application/json; charset=utf-8
cache-control: no-cache

19:55:02.387 [AsyncHttpClient-1-26] DEBUG org.asynchttpclient.netty.channel.ChannelManager - Adding key: http://localhost:5810 for channel [id: 0x2f9bc3fc, L:/127.0.0.1:56551 - R:localhost/127.0.0.1:5810]
19:55:02.392 [Forwarding getAlertText on session de139260107ca76e775ec3b12c08e9fe to remote] DEBUG org.asynchttpclient.netty.request.NettyRequestSender - Using pooled Channel '[id: 0x2f9bc3fc, L:/127.0.0.1:56551 - R:localhost/127.0.0.1:5810]' for 'GET' to 'http://localhost:5810/session/de139260107ca76e775ec3b12c08e9fe/alert/text'
19:55:02.392 [Forwarding getAlertText on session de139260107ca76e775ec3b12c08e9fe to remote] DEBUG org.asynchttpclient.netty.request.NettyRequestSender - Using open Channel [id: 0x2f9bc3fc, L:/127.0.0.1:56551 - R:localhost/127.0.0.1:5810] for GET '/session/de139260107ca76e775ec3b12c08e9fe/alert/text'
19:55:02.393 [AsyncHttpClient-1-26] DEBUG org.asynchttpclient.netty.handler.HttpHandler - 

Request DefaultFullHttpRequest(decodeResult: success, version: HTTP/1.1, content: EmptyByteBufBE)
GET /session/de139260107ca76e775ec3b12c08e9fe/alert/text HTTP/1.1
User-Agent: selenium/4.8.1 (java windows)
Cache-Control: no-cache
Content-Type: application/json; charset=utf-8
host: localhost:5810
accept: */*

Response DefaultHttpResponse(decodeResult: success, version: HTTP/1.1)
HTTP/1.1 404 Not Found
Content-Length: 816
Content-Type: application/json; charset=utf-8
cache-control: no-cache

19:55:02.393 [AsyncHttpClient-1-26] DEBUG org.asynchttpclient.netty.channel.ChannelManager - Adding key: http://localhost:5810 for channel [id: 0x2f9bc3fc, L:/127.0.0.1:56551 - R:localhost/127.0.0.1:5810]
19:55:02.394 [Forwarding getCurrentUrl on session de139260107ca76e775ec3b12c08e9fe to remote] DEBUG org.asynchttpclient.netty.request.NettyRequestSender - Using pooled Channel '[id: 0x2f9bc3fc, L:/127.0.0.1:56551 - R:localhost/127.0.0.1:5810]' for 'GET' to 'http://localhost:5810/session/de139260107ca76e775ec3b12c08e9fe/url'
19:55:02.394 [Forwarding getCurrentUrl on session de139260107ca76e775ec3b12c08e9fe to remote] DEBUG org.asynchttpclient.netty.request.NettyRequestSender - Using open Channel [id: 0x2f9bc3fc, L:/127.0.0.1:56551 - R:localhost/127.0.0.1:5810] for GET '/session/de139260107ca76e775ec3b12c08e9fe/url'
19:55:02.396 [AsyncHttpClient-1-26] DEBUG org.asynchttpclient.netty.handler.HttpHandler - 

Request DefaultFullHttpRequest(decodeResult: success, version: HTTP/1.1, content: EmptyByteBufBE)
GET /session/de139260107ca76e775ec3b12c08e9fe/url HTTP/1.1
User-Agent: selenium/4.8.1 (java windows)
Cache-Control: no-cache
Content-Type: application/json; charset=utf-8
host: localhost:5810
accept: */*

Response DefaultHttpResponse(decodeResult: success, version: HTTP/1.1)
HTTP/1.1 200 OK
Content-Length: 47
Content-Type: application/json; charset=utf-8
cache-control: no-cache

19:55:02.396 [AsyncHttpClient-1-26] DEBUG org.asynchttpclient.netty.channel.ChannelManager - Adding key: http://localhost:5810 for channel [id: 0x2f9bc3fc, L:/127.0.0.1:56551 - R:localhost/127.0.0.1:5810]
19:55:02.396 [Forwarding screenshot on session de139260107ca76e775ec3b12c08e9fe to remote] DEBUG org.asynchttpclient.netty.request.NettyRequestSender - Using pooled Channel '[id: 0x2f9bc3fc, L:/127.0.0.1:56551 - R:localhost/127.0.0.1:5810]' for 'GET' to 'http://localhost:5810/session/de139260107ca76e775ec3b12c08e9fe/screenshot'
19:55:02.396 [Forwarding screenshot on session de139260107ca76e775ec3b12c08e9fe to remote] DEBUG org.asynchttpclient.netty.request.NettyRequestSender - Using open Channel [id: 0x2f9bc3fc, L:/127.0.0.1:56551 - R:localhost/127.0.0.1:5810] for GET '/session/de139260107ca76e775ec3b12c08e9fe/screenshot'
19:55:02.512 [AsyncHttpClient-1-26] DEBUG org.asynchttpclient.netty.handler.HttpHandler - 

Request DefaultFullHttpRequest(decodeResult: success, version: HTTP/1.1, content: EmptyByteBufBE)
GET /session/de139260107ca76e775ec3b12c08e9fe/screenshot HTTP/1.1
User-Agent: selenium/4.8.1 (java windows)
Cache-Control: no-cache
Content-Type: application/json; charset=utf-8
host: localhost:5810
accept: */*

Response DefaultHttpResponse(decodeResult: success, version: HTTP/1.1)
HTTP/1.1 200 OK
Content-Length: 97916
Content-Type: application/json; charset=utf-8
cache-control: no-cache

19:55:02.513 [AsyncHttpClient-1-26] DEBUG org.asynchttpclient.netty.channel.ChannelManager - Adding key: http://localhost:5810 for channel [id: 0x2f9bc3fc, L:/127.0.0.1:56551 - R:localhost/127.0.0.1:5810]
19:55:02.515 [main] DEBUG net.serenitybdd.core.photography.Darkroom - Send negative for processing for target\site\serenity\7a69ff2b79358d5999e8d341905a0bb7147d6c122ce91a3d43c799908cc0b82a.png
19:55:02.515 [main] DEBUG net.thucydides.core.steps.StepInterceptor - STEP DONE: clickCartButton
  &amp#27;[32mAnd &amp#27;[0m&amp#27;[32mI open the cart page&amp#27;[0m                                               &amp#27;[90m# starter.stepDefinitions.CartSteps.openCartPage()&amp#27;[0m
19:55:02.522 [Forwarding getPageSource on session de139260107ca76e775ec3b12c08e9fe to remote] DEBUG org.asynchttpclient.netty.request.NettyRequestSender - Using pooled Channel '[id: 0x2f9bc3fc, L:/127.0.0.1:56551 - R:localhost/127.0.0.1:5810]' for 'POST' to 'http://localhost:5810/session/de139260107ca76e775ec3b12c08e9fe/execute/sync'
19:55:02.522 [Forwarding getPageSource on session de139260107ca76e775ec3b12c08e9fe to remote] DEBUG org.asynchttpclient.netty.request.NettyRequestSender - Using open Channel [id: 0x2f9bc3fc, L:/127.0.0.1:56551 - R:localhost/127.0.0.1:5810] for POST '/session/de139260107ca76e775ec3b12c08e9fe/execute/sync'
19:55:02.524 [AsyncHttpClient-1-26] DEBUG org.asynchttpclient.netty.handler.HttpHandler - 

Request DefaultHttpRequest(decodeResult: success, version: HTTP/1.1)
POST /session/de139260107ca76e775ec3b12c08e9fe/execute/sync HTTP/1.1
User-Agent: selenium/4.8.1 (java windows)
Content-Length: 176
Content-Type: application/json; charset=utf-8
host: localhost:5810
accept: */*

Response DefaultHttpResponse(decodeResult: success, version: HTTP/1.1)
HTTP/1.1 200 OK
Content-Length: 12620
Content-Type: application/json; charset=utf-8
cache-control: no-cache

19:55:02.524 [AsyncHttpClient-1-26] DEBUG org.asynchttpclient.netty.channel.ChannelManager - Adding key: http://localhost:5810 for channel [id: 0x2f9bc3fc, L:/127.0.0.1:56551 - R:localhost/127.0.0.1:5810]
19:55:02.525 [Forwarding getCurrentUrl on session de139260107ca76e775ec3b12c08e9fe to remote] DEBUG org.asynchttpclient.netty.request.NettyRequestSender - Using pooled Channel '[id: 0x2f9bc3fc, L:/127.0.0.1:56551 - R:localhost/127.0.0.1:5810]' for 'GET' to 'http://localhost:5810/session/de139260107ca76e775ec3b12c08e9fe/url'
19:55:02.525 [Forwarding getCurrentUrl on session de139260107ca76e775ec3b12c08e9fe to remote] DEBUG org.asynchttpclient.netty.request.NettyRequestSender - Using open Channel [id: 0x2f9bc3fc, L:/127.0.0.1:56551 - R:localhost/127.0.0.1:5810] for GET '/session/de139260107ca76e775ec3b12c08e9fe/url'
19:55:02.528 [AsyncHttpClient-1-26] DEBUG org.asynchttpclient.netty.handler.HttpHandler - 

Request DefaultFullHttpRequest(decodeResult: success, version: HTTP/1.1, content: EmptyByteBufBE)
GET /session/de139260107ca76e775ec3b12c08e9fe/url HTTP/1.1
User-Agent: selenium/4.8.1 (java windows)
Cache-Control: no-cache
Content-Type: application/json; charset=utf-8
host: localhost:5810
accept: */*

Response DefaultHttpResponse(decodeResult: success, version: HTTP/1.1)
HTTP/1.1 200 OK
Content-Length: 47
Content-Type: application/json; charset=utf-8
cache-control: no-cache

19:55:02.528 [AsyncHttpClient-1-26] DEBUG org.asynchttpclient.netty.channel.ChannelManager - Adding key: http://localhost:5810 for channel [id: 0x2f9bc3fc, L:/127.0.0.1:56551 - R:localhost/127.0.0.1:5810]
19:55:02.533 [Forwarding getPageSource on session de139260107ca76e775ec3b12c08e9fe to remote] DEBUG org.asynchttpclient.netty.request.NettyRequestSender - Using pooled Channel '[id: 0x2f9bc3fc, L:/127.0.0.1:56551 - R:localhost/127.0.0.1:5810]' for 'POST' to 'http://localhost:5810/session/de139260107ca76e775ec3b12c08e9fe/execute/sync'
19:55:02.533 [Forwarding getPageSource on session de139260107ca76e775ec3b12c08e9fe to remote] DEBUG org.asynchttpclient.netty.request.NettyRequestSender - Using open Channel [id: 0x2f9bc3fc, L:/127.0.0.1:56551 - R:localhost/127.0.0.1:5810] for POST '/session/de139260107ca76e775ec3b12c08e9fe/execute/sync'
19:55:02.537 [AsyncHttpClient-1-26] DEBUG org.asynchttpclient.netty.handler.HttpHandler - 

Request DefaultHttpRequest(decodeResult: success, version: HTTP/1.1)
POST /session/de139260107ca76e775ec3b12c08e9fe/execute/sync HTTP/1.1
User-Agent: selenium/4.8.1 (java windows)
Content-Length: 176
Content-Type: application/json; charset=utf-8
host: localhost:5810
accept: */*

Response DefaultHttpResponse(decodeResult: success, version: HTTP/1.1)
HTTP/1.1 200 OK
Content-Length: 12620
Content-Type: application/json; charset=utf-8
cache-control: no-cache

19:55:02.537 [AsyncHttpClient-1-26] DEBUG org.asynchttpclient.netty.channel.ChannelManager - Adding key: http://localhost:5810 for channel [id: 0x2f9bc3fc, L:/127.0.0.1:56551 - R:localhost/127.0.0.1:5810]
19:55:02.538 [Forwarding getCurrentUrl on session de139260107ca76e775ec3b12c08e9fe to remote] DEBUG org.asynchttpclient.netty.request.NettyRequestSender - Using pooled Channel '[id: 0x2f9bc3fc, L:/127.0.0.1:56551 - R:localhost/127.0.0.1:5810]' for 'GET' to 'http://localhost:5810/session/de139260107ca76e775ec3b12c08e9fe/url'
19:55:02.538 [Forwarding getCurrentUrl on session de139260107ca76e775ec3b12c08e9fe to remote] DEBUG org.asynchttpclient.netty.request.NettyRequestSender - Using open Channel [id: 0x2f9bc3fc, L:/127.0.0.1:56551 - R:localhost/127.0.0.1:5810] for GET '/session/de139260107ca76e775ec3b12c08e9fe/url'
19:55:02.540 [AsyncHttpClient-1-26] DEBUG org.asynchttpclient.netty.handler.HttpHandler - 

Request DefaultFullHttpRequest(decodeResult: success, version: HTTP/1.1, content: EmptyByteBufBE)
GET /session/de139260107ca76e775ec3b12c08e9fe/url HTTP/1.1
User-Agent: selenium/4.8.1 (java windows)
Cache-Control: no-cache
Content-Type: application/json; charset=utf-8
host: localhost:5810
accept: */*

Response DefaultHttpResponse(decodeResult: success, version: HTTP/1.1)
HTTP/1.1 200 OK
Content-Length: 47
Content-Type: application/json; charset=utf-8
cache-control: no-cache

19:55:02.540 [AsyncHttpClient-1-26] DEBUG org.asynchttpclient.netty.channel.ChannelManager - Adding key: http://localhost:5810 for channel [id: 0x2f9bc3fc, L:/127.0.0.1:56551 - R:localhost/127.0.0.1:5810]
19:55:02.541 [main] DEBUG net.thucydides.core.steps.StepInterceptor - STARTING STEP: CartSteps.pressRemove - pressRemove
19:55:02.543 [Forwarding findElement on session de139260107ca76e775ec3b12c08e9fe to remote] DEBUG org.asynchttpclient.netty.request.NettyRequestSender - Using pooled Channel '[id: 0x2f9bc3fc, L:/127.0.0.1:56551 - R:localhost/127.0.0.1:5810]' for 'POST' to 'http://localhost:5810/session/de139260107ca76e775ec3b12c08e9fe/element'
19:55:02.543 [Forwarding findElement on session de139260107ca76e775ec3b12c08e9fe to remote] DEBUG org.asynchttpclient.netty.request.NettyRequestSender - Using open Channel [id: 0x2f9bc3fc, L:/127.0.0.1:56551 - R:localhost/127.0.0.1:5810] for POST '/session/de139260107ca76e775ec3b12c08e9fe/element'
19:55:02.550 [AsyncHttpClient-1-26] DEBUG org.asynchttpclient.netty.handler.HttpHandler - 

Request DefaultHttpRequest(decodeResult: success, version: HTTP/1.1)
POST /session/de139260107ca76e775ec3b12c08e9fe/element HTTP/1.1
User-Agent: selenium/4.8.1 (java windows)
Content-Length: 81
Content-Type: application/json; charset=utf-8
host: localhost:5810
accept: */*

Response DefaultHttpResponse(decodeResult: success, version: HTTP/1.1)
HTTP/1.1 200 OK
Content-Length: 88
Content-Type: application/json; charset=utf-8
cache-control: no-cache

19:55:02.551 [AsyncHttpClient-1-26] DEBUG org.asynchttpclient.netty.channel.ChannelManager - Adding key: http://localhost:5810 for channel [id: 0x2f9bc3fc, L:/127.0.0.1:56551 - R:localhost/127.0.0.1:5810]
19:55:02.552 [Forwarding getElementTagName on session de139260107ca76e775ec3b12c08e9fe to remote] DEBUG org.asynchttpclient.netty.request.NettyRequestSender - Using pooled Channel '[id: 0x2f9bc3fc, L:/127.0.0.1:56551 - R:localhost/127.0.0.1:5810]' for 'GET' to 'http://localhost:5810/session/de139260107ca76e775ec3b12c08e9fe/element/8be214bb-ccf7-4159-91fc-5762efcb0830/name'
19:55:02.552 [Forwarding getElementTagName on session de139260107ca76e775ec3b12c08e9fe to remote] DEBUG org.asynchttpclient.netty.request.NettyRequestSender - Using open Channel [id: 0x2f9bc3fc, L:/127.0.0.1:56551 - R:localhost/127.0.0.1:5810] for GET '/session/de139260107ca76e775ec3b12c08e9fe/element/8be214bb-ccf7-4159-91fc-5762efcb0830/name'
19:55:02.554 [AsyncHttpClient-1-26] DEBUG org.asynchttpclient.netty.handler.HttpHandler - 

Request DefaultFullHttpRequest(decodeResult: success, version: HTTP/1.1, content: EmptyByteBufBE)
GET /session/de139260107ca76e775ec3b12c08e9fe/element/8be214bb-ccf7-4159-91fc-5762efcb0830/name HTTP/1.1
User-Agent: selenium/4.8.1 (java windows)
Cache-Control: no-cache
Content-Type: application/json; charset=utf-8
host: localhost:5810
accept: */*

Response DefaultHttpResponse(decodeResult: success, version: HTTP/1.1)
HTTP/1.1 200 OK
Content-Length: 18
Content-Type: application/json; charset=utf-8
cache-control: no-cache

19:55:02.554 [AsyncHttpClient-1-26] DEBUG org.asynchttpclient.netty.channel.ChannelManager - Adding key: http://localhost:5810 for channel [id: 0x2f9bc3fc, L:/127.0.0.1:56551 - R:localhost/127.0.0.1:5810]
19:55:02.554 [Forwarding getElementTagName on session de139260107ca76e775ec3b12c08e9fe to remote] DEBUG org.asynchttpclient.netty.request.NettyRequestSender - Using pooled Channel '[id: 0x2f9bc3fc, L:/127.0.0.1:56551 - R:localhost/127.0.0.1:5810]' for 'GET' to 'http://localhost:5810/session/de139260107ca76e775ec3b12c08e9fe/element/8be214bb-ccf7-4159-91fc-5762efcb0830/name'
19:55:02.554 [Forwarding getElementTagName on session de139260107ca76e775ec3b12c08e9fe to remote] DEBUG org.asynchttpclient.netty.request.NettyRequestSender - Using open Channel [id: 0x2f9bc3fc, L:/127.0.0.1:56551 - R:localhost/127.0.0.1:5810] for GET '/session/de139260107ca76e775ec3b12c08e9fe/element/8be214bb-ccf7-4159-91fc-5762efcb0830/name'
19:55:02.556 [AsyncHttpClient-1-26] DEBUG org.asynchttpclient.netty.handler.HttpHandler - 

Request DefaultFullHttpRequest(decodeResult: success, version: HTTP/1.1, content: EmptyByteBufBE)
GET /session/de139260107ca76e775ec3b12c08e9fe/element/8be214bb-ccf7-4159-91fc-5762efcb0830/name HTTP/1.1
User-Agent: selenium/4.8.1 (java windows)
Cache-Control: no-cache
Content-Type: application/json; charset=utf-8
host: localhost:5810
accept: */*

Response DefaultHttpResponse(decodeResult: success, version: HTTP/1.1)
HTTP/1.1 200 OK
Content-Length: 18
Content-Type: application/json; charset=utf-8
cache-control: no-cache

19:55:02.556 [AsyncHttpClient-1-26] DEBUG org.asynchttpclient.netty.channel.ChannelManager - Adding key: http://localhost:5810 for channel [id: 0x2f9bc3fc, L:/127.0.0.1:56551 - R:localhost/127.0.0.1:5810]
19:55:02.556 [Forwarding isElementEnabled on session de139260107ca76e775ec3b12c08e9fe to remote] DEBUG org.asynchttpclient.netty.request.NettyRequestSender - Using pooled Channel '[id: 0x2f9bc3fc, L:/127.0.0.1:56551 - R:localhost/127.0.0.1:5810]' for 'GET' to 'http://localhost:5810/session/de139260107ca76e775ec3b12c08e9fe/element/8be214bb-ccf7-4159-91fc-5762efcb0830/enabled'
19:55:02.556 [Forwarding isElementEnabled on session de139260107ca76e775ec3b12c08e9fe to remote] DEBUG org.asynchttpclient.netty.request.NettyRequestSender - Using open Channel [id: 0x2f9bc3fc, L:/127.0.0.1:56551 - R:localhost/127.0.0.1:5810] for GET '/session/de139260107ca76e775ec3b12c08e9fe/element/8be214bb-ccf7-4159-91fc-5762efcb0830/enabled'
19:55:02.562 [AsyncHttpClient-1-26] DEBUG org.asynchttpclient.netty.handler.HttpHandler - 

Request DefaultFullHttpRequest(decodeResult: success, version: HTTP/1.1, content: EmptyByteBufBE)
GET /session/de139260107ca76e775ec3b12c08e9fe/element/8be214bb-ccf7-4159-91fc-5762efcb0830/enabled HTTP/1.1
User-Agent: selenium/4.8.1 (java windows)
Cache-Control: no-cache
Content-Type: application/json; charset=utf-8
host: localhost:5810
accept: */*

Response DefaultHttpResponse(decodeResult: success, version: HTTP/1.1)
HTTP/1.1 200 OK
Content-Length: 14
Content-Type: application/json; charset=utf-8
cache-control: no-cache

19:55:02.562 [AsyncHttpClient-1-26] DEBUG org.asynchttpclient.netty.channel.ChannelManager - Adding key: http://localhost:5810 for channel [id: 0x2f9bc3fc, L:/127.0.0.1:56551 - R:localhost/127.0.0.1:5810]
19:55:02.562 [Forwarding isElementEnabled on session de139260107ca76e775ec3b12c08e9fe to remote] DEBUG org.asynchttpclient.netty.request.NettyRequestSender - Using pooled Channel '[id: 0x2f9bc3fc, L:/127.0.0.1:56551 - R:localhost/127.0.0.1:5810]' for 'GET' to 'http://localhost:5810/session/de139260107ca76e775ec3b12c08e9fe/element/8be214bb-ccf7-4159-91fc-5762efcb0830/enabled'
19:55:02.562 [Forwarding isElementEnabled on session de139260107ca76e775ec3b12c08e9fe to remote] DEBUG org.asynchttpclient.netty.request.NettyRequestSender - Using open Channel [id: 0x2f9bc3fc, L:/127.0.0.1:56551 - R:localhost/127.0.0.1:5810] for GET '/session/de139260107ca76e775ec3b12c08e9fe/element/8be214bb-ccf7-4159-91fc-5762efcb0830/enabled'
19:55:02.566 [AsyncHttpClient-1-26] DEBUG org.asynchttpclient.netty.handler.HttpHandler - 

Request DefaultFullHttpRequest(decodeResult: success, version: HTTP/1.1, content: EmptyByteBufBE)
GET /session/de139260107ca76e775ec3b12c08e9fe/element/8be214bb-ccf7-4159-91fc-5762efcb0830/enabled HTTP/1.1
User-Agent: selenium/4.8.1 (java windows)
Cache-Control: no-cache
Content-Type: application/json; charset=utf-8
host: localhost:5810
accept: */*

Response DefaultHttpResponse(decodeResult: success, version: HTTP/1.1)
HTTP/1.1 200 OK
Content-Length: 14
Content-Type: application/json; charset=utf-8
cache-control: no-cache

19:55:02.567 [AsyncHttpClient-1-26] DEBUG org.asynchttpclient.netty.channel.ChannelManager - Adding key: http://localhost:5810 for channel [id: 0x2f9bc3fc, L:/127.0.0.1:56551 - R:localhost/127.0.0.1:5810]
19:55:02.567 [Forwarding findElement on session de139260107ca76e775ec3b12c08e9fe to remote] DEBUG org.asynchttpclient.netty.request.NettyRequestSender - Using pooled Channel '[id: 0x2f9bc3fc, L:/127.0.0.1:56551 - R:localhost/127.0.0.1:5810]' for 'POST' to 'http://localhost:5810/session/de139260107ca76e775ec3b12c08e9fe/element'
19:55:02.567 [Forwarding findElement on session de139260107ca76e775ec3b12c08e9fe to remote] DEBUG org.asynchttpclient.netty.request.NettyRequestSender - Using open Channel [id: 0x2f9bc3fc, L:/127.0.0.1:56551 - R:localhost/127.0.0.1:5810] for POST '/session/de139260107ca76e775ec3b12c08e9fe/element'
19:55:02.571 [AsyncHttpClient-1-26] DEBUG org.asynchttpclient.netty.handler.HttpHandler - 

Request DefaultHttpRequest(decodeResult: success, version: HTTP/1.1)
POST /session/de139260107ca76e775ec3b12c08e9fe/element HTTP/1.1
User-Agent: selenium/4.8.1 (java windows)
Content-Length: 81
Content-Type: application/json; charset=utf-8
host: localhost:5810
accept: */*

Response DefaultHttpResponse(decodeResult: success, version: HTTP/1.1)
HTTP/1.1 200 OK
Content-Length: 88
Content-Type: application/json; charset=utf-8
cache-control: no-cache

19:55:02.571 [AsyncHttpClient-1-26] DEBUG org.asynchttpclient.netty.channel.ChannelManager - Adding key: http://localhost:5810 for channel [id: 0x2f9bc3fc, L:/127.0.0.1:56551 - R:localhost/127.0.0.1:5810]
19:55:02.571 [Forwarding clickElement on session de139260107ca76e775ec3b12c08e9fe to remote] DEBUG org.asynchttpclient.netty.request.NettyRequestSender - Using pooled Channel '[id: 0x2f9bc3fc, L:/127.0.0.1:56551 - R:localhost/127.0.0.1:5810]' for 'POST' to 'http://localhost:5810/session/de139260107ca76e775ec3b12c08e9fe/element/8be214bb-ccf7-4159-91fc-5762efcb0830/click'
19:55:02.571 [Forwarding clickElement on session de139260107ca76e775ec3b12c08e9fe to remote] DEBUG org.asynchttpclient.netty.request.NettyRequestSender - Using open Channel [id: 0x2f9bc3fc, L:/127.0.0.1:56551 - R:localhost/127.0.0.1:5810] for POST '/session/de139260107ca76e775ec3b12c08e9fe/element/8be214bb-ccf7-4159-91fc-5762efcb0830/click'
19:55:02.594 [AsyncHttpClient-1-26] DEBUG org.asynchttpclient.netty.handler.HttpHandler - 

Request DefaultHttpRequest(decodeResult: success, version: HTTP/1.1)
POST /session/de139260107ca76e775ec3b12c08e9fe/element/8be214bb-ccf7-4159-91fc-5762efcb0830/click HTTP/1.1
User-Agent: selenium/4.8.1 (java windows)
Content-Length: 50
Content-Type: application/json; charset=utf-8
host: localhost:5810
accept: */*

Response DefaultHttpResponse(decodeResult: success, version: HTTP/1.1)
HTTP/1.1 200 OK
Content-Length: 14
Content-Type: application/json; charset=utf-8
cache-control: no-cache

19:55:02.594 [AsyncHttpClient-1-26] DEBUG org.asynchttpclient.netty.channel.ChannelManager - Adding key: http://localhost:5810 for channel [id: 0x2f9bc3fc, L:/127.0.0.1:56551 - R:localhost/127.0.0.1:5810]
19:55:02.598 [Forwarding getAlertText on session de139260107ca76e775ec3b12c08e9fe to remote] DEBUG org.asynchttpclient.netty.request.NettyRequestSender - Using pooled Channel '[id: 0x2f9bc3fc, L:/127.0.0.1:56551 - R:localhost/127.0.0.1:5810]' for 'GET' to 'http://localhost:5810/session/de139260107ca76e775ec3b12c08e9fe/alert/text'
19:55:02.598 [Forwarding getAlertText on session de139260107ca76e775ec3b12c08e9fe to remote] DEBUG org.asynchttpclient.netty.request.NettyRequestSender - Using open Channel [id: 0x2f9bc3fc, L:/127.0.0.1:56551 - R:localhost/127.0.0.1:5810] for GET '/session/de139260107ca76e775ec3b12c08e9fe/alert/text'
19:55:02.600 [AsyncHttpClient-1-26] DEBUG org.asynchttpclient.netty.handler.HttpHandler - 

Request DefaultFullHttpRequest(decodeResult: success, version: HTTP/1.1, content: EmptyByteBufBE)
GET /session/de139260107ca76e775ec3b12c08e9fe/alert/text HTTP/1.1
User-Agent: selenium/4.8.1 (java windows)
Cache-Control: no-cache
Content-Type: application/json; charset=utf-8
host: localhost:5810
accept: */*

Response DefaultHttpResponse(decodeResult: success, version: HTTP/1.1)
HTTP/1.1 404 Not Found
Content-Length: 816
Content-Type: application/json; charset=utf-8
cache-control: no-cache

19:55:02.600 [AsyncHttpClient-1-26] DEBUG org.asynchttpclient.netty.channel.ChannelManager - Adding key: http://localhost:5810 for channel [id: 0x2f9bc3fc, L:/127.0.0.1:56551 - R:localhost/127.0.0.1:5810]
19:55:02.600 [Forwarding getCurrentUrl on session de139260107ca76e775ec3b12c08e9fe to remote] DEBUG org.asynchttpclient.netty.request.NettyRequestSender - Using pooled Channel '[id: 0x2f9bc3fc, L:/127.0.0.1:56551 - R:localhost/127.0.0.1:5810]' for 'GET' to 'http://localhost:5810/session/de139260107ca76e775ec3b12c08e9fe/url'
19:55:02.600 [Forwarding getCurrentUrl on session de139260107ca76e775ec3b12c08e9fe to remote] DEBUG org.asynchttpclient.netty.request.NettyRequestSender - Using open Channel [id: 0x2f9bc3fc, L:/127.0.0.1:56551 - R:localhost/127.0.0.1:5810] for GET '/session/de139260107ca76e775ec3b12c08e9fe/url'
19:55:02.602 [AsyncHttpClient-1-26] DEBUG org.asynchttpclient.netty.handler.HttpHandler - 

Request DefaultFullHttpRequest(decodeResult: success, version: HTTP/1.1, content: EmptyByteBufBE)
GET /session/de139260107ca76e775ec3b12c08e9fe/url HTTP/1.1
User-Agent: selenium/4.8.1 (java windows)
Cache-Control: no-cache
Content-Type: application/json; charset=utf-8
host: localhost:5810
accept: */*

Response DefaultHttpResponse(decodeResult: success, version: HTTP/1.1)
HTTP/1.1 200 OK
Content-Length: 47
Content-Type: application/json; charset=utf-8
cache-control: no-cache

19:55:02.602 [AsyncHttpClient-1-26] DEBUG org.asynchttpclient.netty.channel.ChannelManager - Adding key: http://localhost:5810 for channel [id: 0x2f9bc3fc, L:/127.0.0.1:56551 - R:localhost/127.0.0.1:5810]
19:55:02.602 [Forwarding screenshot on session de139260107ca76e775ec3b12c08e9fe to remote] DEBUG org.asynchttpclient.netty.request.NettyRequestSender - Using pooled Channel '[id: 0x2f9bc3fc, L:/127.0.0.1:56551 - R:localhost/127.0.0.1:5810]' for 'GET' to 'http://localhost:5810/session/de139260107ca76e775ec3b12c08e9fe/screenshot'
19:55:02.602 [Forwarding screenshot on session de139260107ca76e775ec3b12c08e9fe to remote] DEBUG org.asynchttpclient.netty.request.NettyRequestSender - Using open Channel [id: 0x2f9bc3fc, L:/127.0.0.1:56551 - R:localhost/127.0.0.1:5810] for GET '/session/de139260107ca76e775ec3b12c08e9fe/screenshot'
19:55:02.709 [AsyncHttpClient-1-26] DEBUG org.asynchttpclient.netty.handler.HttpHandler - 

Request DefaultFullHttpRequest(decodeResult: success, version: HTTP/1.1, content: EmptyByteBufBE)
GET /session/de139260107ca76e775ec3b12c08e9fe/screenshot HTTP/1.1
User-Agent: selenium/4.8.1 (java windows)
Cache-Control: no-cache
Content-Type: application/json; charset=utf-8
host: localhost:5810
accept: */*

Response DefaultHttpResponse(decodeResult: success, version: HTTP/1.1)
HTTP/1.1 200 OK
Content-Length: 60068
Content-Type: application/json; charset=utf-8
cache-control: no-cache

19:55:02.709 [AsyncHttpClient-1-26] DEBUG org.asynchttpclient.netty.channel.ChannelManager - Adding key: http://localhost:5810 for channel [id: 0x2f9bc3fc, L:/127.0.0.1:56551 - R:localhost/127.0.0.1:5810]
19:55:02.710 [main] DEBUG net.serenitybdd.core.photography.Darkroom - Send negative for processing for target\site\serenity\c1fd5b32d9533e7ed132f39fa68b0a2b2abc60518c13100a8c678fe5fe1f4850.png
19:55:02.711 [main] DEBUG net.thucydides.core.steps.StepInterceptor - STEP DONE: pressRemove
  &amp#27;[32mAnd &amp#27;[0m&amp#27;[32mI press remove button for product &amp#27;[0m&amp#27;[32m&amp#27;[1m"sauce-labs-bike-light"&amp#27;[0m          &amp#27;[90m# starter.stepDefinitions.CartSteps.pressRemove(java.lang.String)&amp#27;[0m
19:55:02.711 [Darkroom Processing Line] DEBUG net.serenitybdd.core.photography.DarkroomProcessingLine - Processing screenshot image in /var/screenshots/screenshot-629483401975502885
19:55:02.711 [Darkroom Processing Line] DEBUG net.serenitybdd.core.photography.DarkroomProcessingLine - Saving screenshot to target\site\serenity\c1fd5b32d9533e7ed132f39fa68b0a2b2abc60518c13100a8c678fe5fe1f4850.png
19:55:02.717 [Forwarding getPageSource on session de139260107ca76e775ec3b12c08e9fe to remote] DEBUG org.asynchttpclient.netty.request.NettyRequestSender - Using pooled Channel '[id: 0x2f9bc3fc, L:/127.0.0.1:56551 - R:localhost/127.0.0.1:5810]' for 'POST' to 'http://localhost:5810/session/de139260107ca76e775ec3b12c08e9fe/execute/sync'
19:55:02.717 [Forwarding getPageSource on session de139260107ca76e775ec3b12c08e9fe to remote] DEBUG org.asynchttpclient.netty.request.NettyRequestSender - Using open Channel [id: 0x2f9bc3fc, L:/127.0.0.1:56551 - R:localhost/127.0.0.1:5810] for POST '/session/de139260107ca76e775ec3b12c08e9fe/execute/sync'
19:55:02.720 [AsyncHttpClient-1-26] DEBUG org.asynchttpclient.netty.handler.HttpHandler - 

Request DefaultHttpRequest(decodeResult: success, version: HTTP/1.1)
POST /session/de139260107ca76e775ec3b12c08e9fe/execute/sync HTTP/1.1
User-Agent: selenium/4.8.1 (java windows)
Content-Length: 176
Content-Type: application/json; charset=utf-8
host: localhost:5810
accept: */*

Response DefaultHttpResponse(decodeResult: success, version: HTTP/1.1)
HTTP/1.1 200 OK
Content-Length: 11844
Content-Type: application/json; charset=utf-8
cache-control: no-cache

19:55:02.720 [AsyncHttpClient-1-26] DEBUG org.asynchttpclient.netty.channel.ChannelManager - Adding key: http://localhost:5810 for channel [id: 0x2f9bc3fc, L:/127.0.0.1:56551 - R:localhost/127.0.0.1:5810]
19:55:02.721 [Forwarding getCurrentUrl on session de139260107ca76e775ec3b12c08e9fe to remote] DEBUG org.asynchttpclient.netty.request.NettyRequestSender - Using pooled Channel '[id: 0x2f9bc3fc, L:/127.0.0.1:56551 - R:localhost/127.0.0.1:5810]' for 'GET' to 'http://localhost:5810/session/de139260107ca76e775ec3b12c08e9fe/url'
19:55:02.721 [Forwarding getCurrentUrl on session de139260107ca76e775ec3b12c08e9fe to remote] DEBUG org.asynchttpclient.netty.request.NettyRequestSender - Using open Channel [id: 0x2f9bc3fc, L:/127.0.0.1:56551 - R:localhost/127.0.0.1:5810] for GET '/session/de139260107ca76e775ec3b12c08e9fe/url'
19:55:02.724 [AsyncHttpClient-1-26] DEBUG org.asynchttpclient.netty.handler.HttpHandler - 

Request DefaultFullHttpRequest(decodeResult: success, version: HTTP/1.1, content: EmptyByteBufBE)
GET /session/de139260107ca76e775ec3b12c08e9fe/url HTTP/1.1
User-Agent: selenium/4.8.1 (java windows)
Cache-Control: no-cache
Content-Type: application/json; charset=utf-8
host: localhost:5810
accept: */*

Response DefaultHttpResponse(decodeResult: success, version: HTTP/1.1)
HTTP/1.1 200 OK
Content-Length: 47
Content-Type: application/json; charset=utf-8
cache-control: no-cache

19:55:02.724 [AsyncHttpClient-1-26] DEBUG org.asynchttpclient.netty.channel.ChannelManager - Adding key: http://localhost:5810 for channel [id: 0x2f9bc3fc, L:/127.0.0.1:56551 - R:localhost/127.0.0.1:5810]
19:55:02.731 [Forwarding getPageSource on session de139260107ca76e775ec3b12c08e9fe to remote] DEBUG org.asynchttpclient.netty.request.NettyRequestSender - Using pooled Channel '[id: 0x2f9bc3fc, L:/127.0.0.1:56551 - R:localhost/127.0.0.1:5810]' for 'POST' to 'http://localhost:5810/session/de139260107ca76e775ec3b12c08e9fe/execute/sync'
19:55:02.731 [Forwarding getPageSource on session de139260107ca76e775ec3b12c08e9fe to remote] DEBUG org.asynchttpclient.netty.request.NettyRequestSender - Using open Channel [id: 0x2f9bc3fc, L:/127.0.0.1:56551 - R:localhost/127.0.0.1:5810] for POST '/session/de139260107ca76e775ec3b12c08e9fe/execute/sync'
19:55:02.734 [AsyncHttpClient-1-26] DEBUG org.asynchttpclient.netty.handler.HttpHandler - 

Request DefaultHttpRequest(decodeResult: success, version: HTTP/1.1)
POST /session/de139260107ca76e775ec3b12c08e9fe/execute/sync HTTP/1.1
User-Agent: selenium/4.8.1 (java windows)
Content-Length: 176
Content-Type: application/json; charset=utf-8
host: localhost:5810
accept: */*

Response DefaultHttpResponse(decodeResult: success, version: HTTP/1.1)
HTTP/1.1 200 OK
Content-Length: 11844
Content-Type: application/json; charset=utf-8
cache-control: no-cache

19:55:02.734 [AsyncHttpClient-1-26] DEBUG org.asynchttpclient.netty.channel.ChannelManager - Adding key: http://localhost:5810 for channel [id: 0x2f9bc3fc, L:/127.0.0.1:56551 - R:localhost/127.0.0.1:5810]
19:55:02.735 [Forwarding getCurrentUrl on session de139260107ca76e775ec3b12c08e9fe to remote] DEBUG org.asynchttpclient.netty.request.NettyRequestSender - Using pooled Channel '[id: 0x2f9bc3fc, L:/127.0.0.1:56551 - R:localhost/127.0.0.1:5810]' for 'GET' to 'http://localhost:5810/session/de139260107ca76e775ec3b12c08e9fe/url'
19:55:02.735 [Forwarding getCurrentUrl on session de139260107ca76e775ec3b12c08e9fe to remote] DEBUG org.asynchttpclient.netty.request.NettyRequestSender - Using open Channel [id: 0x2f9bc3fc, L:/127.0.0.1:56551 - R:localhost/127.0.0.1:5810] for GET '/session/de139260107ca76e775ec3b12c08e9fe/url'
19:55:02.737 [AsyncHttpClient-1-26] DEBUG org.asynchttpclient.netty.handler.HttpHandler - 

Request DefaultFullHttpRequest(decodeResult: success, version: HTTP/1.1, content: EmptyByteBufBE)
GET /session/de139260107ca76e775ec3b12c08e9fe/url HTTP/1.1
User-Agent: selenium/4.8.1 (java windows)
Cache-Control: no-cache
Content-Type: application/json; charset=utf-8
host: localhost:5810
accept: */*

Response DefaultHttpResponse(decodeResult: success, version: HTTP/1.1)
HTTP/1.1 200 OK
Content-Length: 47
Content-Type: application/json; charset=utf-8
cache-control: no-cache

19:55:02.737 [AsyncHttpClient-1-26] DEBUG org.asynchttpclient.netty.channel.ChannelManager - Adding key: http://localhost:5810 for channel [id: 0x2f9bc3fc, L:/127.0.0.1:56551 - R:localhost/127.0.0.1:5810]
19:55:02.739 [main] DEBUG net.thucydides.core.steps.StepInterceptor - STARTING STEP: CartSteps.checkNotExist - checkNotExist
19:55:02.741 [Forwarding findElement on session de139260107ca76e775ec3b12c08e9fe to remote] DEBUG org.asynchttpclient.netty.request.NettyRequestSender - Using pooled Channel '[id: 0x2f9bc3fc, L:/127.0.0.1:56551 - R:localhost/127.0.0.1:5810]' for 'POST' to 'http://localhost:5810/session/de139260107ca76e775ec3b12c08e9fe/element'
19:55:02.741 [Forwarding findElement on session de139260107ca76e775ec3b12c08e9fe to remote] DEBUG org.asynchttpclient.netty.request.NettyRequestSender - Using open Channel [id: 0x2f9bc3fc, L:/127.0.0.1:56551 - R:localhost/127.0.0.1:5810] for POST '/session/de139260107ca76e775ec3b12c08e9fe/element'
19:55:03.112 [AsyncHttpClient-1-1] DEBUG org.asynchttpclient.netty.channel.DefaultChannelPool - Entry count for : http://localhost:56552 : 1
19:55:04.207 [AsyncHttpClient-1-1] DEBUG org.asynchttpclient.netty.channel.DefaultChannelPool - Entry count for : http://localhost:56552 : 1
19:55:04.804 [AsyncHttpClient-1-26] DEBUG org.asynchttpclient.netty.handler.HttpHandler - 

Request DefaultHttpRequest(decodeResult: success, version: HTTP/1.1)
POST /session/de139260107ca76e775ec3b12c08e9fe/element HTTP/1.1
User-Agent: selenium/4.8.1 (java windows)
Content-Length: 64
Content-Type: application/json; charset=utf-8
host: localhost:5810
accept: */*

Response DefaultHttpResponse(decodeResult: success, version: HTTP/1.1)
HTTP/1.1 404 Not Found
Content-Length: 943
Content-Type: application/json; charset=utf-8
cache-control: no-cache

19:55:04.804 [AsyncHttpClient-1-26] DEBUG org.asynchttpclient.netty.channel.ChannelManager - Adding key: http://localhost:5810 for channel [id: 0x2f9bc3fc, L:/127.0.0.1:56551 - R:localhost/127.0.0.1:5810]
19:55:04.808 [Forwarding getAlertText on session de139260107ca76e775ec3b12c08e9fe to remote] DEBUG org.asynchttpclient.netty.request.NettyRequestSender - Using pooled Channel '[id: 0x2f9bc3fc, L:/127.0.0.1:56551 - R:localhost/127.0.0.1:5810]' for 'GET' to 'http://localhost:5810/session/de139260107ca76e775ec3b12c08e9fe/alert/text'
19:55:04.808 [Forwarding getAlertText on session de139260107ca76e775ec3b12c08e9fe to remote] DEBUG org.asynchttpclient.netty.request.NettyRequestSender - Using open Channel [id: 0x2f9bc3fc, L:/127.0.0.1:56551 - R:localhost/127.0.0.1:5810] for GET '/session/de139260107ca76e775ec3b12c08e9fe/alert/text'
19:55:04.809 [AsyncHttpClient-1-26] DEBUG org.asynchttpclient.netty.handler.HttpHandler - 

Request DefaultFullHttpRequest(decodeResult: success, version: HTTP/1.1, content: EmptyByteBufBE)
GET /session/de139260107ca76e775ec3b12c08e9fe/alert/text HTTP/1.1
User-Agent: selenium/4.8.1 (java windows)
Cache-Control: no-cache
Content-Type: application/json; charset=utf-8
host: localhost:5810
accept: */*

Response DefaultHttpResponse(decodeResult: success, version: HTTP/1.1)
HTTP/1.1 404 Not Found
Content-Length: 816
Content-Type: application/json; charset=utf-8
cache-control: no-cache

19:55:04.809 [AsyncHttpClient-1-26] DEBUG org.asynchttpclient.netty.channel.ChannelManager - Adding key: http://localhost:5810 for channel [id: 0x2f9bc3fc, L:/127.0.0.1:56551 - R:localhost/127.0.0.1:5810]
19:55:04.809 [Forwarding getCurrentUrl on session de139260107ca76e775ec3b12c08e9fe to remote] DEBUG org.asynchttpclient.netty.request.NettyRequestSender - Using pooled Channel '[id: 0x2f9bc3fc, L:/127.0.0.1:56551 - R:localhost/127.0.0.1:5810]' for 'GET' to 'http://localhost:5810/session/de139260107ca76e775ec3b12c08e9fe/url'
19:55:04.809 [Forwarding getCurrentUrl on session de139260107ca76e775ec3b12c08e9fe to remote] DEBUG org.asynchttpclient.netty.request.NettyRequestSender - Using open Channel [id: 0x2f9bc3fc, L:/127.0.0.1:56551 - R:localhost/127.0.0.1:5810] for GET '/session/de139260107ca76e775ec3b12c08e9fe/url'
19:55:04.812 [AsyncHttpClient-1-26] DEBUG org.asynchttpclient.netty.handler.HttpHandler - 

Request DefaultFullHttpRequest(decodeResult: success, version: HTTP/1.1, content: EmptyByteBufBE)
GET /session/de139260107ca76e775ec3b12c08e9fe/url HTTP/1.1
User-Agent: selenium/4.8.1 (java windows)
Cache-Control: no-cache
Content-Type: application/json; charset=utf-8
host: localhost:5810
accept: */*

Response DefaultHttpResponse(decodeResult: success, version: HTTP/1.1)
HTTP/1.1 200 OK
Content-Length: 47
Content-Type: application/json; charset=utf-8
cache-control: no-cache

19:55:04.812 [AsyncHttpClient-1-26] DEBUG org.asynchttpclient.netty.channel.ChannelManager - Adding key: http://localhost:5810 for channel [id: 0x2f9bc3fc, L:/127.0.0.1:56551 - R:localhost/127.0.0.1:5810]
19:55:04.812 [Forwarding screenshot on session de139260107ca76e775ec3b12c08e9fe to remote] DEBUG org.asynchttpclient.netty.request.NettyRequestSender - Using pooled Channel '[id: 0x2f9bc3fc, L:/127.0.0.1:56551 - R:localhost/127.0.0.1:5810]' for 'GET' to 'http://localhost:5810/session/de139260107ca76e775ec3b12c08e9fe/screenshot'
19:55:04.812 [Forwarding screenshot on session de139260107ca76e775ec3b12c08e9fe to remote] DEBUG org.asynchttpclient.netty.request.NettyRequestSender - Using open Channel [id: 0x2f9bc3fc, L:/127.0.0.1:56551 - R:localhost/127.0.0.1:5810] for GET '/session/de139260107ca76e775ec3b12c08e9fe/screenshot'
19:55:04.941 [AsyncHttpClient-1-26] DEBUG org.asynchttpclient.netty.handler.HttpHandler - 

Request DefaultFullHttpRequest(decodeResult: success, version: HTTP/1.1, content: EmptyByteBufBE)
GET /session/de139260107ca76e775ec3b12c08e9fe/screenshot HTTP/1.1
User-Agent: selenium/4.8.1 (java windows)
Cache-Control: no-cache
Content-Type: application/json; charset=utf-8
host: localhost:5810
accept: */*

Response DefaultHttpResponse(decodeResult: success, version: HTTP/1.1)
HTTP/1.1 200 OK
Content-Length: 60068
Content-Type: application/json; charset=utf-8
cache-control: no-cache

19:55:04.941 [AsyncHttpClient-1-26] DEBUG org.asynchttpclient.netty.channel.ChannelManager - Adding key: http://localhost:5810 for channel [id: 0x2f9bc3fc, L:/127.0.0.1:56551 - R:localhost/127.0.0.1:5810]
19:55:04.942 [main] DEBUG net.serenitybdd.core.photography.Darkroom - Send negative for processing for target\site\serenity\c1fd5b32d9533e7ed132f39fa68b0a2b2abc60518c13100a8c678fe5fe1f4850.png
19:55:04.942 [main] DEBUG net.thucydides.core.steps.StepInterceptor - STEP DONE: checkNotExist
  &amp#27;[32mThen &amp#27;[0m&amp#27;[32mI will no longer see the &amp#27;[0m&amp#27;[32m&amp#27;[1m"Sauce Labs Bike Light"&amp#27;[0m&amp#27;[32m on the cart list&amp#27;[0m &amp#27;[90m# starter.stepDefinitions.CartSteps.checkNotExist(java.lang.String)&amp#27;[0m
19:55:04.950 [Driver Command Executor] DEBUG org.asynchttpclient.netty.request.NettyRequestSender - Using pooled Channel '[id: 0x2f9bc3fc, L:/127.0.0.1:56551 - R:localhost/127.0.0.1:5810]' for 'DELETE' to 'http://localhost:5810/session/de139260107ca76e775ec3b12c08e9fe'
19:55:04.950 [AsyncHttpClient-1-28] DEBUG org.asynchttpclient.netty.handler.WebSocketHandler - Channel Closed: [id: 0x70320d17, L:/127.0.0.1:56559 ! R:localhost/127.0.0.1:56552] with attribute NettyResponseFuture{currentRetry=0,
	isDone=1,
	isCancelled=0,
	asyncHandler=org.asynchttpclient.ws.WebSocketUpgradeHandler@6928a1de,
	nettyRequest=org.asynchttpclient.netty.request.NettyRequest@2c2a329f,
	future=java.util.concurrent.CompletableFuture@494a180e[Completed normally],
	uri=ws://localhost:56552/devtools/browser/a42fa3d9-2a05-48f7-bbcc-b4033ab42806,
	keepAlive=true,
	redirectCount=0,
	timeoutsHolder=null,
	inAuth=0,
	touch=1680612900743}
19:55:04.950 [Driver Command Executor] DEBUG org.asynchttpclient.netty.request.NettyRequestSender - Using open Channel [id: 0x2f9bc3fc, L:/127.0.0.1:56551 - R:localhost/127.0.0.1:5810] for DELETE '/session/de139260107ca76e775ec3b12c08e9fe'
19:55:04.950 [AsyncHttpClient-1-28] DEBUG org.asynchttpclient.netty.channel.ChannelManager - Closing Channel [id: 0x70320d17, L:/127.0.0.1:56559 ! R:localhost/127.0.0.1:56552] 
19:55:04.983 [AsyncHttpClient-1-27] DEBUG org.asynchttpclient.netty.handler.HttpHandler - Unexpected I/O exception on channel [id: 0x7f28d2c6, L:/127.0.0.1:56558 - R:localhost/127.0.0.1:56552]
java.net.SocketException: Connection reset
	at java.base/sun.nio.ch.SocketChannelImpl.throwConnectionReset(SocketChannelImpl.java:401)
	at java.base/sun.nio.ch.SocketChannelImpl.read(SocketChannelImpl.java:434)
	at io.netty.buffer.PooledByteBuf.setBytes(PooledByteBuf.java:259)
	at io.netty.buffer.AbstractByteBuf.writeBytes(AbstractByteBuf.java:1132)
	at io.netty.channel.socket.nio.NioSocketChannel.doReadBytes(NioSocketChannel.java:357)
	at io.netty.channel.nio.AbstractNioByteChannel$NioByteUnsafe.read(AbstractNioByteChannel.java:151)
	at io.netty.channel.nio.NioEventLoop.processSelectedKey(NioEventLoop.java:788)
	at io.netty.channel.nio.NioEventLoop.processSelectedKeysOptimized(NioEventLoop.java:724)
	at io.netty.channel.nio.NioEventLoop.processSelectedKeys(NioEventLoop.java:650)
	at io.netty.channel.nio.NioEventLoop.run(NioEventLoop.java:562)
	at io.netty.util.concurrent.SingleThreadEventExecutor$4.run(SingleThreadEventExecutor.java:997)
	at io.netty.util.internal.ThreadExecutorMap$2.run(ThreadExecutorMap.java:74)
	at io.netty.util.concurrent.FastThreadLocalRunnable.run(FastThreadLocalRunnable.java:30)
	at java.base/java.lang.Thread.run(Thread.java:1589)
19:55:04.983 [AsyncHttpClient-1-27] DEBUG org.asynchttpclient.netty.channel.ChannelManager - Closing Channel [id: 0x7f28d2c6, L:/127.0.0.1:56558 - R:localhost/127.0.0.1:56552] 
19:55:04.983 [AsyncHttpClient-1-27] DEBUG org.asynchttpclient.netty.handler.HttpHandler - Channel Closed: [id: 0x7f28d2c6, L:/127.0.0.1:56558 ! R:localhost/127.0.0.1:56552] with attribute DISCARD
19:55:05.047 [AsyncHttpClient-1-26] DEBUG org.asynchttpclient.netty.handler.HttpHandler - 

Request DefaultFullHttpRequest(decodeResult: success, version: HTTP/1.1, content: EmptyByteBufBE)
DELETE /session/de139260107ca76e775ec3b12c08e9fe HTTP/1.1
User-Agent: selenium/4.8.1 (java windows)
Content-Type: application/json; charset=utf-8
host: localhost:5810
accept: */*

Response DefaultHttpResponse(decodeResult: success, version: HTTP/1.1)
HTTP/1.1 200 OK
Content-Length: 14
Content-Type: application/json; charset=utf-8
cache-control: no-cache

19:55:05.047 [AsyncHttpClient-1-26] DEBUG org.asynchttpclient.netty.channel.ChannelManager - Adding key: http://localhost:5810 for channel [id: 0x2f9bc3fc, L:/127.0.0.1:56551 - R:localhost/127.0.0.1:5810]
19:55:05.114 [AsyncHttpClient-1-26] DEBUG org.asynchttpclient.netty.handler.HttpHandler - Channel Closed: [id: 0x2f9bc3fc, L:/127.0.0.1:56551 ! R:localhost/127.0.0.1:5810] with attribute DISCARD
19:55:05.185 [main] INFO  - 
  _____   ___   ___   _____     ___     _     ___   ___   ___   ___  
 |_   _| | __| / __| |_   _|   | _ \   /_\   / __| / __| | __| |   \ 
   | |   | _|  \__ \   | |     |  _/  / _ \  \__ \ \__ \ | _|  | |) |
   |_|   |___| |___/   |_|     |_|   /_/ \_\ |___/ |___/ |___| |___/ 

As user i want to be able to remove product from cart
----------------------------------------------------------------------
]]></system-out>
    <system-err><![CDATA[Starting ChromeDriver 111.0.5563.64 (c710e93d5b63b7095afe8c2c17df34408078439d-refs/branch-heads/5563@{#995}) on port 5810
Only local connections are allowed.
Please see https://chromedriver.chromium.org/security-considerations for suggestions on keeping ChromeDriver safe.
ChromeDriver was started successfully.
Apr 04, 2023 7:55:00 PM org.openqa.selenium.devtools.CdpVersionFinder findNearestMatch
WARNING: Unable to find an exact match for CDP version 111, so returning the closest version found: 110
]]></system-err>
  </testcase>
  <testcase name="As user i want to be able to remove product from cart #2" classname="product cart" time="5.918">
    <system-out><![CDATA[
@ProductCart
Scenario Outline: As user i want to be able to remove product from cart &amp#27;[90m# src/test/resources/features/ProductCart.feature:23&amp#27;[0m
19:55:05.191 [main] DEBUG io.cucumber.core.plugin.SerenityReporter - Running feature from file:///C:/Users/TrisetioPutra/Documents/serenity_sauce/serenity-sauce-demo/src/test/resources/features/ProductCart.feature
19:55:05.272 [main] INFO net.serenitybdd.core.webdriver.driverproviders.ChromeDriverProvider - Starting Chrome driver instance with capabilities:
19:55:05.272 [main] INFO net.serenitybdd.core.webdriver.driverproviders.ChromeDriverProvider - Capabilities {acceptInsecureCerts: true, browserName: chrome, goog:chromeOptions: {args: [remote-allow-origins=*, test-type, no-sandbox, ignore-certificate-errors, --window-size=1000,800, incognito, disable-infobars, disable-gpu, disable-default-apps, disable-popup-blocking, remote-allow-origins=*, test-type, no-sandbox, ignore-certificate-errors, --window-size=1000,800, incognito, disable-infobars, disable-gpu, disable-default-apps, disable-popup-blocking, remote-allow-origins=*], extensions: []}}
19:55:05.310 [AsyncHttpClient-1-1] DEBUG org.asynchttpclient.netty.channel.DefaultChannelPool - Entry count for : http://localhost:5810 : 1
19:55:05.310 [AsyncHttpClient-1-1] DEBUG org.asynchttpclient.netty.channel.DefaultChannelPool - Entry count for : http://localhost:56552 : 1
19:55:05.311 [AsyncHttpClient-1-1] DEBUG org.asynchttpclient.netty.channel.DefaultChannelPool - Adding Candidate expired Channel [id: 0x2f9bc3fc, L:/127.0.0.1:56551 ! R:localhost/127.0.0.1:5810] isIdleTimeoutExpired=false isRemotelyClosed=true isTtlExpired=false
19:55:05.311 [AsyncHttpClient-1-1] DEBUG org.asynchttpclient.netty.channel.DefaultChannelPool - Closing Idle Channel [id: 0x2f9bc3fc, L:/127.0.0.1:56551 ! R:localhost/127.0.0.1:5810]
19:55:05.311 [AsyncHttpClient-1-1] DEBUG org.asynchttpclient.netty.channel.DefaultChannelPool - Adding Candidate expired Channel [id: 0x7f28d2c6, L:/127.0.0.1:56558 ! R:localhost/127.0.0.1:56552] isIdleTimeoutExpired=false isRemotelyClosed=true isTtlExpired=false
19:55:05.311 [AsyncHttpClient-1-1] DEBUG org.asynchttpclient.netty.channel.DefaultChannelPool - Closing Idle Channel [id: 0x7f28d2c6, L:/127.0.0.1:56558 ! R:localhost/127.0.0.1:56552]
19:55:05.311 [AsyncHttpClient-1-1] DEBUG org.asynchttpclient.netty.channel.DefaultChannelPool - Closed 2 connections out of 2 in 1 ms
19:55:05.397 [AsyncHttpClient-1-29] DEBUG org.asynchttpclient.netty.channel.NettyConnectListener - Using new Channel '[id: 0x113df855, L:/127.0.0.1:56577 - R:localhost/127.0.0.1:16878]' for 'POST' to '/session'
19:55:06.339 [AsyncHttpClient-1-29] DEBUG org.asynchttpclient.netty.handler.HttpHandler - 

Request DefaultHttpRequest(decodeResult: success, version: HTTP/1.1)
POST /session HTTP/1.1
User-Agent: selenium/4.8.1 (java windows)
Content-Length: 1729
Content-Type: application/json; charset=utf-8
host: localhost:16878
accept: */*

Response DefaultHttpResponse(decodeResult: success, version: HTTP/1.1)
HTTP/1.1 200 OK
Content-Length: 862
Content-Type: application/json; charset=utf-8
cache-control: no-cache

19:55:06.339 [AsyncHttpClient-1-29] DEBUG org.asynchttpclient.netty.channel.ChannelManager - Adding key: http://localhost:16878 for channel [id: 0x113df855, L:/127.0.0.1:56577 - R:localhost/127.0.0.1:16878]
19:55:06.344 [AsyncHttpClient-1-30] DEBUG org.asynchttpclient.netty.channel.NettyConnectListener - Using new Channel '[id: 0x106a2fe8, L:/127.0.0.1:56584 - R:localhost/127.0.0.1:56578]' for 'GET' to '/json/version'
19:55:06.346 [AsyncHttpClient-1-30] DEBUG org.asynchttpclient.netty.handler.HttpHandler - 

Request DefaultFullHttpRequest(decodeResult: success, version: HTTP/1.1, content: EmptyByteBufBE)
GET /json/version HTTP/1.1
User-Agent: selenium/4.8.1 (java windows)
host: localhost:56578
accept: */*

Response DefaultHttpResponse(decodeResult: success, version: HTTP/1.1)
HTTP/1.1 200 OK
Content-Security-Policy: frame-ancestors 'none'
Content-Length: 424
Content-Type: application/json; charset=UTF-8

19:55:06.347 [AsyncHttpClient-1-30] DEBUG org.asynchttpclient.netty.channel.ChannelManager - Adding key: http://localhost:56578 for channel [id: 0x106a2fe8, L:/127.0.0.1:56584 - R:localhost/127.0.0.1:56578]
19:55:06.349 [AsyncHttpClient-1-31] DEBUG org.asynchttpclient.netty.channel.NettyConnectListener - Using new Channel '[id: 0x8ab74a07, L:/127.0.0.1:56585 - R:localhost/127.0.0.1:56578]' for 'GET' to '/devtools/browser/577aeb9e-0d22-417a-ad1d-a12e3ec950c8'
19:55:06.352 [AsyncHttpClient-1-31] DEBUG org.asynchttpclient.netty.handler.WebSocketHandler - 

Request DefaultFullHttpRequest(decodeResult: success, version: HTTP/1.1, content: EmptyByteBufBE)
GET /devtools/browser/577aeb9e-0d22-417a-ad1d-a12e3ec950c8 HTTP/1.1
upgrade: websocket
connection: upgrade
sec-websocket-key: I6bMdtgifxSE7KYIxDyGuA==
sec-websocket-version: 13
origin: http://localhost:56578
host: localhost:56578
accept: */*
user-agent: AHC/2.1

Response DefaultHttpResponse(decodeResult: success, version: HTTP/1.1)
HTTP/1.1 101 WebSocket Protocol Handshake
Upgrade: WebSocket
Connection: Upgrade
Sec-WebSocket-Accept: /RXM6FFIGovWoddYUFPL2Nf/N5M=

19:55:06.355 [Forwarding get on session 01417fd2ea260d9748b3ec0807b0c1ae to remote] DEBUG org.asynchttpclient.netty.request.NettyRequestSender - Using pooled Channel '[id: 0x113df855, L:/127.0.0.1:56577 - R:localhost/127.0.0.1:16878]' for 'POST' to 'http://localhost:16878/session/01417fd2ea260d9748b3ec0807b0c1ae/url'
19:55:06.355 [Forwarding get on session 01417fd2ea260d9748b3ec0807b0c1ae to remote] DEBUG org.asynchttpclient.netty.request.NettyRequestSender - Using open Channel [id: 0x113df855, L:/127.0.0.1:56577 - R:localhost/127.0.0.1:16878] for POST '/session/01417fd2ea260d9748b3ec0807b0c1ae/url'
19:55:06.408 [AsyncHttpClient-1-1] DEBUG org.asynchttpclient.netty.channel.DefaultChannelPool - Entry count for : http://localhost:56578 : 1
19:55:06.846 [AsyncHttpClient-1-29] DEBUG org.asynchttpclient.netty.handler.HttpHandler - 

Request DefaultHttpRequest(decodeResult: success, version: HTTP/1.1)
POST /session/01417fd2ea260d9748b3ec0807b0c1ae/url HTTP/1.1
User-Agent: selenium/4.8.1 (java windows)
Content-Length: 56
Content-Type: application/json; charset=utf-8
host: localhost:16878
accept: */*

Response DefaultHttpResponse(decodeResult: success, version: HTTP/1.1)
HTTP/1.1 200 OK
Content-Length: 14
Content-Type: application/json; charset=utf-8
cache-control: no-cache

19:55:06.846 [AsyncHttpClient-1-29] DEBUG org.asynchttpclient.netty.channel.ChannelManager - Adding key: http://localhost:16878 for channel [id: 0x113df855, L:/127.0.0.1:56577 - R:localhost/127.0.0.1:16878]
19:55:06.847 [Forwarding setTimeout on session 01417fd2ea260d9748b3ec0807b0c1ae to remote] DEBUG org.asynchttpclient.netty.request.NettyRequestSender - Using pooled Channel '[id: 0x113df855, L:/127.0.0.1:56577 - R:localhost/127.0.0.1:16878]' for 'POST' to 'http://localhost:16878/session/01417fd2ea260d9748b3ec0807b0c1ae/timeouts'
19:55:06.847 [Forwarding setTimeout on session 01417fd2ea260d9748b3ec0807b0c1ae to remote] DEBUG org.asynchttpclient.netty.request.NettyRequestSender - Using open Channel [id: 0x113df855, L:/127.0.0.1:56577 - R:localhost/127.0.0.1:16878] for POST '/session/01417fd2ea260d9748b3ec0807b0c1ae/timeouts'
19:55:06.848 [AsyncHttpClient-1-29] DEBUG org.asynchttpclient.netty.handler.HttpHandler - 

Request DefaultHttpRequest(decodeResult: success, version: HTTP/1.1)
POST /session/01417fd2ea260d9748b3ec0807b0c1ae/timeouts HTTP/1.1
User-Agent: selenium/4.8.1 (java windows)
Content-Length: 22
Content-Type: application/json; charset=utf-8
host: localhost:16878
accept: */*

Response DefaultHttpResponse(decodeResult: success, version: HTTP/1.1)
HTTP/1.1 200 OK
Content-Length: 14
Content-Type: application/json; charset=utf-8
cache-control: no-cache

19:55:06.848 [AsyncHttpClient-1-29] DEBUG org.asynchttpclient.netty.channel.ChannelManager - Adding key: http://localhost:16878 for channel [id: 0x113df855, L:/127.0.0.1:56577 - R:localhost/127.0.0.1:16878]
19:55:06.859 [Forwarding getAlertText on session 01417fd2ea260d9748b3ec0807b0c1ae to remote] DEBUG org.asynchttpclient.netty.request.NettyRequestSender - Using pooled Channel '[id: 0x113df855, L:/127.0.0.1:56577 - R:localhost/127.0.0.1:16878]' for 'GET' to 'http://localhost:16878/session/01417fd2ea260d9748b3ec0807b0c1ae/alert/text'
19:55:06.859 [Forwarding getAlertText on session 01417fd2ea260d9748b3ec0807b0c1ae to remote] DEBUG org.asynchttpclient.netty.request.NettyRequestSender - Using open Channel [id: 0x113df855, L:/127.0.0.1:56577 - R:localhost/127.0.0.1:16878] for GET '/session/01417fd2ea260d9748b3ec0807b0c1ae/alert/text'
19:55:06.861 [AsyncHttpClient-1-29] DEBUG org.asynchttpclient.netty.handler.HttpHandler - 

Request DefaultFullHttpRequest(decodeResult: success, version: HTTP/1.1, content: EmptyByteBufBE)
GET /session/01417fd2ea260d9748b3ec0807b0c1ae/alert/text HTTP/1.1
User-Agent: selenium/4.8.1 (java windows)
Cache-Control: no-cache
Content-Type: application/json; charset=utf-8
host: localhost:16878
accept: */*

Response DefaultHttpResponse(decodeResult: success, version: HTTP/1.1)
HTTP/1.1 404 Not Found
Content-Length: 816
Content-Type: application/json; charset=utf-8
cache-control: no-cache

19:55:06.861 [AsyncHttpClient-1-29] DEBUG org.asynchttpclient.netty.channel.ChannelManager - Adding key: http://localhost:16878 for channel [id: 0x113df855, L:/127.0.0.1:56577 - R:localhost/127.0.0.1:16878]
19:55:06.862 [Forwarding getCurrentUrl on session 01417fd2ea260d9748b3ec0807b0c1ae to remote] DEBUG org.asynchttpclient.netty.request.NettyRequestSender - Using pooled Channel '[id: 0x113df855, L:/127.0.0.1:56577 - R:localhost/127.0.0.1:16878]' for 'GET' to 'http://localhost:16878/session/01417fd2ea260d9748b3ec0807b0c1ae/url'
19:55:06.862 [Forwarding getCurrentUrl on session 01417fd2ea260d9748b3ec0807b0c1ae to remote] DEBUG org.asynchttpclient.netty.request.NettyRequestSender - Using open Channel [id: 0x113df855, L:/127.0.0.1:56577 - R:localhost/127.0.0.1:16878] for GET '/session/01417fd2ea260d9748b3ec0807b0c1ae/url'
19:55:06.866 [AsyncHttpClient-1-29] DEBUG org.asynchttpclient.netty.handler.HttpHandler - 

Request DefaultFullHttpRequest(decodeResult: success, version: HTTP/1.1, content: EmptyByteBufBE)
GET /session/01417fd2ea260d9748b3ec0807b0c1ae/url HTTP/1.1
User-Agent: selenium/4.8.1 (java windows)
Cache-Control: no-cache
Content-Type: application/json; charset=utf-8
host: localhost:16878
accept: */*

Response DefaultHttpResponse(decodeResult: success, version: HTTP/1.1)
HTTP/1.1 200 OK
Content-Length: 38
Content-Type: application/json; charset=utf-8
cache-control: no-cache

19:55:06.866 [AsyncHttpClient-1-29] DEBUG org.asynchttpclient.netty.channel.ChannelManager - Adding key: http://localhost:16878 for channel [id: 0x113df855, L:/127.0.0.1:56577 - R:localhost/127.0.0.1:16878]
19:55:06.867 [Forwarding screenshot on session 01417fd2ea260d9748b3ec0807b0c1ae to remote] DEBUG org.asynchttpclient.netty.request.NettyRequestSender - Using pooled Channel '[id: 0x113df855, L:/127.0.0.1:56577 - R:localhost/127.0.0.1:16878]' for 'GET' to 'http://localhost:16878/session/01417fd2ea260d9748b3ec0807b0c1ae/screenshot'
19:55:06.867 [Forwarding screenshot on session 01417fd2ea260d9748b3ec0807b0c1ae to remote] DEBUG org.asynchttpclient.netty.request.NettyRequestSender - Using open Channel [id: 0x113df855, L:/127.0.0.1:56577 - R:localhost/127.0.0.1:16878] for GET '/session/01417fd2ea260d9748b3ec0807b0c1ae/screenshot'
19:55:07.021 [AsyncHttpClient-1-29] DEBUG org.asynchttpclient.netty.handler.HttpHandler - 

Request DefaultFullHttpRequest(decodeResult: success, version: HTTP/1.1, content: EmptyByteBufBE)
GET /session/01417fd2ea260d9748b3ec0807b0c1ae/screenshot HTTP/1.1
User-Agent: selenium/4.8.1 (java windows)
Cache-Control: no-cache
Content-Type: application/json; charset=utf-8
host: localhost:16878
accept: */*

Response DefaultHttpResponse(decodeResult: success, version: HTTP/1.1)
HTTP/1.1 200 OK
Content-Length: 58480
Content-Type: application/json; charset=utf-8
cache-control: no-cache

19:55:07.021 [AsyncHttpClient-1-29] DEBUG org.asynchttpclient.netty.channel.ChannelManager - Adding key: http://localhost:16878 for channel [id: 0x113df855, L:/127.0.0.1:56577 - R:localhost/127.0.0.1:16878]
19:55:07.023 [main] DEBUG net.serenitybdd.core.photography.Darkroom - Send negative for processing for target\site\serenity\cb92d98072c3b75a83324d609d10345ba9940c54df6d644def90c13c11b006db.png
19:55:07.024 [Forwarding getPageSource on session 01417fd2ea260d9748b3ec0807b0c1ae to remote] DEBUG org.asynchttpclient.netty.request.NettyRequestSender - Using pooled Channel '[id: 0x113df855, L:/127.0.0.1:56577 - R:localhost/127.0.0.1:16878]' for 'POST' to 'http://localhost:16878/session/01417fd2ea260d9748b3ec0807b0c1ae/execute/sync'
19:55:07.024 [Forwarding getPageSource on session 01417fd2ea260d9748b3ec0807b0c1ae to remote] DEBUG org.asynchttpclient.netty.request.NettyRequestSender - Using open Channel [id: 0x113df855, L:/127.0.0.1:56577 - R:localhost/127.0.0.1:16878] for POST '/session/01417fd2ea260d9748b3ec0807b0c1ae/execute/sync'
19:55:07.029 [AsyncHttpClient-1-29] DEBUG org.asynchttpclient.netty.handler.HttpHandler - 

Request DefaultHttpRequest(decodeResult: success, version: HTTP/1.1)
POST /session/01417fd2ea260d9748b3ec0807b0c1ae/execute/sync HTTP/1.1
User-Agent: selenium/4.8.1 (java windows)
Content-Length: 176
Content-Type: application/json; charset=utf-8
host: localhost:16878
accept: */*

Response DefaultHttpResponse(decodeResult: success, version: HTTP/1.1)
HTTP/1.1 200 OK
Content-Length: 4286
Content-Type: application/json; charset=utf-8
cache-control: no-cache

19:55:07.029 [AsyncHttpClient-1-29] DEBUG org.asynchttpclient.netty.channel.ChannelManager - Adding key: http://localhost:16878 for channel [id: 0x113df855, L:/127.0.0.1:56577 - R:localhost/127.0.0.1:16878]
19:55:07.031 [Forwarding getCurrentUrl on session 01417fd2ea260d9748b3ec0807b0c1ae to remote] DEBUG org.asynchttpclient.netty.request.NettyRequestSender - Using pooled Channel '[id: 0x113df855, L:/127.0.0.1:56577 - R:localhost/127.0.0.1:16878]' for 'GET' to 'http://localhost:16878/session/01417fd2ea260d9748b3ec0807b0c1ae/url'
19:55:07.031 [Forwarding getCurrentUrl on session 01417fd2ea260d9748b3ec0807b0c1ae to remote] DEBUG org.asynchttpclient.netty.request.NettyRequestSender - Using open Channel [id: 0x113df855, L:/127.0.0.1:56577 - R:localhost/127.0.0.1:16878] for GET '/session/01417fd2ea260d9748b3ec0807b0c1ae/url'
19:55:07.034 [AsyncHttpClient-1-29] DEBUG org.asynchttpclient.netty.handler.HttpHandler - 

Request DefaultFullHttpRequest(decodeResult: success, version: HTTP/1.1, content: EmptyByteBufBE)
GET /session/01417fd2ea260d9748b3ec0807b0c1ae/url HTTP/1.1
User-Agent: selenium/4.8.1 (java windows)
Cache-Control: no-cache
Content-Type: application/json; charset=utf-8
host: localhost:16878
accept: */*

Response DefaultHttpResponse(decodeResult: success, version: HTTP/1.1)
HTTP/1.1 200 OK
Content-Length: 38
Content-Type: application/json; charset=utf-8
cache-control: no-cache

19:55:07.034 [AsyncHttpClient-1-29] DEBUG org.asynchttpclient.netty.channel.ChannelManager - Adding key: http://localhost:16878 for channel [id: 0x113df855, L:/127.0.0.1:56577 - R:localhost/127.0.0.1:16878]
19:55:07.036 [main] DEBUG net.thucydides.core.steps.StepInterceptor - STARTING STEP: CartSteps.loginAsAUser - inputUsername
19:55:07.038 [Forwarding findElement on session 01417fd2ea260d9748b3ec0807b0c1ae to remote] DEBUG org.asynchttpclient.netty.request.NettyRequestSender - Using pooled Channel '[id: 0x113df855, L:/127.0.0.1:56577 - R:localhost/127.0.0.1:16878]' for 'POST' to 'http://localhost:16878/session/01417fd2ea260d9748b3ec0807b0c1ae/element'
19:55:07.038 [Forwarding findElement on session 01417fd2ea260d9748b3ec0807b0c1ae to remote] DEBUG org.asynchttpclient.netty.request.NettyRequestSender - Using open Channel [id: 0x113df855, L:/127.0.0.1:56577 - R:localhost/127.0.0.1:16878] for POST '/session/01417fd2ea260d9748b3ec0807b0c1ae/element'
19:55:07.049 [AsyncHttpClient-1-29] DEBUG org.asynchttpclient.netty.handler.HttpHandler - 

Request DefaultHttpRequest(decodeResult: success, version: HTTP/1.1)
POST /session/01417fd2ea260d9748b3ec0807b0c1ae/element HTTP/1.1
User-Agent: selenium/4.8.1 (java windows)
Content-Length: 56
Content-Type: application/json; charset=utf-8
host: localhost:16878
accept: */*

Response DefaultHttpResponse(decodeResult: success, version: HTTP/1.1)
HTTP/1.1 200 OK
Content-Length: 88
Content-Type: application/json; charset=utf-8
cache-control: no-cache

19:55:07.049 [AsyncHttpClient-1-29] DEBUG org.asynchttpclient.netty.channel.ChannelManager - Adding key: http://localhost:16878 for channel [id: 0x113df855, L:/127.0.0.1:56577 - R:localhost/127.0.0.1:16878]
19:55:07.050 [Forwarding clearElement on session 01417fd2ea260d9748b3ec0807b0c1ae to remote] DEBUG org.asynchttpclient.netty.request.NettyRequestSender - Using pooled Channel '[id: 0x113df855, L:/127.0.0.1:56577 - R:localhost/127.0.0.1:16878]' for 'POST' to 'http://localhost:16878/session/01417fd2ea260d9748b3ec0807b0c1ae/element/fc11baf9-6e63-48cd-8fb3-b0639fc3c5c4/clear'
19:55:07.050 [Forwarding clearElement on session 01417fd2ea260d9748b3ec0807b0c1ae to remote] DEBUG org.asynchttpclient.netty.request.NettyRequestSender - Using open Channel [id: 0x113df855, L:/127.0.0.1:56577 - R:localhost/127.0.0.1:16878] for POST '/session/01417fd2ea260d9748b3ec0807b0c1ae/element/fc11baf9-6e63-48cd-8fb3-b0639fc3c5c4/clear'
19:55:07.080 [AsyncHttpClient-1-29] DEBUG org.asynchttpclient.netty.handler.HttpHandler - 

Request DefaultHttpRequest(decodeResult: success, version: HTTP/1.1)
POST /session/01417fd2ea260d9748b3ec0807b0c1ae/element/fc11baf9-6e63-48cd-8fb3-b0639fc3c5c4/clear HTTP/1.1
User-Agent: selenium/4.8.1 (java windows)
Content-Length: 50
Content-Type: application/json; charset=utf-8
host: localhost:16878
accept: */*

Response DefaultHttpResponse(decodeResult: success, version: HTTP/1.1)
HTTP/1.1 200 OK
Content-Length: 14
Content-Type: application/json; charset=utf-8
cache-control: no-cache

19:55:07.081 [AsyncHttpClient-1-29] DEBUG org.asynchttpclient.netty.channel.ChannelManager - Adding key: http://localhost:16878 for channel [id: 0x113df855, L:/127.0.0.1:56577 - R:localhost/127.0.0.1:16878]
19:55:07.082 [Forwarding sendKeysToElement on session 01417fd2ea260d9748b3ec0807b0c1ae to remote] DEBUG org.asynchttpclient.netty.request.NettyRequestSender - Using pooled Channel '[id: 0x113df855, L:/127.0.0.1:56577 - R:localhost/127.0.0.1:16878]' for 'POST' to 'http://localhost:16878/session/01417fd2ea260d9748b3ec0807b0c1ae/element/fc11baf9-6e63-48cd-8fb3-b0639fc3c5c4/value'
19:55:07.082 [Forwarding sendKeysToElement on session 01417fd2ea260d9748b3ec0807b0c1ae to remote] DEBUG org.asynchttpclient.netty.request.NettyRequestSender - Using open Channel [id: 0x113df855, L:/127.0.0.1:56577 - R:localhost/127.0.0.1:16878] for POST '/session/01417fd2ea260d9748b3ec0807b0c1ae/element/fc11baf9-6e63-48cd-8fb3-b0639fc3c5c4/value'
19:55:07.141 [AsyncHttpClient-1-29] DEBUG org.asynchttpclient.netty.handler.HttpHandler - 

Request DefaultHttpRequest(decodeResult: success, version: HTTP/1.1)
POST /session/01417fd2ea260d9748b3ec0807b0c1ae/element/fc11baf9-6e63-48cd-8fb3-b0639fc3c5c4/value HTTP/1.1
User-Agent: selenium/4.8.1 (java windows)
Content-Length: 211
Content-Type: application/json; charset=utf-8
host: localhost:16878
accept: */*

Response DefaultHttpResponse(decodeResult: success, version: HTTP/1.1)
HTTP/1.1 200 OK
Content-Length: 14
Content-Type: application/json; charset=utf-8
cache-control: no-cache

19:55:07.141 [AsyncHttpClient-1-29] DEBUG org.asynchttpclient.netty.channel.ChannelManager - Adding key: http://localhost:16878 for channel [id: 0x113df855, L:/127.0.0.1:56577 - R:localhost/127.0.0.1:16878]
19:55:07.147 [Forwarding getAlertText on session 01417fd2ea260d9748b3ec0807b0c1ae to remote] DEBUG org.asynchttpclient.netty.request.NettyRequestSender - Using pooled Channel '[id: 0x113df855, L:/127.0.0.1:56577 - R:localhost/127.0.0.1:16878]' for 'GET' to 'http://localhost:16878/session/01417fd2ea260d9748b3ec0807b0c1ae/alert/text'
19:55:07.147 [Forwarding getAlertText on session 01417fd2ea260d9748b3ec0807b0c1ae to remote] DEBUG org.asynchttpclient.netty.request.NettyRequestSender - Using open Channel [id: 0x113df855, L:/127.0.0.1:56577 - R:localhost/127.0.0.1:16878] for GET '/session/01417fd2ea260d9748b3ec0807b0c1ae/alert/text'
19:55:07.148 [AsyncHttpClient-1-29] DEBUG org.asynchttpclient.netty.handler.HttpHandler - 

Request DefaultFullHttpRequest(decodeResult: success, version: HTTP/1.1, content: EmptyByteBufBE)
GET /session/01417fd2ea260d9748b3ec0807b0c1ae/alert/text HTTP/1.1
User-Agent: selenium/4.8.1 (java windows)
Cache-Control: no-cache
Content-Type: application/json; charset=utf-8
host: localhost:16878
accept: */*

Response DefaultHttpResponse(decodeResult: success, version: HTTP/1.1)
HTTP/1.1 404 Not Found
Content-Length: 816
Content-Type: application/json; charset=utf-8
cache-control: no-cache

19:55:07.148 [AsyncHttpClient-1-29] DEBUG org.asynchttpclient.netty.channel.ChannelManager - Adding key: http://localhost:16878 for channel [id: 0x113df855, L:/127.0.0.1:56577 - R:localhost/127.0.0.1:16878]
19:55:07.149 [Forwarding getCurrentUrl on session 01417fd2ea260d9748b3ec0807b0c1ae to remote] DEBUG org.asynchttpclient.netty.request.NettyRequestSender - Using pooled Channel '[id: 0x113df855, L:/127.0.0.1:56577 - R:localhost/127.0.0.1:16878]' for 'GET' to 'http://localhost:16878/session/01417fd2ea260d9748b3ec0807b0c1ae/url'
19:55:07.149 [Forwarding getCurrentUrl on session 01417fd2ea260d9748b3ec0807b0c1ae to remote] DEBUG org.asynchttpclient.netty.request.NettyRequestSender - Using open Channel [id: 0x113df855, L:/127.0.0.1:56577 - R:localhost/127.0.0.1:16878] for GET '/session/01417fd2ea260d9748b3ec0807b0c1ae/url'
19:55:07.153 [AsyncHttpClient-1-29] DEBUG org.asynchttpclient.netty.handler.HttpHandler - 

Request DefaultFullHttpRequest(decodeResult: success, version: HTTP/1.1, content: EmptyByteBufBE)
GET /session/01417fd2ea260d9748b3ec0807b0c1ae/url HTTP/1.1
User-Agent: selenium/4.8.1 (java windows)
Cache-Control: no-cache
Content-Type: application/json; charset=utf-8
host: localhost:16878
accept: */*

Response DefaultHttpResponse(decodeResult: success, version: HTTP/1.1)
HTTP/1.1 200 OK
Content-Length: 38
Content-Type: application/json; charset=utf-8
cache-control: no-cache

19:55:07.153 [AsyncHttpClient-1-29] DEBUG org.asynchttpclient.netty.channel.ChannelManager - Adding key: http://localhost:16878 for channel [id: 0x113df855, L:/127.0.0.1:56577 - R:localhost/127.0.0.1:16878]
19:55:07.153 [Forwarding screenshot on session 01417fd2ea260d9748b3ec0807b0c1ae to remote] DEBUG org.asynchttpclient.netty.request.NettyRequestSender - Using pooled Channel '[id: 0x113df855, L:/127.0.0.1:56577 - R:localhost/127.0.0.1:16878]' for 'GET' to 'http://localhost:16878/session/01417fd2ea260d9748b3ec0807b0c1ae/screenshot'
19:55:07.153 [Forwarding screenshot on session 01417fd2ea260d9748b3ec0807b0c1ae to remote] DEBUG org.asynchttpclient.netty.request.NettyRequestSender - Using open Channel [id: 0x113df855, L:/127.0.0.1:56577 - R:localhost/127.0.0.1:16878] for GET '/session/01417fd2ea260d9748b3ec0807b0c1ae/screenshot'
19:55:07.284 [AsyncHttpClient-1-29] DEBUG org.asynchttpclient.netty.handler.HttpHandler - 

Request DefaultFullHttpRequest(decodeResult: success, version: HTTP/1.1, content: EmptyByteBufBE)
GET /session/01417fd2ea260d9748b3ec0807b0c1ae/screenshot HTTP/1.1
User-Agent: selenium/4.8.1 (java windows)
Cache-Control: no-cache
Content-Type: application/json; charset=utf-8
host: localhost:16878
accept: */*

Response DefaultHttpResponse(decodeResult: success, version: HTTP/1.1)
HTTP/1.1 200 OK
Content-Length: 59376
Content-Type: application/json; charset=utf-8
cache-control: no-cache

19:55:07.284 [AsyncHttpClient-1-29] DEBUG org.asynchttpclient.netty.channel.ChannelManager - Adding key: http://localhost:16878 for channel [id: 0x113df855, L:/127.0.0.1:56577 - R:localhost/127.0.0.1:16878]
19:55:07.286 [main] DEBUG net.serenitybdd.core.photography.Darkroom - Send negative for processing for target\site\serenity\34df7c2a49013db09874827a64595e6a5db2797a92a71bf1a6ba69e39d9b6283.png
19:55:07.287 [main] DEBUG net.thucydides.core.steps.StepInterceptor - STEP DONE: inputUsername
19:55:07.293 [Forwarding getPageSource on session 01417fd2ea260d9748b3ec0807b0c1ae to remote] DEBUG org.asynchttpclient.netty.request.NettyRequestSender - Using pooled Channel '[id: 0x113df855, L:/127.0.0.1:56577 - R:localhost/127.0.0.1:16878]' for 'POST' to 'http://localhost:16878/session/01417fd2ea260d9748b3ec0807b0c1ae/execute/sync'
19:55:07.293 [Forwarding getPageSource on session 01417fd2ea260d9748b3ec0807b0c1ae to remote] DEBUG org.asynchttpclient.netty.request.NettyRequestSender - Using open Channel [id: 0x113df855, L:/127.0.0.1:56577 - R:localhost/127.0.0.1:16878] for POST '/session/01417fd2ea260d9748b3ec0807b0c1ae/execute/sync'
19:55:07.297 [AsyncHttpClient-1-29] DEBUG org.asynchttpclient.netty.handler.HttpHandler - 

Request DefaultHttpRequest(decodeResult: success, version: HTTP/1.1)
POST /session/01417fd2ea260d9748b3ec0807b0c1ae/execute/sync HTTP/1.1
User-Agent: selenium/4.8.1 (java windows)
Content-Length: 176
Content-Type: application/json; charset=utf-8
host: localhost:16878
accept: */*

Response DefaultHttpResponse(decodeResult: success, version: HTTP/1.1)
HTTP/1.1 200 OK
Content-Length: 4299
Content-Type: application/json; charset=utf-8
cache-control: no-cache

19:55:07.297 [AsyncHttpClient-1-29] DEBUG org.asynchttpclient.netty.channel.ChannelManager - Adding key: http://localhost:16878 for channel [id: 0x113df855, L:/127.0.0.1:56577 - R:localhost/127.0.0.1:16878]
19:55:07.298 [Forwarding getCurrentUrl on session 01417fd2ea260d9748b3ec0807b0c1ae to remote] DEBUG org.asynchttpclient.netty.request.NettyRequestSender - Using pooled Channel '[id: 0x113df855, L:/127.0.0.1:56577 - R:localhost/127.0.0.1:16878]' for 'GET' to 'http://localhost:16878/session/01417fd2ea260d9748b3ec0807b0c1ae/url'
19:55:07.298 [Forwarding getCurrentUrl on session 01417fd2ea260d9748b3ec0807b0c1ae to remote] DEBUG org.asynchttpclient.netty.request.NettyRequestSender - Using open Channel [id: 0x113df855, L:/127.0.0.1:56577 - R:localhost/127.0.0.1:16878] for GET '/session/01417fd2ea260d9748b3ec0807b0c1ae/url'
19:55:07.302 [AsyncHttpClient-1-29] DEBUG org.asynchttpclient.netty.handler.HttpHandler - 

Request DefaultFullHttpRequest(decodeResult: success, version: HTTP/1.1, content: EmptyByteBufBE)
GET /session/01417fd2ea260d9748b3ec0807b0c1ae/url HTTP/1.1
User-Agent: selenium/4.8.1 (java windows)
Cache-Control: no-cache
Content-Type: application/json; charset=utf-8
host: localhost:16878
accept: */*

Response DefaultHttpResponse(decodeResult: success, version: HTTP/1.1)
HTTP/1.1 200 OK
Content-Length: 38
Content-Type: application/json; charset=utf-8
cache-control: no-cache

19:55:07.302 [AsyncHttpClient-1-29] DEBUG org.asynchttpclient.netty.channel.ChannelManager - Adding key: http://localhost:16878 for channel [id: 0x113df855, L:/127.0.0.1:56577 - R:localhost/127.0.0.1:16878]
19:55:07.304 [main] DEBUG net.thucydides.core.steps.StepInterceptor - STARTING STEP: CartSteps.loginAsAUser - inputPassword
19:55:07.307 [Forwarding findElement on session 01417fd2ea260d9748b3ec0807b0c1ae to remote] DEBUG org.asynchttpclient.netty.request.NettyRequestSender - Using pooled Channel '[id: 0x113df855, L:/127.0.0.1:56577 - R:localhost/127.0.0.1:16878]' for 'POST' to 'http://localhost:16878/session/01417fd2ea260d9748b3ec0807b0c1ae/element'
19:55:07.307 [Forwarding findElement on session 01417fd2ea260d9748b3ec0807b0c1ae to remote] DEBUG org.asynchttpclient.netty.request.NettyRequestSender - Using open Channel [id: 0x113df855, L:/127.0.0.1:56577 - R:localhost/127.0.0.1:16878] for POST '/session/01417fd2ea260d9748b3ec0807b0c1ae/element'
19:55:07.318 [AsyncHttpClient-1-29] DEBUG org.asynchttpclient.netty.handler.HttpHandler - 

Request DefaultHttpRequest(decodeResult: success, version: HTTP/1.1)
POST /session/01417fd2ea260d9748b3ec0807b0c1ae/element HTTP/1.1
User-Agent: selenium/4.8.1 (java windows)
Content-Length: 53
Content-Type: application/json; charset=utf-8
host: localhost:16878
accept: */*

Response DefaultHttpResponse(decodeResult: success, version: HTTP/1.1)
HTTP/1.1 200 OK
Content-Length: 88
Content-Type: application/json; charset=utf-8
cache-control: no-cache

19:55:07.318 [AsyncHttpClient-1-29] DEBUG org.asynchttpclient.netty.channel.ChannelManager - Adding key: http://localhost:16878 for channel [id: 0x113df855, L:/127.0.0.1:56577 - R:localhost/127.0.0.1:16878]
19:55:07.319 [Forwarding clearElement on session 01417fd2ea260d9748b3ec0807b0c1ae to remote] DEBUG org.asynchttpclient.netty.request.NettyRequestSender - Using pooled Channel '[id: 0x113df855, L:/127.0.0.1:56577 - R:localhost/127.0.0.1:16878]' for 'POST' to 'http://localhost:16878/session/01417fd2ea260d9748b3ec0807b0c1ae/element/90970145-35e7-40e0-ac09-512b1add7e95/clear'
19:55:07.319 [Forwarding clearElement on session 01417fd2ea260d9748b3ec0807b0c1ae to remote] DEBUG org.asynchttpclient.netty.request.NettyRequestSender - Using open Channel [id: 0x113df855, L:/127.0.0.1:56577 - R:localhost/127.0.0.1:16878] for POST '/session/01417fd2ea260d9748b3ec0807b0c1ae/element/90970145-35e7-40e0-ac09-512b1add7e95/clear'
19:55:07.351 [AsyncHttpClient-1-29] DEBUG org.asynchttpclient.netty.handler.HttpHandler - 

Request DefaultHttpRequest(decodeResult: success, version: HTTP/1.1)
POST /session/01417fd2ea260d9748b3ec0807b0c1ae/element/90970145-35e7-40e0-ac09-512b1add7e95/clear HTTP/1.1
User-Agent: selenium/4.8.1 (java windows)
Content-Length: 50
Content-Type: application/json; charset=utf-8
host: localhost:16878
accept: */*

Response DefaultHttpResponse(decodeResult: success, version: HTTP/1.1)
HTTP/1.1 200 OK
Content-Length: 14
Content-Type: application/json; charset=utf-8
cache-control: no-cache

19:55:07.351 [AsyncHttpClient-1-29] DEBUG org.asynchttpclient.netty.channel.ChannelManager - Adding key: http://localhost:16878 for channel [id: 0x113df855, L:/127.0.0.1:56577 - R:localhost/127.0.0.1:16878]
19:55:07.353 [Forwarding sendKeysToElement on session 01417fd2ea260d9748b3ec0807b0c1ae to remote] DEBUG org.asynchttpclient.netty.request.NettyRequestSender - Using pooled Channel '[id: 0x113df855, L:/127.0.0.1:56577 - R:localhost/127.0.0.1:16878]' for 'POST' to 'http://localhost:16878/session/01417fd2ea260d9748b3ec0807b0c1ae/element/90970145-35e7-40e0-ac09-512b1add7e95/value'
19:55:07.353 [Forwarding sendKeysToElement on session 01417fd2ea260d9748b3ec0807b0c1ae to remote] DEBUG org.asynchttpclient.netty.request.NettyRequestSender - Using open Channel [id: 0x113df855, L:/127.0.0.1:56577 - R:localhost/127.0.0.1:16878] for POST '/session/01417fd2ea260d9748b3ec0807b0c1ae/element/90970145-35e7-40e0-ac09-512b1add7e95/value'
19:55:07.407 [AsyncHttpClient-1-29] DEBUG org.asynchttpclient.netty.handler.HttpHandler - 

Request DefaultHttpRequest(decodeResult: success, version: HTTP/1.1)
POST /session/01417fd2ea260d9748b3ec0807b0c1ae/element/90970145-35e7-40e0-ac09-512b1add7e95/value HTTP/1.1
User-Agent: selenium/4.8.1 (java windows)
Content-Length: 201
Content-Type: application/json; charset=utf-8
host: localhost:16878
accept: */*

Response DefaultHttpResponse(decodeResult: success, version: HTTP/1.1)
HTTP/1.1 200 OK
Content-Length: 14
Content-Type: application/json; charset=utf-8
cache-control: no-cache

19:55:07.407 [AsyncHttpClient-1-29] DEBUG org.asynchttpclient.netty.channel.ChannelManager - Adding key: http://localhost:16878 for channel [id: 0x113df855, L:/127.0.0.1:56577 - R:localhost/127.0.0.1:16878]
19:55:07.411 [Forwarding getAlertText on session 01417fd2ea260d9748b3ec0807b0c1ae to remote] DEBUG org.asynchttpclient.netty.request.NettyRequestSender - Using pooled Channel '[id: 0x113df855, L:/127.0.0.1:56577 - R:localhost/127.0.0.1:16878]' for 'GET' to 'http://localhost:16878/session/01417fd2ea260d9748b3ec0807b0c1ae/alert/text'
19:55:07.411 [Forwarding getAlertText on session 01417fd2ea260d9748b3ec0807b0c1ae to remote] DEBUG org.asynchttpclient.netty.request.NettyRequestSender - Using open Channel [id: 0x113df855, L:/127.0.0.1:56577 - R:localhost/127.0.0.1:16878] for GET '/session/01417fd2ea260d9748b3ec0807b0c1ae/alert/text'
19:55:07.413 [AsyncHttpClient-1-29] DEBUG org.asynchttpclient.netty.handler.HttpHandler - 

Request DefaultFullHttpRequest(decodeResult: success, version: HTTP/1.1, content: EmptyByteBufBE)
GET /session/01417fd2ea260d9748b3ec0807b0c1ae/alert/text HTTP/1.1
User-Agent: selenium/4.8.1 (java windows)
Cache-Control: no-cache
Content-Type: application/json; charset=utf-8
host: localhost:16878
accept: */*

Response DefaultHttpResponse(decodeResult: success, version: HTTP/1.1)
HTTP/1.1 404 Not Found
Content-Length: 816
Content-Type: application/json; charset=utf-8
cache-control: no-cache

19:55:07.413 [AsyncHttpClient-1-29] DEBUG org.asynchttpclient.netty.channel.ChannelManager - Adding key: http://localhost:16878 for channel [id: 0x113df855, L:/127.0.0.1:56577 - R:localhost/127.0.0.1:16878]
19:55:07.414 [Forwarding getCurrentUrl on session 01417fd2ea260d9748b3ec0807b0c1ae to remote] DEBUG org.asynchttpclient.netty.request.NettyRequestSender - Using pooled Channel '[id: 0x113df855, L:/127.0.0.1:56577 - R:localhost/127.0.0.1:16878]' for 'GET' to 'http://localhost:16878/session/01417fd2ea260d9748b3ec0807b0c1ae/url'
19:55:07.414 [Forwarding getCurrentUrl on session 01417fd2ea260d9748b3ec0807b0c1ae to remote] DEBUG org.asynchttpclient.netty.request.NettyRequestSender - Using open Channel [id: 0x113df855, L:/127.0.0.1:56577 - R:localhost/127.0.0.1:16878] for GET '/session/01417fd2ea260d9748b3ec0807b0c1ae/url'
19:55:07.417 [AsyncHttpClient-1-29] DEBUG org.asynchttpclient.netty.handler.HttpHandler - 

Request DefaultFullHttpRequest(decodeResult: success, version: HTTP/1.1, content: EmptyByteBufBE)
GET /session/01417fd2ea260d9748b3ec0807b0c1ae/url HTTP/1.1
User-Agent: selenium/4.8.1 (java windows)
Cache-Control: no-cache
Content-Type: application/json; charset=utf-8
host: localhost:16878
accept: */*

Response DefaultHttpResponse(decodeResult: success, version: HTTP/1.1)
HTTP/1.1 200 OK
Content-Length: 38
Content-Type: application/json; charset=utf-8
cache-control: no-cache

19:55:07.417 [AsyncHttpClient-1-29] DEBUG org.asynchttpclient.netty.channel.ChannelManager - Adding key: http://localhost:16878 for channel [id: 0x113df855, L:/127.0.0.1:56577 - R:localhost/127.0.0.1:16878]
19:55:07.417 [Forwarding screenshot on session 01417fd2ea260d9748b3ec0807b0c1ae to remote] DEBUG org.asynchttpclient.netty.request.NettyRequestSender - Using pooled Channel '[id: 0x113df855, L:/127.0.0.1:56577 - R:localhost/127.0.0.1:16878]' for 'GET' to 'http://localhost:16878/session/01417fd2ea260d9748b3ec0807b0c1ae/screenshot'
19:55:07.417 [Forwarding screenshot on session 01417fd2ea260d9748b3ec0807b0c1ae to remote] DEBUG org.asynchttpclient.netty.request.NettyRequestSender - Using open Channel [id: 0x113df855, L:/127.0.0.1:56577 - R:localhost/127.0.0.1:16878] for GET '/session/01417fd2ea260d9748b3ec0807b0c1ae/screenshot'
19:55:07.508 [AsyncHttpClient-1-1] DEBUG org.asynchttpclient.netty.channel.DefaultChannelPool - Entry count for : http://localhost:56578 : 1
19:55:07.550 [AsyncHttpClient-1-29] DEBUG org.asynchttpclient.netty.handler.HttpHandler - 

Request DefaultFullHttpRequest(decodeResult: success, version: HTTP/1.1, content: EmptyByteBufBE)
GET /session/01417fd2ea260d9748b3ec0807b0c1ae/screenshot HTTP/1.1
User-Agent: selenium/4.8.1 (java windows)
Cache-Control: no-cache
Content-Type: application/json; charset=utf-8
host: localhost:16878
accept: */*

Response DefaultHttpResponse(decodeResult: success, version: HTTP/1.1)
HTTP/1.1 200 OK
Content-Length: 56848
Content-Type: application/json; charset=utf-8
cache-control: no-cache

19:55:07.550 [AsyncHttpClient-1-29] DEBUG org.asynchttpclient.netty.channel.ChannelManager - Adding key: http://localhost:16878 for channel [id: 0x113df855, L:/127.0.0.1:56577 - R:localhost/127.0.0.1:16878]
19:55:07.552 [main] DEBUG net.serenitybdd.core.photography.Darkroom - Send negative for processing for target\site\serenity\6adca94019f7156b5b02d50dcdcd86549d04d7d2a8a2bccedb68665c7405404e.png
19:55:07.552 [main] DEBUG net.thucydides.core.steps.StepInterceptor - STEP DONE: inputPassword
19:55:07.559 [Forwarding getPageSource on session 01417fd2ea260d9748b3ec0807b0c1ae to remote] DEBUG org.asynchttpclient.netty.request.NettyRequestSender - Using pooled Channel '[id: 0x113df855, L:/127.0.0.1:56577 - R:localhost/127.0.0.1:16878]' for 'POST' to 'http://localhost:16878/session/01417fd2ea260d9748b3ec0807b0c1ae/execute/sync'
19:55:07.559 [Forwarding getPageSource on session 01417fd2ea260d9748b3ec0807b0c1ae to remote] DEBUG org.asynchttpclient.netty.request.NettyRequestSender - Using open Channel [id: 0x113df855, L:/127.0.0.1:56577 - R:localhost/127.0.0.1:16878] for POST '/session/01417fd2ea260d9748b3ec0807b0c1ae/execute/sync'
19:55:07.562 [AsyncHttpClient-1-29] DEBUG org.asynchttpclient.netty.handler.HttpHandler - 

Request DefaultHttpRequest(decodeResult: success, version: HTTP/1.1)
POST /session/01417fd2ea260d9748b3ec0807b0c1ae/execute/sync HTTP/1.1
User-Agent: selenium/4.8.1 (java windows)
Content-Length: 176
Content-Type: application/json; charset=utf-8
host: localhost:16878
accept: */*

Response DefaultHttpResponse(decodeResult: success, version: HTTP/1.1)
HTTP/1.1 200 OK
Content-Length: 4311
Content-Type: application/json; charset=utf-8
cache-control: no-cache

19:55:07.563 [AsyncHttpClient-1-29] DEBUG org.asynchttpclient.netty.channel.ChannelManager - Adding key: http://localhost:16878 for channel [id: 0x113df855, L:/127.0.0.1:56577 - R:localhost/127.0.0.1:16878]
19:55:07.564 [Forwarding getCurrentUrl on session 01417fd2ea260d9748b3ec0807b0c1ae to remote] DEBUG org.asynchttpclient.netty.request.NettyRequestSender - Using pooled Channel '[id: 0x113df855, L:/127.0.0.1:56577 - R:localhost/127.0.0.1:16878]' for 'GET' to 'http://localhost:16878/session/01417fd2ea260d9748b3ec0807b0c1ae/url'
19:55:07.564 [Forwarding getCurrentUrl on session 01417fd2ea260d9748b3ec0807b0c1ae to remote] DEBUG org.asynchttpclient.netty.request.NettyRequestSender - Using open Channel [id: 0x113df855, L:/127.0.0.1:56577 - R:localhost/127.0.0.1:16878] for GET '/session/01417fd2ea260d9748b3ec0807b0c1ae/url'
19:55:07.567 [AsyncHttpClient-1-29] DEBUG org.asynchttpclient.netty.handler.HttpHandler - 

Request DefaultFullHttpRequest(decodeResult: success, version: HTTP/1.1, content: EmptyByteBufBE)
GET /session/01417fd2ea260d9748b3ec0807b0c1ae/url HTTP/1.1
User-Agent: selenium/4.8.1 (java windows)
Cache-Control: no-cache
Content-Type: application/json; charset=utf-8
host: localhost:16878
accept: */*

Response DefaultHttpResponse(decodeResult: success, version: HTTP/1.1)
HTTP/1.1 200 OK
Content-Length: 38
Content-Type: application/json; charset=utf-8
cache-control: no-cache

19:55:07.567 [AsyncHttpClient-1-29] DEBUG org.asynchttpclient.netty.channel.ChannelManager - Adding key: http://localhost:16878 for channel [id: 0x113df855, L:/127.0.0.1:56577 - R:localhost/127.0.0.1:16878]
19:55:07.569 [main] DEBUG net.thucydides.core.steps.StepInterceptor - STARTING STEP: CartSteps.loginAsAUser - clickButtonLogin
19:55:07.571 [Forwarding findElement on session 01417fd2ea260d9748b3ec0807b0c1ae to remote] DEBUG org.asynchttpclient.netty.request.NettyRequestSender - Using pooled Channel '[id: 0x113df855, L:/127.0.0.1:56577 - R:localhost/127.0.0.1:16878]' for 'POST' to 'http://localhost:16878/session/01417fd2ea260d9748b3ec0807b0c1ae/element'
19:55:07.571 [Forwarding findElement on session 01417fd2ea260d9748b3ec0807b0c1ae to remote] DEBUG org.asynchttpclient.netty.request.NettyRequestSender - Using open Channel [id: 0x113df855, L:/127.0.0.1:56577 - R:localhost/127.0.0.1:16878] for POST '/session/01417fd2ea260d9748b3ec0807b0c1ae/element'
19:55:07.581 [AsyncHttpClient-1-29] DEBUG org.asynchttpclient.netty.handler.HttpHandler - 

Request DefaultHttpRequest(decodeResult: success, version: HTTP/1.1)
POST /session/01417fd2ea260d9748b3ec0807b0c1ae/element HTTP/1.1
User-Agent: selenium/4.8.1 (java windows)
Content-Length: 59
Content-Type: application/json; charset=utf-8
host: localhost:16878
accept: */*

Response DefaultHttpResponse(decodeResult: success, version: HTTP/1.1)
HTTP/1.1 200 OK
Content-Length: 88
Content-Type: application/json; charset=utf-8
cache-control: no-cache

19:55:07.581 [AsyncHttpClient-1-29] DEBUG org.asynchttpclient.netty.channel.ChannelManager - Adding key: http://localhost:16878 for channel [id: 0x113df855, L:/127.0.0.1:56577 - R:localhost/127.0.0.1:16878]
19:55:07.582 [Forwarding getElementTagName on session 01417fd2ea260d9748b3ec0807b0c1ae to remote] DEBUG org.asynchttpclient.netty.request.NettyRequestSender - Using pooled Channel '[id: 0x113df855, L:/127.0.0.1:56577 - R:localhost/127.0.0.1:16878]' for 'GET' to 'http://localhost:16878/session/01417fd2ea260d9748b3ec0807b0c1ae/element/bc7b296b-3267-4bb1-b05e-048dca5ff582/name'
19:55:07.582 [Forwarding getElementTagName on session 01417fd2ea260d9748b3ec0807b0c1ae to remote] DEBUG org.asynchttpclient.netty.request.NettyRequestSender - Using open Channel [id: 0x113df855, L:/127.0.0.1:56577 - R:localhost/127.0.0.1:16878] for GET '/session/01417fd2ea260d9748b3ec0807b0c1ae/element/bc7b296b-3267-4bb1-b05e-048dca5ff582/name'
19:55:07.586 [AsyncHttpClient-1-29] DEBUG org.asynchttpclient.netty.handler.HttpHandler - 

Request DefaultFullHttpRequest(decodeResult: success, version: HTTP/1.1, content: EmptyByteBufBE)
GET /session/01417fd2ea260d9748b3ec0807b0c1ae/element/bc7b296b-3267-4bb1-b05e-048dca5ff582/name HTTP/1.1
User-Agent: selenium/4.8.1 (java windows)
Cache-Control: no-cache
Content-Type: application/json; charset=utf-8
host: localhost:16878
accept: */*

Response DefaultHttpResponse(decodeResult: success, version: HTTP/1.1)
HTTP/1.1 200 OK
Content-Length: 17
Content-Type: application/json; charset=utf-8
cache-control: no-cache

19:55:07.586 [AsyncHttpClient-1-29] DEBUG org.asynchttpclient.netty.channel.ChannelManager - Adding key: http://localhost:16878 for channel [id: 0x113df855, L:/127.0.0.1:56577 - R:localhost/127.0.0.1:16878]
19:55:07.587 [Forwarding getElementTagName on session 01417fd2ea260d9748b3ec0807b0c1ae to remote] DEBUG org.asynchttpclient.netty.request.NettyRequestSender - Using pooled Channel '[id: 0x113df855, L:/127.0.0.1:56577 - R:localhost/127.0.0.1:16878]' for 'GET' to 'http://localhost:16878/session/01417fd2ea260d9748b3ec0807b0c1ae/element/bc7b296b-3267-4bb1-b05e-048dca5ff582/name'
19:55:07.587 [Forwarding getElementTagName on session 01417fd2ea260d9748b3ec0807b0c1ae to remote] DEBUG org.asynchttpclient.netty.request.NettyRequestSender - Using open Channel [id: 0x113df855, L:/127.0.0.1:56577 - R:localhost/127.0.0.1:16878] for GET '/session/01417fd2ea260d9748b3ec0807b0c1ae/element/bc7b296b-3267-4bb1-b05e-048dca5ff582/name'
19:55:07.589 [AsyncHttpClient-1-29] DEBUG org.asynchttpclient.netty.handler.HttpHandler - 

Request DefaultFullHttpRequest(decodeResult: success, version: HTTP/1.1, content: EmptyByteBufBE)
GET /session/01417fd2ea260d9748b3ec0807b0c1ae/element/bc7b296b-3267-4bb1-b05e-048dca5ff582/name HTTP/1.1
User-Agent: selenium/4.8.1 (java windows)
Cache-Control: no-cache
Content-Type: application/json; charset=utf-8
host: localhost:16878
accept: */*

Response DefaultHttpResponse(decodeResult: success, version: HTTP/1.1)
HTTP/1.1 200 OK
Content-Length: 17
Content-Type: application/json; charset=utf-8
cache-control: no-cache

19:55:07.589 [AsyncHttpClient-1-29] DEBUG org.asynchttpclient.netty.channel.ChannelManager - Adding key: http://localhost:16878 for channel [id: 0x113df855, L:/127.0.0.1:56577 - R:localhost/127.0.0.1:16878]
19:55:07.590 [Forwarding isElementEnabled on session 01417fd2ea260d9748b3ec0807b0c1ae to remote] DEBUG org.asynchttpclient.netty.request.NettyRequestSender - Using pooled Channel '[id: 0x113df855, L:/127.0.0.1:56577 - R:localhost/127.0.0.1:16878]' for 'GET' to 'http://localhost:16878/session/01417fd2ea260d9748b3ec0807b0c1ae/element/bc7b296b-3267-4bb1-b05e-048dca5ff582/enabled'
19:55:07.590 [Forwarding isElementEnabled on session 01417fd2ea260d9748b3ec0807b0c1ae to remote] DEBUG org.asynchttpclient.netty.request.NettyRequestSender - Using open Channel [id: 0x113df855, L:/127.0.0.1:56577 - R:localhost/127.0.0.1:16878] for GET '/session/01417fd2ea260d9748b3ec0807b0c1ae/element/bc7b296b-3267-4bb1-b05e-048dca5ff582/enabled'
19:55:07.598 [AsyncHttpClient-1-29] DEBUG org.asynchttpclient.netty.handler.HttpHandler - 

Request DefaultFullHttpRequest(decodeResult: success, version: HTTP/1.1, content: EmptyByteBufBE)
GET /session/01417fd2ea260d9748b3ec0807b0c1ae/element/bc7b296b-3267-4bb1-b05e-048dca5ff582/enabled HTTP/1.1
User-Agent: selenium/4.8.1 (java windows)
Cache-Control: no-cache
Content-Type: application/json; charset=utf-8
host: localhost:16878
accept: */*

Response DefaultHttpResponse(decodeResult: success, version: HTTP/1.1)
HTTP/1.1 200 OK
Content-Length: 14
Content-Type: application/json; charset=utf-8
cache-control: no-cache

19:55:07.598 [AsyncHttpClient-1-29] DEBUG org.asynchttpclient.netty.channel.ChannelManager - Adding key: http://localhost:16878 for channel [id: 0x113df855, L:/127.0.0.1:56577 - R:localhost/127.0.0.1:16878]
19:55:07.599 [Forwarding isElementEnabled on session 01417fd2ea260d9748b3ec0807b0c1ae to remote] DEBUG org.asynchttpclient.netty.request.NettyRequestSender - Using pooled Channel '[id: 0x113df855, L:/127.0.0.1:56577 - R:localhost/127.0.0.1:16878]' for 'GET' to 'http://localhost:16878/session/01417fd2ea260d9748b3ec0807b0c1ae/element/bc7b296b-3267-4bb1-b05e-048dca5ff582/enabled'
19:55:07.599 [Forwarding isElementEnabled on session 01417fd2ea260d9748b3ec0807b0c1ae to remote] DEBUG org.asynchttpclient.netty.request.NettyRequestSender - Using open Channel [id: 0x113df855, L:/127.0.0.1:56577 - R:localhost/127.0.0.1:16878] for GET '/session/01417fd2ea260d9748b3ec0807b0c1ae/element/bc7b296b-3267-4bb1-b05e-048dca5ff582/enabled'
19:55:07.603 [AsyncHttpClient-1-29] DEBUG org.asynchttpclient.netty.handler.HttpHandler - 

Request DefaultFullHttpRequest(decodeResult: success, version: HTTP/1.1, content: EmptyByteBufBE)
GET /session/01417fd2ea260d9748b3ec0807b0c1ae/element/bc7b296b-3267-4bb1-b05e-048dca5ff582/enabled HTTP/1.1
User-Agent: selenium/4.8.1 (java windows)
Cache-Control: no-cache
Content-Type: application/json; charset=utf-8
host: localhost:16878
accept: */*

Response DefaultHttpResponse(decodeResult: success, version: HTTP/1.1)
HTTP/1.1 200 OK
Content-Length: 14
Content-Type: application/json; charset=utf-8
cache-control: no-cache

19:55:07.603 [AsyncHttpClient-1-29] DEBUG org.asynchttpclient.netty.channel.ChannelManager - Adding key: http://localhost:16878 for channel [id: 0x113df855, L:/127.0.0.1:56577 - R:localhost/127.0.0.1:16878]
19:55:07.604 [Forwarding findElement on session 01417fd2ea260d9748b3ec0807b0c1ae to remote] DEBUG org.asynchttpclient.netty.request.NettyRequestSender - Using pooled Channel '[id: 0x113df855, L:/127.0.0.1:56577 - R:localhost/127.0.0.1:16878]' for 'POST' to 'http://localhost:16878/session/01417fd2ea260d9748b3ec0807b0c1ae/element'
19:55:07.604 [Forwarding findElement on session 01417fd2ea260d9748b3ec0807b0c1ae to remote] DEBUG org.asynchttpclient.netty.request.NettyRequestSender - Using open Channel [id: 0x113df855, L:/127.0.0.1:56577 - R:localhost/127.0.0.1:16878] for POST '/session/01417fd2ea260d9748b3ec0807b0c1ae/element'
19:55:07.610 [AsyncHttpClient-1-29] DEBUG org.asynchttpclient.netty.handler.HttpHandler - 

Request DefaultHttpRequest(decodeResult: success, version: HTTP/1.1)
POST /session/01417fd2ea260d9748b3ec0807b0c1ae/element HTTP/1.1
User-Agent: selenium/4.8.1 (java windows)
Content-Length: 59
Content-Type: application/json; charset=utf-8
host: localhost:16878
accept: */*

Response DefaultHttpResponse(decodeResult: success, version: HTTP/1.1)
HTTP/1.1 200 OK
Content-Length: 88
Content-Type: application/json; charset=utf-8
cache-control: no-cache

19:55:07.610 [AsyncHttpClient-1-29] DEBUG org.asynchttpclient.netty.channel.ChannelManager - Adding key: http://localhost:16878 for channel [id: 0x113df855, L:/127.0.0.1:56577 - R:localhost/127.0.0.1:16878]
19:55:07.611 [Forwarding clickElement on session 01417fd2ea260d9748b3ec0807b0c1ae to remote] DEBUG org.asynchttpclient.netty.request.NettyRequestSender - Using pooled Channel '[id: 0x113df855, L:/127.0.0.1:56577 - R:localhost/127.0.0.1:16878]' for 'POST' to 'http://localhost:16878/session/01417fd2ea260d9748b3ec0807b0c1ae/element/bc7b296b-3267-4bb1-b05e-048dca5ff582/click'
19:55:07.611 [Forwarding clickElement on session 01417fd2ea260d9748b3ec0807b0c1ae to remote] DEBUG org.asynchttpclient.netty.request.NettyRequestSender - Using open Channel [id: 0x113df855, L:/127.0.0.1:56577 - R:localhost/127.0.0.1:16878] for POST '/session/01417fd2ea260d9748b3ec0807b0c1ae/element/bc7b296b-3267-4bb1-b05e-048dca5ff582/click'
19:55:07.704 [AsyncHttpClient-1-29] DEBUG org.asynchttpclient.netty.handler.HttpHandler - 

Request DefaultHttpRequest(decodeResult: success, version: HTTP/1.1)
POST /session/01417fd2ea260d9748b3ec0807b0c1ae/element/bc7b296b-3267-4bb1-b05e-048dca5ff582/click HTTP/1.1
User-Agent: selenium/4.8.1 (java windows)
Content-Length: 50
Content-Type: application/json; charset=utf-8
host: localhost:16878
accept: */*

Response DefaultHttpResponse(decodeResult: success, version: HTTP/1.1)
HTTP/1.1 200 OK
Content-Length: 14
Content-Type: application/json; charset=utf-8
cache-control: no-cache

19:55:07.704 [AsyncHttpClient-1-29] DEBUG org.asynchttpclient.netty.channel.ChannelManager - Adding key: http://localhost:16878 for channel [id: 0x113df855, L:/127.0.0.1:56577 - R:localhost/127.0.0.1:16878]
19:55:07.712 [Forwarding getAlertText on session 01417fd2ea260d9748b3ec0807b0c1ae to remote] DEBUG org.asynchttpclient.netty.request.NettyRequestSender - Using pooled Channel '[id: 0x113df855, L:/127.0.0.1:56577 - R:localhost/127.0.0.1:16878]' for 'GET' to 'http://localhost:16878/session/01417fd2ea260d9748b3ec0807b0c1ae/alert/text'
19:55:07.712 [Forwarding getAlertText on session 01417fd2ea260d9748b3ec0807b0c1ae to remote] DEBUG org.asynchttpclient.netty.request.NettyRequestSender - Using open Channel [id: 0x113df855, L:/127.0.0.1:56577 - R:localhost/127.0.0.1:16878] for GET '/session/01417fd2ea260d9748b3ec0807b0c1ae/alert/text'
19:55:07.713 [AsyncHttpClient-1-29] DEBUG org.asynchttpclient.netty.handler.HttpHandler - 

Request DefaultFullHttpRequest(decodeResult: success, version: HTTP/1.1, content: EmptyByteBufBE)
GET /session/01417fd2ea260d9748b3ec0807b0c1ae/alert/text HTTP/1.1
User-Agent: selenium/4.8.1 (java windows)
Cache-Control: no-cache
Content-Type: application/json; charset=utf-8
host: localhost:16878
accept: */*

Response DefaultHttpResponse(decodeResult: success, version: HTTP/1.1)
HTTP/1.1 404 Not Found
Content-Length: 816
Content-Type: application/json; charset=utf-8
cache-control: no-cache

19:55:07.713 [AsyncHttpClient-1-29] DEBUG org.asynchttpclient.netty.channel.ChannelManager - Adding key: http://localhost:16878 for channel [id: 0x113df855, L:/127.0.0.1:56577 - R:localhost/127.0.0.1:16878]
19:55:07.714 [Forwarding getCurrentUrl on session 01417fd2ea260d9748b3ec0807b0c1ae to remote] DEBUG org.asynchttpclient.netty.request.NettyRequestSender - Using pooled Channel '[id: 0x113df855, L:/127.0.0.1:56577 - R:localhost/127.0.0.1:16878]' for 'GET' to 'http://localhost:16878/session/01417fd2ea260d9748b3ec0807b0c1ae/url'
19:55:07.714 [Forwarding getCurrentUrl on session 01417fd2ea260d9748b3ec0807b0c1ae to remote] DEBUG org.asynchttpclient.netty.request.NettyRequestSender - Using open Channel [id: 0x113df855, L:/127.0.0.1:56577 - R:localhost/127.0.0.1:16878] for GET '/session/01417fd2ea260d9748b3ec0807b0c1ae/url'
19:55:07.717 [AsyncHttpClient-1-29] DEBUG org.asynchttpclient.netty.handler.HttpHandler - 

Request DefaultFullHttpRequest(decodeResult: success, version: HTTP/1.1, content: EmptyByteBufBE)
GET /session/01417fd2ea260d9748b3ec0807b0c1ae/url HTTP/1.1
User-Agent: selenium/4.8.1 (java windows)
Cache-Control: no-cache
Content-Type: application/json; charset=utf-8
host: localhost:16878
accept: */*

Response DefaultHttpResponse(decodeResult: success, version: HTTP/1.1)
HTTP/1.1 200 OK
Content-Length: 52
Content-Type: application/json; charset=utf-8
cache-control: no-cache

19:55:07.717 [AsyncHttpClient-1-29] DEBUG org.asynchttpclient.netty.channel.ChannelManager - Adding key: http://localhost:16878 for channel [id: 0x113df855, L:/127.0.0.1:56577 - R:localhost/127.0.0.1:16878]
19:55:07.717 [Forwarding screenshot on session 01417fd2ea260d9748b3ec0807b0c1ae to remote] DEBUG org.asynchttpclient.netty.request.NettyRequestSender - Using pooled Channel '[id: 0x113df855, L:/127.0.0.1:56577 - R:localhost/127.0.0.1:16878]' for 'GET' to 'http://localhost:16878/session/01417fd2ea260d9748b3ec0807b0c1ae/screenshot'
19:55:07.717 [Forwarding screenshot on session 01417fd2ea260d9748b3ec0807b0c1ae to remote] DEBUG org.asynchttpclient.netty.request.NettyRequestSender - Using open Channel [id: 0x113df855, L:/127.0.0.1:56577 - R:localhost/127.0.0.1:16878] for GET '/session/01417fd2ea260d9748b3ec0807b0c1ae/screenshot'
19:55:07.875 [AsyncHttpClient-1-29] DEBUG org.asynchttpclient.netty.handler.HttpHandler - 

Request DefaultFullHttpRequest(decodeResult: success, version: HTTP/1.1, content: EmptyByteBufBE)
GET /session/01417fd2ea260d9748b3ec0807b0c1ae/screenshot HTTP/1.1
User-Agent: selenium/4.8.1 (java windows)
Cache-Control: no-cache
Content-Type: application/json; charset=utf-8
host: localhost:16878
accept: */*

Response DefaultHttpResponse(decodeResult: success, version: HTTP/1.1)
HTTP/1.1 200 OK
Content-Length: 285512
Content-Type: application/json; charset=utf-8
cache-control: no-cache

19:55:07.876 [AsyncHttpClient-1-29] DEBUG org.asynchttpclient.netty.channel.ChannelManager - Adding key: http://localhost:16878 for channel [id: 0x113df855, L:/127.0.0.1:56577 - R:localhost/127.0.0.1:16878]
19:55:07.880 [main] DEBUG net.serenitybdd.core.photography.Darkroom - Send negative for processing for target\site\serenity\7614ee354bf590aa041e91fab36a6d543e78d0f13e6beff2e4ea75b68483773b.png
19:55:07.881 [main] DEBUG net.thucydides.core.steps.StepInterceptor - STEP DONE: clickButtonLogin
  &amp#27;[32mGiven &amp#27;[0m&amp#27;[32mI am a logged in user&amp#27;[0m                                           &amp#27;[90m# starter.stepDefinitions.CartSteps.loginAsAUser()&amp#27;[0m
19:55:07.888 [Forwarding getPageSource on session 01417fd2ea260d9748b3ec0807b0c1ae to remote] DEBUG org.asynchttpclient.netty.request.NettyRequestSender - Using pooled Channel '[id: 0x113df855, L:/127.0.0.1:56577 - R:localhost/127.0.0.1:16878]' for 'POST' to 'http://localhost:16878/session/01417fd2ea260d9748b3ec0807b0c1ae/execute/sync'
19:55:07.888 [Forwarding getPageSource on session 01417fd2ea260d9748b3ec0807b0c1ae to remote] DEBUG org.asynchttpclient.netty.request.NettyRequestSender - Using open Channel [id: 0x113df855, L:/127.0.0.1:56577 - R:localhost/127.0.0.1:16878] for POST '/session/01417fd2ea260d9748b3ec0807b0c1ae/execute/sync'
19:55:07.893 [AsyncHttpClient-1-29] DEBUG org.asynchttpclient.netty.handler.HttpHandler - 

Request DefaultHttpRequest(decodeResult: success, version: HTTP/1.1)
POST /session/01417fd2ea260d9748b3ec0807b0c1ae/execute/sync HTTP/1.1
User-Agent: selenium/4.8.1 (java windows)
Content-Length: 176
Content-Type: application/json; charset=utf-8
host: localhost:16878
accept: */*

Response DefaultHttpResponse(decodeResult: success, version: HTTP/1.1)
HTTP/1.1 200 OK
Content-Length: 16329
Content-Type: application/json; charset=utf-8
cache-control: no-cache

19:55:07.893 [AsyncHttpClient-1-29] DEBUG org.asynchttpclient.netty.channel.ChannelManager - Adding key: http://localhost:16878 for channel [id: 0x113df855, L:/127.0.0.1:56577 - R:localhost/127.0.0.1:16878]
19:55:07.895 [Forwarding getCurrentUrl on session 01417fd2ea260d9748b3ec0807b0c1ae to remote] DEBUG org.asynchttpclient.netty.request.NettyRequestSender - Using pooled Channel '[id: 0x113df855, L:/127.0.0.1:56577 - R:localhost/127.0.0.1:16878]' for 'GET' to 'http://localhost:16878/session/01417fd2ea260d9748b3ec0807b0c1ae/url'
19:55:07.895 [Forwarding getCurrentUrl on session 01417fd2ea260d9748b3ec0807b0c1ae to remote] DEBUG org.asynchttpclient.netty.request.NettyRequestSender - Using open Channel [id: 0x113df855, L:/127.0.0.1:56577 - R:localhost/127.0.0.1:16878] for GET '/session/01417fd2ea260d9748b3ec0807b0c1ae/url'
19:55:07.898 [AsyncHttpClient-1-29] DEBUG org.asynchttpclient.netty.handler.HttpHandler - 

Request DefaultFullHttpRequest(decodeResult: success, version: HTTP/1.1, content: EmptyByteBufBE)
GET /session/01417fd2ea260d9748b3ec0807b0c1ae/url HTTP/1.1
User-Agent: selenium/4.8.1 (java windows)
Cache-Control: no-cache
Content-Type: application/json; charset=utf-8
host: localhost:16878
accept: */*

Response DefaultHttpResponse(decodeResult: success, version: HTTP/1.1)
HTTP/1.1 200 OK
Content-Length: 52
Content-Type: application/json; charset=utf-8
cache-control: no-cache

19:55:07.898 [AsyncHttpClient-1-29] DEBUG org.asynchttpclient.netty.channel.ChannelManager - Adding key: http://localhost:16878 for channel [id: 0x113df855, L:/127.0.0.1:56577 - R:localhost/127.0.0.1:16878]
19:55:07.905 [Forwarding getPageSource on session 01417fd2ea260d9748b3ec0807b0c1ae to remote] DEBUG org.asynchttpclient.netty.request.NettyRequestSender - Using pooled Channel '[id: 0x113df855, L:/127.0.0.1:56577 - R:localhost/127.0.0.1:16878]' for 'POST' to 'http://localhost:16878/session/01417fd2ea260d9748b3ec0807b0c1ae/execute/sync'
19:55:07.905 [Forwarding getPageSource on session 01417fd2ea260d9748b3ec0807b0c1ae to remote] DEBUG org.asynchttpclient.netty.request.NettyRequestSender - Using open Channel [id: 0x113df855, L:/127.0.0.1:56577 - R:localhost/127.0.0.1:16878] for POST '/session/01417fd2ea260d9748b3ec0807b0c1ae/execute/sync'
19:55:07.910 [AsyncHttpClient-1-29] DEBUG org.asynchttpclient.netty.handler.HttpHandler - 

Request DefaultHttpRequest(decodeResult: success, version: HTTP/1.1)
POST /session/01417fd2ea260d9748b3ec0807b0c1ae/execute/sync HTTP/1.1
User-Agent: selenium/4.8.1 (java windows)
Content-Length: 176
Content-Type: application/json; charset=utf-8
host: localhost:16878
accept: */*

Response DefaultHttpResponse(decodeResult: success, version: HTTP/1.1)
HTTP/1.1 200 OK
Content-Length: 16329
Content-Type: application/json; charset=utf-8
cache-control: no-cache

19:55:07.910 [AsyncHttpClient-1-29] DEBUG org.asynchttpclient.netty.channel.ChannelManager - Adding key: http://localhost:16878 for channel [id: 0x113df855, L:/127.0.0.1:56577 - R:localhost/127.0.0.1:16878]
19:55:07.912 [Forwarding getCurrentUrl on session 01417fd2ea260d9748b3ec0807b0c1ae to remote] DEBUG org.asynchttpclient.netty.request.NettyRequestSender - Using pooled Channel '[id: 0x113df855, L:/127.0.0.1:56577 - R:localhost/127.0.0.1:16878]' for 'GET' to 'http://localhost:16878/session/01417fd2ea260d9748b3ec0807b0c1ae/url'
19:55:07.912 [Forwarding getCurrentUrl on session 01417fd2ea260d9748b3ec0807b0c1ae to remote] DEBUG org.asynchttpclient.netty.request.NettyRequestSender - Using open Channel [id: 0x113df855, L:/127.0.0.1:56577 - R:localhost/127.0.0.1:16878] for GET '/session/01417fd2ea260d9748b3ec0807b0c1ae/url'
19:55:07.914 [AsyncHttpClient-1-29] DEBUG org.asynchttpclient.netty.handler.HttpHandler - 

Request DefaultFullHttpRequest(decodeResult: success, version: HTTP/1.1, content: EmptyByteBufBE)
GET /session/01417fd2ea260d9748b3ec0807b0c1ae/url HTTP/1.1
User-Agent: selenium/4.8.1 (java windows)
Cache-Control: no-cache
Content-Type: application/json; charset=utf-8
host: localhost:16878
accept: */*

Response DefaultHttpResponse(decodeResult: success, version: HTTP/1.1)
HTTP/1.1 200 OK
Content-Length: 52
Content-Type: application/json; charset=utf-8
cache-control: no-cache

19:55:07.915 [AsyncHttpClient-1-29] DEBUG org.asynchttpclient.netty.channel.ChannelManager - Adding key: http://localhost:16878 for channel [id: 0x113df855, L:/127.0.0.1:56577 - R:localhost/127.0.0.1:16878]
19:55:07.917 [main] DEBUG net.thucydides.core.steps.StepInterceptor - STARTING STEP: CartSteps.addProductToCart - clickProduct
19:55:07.918 [Forwarding findElement on session 01417fd2ea260d9748b3ec0807b0c1ae to remote] DEBUG org.asynchttpclient.netty.request.NettyRequestSender - Using pooled Channel '[id: 0x113df855, L:/127.0.0.1:56577 - R:localhost/127.0.0.1:16878]' for 'POST' to 'http://localhost:16878/session/01417fd2ea260d9748b3ec0807b0c1ae/element'
19:55:07.918 [Forwarding findElement on session 01417fd2ea260d9748b3ec0807b0c1ae to remote] DEBUG org.asynchttpclient.netty.request.NettyRequestSender - Using open Channel [id: 0x113df855, L:/127.0.0.1:56577 - R:localhost/127.0.0.1:16878] for POST '/session/01417fd2ea260d9748b3ec0807b0c1ae/element'
19:55:07.928 [AsyncHttpClient-1-29] DEBUG org.asynchttpclient.netty.handler.HttpHandler - 

Request DefaultHttpRequest(decodeResult: success, version: HTTP/1.1)
POST /session/01417fd2ea260d9748b3ec0807b0c1ae/element HTTP/1.1
User-Agent: selenium/4.8.1 (java windows)
Content-Length: 86
Content-Type: application/json; charset=utf-8
host: localhost:16878
accept: */*

Response DefaultHttpResponse(decodeResult: success, version: HTTP/1.1)
HTTP/1.1 200 OK
Content-Length: 88
Content-Type: application/json; charset=utf-8
cache-control: no-cache

19:55:07.928 [AsyncHttpClient-1-29] DEBUG org.asynchttpclient.netty.channel.ChannelManager - Adding key: http://localhost:16878 for channel [id: 0x113df855, L:/127.0.0.1:56577 - R:localhost/127.0.0.1:16878]
19:55:07.929 [Forwarding getElementTagName on session 01417fd2ea260d9748b3ec0807b0c1ae to remote] DEBUG org.asynchttpclient.netty.request.NettyRequestSender - Using pooled Channel '[id: 0x113df855, L:/127.0.0.1:56577 - R:localhost/127.0.0.1:16878]' for 'GET' to 'http://localhost:16878/session/01417fd2ea260d9748b3ec0807b0c1ae/element/05c5dcc6-a896-4090-8da6-c60a59b554a1/name'
19:55:07.929 [Forwarding getElementTagName on session 01417fd2ea260d9748b3ec0807b0c1ae to remote] DEBUG org.asynchttpclient.netty.request.NettyRequestSender - Using open Channel [id: 0x113df855, L:/127.0.0.1:56577 - R:localhost/127.0.0.1:16878] for GET '/session/01417fd2ea260d9748b3ec0807b0c1ae/element/05c5dcc6-a896-4090-8da6-c60a59b554a1/name'
19:55:07.933 [AsyncHttpClient-1-29] DEBUG org.asynchttpclient.netty.handler.HttpHandler - 

Request DefaultFullHttpRequest(decodeResult: success, version: HTTP/1.1, content: EmptyByteBufBE)
GET /session/01417fd2ea260d9748b3ec0807b0c1ae/element/05c5dcc6-a896-4090-8da6-c60a59b554a1/name HTTP/1.1
User-Agent: selenium/4.8.1 (java windows)
Cache-Control: no-cache
Content-Type: application/json; charset=utf-8
host: localhost:16878
accept: */*

Response DefaultHttpResponse(decodeResult: success, version: HTTP/1.1)
HTTP/1.1 200 OK
Content-Length: 18
Content-Type: application/json; charset=utf-8
cache-control: no-cache

19:55:07.933 [AsyncHttpClient-1-29] DEBUG org.asynchttpclient.netty.channel.ChannelManager - Adding key: http://localhost:16878 for channel [id: 0x113df855, L:/127.0.0.1:56577 - R:localhost/127.0.0.1:16878]
19:55:07.933 [Forwarding getElementTagName on session 01417fd2ea260d9748b3ec0807b0c1ae to remote] DEBUG org.asynchttpclient.netty.request.NettyRequestSender - Using pooled Channel '[id: 0x113df855, L:/127.0.0.1:56577 - R:localhost/127.0.0.1:16878]' for 'GET' to 'http://localhost:16878/session/01417fd2ea260d9748b3ec0807b0c1ae/element/05c5dcc6-a896-4090-8da6-c60a59b554a1/name'
19:55:07.933 [Forwarding getElementTagName on session 01417fd2ea260d9748b3ec0807b0c1ae to remote] DEBUG org.asynchttpclient.netty.request.NettyRequestSender - Using open Channel [id: 0x113df855, L:/127.0.0.1:56577 - R:localhost/127.0.0.1:16878] for GET '/session/01417fd2ea260d9748b3ec0807b0c1ae/element/05c5dcc6-a896-4090-8da6-c60a59b554a1/name'
19:55:07.937 [AsyncHttpClient-1-29] DEBUG org.asynchttpclient.netty.handler.HttpHandler - 

Request DefaultFullHttpRequest(decodeResult: success, version: HTTP/1.1, content: EmptyByteBufBE)
GET /session/01417fd2ea260d9748b3ec0807b0c1ae/element/05c5dcc6-a896-4090-8da6-c60a59b554a1/name HTTP/1.1
User-Agent: selenium/4.8.1 (java windows)
Cache-Control: no-cache
Content-Type: application/json; charset=utf-8
host: localhost:16878
accept: */*

Response DefaultHttpResponse(decodeResult: success, version: HTTP/1.1)
HTTP/1.1 200 OK
Content-Length: 18
Content-Type: application/json; charset=utf-8
cache-control: no-cache

19:55:07.937 [AsyncHttpClient-1-29] DEBUG org.asynchttpclient.netty.channel.ChannelManager - Adding key: http://localhost:16878 for channel [id: 0x113df855, L:/127.0.0.1:56577 - R:localhost/127.0.0.1:16878]
19:55:07.938 [Forwarding isElementEnabled on session 01417fd2ea260d9748b3ec0807b0c1ae to remote] DEBUG org.asynchttpclient.netty.request.NettyRequestSender - Using pooled Channel '[id: 0x113df855, L:/127.0.0.1:56577 - R:localhost/127.0.0.1:16878]' for 'GET' to 'http://localhost:16878/session/01417fd2ea260d9748b3ec0807b0c1ae/element/05c5dcc6-a896-4090-8da6-c60a59b554a1/enabled'
19:55:07.938 [Forwarding isElementEnabled on session 01417fd2ea260d9748b3ec0807b0c1ae to remote] DEBUG org.asynchttpclient.netty.request.NettyRequestSender - Using open Channel [id: 0x113df855, L:/127.0.0.1:56577 - R:localhost/127.0.0.1:16878] for GET '/session/01417fd2ea260d9748b3ec0807b0c1ae/element/05c5dcc6-a896-4090-8da6-c60a59b554a1/enabled'
19:55:07.945 [AsyncHttpClient-1-29] DEBUG org.asynchttpclient.netty.handler.HttpHandler - 

Request DefaultFullHttpRequest(decodeResult: success, version: HTTP/1.1, content: EmptyByteBufBE)
GET /session/01417fd2ea260d9748b3ec0807b0c1ae/element/05c5dcc6-a896-4090-8da6-c60a59b554a1/enabled HTTP/1.1
User-Agent: selenium/4.8.1 (java windows)
Cache-Control: no-cache
Content-Type: application/json; charset=utf-8
host: localhost:16878
accept: */*

Response DefaultHttpResponse(decodeResult: success, version: HTTP/1.1)
HTTP/1.1 200 OK
Content-Length: 14
Content-Type: application/json; charset=utf-8
cache-control: no-cache

19:55:07.945 [AsyncHttpClient-1-29] DEBUG org.asynchttpclient.netty.channel.ChannelManager - Adding key: http://localhost:16878 for channel [id: 0x113df855, L:/127.0.0.1:56577 - R:localhost/127.0.0.1:16878]
19:55:07.946 [Forwarding isElementEnabled on session 01417fd2ea260d9748b3ec0807b0c1ae to remote] DEBUG org.asynchttpclient.netty.request.NettyRequestSender - Using pooled Channel '[id: 0x113df855, L:/127.0.0.1:56577 - R:localhost/127.0.0.1:16878]' for 'GET' to 'http://localhost:16878/session/01417fd2ea260d9748b3ec0807b0c1ae/element/05c5dcc6-a896-4090-8da6-c60a59b554a1/enabled'
19:55:07.946 [Forwarding isElementEnabled on session 01417fd2ea260d9748b3ec0807b0c1ae to remote] DEBUG org.asynchttpclient.netty.request.NettyRequestSender - Using open Channel [id: 0x113df855, L:/127.0.0.1:56577 - R:localhost/127.0.0.1:16878] for GET '/session/01417fd2ea260d9748b3ec0807b0c1ae/element/05c5dcc6-a896-4090-8da6-c60a59b554a1/enabled'
19:55:07.951 [AsyncHttpClient-1-29] DEBUG org.asynchttpclient.netty.handler.HttpHandler - 

Request DefaultFullHttpRequest(decodeResult: success, version: HTTP/1.1, content: EmptyByteBufBE)
GET /session/01417fd2ea260d9748b3ec0807b0c1ae/element/05c5dcc6-a896-4090-8da6-c60a59b554a1/enabled HTTP/1.1
User-Agent: selenium/4.8.1 (java windows)
Cache-Control: no-cache
Content-Type: application/json; charset=utf-8
host: localhost:16878
accept: */*

Response DefaultHttpResponse(decodeResult: success, version: HTTP/1.1)
HTTP/1.1 200 OK
Content-Length: 14
Content-Type: application/json; charset=utf-8
cache-control: no-cache

19:55:07.952 [AsyncHttpClient-1-29] DEBUG org.asynchttpclient.netty.channel.ChannelManager - Adding key: http://localhost:16878 for channel [id: 0x113df855, L:/127.0.0.1:56577 - R:localhost/127.0.0.1:16878]
19:55:07.953 [Forwarding findElement on session 01417fd2ea260d9748b3ec0807b0c1ae to remote] DEBUG org.asynchttpclient.netty.request.NettyRequestSender - Using pooled Channel '[id: 0x113df855, L:/127.0.0.1:56577 - R:localhost/127.0.0.1:16878]' for 'POST' to 'http://localhost:16878/session/01417fd2ea260d9748b3ec0807b0c1ae/element'
19:55:07.953 [Forwarding findElement on session 01417fd2ea260d9748b3ec0807b0c1ae to remote] DEBUG org.asynchttpclient.netty.request.NettyRequestSender - Using open Channel [id: 0x113df855, L:/127.0.0.1:56577 - R:localhost/127.0.0.1:16878] for POST '/session/01417fd2ea260d9748b3ec0807b0c1ae/element'
19:55:07.959 [AsyncHttpClient-1-29] DEBUG org.asynchttpclient.netty.handler.HttpHandler - 

Request DefaultHttpRequest(decodeResult: success, version: HTTP/1.1)
POST /session/01417fd2ea260d9748b3ec0807b0c1ae/element HTTP/1.1
User-Agent: selenium/4.8.1 (java windows)
Content-Length: 86
Content-Type: application/json; charset=utf-8
host: localhost:16878
accept: */*

Response DefaultHttpResponse(decodeResult: success, version: HTTP/1.1)
HTTP/1.1 200 OK
Content-Length: 88
Content-Type: application/json; charset=utf-8
cache-control: no-cache

19:55:07.959 [AsyncHttpClient-1-29] DEBUG org.asynchttpclient.netty.channel.ChannelManager - Adding key: http://localhost:16878 for channel [id: 0x113df855, L:/127.0.0.1:56577 - R:localhost/127.0.0.1:16878]
19:55:07.959 [Forwarding clickElement on session 01417fd2ea260d9748b3ec0807b0c1ae to remote] DEBUG org.asynchttpclient.netty.request.NettyRequestSender - Using pooled Channel '[id: 0x113df855, L:/127.0.0.1:56577 - R:localhost/127.0.0.1:16878]' for 'POST' to 'http://localhost:16878/session/01417fd2ea260d9748b3ec0807b0c1ae/element/05c5dcc6-a896-4090-8da6-c60a59b554a1/click'
19:55:07.959 [Forwarding clickElement on session 01417fd2ea260d9748b3ec0807b0c1ae to remote] DEBUG org.asynchttpclient.netty.request.NettyRequestSender - Using open Channel [id: 0x113df855, L:/127.0.0.1:56577 - R:localhost/127.0.0.1:16878] for POST '/session/01417fd2ea260d9748b3ec0807b0c1ae/element/05c5dcc6-a896-4090-8da6-c60a59b554a1/click'
19:55:07.991 [AsyncHttpClient-1-29] DEBUG org.asynchttpclient.netty.handler.HttpHandler - 

Request DefaultHttpRequest(decodeResult: success, version: HTTP/1.1)
POST /session/01417fd2ea260d9748b3ec0807b0c1ae/element/05c5dcc6-a896-4090-8da6-c60a59b554a1/click HTTP/1.1
User-Agent: selenium/4.8.1 (java windows)
Content-Length: 50
Content-Type: application/json; charset=utf-8
host: localhost:16878
accept: */*

Response DefaultHttpResponse(decodeResult: success, version: HTTP/1.1)
HTTP/1.1 200 OK
Content-Length: 14
Content-Type: application/json; charset=utf-8
cache-control: no-cache

19:55:07.991 [AsyncHttpClient-1-29] DEBUG org.asynchttpclient.netty.channel.ChannelManager - Adding key: http://localhost:16878 for channel [id: 0x113df855, L:/127.0.0.1:56577 - R:localhost/127.0.0.1:16878]
19:55:07.995 [Forwarding getAlertText on session 01417fd2ea260d9748b3ec0807b0c1ae to remote] DEBUG org.asynchttpclient.netty.request.NettyRequestSender - Using pooled Channel '[id: 0x113df855, L:/127.0.0.1:56577 - R:localhost/127.0.0.1:16878]' for 'GET' to 'http://localhost:16878/session/01417fd2ea260d9748b3ec0807b0c1ae/alert/text'
19:55:07.995 [Forwarding getAlertText on session 01417fd2ea260d9748b3ec0807b0c1ae to remote] DEBUG org.asynchttpclient.netty.request.NettyRequestSender - Using open Channel [id: 0x113df855, L:/127.0.0.1:56577 - R:localhost/127.0.0.1:16878] for GET '/session/01417fd2ea260d9748b3ec0807b0c1ae/alert/text'
19:55:07.997 [AsyncHttpClient-1-29] DEBUG org.asynchttpclient.netty.handler.HttpHandler - 

Request DefaultFullHttpRequest(decodeResult: success, version: HTTP/1.1, content: EmptyByteBufBE)
GET /session/01417fd2ea260d9748b3ec0807b0c1ae/alert/text HTTP/1.1
User-Agent: selenium/4.8.1 (java windows)
Cache-Control: no-cache
Content-Type: application/json; charset=utf-8
host: localhost:16878
accept: */*

Response DefaultHttpResponse(decodeResult: success, version: HTTP/1.1)
HTTP/1.1 404 Not Found
Content-Length: 816
Content-Type: application/json; charset=utf-8
cache-control: no-cache

19:55:07.997 [AsyncHttpClient-1-29] DEBUG org.asynchttpclient.netty.channel.ChannelManager - Adding key: http://localhost:16878 for channel [id: 0x113df855, L:/127.0.0.1:56577 - R:localhost/127.0.0.1:16878]
19:55:07.998 [Forwarding getCurrentUrl on session 01417fd2ea260d9748b3ec0807b0c1ae to remote] DEBUG org.asynchttpclient.netty.request.NettyRequestSender - Using pooled Channel '[id: 0x113df855, L:/127.0.0.1:56577 - R:localhost/127.0.0.1:16878]' for 'GET' to 'http://localhost:16878/session/01417fd2ea260d9748b3ec0807b0c1ae/url'
19:55:07.998 [Forwarding getCurrentUrl on session 01417fd2ea260d9748b3ec0807b0c1ae to remote] DEBUG org.asynchttpclient.netty.request.NettyRequestSender - Using open Channel [id: 0x113df855, L:/127.0.0.1:56577 - R:localhost/127.0.0.1:16878] for GET '/session/01417fd2ea260d9748b3ec0807b0c1ae/url'
19:55:08.001 [AsyncHttpClient-1-29] DEBUG org.asynchttpclient.netty.handler.HttpHandler - 

Request DefaultFullHttpRequest(decodeResult: success, version: HTTP/1.1, content: EmptyByteBufBE)
GET /session/01417fd2ea260d9748b3ec0807b0c1ae/url HTTP/1.1
User-Agent: selenium/4.8.1 (java windows)
Cache-Control: no-cache
Content-Type: application/json; charset=utf-8
host: localhost:16878
accept: */*

Response DefaultHttpResponse(decodeResult: success, version: HTTP/1.1)
HTTP/1.1 200 OK
Content-Length: 52
Content-Type: application/json; charset=utf-8
cache-control: no-cache

19:55:08.001 [AsyncHttpClient-1-29] DEBUG org.asynchttpclient.netty.channel.ChannelManager - Adding key: http://localhost:16878 for channel [id: 0x113df855, L:/127.0.0.1:56577 - R:localhost/127.0.0.1:16878]
19:55:08.001 [Forwarding screenshot on session 01417fd2ea260d9748b3ec0807b0c1ae to remote] DEBUG org.asynchttpclient.netty.request.NettyRequestSender - Using pooled Channel '[id: 0x113df855, L:/127.0.0.1:56577 - R:localhost/127.0.0.1:16878]' for 'GET' to 'http://localhost:16878/session/01417fd2ea260d9748b3ec0807b0c1ae/screenshot'
19:55:08.001 [Forwarding screenshot on session 01417fd2ea260d9748b3ec0807b0c1ae to remote] DEBUG org.asynchttpclient.netty.request.NettyRequestSender - Using open Channel [id: 0x113df855, L:/127.0.0.1:56577 - R:localhost/127.0.0.1:16878] for GET '/session/01417fd2ea260d9748b3ec0807b0c1ae/screenshot'
19:55:08.170 [AsyncHttpClient-1-29] DEBUG org.asynchttpclient.netty.handler.HttpHandler - 

Request DefaultFullHttpRequest(decodeResult: success, version: HTTP/1.1, content: EmptyByteBufBE)
GET /session/01417fd2ea260d9748b3ec0807b0c1ae/screenshot HTTP/1.1
User-Agent: selenium/4.8.1 (java windows)
Cache-Control: no-cache
Content-Type: application/json; charset=utf-8
host: localhost:16878
accept: */*

Response DefaultHttpResponse(decodeResult: success, version: HTTP/1.1)
HTTP/1.1 200 OK
Content-Length: 285344
Content-Type: application/json; charset=utf-8
cache-control: no-cache

19:55:08.171 [AsyncHttpClient-1-29] DEBUG org.asynchttpclient.netty.channel.ChannelManager - Adding key: http://localhost:16878 for channel [id: 0x113df855, L:/127.0.0.1:56577 - R:localhost/127.0.0.1:16878]
19:55:08.179 [main] DEBUG net.serenitybdd.core.photography.Darkroom - Send negative for processing for target\site\serenity\73dda022ab40d2ce80101133b336a5e08501d0450c16f118aec0b1fd0fe01db0.png
19:55:08.179 [main] DEBUG net.thucydides.core.steps.StepInterceptor - STEP DONE: clickProduct
  &amp#27;[32mWhen &amp#27;[0m&amp#27;[32mI add a product &amp#27;[0m&amp#27;[32m&amp#27;[1m"sauce-labs-backpack"&amp#27;[0m&amp#27;[32m to the cart from homepage&amp#27;[0m  &amp#27;[90m# starter.stepDefinitions.CartSteps.addProductToCart(java.lang.String)&amp#27;[0m
19:55:08.187 [Forwarding getPageSource on session 01417fd2ea260d9748b3ec0807b0c1ae to remote] DEBUG org.asynchttpclient.netty.request.NettyRequestSender - Using pooled Channel '[id: 0x113df855, L:/127.0.0.1:56577 - R:localhost/127.0.0.1:16878]' for 'POST' to 'http://localhost:16878/session/01417fd2ea260d9748b3ec0807b0c1ae/execute/sync'
19:55:08.187 [Forwarding getPageSource on session 01417fd2ea260d9748b3ec0807b0c1ae to remote] DEBUG org.asynchttpclient.netty.request.NettyRequestSender - Using open Channel [id: 0x113df855, L:/127.0.0.1:56577 - R:localhost/127.0.0.1:16878] for POST '/session/01417fd2ea260d9748b3ec0807b0c1ae/execute/sync'
19:55:08.192 [AsyncHttpClient-1-29] DEBUG org.asynchttpclient.netty.handler.HttpHandler - 

Request DefaultHttpRequest(decodeResult: success, version: HTTP/1.1)
POST /session/01417fd2ea260d9748b3ec0807b0c1ae/execute/sync HTTP/1.1
User-Agent: selenium/4.8.1 (java windows)
Content-Length: 176
Content-Type: application/json; charset=utf-8
host: localhost:16878
accept: */*

Response DefaultHttpResponse(decodeResult: success, version: HTTP/1.1)
HTTP/1.1 200 OK
Content-Length: 16365
Content-Type: application/json; charset=utf-8
cache-control: no-cache

19:55:08.193 [AsyncHttpClient-1-29] DEBUG org.asynchttpclient.netty.channel.ChannelManager - Adding key: http://localhost:16878 for channel [id: 0x113df855, L:/127.0.0.1:56577 - R:localhost/127.0.0.1:16878]
19:55:08.194 [Forwarding getCurrentUrl on session 01417fd2ea260d9748b3ec0807b0c1ae to remote] DEBUG org.asynchttpclient.netty.request.NettyRequestSender - Using pooled Channel '[id: 0x113df855, L:/127.0.0.1:56577 - R:localhost/127.0.0.1:16878]' for 'GET' to 'http://localhost:16878/session/01417fd2ea260d9748b3ec0807b0c1ae/url'
19:55:08.194 [Forwarding getCurrentUrl on session 01417fd2ea260d9748b3ec0807b0c1ae to remote] DEBUG org.asynchttpclient.netty.request.NettyRequestSender - Using open Channel [id: 0x113df855, L:/127.0.0.1:56577 - R:localhost/127.0.0.1:16878] for GET '/session/01417fd2ea260d9748b3ec0807b0c1ae/url'
19:55:08.197 [AsyncHttpClient-1-29] DEBUG org.asynchttpclient.netty.handler.HttpHandler - 

Request DefaultFullHttpRequest(decodeResult: success, version: HTTP/1.1, content: EmptyByteBufBE)
GET /session/01417fd2ea260d9748b3ec0807b0c1ae/url HTTP/1.1
User-Agent: selenium/4.8.1 (java windows)
Cache-Control: no-cache
Content-Type: application/json; charset=utf-8
host: localhost:16878
accept: */*

Response DefaultHttpResponse(decodeResult: success, version: HTTP/1.1)
HTTP/1.1 200 OK
Content-Length: 52
Content-Type: application/json; charset=utf-8
cache-control: no-cache

19:55:08.197 [AsyncHttpClient-1-29] DEBUG org.asynchttpclient.netty.channel.ChannelManager - Adding key: http://localhost:16878 for channel [id: 0x113df855, L:/127.0.0.1:56577 - R:localhost/127.0.0.1:16878]
19:55:08.204 [Forwarding getPageSource on session 01417fd2ea260d9748b3ec0807b0c1ae to remote] DEBUG org.asynchttpclient.netty.request.NettyRequestSender - Using pooled Channel '[id: 0x113df855, L:/127.0.0.1:56577 - R:localhost/127.0.0.1:16878]' for 'POST' to 'http://localhost:16878/session/01417fd2ea260d9748b3ec0807b0c1ae/execute/sync'
19:55:08.204 [Forwarding getPageSource on session 01417fd2ea260d9748b3ec0807b0c1ae to remote] DEBUG org.asynchttpclient.netty.request.NettyRequestSender - Using open Channel [id: 0x113df855, L:/127.0.0.1:56577 - R:localhost/127.0.0.1:16878] for POST '/session/01417fd2ea260d9748b3ec0807b0c1ae/execute/sync'
19:55:08.209 [AsyncHttpClient-1-29] DEBUG org.asynchttpclient.netty.handler.HttpHandler - 

Request DefaultHttpRequest(decodeResult: success, version: HTTP/1.1)
POST /session/01417fd2ea260d9748b3ec0807b0c1ae/execute/sync HTTP/1.1
User-Agent: selenium/4.8.1 (java windows)
Content-Length: 176
Content-Type: application/json; charset=utf-8
host: localhost:16878
accept: */*

Response DefaultHttpResponse(decodeResult: success, version: HTTP/1.1)
HTTP/1.1 200 OK
Content-Length: 16381
Content-Type: application/json; charset=utf-8
cache-control: no-cache

19:55:08.209 [AsyncHttpClient-1-29] DEBUG org.asynchttpclient.netty.channel.ChannelManager - Adding key: http://localhost:16878 for channel [id: 0x113df855, L:/127.0.0.1:56577 - R:localhost/127.0.0.1:16878]
19:55:08.210 [Forwarding getCurrentUrl on session 01417fd2ea260d9748b3ec0807b0c1ae to remote] DEBUG org.asynchttpclient.netty.request.NettyRequestSender - Using pooled Channel '[id: 0x113df855, L:/127.0.0.1:56577 - R:localhost/127.0.0.1:16878]' for 'GET' to 'http://localhost:16878/session/01417fd2ea260d9748b3ec0807b0c1ae/url'
19:55:08.210 [Forwarding getCurrentUrl on session 01417fd2ea260d9748b3ec0807b0c1ae to remote] DEBUG org.asynchttpclient.netty.request.NettyRequestSender - Using open Channel [id: 0x113df855, L:/127.0.0.1:56577 - R:localhost/127.0.0.1:16878] for GET '/session/01417fd2ea260d9748b3ec0807b0c1ae/url'
19:55:08.213 [AsyncHttpClient-1-29] DEBUG org.asynchttpclient.netty.handler.HttpHandler - 

Request DefaultFullHttpRequest(decodeResult: success, version: HTTP/1.1, content: EmptyByteBufBE)
GET /session/01417fd2ea260d9748b3ec0807b0c1ae/url HTTP/1.1
User-Agent: selenium/4.8.1 (java windows)
Cache-Control: no-cache
Content-Type: application/json; charset=utf-8
host: localhost:16878
accept: */*

Response DefaultHttpResponse(decodeResult: success, version: HTTP/1.1)
HTTP/1.1 200 OK
Content-Length: 52
Content-Type: application/json; charset=utf-8
cache-control: no-cache

19:55:08.213 [AsyncHttpClient-1-29] DEBUG org.asynchttpclient.netty.channel.ChannelManager - Adding key: http://localhost:16878 for channel [id: 0x113df855, L:/127.0.0.1:56577 - R:localhost/127.0.0.1:16878]
19:55:08.215 [main] DEBUG net.thucydides.core.steps.StepInterceptor - STARTING STEP: CartSteps.openCartPage - clickCartButton
19:55:08.217 [Forwarding findElement on session 01417fd2ea260d9748b3ec0807b0c1ae to remote] DEBUG org.asynchttpclient.netty.request.NettyRequestSender - Using pooled Channel '[id: 0x113df855, L:/127.0.0.1:56577 - R:localhost/127.0.0.1:16878]' for 'POST' to 'http://localhost:16878/session/01417fd2ea260d9748b3ec0807b0c1ae/element'
19:55:08.217 [Forwarding findElement on session 01417fd2ea260d9748b3ec0807b0c1ae to remote] DEBUG org.asynchttpclient.netty.request.NettyRequestSender - Using open Channel [id: 0x113df855, L:/127.0.0.1:56577 - R:localhost/127.0.0.1:16878] for POST '/session/01417fd2ea260d9748b3ec0807b0c1ae/element'
19:55:08.227 [AsyncHttpClient-1-29] DEBUG org.asynchttpclient.netty.handler.HttpHandler - 

Request DefaultHttpRequest(decodeResult: success, version: HTTP/1.1)
POST /session/01417fd2ea260d9748b3ec0807b0c1ae/element HTTP/1.1
User-Agent: selenium/4.8.1 (java windows)
Content-Length: 63
Content-Type: application/json; charset=utf-8
host: localhost:16878
accept: */*

Response DefaultHttpResponse(decodeResult: success, version: HTTP/1.1)
HTTP/1.1 200 OK
Content-Length: 88
Content-Type: application/json; charset=utf-8
cache-control: no-cache

19:55:08.227 [AsyncHttpClient-1-29] DEBUG org.asynchttpclient.netty.channel.ChannelManager - Adding key: http://localhost:16878 for channel [id: 0x113df855, L:/127.0.0.1:56577 - R:localhost/127.0.0.1:16878]
19:55:08.228 [Forwarding getElementTagName on session 01417fd2ea260d9748b3ec0807b0c1ae to remote] DEBUG org.asynchttpclient.netty.request.NettyRequestSender - Using pooled Channel '[id: 0x113df855, L:/127.0.0.1:56577 - R:localhost/127.0.0.1:16878]' for 'GET' to 'http://localhost:16878/session/01417fd2ea260d9748b3ec0807b0c1ae/element/3fed89df-d907-418a-9b41-482823e01429/name'
19:55:08.228 [Forwarding getElementTagName on session 01417fd2ea260d9748b3ec0807b0c1ae to remote] DEBUG org.asynchttpclient.netty.request.NettyRequestSender - Using open Channel [id: 0x113df855, L:/127.0.0.1:56577 - R:localhost/127.0.0.1:16878] for GET '/session/01417fd2ea260d9748b3ec0807b0c1ae/element/3fed89df-d907-418a-9b41-482823e01429/name'
19:55:08.231 [AsyncHttpClient-1-29] DEBUG org.asynchttpclient.netty.handler.HttpHandler - 

Request DefaultFullHttpRequest(decodeResult: success, version: HTTP/1.1, content: EmptyByteBufBE)
GET /session/01417fd2ea260d9748b3ec0807b0c1ae/element/3fed89df-d907-418a-9b41-482823e01429/name HTTP/1.1
User-Agent: selenium/4.8.1 (java windows)
Cache-Control: no-cache
Content-Type: application/json; charset=utf-8
host: localhost:16878
accept: */*

Response DefaultHttpResponse(decodeResult: success, version: HTTP/1.1)
HTTP/1.1 200 OK
Content-Length: 13
Content-Type: application/json; charset=utf-8
cache-control: no-cache

19:55:08.231 [AsyncHttpClient-1-29] DEBUG org.asynchttpclient.netty.channel.ChannelManager - Adding key: http://localhost:16878 for channel [id: 0x113df855, L:/127.0.0.1:56577 - R:localhost/127.0.0.1:16878]
19:55:08.232 [Forwarding getElementTagName on session 01417fd2ea260d9748b3ec0807b0c1ae to remote] DEBUG org.asynchttpclient.netty.request.NettyRequestSender - Using pooled Channel '[id: 0x113df855, L:/127.0.0.1:56577 - R:localhost/127.0.0.1:16878]' for 'GET' to 'http://localhost:16878/session/01417fd2ea260d9748b3ec0807b0c1ae/element/3fed89df-d907-418a-9b41-482823e01429/name'
19:55:08.232 [Forwarding getElementTagName on session 01417fd2ea260d9748b3ec0807b0c1ae to remote] DEBUG org.asynchttpclient.netty.request.NettyRequestSender - Using open Channel [id: 0x113df855, L:/127.0.0.1:56577 - R:localhost/127.0.0.1:16878] for GET '/session/01417fd2ea260d9748b3ec0807b0c1ae/element/3fed89df-d907-418a-9b41-482823e01429/name'
19:55:08.234 [AsyncHttpClient-1-29] DEBUG org.asynchttpclient.netty.handler.HttpHandler - 

Request DefaultFullHttpRequest(decodeResult: success, version: HTTP/1.1, content: EmptyByteBufBE)
GET /session/01417fd2ea260d9748b3ec0807b0c1ae/element/3fed89df-d907-418a-9b41-482823e01429/name HTTP/1.1
User-Agent: selenium/4.8.1 (java windows)
Cache-Control: no-cache
Content-Type: application/json; charset=utf-8
host: localhost:16878
accept: */*

Response DefaultHttpResponse(decodeResult: success, version: HTTP/1.1)
HTTP/1.1 200 OK
Content-Length: 13
Content-Type: application/json; charset=utf-8
cache-control: no-cache

19:55:08.234 [AsyncHttpClient-1-29] DEBUG org.asynchttpclient.netty.channel.ChannelManager - Adding key: http://localhost:16878 for channel [id: 0x113df855, L:/127.0.0.1:56577 - R:localhost/127.0.0.1:16878]
19:55:08.235 [Forwarding findElement on session 01417fd2ea260d9748b3ec0807b0c1ae to remote] DEBUG org.asynchttpclient.netty.request.NettyRequestSender - Using pooled Channel '[id: 0x113df855, L:/127.0.0.1:56577 - R:localhost/127.0.0.1:16878]' for 'POST' to 'http://localhost:16878/session/01417fd2ea260d9748b3ec0807b0c1ae/element'
19:55:08.235 [Forwarding findElement on session 01417fd2ea260d9748b3ec0807b0c1ae to remote] DEBUG org.asynchttpclient.netty.request.NettyRequestSender - Using open Channel [id: 0x113df855, L:/127.0.0.1:56577 - R:localhost/127.0.0.1:16878] for POST '/session/01417fd2ea260d9748b3ec0807b0c1ae/element'
19:55:08.240 [AsyncHttpClient-1-29] DEBUG org.asynchttpclient.netty.handler.HttpHandler - 

Request DefaultHttpRequest(decodeResult: success, version: HTTP/1.1)
POST /session/01417fd2ea260d9748b3ec0807b0c1ae/element HTTP/1.1
User-Agent: selenium/4.8.1 (java windows)
Content-Length: 63
Content-Type: application/json; charset=utf-8
host: localhost:16878
accept: */*

Response DefaultHttpResponse(decodeResult: success, version: HTTP/1.1)
HTTP/1.1 200 OK
Content-Length: 88
Content-Type: application/json; charset=utf-8
cache-control: no-cache

19:55:08.240 [AsyncHttpClient-1-29] DEBUG org.asynchttpclient.netty.channel.ChannelManager - Adding key: http://localhost:16878 for channel [id: 0x113df855, L:/127.0.0.1:56577 - R:localhost/127.0.0.1:16878]
19:55:08.241 [Forwarding clickElement on session 01417fd2ea260d9748b3ec0807b0c1ae to remote] DEBUG org.asynchttpclient.netty.request.NettyRequestSender - Using pooled Channel '[id: 0x113df855, L:/127.0.0.1:56577 - R:localhost/127.0.0.1:16878]' for 'POST' to 'http://localhost:16878/session/01417fd2ea260d9748b3ec0807b0c1ae/element/3fed89df-d907-418a-9b41-482823e01429/click'
19:55:08.241 [Forwarding clickElement on session 01417fd2ea260d9748b3ec0807b0c1ae to remote] DEBUG org.asynchttpclient.netty.request.NettyRequestSender - Using open Channel [id: 0x113df855, L:/127.0.0.1:56577 - R:localhost/127.0.0.1:16878] for POST '/session/01417fd2ea260d9748b3ec0807b0c1ae/element/3fed89df-d907-418a-9b41-482823e01429/click'
19:55:08.278 [AsyncHttpClient-1-29] DEBUG org.asynchttpclient.netty.handler.HttpHandler - 

Request DefaultHttpRequest(decodeResult: success, version: HTTP/1.1)
POST /session/01417fd2ea260d9748b3ec0807b0c1ae/element/3fed89df-d907-418a-9b41-482823e01429/click HTTP/1.1
User-Agent: selenium/4.8.1 (java windows)
Content-Length: 50
Content-Type: application/json; charset=utf-8
host: localhost:16878
accept: */*

Response DefaultHttpResponse(decodeResult: success, version: HTTP/1.1)
HTTP/1.1 200 OK
Content-Length: 14
Content-Type: application/json; charset=utf-8
cache-control: no-cache

19:55:08.278 [AsyncHttpClient-1-29] DEBUG org.asynchttpclient.netty.channel.ChannelManager - Adding key: http://localhost:16878 for channel [id: 0x113df855, L:/127.0.0.1:56577 - R:localhost/127.0.0.1:16878]
19:55:08.284 [Forwarding getAlertText on session 01417fd2ea260d9748b3ec0807b0c1ae to remote] DEBUG org.asynchttpclient.netty.request.NettyRequestSender - Using pooled Channel '[id: 0x113df855, L:/127.0.0.1:56577 - R:localhost/127.0.0.1:16878]' for 'GET' to 'http://localhost:16878/session/01417fd2ea260d9748b3ec0807b0c1ae/alert/text'
19:55:08.285 [Forwarding getAlertText on session 01417fd2ea260d9748b3ec0807b0c1ae to remote] DEBUG org.asynchttpclient.netty.request.NettyRequestSender - Using open Channel [id: 0x113df855, L:/127.0.0.1:56577 - R:localhost/127.0.0.1:16878] for GET '/session/01417fd2ea260d9748b3ec0807b0c1ae/alert/text'
19:55:08.286 [AsyncHttpClient-1-29] DEBUG org.asynchttpclient.netty.handler.HttpHandler - 

Request DefaultFullHttpRequest(decodeResult: success, version: HTTP/1.1, content: EmptyByteBufBE)
GET /session/01417fd2ea260d9748b3ec0807b0c1ae/alert/text HTTP/1.1
User-Agent: selenium/4.8.1 (java windows)
Cache-Control: no-cache
Content-Type: application/json; charset=utf-8
host: localhost:16878
accept: */*

Response DefaultHttpResponse(decodeResult: success, version: HTTP/1.1)
HTTP/1.1 404 Not Found
Content-Length: 816
Content-Type: application/json; charset=utf-8
cache-control: no-cache

19:55:08.286 [AsyncHttpClient-1-29] DEBUG org.asynchttpclient.netty.channel.ChannelManager - Adding key: http://localhost:16878 for channel [id: 0x113df855, L:/127.0.0.1:56577 - R:localhost/127.0.0.1:16878]
19:55:08.286 [Forwarding getCurrentUrl on session 01417fd2ea260d9748b3ec0807b0c1ae to remote] DEBUG org.asynchttpclient.netty.request.NettyRequestSender - Using pooled Channel '[id: 0x113df855, L:/127.0.0.1:56577 - R:localhost/127.0.0.1:16878]' for 'GET' to 'http://localhost:16878/session/01417fd2ea260d9748b3ec0807b0c1ae/url'
19:55:08.286 [Forwarding getCurrentUrl on session 01417fd2ea260d9748b3ec0807b0c1ae to remote] DEBUG org.asynchttpclient.netty.request.NettyRequestSender - Using open Channel [id: 0x113df855, L:/127.0.0.1:56577 - R:localhost/127.0.0.1:16878] for GET '/session/01417fd2ea260d9748b3ec0807b0c1ae/url'
19:55:08.289 [AsyncHttpClient-1-29] DEBUG org.asynchttpclient.netty.handler.HttpHandler - 

Request DefaultFullHttpRequest(decodeResult: success, version: HTTP/1.1, content: EmptyByteBufBE)
GET /session/01417fd2ea260d9748b3ec0807b0c1ae/url HTTP/1.1
User-Agent: selenium/4.8.1 (java windows)
Cache-Control: no-cache
Content-Type: application/json; charset=utf-8
host: localhost:16878
accept: */*

Response DefaultHttpResponse(decodeResult: success, version: HTTP/1.1)
HTTP/1.1 200 OK
Content-Length: 47
Content-Type: application/json; charset=utf-8
cache-control: no-cache

19:55:08.289 [AsyncHttpClient-1-29] DEBUG org.asynchttpclient.netty.channel.ChannelManager - Adding key: http://localhost:16878 for channel [id: 0x113df855, L:/127.0.0.1:56577 - R:localhost/127.0.0.1:16878]
19:55:08.290 [Forwarding screenshot on session 01417fd2ea260d9748b3ec0807b0c1ae to remote] DEBUG org.asynchttpclient.netty.request.NettyRequestSender - Using pooled Channel '[id: 0x113df855, L:/127.0.0.1:56577 - R:localhost/127.0.0.1:16878]' for 'GET' to 'http://localhost:16878/session/01417fd2ea260d9748b3ec0807b0c1ae/screenshot'
19:55:08.290 [Forwarding screenshot on session 01417fd2ea260d9748b3ec0807b0c1ae to remote] DEBUG org.asynchttpclient.netty.request.NettyRequestSender - Using open Channel [id: 0x113df855, L:/127.0.0.1:56577 - R:localhost/127.0.0.1:16878] for GET '/session/01417fd2ea260d9748b3ec0807b0c1ae/screenshot'
19:55:08.422 [AsyncHttpClient-1-29] DEBUG org.asynchttpclient.netty.handler.HttpHandler - 

Request DefaultFullHttpRequest(decodeResult: success, version: HTTP/1.1, content: EmptyByteBufBE)
GET /session/01417fd2ea260d9748b3ec0807b0c1ae/screenshot HTTP/1.1
User-Agent: selenium/4.8.1 (java windows)
Cache-Control: no-cache
Content-Type: application/json; charset=utf-8
host: localhost:16878
accept: */*

Response DefaultHttpResponse(decodeResult: success, version: HTTP/1.1)
HTTP/1.1 200 OK
Content-Length: 94844
Content-Type: application/json; charset=utf-8
cache-control: no-cache

19:55:08.422 [AsyncHttpClient-1-29] DEBUG org.asynchttpclient.netty.channel.ChannelManager - Adding key: http://localhost:16878 for channel [id: 0x113df855, L:/127.0.0.1:56577 - R:localhost/127.0.0.1:16878]
19:55:08.425 [main] DEBUG net.serenitybdd.core.photography.Darkroom - Send negative for processing for target\site\serenity\ee8a237c6a7206c781e51a64ee24d075411132d2098af18c5e04ba7b3e846ddc.png
19:55:08.425 [main] DEBUG net.thucydides.core.steps.StepInterceptor - STEP DONE: clickCartButton
  &amp#27;[32mAnd &amp#27;[0m&amp#27;[32mI open the cart page&amp#27;[0m                                              &amp#27;[90m# starter.stepDefinitions.CartSteps.openCartPage()&amp#27;[0m
19:55:08.432 [Forwarding getPageSource on session 01417fd2ea260d9748b3ec0807b0c1ae to remote] DEBUG org.asynchttpclient.netty.request.NettyRequestSender - Using pooled Channel '[id: 0x113df855, L:/127.0.0.1:56577 - R:localhost/127.0.0.1:16878]' for 'POST' to 'http://localhost:16878/session/01417fd2ea260d9748b3ec0807b0c1ae/execute/sync'
19:55:08.432 [Forwarding getPageSource on session 01417fd2ea260d9748b3ec0807b0c1ae to remote] DEBUG org.asynchttpclient.netty.request.NettyRequestSender - Using open Channel [id: 0x113df855, L:/127.0.0.1:56577 - R:localhost/127.0.0.1:16878] for POST '/session/01417fd2ea260d9748b3ec0807b0c1ae/execute/sync'
19:55:08.437 [AsyncHttpClient-1-29] DEBUG org.asynchttpclient.netty.handler.HttpHandler - 

Request DefaultHttpRequest(decodeResult: success, version: HTTP/1.1)
POST /session/01417fd2ea260d9748b3ec0807b0c1ae/execute/sync HTTP/1.1
User-Agent: selenium/4.8.1 (java windows)
Content-Length: 176
Content-Type: application/json; charset=utf-8
host: localhost:16878
accept: */*

Response DefaultHttpResponse(decodeResult: success, version: HTTP/1.1)
HTTP/1.1 200 OK
Content-Length: 12588
Content-Type: application/json; charset=utf-8
cache-control: no-cache

19:55:08.437 [AsyncHttpClient-1-29] DEBUG org.asynchttpclient.netty.channel.ChannelManager - Adding key: http://localhost:16878 for channel [id: 0x113df855, L:/127.0.0.1:56577 - R:localhost/127.0.0.1:16878]
19:55:08.438 [Forwarding getCurrentUrl on session 01417fd2ea260d9748b3ec0807b0c1ae to remote] DEBUG org.asynchttpclient.netty.request.NettyRequestSender - Using pooled Channel '[id: 0x113df855, L:/127.0.0.1:56577 - R:localhost/127.0.0.1:16878]' for 'GET' to 'http://localhost:16878/session/01417fd2ea260d9748b3ec0807b0c1ae/url'
19:55:08.438 [Forwarding getCurrentUrl on session 01417fd2ea260d9748b3ec0807b0c1ae to remote] DEBUG org.asynchttpclient.netty.request.NettyRequestSender - Using open Channel [id: 0x113df855, L:/127.0.0.1:56577 - R:localhost/127.0.0.1:16878] for GET '/session/01417fd2ea260d9748b3ec0807b0c1ae/url'
19:55:08.441 [AsyncHttpClient-1-29] DEBUG org.asynchttpclient.netty.handler.HttpHandler - 

Request DefaultFullHttpRequest(decodeResult: success, version: HTTP/1.1, content: EmptyByteBufBE)
GET /session/01417fd2ea260d9748b3ec0807b0c1ae/url HTTP/1.1
User-Agent: selenium/4.8.1 (java windows)
Cache-Control: no-cache
Content-Type: application/json; charset=utf-8
host: localhost:16878
accept: */*

Response DefaultHttpResponse(decodeResult: success, version: HTTP/1.1)
HTTP/1.1 200 OK
Content-Length: 47
Content-Type: application/json; charset=utf-8
cache-control: no-cache

19:55:08.441 [AsyncHttpClient-1-29] DEBUG org.asynchttpclient.netty.channel.ChannelManager - Adding key: http://localhost:16878 for channel [id: 0x113df855, L:/127.0.0.1:56577 - R:localhost/127.0.0.1:16878]
19:55:08.449 [Forwarding getPageSource on session 01417fd2ea260d9748b3ec0807b0c1ae to remote] DEBUG org.asynchttpclient.netty.request.NettyRequestSender - Using pooled Channel '[id: 0x113df855, L:/127.0.0.1:56577 - R:localhost/127.0.0.1:16878]' for 'POST' to 'http://localhost:16878/session/01417fd2ea260d9748b3ec0807b0c1ae/execute/sync'
19:55:08.449 [Forwarding getPageSource on session 01417fd2ea260d9748b3ec0807b0c1ae to remote] DEBUG org.asynchttpclient.netty.request.NettyRequestSender - Using open Channel [id: 0x113df855, L:/127.0.0.1:56577 - R:localhost/127.0.0.1:16878] for POST '/session/01417fd2ea260d9748b3ec0807b0c1ae/execute/sync'
19:55:08.454 [AsyncHttpClient-1-29] DEBUG org.asynchttpclient.netty.handler.HttpHandler - 

Request DefaultHttpRequest(decodeResult: success, version: HTTP/1.1)
POST /session/01417fd2ea260d9748b3ec0807b0c1ae/execute/sync HTTP/1.1
User-Agent: selenium/4.8.1 (java windows)
Content-Length: 176
Content-Type: application/json; charset=utf-8
host: localhost:16878
accept: */*

Response DefaultHttpResponse(decodeResult: success, version: HTTP/1.1)
HTTP/1.1 200 OK
Content-Length: 12588
Content-Type: application/json; charset=utf-8
cache-control: no-cache

19:55:08.454 [AsyncHttpClient-1-29] DEBUG org.asynchttpclient.netty.channel.ChannelManager - Adding key: http://localhost:16878 for channel [id: 0x113df855, L:/127.0.0.1:56577 - R:localhost/127.0.0.1:16878]
19:55:08.455 [Forwarding getCurrentUrl on session 01417fd2ea260d9748b3ec0807b0c1ae to remote] DEBUG org.asynchttpclient.netty.request.NettyRequestSender - Using pooled Channel '[id: 0x113df855, L:/127.0.0.1:56577 - R:localhost/127.0.0.1:16878]' for 'GET' to 'http://localhost:16878/session/01417fd2ea260d9748b3ec0807b0c1ae/url'
19:55:08.455 [Forwarding getCurrentUrl on session 01417fd2ea260d9748b3ec0807b0c1ae to remote] DEBUG org.asynchttpclient.netty.request.NettyRequestSender - Using open Channel [id: 0x113df855, L:/127.0.0.1:56577 - R:localhost/127.0.0.1:16878] for GET '/session/01417fd2ea260d9748b3ec0807b0c1ae/url'
19:55:08.458 [AsyncHttpClient-1-29] DEBUG org.asynchttpclient.netty.handler.HttpHandler - 

Request DefaultFullHttpRequest(decodeResult: success, version: HTTP/1.1, content: EmptyByteBufBE)
GET /session/01417fd2ea260d9748b3ec0807b0c1ae/url HTTP/1.1
User-Agent: selenium/4.8.1 (java windows)
Cache-Control: no-cache
Content-Type: application/json; charset=utf-8
host: localhost:16878
accept: */*

Response DefaultHttpResponse(decodeResult: success, version: HTTP/1.1)
HTTP/1.1 200 OK
Content-Length: 47
Content-Type: application/json; charset=utf-8
cache-control: no-cache

19:55:08.458 [AsyncHttpClient-1-29] DEBUG org.asynchttpclient.netty.channel.ChannelManager - Adding key: http://localhost:16878 for channel [id: 0x113df855, L:/127.0.0.1:56577 - R:localhost/127.0.0.1:16878]
19:55:08.460 [main] DEBUG net.thucydides.core.steps.StepInterceptor - STARTING STEP: CartSteps.pressRemove - pressRemove
19:55:08.461 [Forwarding findElement on session 01417fd2ea260d9748b3ec0807b0c1ae to remote] DEBUG org.asynchttpclient.netty.request.NettyRequestSender - Using pooled Channel '[id: 0x113df855, L:/127.0.0.1:56577 - R:localhost/127.0.0.1:16878]' for 'POST' to 'http://localhost:16878/session/01417fd2ea260d9748b3ec0807b0c1ae/element'
19:55:08.461 [Forwarding findElement on session 01417fd2ea260d9748b3ec0807b0c1ae to remote] DEBUG org.asynchttpclient.netty.request.NettyRequestSender - Using open Channel [id: 0x113df855, L:/127.0.0.1:56577 - R:localhost/127.0.0.1:16878] for POST '/session/01417fd2ea260d9748b3ec0807b0c1ae/element'
19:55:08.471 [AsyncHttpClient-1-29] DEBUG org.asynchttpclient.netty.handler.HttpHandler - 

Request DefaultHttpRequest(decodeResult: success, version: HTTP/1.1)
POST /session/01417fd2ea260d9748b3ec0807b0c1ae/element HTTP/1.1
User-Agent: selenium/4.8.1 (java windows)
Content-Length: 77
Content-Type: application/json; charset=utf-8
host: localhost:16878
accept: */*

Response DefaultHttpResponse(decodeResult: success, version: HTTP/1.1)
HTTP/1.1 200 OK
Content-Length: 88
Content-Type: application/json; charset=utf-8
cache-control: no-cache

19:55:08.472 [AsyncHttpClient-1-29] DEBUG org.asynchttpclient.netty.channel.ChannelManager - Adding key: http://localhost:16878 for channel [id: 0x113df855, L:/127.0.0.1:56577 - R:localhost/127.0.0.1:16878]
19:55:08.473 [Forwarding getElementTagName on session 01417fd2ea260d9748b3ec0807b0c1ae to remote] DEBUG org.asynchttpclient.netty.request.NettyRequestSender - Using pooled Channel '[id: 0x113df855, L:/127.0.0.1:56577 - R:localhost/127.0.0.1:16878]' for 'GET' to 'http://localhost:16878/session/01417fd2ea260d9748b3ec0807b0c1ae/element/53367890-1aa9-485f-9f71-e44307520130/name'
19:55:08.473 [Forwarding getElementTagName on session 01417fd2ea260d9748b3ec0807b0c1ae to remote] DEBUG org.asynchttpclient.netty.request.NettyRequestSender - Using open Channel [id: 0x113df855, L:/127.0.0.1:56577 - R:localhost/127.0.0.1:16878] for GET '/session/01417fd2ea260d9748b3ec0807b0c1ae/element/53367890-1aa9-485f-9f71-e44307520130/name'
19:55:08.476 [AsyncHttpClient-1-29] DEBUG org.asynchttpclient.netty.handler.HttpHandler - 

Request DefaultFullHttpRequest(decodeResult: success, version: HTTP/1.1, content: EmptyByteBufBE)
GET /session/01417fd2ea260d9748b3ec0807b0c1ae/element/53367890-1aa9-485f-9f71-e44307520130/name HTTP/1.1
User-Agent: selenium/4.8.1 (java windows)
Cache-Control: no-cache
Content-Type: application/json; charset=utf-8
host: localhost:16878
accept: */*

Response DefaultHttpResponse(decodeResult: success, version: HTTP/1.1)
HTTP/1.1 200 OK
Content-Length: 18
Content-Type: application/json; charset=utf-8
cache-control: no-cache

19:55:08.476 [AsyncHttpClient-1-29] DEBUG org.asynchttpclient.netty.channel.ChannelManager - Adding key: http://localhost:16878 for channel [id: 0x113df855, L:/127.0.0.1:56577 - R:localhost/127.0.0.1:16878]
19:55:08.477 [Forwarding getElementTagName on session 01417fd2ea260d9748b3ec0807b0c1ae to remote] DEBUG org.asynchttpclient.netty.request.NettyRequestSender - Using pooled Channel '[id: 0x113df855, L:/127.0.0.1:56577 - R:localhost/127.0.0.1:16878]' for 'GET' to 'http://localhost:16878/session/01417fd2ea260d9748b3ec0807b0c1ae/element/53367890-1aa9-485f-9f71-e44307520130/name'
19:55:08.477 [Forwarding getElementTagName on session 01417fd2ea260d9748b3ec0807b0c1ae to remote] DEBUG org.asynchttpclient.netty.request.NettyRequestSender - Using open Channel [id: 0x113df855, L:/127.0.0.1:56577 - R:localhost/127.0.0.1:16878] for GET '/session/01417fd2ea260d9748b3ec0807b0c1ae/element/53367890-1aa9-485f-9f71-e44307520130/name'
19:55:08.479 [AsyncHttpClient-1-29] DEBUG org.asynchttpclient.netty.handler.HttpHandler - 

Request DefaultFullHttpRequest(decodeResult: success, version: HTTP/1.1, content: EmptyByteBufBE)
GET /session/01417fd2ea260d9748b3ec0807b0c1ae/element/53367890-1aa9-485f-9f71-e44307520130/name HTTP/1.1
User-Agent: selenium/4.8.1 (java windows)
Cache-Control: no-cache
Content-Type: application/json; charset=utf-8
host: localhost:16878
accept: */*

Response DefaultHttpResponse(decodeResult: success, version: HTTP/1.1)
HTTP/1.1 200 OK
Content-Length: 18
Content-Type: application/json; charset=utf-8
cache-control: no-cache

19:55:08.479 [AsyncHttpClient-1-29] DEBUG org.asynchttpclient.netty.channel.ChannelManager - Adding key: http://localhost:16878 for channel [id: 0x113df855, L:/127.0.0.1:56577 - R:localhost/127.0.0.1:16878]
19:55:08.481 [Forwarding isElementEnabled on session 01417fd2ea260d9748b3ec0807b0c1ae to remote] DEBUG org.asynchttpclient.netty.request.NettyRequestSender - Using pooled Channel '[id: 0x113df855, L:/127.0.0.1:56577 - R:localhost/127.0.0.1:16878]' for 'GET' to 'http://localhost:16878/session/01417fd2ea260d9748b3ec0807b0c1ae/element/53367890-1aa9-485f-9f71-e44307520130/enabled'
19:55:08.481 [Forwarding isElementEnabled on session 01417fd2ea260d9748b3ec0807b0c1ae to remote] DEBUG org.asynchttpclient.netty.request.NettyRequestSender - Using open Channel [id: 0x113df855, L:/127.0.0.1:56577 - R:localhost/127.0.0.1:16878] for GET '/session/01417fd2ea260d9748b3ec0807b0c1ae/element/53367890-1aa9-485f-9f71-e44307520130/enabled'
19:55:08.487 [AsyncHttpClient-1-29] DEBUG org.asynchttpclient.netty.handler.HttpHandler - 

Request DefaultFullHttpRequest(decodeResult: success, version: HTTP/1.1, content: EmptyByteBufBE)
GET /session/01417fd2ea260d9748b3ec0807b0c1ae/element/53367890-1aa9-485f-9f71-e44307520130/enabled HTTP/1.1
User-Agent: selenium/4.8.1 (java windows)
Cache-Control: no-cache
Content-Type: application/json; charset=utf-8
host: localhost:16878
accept: */*

Response DefaultHttpResponse(decodeResult: success, version: HTTP/1.1)
HTTP/1.1 200 OK
Content-Length: 14
Content-Type: application/json; charset=utf-8
cache-control: no-cache

19:55:08.487 [AsyncHttpClient-1-29] DEBUG org.asynchttpclient.netty.channel.ChannelManager - Adding key: http://localhost:16878 for channel [id: 0x113df855, L:/127.0.0.1:56577 - R:localhost/127.0.0.1:16878]
19:55:08.488 [Forwarding isElementEnabled on session 01417fd2ea260d9748b3ec0807b0c1ae to remote] DEBUG org.asynchttpclient.netty.request.NettyRequestSender - Using pooled Channel '[id: 0x113df855, L:/127.0.0.1:56577 - R:localhost/127.0.0.1:16878]' for 'GET' to 'http://localhost:16878/session/01417fd2ea260d9748b3ec0807b0c1ae/element/53367890-1aa9-485f-9f71-e44307520130/enabled'
19:55:08.488 [Forwarding isElementEnabled on session 01417fd2ea260d9748b3ec0807b0c1ae to remote] DEBUG org.asynchttpclient.netty.request.NettyRequestSender - Using open Channel [id: 0x113df855, L:/127.0.0.1:56577 - R:localhost/127.0.0.1:16878] for GET '/session/01417fd2ea260d9748b3ec0807b0c1ae/element/53367890-1aa9-485f-9f71-e44307520130/enabled'
19:55:08.494 [AsyncHttpClient-1-29] DEBUG org.asynchttpclient.netty.handler.HttpHandler - 

Request DefaultFullHttpRequest(decodeResult: success, version: HTTP/1.1, content: EmptyByteBufBE)
GET /session/01417fd2ea260d9748b3ec0807b0c1ae/element/53367890-1aa9-485f-9f71-e44307520130/enabled HTTP/1.1
User-Agent: selenium/4.8.1 (java windows)
Cache-Control: no-cache
Content-Type: application/json; charset=utf-8
host: localhost:16878
accept: */*

Response DefaultHttpResponse(decodeResult: success, version: HTTP/1.1)
HTTP/1.1 200 OK
Content-Length: 14
Content-Type: application/json; charset=utf-8
cache-control: no-cache

19:55:08.494 [AsyncHttpClient-1-29] DEBUG org.asynchttpclient.netty.channel.ChannelManager - Adding key: http://localhost:16878 for channel [id: 0x113df855, L:/127.0.0.1:56577 - R:localhost/127.0.0.1:16878]
19:55:08.496 [Forwarding findElement on session 01417fd2ea260d9748b3ec0807b0c1ae to remote] DEBUG org.asynchttpclient.netty.request.NettyRequestSender - Using pooled Channel '[id: 0x113df855, L:/127.0.0.1:56577 - R:localhost/127.0.0.1:16878]' for 'POST' to 'http://localhost:16878/session/01417fd2ea260d9748b3ec0807b0c1ae/element'
19:55:08.496 [Forwarding findElement on session 01417fd2ea260d9748b3ec0807b0c1ae to remote] DEBUG org.asynchttpclient.netty.request.NettyRequestSender - Using open Channel [id: 0x113df855, L:/127.0.0.1:56577 - R:localhost/127.0.0.1:16878] for POST '/session/01417fd2ea260d9748b3ec0807b0c1ae/element'
19:55:08.502 [AsyncHttpClient-1-29] DEBUG org.asynchttpclient.netty.handler.HttpHandler - 

Request DefaultHttpRequest(decodeResult: success, version: HTTP/1.1)
POST /session/01417fd2ea260d9748b3ec0807b0c1ae/element HTTP/1.1
User-Agent: selenium/4.8.1 (java windows)
Content-Length: 77
Content-Type: application/json; charset=utf-8
host: localhost:16878
accept: */*

Response DefaultHttpResponse(decodeResult: success, version: HTTP/1.1)
HTTP/1.1 200 OK
Content-Length: 88
Content-Type: application/json; charset=utf-8
cache-control: no-cache

19:55:08.502 [AsyncHttpClient-1-29] DEBUG org.asynchttpclient.netty.channel.ChannelManager - Adding key: http://localhost:16878 for channel [id: 0x113df855, L:/127.0.0.1:56577 - R:localhost/127.0.0.1:16878]
19:55:08.503 [Forwarding clickElement on session 01417fd2ea260d9748b3ec0807b0c1ae to remote] DEBUG org.asynchttpclient.netty.request.NettyRequestSender - Using pooled Channel '[id: 0x113df855, L:/127.0.0.1:56577 - R:localhost/127.0.0.1:16878]' for 'POST' to 'http://localhost:16878/session/01417fd2ea260d9748b3ec0807b0c1ae/element/53367890-1aa9-485f-9f71-e44307520130/click'
19:55:08.503 [Forwarding clickElement on session 01417fd2ea260d9748b3ec0807b0c1ae to remote] DEBUG org.asynchttpclient.netty.request.NettyRequestSender - Using open Channel [id: 0x113df855, L:/127.0.0.1:56577 - R:localhost/127.0.0.1:16878] for POST '/session/01417fd2ea260d9748b3ec0807b0c1ae/element/53367890-1aa9-485f-9f71-e44307520130/click'
19:55:08.534 [AsyncHttpClient-1-29] DEBUG org.asynchttpclient.netty.handler.HttpHandler - 

Request DefaultHttpRequest(decodeResult: success, version: HTTP/1.1)
POST /session/01417fd2ea260d9748b3ec0807b0c1ae/element/53367890-1aa9-485f-9f71-e44307520130/click HTTP/1.1
User-Agent: selenium/4.8.1 (java windows)
Content-Length: 50
Content-Type: application/json; charset=utf-8
host: localhost:16878
accept: */*

Response DefaultHttpResponse(decodeResult: success, version: HTTP/1.1)
HTTP/1.1 200 OK
Content-Length: 14
Content-Type: application/json; charset=utf-8
cache-control: no-cache

19:55:08.534 [AsyncHttpClient-1-29] DEBUG org.asynchttpclient.netty.channel.ChannelManager - Adding key: http://localhost:16878 for channel [id: 0x113df855, L:/127.0.0.1:56577 - R:localhost/127.0.0.1:16878]
19:55:08.540 [Forwarding getAlertText on session 01417fd2ea260d9748b3ec0807b0c1ae to remote] DEBUG org.asynchttpclient.netty.request.NettyRequestSender - Using pooled Channel '[id: 0x113df855, L:/127.0.0.1:56577 - R:localhost/127.0.0.1:16878]' for 'GET' to 'http://localhost:16878/session/01417fd2ea260d9748b3ec0807b0c1ae/alert/text'
19:55:08.540 [Forwarding getAlertText on session 01417fd2ea260d9748b3ec0807b0c1ae to remote] DEBUG org.asynchttpclient.netty.request.NettyRequestSender - Using open Channel [id: 0x113df855, L:/127.0.0.1:56577 - R:localhost/127.0.0.1:16878] for GET '/session/01417fd2ea260d9748b3ec0807b0c1ae/alert/text'
19:55:08.542 [AsyncHttpClient-1-29] DEBUG org.asynchttpclient.netty.handler.HttpHandler - 

Request DefaultFullHttpRequest(decodeResult: success, version: HTTP/1.1, content: EmptyByteBufBE)
GET /session/01417fd2ea260d9748b3ec0807b0c1ae/alert/text HTTP/1.1
User-Agent: selenium/4.8.1 (java windows)
Cache-Control: no-cache
Content-Type: application/json; charset=utf-8
host: localhost:16878
accept: */*

Response DefaultHttpResponse(decodeResult: success, version: HTTP/1.1)
HTTP/1.1 404 Not Found
Content-Length: 816
Content-Type: application/json; charset=utf-8
cache-control: no-cache

19:55:08.542 [AsyncHttpClient-1-29] DEBUG org.asynchttpclient.netty.channel.ChannelManager - Adding key: http://localhost:16878 for channel [id: 0x113df855, L:/127.0.0.1:56577 - R:localhost/127.0.0.1:16878]
19:55:08.542 [Forwarding getCurrentUrl on session 01417fd2ea260d9748b3ec0807b0c1ae to remote] DEBUG org.asynchttpclient.netty.request.NettyRequestSender - Using pooled Channel '[id: 0x113df855, L:/127.0.0.1:56577 - R:localhost/127.0.0.1:16878]' for 'GET' to 'http://localhost:16878/session/01417fd2ea260d9748b3ec0807b0c1ae/url'
19:55:08.542 [Forwarding getCurrentUrl on session 01417fd2ea260d9748b3ec0807b0c1ae to remote] DEBUG org.asynchttpclient.netty.request.NettyRequestSender - Using open Channel [id: 0x113df855, L:/127.0.0.1:56577 - R:localhost/127.0.0.1:16878] for GET '/session/01417fd2ea260d9748b3ec0807b0c1ae/url'
19:55:08.545 [AsyncHttpClient-1-29] DEBUG org.asynchttpclient.netty.handler.HttpHandler - 

Request DefaultFullHttpRequest(decodeResult: success, version: HTTP/1.1, content: EmptyByteBufBE)
GET /session/01417fd2ea260d9748b3ec0807b0c1ae/url HTTP/1.1
User-Agent: selenium/4.8.1 (java windows)
Cache-Control: no-cache
Content-Type: application/json; charset=utf-8
host: localhost:16878
accept: */*

Response DefaultHttpResponse(decodeResult: success, version: HTTP/1.1)
HTTP/1.1 200 OK
Content-Length: 47
Content-Type: application/json; charset=utf-8
cache-control: no-cache

19:55:08.545 [AsyncHttpClient-1-29] DEBUG org.asynchttpclient.netty.channel.ChannelManager - Adding key: http://localhost:16878 for channel [id: 0x113df855, L:/127.0.0.1:56577 - R:localhost/127.0.0.1:16878]
19:55:08.545 [Forwarding screenshot on session 01417fd2ea260d9748b3ec0807b0c1ae to remote] DEBUG org.asynchttpclient.netty.request.NettyRequestSender - Using pooled Channel '[id: 0x113df855, L:/127.0.0.1:56577 - R:localhost/127.0.0.1:16878]' for 'GET' to 'http://localhost:16878/session/01417fd2ea260d9748b3ec0807b0c1ae/screenshot'
19:55:08.545 [Forwarding screenshot on session 01417fd2ea260d9748b3ec0807b0c1ae to remote] DEBUG org.asynchttpclient.netty.request.NettyRequestSender - Using open Channel [id: 0x113df855, L:/127.0.0.1:56577 - R:localhost/127.0.0.1:16878] for GET '/session/01417fd2ea260d9748b3ec0807b0c1ae/screenshot'
19:55:08.609 [AsyncHttpClient-1-1] DEBUG org.asynchttpclient.netty.channel.DefaultChannelPool - Entry count for : http://localhost:56578 : 1
19:55:08.688 [AsyncHttpClient-1-29] DEBUG org.asynchttpclient.netty.handler.HttpHandler - 

Request DefaultFullHttpRequest(decodeResult: success, version: HTTP/1.1, content: EmptyByteBufBE)
GET /session/01417fd2ea260d9748b3ec0807b0c1ae/screenshot HTTP/1.1
User-Agent: selenium/4.8.1 (java windows)
Cache-Control: no-cache
Content-Type: application/json; charset=utf-8
host: localhost:16878
accept: */*

Response DefaultHttpResponse(decodeResult: success, version: HTTP/1.1)
HTTP/1.1 200 OK
Content-Length: 60068
Content-Type: application/json; charset=utf-8
cache-control: no-cache

19:55:08.689 [AsyncHttpClient-1-29] DEBUG org.asynchttpclient.netty.channel.ChannelManager - Adding key: http://localhost:16878 for channel [id: 0x113df855, L:/127.0.0.1:56577 - R:localhost/127.0.0.1:16878]
19:55:08.690 [main] DEBUG net.serenitybdd.core.photography.Darkroom - Send negative for processing for target\site\serenity\c1fd5b32d9533e7ed132f39fa68b0a2b2abc60518c13100a8c678fe5fe1f4850.png
19:55:08.691 [main] DEBUG net.thucydides.core.steps.StepInterceptor - STEP DONE: pressRemove
  &amp#27;[32mAnd &amp#27;[0m&amp#27;[32mI press remove button for product &amp#27;[0m&amp#27;[32m&amp#27;[1m"sauce-labs-backpack"&amp#27;[0m           &amp#27;[90m# starter.stepDefinitions.CartSteps.pressRemove(java.lang.String)&amp#27;[0m
19:55:08.699 [Forwarding getPageSource on session 01417fd2ea260d9748b3ec0807b0c1ae to remote] DEBUG org.asynchttpclient.netty.request.NettyRequestSender - Using pooled Channel '[id: 0x113df855, L:/127.0.0.1:56577 - R:localhost/127.0.0.1:16878]' for 'POST' to 'http://localhost:16878/session/01417fd2ea260d9748b3ec0807b0c1ae/execute/sync'
19:55:08.699 [Forwarding getPageSource on session 01417fd2ea260d9748b3ec0807b0c1ae to remote] DEBUG org.asynchttpclient.netty.request.NettyRequestSender - Using open Channel [id: 0x113df855, L:/127.0.0.1:56577 - R:localhost/127.0.0.1:16878] for POST '/session/01417fd2ea260d9748b3ec0807b0c1ae/execute/sync'
19:55:08.703 [AsyncHttpClient-1-29] DEBUG org.asynchttpclient.netty.handler.HttpHandler - 

Request DefaultHttpRequest(decodeResult: success, version: HTTP/1.1)
POST /session/01417fd2ea260d9748b3ec0807b0c1ae/execute/sync HTTP/1.1
User-Agent: selenium/4.8.1 (java windows)
Content-Length: 176
Content-Type: application/json; charset=utf-8
host: localhost:16878
accept: */*

Response DefaultHttpResponse(decodeResult: success, version: HTTP/1.1)
HTTP/1.1 200 OK
Content-Length: 11844
Content-Type: application/json; charset=utf-8
cache-control: no-cache

19:55:08.703 [AsyncHttpClient-1-29] DEBUG org.asynchttpclient.netty.channel.ChannelManager - Adding key: http://localhost:16878 for channel [id: 0x113df855, L:/127.0.0.1:56577 - R:localhost/127.0.0.1:16878]
19:55:08.704 [Forwarding getCurrentUrl on session 01417fd2ea260d9748b3ec0807b0c1ae to remote] DEBUG org.asynchttpclient.netty.request.NettyRequestSender - Using pooled Channel '[id: 0x113df855, L:/127.0.0.1:56577 - R:localhost/127.0.0.1:16878]' for 'GET' to 'http://localhost:16878/session/01417fd2ea260d9748b3ec0807b0c1ae/url'
19:55:08.704 [Forwarding getCurrentUrl on session 01417fd2ea260d9748b3ec0807b0c1ae to remote] DEBUG org.asynchttpclient.netty.request.NettyRequestSender - Using open Channel [id: 0x113df855, L:/127.0.0.1:56577 - R:localhost/127.0.0.1:16878] for GET '/session/01417fd2ea260d9748b3ec0807b0c1ae/url'
19:55:08.707 [AsyncHttpClient-1-29] DEBUG org.asynchttpclient.netty.handler.HttpHandler - 

Request DefaultFullHttpRequest(decodeResult: success, version: HTTP/1.1, content: EmptyByteBufBE)
GET /session/01417fd2ea260d9748b3ec0807b0c1ae/url HTTP/1.1
User-Agent: selenium/4.8.1 (java windows)
Cache-Control: no-cache
Content-Type: application/json; charset=utf-8
host: localhost:16878
accept: */*

Response DefaultHttpResponse(decodeResult: success, version: HTTP/1.1)
HTTP/1.1 200 OK
Content-Length: 47
Content-Type: application/json; charset=utf-8
cache-control: no-cache

19:55:08.707 [AsyncHttpClient-1-29] DEBUG org.asynchttpclient.netty.channel.ChannelManager - Adding key: http://localhost:16878 for channel [id: 0x113df855, L:/127.0.0.1:56577 - R:localhost/127.0.0.1:16878]
19:55:08.717 [Forwarding getPageSource on session 01417fd2ea260d9748b3ec0807b0c1ae to remote] DEBUG org.asynchttpclient.netty.request.NettyRequestSender - Using pooled Channel '[id: 0x113df855, L:/127.0.0.1:56577 - R:localhost/127.0.0.1:16878]' for 'POST' to 'http://localhost:16878/session/01417fd2ea260d9748b3ec0807b0c1ae/execute/sync'
19:55:08.717 [Forwarding getPageSource on session 01417fd2ea260d9748b3ec0807b0c1ae to remote] DEBUG org.asynchttpclient.netty.request.NettyRequestSender - Using open Channel [id: 0x113df855, L:/127.0.0.1:56577 - R:localhost/127.0.0.1:16878] for POST '/session/01417fd2ea260d9748b3ec0807b0c1ae/execute/sync'
19:55:08.721 [AsyncHttpClient-1-29] DEBUG org.asynchttpclient.netty.handler.HttpHandler - 

Request DefaultHttpRequest(decodeResult: success, version: HTTP/1.1)
POST /session/01417fd2ea260d9748b3ec0807b0c1ae/execute/sync HTTP/1.1
User-Agent: selenium/4.8.1 (java windows)
Content-Length: 176
Content-Type: application/json; charset=utf-8
host: localhost:16878
accept: */*

Response DefaultHttpResponse(decodeResult: success, version: HTTP/1.1)
HTTP/1.1 200 OK
Content-Length: 11844
Content-Type: application/json; charset=utf-8
cache-control: no-cache

19:55:08.721 [AsyncHttpClient-1-29] DEBUG org.asynchttpclient.netty.channel.ChannelManager - Adding key: http://localhost:16878 for channel [id: 0x113df855, L:/127.0.0.1:56577 - R:localhost/127.0.0.1:16878]
19:55:08.722 [Forwarding getCurrentUrl on session 01417fd2ea260d9748b3ec0807b0c1ae to remote] DEBUG org.asynchttpclient.netty.request.NettyRequestSender - Using pooled Channel '[id: 0x113df855, L:/127.0.0.1:56577 - R:localhost/127.0.0.1:16878]' for 'GET' to 'http://localhost:16878/session/01417fd2ea260d9748b3ec0807b0c1ae/url'
19:55:08.722 [Forwarding getCurrentUrl on session 01417fd2ea260d9748b3ec0807b0c1ae to remote] DEBUG org.asynchttpclient.netty.request.NettyRequestSender - Using open Channel [id: 0x113df855, L:/127.0.0.1:56577 - R:localhost/127.0.0.1:16878] for GET '/session/01417fd2ea260d9748b3ec0807b0c1ae/url'
19:55:08.725 [AsyncHttpClient-1-29] DEBUG org.asynchttpclient.netty.handler.HttpHandler - 

Request DefaultFullHttpRequest(decodeResult: success, version: HTTP/1.1, content: EmptyByteBufBE)
GET /session/01417fd2ea260d9748b3ec0807b0c1ae/url HTTP/1.1
User-Agent: selenium/4.8.1 (java windows)
Cache-Control: no-cache
Content-Type: application/json; charset=utf-8
host: localhost:16878
accept: */*

Response DefaultHttpResponse(decodeResult: success, version: HTTP/1.1)
HTTP/1.1 200 OK
Content-Length: 47
Content-Type: application/json; charset=utf-8
cache-control: no-cache

19:55:08.725 [AsyncHttpClient-1-29] DEBUG org.asynchttpclient.netty.channel.ChannelManager - Adding key: http://localhost:16878 for channel [id: 0x113df855, L:/127.0.0.1:56577 - R:localhost/127.0.0.1:16878]
19:55:08.728 [main] DEBUG net.thucydides.core.steps.StepInterceptor - STARTING STEP: CartSteps.checkNotExist - checkNotExist
19:55:08.730 [Forwarding findElement on session 01417fd2ea260d9748b3ec0807b0c1ae to remote] DEBUG org.asynchttpclient.netty.request.NettyRequestSender - Using pooled Channel '[id: 0x113df855, L:/127.0.0.1:56577 - R:localhost/127.0.0.1:16878]' for 'POST' to 'http://localhost:16878/session/01417fd2ea260d9748b3ec0807b0c1ae/element'
19:55:08.730 [Forwarding findElement on session 01417fd2ea260d9748b3ec0807b0c1ae to remote] DEBUG org.asynchttpclient.netty.request.NettyRequestSender - Using open Channel [id: 0x113df855, L:/127.0.0.1:56577 - R:localhost/127.0.0.1:16878] for POST '/session/01417fd2ea260d9748b3ec0807b0c1ae/element'
19:55:09.709 [AsyncHttpClient-1-1] DEBUG org.asynchttpclient.netty.channel.DefaultChannelPool - Entry count for : http://localhost:56578 : 1
19:55:10.743 [AsyncHttpClient-1-29] DEBUG org.asynchttpclient.netty.handler.HttpHandler - 

Request DefaultHttpRequest(decodeResult: success, version: HTTP/1.1)
POST /session/01417fd2ea260d9748b3ec0807b0c1ae/element HTTP/1.1
User-Agent: selenium/4.8.1 (java windows)
Content-Length: 64
Content-Type: application/json; charset=utf-8
host: localhost:16878
accept: */*

Response DefaultHttpResponse(decodeResult: success, version: HTTP/1.1)
HTTP/1.1 404 Not Found
Content-Length: 943
Content-Type: application/json; charset=utf-8
cache-control: no-cache

19:55:10.743 [AsyncHttpClient-1-29] DEBUG org.asynchttpclient.netty.channel.ChannelManager - Adding key: http://localhost:16878 for channel [id: 0x113df855, L:/127.0.0.1:56577 - R:localhost/127.0.0.1:16878]
19:55:10.748 [Forwarding getAlertText on session 01417fd2ea260d9748b3ec0807b0c1ae to remote] DEBUG org.asynchttpclient.netty.request.NettyRequestSender - Using pooled Channel '[id: 0x113df855, L:/127.0.0.1:56577 - R:localhost/127.0.0.1:16878]' for 'GET' to 'http://localhost:16878/session/01417fd2ea260d9748b3ec0807b0c1ae/alert/text'
19:55:10.748 [Forwarding getAlertText on session 01417fd2ea260d9748b3ec0807b0c1ae to remote] DEBUG org.asynchttpclient.netty.request.NettyRequestSender - Using open Channel [id: 0x113df855, L:/127.0.0.1:56577 - R:localhost/127.0.0.1:16878] for GET '/session/01417fd2ea260d9748b3ec0807b0c1ae/alert/text'
19:55:10.749 [AsyncHttpClient-1-29] DEBUG org.asynchttpclient.netty.handler.HttpHandler - 

Request DefaultFullHttpRequest(decodeResult: success, version: HTTP/1.1, content: EmptyByteBufBE)
GET /session/01417fd2ea260d9748b3ec0807b0c1ae/alert/text HTTP/1.1
User-Agent: selenium/4.8.1 (java windows)
Cache-Control: no-cache
Content-Type: application/json; charset=utf-8
host: localhost:16878
accept: */*

Response DefaultHttpResponse(decodeResult: success, version: HTTP/1.1)
HTTP/1.1 404 Not Found
Content-Length: 816
Content-Type: application/json; charset=utf-8
cache-control: no-cache

19:55:10.749 [AsyncHttpClient-1-29] DEBUG org.asynchttpclient.netty.channel.ChannelManager - Adding key: http://localhost:16878 for channel [id: 0x113df855, L:/127.0.0.1:56577 - R:localhost/127.0.0.1:16878]
19:55:10.750 [Forwarding getCurrentUrl on session 01417fd2ea260d9748b3ec0807b0c1ae to remote] DEBUG org.asynchttpclient.netty.request.NettyRequestSender - Using pooled Channel '[id: 0x113df855, L:/127.0.0.1:56577 - R:localhost/127.0.0.1:16878]' for 'GET' to 'http://localhost:16878/session/01417fd2ea260d9748b3ec0807b0c1ae/url'
19:55:10.750 [Forwarding getCurrentUrl on session 01417fd2ea260d9748b3ec0807b0c1ae to remote] DEBUG org.asynchttpclient.netty.request.NettyRequestSender - Using open Channel [id: 0x113df855, L:/127.0.0.1:56577 - R:localhost/127.0.0.1:16878] for GET '/session/01417fd2ea260d9748b3ec0807b0c1ae/url'
19:55:10.752 [AsyncHttpClient-1-29] DEBUG org.asynchttpclient.netty.handler.HttpHandler - 

Request DefaultFullHttpRequest(decodeResult: success, version: HTTP/1.1, content: EmptyByteBufBE)
GET /session/01417fd2ea260d9748b3ec0807b0c1ae/url HTTP/1.1
User-Agent: selenium/4.8.1 (java windows)
Cache-Control: no-cache
Content-Type: application/json; charset=utf-8
host: localhost:16878
accept: */*

Response DefaultHttpResponse(decodeResult: success, version: HTTP/1.1)
HTTP/1.1 200 OK
Content-Length: 47
Content-Type: application/json; charset=utf-8
cache-control: no-cache

19:55:10.752 [AsyncHttpClient-1-29] DEBUG org.asynchttpclient.netty.channel.ChannelManager - Adding key: http://localhost:16878 for channel [id: 0x113df855, L:/127.0.0.1:56577 - R:localhost/127.0.0.1:16878]
19:55:10.752 [Forwarding screenshot on session 01417fd2ea260d9748b3ec0807b0c1ae to remote] DEBUG org.asynchttpclient.netty.request.NettyRequestSender - Using pooled Channel '[id: 0x113df855, L:/127.0.0.1:56577 - R:localhost/127.0.0.1:16878]' for 'GET' to 'http://localhost:16878/session/01417fd2ea260d9748b3ec0807b0c1ae/screenshot'
19:55:10.752 [Forwarding screenshot on session 01417fd2ea260d9748b3ec0807b0c1ae to remote] DEBUG org.asynchttpclient.netty.request.NettyRequestSender - Using open Channel [id: 0x113df855, L:/127.0.0.1:56577 - R:localhost/127.0.0.1:16878] for GET '/session/01417fd2ea260d9748b3ec0807b0c1ae/screenshot'
19:55:10.818 [AsyncHttpClient-1-1] DEBUG org.asynchttpclient.netty.channel.DefaultChannelPool - Entry count for : http://localhost:56578 : 1
19:55:10.866 [AsyncHttpClient-1-29] DEBUG org.asynchttpclient.netty.handler.HttpHandler - 

Request DefaultFullHttpRequest(decodeResult: success, version: HTTP/1.1, content: EmptyByteBufBE)
GET /session/01417fd2ea260d9748b3ec0807b0c1ae/screenshot HTTP/1.1
User-Agent: selenium/4.8.1 (java windows)
Cache-Control: no-cache
Content-Type: application/json; charset=utf-8
host: localhost:16878
accept: */*

Response DefaultHttpResponse(decodeResult: success, version: HTTP/1.1)
HTTP/1.1 200 OK
Content-Length: 60068
Content-Type: application/json; charset=utf-8
cache-control: no-cache

19:55:10.866 [AsyncHttpClient-1-29] DEBUG org.asynchttpclient.netty.channel.ChannelManager - Adding key: http://localhost:16878 for channel [id: 0x113df855, L:/127.0.0.1:56577 - R:localhost/127.0.0.1:16878]
19:55:10.868 [main] DEBUG net.serenitybdd.core.photography.Darkroom - Send negative for processing for target\site\serenity\c1fd5b32d9533e7ed132f39fa68b0a2b2abc60518c13100a8c678fe5fe1f4850.png
19:55:10.868 [main] DEBUG net.thucydides.core.steps.StepInterceptor - STEP DONE: checkNotExist
  &amp#27;[32mThen &amp#27;[0m&amp#27;[32mI will no longer see the &amp#27;[0m&amp#27;[32m&amp#27;[1m"Sauce Labs Backpack"&amp#27;[0m&amp#27;[32m on the cart list&amp#27;[0m  &amp#27;[90m# starter.stepDefinitions.CartSteps.checkNotExist(java.lang.String)&amp#27;[0m
19:55:10.876 [AsyncHttpClient-1-31] DEBUG org.asynchttpclient.netty.handler.WebSocketHandler - Channel Closed: [id: 0x8ab74a07, L:/127.0.0.1:56585 ! R:localhost/127.0.0.1:56578] with attribute NettyResponseFuture{currentRetry=0,
	isDone=1,
	isCancelled=0,
	asyncHandler=org.asynchttpclient.ws.WebSocketUpgradeHandler@2572994d,
	nettyRequest=org.asynchttpclient.netty.request.NettyRequest@60700387,
	future=java.util.concurrent.CompletableFuture@18131eae[Completed normally],
	uri=ws://localhost:56578/devtools/browser/577aeb9e-0d22-417a-ad1d-a12e3ec950c8,
	keepAlive=true,
	redirectCount=0,
	timeoutsHolder=null,
	inAuth=0,
	touch=1680612906352}
19:55:10.876 [AsyncHttpClient-1-31] DEBUG org.asynchttpclient.netty.channel.ChannelManager - Closing Channel [id: 0x8ab74a07, L:/127.0.0.1:56585 ! R:localhost/127.0.0.1:56578] 
19:55:10.876 [Driver Command Executor] DEBUG org.asynchttpclient.netty.request.NettyRequestSender - Using pooled Channel '[id: 0x113df855, L:/127.0.0.1:56577 - R:localhost/127.0.0.1:16878]' for 'DELETE' to 'http://localhost:16878/session/01417fd2ea260d9748b3ec0807b0c1ae'
19:55:10.876 [Driver Command Executor] DEBUG org.asynchttpclient.netty.request.NettyRequestSender - Using open Channel [id: 0x113df855, L:/127.0.0.1:56577 - R:localhost/127.0.0.1:16878] for DELETE '/session/01417fd2ea260d9748b3ec0807b0c1ae'
19:55:10.923 [AsyncHttpClient-1-30] DEBUG org.asynchttpclient.netty.handler.HttpHandler - Unexpected I/O exception on channel [id: 0x106a2fe8, L:/127.0.0.1:56584 - R:localhost/127.0.0.1:56578]
java.net.SocketException: Connection reset
	at java.base/sun.nio.ch.SocketChannelImpl.throwConnectionReset(SocketChannelImpl.java:401)
	at java.base/sun.nio.ch.SocketChannelImpl.read(SocketChannelImpl.java:434)
	at io.netty.buffer.PooledByteBuf.setBytes(PooledByteBuf.java:259)
	at io.netty.buffer.AbstractByteBuf.writeBytes(AbstractByteBuf.java:1132)
	at io.netty.channel.socket.nio.NioSocketChannel.doReadBytes(NioSocketChannel.java:357)
	at io.netty.channel.nio.AbstractNioByteChannel$NioByteUnsafe.read(AbstractNioByteChannel.java:151)
	at io.netty.channel.nio.NioEventLoop.processSelectedKey(NioEventLoop.java:788)
	at io.netty.channel.nio.NioEventLoop.processSelectedKeysOptimized(NioEventLoop.java:724)
	at io.netty.channel.nio.NioEventLoop.processSelectedKeys(NioEventLoop.java:650)
	at io.netty.channel.nio.NioEventLoop.run(NioEventLoop.java:562)
	at io.netty.util.concurrent.SingleThreadEventExecutor$4.run(SingleThreadEventExecutor.java:997)
	at io.netty.util.internal.ThreadExecutorMap$2.run(ThreadExecutorMap.java:74)
	at io.netty.util.concurrent.FastThreadLocalRunnable.run(FastThreadLocalRunnable.java:30)
	at java.base/java.lang.Thread.run(Thread.java:1589)
19:55:10.923 [AsyncHttpClient-1-30] DEBUG org.asynchttpclient.netty.channel.ChannelManager - Closing Channel [id: 0x106a2fe8, L:/127.0.0.1:56584 - R:localhost/127.0.0.1:56578] 
19:55:10.924 [AsyncHttpClient-1-30] DEBUG org.asynchttpclient.netty.handler.HttpHandler - Channel Closed: [id: 0x106a2fe8, L:/127.0.0.1:56584 ! R:localhost/127.0.0.1:56578] with attribute DISCARD
19:55:10.946 [AsyncHttpClient-1-29] DEBUG org.asynchttpclient.netty.handler.HttpHandler - 

Request DefaultFullHttpRequest(decodeResult: success, version: HTTP/1.1, content: EmptyByteBufBE)
DELETE /session/01417fd2ea260d9748b3ec0807b0c1ae HTTP/1.1
User-Agent: selenium/4.8.1 (java windows)
Content-Type: application/json; charset=utf-8
host: localhost:16878
accept: */*

Response DefaultHttpResponse(decodeResult: success, version: HTTP/1.1)
HTTP/1.1 200 OK
Content-Length: 14
Content-Type: application/json; charset=utf-8
cache-control: no-cache

19:55:10.946 [AsyncHttpClient-1-29] DEBUG org.asynchttpclient.netty.channel.ChannelManager - Adding key: http://localhost:16878 for channel [id: 0x113df855, L:/127.0.0.1:56577 - R:localhost/127.0.0.1:16878]
19:55:11.015 [AsyncHttpClient-1-29] DEBUG org.asynchttpclient.netty.handler.HttpHandler - Channel Closed: [id: 0x113df855, L:/127.0.0.1:56577 ! R:localhost/127.0.0.1:16878] with attribute DISCARD
19:55:11.104 [main] INFO  - 
  _____   ___   ___   _____     ___     _     ___   ___   ___   ___  
 |_   _| | __| / __| |_   _|   | _ \   /_\   / __| / __| | __| |   \ 
   | |   | _|  \__ \   | |     |  _/  / _ \  \__ \ \__ \ | _|  | |) |
   |_|   |___| |___/   |_|     |_|   /_/ \_\ |___/ |___/ |___| |___/ 

As user i want to be able to remove product from cart
----------------------------------------------------------------------
]]></system-out>
    <system-err><![CDATA[Starting ChromeDriver 111.0.5563.64 (c710e93d5b63b7095afe8c2c17df34408078439d-refs/branch-heads/5563@{#995}) on port 16878
Only local connections are allowed.
Please see https://chromedriver.chromium.org/security-considerations for suggestions on keeping ChromeDriver safe.
ChromeDriver was started successfully.
Apr 04, 2023 7:55:06 PM org.openqa.selenium.devtools.CdpVersionFinder findNearestMatch
WARNING: Unable to find an exact match for CDP version 111, so returning the closest version found: 110
]]></system-err>
  </testcase>
  <testcase name="As user i want to be able to see product detail #1" classname="product detail" time="10.245">
    <system-out><![CDATA[19:55:11.105 [main] DEBUG io.cucumber.core.plugin.SerenityReporter - Running feature from file:///C:/Users/TrisetioPutra/Documents/serenity_sauce/serenity-sauce-demo/src/test/resources/features/ProductDetail.feature
19:55:11.107 [main] DEBUG net.thucydides.core.steps.StepEventBus - Test suite started for story net.thucydides.core.model.Story@af5e1ff9
19:55:11.108 [main] INFO  - Test Suite Started: product detail

@ProductDetail
Scenario Outline: As user i want to be able to see product detail &amp#27;[90m# src/test/resources/features/ProductDetail.feature:14&amp#27;[0m
19:55:11.113 [main] DEBUG io.cucumber.core.plugin.SerenityReporter - Running feature from file:///C:/Users/TrisetioPutra/Documents/serenity_sauce/serenity-sauce-demo/src/test/resources/features/ProductDetail.feature
19:55:11.116 [main] INFO  - 
  _____   ___   ___   _____     ___   _____     _     ___   _____   ___   ___  
 |_   _| | __| / __| |_   _|   / __| |_   _|   /_\   | _ \ |_   _| | __| |   \ 
   | |   | _|  \__ \   | |     \__ \   | |    / _ \  |   /   | |   | _|  | |) |
   |_|   |___| |___/   |_|     |___/   |_|   /_/ \_\ |_|_\   |_|   |___| |___/ 

As user i want to be able to see product detail(product-detail;as-user-i-want-to-be-able-to-see-product-detail)
--------------------------------------------------------------------------------
19:55:11.179 [main] INFO net.serenitybdd.core.webdriver.driverproviders.ChromeDriverProvider - Starting Chrome driver instance with capabilities:
19:55:11.179 [main] INFO net.serenitybdd.core.webdriver.driverproviders.ChromeDriverProvider - Capabilities {acceptInsecureCerts: true, browserName: chrome, goog:chromeOptions: {args: [remote-allow-origins=*, test-type, no-sandbox, ignore-certificate-errors, --window-size=1000,800, incognito, disable-infobars, disable-gpu, disable-default-apps, disable-popup-blocking, remote-allow-origins=*, test-type, no-sandbox, ignore-certificate-errors, --window-size=1000,800, incognito, disable-infobars, disable-gpu, disable-default-apps, disable-popup-blocking, remote-allow-origins=*], extensions: []}}
19:55:11.278 [AsyncHttpClient-1-32] DEBUG org.asynchttpclient.netty.channel.NettyConnectListener - Using new Channel '[id: 0x0d8470ce, L:/127.0.0.1:56603 - R:localhost/127.0.0.1:35441]' for 'POST' to '/session'
19:55:11.894 [AsyncHttpClient-1-32] DEBUG org.asynchttpclient.netty.handler.HttpHandler - 

Request DefaultHttpRequest(decodeResult: success, version: HTTP/1.1)
POST /session HTTP/1.1
User-Agent: selenium/4.8.1 (java windows)
Content-Length: 1729
Content-Type: application/json; charset=utf-8
host: localhost:35441
accept: */*

Response DefaultHttpResponse(decodeResult: success, version: HTTP/1.1)
HTTP/1.1 200 OK
Content-Length: 862
Content-Type: application/json; charset=utf-8
cache-control: no-cache

19:55:11.894 [AsyncHttpClient-1-32] DEBUG org.asynchttpclient.netty.channel.ChannelManager - Adding key: http://localhost:35441 for channel [id: 0x0d8470ce, L:/127.0.0.1:56603 - R:localhost/127.0.0.1:35441]
19:55:11.903 [AsyncHttpClient-1-33] DEBUG org.asynchttpclient.netty.channel.NettyConnectListener - Using new Channel '[id: 0xa90e8092, L:/127.0.0.1:56611 - R:localhost/127.0.0.1:56605]' for 'GET' to '/json/version'
19:55:11.907 [AsyncHttpClient-1-33] DEBUG org.asynchttpclient.netty.handler.HttpHandler - 

Request DefaultFullHttpRequest(decodeResult: success, version: HTTP/1.1, content: EmptyByteBufBE)
GET /json/version HTTP/1.1
User-Agent: selenium/4.8.1 (java windows)
host: localhost:56605
accept: */*

Response DefaultHttpResponse(decodeResult: success, version: HTTP/1.1)
HTTP/1.1 200 OK
Content-Security-Policy: frame-ancestors 'none'
Content-Length: 424
Content-Type: application/json; charset=UTF-8

19:55:11.907 [AsyncHttpClient-1-33] DEBUG org.asynchttpclient.netty.channel.ChannelManager - Adding key: http://localhost:56605 for channel [id: 0xa90e8092, L:/127.0.0.1:56611 - R:localhost/127.0.0.1:56605]
19:55:11.910 [AsyncHttpClient-1-2] DEBUG org.asynchttpclient.netty.channel.NettyConnectListener - Using new Channel '[id: 0x87eb9be5, L:/127.0.0.1:56612 - R:localhost/127.0.0.1:56605]' for 'GET' to '/devtools/browser/fba68956-3d01-4fe2-8ae8-a8f6ec248a8f'
19:55:11.910 [AsyncHttpClient-1-2] DEBUG org.asynchttpclient.netty.handler.WebSocketHandler - 

Request DefaultFullHttpRequest(decodeResult: success, version: HTTP/1.1, content: EmptyByteBufBE)
GET /devtools/browser/fba68956-3d01-4fe2-8ae8-a8f6ec248a8f HTTP/1.1
upgrade: websocket
connection: upgrade
sec-websocket-key: W0pzxsnXFpP1EOGR+3rrcA==
sec-websocket-version: 13
origin: http://localhost:56605
host: localhost:56605
accept: */*
user-agent: AHC/2.1

Response DefaultHttpResponse(decodeResult: success, version: HTTP/1.1)
HTTP/1.1 101 WebSocket Protocol Handshake
Upgrade: WebSocket
Connection: Upgrade
Sec-WebSocket-Accept: Hv+YXwVO1+TKOAheedrLB55dOdM=

19:55:11.911 [AsyncHttpClient-1-1] DEBUG org.asynchttpclient.netty.channel.DefaultChannelPool - Entry count for : http://localhost:35441 : 1
19:55:11.911 [AsyncHttpClient-1-1] DEBUG org.asynchttpclient.netty.channel.DefaultChannelPool - Entry count for : http://localhost:16878 : 1
19:55:11.911 [AsyncHttpClient-1-1] DEBUG org.asynchttpclient.netty.channel.DefaultChannelPool - Entry count for : http://localhost:56578 : 1
19:55:11.911 [AsyncHttpClient-1-1] DEBUG org.asynchttpclient.netty.channel.DefaultChannelPool - Entry count for : http://localhost:56605 : 1
19:55:11.911 [AsyncHttpClient-1-1] DEBUG org.asynchttpclient.netty.channel.DefaultChannelPool - Adding Candidate expired Channel [id: 0x113df855, L:/127.0.0.1:56577 ! R:localhost/127.0.0.1:16878] isIdleTimeoutExpired=false isRemotelyClosed=true isTtlExpired=false
19:55:11.911 [AsyncHttpClient-1-1] DEBUG org.asynchttpclient.netty.channel.DefaultChannelPool - Closing Idle Channel [id: 0x113df855, L:/127.0.0.1:56577 ! R:localhost/127.0.0.1:16878]
19:55:11.911 [AsyncHttpClient-1-1] DEBUG org.asynchttpclient.netty.channel.DefaultChannelPool - Adding Candidate expired Channel [id: 0x106a2fe8, L:/127.0.0.1:56584 ! R:localhost/127.0.0.1:56578] isIdleTimeoutExpired=false isRemotelyClosed=true isTtlExpired=false
19:55:11.911 [AsyncHttpClient-1-1] DEBUG org.asynchttpclient.netty.channel.DefaultChannelPool - Closing Idle Channel [id: 0x106a2fe8, L:/127.0.0.1:56584 ! R:localhost/127.0.0.1:56578]
19:55:11.911 [AsyncHttpClient-1-1] DEBUG org.asynchttpclient.netty.channel.DefaultChannelPool - Closed 2 connections out of 4 in 0 ms
19:55:11.914 [Forwarding get on session 8b449b00f2ee6ec471ba365483ca0190 to remote] DEBUG org.asynchttpclient.netty.request.NettyRequestSender - Using pooled Channel '[id: 0x0d8470ce, L:/127.0.0.1:56603 - R:localhost/127.0.0.1:35441]' for 'POST' to 'http://localhost:35441/session/8b449b00f2ee6ec471ba365483ca0190/url'
19:55:11.915 [Forwarding get on session 8b449b00f2ee6ec471ba365483ca0190 to remote] DEBUG org.asynchttpclient.netty.request.NettyRequestSender - Using open Channel [id: 0x0d8470ce, L:/127.0.0.1:56603 - R:localhost/127.0.0.1:35441] for POST '/session/8b449b00f2ee6ec471ba365483ca0190/url'
19:55:12.511 [AsyncHttpClient-1-32] DEBUG org.asynchttpclient.netty.handler.HttpHandler - 

Request DefaultHttpRequest(decodeResult: success, version: HTTP/1.1)
POST /session/8b449b00f2ee6ec471ba365483ca0190/url HTTP/1.1
User-Agent: selenium/4.8.1 (java windows)
Content-Length: 56
Content-Type: application/json; charset=utf-8
host: localhost:35441
accept: */*

Response DefaultHttpResponse(decodeResult: success, version: HTTP/1.1)
HTTP/1.1 200 OK
Content-Length: 14
Content-Type: application/json; charset=utf-8
cache-control: no-cache

19:55:12.511 [AsyncHttpClient-1-32] DEBUG org.asynchttpclient.netty.channel.ChannelManager - Adding key: http://localhost:35441 for channel [id: 0x0d8470ce, L:/127.0.0.1:56603 - R:localhost/127.0.0.1:35441]
19:55:12.512 [Forwarding setTimeout on session 8b449b00f2ee6ec471ba365483ca0190 to remote] DEBUG org.asynchttpclient.netty.request.NettyRequestSender - Using pooled Channel '[id: 0x0d8470ce, L:/127.0.0.1:56603 - R:localhost/127.0.0.1:35441]' for 'POST' to 'http://localhost:35441/session/8b449b00f2ee6ec471ba365483ca0190/timeouts'
19:55:12.512 [Forwarding setTimeout on session 8b449b00f2ee6ec471ba365483ca0190 to remote] DEBUG org.asynchttpclient.netty.request.NettyRequestSender - Using open Channel [id: 0x0d8470ce, L:/127.0.0.1:56603 - R:localhost/127.0.0.1:35441] for POST '/session/8b449b00f2ee6ec471ba365483ca0190/timeouts'
19:55:12.513 [AsyncHttpClient-1-32] DEBUG org.asynchttpclient.netty.handler.HttpHandler - 

Request DefaultHttpRequest(decodeResult: success, version: HTTP/1.1)
POST /session/8b449b00f2ee6ec471ba365483ca0190/timeouts HTTP/1.1
User-Agent: selenium/4.8.1 (java windows)
Content-Length: 22
Content-Type: application/json; charset=utf-8
host: localhost:35441
accept: */*

Response DefaultHttpResponse(decodeResult: success, version: HTTP/1.1)
HTTP/1.1 200 OK
Content-Length: 14
Content-Type: application/json; charset=utf-8
cache-control: no-cache

19:55:12.513 [AsyncHttpClient-1-32] DEBUG org.asynchttpclient.netty.channel.ChannelManager - Adding key: http://localhost:35441 for channel [id: 0x0d8470ce, L:/127.0.0.1:56603 - R:localhost/127.0.0.1:35441]
19:55:12.524 [main] DEBUG net.serenitybdd.core.photography.Darkroom - Opening darkroom
19:55:12.525 [Darkroom Processing Line] DEBUG net.serenitybdd.core.photography.DarkroomProcessingLine - Darkroom processing line starting up
19:55:12.526 [Forwarding getAlertText on session 8b449b00f2ee6ec471ba365483ca0190 to remote] DEBUG org.asynchttpclient.netty.request.NettyRequestSender - Using pooled Channel '[id: 0x0d8470ce, L:/127.0.0.1:56603 - R:localhost/127.0.0.1:35441]' for 'GET' to 'http://localhost:35441/session/8b449b00f2ee6ec471ba365483ca0190/alert/text'
19:55:12.526 [Forwarding getAlertText on session 8b449b00f2ee6ec471ba365483ca0190 to remote] DEBUG org.asynchttpclient.netty.request.NettyRequestSender - Using open Channel [id: 0x0d8470ce, L:/127.0.0.1:56603 - R:localhost/127.0.0.1:35441] for GET '/session/8b449b00f2ee6ec471ba365483ca0190/alert/text'
19:55:12.527 [AsyncHttpClient-1-32] DEBUG org.asynchttpclient.netty.handler.HttpHandler - 

Request DefaultFullHttpRequest(decodeResult: success, version: HTTP/1.1, content: EmptyByteBufBE)
GET /session/8b449b00f2ee6ec471ba365483ca0190/alert/text HTTP/1.1
User-Agent: selenium/4.8.1 (java windows)
Cache-Control: no-cache
Content-Type: application/json; charset=utf-8
host: localhost:35441
accept: */*

Response DefaultHttpResponse(decodeResult: success, version: HTTP/1.1)
HTTP/1.1 404 Not Found
Content-Length: 816
Content-Type: application/json; charset=utf-8
cache-control: no-cache

19:55:12.527 [AsyncHttpClient-1-32] DEBUG org.asynchttpclient.netty.channel.ChannelManager - Adding key: http://localhost:35441 for channel [id: 0x0d8470ce, L:/127.0.0.1:56603 - R:localhost/127.0.0.1:35441]
19:55:12.528 [Forwarding getCurrentUrl on session 8b449b00f2ee6ec471ba365483ca0190 to remote] DEBUG org.asynchttpclient.netty.request.NettyRequestSender - Using pooled Channel '[id: 0x0d8470ce, L:/127.0.0.1:56603 - R:localhost/127.0.0.1:35441]' for 'GET' to 'http://localhost:35441/session/8b449b00f2ee6ec471ba365483ca0190/url'
19:55:12.528 [Forwarding getCurrentUrl on session 8b449b00f2ee6ec471ba365483ca0190 to remote] DEBUG org.asynchttpclient.netty.request.NettyRequestSender - Using open Channel [id: 0x0d8470ce, L:/127.0.0.1:56603 - R:localhost/127.0.0.1:35441] for GET '/session/8b449b00f2ee6ec471ba365483ca0190/url'
19:55:12.532 [AsyncHttpClient-1-32] DEBUG org.asynchttpclient.netty.handler.HttpHandler - 

Request DefaultFullHttpRequest(decodeResult: success, version: HTTP/1.1, content: EmptyByteBufBE)
GET /session/8b449b00f2ee6ec471ba365483ca0190/url HTTP/1.1
User-Agent: selenium/4.8.1 (java windows)
Cache-Control: no-cache
Content-Type: application/json; charset=utf-8
host: localhost:35441
accept: */*

Response DefaultHttpResponse(decodeResult: success, version: HTTP/1.1)
HTTP/1.1 200 OK
Content-Length: 38
Content-Type: application/json; charset=utf-8
cache-control: no-cache

19:55:12.532 [AsyncHttpClient-1-32] DEBUG org.asynchttpclient.netty.channel.ChannelManager - Adding key: http://localhost:35441 for channel [id: 0x0d8470ce, L:/127.0.0.1:56603 - R:localhost/127.0.0.1:35441]
19:55:12.533 [Forwarding screenshot on session 8b449b00f2ee6ec471ba365483ca0190 to remote] DEBUG org.asynchttpclient.netty.request.NettyRequestSender - Using pooled Channel '[id: 0x0d8470ce, L:/127.0.0.1:56603 - R:localhost/127.0.0.1:35441]' for 'GET' to 'http://localhost:35441/session/8b449b00f2ee6ec471ba365483ca0190/screenshot'
19:55:12.533 [Forwarding screenshot on session 8b449b00f2ee6ec471ba365483ca0190 to remote] DEBUG org.asynchttpclient.netty.request.NettyRequestSender - Using open Channel [id: 0x0d8470ce, L:/127.0.0.1:56603 - R:localhost/127.0.0.1:35441] for GET '/session/8b449b00f2ee6ec471ba365483ca0190/screenshot'
19:55:12.685 [AsyncHttpClient-1-32] DEBUG org.asynchttpclient.netty.handler.HttpHandler - 

Request DefaultFullHttpRequest(decodeResult: success, version: HTTP/1.1, content: EmptyByteBufBE)
GET /session/8b449b00f2ee6ec471ba365483ca0190/screenshot HTTP/1.1
User-Agent: selenium/4.8.1 (java windows)
Cache-Control: no-cache
Content-Type: application/json; charset=utf-8
host: localhost:35441
accept: */*

Response DefaultHttpResponse(decodeResult: success, version: HTTP/1.1)
HTTP/1.1 200 OK
Content-Length: 58480
Content-Type: application/json; charset=utf-8
cache-control: no-cache

19:55:12.685 [AsyncHttpClient-1-32] DEBUG org.asynchttpclient.netty.channel.ChannelManager - Adding key: http://localhost:35441 for channel [id: 0x0d8470ce, L:/127.0.0.1:56603 - R:localhost/127.0.0.1:35441]
19:55:12.687 [main] DEBUG net.serenitybdd.core.photography.Darkroom - Send negative for processing for target\site\serenity\cb92d98072c3b75a83324d609d10345ba9940c54df6d644def90c13c11b006db.png
19:55:12.688 [Forwarding getPageSource on session 8b449b00f2ee6ec471ba365483ca0190 to remote] DEBUG org.asynchttpclient.netty.request.NettyRequestSender - Using pooled Channel '[id: 0x0d8470ce, L:/127.0.0.1:56603 - R:localhost/127.0.0.1:35441]' for 'POST' to 'http://localhost:35441/session/8b449b00f2ee6ec471ba365483ca0190/execute/sync'
19:55:12.688 [Forwarding getPageSource on session 8b449b00f2ee6ec471ba365483ca0190 to remote] DEBUG org.asynchttpclient.netty.request.NettyRequestSender - Using open Channel [id: 0x0d8470ce, L:/127.0.0.1:56603 - R:localhost/127.0.0.1:35441] for POST '/session/8b449b00f2ee6ec471ba365483ca0190/execute/sync'
19:55:12.692 [AsyncHttpClient-1-32] DEBUG org.asynchttpclient.netty.handler.HttpHandler - 

Request DefaultHttpRequest(decodeResult: success, version: HTTP/1.1)
POST /session/8b449b00f2ee6ec471ba365483ca0190/execute/sync HTTP/1.1
User-Agent: selenium/4.8.1 (java windows)
Content-Length: 176
Content-Type: application/json; charset=utf-8
host: localhost:35441
accept: */*

Response DefaultHttpResponse(decodeResult: success, version: HTTP/1.1)
HTTP/1.1 200 OK
Content-Length: 4286
Content-Type: application/json; charset=utf-8
cache-control: no-cache

19:55:12.692 [AsyncHttpClient-1-32] DEBUG org.asynchttpclient.netty.channel.ChannelManager - Adding key: http://localhost:35441 for channel [id: 0x0d8470ce, L:/127.0.0.1:56603 - R:localhost/127.0.0.1:35441]
19:55:12.693 [Forwarding getCurrentUrl on session 8b449b00f2ee6ec471ba365483ca0190 to remote] DEBUG org.asynchttpclient.netty.request.NettyRequestSender - Using pooled Channel '[id: 0x0d8470ce, L:/127.0.0.1:56603 - R:localhost/127.0.0.1:35441]' for 'GET' to 'http://localhost:35441/session/8b449b00f2ee6ec471ba365483ca0190/url'
19:55:12.693 [Forwarding getCurrentUrl on session 8b449b00f2ee6ec471ba365483ca0190 to remote] DEBUG org.asynchttpclient.netty.request.NettyRequestSender - Using open Channel [id: 0x0d8470ce, L:/127.0.0.1:56603 - R:localhost/127.0.0.1:35441] for GET '/session/8b449b00f2ee6ec471ba365483ca0190/url'
19:55:12.696 [AsyncHttpClient-1-32] DEBUG org.asynchttpclient.netty.handler.HttpHandler - 

Request DefaultFullHttpRequest(decodeResult: success, version: HTTP/1.1, content: EmptyByteBufBE)
GET /session/8b449b00f2ee6ec471ba365483ca0190/url HTTP/1.1
User-Agent: selenium/4.8.1 (java windows)
Cache-Control: no-cache
Content-Type: application/json; charset=utf-8
host: localhost:35441
accept: */*

Response DefaultHttpResponse(decodeResult: success, version: HTTP/1.1)
HTTP/1.1 200 OK
Content-Length: 38
Content-Type: application/json; charset=utf-8
cache-control: no-cache

19:55:12.696 [AsyncHttpClient-1-32] DEBUG org.asynchttpclient.netty.channel.ChannelManager - Adding key: http://localhost:35441 for channel [id: 0x0d8470ce, L:/127.0.0.1:56603 - R:localhost/127.0.0.1:35441]
19:55:12.699 [main] DEBUG net.thucydides.core.steps.StepInterceptor - STARTING STEP: CartSteps.loginAsAUser - inputUsername
19:55:12.700 [Forwarding findElement on session 8b449b00f2ee6ec471ba365483ca0190 to remote] DEBUG org.asynchttpclient.netty.request.NettyRequestSender - Using pooled Channel '[id: 0x0d8470ce, L:/127.0.0.1:56603 - R:localhost/127.0.0.1:35441]' for 'POST' to 'http://localhost:35441/session/8b449b00f2ee6ec471ba365483ca0190/element'
19:55:12.700 [Forwarding findElement on session 8b449b00f2ee6ec471ba365483ca0190 to remote] DEBUG org.asynchttpclient.netty.request.NettyRequestSender - Using open Channel [id: 0x0d8470ce, L:/127.0.0.1:56603 - R:localhost/127.0.0.1:35441] for POST '/session/8b449b00f2ee6ec471ba365483ca0190/element'
19:55:12.710 [AsyncHttpClient-1-32] DEBUG org.asynchttpclient.netty.handler.HttpHandler - 

Request DefaultHttpRequest(decodeResult: success, version: HTTP/1.1)
POST /session/8b449b00f2ee6ec471ba365483ca0190/element HTTP/1.1
User-Agent: selenium/4.8.1 (java windows)
Content-Length: 56
Content-Type: application/json; charset=utf-8
host: localhost:35441
accept: */*

Response DefaultHttpResponse(decodeResult: success, version: HTTP/1.1)
HTTP/1.1 200 OK
Content-Length: 88
Content-Type: application/json; charset=utf-8
cache-control: no-cache

19:55:12.710 [AsyncHttpClient-1-32] DEBUG org.asynchttpclient.netty.channel.ChannelManager - Adding key: http://localhost:35441 for channel [id: 0x0d8470ce, L:/127.0.0.1:56603 - R:localhost/127.0.0.1:35441]
19:55:12.711 [Forwarding clearElement on session 8b449b00f2ee6ec471ba365483ca0190 to remote] DEBUG org.asynchttpclient.netty.request.NettyRequestSender - Using pooled Channel '[id: 0x0d8470ce, L:/127.0.0.1:56603 - R:localhost/127.0.0.1:35441]' for 'POST' to 'http://localhost:35441/session/8b449b00f2ee6ec471ba365483ca0190/element/9ed84b71-64f0-4b6f-822d-c4c9006fbc72/clear'
19:55:12.711 [Forwarding clearElement on session 8b449b00f2ee6ec471ba365483ca0190 to remote] DEBUG org.asynchttpclient.netty.request.NettyRequestSender - Using open Channel [id: 0x0d8470ce, L:/127.0.0.1:56603 - R:localhost/127.0.0.1:35441] for POST '/session/8b449b00f2ee6ec471ba365483ca0190/element/9ed84b71-64f0-4b6f-822d-c4c9006fbc72/clear'
19:55:12.741 [AsyncHttpClient-1-32] DEBUG org.asynchttpclient.netty.handler.HttpHandler - 

Request DefaultHttpRequest(decodeResult: success, version: HTTP/1.1)
POST /session/8b449b00f2ee6ec471ba365483ca0190/element/9ed84b71-64f0-4b6f-822d-c4c9006fbc72/clear HTTP/1.1
User-Agent: selenium/4.8.1 (java windows)
Content-Length: 50
Content-Type: application/json; charset=utf-8
host: localhost:35441
accept: */*

Response DefaultHttpResponse(decodeResult: success, version: HTTP/1.1)
HTTP/1.1 200 OK
Content-Length: 14
Content-Type: application/json; charset=utf-8
cache-control: no-cache

19:55:12.741 [AsyncHttpClient-1-32] DEBUG org.asynchttpclient.netty.channel.ChannelManager - Adding key: http://localhost:35441 for channel [id: 0x0d8470ce, L:/127.0.0.1:56603 - R:localhost/127.0.0.1:35441]
19:55:12.742 [Forwarding sendKeysToElement on session 8b449b00f2ee6ec471ba365483ca0190 to remote] DEBUG org.asynchttpclient.netty.request.NettyRequestSender - Using pooled Channel '[id: 0x0d8470ce, L:/127.0.0.1:56603 - R:localhost/127.0.0.1:35441]' for 'POST' to 'http://localhost:35441/session/8b449b00f2ee6ec471ba365483ca0190/element/9ed84b71-64f0-4b6f-822d-c4c9006fbc72/value'
19:55:12.743 [Forwarding sendKeysToElement on session 8b449b00f2ee6ec471ba365483ca0190 to remote] DEBUG org.asynchttpclient.netty.request.NettyRequestSender - Using open Channel [id: 0x0d8470ce, L:/127.0.0.1:56603 - R:localhost/127.0.0.1:35441] for POST '/session/8b449b00f2ee6ec471ba365483ca0190/element/9ed84b71-64f0-4b6f-822d-c4c9006fbc72/value'
19:55:12.801 [AsyncHttpClient-1-32] DEBUG org.asynchttpclient.netty.handler.HttpHandler - 

Request DefaultHttpRequest(decodeResult: success, version: HTTP/1.1)
POST /session/8b449b00f2ee6ec471ba365483ca0190/element/9ed84b71-64f0-4b6f-822d-c4c9006fbc72/value HTTP/1.1
User-Agent: selenium/4.8.1 (java windows)
Content-Length: 211
Content-Type: application/json; charset=utf-8
host: localhost:35441
accept: */*

Response DefaultHttpResponse(decodeResult: success, version: HTTP/1.1)
HTTP/1.1 200 OK
Content-Length: 14
Content-Type: application/json; charset=utf-8
cache-control: no-cache

19:55:12.801 [AsyncHttpClient-1-32] DEBUG org.asynchttpclient.netty.channel.ChannelManager - Adding key: http://localhost:35441 for channel [id: 0x0d8470ce, L:/127.0.0.1:56603 - R:localhost/127.0.0.1:35441]
19:55:12.805 [Forwarding getAlertText on session 8b449b00f2ee6ec471ba365483ca0190 to remote] DEBUG org.asynchttpclient.netty.request.NettyRequestSender - Using pooled Channel '[id: 0x0d8470ce, L:/127.0.0.1:56603 - R:localhost/127.0.0.1:35441]' for 'GET' to 'http://localhost:35441/session/8b449b00f2ee6ec471ba365483ca0190/alert/text'
19:55:12.805 [Forwarding getAlertText on session 8b449b00f2ee6ec471ba365483ca0190 to remote] DEBUG org.asynchttpclient.netty.request.NettyRequestSender - Using open Channel [id: 0x0d8470ce, L:/127.0.0.1:56603 - R:localhost/127.0.0.1:35441] for GET '/session/8b449b00f2ee6ec471ba365483ca0190/alert/text'
19:55:12.807 [AsyncHttpClient-1-32] DEBUG org.asynchttpclient.netty.handler.HttpHandler - 

Request DefaultFullHttpRequest(decodeResult: success, version: HTTP/1.1, content: EmptyByteBufBE)
GET /session/8b449b00f2ee6ec471ba365483ca0190/alert/text HTTP/1.1
User-Agent: selenium/4.8.1 (java windows)
Cache-Control: no-cache
Content-Type: application/json; charset=utf-8
host: localhost:35441
accept: */*

Response DefaultHttpResponse(decodeResult: success, version: HTTP/1.1)
HTTP/1.1 404 Not Found
Content-Length: 816
Content-Type: application/json; charset=utf-8
cache-control: no-cache

19:55:12.807 [AsyncHttpClient-1-32] DEBUG org.asynchttpclient.netty.channel.ChannelManager - Adding key: http://localhost:35441 for channel [id: 0x0d8470ce, L:/127.0.0.1:56603 - R:localhost/127.0.0.1:35441]
19:55:12.808 [Forwarding getCurrentUrl on session 8b449b00f2ee6ec471ba365483ca0190 to remote] DEBUG org.asynchttpclient.netty.request.NettyRequestSender - Using pooled Channel '[id: 0x0d8470ce, L:/127.0.0.1:56603 - R:localhost/127.0.0.1:35441]' for 'GET' to 'http://localhost:35441/session/8b449b00f2ee6ec471ba365483ca0190/url'
19:55:12.808 [Forwarding getCurrentUrl on session 8b449b00f2ee6ec471ba365483ca0190 to remote] DEBUG org.asynchttpclient.netty.request.NettyRequestSender - Using open Channel [id: 0x0d8470ce, L:/127.0.0.1:56603 - R:localhost/127.0.0.1:35441] for GET '/session/8b449b00f2ee6ec471ba365483ca0190/url'
19:55:12.811 [AsyncHttpClient-1-32] DEBUG org.asynchttpclient.netty.handler.HttpHandler - 

Request DefaultFullHttpRequest(decodeResult: success, version: HTTP/1.1, content: EmptyByteBufBE)
GET /session/8b449b00f2ee6ec471ba365483ca0190/url HTTP/1.1
User-Agent: selenium/4.8.1 (java windows)
Cache-Control: no-cache
Content-Type: application/json; charset=utf-8
host: localhost:35441
accept: */*

Response DefaultHttpResponse(decodeResult: success, version: HTTP/1.1)
HTTP/1.1 200 OK
Content-Length: 38
Content-Type: application/json; charset=utf-8
cache-control: no-cache

19:55:12.811 [AsyncHttpClient-1-32] DEBUG org.asynchttpclient.netty.channel.ChannelManager - Adding key: http://localhost:35441 for channel [id: 0x0d8470ce, L:/127.0.0.1:56603 - R:localhost/127.0.0.1:35441]
19:55:12.812 [Forwarding screenshot on session 8b449b00f2ee6ec471ba365483ca0190 to remote] DEBUG org.asynchttpclient.netty.request.NettyRequestSender - Using pooled Channel '[id: 0x0d8470ce, L:/127.0.0.1:56603 - R:localhost/127.0.0.1:35441]' for 'GET' to 'http://localhost:35441/session/8b449b00f2ee6ec471ba365483ca0190/screenshot'
19:55:12.812 [Forwarding screenshot on session 8b449b00f2ee6ec471ba365483ca0190 to remote] DEBUG org.asynchttpclient.netty.request.NettyRequestSender - Using open Channel [id: 0x0d8470ce, L:/127.0.0.1:56603 - R:localhost/127.0.0.1:35441] for GET '/session/8b449b00f2ee6ec471ba365483ca0190/screenshot'
19:55:12.937 [AsyncHttpClient-1-32] DEBUG org.asynchttpclient.netty.handler.HttpHandler - 

Request DefaultFullHttpRequest(decodeResult: success, version: HTTP/1.1, content: EmptyByteBufBE)
GET /session/8b449b00f2ee6ec471ba365483ca0190/screenshot HTTP/1.1
User-Agent: selenium/4.8.1 (java windows)
Cache-Control: no-cache
Content-Type: application/json; charset=utf-8
host: localhost:35441
accept: */*

Response DefaultHttpResponse(decodeResult: success, version: HTTP/1.1)
HTTP/1.1 200 OK
Content-Length: 59376
Content-Type: application/json; charset=utf-8
cache-control: no-cache

19:55:12.937 [AsyncHttpClient-1-32] DEBUG org.asynchttpclient.netty.channel.ChannelManager - Adding key: http://localhost:35441 for channel [id: 0x0d8470ce, L:/127.0.0.1:56603 - R:localhost/127.0.0.1:35441]
19:55:12.939 [main] DEBUG net.serenitybdd.core.photography.Darkroom - Send negative for processing for target\site\serenity\34df7c2a49013db09874827a64595e6a5db2797a92a71bf1a6ba69e39d9b6283.png
19:55:12.939 [main] DEBUG net.thucydides.core.steps.StepInterceptor - STEP DONE: inputUsername
19:55:12.946 [Forwarding getPageSource on session 8b449b00f2ee6ec471ba365483ca0190 to remote] DEBUG org.asynchttpclient.netty.request.NettyRequestSender - Using pooled Channel '[id: 0x0d8470ce, L:/127.0.0.1:56603 - R:localhost/127.0.0.1:35441]' for 'POST' to 'http://localhost:35441/session/8b449b00f2ee6ec471ba365483ca0190/execute/sync'
19:55:12.946 [Forwarding getPageSource on session 8b449b00f2ee6ec471ba365483ca0190 to remote] DEBUG org.asynchttpclient.netty.request.NettyRequestSender - Using open Channel [id: 0x0d8470ce, L:/127.0.0.1:56603 - R:localhost/127.0.0.1:35441] for POST '/session/8b449b00f2ee6ec471ba365483ca0190/execute/sync'
19:55:12.949 [AsyncHttpClient-1-32] DEBUG org.asynchttpclient.netty.handler.HttpHandler - 

Request DefaultHttpRequest(decodeResult: success, version: HTTP/1.1)
POST /session/8b449b00f2ee6ec471ba365483ca0190/execute/sync HTTP/1.1
User-Agent: selenium/4.8.1 (java windows)
Content-Length: 176
Content-Type: application/json; charset=utf-8
host: localhost:35441
accept: */*

Response DefaultHttpResponse(decodeResult: success, version: HTTP/1.1)
HTTP/1.1 200 OK
Content-Length: 4299
Content-Type: application/json; charset=utf-8
cache-control: no-cache

19:55:12.949 [AsyncHttpClient-1-32] DEBUG org.asynchttpclient.netty.channel.ChannelManager - Adding key: http://localhost:35441 for channel [id: 0x0d8470ce, L:/127.0.0.1:56603 - R:localhost/127.0.0.1:35441]
19:55:12.950 [Forwarding getCurrentUrl on session 8b449b00f2ee6ec471ba365483ca0190 to remote] DEBUG org.asynchttpclient.netty.request.NettyRequestSender - Using pooled Channel '[id: 0x0d8470ce, L:/127.0.0.1:56603 - R:localhost/127.0.0.1:35441]' for 'GET' to 'http://localhost:35441/session/8b449b00f2ee6ec471ba365483ca0190/url'
19:55:12.950 [Forwarding getCurrentUrl on session 8b449b00f2ee6ec471ba365483ca0190 to remote] DEBUG org.asynchttpclient.netty.request.NettyRequestSender - Using open Channel [id: 0x0d8470ce, L:/127.0.0.1:56603 - R:localhost/127.0.0.1:35441] for GET '/session/8b449b00f2ee6ec471ba365483ca0190/url'
19:55:12.953 [AsyncHttpClient-1-32] DEBUG org.asynchttpclient.netty.handler.HttpHandler - 

Request DefaultFullHttpRequest(decodeResult: success, version: HTTP/1.1, content: EmptyByteBufBE)
GET /session/8b449b00f2ee6ec471ba365483ca0190/url HTTP/1.1
User-Agent: selenium/4.8.1 (java windows)
Cache-Control: no-cache
Content-Type: application/json; charset=utf-8
host: localhost:35441
accept: */*

Response DefaultHttpResponse(decodeResult: success, version: HTTP/1.1)
HTTP/1.1 200 OK
Content-Length: 38
Content-Type: application/json; charset=utf-8
cache-control: no-cache

19:55:12.953 [AsyncHttpClient-1-32] DEBUG org.asynchttpclient.netty.channel.ChannelManager - Adding key: http://localhost:35441 for channel [id: 0x0d8470ce, L:/127.0.0.1:56603 - R:localhost/127.0.0.1:35441]
19:55:12.955 [main] DEBUG net.thucydides.core.steps.StepInterceptor - STARTING STEP: CartSteps.loginAsAUser - inputPassword
19:55:12.957 [Forwarding findElement on session 8b449b00f2ee6ec471ba365483ca0190 to remote] DEBUG org.asynchttpclient.netty.request.NettyRequestSender - Using pooled Channel '[id: 0x0d8470ce, L:/127.0.0.1:56603 - R:localhost/127.0.0.1:35441]' for 'POST' to 'http://localhost:35441/session/8b449b00f2ee6ec471ba365483ca0190/element'
19:55:12.957 [Forwarding findElement on session 8b449b00f2ee6ec471ba365483ca0190 to remote] DEBUG org.asynchttpclient.netty.request.NettyRequestSender - Using open Channel [id: 0x0d8470ce, L:/127.0.0.1:56603 - R:localhost/127.0.0.1:35441] for POST '/session/8b449b00f2ee6ec471ba365483ca0190/element'
19:55:12.968 [AsyncHttpClient-1-32] DEBUG org.asynchttpclient.netty.handler.HttpHandler - 

Request DefaultHttpRequest(decodeResult: success, version: HTTP/1.1)
POST /session/8b449b00f2ee6ec471ba365483ca0190/element HTTP/1.1
User-Agent: selenium/4.8.1 (java windows)
Content-Length: 53
Content-Type: application/json; charset=utf-8
host: localhost:35441
accept: */*

Response DefaultHttpResponse(decodeResult: success, version: HTTP/1.1)
HTTP/1.1 200 OK
Content-Length: 88
Content-Type: application/json; charset=utf-8
cache-control: no-cache

19:55:12.968 [AsyncHttpClient-1-32] DEBUG org.asynchttpclient.netty.channel.ChannelManager - Adding key: http://localhost:35441 for channel [id: 0x0d8470ce, L:/127.0.0.1:56603 - R:localhost/127.0.0.1:35441]
19:55:12.969 [Forwarding clearElement on session 8b449b00f2ee6ec471ba365483ca0190 to remote] DEBUG org.asynchttpclient.netty.request.NettyRequestSender - Using pooled Channel '[id: 0x0d8470ce, L:/127.0.0.1:56603 - R:localhost/127.0.0.1:35441]' for 'POST' to 'http://localhost:35441/session/8b449b00f2ee6ec471ba365483ca0190/element/a07b9655-a4f5-4504-b97b-0d2e95b5500c/clear'
19:55:12.969 [Forwarding clearElement on session 8b449b00f2ee6ec471ba365483ca0190 to remote] DEBUG org.asynchttpclient.netty.request.NettyRequestSender - Using open Channel [id: 0x0d8470ce, L:/127.0.0.1:56603 - R:localhost/127.0.0.1:35441] for POST '/session/8b449b00f2ee6ec471ba365483ca0190/element/a07b9655-a4f5-4504-b97b-0d2e95b5500c/clear'
19:55:13.006 [AsyncHttpClient-1-32] DEBUG org.asynchttpclient.netty.handler.HttpHandler - 

Request DefaultHttpRequest(decodeResult: success, version: HTTP/1.1)
POST /session/8b449b00f2ee6ec471ba365483ca0190/element/a07b9655-a4f5-4504-b97b-0d2e95b5500c/clear HTTP/1.1
User-Agent: selenium/4.8.1 (java windows)
Content-Length: 50
Content-Type: application/json; charset=utf-8
host: localhost:35441
accept: */*

Response DefaultHttpResponse(decodeResult: success, version: HTTP/1.1)
HTTP/1.1 200 OK
Content-Length: 14
Content-Type: application/json; charset=utf-8
cache-control: no-cache

19:55:13.007 [AsyncHttpClient-1-32] DEBUG org.asynchttpclient.netty.channel.ChannelManager - Adding key: http://localhost:35441 for channel [id: 0x0d8470ce, L:/127.0.0.1:56603 - R:localhost/127.0.0.1:35441]
19:55:13.008 [Forwarding sendKeysToElement on session 8b449b00f2ee6ec471ba365483ca0190 to remote] DEBUG org.asynchttpclient.netty.request.NettyRequestSender - Using pooled Channel '[id: 0x0d8470ce, L:/127.0.0.1:56603 - R:localhost/127.0.0.1:35441]' for 'POST' to 'http://localhost:35441/session/8b449b00f2ee6ec471ba365483ca0190/element/a07b9655-a4f5-4504-b97b-0d2e95b5500c/value'
19:55:13.008 [Forwarding sendKeysToElement on session 8b449b00f2ee6ec471ba365483ca0190 to remote] DEBUG org.asynchttpclient.netty.request.NettyRequestSender - Using open Channel [id: 0x0d8470ce, L:/127.0.0.1:56603 - R:localhost/127.0.0.1:35441] for POST '/session/8b449b00f2ee6ec471ba365483ca0190/element/a07b9655-a4f5-4504-b97b-0d2e95b5500c/value'
19:55:13.014 [AsyncHttpClient-1-1] DEBUG org.asynchttpclient.netty.channel.DefaultChannelPool - Entry count for : http://localhost:56605 : 1
19:55:13.066 [AsyncHttpClient-1-32] DEBUG org.asynchttpclient.netty.handler.HttpHandler - 

Request DefaultHttpRequest(decodeResult: success, version: HTTP/1.1)
POST /session/8b449b00f2ee6ec471ba365483ca0190/element/a07b9655-a4f5-4504-b97b-0d2e95b5500c/value HTTP/1.1
User-Agent: selenium/4.8.1 (java windows)
Content-Length: 201
Content-Type: application/json; charset=utf-8
host: localhost:35441
accept: */*

Response DefaultHttpResponse(decodeResult: success, version: HTTP/1.1)
HTTP/1.1 200 OK
Content-Length: 14
Content-Type: application/json; charset=utf-8
cache-control: no-cache

19:55:13.066 [AsyncHttpClient-1-32] DEBUG org.asynchttpclient.netty.channel.ChannelManager - Adding key: http://localhost:35441 for channel [id: 0x0d8470ce, L:/127.0.0.1:56603 - R:localhost/127.0.0.1:35441]
19:55:13.071 [Forwarding getAlertText on session 8b449b00f2ee6ec471ba365483ca0190 to remote] DEBUG org.asynchttpclient.netty.request.NettyRequestSender - Using pooled Channel '[id: 0x0d8470ce, L:/127.0.0.1:56603 - R:localhost/127.0.0.1:35441]' for 'GET' to 'http://localhost:35441/session/8b449b00f2ee6ec471ba365483ca0190/alert/text'
19:55:13.071 [Forwarding getAlertText on session 8b449b00f2ee6ec471ba365483ca0190 to remote] DEBUG org.asynchttpclient.netty.request.NettyRequestSender - Using open Channel [id: 0x0d8470ce, L:/127.0.0.1:56603 - R:localhost/127.0.0.1:35441] for GET '/session/8b449b00f2ee6ec471ba365483ca0190/alert/text'
19:55:13.072 [AsyncHttpClient-1-32] DEBUG org.asynchttpclient.netty.handler.HttpHandler - 

Request DefaultFullHttpRequest(decodeResult: success, version: HTTP/1.1, content: EmptyByteBufBE)
GET /session/8b449b00f2ee6ec471ba365483ca0190/alert/text HTTP/1.1
User-Agent: selenium/4.8.1 (java windows)
Cache-Control: no-cache
Content-Type: application/json; charset=utf-8
host: localhost:35441
accept: */*

Response DefaultHttpResponse(decodeResult: success, version: HTTP/1.1)
HTTP/1.1 404 Not Found
Content-Length: 816
Content-Type: application/json; charset=utf-8
cache-control: no-cache

19:55:13.072 [AsyncHttpClient-1-32] DEBUG org.asynchttpclient.netty.channel.ChannelManager - Adding key: http://localhost:35441 for channel [id: 0x0d8470ce, L:/127.0.0.1:56603 - R:localhost/127.0.0.1:35441]
19:55:13.073 [Forwarding getCurrentUrl on session 8b449b00f2ee6ec471ba365483ca0190 to remote] DEBUG org.asynchttpclient.netty.request.NettyRequestSender - Using pooled Channel '[id: 0x0d8470ce, L:/127.0.0.1:56603 - R:localhost/127.0.0.1:35441]' for 'GET' to 'http://localhost:35441/session/8b449b00f2ee6ec471ba365483ca0190/url'
19:55:13.073 [Forwarding getCurrentUrl on session 8b449b00f2ee6ec471ba365483ca0190 to remote] DEBUG org.asynchttpclient.netty.request.NettyRequestSender - Using open Channel [id: 0x0d8470ce, L:/127.0.0.1:56603 - R:localhost/127.0.0.1:35441] for GET '/session/8b449b00f2ee6ec471ba365483ca0190/url'
19:55:13.075 [AsyncHttpClient-1-32] DEBUG org.asynchttpclient.netty.handler.HttpHandler - 

Request DefaultFullHttpRequest(decodeResult: success, version: HTTP/1.1, content: EmptyByteBufBE)
GET /session/8b449b00f2ee6ec471ba365483ca0190/url HTTP/1.1
User-Agent: selenium/4.8.1 (java windows)
Cache-Control: no-cache
Content-Type: application/json; charset=utf-8
host: localhost:35441
accept: */*

Response DefaultHttpResponse(decodeResult: success, version: HTTP/1.1)
HTTP/1.1 200 OK
Content-Length: 38
Content-Type: application/json; charset=utf-8
cache-control: no-cache

19:55:13.075 [AsyncHttpClient-1-32] DEBUG org.asynchttpclient.netty.channel.ChannelManager - Adding key: http://localhost:35441 for channel [id: 0x0d8470ce, L:/127.0.0.1:56603 - R:localhost/127.0.0.1:35441]
19:55:13.076 [Forwarding screenshot on session 8b449b00f2ee6ec471ba365483ca0190 to remote] DEBUG org.asynchttpclient.netty.request.NettyRequestSender - Using pooled Channel '[id: 0x0d8470ce, L:/127.0.0.1:56603 - R:localhost/127.0.0.1:35441]' for 'GET' to 'http://localhost:35441/session/8b449b00f2ee6ec471ba365483ca0190/screenshot'
19:55:13.076 [Forwarding screenshot on session 8b449b00f2ee6ec471ba365483ca0190 to remote] DEBUG org.asynchttpclient.netty.request.NettyRequestSender - Using open Channel [id: 0x0d8470ce, L:/127.0.0.1:56603 - R:localhost/127.0.0.1:35441] for GET '/session/8b449b00f2ee6ec471ba365483ca0190/screenshot'
19:55:13.211 [AsyncHttpClient-1-32] DEBUG org.asynchttpclient.netty.handler.HttpHandler - 

Request DefaultFullHttpRequest(decodeResult: success, version: HTTP/1.1, content: EmptyByteBufBE)
GET /session/8b449b00f2ee6ec471ba365483ca0190/screenshot HTTP/1.1
User-Agent: selenium/4.8.1 (java windows)
Cache-Control: no-cache
Content-Type: application/json; charset=utf-8
host: localhost:35441
accept: */*

Response DefaultHttpResponse(decodeResult: success, version: HTTP/1.1)
HTTP/1.1 200 OK
Content-Length: 56848
Content-Type: application/json; charset=utf-8
cache-control: no-cache

19:55:13.211 [AsyncHttpClient-1-32] DEBUG org.asynchttpclient.netty.channel.ChannelManager - Adding key: http://localhost:35441 for channel [id: 0x0d8470ce, L:/127.0.0.1:56603 - R:localhost/127.0.0.1:35441]
19:55:13.213 [main] DEBUG net.serenitybdd.core.photography.Darkroom - Send negative for processing for target\site\serenity\6adca94019f7156b5b02d50dcdcd86549d04d7d2a8a2bccedb68665c7405404e.png
19:55:13.214 [main] DEBUG net.thucydides.core.steps.StepInterceptor - STEP DONE: inputPassword
19:55:13.220 [Forwarding getPageSource on session 8b449b00f2ee6ec471ba365483ca0190 to remote] DEBUG org.asynchttpclient.netty.request.NettyRequestSender - Using pooled Channel '[id: 0x0d8470ce, L:/127.0.0.1:56603 - R:localhost/127.0.0.1:35441]' for 'POST' to 'http://localhost:35441/session/8b449b00f2ee6ec471ba365483ca0190/execute/sync'
19:55:13.220 [Forwarding getPageSource on session 8b449b00f2ee6ec471ba365483ca0190 to remote] DEBUG org.asynchttpclient.netty.request.NettyRequestSender - Using open Channel [id: 0x0d8470ce, L:/127.0.0.1:56603 - R:localhost/127.0.0.1:35441] for POST '/session/8b449b00f2ee6ec471ba365483ca0190/execute/sync'
19:55:13.223 [AsyncHttpClient-1-32] DEBUG org.asynchttpclient.netty.handler.HttpHandler - 

Request DefaultHttpRequest(decodeResult: success, version: HTTP/1.1)
POST /session/8b449b00f2ee6ec471ba365483ca0190/execute/sync HTTP/1.1
User-Agent: selenium/4.8.1 (java windows)
Content-Length: 176
Content-Type: application/json; charset=utf-8
host: localhost:35441
accept: */*

Response DefaultHttpResponse(decodeResult: success, version: HTTP/1.1)
HTTP/1.1 200 OK
Content-Length: 4311
Content-Type: application/json; charset=utf-8
cache-control: no-cache

19:55:13.223 [AsyncHttpClient-1-32] DEBUG org.asynchttpclient.netty.channel.ChannelManager - Adding key: http://localhost:35441 for channel [id: 0x0d8470ce, L:/127.0.0.1:56603 - R:localhost/127.0.0.1:35441]
19:55:13.224 [Forwarding getCurrentUrl on session 8b449b00f2ee6ec471ba365483ca0190 to remote] DEBUG org.asynchttpclient.netty.request.NettyRequestSender - Using pooled Channel '[id: 0x0d8470ce, L:/127.0.0.1:56603 - R:localhost/127.0.0.1:35441]' for 'GET' to 'http://localhost:35441/session/8b449b00f2ee6ec471ba365483ca0190/url'
19:55:13.224 [Forwarding getCurrentUrl on session 8b449b00f2ee6ec471ba365483ca0190 to remote] DEBUG org.asynchttpclient.netty.request.NettyRequestSender - Using open Channel [id: 0x0d8470ce, L:/127.0.0.1:56603 - R:localhost/127.0.0.1:35441] for GET '/session/8b449b00f2ee6ec471ba365483ca0190/url'
19:55:13.227 [AsyncHttpClient-1-32] DEBUG org.asynchttpclient.netty.handler.HttpHandler - 

Request DefaultFullHttpRequest(decodeResult: success, version: HTTP/1.1, content: EmptyByteBufBE)
GET /session/8b449b00f2ee6ec471ba365483ca0190/url HTTP/1.1
User-Agent: selenium/4.8.1 (java windows)
Cache-Control: no-cache
Content-Type: application/json; charset=utf-8
host: localhost:35441
accept: */*

Response DefaultHttpResponse(decodeResult: success, version: HTTP/1.1)
HTTP/1.1 200 OK
Content-Length: 38
Content-Type: application/json; charset=utf-8
cache-control: no-cache

19:55:13.227 [AsyncHttpClient-1-32] DEBUG org.asynchttpclient.netty.channel.ChannelManager - Adding key: http://localhost:35441 for channel [id: 0x0d8470ce, L:/127.0.0.1:56603 - R:localhost/127.0.0.1:35441]
19:55:13.229 [main] DEBUG net.thucydides.core.steps.StepInterceptor - STARTING STEP: CartSteps.loginAsAUser - clickButtonLogin
19:55:13.231 [Forwarding findElement on session 8b449b00f2ee6ec471ba365483ca0190 to remote] DEBUG org.asynchttpclient.netty.request.NettyRequestSender - Using pooled Channel '[id: 0x0d8470ce, L:/127.0.0.1:56603 - R:localhost/127.0.0.1:35441]' for 'POST' to 'http://localhost:35441/session/8b449b00f2ee6ec471ba365483ca0190/element'
19:55:13.231 [Forwarding findElement on session 8b449b00f2ee6ec471ba365483ca0190 to remote] DEBUG org.asynchttpclient.netty.request.NettyRequestSender - Using open Channel [id: 0x0d8470ce, L:/127.0.0.1:56603 - R:localhost/127.0.0.1:35441] for POST '/session/8b449b00f2ee6ec471ba365483ca0190/element'
19:55:13.240 [AsyncHttpClient-1-32] DEBUG org.asynchttpclient.netty.handler.HttpHandler - 

Request DefaultHttpRequest(decodeResult: success, version: HTTP/1.1)
POST /session/8b449b00f2ee6ec471ba365483ca0190/element HTTP/1.1
User-Agent: selenium/4.8.1 (java windows)
Content-Length: 59
Content-Type: application/json; charset=utf-8
host: localhost:35441
accept: */*

Response DefaultHttpResponse(decodeResult: success, version: HTTP/1.1)
HTTP/1.1 200 OK
Content-Length: 88
Content-Type: application/json; charset=utf-8
cache-control: no-cache

19:55:13.240 [AsyncHttpClient-1-32] DEBUG org.asynchttpclient.netty.channel.ChannelManager - Adding key: http://localhost:35441 for channel [id: 0x0d8470ce, L:/127.0.0.1:56603 - R:localhost/127.0.0.1:35441]
19:55:13.241 [Forwarding getElementTagName on session 8b449b00f2ee6ec471ba365483ca0190 to remote] DEBUG org.asynchttpclient.netty.request.NettyRequestSender - Using pooled Channel '[id: 0x0d8470ce, L:/127.0.0.1:56603 - R:localhost/127.0.0.1:35441]' for 'GET' to 'http://localhost:35441/session/8b449b00f2ee6ec471ba365483ca0190/element/c1701a35-0e39-4d72-a132-a5f9198cbbe8/name'
19:55:13.241 [Forwarding getElementTagName on session 8b449b00f2ee6ec471ba365483ca0190 to remote] DEBUG org.asynchttpclient.netty.request.NettyRequestSender - Using open Channel [id: 0x0d8470ce, L:/127.0.0.1:56603 - R:localhost/127.0.0.1:35441] for GET '/session/8b449b00f2ee6ec471ba365483ca0190/element/c1701a35-0e39-4d72-a132-a5f9198cbbe8/name'
19:55:13.244 [AsyncHttpClient-1-32] DEBUG org.asynchttpclient.netty.handler.HttpHandler - 

Request DefaultFullHttpRequest(decodeResult: success, version: HTTP/1.1, content: EmptyByteBufBE)
GET /session/8b449b00f2ee6ec471ba365483ca0190/element/c1701a35-0e39-4d72-a132-a5f9198cbbe8/name HTTP/1.1
User-Agent: selenium/4.8.1 (java windows)
Cache-Control: no-cache
Content-Type: application/json; charset=utf-8
host: localhost:35441
accept: */*

Response DefaultHttpResponse(decodeResult: success, version: HTTP/1.1)
HTTP/1.1 200 OK
Content-Length: 17
Content-Type: application/json; charset=utf-8
cache-control: no-cache

19:55:13.244 [AsyncHttpClient-1-32] DEBUG org.asynchttpclient.netty.channel.ChannelManager - Adding key: http://localhost:35441 for channel [id: 0x0d8470ce, L:/127.0.0.1:56603 - R:localhost/127.0.0.1:35441]
19:55:13.246 [Forwarding getElementTagName on session 8b449b00f2ee6ec471ba365483ca0190 to remote] DEBUG org.asynchttpclient.netty.request.NettyRequestSender - Using pooled Channel '[id: 0x0d8470ce, L:/127.0.0.1:56603 - R:localhost/127.0.0.1:35441]' for 'GET' to 'http://localhost:35441/session/8b449b00f2ee6ec471ba365483ca0190/element/c1701a35-0e39-4d72-a132-a5f9198cbbe8/name'
19:55:13.246 [Forwarding getElementTagName on session 8b449b00f2ee6ec471ba365483ca0190 to remote] DEBUG org.asynchttpclient.netty.request.NettyRequestSender - Using open Channel [id: 0x0d8470ce, L:/127.0.0.1:56603 - R:localhost/127.0.0.1:35441] for GET '/session/8b449b00f2ee6ec471ba365483ca0190/element/c1701a35-0e39-4d72-a132-a5f9198cbbe8/name'
19:55:13.248 [AsyncHttpClient-1-32] DEBUG org.asynchttpclient.netty.handler.HttpHandler - 

Request DefaultFullHttpRequest(decodeResult: success, version: HTTP/1.1, content: EmptyByteBufBE)
GET /session/8b449b00f2ee6ec471ba365483ca0190/element/c1701a35-0e39-4d72-a132-a5f9198cbbe8/name HTTP/1.1
User-Agent: selenium/4.8.1 (java windows)
Cache-Control: no-cache
Content-Type: application/json; charset=utf-8
host: localhost:35441
accept: */*

Response DefaultHttpResponse(decodeResult: success, version: HTTP/1.1)
HTTP/1.1 200 OK
Content-Length: 17
Content-Type: application/json; charset=utf-8
cache-control: no-cache

19:55:13.248 [AsyncHttpClient-1-32] DEBUG org.asynchttpclient.netty.channel.ChannelManager - Adding key: http://localhost:35441 for channel [id: 0x0d8470ce, L:/127.0.0.1:56603 - R:localhost/127.0.0.1:35441]
19:55:13.249 [Forwarding isElementEnabled on session 8b449b00f2ee6ec471ba365483ca0190 to remote] DEBUG org.asynchttpclient.netty.request.NettyRequestSender - Using pooled Channel '[id: 0x0d8470ce, L:/127.0.0.1:56603 - R:localhost/127.0.0.1:35441]' for 'GET' to 'http://localhost:35441/session/8b449b00f2ee6ec471ba365483ca0190/element/c1701a35-0e39-4d72-a132-a5f9198cbbe8/enabled'
19:55:13.249 [Forwarding isElementEnabled on session 8b449b00f2ee6ec471ba365483ca0190 to remote] DEBUG org.asynchttpclient.netty.request.NettyRequestSender - Using open Channel [id: 0x0d8470ce, L:/127.0.0.1:56603 - R:localhost/127.0.0.1:35441] for GET '/session/8b449b00f2ee6ec471ba365483ca0190/element/c1701a35-0e39-4d72-a132-a5f9198cbbe8/enabled'
19:55:13.256 [AsyncHttpClient-1-32] DEBUG org.asynchttpclient.netty.handler.HttpHandler - 

Request DefaultFullHttpRequest(decodeResult: success, version: HTTP/1.1, content: EmptyByteBufBE)
GET /session/8b449b00f2ee6ec471ba365483ca0190/element/c1701a35-0e39-4d72-a132-a5f9198cbbe8/enabled HTTP/1.1
User-Agent: selenium/4.8.1 (java windows)
Cache-Control: no-cache
Content-Type: application/json; charset=utf-8
host: localhost:35441
accept: */*

Response DefaultHttpResponse(decodeResult: success, version: HTTP/1.1)
HTTP/1.1 200 OK
Content-Length: 14
Content-Type: application/json; charset=utf-8
cache-control: no-cache

19:55:13.256 [AsyncHttpClient-1-32] DEBUG org.asynchttpclient.netty.channel.ChannelManager - Adding key: http://localhost:35441 for channel [id: 0x0d8470ce, L:/127.0.0.1:56603 - R:localhost/127.0.0.1:35441]
19:55:13.257 [Forwarding isElementEnabled on session 8b449b00f2ee6ec471ba365483ca0190 to remote] DEBUG org.asynchttpclient.netty.request.NettyRequestSender - Using pooled Channel '[id: 0x0d8470ce, L:/127.0.0.1:56603 - R:localhost/127.0.0.1:35441]' for 'GET' to 'http://localhost:35441/session/8b449b00f2ee6ec471ba365483ca0190/element/c1701a35-0e39-4d72-a132-a5f9198cbbe8/enabled'
19:55:13.257 [Forwarding isElementEnabled on session 8b449b00f2ee6ec471ba365483ca0190 to remote] DEBUG org.asynchttpclient.netty.request.NettyRequestSender - Using open Channel [id: 0x0d8470ce, L:/127.0.0.1:56603 - R:localhost/127.0.0.1:35441] for GET '/session/8b449b00f2ee6ec471ba365483ca0190/element/c1701a35-0e39-4d72-a132-a5f9198cbbe8/enabled'
19:55:13.261 [AsyncHttpClient-1-32] DEBUG org.asynchttpclient.netty.handler.HttpHandler - 

Request DefaultFullHttpRequest(decodeResult: success, version: HTTP/1.1, content: EmptyByteBufBE)
GET /session/8b449b00f2ee6ec471ba365483ca0190/element/c1701a35-0e39-4d72-a132-a5f9198cbbe8/enabled HTTP/1.1
User-Agent: selenium/4.8.1 (java windows)
Cache-Control: no-cache
Content-Type: application/json; charset=utf-8
host: localhost:35441
accept: */*

Response DefaultHttpResponse(decodeResult: success, version: HTTP/1.1)
HTTP/1.1 200 OK
Content-Length: 14
Content-Type: application/json; charset=utf-8
cache-control: no-cache

19:55:13.261 [AsyncHttpClient-1-32] DEBUG org.asynchttpclient.netty.channel.ChannelManager - Adding key: http://localhost:35441 for channel [id: 0x0d8470ce, L:/127.0.0.1:56603 - R:localhost/127.0.0.1:35441]
19:55:13.262 [Forwarding findElement on session 8b449b00f2ee6ec471ba365483ca0190 to remote] DEBUG org.asynchttpclient.netty.request.NettyRequestSender - Using pooled Channel '[id: 0x0d8470ce, L:/127.0.0.1:56603 - R:localhost/127.0.0.1:35441]' for 'POST' to 'http://localhost:35441/session/8b449b00f2ee6ec471ba365483ca0190/element'
19:55:13.262 [Forwarding findElement on session 8b449b00f2ee6ec471ba365483ca0190 to remote] DEBUG org.asynchttpclient.netty.request.NettyRequestSender - Using open Channel [id: 0x0d8470ce, L:/127.0.0.1:56603 - R:localhost/127.0.0.1:35441] for POST '/session/8b449b00f2ee6ec471ba365483ca0190/element'
19:55:13.268 [AsyncHttpClient-1-32] DEBUG org.asynchttpclient.netty.handler.HttpHandler - 

Request DefaultHttpRequest(decodeResult: success, version: HTTP/1.1)
POST /session/8b449b00f2ee6ec471ba365483ca0190/element HTTP/1.1
User-Agent: selenium/4.8.1 (java windows)
Content-Length: 59
Content-Type: application/json; charset=utf-8
host: localhost:35441
accept: */*

Response DefaultHttpResponse(decodeResult: success, version: HTTP/1.1)
HTTP/1.1 200 OK
Content-Length: 88
Content-Type: application/json; charset=utf-8
cache-control: no-cache

19:55:13.268 [AsyncHttpClient-1-32] DEBUG org.asynchttpclient.netty.channel.ChannelManager - Adding key: http://localhost:35441 for channel [id: 0x0d8470ce, L:/127.0.0.1:56603 - R:localhost/127.0.0.1:35441]
19:55:13.269 [Forwarding clickElement on session 8b449b00f2ee6ec471ba365483ca0190 to remote] DEBUG org.asynchttpclient.netty.request.NettyRequestSender - Using pooled Channel '[id: 0x0d8470ce, L:/127.0.0.1:56603 - R:localhost/127.0.0.1:35441]' for 'POST' to 'http://localhost:35441/session/8b449b00f2ee6ec471ba365483ca0190/element/c1701a35-0e39-4d72-a132-a5f9198cbbe8/click'
19:55:13.269 [Forwarding clickElement on session 8b449b00f2ee6ec471ba365483ca0190 to remote] DEBUG org.asynchttpclient.netty.request.NettyRequestSender - Using open Channel [id: 0x0d8470ce, L:/127.0.0.1:56603 - R:localhost/127.0.0.1:35441] for POST '/session/8b449b00f2ee6ec471ba365483ca0190/element/c1701a35-0e39-4d72-a132-a5f9198cbbe8/click'
19:55:13.356 [AsyncHttpClient-1-32] DEBUG org.asynchttpclient.netty.handler.HttpHandler - 

Request DefaultHttpRequest(decodeResult: success, version: HTTP/1.1)
POST /session/8b449b00f2ee6ec471ba365483ca0190/element/c1701a35-0e39-4d72-a132-a5f9198cbbe8/click HTTP/1.1
User-Agent: selenium/4.8.1 (java windows)
Content-Length: 50
Content-Type: application/json; charset=utf-8
host: localhost:35441
accept: */*

Response DefaultHttpResponse(decodeResult: success, version: HTTP/1.1)
HTTP/1.1 200 OK
Content-Length: 14
Content-Type: application/json; charset=utf-8
cache-control: no-cache

19:55:13.356 [AsyncHttpClient-1-32] DEBUG org.asynchttpclient.netty.channel.ChannelManager - Adding key: http://localhost:35441 for channel [id: 0x0d8470ce, L:/127.0.0.1:56603 - R:localhost/127.0.0.1:35441]
19:55:13.363 [Forwarding getAlertText on session 8b449b00f2ee6ec471ba365483ca0190 to remote] DEBUG org.asynchttpclient.netty.request.NettyRequestSender - Using pooled Channel '[id: 0x0d8470ce, L:/127.0.0.1:56603 - R:localhost/127.0.0.1:35441]' for 'GET' to 'http://localhost:35441/session/8b449b00f2ee6ec471ba365483ca0190/alert/text'
19:55:13.363 [Forwarding getAlertText on session 8b449b00f2ee6ec471ba365483ca0190 to remote] DEBUG org.asynchttpclient.netty.request.NettyRequestSender - Using open Channel [id: 0x0d8470ce, L:/127.0.0.1:56603 - R:localhost/127.0.0.1:35441] for GET '/session/8b449b00f2ee6ec471ba365483ca0190/alert/text'
19:55:13.365 [AsyncHttpClient-1-32] DEBUG org.asynchttpclient.netty.handler.HttpHandler - 

Request DefaultFullHttpRequest(decodeResult: success, version: HTTP/1.1, content: EmptyByteBufBE)
GET /session/8b449b00f2ee6ec471ba365483ca0190/alert/text HTTP/1.1
User-Agent: selenium/4.8.1 (java windows)
Cache-Control: no-cache
Content-Type: application/json; charset=utf-8
host: localhost:35441
accept: */*

Response DefaultHttpResponse(decodeResult: success, version: HTTP/1.1)
HTTP/1.1 404 Not Found
Content-Length: 816
Content-Type: application/json; charset=utf-8
cache-control: no-cache

19:55:13.365 [AsyncHttpClient-1-32] DEBUG org.asynchttpclient.netty.channel.ChannelManager - Adding key: http://localhost:35441 for channel [id: 0x0d8470ce, L:/127.0.0.1:56603 - R:localhost/127.0.0.1:35441]
19:55:13.366 [Forwarding getCurrentUrl on session 8b449b00f2ee6ec471ba365483ca0190 to remote] DEBUG org.asynchttpclient.netty.request.NettyRequestSender - Using pooled Channel '[id: 0x0d8470ce, L:/127.0.0.1:56603 - R:localhost/127.0.0.1:35441]' for 'GET' to 'http://localhost:35441/session/8b449b00f2ee6ec471ba365483ca0190/url'
19:55:13.366 [Forwarding getCurrentUrl on session 8b449b00f2ee6ec471ba365483ca0190 to remote] DEBUG org.asynchttpclient.netty.request.NettyRequestSender - Using open Channel [id: 0x0d8470ce, L:/127.0.0.1:56603 - R:localhost/127.0.0.1:35441] for GET '/session/8b449b00f2ee6ec471ba365483ca0190/url'
19:55:13.370 [AsyncHttpClient-1-32] DEBUG org.asynchttpclient.netty.handler.HttpHandler - 

Request DefaultFullHttpRequest(decodeResult: success, version: HTTP/1.1, content: EmptyByteBufBE)
GET /session/8b449b00f2ee6ec471ba365483ca0190/url HTTP/1.1
User-Agent: selenium/4.8.1 (java windows)
Cache-Control: no-cache
Content-Type: application/json; charset=utf-8
host: localhost:35441
accept: */*

Response DefaultHttpResponse(decodeResult: success, version: HTTP/1.1)
HTTP/1.1 200 OK
Content-Length: 52
Content-Type: application/json; charset=utf-8
cache-control: no-cache

19:55:13.370 [AsyncHttpClient-1-32] DEBUG org.asynchttpclient.netty.channel.ChannelManager - Adding key: http://localhost:35441 for channel [id: 0x0d8470ce, L:/127.0.0.1:56603 - R:localhost/127.0.0.1:35441]
19:55:13.370 [Forwarding screenshot on session 8b449b00f2ee6ec471ba365483ca0190 to remote] DEBUG org.asynchttpclient.netty.request.NettyRequestSender - Using pooled Channel '[id: 0x0d8470ce, L:/127.0.0.1:56603 - R:localhost/127.0.0.1:35441]' for 'GET' to 'http://localhost:35441/session/8b449b00f2ee6ec471ba365483ca0190/screenshot'
19:55:13.370 [Forwarding screenshot on session 8b449b00f2ee6ec471ba365483ca0190 to remote] DEBUG org.asynchttpclient.netty.request.NettyRequestSender - Using open Channel [id: 0x0d8470ce, L:/127.0.0.1:56603 - R:localhost/127.0.0.1:35441] for GET '/session/8b449b00f2ee6ec471ba365483ca0190/screenshot'
19:55:13.517 [AsyncHttpClient-1-32] DEBUG org.asynchttpclient.netty.handler.HttpHandler - 

Request DefaultFullHttpRequest(decodeResult: success, version: HTTP/1.1, content: EmptyByteBufBE)
GET /session/8b449b00f2ee6ec471ba365483ca0190/screenshot HTTP/1.1
User-Agent: selenium/4.8.1 (java windows)
Cache-Control: no-cache
Content-Type: application/json; charset=utf-8
host: localhost:35441
accept: */*

Response DefaultHttpResponse(decodeResult: success, version: HTTP/1.1)
HTTP/1.1 200 OK
Content-Length: 221052
Content-Type: application/json; charset=utf-8
cache-control: no-cache

19:55:13.517 [AsyncHttpClient-1-32] DEBUG org.asynchttpclient.netty.channel.ChannelManager - Adding key: http://localhost:35441 for channel [id: 0x0d8470ce, L:/127.0.0.1:56603 - R:localhost/127.0.0.1:35441]
19:55:13.520 [main] DEBUG net.serenitybdd.core.photography.Darkroom - Send negative for processing for target\site\serenity\784be56a38bc0720476f16cefb51bf5921df787bb8c7cfa7917e327abc0086bd.png
19:55:13.521 [main] DEBUG net.thucydides.core.steps.StepInterceptor - STEP DONE: clickButtonLogin
  &amp#27;[32mGiven &amp#27;[0m&amp#27;[32mI am a logged in user&amp#27;[0m                                     &amp#27;[90m# starter.stepDefinitions.CartSteps.loginAsAUser()&amp#27;[0m
19:55:13.521 [Darkroom Processing Line] DEBUG net.serenitybdd.core.photography.DarkroomProcessingLine - Processing screenshot image in /var/screenshots/screenshot-5986874862758090553
19:55:13.521 [Darkroom Processing Line] DEBUG net.serenitybdd.core.photography.DarkroomProcessingLine - Saving screenshot to target\site\serenity\784be56a38bc0720476f16cefb51bf5921df787bb8c7cfa7917e327abc0086bd.png
19:55:13.526 [Forwarding getPageSource on session 8b449b00f2ee6ec471ba365483ca0190 to remote] DEBUG org.asynchttpclient.netty.request.NettyRequestSender - Using pooled Channel '[id: 0x0d8470ce, L:/127.0.0.1:56603 - R:localhost/127.0.0.1:35441]' for 'POST' to 'http://localhost:35441/session/8b449b00f2ee6ec471ba365483ca0190/execute/sync'
19:55:13.526 [Forwarding getPageSource on session 8b449b00f2ee6ec471ba365483ca0190 to remote] DEBUG org.asynchttpclient.netty.request.NettyRequestSender - Using open Channel [id: 0x0d8470ce, L:/127.0.0.1:56603 - R:localhost/127.0.0.1:35441] for POST '/session/8b449b00f2ee6ec471ba365483ca0190/execute/sync'
19:55:13.531 [AsyncHttpClient-1-32] DEBUG org.asynchttpclient.netty.handler.HttpHandler - 

Request DefaultHttpRequest(decodeResult: success, version: HTTP/1.1)
POST /session/8b449b00f2ee6ec471ba365483ca0190/execute/sync HTTP/1.1
User-Agent: selenium/4.8.1 (java windows)
Content-Length: 176
Content-Type: application/json; charset=utf-8
host: localhost:35441
accept: */*

Response DefaultHttpResponse(decodeResult: success, version: HTTP/1.1)
HTTP/1.1 200 OK
Content-Length: 16329
Content-Type: application/json; charset=utf-8
cache-control: no-cache

19:55:13.531 [AsyncHttpClient-1-32] DEBUG org.asynchttpclient.netty.channel.ChannelManager - Adding key: http://localhost:35441 for channel [id: 0x0d8470ce, L:/127.0.0.1:56603 - R:localhost/127.0.0.1:35441]
19:55:13.532 [Forwarding getCurrentUrl on session 8b449b00f2ee6ec471ba365483ca0190 to remote] DEBUG org.asynchttpclient.netty.request.NettyRequestSender - Using pooled Channel '[id: 0x0d8470ce, L:/127.0.0.1:56603 - R:localhost/127.0.0.1:35441]' for 'GET' to 'http://localhost:35441/session/8b449b00f2ee6ec471ba365483ca0190/url'
19:55:13.532 [Forwarding getCurrentUrl on session 8b449b00f2ee6ec471ba365483ca0190 to remote] DEBUG org.asynchttpclient.netty.request.NettyRequestSender - Using open Channel [id: 0x0d8470ce, L:/127.0.0.1:56603 - R:localhost/127.0.0.1:35441] for GET '/session/8b449b00f2ee6ec471ba365483ca0190/url'
19:55:13.535 [AsyncHttpClient-1-32] DEBUG org.asynchttpclient.netty.handler.HttpHandler - 

Request DefaultFullHttpRequest(decodeResult: success, version: HTTP/1.1, content: EmptyByteBufBE)
GET /session/8b449b00f2ee6ec471ba365483ca0190/url HTTP/1.1
User-Agent: selenium/4.8.1 (java windows)
Cache-Control: no-cache
Content-Type: application/json; charset=utf-8
host: localhost:35441
accept: */*

Response DefaultHttpResponse(decodeResult: success, version: HTTP/1.1)
HTTP/1.1 200 OK
Content-Length: 52
Content-Type: application/json; charset=utf-8
cache-control: no-cache

19:55:13.535 [AsyncHttpClient-1-32] DEBUG org.asynchttpclient.netty.channel.ChannelManager - Adding key: http://localhost:35441 for channel [id: 0x0d8470ce, L:/127.0.0.1:56603 - R:localhost/127.0.0.1:35441]
19:55:13.547 [Forwarding getPageSource on session 8b449b00f2ee6ec471ba365483ca0190 to remote] DEBUG org.asynchttpclient.netty.request.NettyRequestSender - Using pooled Channel '[id: 0x0d8470ce, L:/127.0.0.1:56603 - R:localhost/127.0.0.1:35441]' for 'POST' to 'http://localhost:35441/session/8b449b00f2ee6ec471ba365483ca0190/execute/sync'
19:55:13.548 [Forwarding getPageSource on session 8b449b00f2ee6ec471ba365483ca0190 to remote] DEBUG org.asynchttpclient.netty.request.NettyRequestSender - Using open Channel [id: 0x0d8470ce, L:/127.0.0.1:56603 - R:localhost/127.0.0.1:35441] for POST '/session/8b449b00f2ee6ec471ba365483ca0190/execute/sync'
19:55:13.552 [AsyncHttpClient-1-32] DEBUG org.asynchttpclient.netty.handler.HttpHandler - 

Request DefaultHttpRequest(decodeResult: success, version: HTTP/1.1)
POST /session/8b449b00f2ee6ec471ba365483ca0190/execute/sync HTTP/1.1
User-Agent: selenium/4.8.1 (java windows)
Content-Length: 176
Content-Type: application/json; charset=utf-8
host: localhost:35441
accept: */*

Response DefaultHttpResponse(decodeResult: success, version: HTTP/1.1)
HTTP/1.1 200 OK
Content-Length: 16329
Content-Type: application/json; charset=utf-8
cache-control: no-cache

19:55:13.552 [AsyncHttpClient-1-32] DEBUG org.asynchttpclient.netty.channel.ChannelManager - Adding key: http://localhost:35441 for channel [id: 0x0d8470ce, L:/127.0.0.1:56603 - R:localhost/127.0.0.1:35441]
19:55:13.553 [Forwarding getCurrentUrl on session 8b449b00f2ee6ec471ba365483ca0190 to remote] DEBUG org.asynchttpclient.netty.request.NettyRequestSender - Using pooled Channel '[id: 0x0d8470ce, L:/127.0.0.1:56603 - R:localhost/127.0.0.1:35441]' for 'GET' to 'http://localhost:35441/session/8b449b00f2ee6ec471ba365483ca0190/url'
19:55:13.553 [Forwarding getCurrentUrl on session 8b449b00f2ee6ec471ba365483ca0190 to remote] DEBUG org.asynchttpclient.netty.request.NettyRequestSender - Using open Channel [id: 0x0d8470ce, L:/127.0.0.1:56603 - R:localhost/127.0.0.1:35441] for GET '/session/8b449b00f2ee6ec471ba365483ca0190/url'
19:55:13.556 [AsyncHttpClient-1-32] DEBUG org.asynchttpclient.netty.handler.HttpHandler - 

Request DefaultFullHttpRequest(decodeResult: success, version: HTTP/1.1, content: EmptyByteBufBE)
GET /session/8b449b00f2ee6ec471ba365483ca0190/url HTTP/1.1
User-Agent: selenium/4.8.1 (java windows)
Cache-Control: no-cache
Content-Type: application/json; charset=utf-8
host: localhost:35441
accept: */*

Response DefaultHttpResponse(decodeResult: success, version: HTTP/1.1)
HTTP/1.1 200 OK
Content-Length: 52
Content-Type: application/json; charset=utf-8
cache-control: no-cache

19:55:13.556 [AsyncHttpClient-1-32] DEBUG org.asynchttpclient.netty.channel.ChannelManager - Adding key: http://localhost:35441 for channel [id: 0x0d8470ce, L:/127.0.0.1:56603 - R:localhost/127.0.0.1:35441]
19:55:13.558 [main] DEBUG net.thucydides.core.steps.StepInterceptor - STARTING STEP: ProductSteps.pressProductTitle - clickProductTitle
19:55:13.559 [Forwarding findElement on session 8b449b00f2ee6ec471ba365483ca0190 to remote] DEBUG org.asynchttpclient.netty.request.NettyRequestSender - Using pooled Channel '[id: 0x0d8470ce, L:/127.0.0.1:56603 - R:localhost/127.0.0.1:35441]' for 'POST' to 'http://localhost:35441/session/8b449b00f2ee6ec471ba365483ca0190/element'
19:55:13.559 [Forwarding findElement on session 8b449b00f2ee6ec471ba365483ca0190 to remote] DEBUG org.asynchttpclient.netty.request.NettyRequestSender - Using open Channel [id: 0x0d8470ce, L:/127.0.0.1:56603 - R:localhost/127.0.0.1:35441] for POST '/session/8b449b00f2ee6ec471ba365483ca0190/element'
19:55:13.569 [AsyncHttpClient-1-32] DEBUG org.asynchttpclient.netty.handler.HttpHandler - 

Request DefaultHttpRequest(decodeResult: success, version: HTTP/1.1)
POST /session/8b449b00f2ee6ec471ba365483ca0190/element HTTP/1.1
User-Agent: selenium/4.8.1 (java windows)
Content-Length: 82
Content-Type: application/json; charset=utf-8
host: localhost:35441
accept: */*

Response DefaultHttpResponse(decodeResult: success, version: HTTP/1.1)
HTTP/1.1 200 OK
Content-Length: 88
Content-Type: application/json; charset=utf-8
cache-control: no-cache

19:55:13.569 [AsyncHttpClient-1-32] DEBUG org.asynchttpclient.netty.channel.ChannelManager - Adding key: http://localhost:35441 for channel [id: 0x0d8470ce, L:/127.0.0.1:56603 - R:localhost/127.0.0.1:35441]
19:55:13.570 [Forwarding getElementTagName on session 8b449b00f2ee6ec471ba365483ca0190 to remote] DEBUG org.asynchttpclient.netty.request.NettyRequestSender - Using pooled Channel '[id: 0x0d8470ce, L:/127.0.0.1:56603 - R:localhost/127.0.0.1:35441]' for 'GET' to 'http://localhost:35441/session/8b449b00f2ee6ec471ba365483ca0190/element/8ee84f38-cba9-49cf-8e0a-cf221bee9b2b/name'
19:55:13.570 [Forwarding getElementTagName on session 8b449b00f2ee6ec471ba365483ca0190 to remote] DEBUG org.asynchttpclient.netty.request.NettyRequestSender - Using open Channel [id: 0x0d8470ce, L:/127.0.0.1:56603 - R:localhost/127.0.0.1:35441] for GET '/session/8b449b00f2ee6ec471ba365483ca0190/element/8ee84f38-cba9-49cf-8e0a-cf221bee9b2b/name'
19:55:13.573 [AsyncHttpClient-1-32] DEBUG org.asynchttpclient.netty.handler.HttpHandler - 

Request DefaultFullHttpRequest(decodeResult: success, version: HTTP/1.1, content: EmptyByteBufBE)
GET /session/8b449b00f2ee6ec471ba365483ca0190/element/8ee84f38-cba9-49cf-8e0a-cf221bee9b2b/name HTTP/1.1
User-Agent: selenium/4.8.1 (java windows)
Cache-Control: no-cache
Content-Type: application/json; charset=utf-8
host: localhost:35441
accept: */*

Response DefaultHttpResponse(decodeResult: success, version: HTTP/1.1)
HTTP/1.1 200 OK
Content-Length: 15
Content-Type: application/json; charset=utf-8
cache-control: no-cache

19:55:13.573 [AsyncHttpClient-1-32] DEBUG org.asynchttpclient.netty.channel.ChannelManager - Adding key: http://localhost:35441 for channel [id: 0x0d8470ce, L:/127.0.0.1:56603 - R:localhost/127.0.0.1:35441]
19:55:13.574 [Forwarding getElementTagName on session 8b449b00f2ee6ec471ba365483ca0190 to remote] DEBUG org.asynchttpclient.netty.request.NettyRequestSender - Using pooled Channel '[id: 0x0d8470ce, L:/127.0.0.1:56603 - R:localhost/127.0.0.1:35441]' for 'GET' to 'http://localhost:35441/session/8b449b00f2ee6ec471ba365483ca0190/element/8ee84f38-cba9-49cf-8e0a-cf221bee9b2b/name'
19:55:13.574 [Forwarding getElementTagName on session 8b449b00f2ee6ec471ba365483ca0190 to remote] DEBUG org.asynchttpclient.netty.request.NettyRequestSender - Using open Channel [id: 0x0d8470ce, L:/127.0.0.1:56603 - R:localhost/127.0.0.1:35441] for GET '/session/8b449b00f2ee6ec471ba365483ca0190/element/8ee84f38-cba9-49cf-8e0a-cf221bee9b2b/name'
19:55:13.576 [AsyncHttpClient-1-32] DEBUG org.asynchttpclient.netty.handler.HttpHandler - 

Request DefaultFullHttpRequest(decodeResult: success, version: HTTP/1.1, content: EmptyByteBufBE)
GET /session/8b449b00f2ee6ec471ba365483ca0190/element/8ee84f38-cba9-49cf-8e0a-cf221bee9b2b/name HTTP/1.1
User-Agent: selenium/4.8.1 (java windows)
Cache-Control: no-cache
Content-Type: application/json; charset=utf-8
host: localhost:35441
accept: */*

Response DefaultHttpResponse(decodeResult: success, version: HTTP/1.1)
HTTP/1.1 200 OK
Content-Length: 15
Content-Type: application/json; charset=utf-8
cache-control: no-cache

19:55:13.576 [AsyncHttpClient-1-32] DEBUG org.asynchttpclient.netty.channel.ChannelManager - Adding key: http://localhost:35441 for channel [id: 0x0d8470ce, L:/127.0.0.1:56603 - R:localhost/127.0.0.1:35441]
19:55:13.577 [Forwarding findElement on session 8b449b00f2ee6ec471ba365483ca0190 to remote] DEBUG org.asynchttpclient.netty.request.NettyRequestSender - Using pooled Channel '[id: 0x0d8470ce, L:/127.0.0.1:56603 - R:localhost/127.0.0.1:35441]' for 'POST' to 'http://localhost:35441/session/8b449b00f2ee6ec471ba365483ca0190/element'
19:55:13.577 [Forwarding findElement on session 8b449b00f2ee6ec471ba365483ca0190 to remote] DEBUG org.asynchttpclient.netty.request.NettyRequestSender - Using open Channel [id: 0x0d8470ce, L:/127.0.0.1:56603 - R:localhost/127.0.0.1:35441] for POST '/session/8b449b00f2ee6ec471ba365483ca0190/element'
19:55:13.583 [AsyncHttpClient-1-32] DEBUG org.asynchttpclient.netty.handler.HttpHandler - 

Request DefaultHttpRequest(decodeResult: success, version: HTTP/1.1)
POST /session/8b449b00f2ee6ec471ba365483ca0190/element HTTP/1.1
User-Agent: selenium/4.8.1 (java windows)
Content-Length: 82
Content-Type: application/json; charset=utf-8
host: localhost:35441
accept: */*

Response DefaultHttpResponse(decodeResult: success, version: HTTP/1.1)
HTTP/1.1 200 OK
Content-Length: 88
Content-Type: application/json; charset=utf-8
cache-control: no-cache

19:55:13.583 [AsyncHttpClient-1-32] DEBUG org.asynchttpclient.netty.channel.ChannelManager - Adding key: http://localhost:35441 for channel [id: 0x0d8470ce, L:/127.0.0.1:56603 - R:localhost/127.0.0.1:35441]
19:55:13.583 [Forwarding clickElement on session 8b449b00f2ee6ec471ba365483ca0190 to remote] DEBUG org.asynchttpclient.netty.request.NettyRequestSender - Using pooled Channel '[id: 0x0d8470ce, L:/127.0.0.1:56603 - R:localhost/127.0.0.1:35441]' for 'POST' to 'http://localhost:35441/session/8b449b00f2ee6ec471ba365483ca0190/element/8ee84f38-cba9-49cf-8e0a-cf221bee9b2b/click'
19:55:13.583 [Forwarding clickElement on session 8b449b00f2ee6ec471ba365483ca0190 to remote] DEBUG org.asynchttpclient.netty.request.NettyRequestSender - Using open Channel [id: 0x0d8470ce, L:/127.0.0.1:56603 - R:localhost/127.0.0.1:35441] for POST '/session/8b449b00f2ee6ec471ba365483ca0190/element/8ee84f38-cba9-49cf-8e0a-cf221bee9b2b/click'
19:55:13.628 [AsyncHttpClient-1-32] DEBUG org.asynchttpclient.netty.handler.HttpHandler - 

Request DefaultHttpRequest(decodeResult: success, version: HTTP/1.1)
POST /session/8b449b00f2ee6ec471ba365483ca0190/element/8ee84f38-cba9-49cf-8e0a-cf221bee9b2b/click HTTP/1.1
User-Agent: selenium/4.8.1 (java windows)
Content-Length: 50
Content-Type: application/json; charset=utf-8
host: localhost:35441
accept: */*

Response DefaultHttpResponse(decodeResult: success, version: HTTP/1.1)
HTTP/1.1 200 OK
Content-Length: 14
Content-Type: application/json; charset=utf-8
cache-control: no-cache

19:55:13.628 [AsyncHttpClient-1-32] DEBUG org.asynchttpclient.netty.channel.ChannelManager - Adding key: http://localhost:35441 for channel [id: 0x0d8470ce, L:/127.0.0.1:56603 - R:localhost/127.0.0.1:35441]
19:55:13.634 [Forwarding getAlertText on session 8b449b00f2ee6ec471ba365483ca0190 to remote] DEBUG org.asynchttpclient.netty.request.NettyRequestSender - Using pooled Channel '[id: 0x0d8470ce, L:/127.0.0.1:56603 - R:localhost/127.0.0.1:35441]' for 'GET' to 'http://localhost:35441/session/8b449b00f2ee6ec471ba365483ca0190/alert/text'
19:55:13.634 [Forwarding getAlertText on session 8b449b00f2ee6ec471ba365483ca0190 to remote] DEBUG org.asynchttpclient.netty.request.NettyRequestSender - Using open Channel [id: 0x0d8470ce, L:/127.0.0.1:56603 - R:localhost/127.0.0.1:35441] for GET '/session/8b449b00f2ee6ec471ba365483ca0190/alert/text'
19:55:13.635 [AsyncHttpClient-1-32] DEBUG org.asynchttpclient.netty.handler.HttpHandler - 

Request DefaultFullHttpRequest(decodeResult: success, version: HTTP/1.1, content: EmptyByteBufBE)
GET /session/8b449b00f2ee6ec471ba365483ca0190/alert/text HTTP/1.1
User-Agent: selenium/4.8.1 (java windows)
Cache-Control: no-cache
Content-Type: application/json; charset=utf-8
host: localhost:35441
accept: */*

Response DefaultHttpResponse(decodeResult: success, version: HTTP/1.1)
HTTP/1.1 404 Not Found
Content-Length: 816
Content-Type: application/json; charset=utf-8
cache-control: no-cache

19:55:13.635 [AsyncHttpClient-1-32] DEBUG org.asynchttpclient.netty.channel.ChannelManager - Adding key: http://localhost:35441 for channel [id: 0x0d8470ce, L:/127.0.0.1:56603 - R:localhost/127.0.0.1:35441]
19:55:13.636 [Forwarding getCurrentUrl on session 8b449b00f2ee6ec471ba365483ca0190 to remote] DEBUG org.asynchttpclient.netty.request.NettyRequestSender - Using pooled Channel '[id: 0x0d8470ce, L:/127.0.0.1:56603 - R:localhost/127.0.0.1:35441]' for 'GET' to 'http://localhost:35441/session/8b449b00f2ee6ec471ba365483ca0190/url'
19:55:13.636 [Forwarding getCurrentUrl on session 8b449b00f2ee6ec471ba365483ca0190 to remote] DEBUG org.asynchttpclient.netty.request.NettyRequestSender - Using open Channel [id: 0x0d8470ce, L:/127.0.0.1:56603 - R:localhost/127.0.0.1:35441] for GET '/session/8b449b00f2ee6ec471ba365483ca0190/url'
19:55:13.638 [AsyncHttpClient-1-32] DEBUG org.asynchttpclient.netty.handler.HttpHandler - 

Request DefaultFullHttpRequest(decodeResult: success, version: HTTP/1.1, content: EmptyByteBufBE)
GET /session/8b449b00f2ee6ec471ba365483ca0190/url HTTP/1.1
User-Agent: selenium/4.8.1 (java windows)
Cache-Control: no-cache
Content-Type: application/json; charset=utf-8
host: localhost:35441
accept: */*

Response DefaultHttpResponse(decodeResult: success, version: HTTP/1.1)
HTTP/1.1 200 OK
Content-Length: 62
Content-Type: application/json; charset=utf-8
cache-control: no-cache

19:55:13.638 [AsyncHttpClient-1-32] DEBUG org.asynchttpclient.netty.channel.ChannelManager - Adding key: http://localhost:35441 for channel [id: 0x0d8470ce, L:/127.0.0.1:56603 - R:localhost/127.0.0.1:35441]
19:55:13.638 [Forwarding screenshot on session 8b449b00f2ee6ec471ba365483ca0190 to remote] DEBUG org.asynchttpclient.netty.request.NettyRequestSender - Using pooled Channel '[id: 0x0d8470ce, L:/127.0.0.1:56603 - R:localhost/127.0.0.1:35441]' for 'GET' to 'http://localhost:35441/session/8b449b00f2ee6ec471ba365483ca0190/screenshot'
19:55:13.638 [Forwarding screenshot on session 8b449b00f2ee6ec471ba365483ca0190 to remote] DEBUG org.asynchttpclient.netty.request.NettyRequestSender - Using open Channel [id: 0x0d8470ce, L:/127.0.0.1:56603 - R:localhost/127.0.0.1:35441] for GET '/session/8b449b00f2ee6ec471ba365483ca0190/screenshot'
19:55:13.858 [AsyncHttpClient-1-32] DEBUG org.asynchttpclient.netty.handler.HttpHandler - 

Request DefaultFullHttpRequest(decodeResult: success, version: HTTP/1.1, content: EmptyByteBufBE)
GET /session/8b449b00f2ee6ec471ba365483ca0190/screenshot HTTP/1.1
User-Agent: selenium/4.8.1 (java windows)
Cache-Control: no-cache
Content-Type: application/json; charset=utf-8
host: localhost:35441
accept: */*

Response DefaultHttpResponse(decodeResult: success, version: HTTP/1.1)
HTTP/1.1 200 OK
Content-Length: 423156
Content-Type: application/json; charset=utf-8
cache-control: no-cache

19:55:13.859 [AsyncHttpClient-1-32] DEBUG org.asynchttpclient.netty.channel.ChannelManager - Adding key: http://localhost:35441 for channel [id: 0x0d8470ce, L:/127.0.0.1:56603 - R:localhost/127.0.0.1:35441]
19:55:13.869 [main] DEBUG net.serenitybdd.core.photography.Darkroom - Send negative for processing for target\site\serenity\185f0c7b6987352c044cfd9979bf315a50efcf7de2ab171086cfa22fc5582d9e.png
19:55:13.870 [main] DEBUG net.thucydides.core.steps.StepInterceptor - STEP DONE: clickProductTitle
  &amp#27;[32mWhen &amp#27;[0m&amp#27;[32mI press product &amp#27;[0m&amp#27;[32m&amp#27;[1m"Sauce Labs Bike Light"&amp#27;[0m&amp#27;[32m title&amp#27;[0m              &amp#27;[90m# starter.stepDefinitions.ProductSteps.pressProductTitle(java.lang.String)&amp#27;[0m
19:55:13.879 [Forwarding getPageSource on session 8b449b00f2ee6ec471ba365483ca0190 to remote] DEBUG org.asynchttpclient.netty.request.NettyRequestSender - Using pooled Channel '[id: 0x0d8470ce, L:/127.0.0.1:56603 - R:localhost/127.0.0.1:35441]' for 'POST' to 'http://localhost:35441/session/8b449b00f2ee6ec471ba365483ca0190/execute/sync'
19:55:13.879 [Forwarding getPageSource on session 8b449b00f2ee6ec471ba365483ca0190 to remote] DEBUG org.asynchttpclient.netty.request.NettyRequestSender - Using open Channel [id: 0x0d8470ce, L:/127.0.0.1:56603 - R:localhost/127.0.0.1:35441] for POST '/session/8b449b00f2ee6ec471ba365483ca0190/execute/sync'
19:55:13.883 [AsyncHttpClient-1-32] DEBUG org.asynchttpclient.netty.handler.HttpHandler - 

Request DefaultHttpRequest(decodeResult: success, version: HTTP/1.1)
POST /session/8b449b00f2ee6ec471ba365483ca0190/execute/sync HTTP/1.1
User-Agent: selenium/4.8.1 (java windows)
Content-Length: 176
Content-Type: application/json; charset=utf-8
host: localhost:35441
accept: */*

Response DefaultHttpResponse(decodeResult: success, version: HTTP/1.1)
HTTP/1.1 200 OK
Content-Length: 12407
Content-Type: application/json; charset=utf-8
cache-control: no-cache

19:55:13.883 [AsyncHttpClient-1-32] DEBUG org.asynchttpclient.netty.channel.ChannelManager - Adding key: http://localhost:35441 for channel [id: 0x0d8470ce, L:/127.0.0.1:56603 - R:localhost/127.0.0.1:35441]
19:55:13.885 [Forwarding getCurrentUrl on session 8b449b00f2ee6ec471ba365483ca0190 to remote] DEBUG org.asynchttpclient.netty.request.NettyRequestSender - Using pooled Channel '[id: 0x0d8470ce, L:/127.0.0.1:56603 - R:localhost/127.0.0.1:35441]' for 'GET' to 'http://localhost:35441/session/8b449b00f2ee6ec471ba365483ca0190/url'
19:55:13.885 [Forwarding getCurrentUrl on session 8b449b00f2ee6ec471ba365483ca0190 to remote] DEBUG org.asynchttpclient.netty.request.NettyRequestSender - Using open Channel [id: 0x0d8470ce, L:/127.0.0.1:56603 - R:localhost/127.0.0.1:35441] for GET '/session/8b449b00f2ee6ec471ba365483ca0190/url'
19:55:13.887 [AsyncHttpClient-1-32] DEBUG org.asynchttpclient.netty.handler.HttpHandler - 

Request DefaultFullHttpRequest(decodeResult: success, version: HTTP/1.1, content: EmptyByteBufBE)
GET /session/8b449b00f2ee6ec471ba365483ca0190/url HTTP/1.1
User-Agent: selenium/4.8.1 (java windows)
Cache-Control: no-cache
Content-Type: application/json; charset=utf-8
host: localhost:35441
accept: */*

Response DefaultHttpResponse(decodeResult: success, version: HTTP/1.1)
HTTP/1.1 200 OK
Content-Length: 62
Content-Type: application/json; charset=utf-8
cache-control: no-cache

19:55:13.887 [AsyncHttpClient-1-32] DEBUG org.asynchttpclient.netty.channel.ChannelManager - Adding key: http://localhost:35441 for channel [id: 0x0d8470ce, L:/127.0.0.1:56603 - R:localhost/127.0.0.1:35441]
19:55:13.896 [Forwarding getPageSource on session 8b449b00f2ee6ec471ba365483ca0190 to remote] DEBUG org.asynchttpclient.netty.request.NettyRequestSender - Using pooled Channel '[id: 0x0d8470ce, L:/127.0.0.1:56603 - R:localhost/127.0.0.1:35441]' for 'POST' to 'http://localhost:35441/session/8b449b00f2ee6ec471ba365483ca0190/execute/sync'
19:55:13.896 [Forwarding getPageSource on session 8b449b00f2ee6ec471ba365483ca0190 to remote] DEBUG org.asynchttpclient.netty.request.NettyRequestSender - Using open Channel [id: 0x0d8470ce, L:/127.0.0.1:56603 - R:localhost/127.0.0.1:35441] for POST '/session/8b449b00f2ee6ec471ba365483ca0190/execute/sync'
19:55:13.899 [AsyncHttpClient-1-32] DEBUG org.asynchttpclient.netty.handler.HttpHandler - 

Request DefaultHttpRequest(decodeResult: success, version: HTTP/1.1)
POST /session/8b449b00f2ee6ec471ba365483ca0190/execute/sync HTTP/1.1
User-Agent: selenium/4.8.1 (java windows)
Content-Length: 176
Content-Type: application/json; charset=utf-8
host: localhost:35441
accept: */*

Response DefaultHttpResponse(decodeResult: success, version: HTTP/1.1)
HTTP/1.1 200 OK
Content-Length: 12407
Content-Type: application/json; charset=utf-8
cache-control: no-cache

19:55:13.899 [AsyncHttpClient-1-32] DEBUG org.asynchttpclient.netty.channel.ChannelManager - Adding key: http://localhost:35441 for channel [id: 0x0d8470ce, L:/127.0.0.1:56603 - R:localhost/127.0.0.1:35441]
19:55:13.900 [Forwarding getCurrentUrl on session 8b449b00f2ee6ec471ba365483ca0190 to remote] DEBUG org.asynchttpclient.netty.request.NettyRequestSender - Using pooled Channel '[id: 0x0d8470ce, L:/127.0.0.1:56603 - R:localhost/127.0.0.1:35441]' for 'GET' to 'http://localhost:35441/session/8b449b00f2ee6ec471ba365483ca0190/url'
19:55:13.900 [Forwarding getCurrentUrl on session 8b449b00f2ee6ec471ba365483ca0190 to remote] DEBUG org.asynchttpclient.netty.request.NettyRequestSender - Using open Channel [id: 0x0d8470ce, L:/127.0.0.1:56603 - R:localhost/127.0.0.1:35441] for GET '/session/8b449b00f2ee6ec471ba365483ca0190/url'
19:55:13.902 [AsyncHttpClient-1-32] DEBUG org.asynchttpclient.netty.handler.HttpHandler - 

Request DefaultFullHttpRequest(decodeResult: success, version: HTTP/1.1, content: EmptyByteBufBE)
GET /session/8b449b00f2ee6ec471ba365483ca0190/url HTTP/1.1
User-Agent: selenium/4.8.1 (java windows)
Cache-Control: no-cache
Content-Type: application/json; charset=utf-8
host: localhost:35441
accept: */*

Response DefaultHttpResponse(decodeResult: success, version: HTTP/1.1)
HTTP/1.1 200 OK
Content-Length: 62
Content-Type: application/json; charset=utf-8
cache-control: no-cache

19:55:13.902 [AsyncHttpClient-1-32] DEBUG org.asynchttpclient.netty.channel.ChannelManager - Adding key: http://localhost:35441 for channel [id: 0x0d8470ce, L:/127.0.0.1:56603 - R:localhost/127.0.0.1:35441]
19:55:13.904 [main] DEBUG net.thucydides.core.steps.StepInterceptor - STARTING STEP: ProductSteps.arriveOnProductPage - checkBackButton
19:55:13.905 [Forwarding findElement on session 8b449b00f2ee6ec471ba365483ca0190 to remote] DEBUG org.asynchttpclient.netty.request.NettyRequestSender - Using pooled Channel '[id: 0x0d8470ce, L:/127.0.0.1:56603 - R:localhost/127.0.0.1:35441]' for 'POST' to 'http://localhost:35441/session/8b449b00f2ee6ec471ba365483ca0190/element'
19:55:13.905 [Forwarding findElement on session 8b449b00f2ee6ec471ba365483ca0190 to remote] DEBUG org.asynchttpclient.netty.request.NettyRequestSender - Using open Channel [id: 0x0d8470ce, L:/127.0.0.1:56603 - R:localhost/127.0.0.1:35441] for POST '/session/8b449b00f2ee6ec471ba365483ca0190/element'
19:55:13.916 [AsyncHttpClient-1-32] DEBUG org.asynchttpclient.netty.handler.HttpHandler - 

Request DefaultHttpRequest(decodeResult: success, version: HTTP/1.1)
POST /session/8b449b00f2ee6ec471ba365483ca0190/element HTTP/1.1
User-Agent: selenium/4.8.1 (java windows)
Content-Length: 65
Content-Type: application/json; charset=utf-8
host: localhost:35441
accept: */*

Response DefaultHttpResponse(decodeResult: success, version: HTTP/1.1)
HTTP/1.1 200 OK
Content-Length: 88
Content-Type: application/json; charset=utf-8
cache-control: no-cache

19:55:13.916 [AsyncHttpClient-1-32] DEBUG org.asynchttpclient.netty.channel.ChannelManager - Adding key: http://localhost:35441 for channel [id: 0x0d8470ce, L:/127.0.0.1:56603 - R:localhost/127.0.0.1:35441]
19:55:13.919 [Forwarding isElementDisplayed on session 8b449b00f2ee6ec471ba365483ca0190 to remote] DEBUG org.asynchttpclient.netty.request.NettyRequestSender - Using pooled Channel '[id: 0x0d8470ce, L:/127.0.0.1:56603 - R:localhost/127.0.0.1:35441]' for 'POST' to 'http://localhost:35441/session/8b449b00f2ee6ec471ba365483ca0190/execute/sync'
19:55:13.919 [Forwarding isElementDisplayed on session 8b449b00f2ee6ec471ba365483ca0190 to remote] DEBUG org.asynchttpclient.netty.request.NettyRequestSender - Using open Channel [id: 0x0d8470ce, L:/127.0.0.1:56603 - R:localhost/127.0.0.1:35441] for POST '/session/8b449b00f2ee6ec471ba365483ca0190/execute/sync'
19:55:13.930 [AsyncHttpClient-1-32] DEBUG org.asynchttpclient.netty.handler.HttpHandler - 

Request DefaultHttpRequest(decodeResult: success, version: HTTP/1.1)
POST /session/8b449b00f2ee6ec471ba365483ca0190/execute/sync HTTP/1.1
User-Agent: selenium/4.8.1 (java windows)
Content-Length: 48807
Content-Type: application/json; charset=utf-8
host: localhost:35441
accept: */*

Response DefaultHttpResponse(decodeResult: success, version: HTTP/1.1)
HTTP/1.1 200 OK
Content-Length: 14
Content-Type: application/json; charset=utf-8
cache-control: no-cache

19:55:13.930 [AsyncHttpClient-1-32] DEBUG org.asynchttpclient.netty.channel.ChannelManager - Adding key: http://localhost:35441 for channel [id: 0x0d8470ce, L:/127.0.0.1:56603 - R:localhost/127.0.0.1:35441]
19:55:13.932 [Forwarding isElementDisplayed on session 8b449b00f2ee6ec471ba365483ca0190 to remote] DEBUG org.asynchttpclient.netty.request.NettyRequestSender - Using pooled Channel '[id: 0x0d8470ce, L:/127.0.0.1:56603 - R:localhost/127.0.0.1:35441]' for 'POST' to 'http://localhost:35441/session/8b449b00f2ee6ec471ba365483ca0190/execute/sync'
19:55:13.932 [Forwarding isElementDisplayed on session 8b449b00f2ee6ec471ba365483ca0190 to remote] DEBUG org.asynchttpclient.netty.request.NettyRequestSender - Using open Channel [id: 0x0d8470ce, L:/127.0.0.1:56603 - R:localhost/127.0.0.1:35441] for POST '/session/8b449b00f2ee6ec471ba365483ca0190/execute/sync'
19:55:13.941 [AsyncHttpClient-1-32] DEBUG org.asynchttpclient.netty.handler.HttpHandler - 

Request DefaultHttpRequest(decodeResult: success, version: HTTP/1.1)
POST /session/8b449b00f2ee6ec471ba365483ca0190/execute/sync HTTP/1.1
User-Agent: selenium/4.8.1 (java windows)
Content-Length: 48807
Content-Type: application/json; charset=utf-8
host: localhost:35441
accept: */*

Response DefaultHttpResponse(decodeResult: success, version: HTTP/1.1)
HTTP/1.1 200 OK
Content-Length: 14
Content-Type: application/json; charset=utf-8
cache-control: no-cache

19:55:13.941 [AsyncHttpClient-1-32] DEBUG org.asynchttpclient.netty.channel.ChannelManager - Adding key: http://localhost:35441 for channel [id: 0x0d8470ce, L:/127.0.0.1:56603 - R:localhost/127.0.0.1:35441]
19:55:13.943 [Forwarding getAlertText on session 8b449b00f2ee6ec471ba365483ca0190 to remote] DEBUG org.asynchttpclient.netty.request.NettyRequestSender - Using pooled Channel '[id: 0x0d8470ce, L:/127.0.0.1:56603 - R:localhost/127.0.0.1:35441]' for 'GET' to 'http://localhost:35441/session/8b449b00f2ee6ec471ba365483ca0190/alert/text'
19:55:13.943 [Forwarding getAlertText on session 8b449b00f2ee6ec471ba365483ca0190 to remote] DEBUG org.asynchttpclient.netty.request.NettyRequestSender - Using open Channel [id: 0x0d8470ce, L:/127.0.0.1:56603 - R:localhost/127.0.0.1:35441] for GET '/session/8b449b00f2ee6ec471ba365483ca0190/alert/text'
19:55:13.944 [AsyncHttpClient-1-32] DEBUG org.asynchttpclient.netty.handler.HttpHandler - 

Request DefaultFullHttpRequest(decodeResult: success, version: HTTP/1.1, content: EmptyByteBufBE)
GET /session/8b449b00f2ee6ec471ba365483ca0190/alert/text HTTP/1.1
User-Agent: selenium/4.8.1 (java windows)
Cache-Control: no-cache
Content-Type: application/json; charset=utf-8
host: localhost:35441
accept: */*

Response DefaultHttpResponse(decodeResult: success, version: HTTP/1.1)
HTTP/1.1 404 Not Found
Content-Length: 816
Content-Type: application/json; charset=utf-8
cache-control: no-cache

19:55:13.944 [AsyncHttpClient-1-32] DEBUG org.asynchttpclient.netty.channel.ChannelManager - Adding key: http://localhost:35441 for channel [id: 0x0d8470ce, L:/127.0.0.1:56603 - R:localhost/127.0.0.1:35441]
19:55:13.945 [Forwarding getCurrentUrl on session 8b449b00f2ee6ec471ba365483ca0190 to remote] DEBUG org.asynchttpclient.netty.request.NettyRequestSender - Using pooled Channel '[id: 0x0d8470ce, L:/127.0.0.1:56603 - R:localhost/127.0.0.1:35441]' for 'GET' to 'http://localhost:35441/session/8b449b00f2ee6ec471ba365483ca0190/url'
19:55:13.945 [Forwarding getCurrentUrl on session 8b449b00f2ee6ec471ba365483ca0190 to remote] DEBUG org.asynchttpclient.netty.request.NettyRequestSender - Using open Channel [id: 0x0d8470ce, L:/127.0.0.1:56603 - R:localhost/127.0.0.1:35441] for GET '/session/8b449b00f2ee6ec471ba365483ca0190/url'
19:55:13.947 [AsyncHttpClient-1-32] DEBUG org.asynchttpclient.netty.handler.HttpHandler - 

Request DefaultFullHttpRequest(decodeResult: success, version: HTTP/1.1, content: EmptyByteBufBE)
GET /session/8b449b00f2ee6ec471ba365483ca0190/url HTTP/1.1
User-Agent: selenium/4.8.1 (java windows)
Cache-Control: no-cache
Content-Type: application/json; charset=utf-8
host: localhost:35441
accept: */*

Response DefaultHttpResponse(decodeResult: success, version: HTTP/1.1)
HTTP/1.1 200 OK
Content-Length: 62
Content-Type: application/json; charset=utf-8
cache-control: no-cache

19:55:13.947 [AsyncHttpClient-1-32] DEBUG org.asynchttpclient.netty.channel.ChannelManager - Adding key: http://localhost:35441 for channel [id: 0x0d8470ce, L:/127.0.0.1:56603 - R:localhost/127.0.0.1:35441]
19:55:13.948 [Forwarding screenshot on session 8b449b00f2ee6ec471ba365483ca0190 to remote] DEBUG org.asynchttpclient.netty.request.NettyRequestSender - Using pooled Channel '[id: 0x0d8470ce, L:/127.0.0.1:56603 - R:localhost/127.0.0.1:35441]' for 'GET' to 'http://localhost:35441/session/8b449b00f2ee6ec471ba365483ca0190/screenshot'
19:55:13.948 [Forwarding screenshot on session 8b449b00f2ee6ec471ba365483ca0190 to remote] DEBUG org.asynchttpclient.netty.request.NettyRequestSender - Using open Channel [id: 0x0d8470ce, L:/127.0.0.1:56603 - R:localhost/127.0.0.1:35441] for GET '/session/8b449b00f2ee6ec471ba365483ca0190/screenshot'
19:55:14.107 [AsyncHttpClient-1-1] DEBUG org.asynchttpclient.netty.channel.DefaultChannelPool - Entry count for : http://localhost:56605 : 1
19:55:14.125 [AsyncHttpClient-1-32] DEBUG org.asynchttpclient.netty.handler.HttpHandler - 

Request DefaultFullHttpRequest(decodeResult: success, version: HTTP/1.1, content: EmptyByteBufBE)
GET /session/8b449b00f2ee6ec471ba365483ca0190/screenshot HTTP/1.1
User-Agent: selenium/4.8.1 (java windows)
Cache-Control: no-cache
Content-Type: application/json; charset=utf-8
host: localhost:35441
accept: */*

Response DefaultHttpResponse(decodeResult: success, version: HTTP/1.1)
HTTP/1.1 200 OK
Content-Length: 423156
Content-Type: application/json; charset=utf-8
cache-control: no-cache

19:55:14.126 [AsyncHttpClient-1-32] DEBUG org.asynchttpclient.netty.channel.ChannelManager - Adding key: http://localhost:35441 for channel [id: 0x0d8470ce, L:/127.0.0.1:56603 - R:localhost/127.0.0.1:35441]
19:55:14.132 [main] DEBUG net.serenitybdd.core.photography.Darkroom - Send negative for processing for target\site\serenity\185f0c7b6987352c044cfd9979bf315a50efcf7de2ab171086cfa22fc5582d9e.png
19:55:14.132 [main] DEBUG net.thucydides.core.steps.StepInterceptor - STEP DONE: checkBackButton
  &amp#27;[32mThen &amp#27;[0m&amp#27;[32mI will be directed to product page&amp#27;[0m                         &amp#27;[90m# starter.stepDefinitions.ProductSteps.arriveOnProductPage()&amp#27;[0m
19:55:14.137 [Forwarding getPageSource on session 8b449b00f2ee6ec471ba365483ca0190 to remote] DEBUG org.asynchttpclient.netty.request.NettyRequestSender - Using pooled Channel '[id: 0x0d8470ce, L:/127.0.0.1:56603 - R:localhost/127.0.0.1:35441]' for 'POST' to 'http://localhost:35441/session/8b449b00f2ee6ec471ba365483ca0190/execute/sync'
19:55:14.137 [Forwarding getPageSource on session 8b449b00f2ee6ec471ba365483ca0190 to remote] DEBUG org.asynchttpclient.netty.request.NettyRequestSender - Using open Channel [id: 0x0d8470ce, L:/127.0.0.1:56603 - R:localhost/127.0.0.1:35441] for POST '/session/8b449b00f2ee6ec471ba365483ca0190/execute/sync'
19:55:14.141 [AsyncHttpClient-1-32] DEBUG org.asynchttpclient.netty.handler.HttpHandler - 

Request DefaultHttpRequest(decodeResult: success, version: HTTP/1.1)
POST /session/8b449b00f2ee6ec471ba365483ca0190/execute/sync HTTP/1.1
User-Agent: selenium/4.8.1 (java windows)
Content-Length: 176
Content-Type: application/json; charset=utf-8
host: localhost:35441
accept: */*

Response DefaultHttpResponse(decodeResult: success, version: HTTP/1.1)
HTTP/1.1 200 OK
Content-Length: 12407
Content-Type: application/json; charset=utf-8
cache-control: no-cache

19:55:14.141 [AsyncHttpClient-1-32] DEBUG org.asynchttpclient.netty.channel.ChannelManager - Adding key: http://localhost:35441 for channel [id: 0x0d8470ce, L:/127.0.0.1:56603 - R:localhost/127.0.0.1:35441]
19:55:14.143 [Forwarding getCurrentUrl on session 8b449b00f2ee6ec471ba365483ca0190 to remote] DEBUG org.asynchttpclient.netty.request.NettyRequestSender - Using pooled Channel '[id: 0x0d8470ce, L:/127.0.0.1:56603 - R:localhost/127.0.0.1:35441]' for 'GET' to 'http://localhost:35441/session/8b449b00f2ee6ec471ba365483ca0190/url'
19:55:14.143 [Forwarding getCurrentUrl on session 8b449b00f2ee6ec471ba365483ca0190 to remote] DEBUG org.asynchttpclient.netty.request.NettyRequestSender - Using open Channel [id: 0x0d8470ce, L:/127.0.0.1:56603 - R:localhost/127.0.0.1:35441] for GET '/session/8b449b00f2ee6ec471ba365483ca0190/url'
19:55:14.145 [AsyncHttpClient-1-32] DEBUG org.asynchttpclient.netty.handler.HttpHandler - 

Request DefaultFullHttpRequest(decodeResult: success, version: HTTP/1.1, content: EmptyByteBufBE)
GET /session/8b449b00f2ee6ec471ba365483ca0190/url HTTP/1.1
User-Agent: selenium/4.8.1 (java windows)
Cache-Control: no-cache
Content-Type: application/json; charset=utf-8
host: localhost:35441
accept: */*

Response DefaultHttpResponse(decodeResult: success, version: HTTP/1.1)
HTTP/1.1 200 OK
Content-Length: 62
Content-Type: application/json; charset=utf-8
cache-control: no-cache

19:55:14.145 [AsyncHttpClient-1-32] DEBUG org.asynchttpclient.netty.channel.ChannelManager - Adding key: http://localhost:35441 for channel [id: 0x0d8470ce, L:/127.0.0.1:56603 - R:localhost/127.0.0.1:35441]
19:55:14.151 [Forwarding getPageSource on session 8b449b00f2ee6ec471ba365483ca0190 to remote] DEBUG org.asynchttpclient.netty.request.NettyRequestSender - Using pooled Channel '[id: 0x0d8470ce, L:/127.0.0.1:56603 - R:localhost/127.0.0.1:35441]' for 'POST' to 'http://localhost:35441/session/8b449b00f2ee6ec471ba365483ca0190/execute/sync'
19:55:14.151 [Forwarding getPageSource on session 8b449b00f2ee6ec471ba365483ca0190 to remote] DEBUG org.asynchttpclient.netty.request.NettyRequestSender - Using open Channel [id: 0x0d8470ce, L:/127.0.0.1:56603 - R:localhost/127.0.0.1:35441] for POST '/session/8b449b00f2ee6ec471ba365483ca0190/execute/sync'
19:55:14.155 [AsyncHttpClient-1-32] DEBUG org.asynchttpclient.netty.handler.HttpHandler - 

Request DefaultHttpRequest(decodeResult: success, version: HTTP/1.1)
POST /session/8b449b00f2ee6ec471ba365483ca0190/execute/sync HTTP/1.1
User-Agent: selenium/4.8.1 (java windows)
Content-Length: 176
Content-Type: application/json; charset=utf-8
host: localhost:35441
accept: */*

Response DefaultHttpResponse(decodeResult: success, version: HTTP/1.1)
HTTP/1.1 200 OK
Content-Length: 12407
Content-Type: application/json; charset=utf-8
cache-control: no-cache

19:55:14.155 [AsyncHttpClient-1-32] DEBUG org.asynchttpclient.netty.channel.ChannelManager - Adding key: http://localhost:35441 for channel [id: 0x0d8470ce, L:/127.0.0.1:56603 - R:localhost/127.0.0.1:35441]
19:55:14.156 [Forwarding getCurrentUrl on session 8b449b00f2ee6ec471ba365483ca0190 to remote] DEBUG org.asynchttpclient.netty.request.NettyRequestSender - Using pooled Channel '[id: 0x0d8470ce, L:/127.0.0.1:56603 - R:localhost/127.0.0.1:35441]' for 'GET' to 'http://localhost:35441/session/8b449b00f2ee6ec471ba365483ca0190/url'
19:55:14.156 [Forwarding getCurrentUrl on session 8b449b00f2ee6ec471ba365483ca0190 to remote] DEBUG org.asynchttpclient.netty.request.NettyRequestSender - Using open Channel [id: 0x0d8470ce, L:/127.0.0.1:56603 - R:localhost/127.0.0.1:35441] for GET '/session/8b449b00f2ee6ec471ba365483ca0190/url'
19:55:14.158 [AsyncHttpClient-1-32] DEBUG org.asynchttpclient.netty.handler.HttpHandler - 

Request DefaultFullHttpRequest(decodeResult: success, version: HTTP/1.1, content: EmptyByteBufBE)
GET /session/8b449b00f2ee6ec471ba365483ca0190/url HTTP/1.1
User-Agent: selenium/4.8.1 (java windows)
Cache-Control: no-cache
Content-Type: application/json; charset=utf-8
host: localhost:35441
accept: */*

Response DefaultHttpResponse(decodeResult: success, version: HTTP/1.1)
HTTP/1.1 200 OK
Content-Length: 62
Content-Type: application/json; charset=utf-8
cache-control: no-cache

19:55:14.158 [AsyncHttpClient-1-32] DEBUG org.asynchttpclient.netty.channel.ChannelManager - Adding key: http://localhost:35441 for channel [id: 0x0d8470ce, L:/127.0.0.1:56603 - R:localhost/127.0.0.1:35441]
19:55:14.160 [main] DEBUG net.thucydides.core.steps.StepInterceptor - STARTING STEP: ProductSteps.checkProductTitle - checkProductTitle
19:55:14.163 [main] DEBUG net.thucydides.core.steps.StepInterceptor - STEP DONE: checkProductTitle
  &amp#27;[32mAnd &amp#27;[0m&amp#27;[32mI can see the same product &amp#27;[0m&amp#27;[32m&amp#27;[1m"Sauce Labs Bike Light"&amp#27;[0m&amp#27;[32m title&amp#27;[0m    &amp#27;[90m# starter.stepDefinitions.ProductSteps.checkProductTitle(java.lang.String)&amp#27;[0m
19:55:14.168 [Forwarding getPageSource on session 8b449b00f2ee6ec471ba365483ca0190 to remote] DEBUG org.asynchttpclient.netty.request.NettyRequestSender - Using pooled Channel '[id: 0x0d8470ce, L:/127.0.0.1:56603 - R:localhost/127.0.0.1:35441]' for 'POST' to 'http://localhost:35441/session/8b449b00f2ee6ec471ba365483ca0190/execute/sync'
19:55:14.168 [Forwarding getPageSource on session 8b449b00f2ee6ec471ba365483ca0190 to remote] DEBUG org.asynchttpclient.netty.request.NettyRequestSender - Using open Channel [id: 0x0d8470ce, L:/127.0.0.1:56603 - R:localhost/127.0.0.1:35441] for POST '/session/8b449b00f2ee6ec471ba365483ca0190/execute/sync'
19:55:14.171 [AsyncHttpClient-1-32] DEBUG org.asynchttpclient.netty.handler.HttpHandler - 

Request DefaultHttpRequest(decodeResult: success, version: HTTP/1.1)
POST /session/8b449b00f2ee6ec471ba365483ca0190/execute/sync HTTP/1.1
User-Agent: selenium/4.8.1 (java windows)
Content-Length: 176
Content-Type: application/json; charset=utf-8
host: localhost:35441
accept: */*

Response DefaultHttpResponse(decodeResult: success, version: HTTP/1.1)
HTTP/1.1 200 OK
Content-Length: 12407
Content-Type: application/json; charset=utf-8
cache-control: no-cache

19:55:14.171 [AsyncHttpClient-1-32] DEBUG org.asynchttpclient.netty.channel.ChannelManager - Adding key: http://localhost:35441 for channel [id: 0x0d8470ce, L:/127.0.0.1:56603 - R:localhost/127.0.0.1:35441]
19:55:14.172 [Forwarding getCurrentUrl on session 8b449b00f2ee6ec471ba365483ca0190 to remote] DEBUG org.asynchttpclient.netty.request.NettyRequestSender - Using pooled Channel '[id: 0x0d8470ce, L:/127.0.0.1:56603 - R:localhost/127.0.0.1:35441]' for 'GET' to 'http://localhost:35441/session/8b449b00f2ee6ec471ba365483ca0190/url'
19:55:14.172 [Forwarding getCurrentUrl on session 8b449b00f2ee6ec471ba365483ca0190 to remote] DEBUG org.asynchttpclient.netty.request.NettyRequestSender - Using open Channel [id: 0x0d8470ce, L:/127.0.0.1:56603 - R:localhost/127.0.0.1:35441] for GET '/session/8b449b00f2ee6ec471ba365483ca0190/url'
19:55:14.174 [AsyncHttpClient-1-32] DEBUG org.asynchttpclient.netty.handler.HttpHandler - 

Request DefaultFullHttpRequest(decodeResult: success, version: HTTP/1.1, content: EmptyByteBufBE)
GET /session/8b449b00f2ee6ec471ba365483ca0190/url HTTP/1.1
User-Agent: selenium/4.8.1 (java windows)
Cache-Control: no-cache
Content-Type: application/json; charset=utf-8
host: localhost:35441
accept: */*

Response DefaultHttpResponse(decodeResult: success, version: HTTP/1.1)
HTTP/1.1 200 OK
Content-Length: 62
Content-Type: application/json; charset=utf-8
cache-control: no-cache

19:55:14.175 [AsyncHttpClient-1-32] DEBUG org.asynchttpclient.netty.channel.ChannelManager - Adding key: http://localhost:35441 for channel [id: 0x0d8470ce, L:/127.0.0.1:56603 - R:localhost/127.0.0.1:35441]
19:55:14.181 [Forwarding getPageSource on session 8b449b00f2ee6ec471ba365483ca0190 to remote] DEBUG org.asynchttpclient.netty.request.NettyRequestSender - Using pooled Channel '[id: 0x0d8470ce, L:/127.0.0.1:56603 - R:localhost/127.0.0.1:35441]' for 'POST' to 'http://localhost:35441/session/8b449b00f2ee6ec471ba365483ca0190/execute/sync'
19:55:14.181 [Forwarding getPageSource on session 8b449b00f2ee6ec471ba365483ca0190 to remote] DEBUG org.asynchttpclient.netty.request.NettyRequestSender - Using open Channel [id: 0x0d8470ce, L:/127.0.0.1:56603 - R:localhost/127.0.0.1:35441] for POST '/session/8b449b00f2ee6ec471ba365483ca0190/execute/sync'
19:55:14.184 [AsyncHttpClient-1-32] DEBUG org.asynchttpclient.netty.handler.HttpHandler - 

Request DefaultHttpRequest(decodeResult: success, version: HTTP/1.1)
POST /session/8b449b00f2ee6ec471ba365483ca0190/execute/sync HTTP/1.1
User-Agent: selenium/4.8.1 (java windows)
Content-Length: 176
Content-Type: application/json; charset=utf-8
host: localhost:35441
accept: */*

Response DefaultHttpResponse(decodeResult: success, version: HTTP/1.1)
HTTP/1.1 200 OK
Content-Length: 12407
Content-Type: application/json; charset=utf-8
cache-control: no-cache

19:55:14.184 [AsyncHttpClient-1-32] DEBUG org.asynchttpclient.netty.channel.ChannelManager - Adding key: http://localhost:35441 for channel [id: 0x0d8470ce, L:/127.0.0.1:56603 - R:localhost/127.0.0.1:35441]
19:55:14.185 [Forwarding getCurrentUrl on session 8b449b00f2ee6ec471ba365483ca0190 to remote] DEBUG org.asynchttpclient.netty.request.NettyRequestSender - Using pooled Channel '[id: 0x0d8470ce, L:/127.0.0.1:56603 - R:localhost/127.0.0.1:35441]' for 'GET' to 'http://localhost:35441/session/8b449b00f2ee6ec471ba365483ca0190/url'
19:55:14.186 [Forwarding getCurrentUrl on session 8b449b00f2ee6ec471ba365483ca0190 to remote] DEBUG org.asynchttpclient.netty.request.NettyRequestSender - Using open Channel [id: 0x0d8470ce, L:/127.0.0.1:56603 - R:localhost/127.0.0.1:35441] for GET '/session/8b449b00f2ee6ec471ba365483ca0190/url'
19:55:14.187 [AsyncHttpClient-1-32] DEBUG org.asynchttpclient.netty.handler.HttpHandler - 

Request DefaultFullHttpRequest(decodeResult: success, version: HTTP/1.1, content: EmptyByteBufBE)
GET /session/8b449b00f2ee6ec471ba365483ca0190/url HTTP/1.1
User-Agent: selenium/4.8.1 (java windows)
Cache-Control: no-cache
Content-Type: application/json; charset=utf-8
host: localhost:35441
accept: */*

Response DefaultHttpResponse(decodeResult: success, version: HTTP/1.1)
HTTP/1.1 200 OK
Content-Length: 62
Content-Type: application/json; charset=utf-8
cache-control: no-cache

19:55:14.187 [AsyncHttpClient-1-32] DEBUG org.asynchttpclient.netty.channel.ChannelManager - Adding key: http://localhost:35441 for channel [id: 0x0d8470ce, L:/127.0.0.1:56603 - R:localhost/127.0.0.1:35441]
19:55:14.189 [main] DEBUG net.thucydides.core.steps.StepInterceptor - STARTING STEP: ProductSteps.checkProductDesc - checkProductDesc
19:55:14.190 [Forwarding findElement on session 8b449b00f2ee6ec471ba365483ca0190 to remote] DEBUG org.asynchttpclient.netty.request.NettyRequestSender - Using pooled Channel '[id: 0x0d8470ce, L:/127.0.0.1:56603 - R:localhost/127.0.0.1:35441]' for 'POST' to 'http://localhost:35441/session/8b449b00f2ee6ec471ba365483ca0190/element'
19:55:14.190 [Forwarding findElement on session 8b449b00f2ee6ec471ba365483ca0190 to remote] DEBUG org.asynchttpclient.netty.request.NettyRequestSender - Using open Channel [id: 0x0d8470ce, L:/127.0.0.1:56603 - R:localhost/127.0.0.1:35441] for POST '/session/8b449b00f2ee6ec471ba365483ca0190/element'
19:55:15.209 [AsyncHttpClient-1-1] DEBUG org.asynchttpclient.netty.channel.DefaultChannelPool - Entry count for : http://localhost:56605 : 1
19:55:16.195 [AsyncHttpClient-1-32] DEBUG org.asynchttpclient.netty.handler.HttpHandler - 

Request DefaultHttpRequest(decodeResult: success, version: HTTP/1.1)
POST /session/8b449b00f2ee6ec471ba365483ca0190/element HTTP/1.1
User-Agent: selenium/4.8.1 (java windows)
Content-Length: 70
Content-Type: application/json; charset=utf-8
host: localhost:35441
accept: */*

Response DefaultHttpResponse(decodeResult: success, version: HTTP/1.1)
HTTP/1.1 404 Not Found
Content-Length: 949
Content-Type: application/json; charset=utf-8
cache-control: no-cache

19:55:16.195 [AsyncHttpClient-1-32] DEBUG org.asynchttpclient.netty.channel.ChannelManager - Adding key: http://localhost:35441 for channel [id: 0x0d8470ce, L:/127.0.0.1:56603 - R:localhost/127.0.0.1:35441]
19:55:16.201 [Forwarding getAlertText on session 8b449b00f2ee6ec471ba365483ca0190 to remote] DEBUG org.asynchttpclient.netty.request.NettyRequestSender - Using pooled Channel '[id: 0x0d8470ce, L:/127.0.0.1:56603 - R:localhost/127.0.0.1:35441]' for 'GET' to 'http://localhost:35441/session/8b449b00f2ee6ec471ba365483ca0190/alert/text'
19:55:16.201 [Forwarding getAlertText on session 8b449b00f2ee6ec471ba365483ca0190 to remote] DEBUG org.asynchttpclient.netty.request.NettyRequestSender - Using open Channel [id: 0x0d8470ce, L:/127.0.0.1:56603 - R:localhost/127.0.0.1:35441] for GET '/session/8b449b00f2ee6ec471ba365483ca0190/alert/text'
19:55:16.202 [AsyncHttpClient-1-32] DEBUG org.asynchttpclient.netty.handler.HttpHandler - 

Request DefaultFullHttpRequest(decodeResult: success, version: HTTP/1.1, content: EmptyByteBufBE)
GET /session/8b449b00f2ee6ec471ba365483ca0190/alert/text HTTP/1.1
User-Agent: selenium/4.8.1 (java windows)
Cache-Control: no-cache
Content-Type: application/json; charset=utf-8
host: localhost:35441
accept: */*

Response DefaultHttpResponse(decodeResult: success, version: HTTP/1.1)
HTTP/1.1 404 Not Found
Content-Length: 816
Content-Type: application/json; charset=utf-8
cache-control: no-cache

19:55:16.202 [AsyncHttpClient-1-32] DEBUG org.asynchttpclient.netty.channel.ChannelManager - Adding key: http://localhost:35441 for channel [id: 0x0d8470ce, L:/127.0.0.1:56603 - R:localhost/127.0.0.1:35441]
19:55:16.204 [Forwarding getCurrentUrl on session 8b449b00f2ee6ec471ba365483ca0190 to remote] DEBUG org.asynchttpclient.netty.request.NettyRequestSender - Using pooled Channel '[id: 0x0d8470ce, L:/127.0.0.1:56603 - R:localhost/127.0.0.1:35441]' for 'GET' to 'http://localhost:35441/session/8b449b00f2ee6ec471ba365483ca0190/url'
19:55:16.204 [Forwarding getCurrentUrl on session 8b449b00f2ee6ec471ba365483ca0190 to remote] DEBUG org.asynchttpclient.netty.request.NettyRequestSender - Using open Channel [id: 0x0d8470ce, L:/127.0.0.1:56603 - R:localhost/127.0.0.1:35441] for GET '/session/8b449b00f2ee6ec471ba365483ca0190/url'
19:55:16.206 [AsyncHttpClient-1-32] DEBUG org.asynchttpclient.netty.handler.HttpHandler - 

Request DefaultFullHttpRequest(decodeResult: success, version: HTTP/1.1, content: EmptyByteBufBE)
GET /session/8b449b00f2ee6ec471ba365483ca0190/url HTTP/1.1
User-Agent: selenium/4.8.1 (java windows)
Cache-Control: no-cache
Content-Type: application/json; charset=utf-8
host: localhost:35441
accept: */*

Response DefaultHttpResponse(decodeResult: success, version: HTTP/1.1)
HTTP/1.1 200 OK
Content-Length: 62
Content-Type: application/json; charset=utf-8
cache-control: no-cache

19:55:16.206 [AsyncHttpClient-1-32] DEBUG org.asynchttpclient.netty.channel.ChannelManager - Adding key: http://localhost:35441 for channel [id: 0x0d8470ce, L:/127.0.0.1:56603 - R:localhost/127.0.0.1:35441]
19:55:16.207 [Forwarding screenshot on session 8b449b00f2ee6ec471ba365483ca0190 to remote] DEBUG org.asynchttpclient.netty.request.NettyRequestSender - Using pooled Channel '[id: 0x0d8470ce, L:/127.0.0.1:56603 - R:localhost/127.0.0.1:35441]' for 'GET' to 'http://localhost:35441/session/8b449b00f2ee6ec471ba365483ca0190/screenshot'
19:55:16.207 [Forwarding screenshot on session 8b449b00f2ee6ec471ba365483ca0190 to remote] DEBUG org.asynchttpclient.netty.request.NettyRequestSender - Using open Channel [id: 0x0d8470ce, L:/127.0.0.1:56603 - R:localhost/127.0.0.1:35441] for GET '/session/8b449b00f2ee6ec471ba365483ca0190/screenshot'
19:55:16.320 [AsyncHttpClient-1-1] DEBUG org.asynchttpclient.netty.channel.DefaultChannelPool - Entry count for : http://localhost:56605 : 1
19:55:16.470 [AsyncHttpClient-1-32] DEBUG org.asynchttpclient.netty.handler.HttpHandler - 

Request DefaultFullHttpRequest(decodeResult: success, version: HTTP/1.1, content: EmptyByteBufBE)
GET /session/8b449b00f2ee6ec471ba365483ca0190/screenshot HTTP/1.1
User-Agent: selenium/4.8.1 (java windows)
Cache-Control: no-cache
Content-Type: application/json; charset=utf-8
host: localhost:35441
accept: */*

Response DefaultHttpResponse(decodeResult: success, version: HTTP/1.1)
HTTP/1.1 200 OK
Content-Length: 423156
Content-Type: application/json; charset=utf-8
cache-control: no-cache

19:55:16.471 [AsyncHttpClient-1-32] DEBUG org.asynchttpclient.netty.channel.ChannelManager - Adding key: http://localhost:35441 for channel [id: 0x0d8470ce, L:/127.0.0.1:56603 - R:localhost/127.0.0.1:35441]
19:55:16.479 [main] DEBUG net.serenitybdd.core.photography.Darkroom - Send negative for processing for target\site\serenity\185f0c7b6987352c044cfd9979bf315a50efcf7de2ab171086cfa22fc5582d9e.png
19:55:16.480 [main] DEBUG net.thucydides.core.steps.StepInterceptor - STEP DONE: checkProductDesc
  &amp#27;[32mAnd &amp#27;[0m&amp#27;[32mI can see product description&amp#27;[0m                               &amp#27;[90m# starter.stepDefinitions.ProductSteps.checkProductDesc()&amp#27;[0m
19:55:16.487 [Forwarding getPageSource on session 8b449b00f2ee6ec471ba365483ca0190 to remote] DEBUG org.asynchttpclient.netty.request.NettyRequestSender - Using pooled Channel '[id: 0x0d8470ce, L:/127.0.0.1:56603 - R:localhost/127.0.0.1:35441]' for 'POST' to 'http://localhost:35441/session/8b449b00f2ee6ec471ba365483ca0190/execute/sync'
19:55:16.487 [Forwarding getPageSource on session 8b449b00f2ee6ec471ba365483ca0190 to remote] DEBUG org.asynchttpclient.netty.request.NettyRequestSender - Using open Channel [id: 0x0d8470ce, L:/127.0.0.1:56603 - R:localhost/127.0.0.1:35441] for POST '/session/8b449b00f2ee6ec471ba365483ca0190/execute/sync'
19:55:16.491 [AsyncHttpClient-1-32] DEBUG org.asynchttpclient.netty.handler.HttpHandler - 

Request DefaultHttpRequest(decodeResult: success, version: HTTP/1.1)
POST /session/8b449b00f2ee6ec471ba365483ca0190/execute/sync HTTP/1.1
User-Agent: selenium/4.8.1 (java windows)
Content-Length: 176
Content-Type: application/json; charset=utf-8
host: localhost:35441
accept: */*

Response DefaultHttpResponse(decodeResult: success, version: HTTP/1.1)
HTTP/1.1 200 OK
Content-Length: 12407
Content-Type: application/json; charset=utf-8
cache-control: no-cache

19:55:16.491 [AsyncHttpClient-1-32] DEBUG org.asynchttpclient.netty.channel.ChannelManager - Adding key: http://localhost:35441 for channel [id: 0x0d8470ce, L:/127.0.0.1:56603 - R:localhost/127.0.0.1:35441]
19:55:16.493 [Forwarding getCurrentUrl on session 8b449b00f2ee6ec471ba365483ca0190 to remote] DEBUG org.asynchttpclient.netty.request.NettyRequestSender - Using pooled Channel '[id: 0x0d8470ce, L:/127.0.0.1:56603 - R:localhost/127.0.0.1:35441]' for 'GET' to 'http://localhost:35441/session/8b449b00f2ee6ec471ba365483ca0190/url'
19:55:16.493 [Forwarding getCurrentUrl on session 8b449b00f2ee6ec471ba365483ca0190 to remote] DEBUG org.asynchttpclient.netty.request.NettyRequestSender - Using open Channel [id: 0x0d8470ce, L:/127.0.0.1:56603 - R:localhost/127.0.0.1:35441] for GET '/session/8b449b00f2ee6ec471ba365483ca0190/url'
19:55:16.500 [AsyncHttpClient-1-32] DEBUG org.asynchttpclient.netty.handler.HttpHandler - 

Request DefaultFullHttpRequest(decodeResult: success, version: HTTP/1.1, content: EmptyByteBufBE)
GET /session/8b449b00f2ee6ec471ba365483ca0190/url HTTP/1.1
User-Agent: selenium/4.8.1 (java windows)
Cache-Control: no-cache
Content-Type: application/json; charset=utf-8
host: localhost:35441
accept: */*

Response DefaultHttpResponse(decodeResult: success, version: HTTP/1.1)
HTTP/1.1 200 OK
Content-Length: 62
Content-Type: application/json; charset=utf-8
cache-control: no-cache

19:55:16.500 [AsyncHttpClient-1-32] DEBUG org.asynchttpclient.netty.channel.ChannelManager - Adding key: http://localhost:35441 for channel [id: 0x0d8470ce, L:/127.0.0.1:56603 - R:localhost/127.0.0.1:35441]
19:55:16.508 [Forwarding getPageSource on session 8b449b00f2ee6ec471ba365483ca0190 to remote] DEBUG org.asynchttpclient.netty.request.NettyRequestSender - Using pooled Channel '[id: 0x0d8470ce, L:/127.0.0.1:56603 - R:localhost/127.0.0.1:35441]' for 'POST' to 'http://localhost:35441/session/8b449b00f2ee6ec471ba365483ca0190/execute/sync'
19:55:16.508 [Forwarding getPageSource on session 8b449b00f2ee6ec471ba365483ca0190 to remote] DEBUG org.asynchttpclient.netty.request.NettyRequestSender - Using open Channel [id: 0x0d8470ce, L:/127.0.0.1:56603 - R:localhost/127.0.0.1:35441] for POST '/session/8b449b00f2ee6ec471ba365483ca0190/execute/sync'
19:55:16.513 [AsyncHttpClient-1-32] DEBUG org.asynchttpclient.netty.handler.HttpHandler - 

Request DefaultHttpRequest(decodeResult: success, version: HTTP/1.1)
POST /session/8b449b00f2ee6ec471ba365483ca0190/execute/sync HTTP/1.1
User-Agent: selenium/4.8.1 (java windows)
Content-Length: 176
Content-Type: application/json; charset=utf-8
host: localhost:35441
accept: */*

Response DefaultHttpResponse(decodeResult: success, version: HTTP/1.1)
HTTP/1.1 200 OK
Content-Length: 12407
Content-Type: application/json; charset=utf-8
cache-control: no-cache

19:55:16.513 [AsyncHttpClient-1-32] DEBUG org.asynchttpclient.netty.channel.ChannelManager - Adding key: http://localhost:35441 for channel [id: 0x0d8470ce, L:/127.0.0.1:56603 - R:localhost/127.0.0.1:35441]
19:55:16.514 [Forwarding getCurrentUrl on session 8b449b00f2ee6ec471ba365483ca0190 to remote] DEBUG org.asynchttpclient.netty.request.NettyRequestSender - Using pooled Channel '[id: 0x0d8470ce, L:/127.0.0.1:56603 - R:localhost/127.0.0.1:35441]' for 'GET' to 'http://localhost:35441/session/8b449b00f2ee6ec471ba365483ca0190/url'
19:55:16.514 [Forwarding getCurrentUrl on session 8b449b00f2ee6ec471ba365483ca0190 to remote] DEBUG org.asynchttpclient.netty.request.NettyRequestSender - Using open Channel [id: 0x0d8470ce, L:/127.0.0.1:56603 - R:localhost/127.0.0.1:35441] for GET '/session/8b449b00f2ee6ec471ba365483ca0190/url'
19:55:16.517 [AsyncHttpClient-1-32] DEBUG org.asynchttpclient.netty.handler.HttpHandler - 

Request DefaultFullHttpRequest(decodeResult: success, version: HTTP/1.1, content: EmptyByteBufBE)
GET /session/8b449b00f2ee6ec471ba365483ca0190/url HTTP/1.1
User-Agent: selenium/4.8.1 (java windows)
Cache-Control: no-cache
Content-Type: application/json; charset=utf-8
host: localhost:35441
accept: */*

Response DefaultHttpResponse(decodeResult: success, version: HTTP/1.1)
HTTP/1.1 200 OK
Content-Length: 62
Content-Type: application/json; charset=utf-8
cache-control: no-cache

19:55:16.517 [AsyncHttpClient-1-32] DEBUG org.asynchttpclient.netty.channel.ChannelManager - Adding key: http://localhost:35441 for channel [id: 0x0d8470ce, L:/127.0.0.1:56603 - R:localhost/127.0.0.1:35441]
19:55:16.519 [main] DEBUG net.thucydides.core.steps.StepInterceptor - STARTING STEP: ProductSteps.checkProductPrice - checkProductPrice
19:55:16.521 [Forwarding findElement on session 8b449b00f2ee6ec471ba365483ca0190 to remote] DEBUG org.asynchttpclient.netty.request.NettyRequestSender - Using pooled Channel '[id: 0x0d8470ce, L:/127.0.0.1:56603 - R:localhost/127.0.0.1:35441]' for 'POST' to 'http://localhost:35441/session/8b449b00f2ee6ec471ba365483ca0190/element'
19:55:16.521 [Forwarding findElement on session 8b449b00f2ee6ec471ba365483ca0190 to remote] DEBUG org.asynchttpclient.netty.request.NettyRequestSender - Using open Channel [id: 0x0d8470ce, L:/127.0.0.1:56603 - R:localhost/127.0.0.1:35441] for POST '/session/8b449b00f2ee6ec471ba365483ca0190/element'
19:55:17.407 [AsyncHttpClient-1-1] DEBUG org.asynchttpclient.netty.channel.DefaultChannelPool - Entry count for : http://localhost:56605 : 1
19:55:18.509 [AsyncHttpClient-1-1] DEBUG org.asynchttpclient.netty.channel.DefaultChannelPool - Entry count for : http://localhost:56605 : 1
19:55:18.530 [AsyncHttpClient-1-32] DEBUG org.asynchttpclient.netty.handler.HttpHandler - 

Request DefaultHttpRequest(decodeResult: success, version: HTTP/1.1)
POST /session/8b449b00f2ee6ec471ba365483ca0190/element HTTP/1.1
User-Agent: selenium/4.8.1 (java windows)
Content-Length: 71
Content-Type: application/json; charset=utf-8
host: localhost:35441
accept: */*

Response DefaultHttpResponse(decodeResult: success, version: HTTP/1.1)
HTTP/1.1 404 Not Found
Content-Length: 950
Content-Type: application/json; charset=utf-8
cache-control: no-cache

19:55:18.530 [AsyncHttpClient-1-32] DEBUG org.asynchttpclient.netty.channel.ChannelManager - Adding key: http://localhost:35441 for channel [id: 0x0d8470ce, L:/127.0.0.1:56603 - R:localhost/127.0.0.1:35441]
19:55:18.535 [Forwarding getAlertText on session 8b449b00f2ee6ec471ba365483ca0190 to remote] DEBUG org.asynchttpclient.netty.request.NettyRequestSender - Using pooled Channel '[id: 0x0d8470ce, L:/127.0.0.1:56603 - R:localhost/127.0.0.1:35441]' for 'GET' to 'http://localhost:35441/session/8b449b00f2ee6ec471ba365483ca0190/alert/text'
19:55:18.535 [Forwarding getAlertText on session 8b449b00f2ee6ec471ba365483ca0190 to remote] DEBUG org.asynchttpclient.netty.request.NettyRequestSender - Using open Channel [id: 0x0d8470ce, L:/127.0.0.1:56603 - R:localhost/127.0.0.1:35441] for GET '/session/8b449b00f2ee6ec471ba365483ca0190/alert/text'
19:55:18.536 [AsyncHttpClient-1-32] DEBUG org.asynchttpclient.netty.handler.HttpHandler - 

Request DefaultFullHttpRequest(decodeResult: success, version: HTTP/1.1, content: EmptyByteBufBE)
GET /session/8b449b00f2ee6ec471ba365483ca0190/alert/text HTTP/1.1
User-Agent: selenium/4.8.1 (java windows)
Cache-Control: no-cache
Content-Type: application/json; charset=utf-8
host: localhost:35441
accept: */*

Response DefaultHttpResponse(decodeResult: success, version: HTTP/1.1)
HTTP/1.1 404 Not Found
Content-Length: 816
Content-Type: application/json; charset=utf-8
cache-control: no-cache

19:55:18.536 [AsyncHttpClient-1-32] DEBUG org.asynchttpclient.netty.channel.ChannelManager - Adding key: http://localhost:35441 for channel [id: 0x0d8470ce, L:/127.0.0.1:56603 - R:localhost/127.0.0.1:35441]
19:55:18.536 [Forwarding getCurrentUrl on session 8b449b00f2ee6ec471ba365483ca0190 to remote] DEBUG org.asynchttpclient.netty.request.NettyRequestSender - Using pooled Channel '[id: 0x0d8470ce, L:/127.0.0.1:56603 - R:localhost/127.0.0.1:35441]' for 'GET' to 'http://localhost:35441/session/8b449b00f2ee6ec471ba365483ca0190/url'
19:55:18.536 [Forwarding getCurrentUrl on session 8b449b00f2ee6ec471ba365483ca0190 to remote] DEBUG org.asynchttpclient.netty.request.NettyRequestSender - Using open Channel [id: 0x0d8470ce, L:/127.0.0.1:56603 - R:localhost/127.0.0.1:35441] for GET '/session/8b449b00f2ee6ec471ba365483ca0190/url'
19:55:18.539 [AsyncHttpClient-1-32] DEBUG org.asynchttpclient.netty.handler.HttpHandler - 

Request DefaultFullHttpRequest(decodeResult: success, version: HTTP/1.1, content: EmptyByteBufBE)
GET /session/8b449b00f2ee6ec471ba365483ca0190/url HTTP/1.1
User-Agent: selenium/4.8.1 (java windows)
Cache-Control: no-cache
Content-Type: application/json; charset=utf-8
host: localhost:35441
accept: */*

Response DefaultHttpResponse(decodeResult: success, version: HTTP/1.1)
HTTP/1.1 200 OK
Content-Length: 62
Content-Type: application/json; charset=utf-8
cache-control: no-cache

19:55:18.539 [AsyncHttpClient-1-32] DEBUG org.asynchttpclient.netty.channel.ChannelManager - Adding key: http://localhost:35441 for channel [id: 0x0d8470ce, L:/127.0.0.1:56603 - R:localhost/127.0.0.1:35441]
19:55:18.540 [Forwarding screenshot on session 8b449b00f2ee6ec471ba365483ca0190 to remote] DEBUG org.asynchttpclient.netty.request.NettyRequestSender - Using pooled Channel '[id: 0x0d8470ce, L:/127.0.0.1:56603 - R:localhost/127.0.0.1:35441]' for 'GET' to 'http://localhost:35441/session/8b449b00f2ee6ec471ba365483ca0190/screenshot'
19:55:18.540 [Forwarding screenshot on session 8b449b00f2ee6ec471ba365483ca0190 to remote] DEBUG org.asynchttpclient.netty.request.NettyRequestSender - Using open Channel [id: 0x0d8470ce, L:/127.0.0.1:56603 - R:localhost/127.0.0.1:35441] for GET '/session/8b449b00f2ee6ec471ba365483ca0190/screenshot'
19:55:18.763 [AsyncHttpClient-1-32] DEBUG org.asynchttpclient.netty.handler.HttpHandler - 

Request DefaultFullHttpRequest(decodeResult: success, version: HTTP/1.1, content: EmptyByteBufBE)
GET /session/8b449b00f2ee6ec471ba365483ca0190/screenshot HTTP/1.1
User-Agent: selenium/4.8.1 (java windows)
Cache-Control: no-cache
Content-Type: application/json; charset=utf-8
host: localhost:35441
accept: */*

Response DefaultHttpResponse(decodeResult: success, version: HTTP/1.1)
HTTP/1.1 200 OK
Content-Length: 423156
Content-Type: application/json; charset=utf-8
cache-control: no-cache

19:55:18.764 [AsyncHttpClient-1-32] DEBUG org.asynchttpclient.netty.channel.ChannelManager - Adding key: http://localhost:35441 for channel [id: 0x0d8470ce, L:/127.0.0.1:56603 - R:localhost/127.0.0.1:35441]
19:55:18.773 [main] DEBUG net.serenitybdd.core.photography.Darkroom - Send negative for processing for target\site\serenity\185f0c7b6987352c044cfd9979bf315a50efcf7de2ab171086cfa22fc5582d9e.png
19:55:18.773 [main] DEBUG net.thucydides.core.steps.StepInterceptor - STEP DONE: checkProductPrice
  &amp#27;[32mAnd &amp#27;[0m&amp#27;[32mI can see product price&amp#27;[0m                                     &amp#27;[90m# starter.stepDefinitions.ProductSteps.checkProductPrice()&amp#27;[0m
19:55:18.781 [Forwarding getPageSource on session 8b449b00f2ee6ec471ba365483ca0190 to remote] DEBUG org.asynchttpclient.netty.request.NettyRequestSender - Using pooled Channel '[id: 0x0d8470ce, L:/127.0.0.1:56603 - R:localhost/127.0.0.1:35441]' for 'POST' to 'http://localhost:35441/session/8b449b00f2ee6ec471ba365483ca0190/execute/sync'
19:55:18.781 [Forwarding getPageSource on session 8b449b00f2ee6ec471ba365483ca0190 to remote] DEBUG org.asynchttpclient.netty.request.NettyRequestSender - Using open Channel [id: 0x0d8470ce, L:/127.0.0.1:56603 - R:localhost/127.0.0.1:35441] for POST '/session/8b449b00f2ee6ec471ba365483ca0190/execute/sync'
19:55:18.786 [AsyncHttpClient-1-32] DEBUG org.asynchttpclient.netty.handler.HttpHandler - 

Request DefaultHttpRequest(decodeResult: success, version: HTTP/1.1)
POST /session/8b449b00f2ee6ec471ba365483ca0190/execute/sync HTTP/1.1
User-Agent: selenium/4.8.1 (java windows)
Content-Length: 176
Content-Type: application/json; charset=utf-8
host: localhost:35441
accept: */*

Response DefaultHttpResponse(decodeResult: success, version: HTTP/1.1)
HTTP/1.1 200 OK
Content-Length: 12407
Content-Type: application/json; charset=utf-8
cache-control: no-cache

19:55:18.786 [AsyncHttpClient-1-32] DEBUG org.asynchttpclient.netty.channel.ChannelManager - Adding key: http://localhost:35441 for channel [id: 0x0d8470ce, L:/127.0.0.1:56603 - R:localhost/127.0.0.1:35441]
19:55:18.788 [Forwarding getCurrentUrl on session 8b449b00f2ee6ec471ba365483ca0190 to remote] DEBUG org.asynchttpclient.netty.request.NettyRequestSender - Using pooled Channel '[id: 0x0d8470ce, L:/127.0.0.1:56603 - R:localhost/127.0.0.1:35441]' for 'GET' to 'http://localhost:35441/session/8b449b00f2ee6ec471ba365483ca0190/url'
19:55:18.788 [Forwarding getCurrentUrl on session 8b449b00f2ee6ec471ba365483ca0190 to remote] DEBUG org.asynchttpclient.netty.request.NettyRequestSender - Using open Channel [id: 0x0d8470ce, L:/127.0.0.1:56603 - R:localhost/127.0.0.1:35441] for GET '/session/8b449b00f2ee6ec471ba365483ca0190/url'
19:55:18.791 [AsyncHttpClient-1-32] DEBUG org.asynchttpclient.netty.handler.HttpHandler - 

Request DefaultFullHttpRequest(decodeResult: success, version: HTTP/1.1, content: EmptyByteBufBE)
GET /session/8b449b00f2ee6ec471ba365483ca0190/url HTTP/1.1
User-Agent: selenium/4.8.1 (java windows)
Cache-Control: no-cache
Content-Type: application/json; charset=utf-8
host: localhost:35441
accept: */*

Response DefaultHttpResponse(decodeResult: success, version: HTTP/1.1)
HTTP/1.1 200 OK
Content-Length: 62
Content-Type: application/json; charset=utf-8
cache-control: no-cache

19:55:18.791 [AsyncHttpClient-1-32] DEBUG org.asynchttpclient.netty.channel.ChannelManager - Adding key: http://localhost:35441 for channel [id: 0x0d8470ce, L:/127.0.0.1:56603 - R:localhost/127.0.0.1:35441]
19:55:18.799 [Forwarding getPageSource on session 8b449b00f2ee6ec471ba365483ca0190 to remote] DEBUG org.asynchttpclient.netty.request.NettyRequestSender - Using pooled Channel '[id: 0x0d8470ce, L:/127.0.0.1:56603 - R:localhost/127.0.0.1:35441]' for 'POST' to 'http://localhost:35441/session/8b449b00f2ee6ec471ba365483ca0190/execute/sync'
19:55:18.799 [Forwarding getPageSource on session 8b449b00f2ee6ec471ba365483ca0190 to remote] DEBUG org.asynchttpclient.netty.request.NettyRequestSender - Using open Channel [id: 0x0d8470ce, L:/127.0.0.1:56603 - R:localhost/127.0.0.1:35441] for POST '/session/8b449b00f2ee6ec471ba365483ca0190/execute/sync'
19:55:18.803 [AsyncHttpClient-1-32] DEBUG org.asynchttpclient.netty.handler.HttpHandler - 

Request DefaultHttpRequest(decodeResult: success, version: HTTP/1.1)
POST /session/8b449b00f2ee6ec471ba365483ca0190/execute/sync HTTP/1.1
User-Agent: selenium/4.8.1 (java windows)
Content-Length: 176
Content-Type: application/json; charset=utf-8
host: localhost:35441
accept: */*

Response DefaultHttpResponse(decodeResult: success, version: HTTP/1.1)
HTTP/1.1 200 OK
Content-Length: 12407
Content-Type: application/json; charset=utf-8
cache-control: no-cache

19:55:18.803 [AsyncHttpClient-1-32] DEBUG org.asynchttpclient.netty.channel.ChannelManager - Adding key: http://localhost:35441 for channel [id: 0x0d8470ce, L:/127.0.0.1:56603 - R:localhost/127.0.0.1:35441]
19:55:18.805 [Forwarding getCurrentUrl on session 8b449b00f2ee6ec471ba365483ca0190 to remote] DEBUG org.asynchttpclient.netty.request.NettyRequestSender - Using pooled Channel '[id: 0x0d8470ce, L:/127.0.0.1:56603 - R:localhost/127.0.0.1:35441]' for 'GET' to 'http://localhost:35441/session/8b449b00f2ee6ec471ba365483ca0190/url'
19:55:18.805 [Forwarding getCurrentUrl on session 8b449b00f2ee6ec471ba365483ca0190 to remote] DEBUG org.asynchttpclient.netty.request.NettyRequestSender - Using open Channel [id: 0x0d8470ce, L:/127.0.0.1:56603 - R:localhost/127.0.0.1:35441] for GET '/session/8b449b00f2ee6ec471ba365483ca0190/url'
19:55:18.809 [AsyncHttpClient-1-32] DEBUG org.asynchttpclient.netty.handler.HttpHandler - 

Request DefaultFullHttpRequest(decodeResult: success, version: HTTP/1.1, content: EmptyByteBufBE)
GET /session/8b449b00f2ee6ec471ba365483ca0190/url HTTP/1.1
User-Agent: selenium/4.8.1 (java windows)
Cache-Control: no-cache
Content-Type: application/json; charset=utf-8
host: localhost:35441
accept: */*

Response DefaultHttpResponse(decodeResult: success, version: HTTP/1.1)
HTTP/1.1 200 OK
Content-Length: 62
Content-Type: application/json; charset=utf-8
cache-control: no-cache

19:55:18.809 [AsyncHttpClient-1-32] DEBUG org.asynchttpclient.netty.channel.ChannelManager - Adding key: http://localhost:35441 for channel [id: 0x0d8470ce, L:/127.0.0.1:56603 - R:localhost/127.0.0.1:35441]
19:55:18.810 [main] DEBUG net.thucydides.core.steps.StepInterceptor - STARTING STEP: ProductSteps.checkProductImage - checkProductImage
19:55:18.812 [Forwarding findElement on session 8b449b00f2ee6ec471ba365483ca0190 to remote] DEBUG org.asynchttpclient.netty.request.NettyRequestSender - Using pooled Channel '[id: 0x0d8470ce, L:/127.0.0.1:56603 - R:localhost/127.0.0.1:35441]' for 'POST' to 'http://localhost:35441/session/8b449b00f2ee6ec471ba365483ca0190/element'
19:55:18.812 [Forwarding findElement on session 8b449b00f2ee6ec471ba365483ca0190 to remote] DEBUG org.asynchttpclient.netty.request.NettyRequestSender - Using open Channel [id: 0x0d8470ce, L:/127.0.0.1:56603 - R:localhost/127.0.0.1:35441] for POST '/session/8b449b00f2ee6ec471ba365483ca0190/element'
19:55:19.610 [AsyncHttpClient-1-1] DEBUG org.asynchttpclient.netty.channel.DefaultChannelPool - Entry count for : http://localhost:56605 : 1
19:55:20.710 [AsyncHttpClient-1-1] DEBUG org.asynchttpclient.netty.channel.DefaultChannelPool - Entry count for : http://localhost:56605 : 1
19:55:20.840 [AsyncHttpClient-1-32] DEBUG org.asynchttpclient.netty.handler.HttpHandler - 

Request DefaultHttpRequest(decodeResult: success, version: HTTP/1.1)
POST /session/8b449b00f2ee6ec471ba365483ca0190/element HTTP/1.1
User-Agent: selenium/4.8.1 (java windows)
Content-Length: 69
Content-Type: application/json; charset=utf-8
host: localhost:35441
accept: */*

Response DefaultHttpResponse(decodeResult: success, version: HTTP/1.1)
HTTP/1.1 404 Not Found
Content-Length: 948
Content-Type: application/json; charset=utf-8
cache-control: no-cache

19:55:20.840 [AsyncHttpClient-1-32] DEBUG org.asynchttpclient.netty.channel.ChannelManager - Adding key: http://localhost:35441 for channel [id: 0x0d8470ce, L:/127.0.0.1:56603 - R:localhost/127.0.0.1:35441]
19:55:20.844 [Forwarding getAlertText on session 8b449b00f2ee6ec471ba365483ca0190 to remote] DEBUG org.asynchttpclient.netty.request.NettyRequestSender - Using pooled Channel '[id: 0x0d8470ce, L:/127.0.0.1:56603 - R:localhost/127.0.0.1:35441]' for 'GET' to 'http://localhost:35441/session/8b449b00f2ee6ec471ba365483ca0190/alert/text'
19:55:20.844 [Forwarding getAlertText on session 8b449b00f2ee6ec471ba365483ca0190 to remote] DEBUG org.asynchttpclient.netty.request.NettyRequestSender - Using open Channel [id: 0x0d8470ce, L:/127.0.0.1:56603 - R:localhost/127.0.0.1:35441] for GET '/session/8b449b00f2ee6ec471ba365483ca0190/alert/text'
19:55:20.845 [AsyncHttpClient-1-32] DEBUG org.asynchttpclient.netty.handler.HttpHandler - 

Request DefaultFullHttpRequest(decodeResult: success, version: HTTP/1.1, content: EmptyByteBufBE)
GET /session/8b449b00f2ee6ec471ba365483ca0190/alert/text HTTP/1.1
User-Agent: selenium/4.8.1 (java windows)
Cache-Control: no-cache
Content-Type: application/json; charset=utf-8
host: localhost:35441
accept: */*

Response DefaultHttpResponse(decodeResult: success, version: HTTP/1.1)
HTTP/1.1 404 Not Found
Content-Length: 816
Content-Type: application/json; charset=utf-8
cache-control: no-cache

19:55:20.845 [AsyncHttpClient-1-32] DEBUG org.asynchttpclient.netty.channel.ChannelManager - Adding key: http://localhost:35441 for channel [id: 0x0d8470ce, L:/127.0.0.1:56603 - R:localhost/127.0.0.1:35441]
19:55:20.845 [Forwarding getCurrentUrl on session 8b449b00f2ee6ec471ba365483ca0190 to remote] DEBUG org.asynchttpclient.netty.request.NettyRequestSender - Using pooled Channel '[id: 0x0d8470ce, L:/127.0.0.1:56603 - R:localhost/127.0.0.1:35441]' for 'GET' to 'http://localhost:35441/session/8b449b00f2ee6ec471ba365483ca0190/url'
19:55:20.845 [Forwarding getCurrentUrl on session 8b449b00f2ee6ec471ba365483ca0190 to remote] DEBUG org.asynchttpclient.netty.request.NettyRequestSender - Using open Channel [id: 0x0d8470ce, L:/127.0.0.1:56603 - R:localhost/127.0.0.1:35441] for GET '/session/8b449b00f2ee6ec471ba365483ca0190/url'
19:55:20.848 [AsyncHttpClient-1-32] DEBUG org.asynchttpclient.netty.handler.HttpHandler - 

Request DefaultFullHttpRequest(decodeResult: success, version: HTTP/1.1, content: EmptyByteBufBE)
GET /session/8b449b00f2ee6ec471ba365483ca0190/url HTTP/1.1
User-Agent: selenium/4.8.1 (java windows)
Cache-Control: no-cache
Content-Type: application/json; charset=utf-8
host: localhost:35441
accept: */*

Response DefaultHttpResponse(decodeResult: success, version: HTTP/1.1)
HTTP/1.1 200 OK
Content-Length: 62
Content-Type: application/json; charset=utf-8
cache-control: no-cache

19:55:20.848 [AsyncHttpClient-1-32] DEBUG org.asynchttpclient.netty.channel.ChannelManager - Adding key: http://localhost:35441 for channel [id: 0x0d8470ce, L:/127.0.0.1:56603 - R:localhost/127.0.0.1:35441]
19:55:20.849 [Forwarding screenshot on session 8b449b00f2ee6ec471ba365483ca0190 to remote] DEBUG org.asynchttpclient.netty.request.NettyRequestSender - Using pooled Channel '[id: 0x0d8470ce, L:/127.0.0.1:56603 - R:localhost/127.0.0.1:35441]' for 'GET' to 'http://localhost:35441/session/8b449b00f2ee6ec471ba365483ca0190/screenshot'
19:55:20.849 [Forwarding screenshot on session 8b449b00f2ee6ec471ba365483ca0190 to remote] DEBUG org.asynchttpclient.netty.request.NettyRequestSender - Using open Channel [id: 0x0d8470ce, L:/127.0.0.1:56603 - R:localhost/127.0.0.1:35441] for GET '/session/8b449b00f2ee6ec471ba365483ca0190/screenshot'
19:55:21.071 [AsyncHttpClient-1-32] DEBUG org.asynchttpclient.netty.handler.HttpHandler - 

Request DefaultFullHttpRequest(decodeResult: success, version: HTTP/1.1, content: EmptyByteBufBE)
GET /session/8b449b00f2ee6ec471ba365483ca0190/screenshot HTTP/1.1
User-Agent: selenium/4.8.1 (java windows)
Cache-Control: no-cache
Content-Type: application/json; charset=utf-8
host: localhost:35441
accept: */*

Response DefaultHttpResponse(decodeResult: success, version: HTTP/1.1)
HTTP/1.1 200 OK
Content-Length: 423156
Content-Type: application/json; charset=utf-8
cache-control: no-cache

19:55:21.071 [AsyncHttpClient-1-32] DEBUG org.asynchttpclient.netty.channel.ChannelManager - Adding key: http://localhost:35441 for channel [id: 0x0d8470ce, L:/127.0.0.1:56603 - R:localhost/127.0.0.1:35441]
19:55:21.078 [main] DEBUG net.serenitybdd.core.photography.Darkroom - Send negative for processing for target\site\serenity\185f0c7b6987352c044cfd9979bf315a50efcf7de2ab171086cfa22fc5582d9e.png
19:55:21.078 [main] DEBUG net.thucydides.core.steps.StepInterceptor - STEP DONE: checkProductImage
  &amp#27;[32mAnd &amp#27;[0m&amp#27;[32mI can see product image&amp#27;[0m                                     &amp#27;[90m# starter.stepDefinitions.ProductSteps.checkProductImage()&amp#27;[0m
19:55:21.087 [Driver Command Executor] DEBUG org.asynchttpclient.netty.request.NettyRequestSender - Using pooled Channel '[id: 0x0d8470ce, L:/127.0.0.1:56603 - R:localhost/127.0.0.1:35441]' for 'DELETE' to 'http://localhost:35441/session/8b449b00f2ee6ec471ba365483ca0190'
19:55:21.087 [Driver Command Executor] DEBUG org.asynchttpclient.netty.request.NettyRequestSender - Using open Channel [id: 0x0d8470ce, L:/127.0.0.1:56603 - R:localhost/127.0.0.1:35441] for DELETE '/session/8b449b00f2ee6ec471ba365483ca0190'
19:55:21.087 [AsyncHttpClient-1-2] DEBUG org.asynchttpclient.netty.handler.WebSocketHandler - Channel Closed: [id: 0x87eb9be5, L:/127.0.0.1:56612 ! R:localhost/127.0.0.1:56605] with attribute NettyResponseFuture{currentRetry=0,
	isDone=1,
	isCancelled=0,
	asyncHandler=org.asynchttpclient.ws.WebSocketUpgradeHandler@1823beb,
	nettyRequest=org.asynchttpclient.netty.request.NettyRequest@6f36a9ba,
	future=java.util.concurrent.CompletableFuture@6c63c41e[Completed normally],
	uri=ws://localhost:56605/devtools/browser/fba68956-3d01-4fe2-8ae8-a8f6ec248a8f,
	keepAlive=true,
	redirectCount=0,
	timeoutsHolder=null,
	inAuth=0,
	touch=1680612911911}
19:55:21.087 [AsyncHttpClient-1-2] DEBUG org.asynchttpclient.netty.channel.ChannelManager - Closing Channel [id: 0x87eb9be5, L:/127.0.0.1:56612 ! R:localhost/127.0.0.1:56605] 
19:55:21.157 [AsyncHttpClient-1-33] DEBUG org.asynchttpclient.netty.handler.HttpHandler - Unexpected I/O exception on channel [id: 0xa90e8092, L:/127.0.0.1:56611 - R:localhost/127.0.0.1:56605]
java.net.SocketException: Connection reset
	at java.base/sun.nio.ch.SocketChannelImpl.throwConnectionReset(SocketChannelImpl.java:401)
	at java.base/sun.nio.ch.SocketChannelImpl.read(SocketChannelImpl.java:434)
	at io.netty.buffer.PooledByteBuf.setBytes(PooledByteBuf.java:259)
	at io.netty.buffer.AbstractByteBuf.writeBytes(AbstractByteBuf.java:1132)
	at io.netty.channel.socket.nio.NioSocketChannel.doReadBytes(NioSocketChannel.java:357)
	at io.netty.channel.nio.AbstractNioByteChannel$NioByteUnsafe.read(AbstractNioByteChannel.java:151)
	at io.netty.channel.nio.NioEventLoop.processSelectedKey(NioEventLoop.java:788)
	at io.netty.channel.nio.NioEventLoop.processSelectedKeysOptimized(NioEventLoop.java:724)
	at io.netty.channel.nio.NioEventLoop.processSelectedKeys(NioEventLoop.java:650)
	at io.netty.channel.nio.NioEventLoop.run(NioEventLoop.java:562)
	at io.netty.util.concurrent.SingleThreadEventExecutor$4.run(SingleThreadEventExecutor.java:997)
	at io.netty.util.internal.ThreadExecutorMap$2.run(ThreadExecutorMap.java:74)
	at io.netty.util.concurrent.FastThreadLocalRunnable.run(FastThreadLocalRunnable.java:30)
	at java.base/java.lang.Thread.run(Thread.java:1589)
19:55:21.157 [AsyncHttpClient-1-33] DEBUG org.asynchttpclient.netty.channel.ChannelManager - Closing Channel [id: 0xa90e8092, L:/127.0.0.1:56611 - R:localhost/127.0.0.1:56605] 
19:55:21.157 [AsyncHttpClient-1-33] DEBUG org.asynchttpclient.netty.handler.HttpHandler - Channel Closed: [id: 0xa90e8092, L:/127.0.0.1:56611 ! R:localhost/127.0.0.1:56605] with attribute DISCARD
19:55:21.209 [AsyncHttpClient-1-32] DEBUG org.asynchttpclient.netty.handler.HttpHandler - 

Request DefaultFullHttpRequest(decodeResult: success, version: HTTP/1.1, content: EmptyByteBufBE)
DELETE /session/8b449b00f2ee6ec471ba365483ca0190 HTTP/1.1
User-Agent: selenium/4.8.1 (java windows)
Content-Type: application/json; charset=utf-8
host: localhost:35441
accept: */*

Response DefaultHttpResponse(decodeResult: success, version: HTTP/1.1)
HTTP/1.1 200 OK
Content-Length: 14
Content-Type: application/json; charset=utf-8
cache-control: no-cache

19:55:21.209 [AsyncHttpClient-1-32] DEBUG org.asynchttpclient.netty.channel.ChannelManager - Adding key: http://localhost:35441 for channel [id: 0x0d8470ce, L:/127.0.0.1:56603 - R:localhost/127.0.0.1:35441]
19:55:21.273 [AsyncHttpClient-1-32] DEBUG org.asynchttpclient.netty.handler.HttpHandler - Channel Closed: [id: 0x0d8470ce, L:/127.0.0.1:56603 ! R:localhost/127.0.0.1:35441] with attribute DISCARD
19:55:21.352 [main] INFO  - 
  _____   ___   ___   _____     ___     _     ___   ___   ___   ___  
 |_   _| | __| / __| |_   _|   | _ \   /_\   / __| / __| | __| |   \ 
   | |   | _|  \__ \   | |     |  _/  / _ \  \__ \ \__ \ | _|  | |) |
   |_|   |___| |___/   |_|     |_|   /_/ \_\ |___/ |___/ |___| |___/ 

As user i want to be able to see product detail
----------------------------------------------------------------------
]]></system-out>
    <system-err><![CDATA[Starting ChromeDriver 111.0.5563.64 (c710e93d5b63b7095afe8c2c17df34408078439d-refs/branch-heads/5563@{#995}) on port 35441
Only local connections are allowed.
Please see https://chromedriver.chromium.org/security-considerations for suggestions on keeping ChromeDriver safe.
ChromeDriver was started successfully.
Apr 04, 2023 7:55:11 PM org.openqa.selenium.devtools.CdpVersionFinder findNearestMatch
WARNING: Unable to find an exact match for CDP version 111, so returning the closest version found: 110
]]></system-err>
  </testcase>
  <testcase name="As user i want to be able to see product detail #2" classname="product detail" time="10.513">
    <system-out><![CDATA[
@ProductDetail
Scenario Outline: As user i want to be able to see product detail &amp#27;[90m# src/test/resources/features/ProductDetail.feature:15&amp#27;[0m
19:55:21.356 [main] DEBUG io.cucumber.core.plugin.SerenityReporter - Running feature from file:///C:/Users/TrisetioPutra/Documents/serenity_sauce/serenity-sauce-demo/src/test/resources/features/ProductDetail.feature
19:55:21.409 [main] INFO net.serenitybdd.core.webdriver.driverproviders.ChromeDriverProvider - Starting Chrome driver instance with capabilities:
19:55:21.410 [main] INFO net.serenitybdd.core.webdriver.driverproviders.ChromeDriverProvider - Capabilities {acceptInsecureCerts: true, browserName: chrome, goog:chromeOptions: {args: [remote-allow-origins=*, test-type, no-sandbox, ignore-certificate-errors, --window-size=1000,800, incognito, disable-infobars, disable-gpu, disable-default-apps, disable-popup-blocking, remote-allow-origins=*, test-type, no-sandbox, ignore-certificate-errors, --window-size=1000,800, incognito, disable-infobars, disable-gpu, disable-default-apps, disable-popup-blocking, remote-allow-origins=*], extensions: []}}
19:55:21.527 [AsyncHttpClient-1-3] DEBUG org.asynchttpclient.netty.channel.NettyConnectListener - Using new Channel '[id: 0xd75341d4, L:/127.0.0.1:56636 - R:localhost/127.0.0.1:42546]' for 'POST' to '/session'
19:55:21.808 [AsyncHttpClient-1-1] DEBUG org.asynchttpclient.netty.channel.DefaultChannelPool - Entry count for : http://localhost:35441 : 1
19:55:21.808 [AsyncHttpClient-1-1] DEBUG org.asynchttpclient.netty.channel.DefaultChannelPool - Entry count for : http://localhost:56605 : 1
19:55:21.808 [AsyncHttpClient-1-1] DEBUG org.asynchttpclient.netty.channel.DefaultChannelPool - Adding Candidate expired Channel [id: 0x0d8470ce, L:/127.0.0.1:56603 ! R:localhost/127.0.0.1:35441] isIdleTimeoutExpired=false isRemotelyClosed=true isTtlExpired=false
19:55:21.808 [AsyncHttpClient-1-1] DEBUG org.asynchttpclient.netty.channel.DefaultChannelPool - Closing Idle Channel [id: 0x0d8470ce, L:/127.0.0.1:56603 ! R:localhost/127.0.0.1:35441]
19:55:21.808 [AsyncHttpClient-1-1] DEBUG org.asynchttpclient.netty.channel.DefaultChannelPool - Adding Candidate expired Channel [id: 0xa90e8092, L:/127.0.0.1:56611 ! R:localhost/127.0.0.1:56605] isIdleTimeoutExpired=false isRemotelyClosed=true isTtlExpired=false
19:55:21.808 [AsyncHttpClient-1-1] DEBUG org.asynchttpclient.netty.channel.DefaultChannelPool - Closing Idle Channel [id: 0xa90e8092, L:/127.0.0.1:56611 ! R:localhost/127.0.0.1:56605]
19:55:21.808 [AsyncHttpClient-1-1] DEBUG org.asynchttpclient.netty.channel.DefaultChannelPool - Closed 2 connections out of 2 in 0 ms
19:55:22.514 [AsyncHttpClient-1-3] DEBUG org.asynchttpclient.netty.handler.HttpHandler - 

Request DefaultHttpRequest(decodeResult: success, version: HTTP/1.1)
POST /session HTTP/1.1
User-Agent: selenium/4.8.1 (java windows)
Content-Length: 1729
Content-Type: application/json; charset=utf-8
host: localhost:42546
accept: */*

Response DefaultHttpResponse(decodeResult: success, version: HTTP/1.1)
HTTP/1.1 200 OK
Content-Length: 860
Content-Type: application/json; charset=utf-8
cache-control: no-cache

19:55:22.514 [AsyncHttpClient-1-3] DEBUG org.asynchttpclient.netty.channel.ChannelManager - Adding key: http://localhost:42546 for channel [id: 0xd75341d4, L:/127.0.0.1:56636 - R:localhost/127.0.0.1:42546]
19:55:22.523 [AsyncHttpClient-1-4] DEBUG org.asynchttpclient.netty.channel.NettyConnectListener - Using new Channel '[id: 0x38813e04, L:/127.0.0.1:56651 - R:localhost/127.0.0.1:56641]' for 'GET' to '/json/version'
19:55:22.524 [AsyncHttpClient-1-4] DEBUG org.asynchttpclient.netty.handler.HttpHandler - 

Request DefaultFullHttpRequest(decodeResult: success, version: HTTP/1.1, content: EmptyByteBufBE)
GET /json/version HTTP/1.1
User-Agent: selenium/4.8.1 (java windows)
host: localhost:56641
accept: */*

Response DefaultHttpResponse(decodeResult: success, version: HTTP/1.1)
HTTP/1.1 200 OK
Content-Security-Policy: frame-ancestors 'none'
Content-Length: 424
Content-Type: application/json; charset=UTF-8

19:55:22.524 [AsyncHttpClient-1-4] DEBUG org.asynchttpclient.netty.channel.ChannelManager - Adding key: http://localhost:56641 for channel [id: 0x38813e04, L:/127.0.0.1:56651 - R:localhost/127.0.0.1:56641]
19:55:22.527 [AsyncHttpClient-1-5] DEBUG org.asynchttpclient.netty.channel.NettyConnectListener - Using new Channel '[id: 0x8f443361, L:/127.0.0.1:56652 - R:localhost/127.0.0.1:56641]' for 'GET' to '/devtools/browser/57096f79-6a7a-4269-ad04-9da35253b869'
19:55:22.528 [AsyncHttpClient-1-5] DEBUG org.asynchttpclient.netty.handler.WebSocketHandler - 

Request DefaultFullHttpRequest(decodeResult: success, version: HTTP/1.1, content: EmptyByteBufBE)
GET /devtools/browser/57096f79-6a7a-4269-ad04-9da35253b869 HTTP/1.1
upgrade: websocket
connection: upgrade
sec-websocket-key: 7V34BOnsf+ejyVjKxwz1yw==
sec-websocket-version: 13
origin: http://localhost:56641
host: localhost:56641
accept: */*
user-agent: AHC/2.1

Response DefaultHttpResponse(decodeResult: success, version: HTTP/1.1)
HTTP/1.1 101 WebSocket Protocol Handshake
Upgrade: WebSocket
Connection: Upgrade
Sec-WebSocket-Accept: 8Z0t+2axCxEq3gScmnXMdM4JkqU=

19:55:22.533 [Forwarding get on session 50109b79f4c1b5715a1488fc89123ad0 to remote] DEBUG org.asynchttpclient.netty.request.NettyRequestSender - Using pooled Channel '[id: 0xd75341d4, L:/127.0.0.1:56636 - R:localhost/127.0.0.1:42546]' for 'POST' to 'http://localhost:42546/session/50109b79f4c1b5715a1488fc89123ad0/url'
19:55:22.533 [Forwarding get on session 50109b79f4c1b5715a1488fc89123ad0 to remote] DEBUG org.asynchttpclient.netty.request.NettyRequestSender - Using open Channel [id: 0xd75341d4, L:/127.0.0.1:56636 - R:localhost/127.0.0.1:42546] for POST '/session/50109b79f4c1b5715a1488fc89123ad0/url'
19:55:22.914 [AsyncHttpClient-1-1] DEBUG org.asynchttpclient.netty.channel.DefaultChannelPool - Entry count for : http://localhost:56641 : 1
19:55:23.042 [AsyncHttpClient-1-3] DEBUG org.asynchttpclient.netty.handler.HttpHandler - 

Request DefaultHttpRequest(decodeResult: success, version: HTTP/1.1)
POST /session/50109b79f4c1b5715a1488fc89123ad0/url HTTP/1.1
User-Agent: selenium/4.8.1 (java windows)
Content-Length: 56
Content-Type: application/json; charset=utf-8
host: localhost:42546
accept: */*

Response DefaultHttpResponse(decodeResult: success, version: HTTP/1.1)
HTTP/1.1 200 OK
Content-Length: 14
Content-Type: application/json; charset=utf-8
cache-control: no-cache

19:55:23.042 [AsyncHttpClient-1-3] DEBUG org.asynchttpclient.netty.channel.ChannelManager - Adding key: http://localhost:42546 for channel [id: 0xd75341d4, L:/127.0.0.1:56636 - R:localhost/127.0.0.1:42546]
19:55:23.043 [Forwarding setTimeout on session 50109b79f4c1b5715a1488fc89123ad0 to remote] DEBUG org.asynchttpclient.netty.request.NettyRequestSender - Using pooled Channel '[id: 0xd75341d4, L:/127.0.0.1:56636 - R:localhost/127.0.0.1:42546]' for 'POST' to 'http://localhost:42546/session/50109b79f4c1b5715a1488fc89123ad0/timeouts'
19:55:23.043 [Forwarding setTimeout on session 50109b79f4c1b5715a1488fc89123ad0 to remote] DEBUG org.asynchttpclient.netty.request.NettyRequestSender - Using open Channel [id: 0xd75341d4, L:/127.0.0.1:56636 - R:localhost/127.0.0.1:42546] for POST '/session/50109b79f4c1b5715a1488fc89123ad0/timeouts'
19:55:23.043 [AsyncHttpClient-1-3] DEBUG org.asynchttpclient.netty.handler.HttpHandler - 

Request DefaultHttpRequest(decodeResult: success, version: HTTP/1.1)
POST /session/50109b79f4c1b5715a1488fc89123ad0/timeouts HTTP/1.1
User-Agent: selenium/4.8.1 (java windows)
Content-Length: 22
Content-Type: application/json; charset=utf-8
host: localhost:42546
accept: */*

Response DefaultHttpResponse(decodeResult: success, version: HTTP/1.1)
HTTP/1.1 200 OK
Content-Length: 14
Content-Type: application/json; charset=utf-8
cache-control: no-cache

19:55:23.043 [AsyncHttpClient-1-3] DEBUG org.asynchttpclient.netty.channel.ChannelManager - Adding key: http://localhost:42546 for channel [id: 0xd75341d4, L:/127.0.0.1:56636 - R:localhost/127.0.0.1:42546]
19:55:23.050 [Forwarding getAlertText on session 50109b79f4c1b5715a1488fc89123ad0 to remote] DEBUG org.asynchttpclient.netty.request.NettyRequestSender - Using pooled Channel '[id: 0xd75341d4, L:/127.0.0.1:56636 - R:localhost/127.0.0.1:42546]' for 'GET' to 'http://localhost:42546/session/50109b79f4c1b5715a1488fc89123ad0/alert/text'
19:55:23.050 [Forwarding getAlertText on session 50109b79f4c1b5715a1488fc89123ad0 to remote] DEBUG org.asynchttpclient.netty.request.NettyRequestSender - Using open Channel [id: 0xd75341d4, L:/127.0.0.1:56636 - R:localhost/127.0.0.1:42546] for GET '/session/50109b79f4c1b5715a1488fc89123ad0/alert/text'
19:55:23.054 [AsyncHttpClient-1-3] DEBUG org.asynchttpclient.netty.handler.HttpHandler - 

Request DefaultFullHttpRequest(decodeResult: success, version: HTTP/1.1, content: EmptyByteBufBE)
GET /session/50109b79f4c1b5715a1488fc89123ad0/alert/text HTTP/1.1
User-Agent: selenium/4.8.1 (java windows)
Cache-Control: no-cache
Content-Type: application/json; charset=utf-8
host: localhost:42546
accept: */*

Response DefaultHttpResponse(decodeResult: success, version: HTTP/1.1)
HTTP/1.1 404 Not Found
Content-Length: 816
Content-Type: application/json; charset=utf-8
cache-control: no-cache

19:55:23.054 [AsyncHttpClient-1-3] DEBUG org.asynchttpclient.netty.channel.ChannelManager - Adding key: http://localhost:42546 for channel [id: 0xd75341d4, L:/127.0.0.1:56636 - R:localhost/127.0.0.1:42546]
19:55:23.055 [Forwarding getCurrentUrl on session 50109b79f4c1b5715a1488fc89123ad0 to remote] DEBUG org.asynchttpclient.netty.request.NettyRequestSender - Using pooled Channel '[id: 0xd75341d4, L:/127.0.0.1:56636 - R:localhost/127.0.0.1:42546]' for 'GET' to 'http://localhost:42546/session/50109b79f4c1b5715a1488fc89123ad0/url'
19:55:23.055 [Forwarding getCurrentUrl on session 50109b79f4c1b5715a1488fc89123ad0 to remote] DEBUG org.asynchttpclient.netty.request.NettyRequestSender - Using open Channel [id: 0xd75341d4, L:/127.0.0.1:56636 - R:localhost/127.0.0.1:42546] for GET '/session/50109b79f4c1b5715a1488fc89123ad0/url'
19:55:23.059 [AsyncHttpClient-1-3] DEBUG org.asynchttpclient.netty.handler.HttpHandler - 

Request DefaultFullHttpRequest(decodeResult: success, version: HTTP/1.1, content: EmptyByteBufBE)
GET /session/50109b79f4c1b5715a1488fc89123ad0/url HTTP/1.1
User-Agent: selenium/4.8.1 (java windows)
Cache-Control: no-cache
Content-Type: application/json; charset=utf-8
host: localhost:42546
accept: */*

Response DefaultHttpResponse(decodeResult: success, version: HTTP/1.1)
HTTP/1.1 200 OK
Content-Length: 38
Content-Type: application/json; charset=utf-8
cache-control: no-cache

19:55:23.059 [AsyncHttpClient-1-3] DEBUG org.asynchttpclient.netty.channel.ChannelManager - Adding key: http://localhost:42546 for channel [id: 0xd75341d4, L:/127.0.0.1:56636 - R:localhost/127.0.0.1:42546]
19:55:23.060 [Forwarding screenshot on session 50109b79f4c1b5715a1488fc89123ad0 to remote] DEBUG org.asynchttpclient.netty.request.NettyRequestSender - Using pooled Channel '[id: 0xd75341d4, L:/127.0.0.1:56636 - R:localhost/127.0.0.1:42546]' for 'GET' to 'http://localhost:42546/session/50109b79f4c1b5715a1488fc89123ad0/screenshot'
19:55:23.060 [Forwarding screenshot on session 50109b79f4c1b5715a1488fc89123ad0 to remote] DEBUG org.asynchttpclient.netty.request.NettyRequestSender - Using open Channel [id: 0xd75341d4, L:/127.0.0.1:56636 - R:localhost/127.0.0.1:42546] for GET '/session/50109b79f4c1b5715a1488fc89123ad0/screenshot'
19:55:23.219 [AsyncHttpClient-1-3] DEBUG org.asynchttpclient.netty.handler.HttpHandler - 

Request DefaultFullHttpRequest(decodeResult: success, version: HTTP/1.1, content: EmptyByteBufBE)
GET /session/50109b79f4c1b5715a1488fc89123ad0/screenshot HTTP/1.1
User-Agent: selenium/4.8.1 (java windows)
Cache-Control: no-cache
Content-Type: application/json; charset=utf-8
host: localhost:42546
accept: */*

Response DefaultHttpResponse(decodeResult: success, version: HTTP/1.1)
HTTP/1.1 200 OK
Content-Length: 58480
Content-Type: application/json; charset=utf-8
cache-control: no-cache

19:55:23.219 [AsyncHttpClient-1-3] DEBUG org.asynchttpclient.netty.channel.ChannelManager - Adding key: http://localhost:42546 for channel [id: 0xd75341d4, L:/127.0.0.1:56636 - R:localhost/127.0.0.1:42546]
19:55:23.222 [main] DEBUG net.serenitybdd.core.photography.Darkroom - Send negative for processing for target\site\serenity\cb92d98072c3b75a83324d609d10345ba9940c54df6d644def90c13c11b006db.png
19:55:23.223 [Forwarding getPageSource on session 50109b79f4c1b5715a1488fc89123ad0 to remote] DEBUG org.asynchttpclient.netty.request.NettyRequestSender - Using pooled Channel '[id: 0xd75341d4, L:/127.0.0.1:56636 - R:localhost/127.0.0.1:42546]' for 'POST' to 'http://localhost:42546/session/50109b79f4c1b5715a1488fc89123ad0/execute/sync'
19:55:23.223 [Forwarding getPageSource on session 50109b79f4c1b5715a1488fc89123ad0 to remote] DEBUG org.asynchttpclient.netty.request.NettyRequestSender - Using open Channel [id: 0xd75341d4, L:/127.0.0.1:56636 - R:localhost/127.0.0.1:42546] for POST '/session/50109b79f4c1b5715a1488fc89123ad0/execute/sync'
19:55:23.231 [AsyncHttpClient-1-3] DEBUG org.asynchttpclient.netty.handler.HttpHandler - 

Request DefaultHttpRequest(decodeResult: success, version: HTTP/1.1)
POST /session/50109b79f4c1b5715a1488fc89123ad0/execute/sync HTTP/1.1
User-Agent: selenium/4.8.1 (java windows)
Content-Length: 176
Content-Type: application/json; charset=utf-8
host: localhost:42546
accept: */*

Response DefaultHttpResponse(decodeResult: success, version: HTTP/1.1)
HTTP/1.1 200 OK
Content-Length: 4286
Content-Type: application/json; charset=utf-8
cache-control: no-cache

19:55:23.231 [AsyncHttpClient-1-3] DEBUG org.asynchttpclient.netty.channel.ChannelManager - Adding key: http://localhost:42546 for channel [id: 0xd75341d4, L:/127.0.0.1:56636 - R:localhost/127.0.0.1:42546]
19:55:23.232 [Forwarding getCurrentUrl on session 50109b79f4c1b5715a1488fc89123ad0 to remote] DEBUG org.asynchttpclient.netty.request.NettyRequestSender - Using pooled Channel '[id: 0xd75341d4, L:/127.0.0.1:56636 - R:localhost/127.0.0.1:42546]' for 'GET' to 'http://localhost:42546/session/50109b79f4c1b5715a1488fc89123ad0/url'
19:55:23.232 [Forwarding getCurrentUrl on session 50109b79f4c1b5715a1488fc89123ad0 to remote] DEBUG org.asynchttpclient.netty.request.NettyRequestSender - Using open Channel [id: 0xd75341d4, L:/127.0.0.1:56636 - R:localhost/127.0.0.1:42546] for GET '/session/50109b79f4c1b5715a1488fc89123ad0/url'
19:55:23.235 [AsyncHttpClient-1-3] DEBUG org.asynchttpclient.netty.handler.HttpHandler - 

Request DefaultFullHttpRequest(decodeResult: success, version: HTTP/1.1, content: EmptyByteBufBE)
GET /session/50109b79f4c1b5715a1488fc89123ad0/url HTTP/1.1
User-Agent: selenium/4.8.1 (java windows)
Cache-Control: no-cache
Content-Type: application/json; charset=utf-8
host: localhost:42546
accept: */*

Response DefaultHttpResponse(decodeResult: success, version: HTTP/1.1)
HTTP/1.1 200 OK
Content-Length: 38
Content-Type: application/json; charset=utf-8
cache-control: no-cache

19:55:23.235 [AsyncHttpClient-1-3] DEBUG org.asynchttpclient.netty.channel.ChannelManager - Adding key: http://localhost:42546 for channel [id: 0xd75341d4, L:/127.0.0.1:56636 - R:localhost/127.0.0.1:42546]
19:55:23.237 [main] DEBUG net.thucydides.core.steps.StepInterceptor - STARTING STEP: CartSteps.loginAsAUser - inputUsername
19:55:23.239 [Forwarding findElement on session 50109b79f4c1b5715a1488fc89123ad0 to remote] DEBUG org.asynchttpclient.netty.request.NettyRequestSender - Using pooled Channel '[id: 0xd75341d4, L:/127.0.0.1:56636 - R:localhost/127.0.0.1:42546]' for 'POST' to 'http://localhost:42546/session/50109b79f4c1b5715a1488fc89123ad0/element'
19:55:23.239 [Forwarding findElement on session 50109b79f4c1b5715a1488fc89123ad0 to remote] DEBUG org.asynchttpclient.netty.request.NettyRequestSender - Using open Channel [id: 0xd75341d4, L:/127.0.0.1:56636 - R:localhost/127.0.0.1:42546] for POST '/session/50109b79f4c1b5715a1488fc89123ad0/element'
19:55:23.264 [AsyncHttpClient-1-3] DEBUG org.asynchttpclient.netty.handler.HttpHandler - 

Request DefaultHttpRequest(decodeResult: success, version: HTTP/1.1)
POST /session/50109b79f4c1b5715a1488fc89123ad0/element HTTP/1.1
User-Agent: selenium/4.8.1 (java windows)
Content-Length: 56
Content-Type: application/json; charset=utf-8
host: localhost:42546
accept: */*

Response DefaultHttpResponse(decodeResult: success, version: HTTP/1.1)
HTTP/1.1 200 OK
Content-Length: 88
Content-Type: application/json; charset=utf-8
cache-control: no-cache

19:55:23.264 [AsyncHttpClient-1-3] DEBUG org.asynchttpclient.netty.channel.ChannelManager - Adding key: http://localhost:42546 for channel [id: 0xd75341d4, L:/127.0.0.1:56636 - R:localhost/127.0.0.1:42546]
19:55:23.265 [Forwarding clearElement on session 50109b79f4c1b5715a1488fc89123ad0 to remote] DEBUG org.asynchttpclient.netty.request.NettyRequestSender - Using pooled Channel '[id: 0xd75341d4, L:/127.0.0.1:56636 - R:localhost/127.0.0.1:42546]' for 'POST' to 'http://localhost:42546/session/50109b79f4c1b5715a1488fc89123ad0/element/de6a7939-1c95-4057-b44d-fc942792487b/clear'
19:55:23.265 [Forwarding clearElement on session 50109b79f4c1b5715a1488fc89123ad0 to remote] DEBUG org.asynchttpclient.netty.request.NettyRequestSender - Using open Channel [id: 0xd75341d4, L:/127.0.0.1:56636 - R:localhost/127.0.0.1:42546] for POST '/session/50109b79f4c1b5715a1488fc89123ad0/element/de6a7939-1c95-4057-b44d-fc942792487b/clear'
19:55:23.302 [AsyncHttpClient-1-3] DEBUG org.asynchttpclient.netty.handler.HttpHandler - 

Request DefaultHttpRequest(decodeResult: success, version: HTTP/1.1)
POST /session/50109b79f4c1b5715a1488fc89123ad0/element/de6a7939-1c95-4057-b44d-fc942792487b/clear HTTP/1.1
User-Agent: selenium/4.8.1 (java windows)
Content-Length: 50
Content-Type: application/json; charset=utf-8
host: localhost:42546
accept: */*

Response DefaultHttpResponse(decodeResult: success, version: HTTP/1.1)
HTTP/1.1 200 OK
Content-Length: 14
Content-Type: application/json; charset=utf-8
cache-control: no-cache

19:55:23.302 [AsyncHttpClient-1-3] DEBUG org.asynchttpclient.netty.channel.ChannelManager - Adding key: http://localhost:42546 for channel [id: 0xd75341d4, L:/127.0.0.1:56636 - R:localhost/127.0.0.1:42546]
19:55:23.303 [Forwarding sendKeysToElement on session 50109b79f4c1b5715a1488fc89123ad0 to remote] DEBUG org.asynchttpclient.netty.request.NettyRequestSender - Using pooled Channel '[id: 0xd75341d4, L:/127.0.0.1:56636 - R:localhost/127.0.0.1:42546]' for 'POST' to 'http://localhost:42546/session/50109b79f4c1b5715a1488fc89123ad0/element/de6a7939-1c95-4057-b44d-fc942792487b/value'
19:55:23.303 [Forwarding sendKeysToElement on session 50109b79f4c1b5715a1488fc89123ad0 to remote] DEBUG org.asynchttpclient.netty.request.NettyRequestSender - Using open Channel [id: 0xd75341d4, L:/127.0.0.1:56636 - R:localhost/127.0.0.1:42546] for POST '/session/50109b79f4c1b5715a1488fc89123ad0/element/de6a7939-1c95-4057-b44d-fc942792487b/value'
19:55:23.369 [AsyncHttpClient-1-3] DEBUG org.asynchttpclient.netty.handler.HttpHandler - 

Request DefaultHttpRequest(decodeResult: success, version: HTTP/1.1)
POST /session/50109b79f4c1b5715a1488fc89123ad0/element/de6a7939-1c95-4057-b44d-fc942792487b/value HTTP/1.1
User-Agent: selenium/4.8.1 (java windows)
Content-Length: 211
Content-Type: application/json; charset=utf-8
host: localhost:42546
accept: */*

Response DefaultHttpResponse(decodeResult: success, version: HTTP/1.1)
HTTP/1.1 200 OK
Content-Length: 14
Content-Type: application/json; charset=utf-8
cache-control: no-cache

19:55:23.369 [AsyncHttpClient-1-3] DEBUG org.asynchttpclient.netty.channel.ChannelManager - Adding key: http://localhost:42546 for channel [id: 0xd75341d4, L:/127.0.0.1:56636 - R:localhost/127.0.0.1:42546]
19:55:23.375 [Forwarding getAlertText on session 50109b79f4c1b5715a1488fc89123ad0 to remote] DEBUG org.asynchttpclient.netty.request.NettyRequestSender - Using pooled Channel '[id: 0xd75341d4, L:/127.0.0.1:56636 - R:localhost/127.0.0.1:42546]' for 'GET' to 'http://localhost:42546/session/50109b79f4c1b5715a1488fc89123ad0/alert/text'
19:55:23.375 [Forwarding getAlertText on session 50109b79f4c1b5715a1488fc89123ad0 to remote] DEBUG org.asynchttpclient.netty.request.NettyRequestSender - Using open Channel [id: 0xd75341d4, L:/127.0.0.1:56636 - R:localhost/127.0.0.1:42546] for GET '/session/50109b79f4c1b5715a1488fc89123ad0/alert/text'
19:55:23.376 [AsyncHttpClient-1-3] DEBUG org.asynchttpclient.netty.handler.HttpHandler - 

Request DefaultFullHttpRequest(decodeResult: success, version: HTTP/1.1, content: EmptyByteBufBE)
GET /session/50109b79f4c1b5715a1488fc89123ad0/alert/text HTTP/1.1
User-Agent: selenium/4.8.1 (java windows)
Cache-Control: no-cache
Content-Type: application/json; charset=utf-8
host: localhost:42546
accept: */*

Response DefaultHttpResponse(decodeResult: success, version: HTTP/1.1)
HTTP/1.1 404 Not Found
Content-Length: 816
Content-Type: application/json; charset=utf-8
cache-control: no-cache

19:55:23.376 [AsyncHttpClient-1-3] DEBUG org.asynchttpclient.netty.channel.ChannelManager - Adding key: http://localhost:42546 for channel [id: 0xd75341d4, L:/127.0.0.1:56636 - R:localhost/127.0.0.1:42546]
19:55:23.377 [Forwarding getCurrentUrl on session 50109b79f4c1b5715a1488fc89123ad0 to remote] DEBUG org.asynchttpclient.netty.request.NettyRequestSender - Using pooled Channel '[id: 0xd75341d4, L:/127.0.0.1:56636 - R:localhost/127.0.0.1:42546]' for 'GET' to 'http://localhost:42546/session/50109b79f4c1b5715a1488fc89123ad0/url'
19:55:23.377 [Forwarding getCurrentUrl on session 50109b79f4c1b5715a1488fc89123ad0 to remote] DEBUG org.asynchttpclient.netty.request.NettyRequestSender - Using open Channel [id: 0xd75341d4, L:/127.0.0.1:56636 - R:localhost/127.0.0.1:42546] for GET '/session/50109b79f4c1b5715a1488fc89123ad0/url'
19:55:23.380 [AsyncHttpClient-1-3] DEBUG org.asynchttpclient.netty.handler.HttpHandler - 

Request DefaultFullHttpRequest(decodeResult: success, version: HTTP/1.1, content: EmptyByteBufBE)
GET /session/50109b79f4c1b5715a1488fc89123ad0/url HTTP/1.1
User-Agent: selenium/4.8.1 (java windows)
Cache-Control: no-cache
Content-Type: application/json; charset=utf-8
host: localhost:42546
accept: */*

Response DefaultHttpResponse(decodeResult: success, version: HTTP/1.1)
HTTP/1.1 200 OK
Content-Length: 38
Content-Type: application/json; charset=utf-8
cache-control: no-cache

19:55:23.380 [AsyncHttpClient-1-3] DEBUG org.asynchttpclient.netty.channel.ChannelManager - Adding key: http://localhost:42546 for channel [id: 0xd75341d4, L:/127.0.0.1:56636 - R:localhost/127.0.0.1:42546]
19:55:23.380 [Forwarding screenshot on session 50109b79f4c1b5715a1488fc89123ad0 to remote] DEBUG org.asynchttpclient.netty.request.NettyRequestSender - Using pooled Channel '[id: 0xd75341d4, L:/127.0.0.1:56636 - R:localhost/127.0.0.1:42546]' for 'GET' to 'http://localhost:42546/session/50109b79f4c1b5715a1488fc89123ad0/screenshot'
19:55:23.380 [Forwarding screenshot on session 50109b79f4c1b5715a1488fc89123ad0 to remote] DEBUG org.asynchttpclient.netty.request.NettyRequestSender - Using open Channel [id: 0xd75341d4, L:/127.0.0.1:56636 - R:localhost/127.0.0.1:42546] for GET '/session/50109b79f4c1b5715a1488fc89123ad0/screenshot'
19:55:23.513 [AsyncHttpClient-1-3] DEBUG org.asynchttpclient.netty.handler.HttpHandler - 

Request DefaultFullHttpRequest(decodeResult: success, version: HTTP/1.1, content: EmptyByteBufBE)
GET /session/50109b79f4c1b5715a1488fc89123ad0/screenshot HTTP/1.1
User-Agent: selenium/4.8.1 (java windows)
Cache-Control: no-cache
Content-Type: application/json; charset=utf-8
host: localhost:42546
accept: */*

Response DefaultHttpResponse(decodeResult: success, version: HTTP/1.1)
HTTP/1.1 200 OK
Content-Length: 59376
Content-Type: application/json; charset=utf-8
cache-control: no-cache

19:55:23.513 [AsyncHttpClient-1-3] DEBUG org.asynchttpclient.netty.channel.ChannelManager - Adding key: http://localhost:42546 for channel [id: 0xd75341d4, L:/127.0.0.1:56636 - R:localhost/127.0.0.1:42546]
19:55:23.515 [main] DEBUG net.serenitybdd.core.photography.Darkroom - Send negative for processing for target\site\serenity\34df7c2a49013db09874827a64595e6a5db2797a92a71bf1a6ba69e39d9b6283.png
19:55:23.515 [main] DEBUG net.thucydides.core.steps.StepInterceptor - STEP DONE: inputUsername
19:55:23.520 [Forwarding getPageSource on session 50109b79f4c1b5715a1488fc89123ad0 to remote] DEBUG org.asynchttpclient.netty.request.NettyRequestSender - Using pooled Channel '[id: 0xd75341d4, L:/127.0.0.1:56636 - R:localhost/127.0.0.1:42546]' for 'POST' to 'http://localhost:42546/session/50109b79f4c1b5715a1488fc89123ad0/execute/sync'
19:55:23.520 [Forwarding getPageSource on session 50109b79f4c1b5715a1488fc89123ad0 to remote] DEBUG org.asynchttpclient.netty.request.NettyRequestSender - Using open Channel [id: 0xd75341d4, L:/127.0.0.1:56636 - R:localhost/127.0.0.1:42546] for POST '/session/50109b79f4c1b5715a1488fc89123ad0/execute/sync'
19:55:23.524 [AsyncHttpClient-1-3] DEBUG org.asynchttpclient.netty.handler.HttpHandler - 

Request DefaultHttpRequest(decodeResult: success, version: HTTP/1.1)
POST /session/50109b79f4c1b5715a1488fc89123ad0/execute/sync HTTP/1.1
User-Agent: selenium/4.8.1 (java windows)
Content-Length: 176
Content-Type: application/json; charset=utf-8
host: localhost:42546
accept: */*

Response DefaultHttpResponse(decodeResult: success, version: HTTP/1.1)
HTTP/1.1 200 OK
Content-Length: 4299
Content-Type: application/json; charset=utf-8
cache-control: no-cache

19:55:23.524 [AsyncHttpClient-1-3] DEBUG org.asynchttpclient.netty.channel.ChannelManager - Adding key: http://localhost:42546 for channel [id: 0xd75341d4, L:/127.0.0.1:56636 - R:localhost/127.0.0.1:42546]
19:55:23.524 [Forwarding getCurrentUrl on session 50109b79f4c1b5715a1488fc89123ad0 to remote] DEBUG org.asynchttpclient.netty.request.NettyRequestSender - Using pooled Channel '[id: 0xd75341d4, L:/127.0.0.1:56636 - R:localhost/127.0.0.1:42546]' for 'GET' to 'http://localhost:42546/session/50109b79f4c1b5715a1488fc89123ad0/url'
19:55:23.524 [Forwarding getCurrentUrl on session 50109b79f4c1b5715a1488fc89123ad0 to remote] DEBUG org.asynchttpclient.netty.request.NettyRequestSender - Using open Channel [id: 0xd75341d4, L:/127.0.0.1:56636 - R:localhost/127.0.0.1:42546] for GET '/session/50109b79f4c1b5715a1488fc89123ad0/url'
19:55:23.527 [AsyncHttpClient-1-3] DEBUG org.asynchttpclient.netty.handler.HttpHandler - 

Request DefaultFullHttpRequest(decodeResult: success, version: HTTP/1.1, content: EmptyByteBufBE)
GET /session/50109b79f4c1b5715a1488fc89123ad0/url HTTP/1.1
User-Agent: selenium/4.8.1 (java windows)
Cache-Control: no-cache
Content-Type: application/json; charset=utf-8
host: localhost:42546
accept: */*

Response DefaultHttpResponse(decodeResult: success, version: HTTP/1.1)
HTTP/1.1 200 OK
Content-Length: 38
Content-Type: application/json; charset=utf-8
cache-control: no-cache

19:55:23.527 [AsyncHttpClient-1-3] DEBUG org.asynchttpclient.netty.channel.ChannelManager - Adding key: http://localhost:42546 for channel [id: 0xd75341d4, L:/127.0.0.1:56636 - R:localhost/127.0.0.1:42546]
19:55:23.530 [main] DEBUG net.thucydides.core.steps.StepInterceptor - STARTING STEP: CartSteps.loginAsAUser - inputPassword
19:55:23.531 [Forwarding findElement on session 50109b79f4c1b5715a1488fc89123ad0 to remote] DEBUG org.asynchttpclient.netty.request.NettyRequestSender - Using pooled Channel '[id: 0xd75341d4, L:/127.0.0.1:56636 - R:localhost/127.0.0.1:42546]' for 'POST' to 'http://localhost:42546/session/50109b79f4c1b5715a1488fc89123ad0/element'
19:55:23.531 [Forwarding findElement on session 50109b79f4c1b5715a1488fc89123ad0 to remote] DEBUG org.asynchttpclient.netty.request.NettyRequestSender - Using open Channel [id: 0xd75341d4, L:/127.0.0.1:56636 - R:localhost/127.0.0.1:42546] for POST '/session/50109b79f4c1b5715a1488fc89123ad0/element'
19:55:23.544 [AsyncHttpClient-1-3] DEBUG org.asynchttpclient.netty.handler.HttpHandler - 

Request DefaultHttpRequest(decodeResult: success, version: HTTP/1.1)
POST /session/50109b79f4c1b5715a1488fc89123ad0/element HTTP/1.1
User-Agent: selenium/4.8.1 (java windows)
Content-Length: 53
Content-Type: application/json; charset=utf-8
host: localhost:42546
accept: */*

Response DefaultHttpResponse(decodeResult: success, version: HTTP/1.1)
HTTP/1.1 200 OK
Content-Length: 88
Content-Type: application/json; charset=utf-8
cache-control: no-cache

19:55:23.544 [AsyncHttpClient-1-3] DEBUG org.asynchttpclient.netty.channel.ChannelManager - Adding key: http://localhost:42546 for channel [id: 0xd75341d4, L:/127.0.0.1:56636 - R:localhost/127.0.0.1:42546]
19:55:23.545 [Forwarding clearElement on session 50109b79f4c1b5715a1488fc89123ad0 to remote] DEBUG org.asynchttpclient.netty.request.NettyRequestSender - Using pooled Channel '[id: 0xd75341d4, L:/127.0.0.1:56636 - R:localhost/127.0.0.1:42546]' for 'POST' to 'http://localhost:42546/session/50109b79f4c1b5715a1488fc89123ad0/element/a62c5809-0392-4b86-a4a8-b3fa4ac76a85/clear'
19:55:23.545 [Forwarding clearElement on session 50109b79f4c1b5715a1488fc89123ad0 to remote] DEBUG org.asynchttpclient.netty.request.NettyRequestSender - Using open Channel [id: 0xd75341d4, L:/127.0.0.1:56636 - R:localhost/127.0.0.1:42546] for POST '/session/50109b79f4c1b5715a1488fc89123ad0/element/a62c5809-0392-4b86-a4a8-b3fa4ac76a85/clear'
19:55:23.576 [AsyncHttpClient-1-3] DEBUG org.asynchttpclient.netty.handler.HttpHandler - 

Request DefaultHttpRequest(decodeResult: success, version: HTTP/1.1)
POST /session/50109b79f4c1b5715a1488fc89123ad0/element/a62c5809-0392-4b86-a4a8-b3fa4ac76a85/clear HTTP/1.1
User-Agent: selenium/4.8.1 (java windows)
Content-Length: 50
Content-Type: application/json; charset=utf-8
host: localhost:42546
accept: */*

Response DefaultHttpResponse(decodeResult: success, version: HTTP/1.1)
HTTP/1.1 200 OK
Content-Length: 14
Content-Type: application/json; charset=utf-8
cache-control: no-cache

19:55:23.576 [AsyncHttpClient-1-3] DEBUG org.asynchttpclient.netty.channel.ChannelManager - Adding key: http://localhost:42546 for channel [id: 0xd75341d4, L:/127.0.0.1:56636 - R:localhost/127.0.0.1:42546]
19:55:23.577 [Forwarding sendKeysToElement on session 50109b79f4c1b5715a1488fc89123ad0 to remote] DEBUG org.asynchttpclient.netty.request.NettyRequestSender - Using pooled Channel '[id: 0xd75341d4, L:/127.0.0.1:56636 - R:localhost/127.0.0.1:42546]' for 'POST' to 'http://localhost:42546/session/50109b79f4c1b5715a1488fc89123ad0/element/a62c5809-0392-4b86-a4a8-b3fa4ac76a85/value'
19:55:23.577 [Forwarding sendKeysToElement on session 50109b79f4c1b5715a1488fc89123ad0 to remote] DEBUG org.asynchttpclient.netty.request.NettyRequestSender - Using open Channel [id: 0xd75341d4, L:/127.0.0.1:56636 - R:localhost/127.0.0.1:42546] for POST '/session/50109b79f4c1b5715a1488fc89123ad0/element/a62c5809-0392-4b86-a4a8-b3fa4ac76a85/value'
19:55:23.639 [AsyncHttpClient-1-3] DEBUG org.asynchttpclient.netty.handler.HttpHandler - 

Request DefaultHttpRequest(decodeResult: success, version: HTTP/1.1)
POST /session/50109b79f4c1b5715a1488fc89123ad0/element/a62c5809-0392-4b86-a4a8-b3fa4ac76a85/value HTTP/1.1
User-Agent: selenium/4.8.1 (java windows)
Content-Length: 201
Content-Type: application/json; charset=utf-8
host: localhost:42546
accept: */*

Response DefaultHttpResponse(decodeResult: success, version: HTTP/1.1)
HTTP/1.1 200 OK
Content-Length: 14
Content-Type: application/json; charset=utf-8
cache-control: no-cache

19:55:23.639 [AsyncHttpClient-1-3] DEBUG org.asynchttpclient.netty.channel.ChannelManager - Adding key: http://localhost:42546 for channel [id: 0xd75341d4, L:/127.0.0.1:56636 - R:localhost/127.0.0.1:42546]
19:55:23.644 [Forwarding getAlertText on session 50109b79f4c1b5715a1488fc89123ad0 to remote] DEBUG org.asynchttpclient.netty.request.NettyRequestSender - Using pooled Channel '[id: 0xd75341d4, L:/127.0.0.1:56636 - R:localhost/127.0.0.1:42546]' for 'GET' to 'http://localhost:42546/session/50109b79f4c1b5715a1488fc89123ad0/alert/text'
19:55:23.644 [Forwarding getAlertText on session 50109b79f4c1b5715a1488fc89123ad0 to remote] DEBUG org.asynchttpclient.netty.request.NettyRequestSender - Using open Channel [id: 0xd75341d4, L:/127.0.0.1:56636 - R:localhost/127.0.0.1:42546] for GET '/session/50109b79f4c1b5715a1488fc89123ad0/alert/text'
19:55:23.645 [AsyncHttpClient-1-3] DEBUG org.asynchttpclient.netty.handler.HttpHandler - 

Request DefaultFullHttpRequest(decodeResult: success, version: HTTP/1.1, content: EmptyByteBufBE)
GET /session/50109b79f4c1b5715a1488fc89123ad0/alert/text HTTP/1.1
User-Agent: selenium/4.8.1 (java windows)
Cache-Control: no-cache
Content-Type: application/json; charset=utf-8
host: localhost:42546
accept: */*

Response DefaultHttpResponse(decodeResult: success, version: HTTP/1.1)
HTTP/1.1 404 Not Found
Content-Length: 816
Content-Type: application/json; charset=utf-8
cache-control: no-cache

19:55:23.645 [AsyncHttpClient-1-3] DEBUG org.asynchttpclient.netty.channel.ChannelManager - Adding key: http://localhost:42546 for channel [id: 0xd75341d4, L:/127.0.0.1:56636 - R:localhost/127.0.0.1:42546]
19:55:23.646 [Forwarding getCurrentUrl on session 50109b79f4c1b5715a1488fc89123ad0 to remote] DEBUG org.asynchttpclient.netty.request.NettyRequestSender - Using pooled Channel '[id: 0xd75341d4, L:/127.0.0.1:56636 - R:localhost/127.0.0.1:42546]' for 'GET' to 'http://localhost:42546/session/50109b79f4c1b5715a1488fc89123ad0/url'
19:55:23.646 [Forwarding getCurrentUrl on session 50109b79f4c1b5715a1488fc89123ad0 to remote] DEBUG org.asynchttpclient.netty.request.NettyRequestSender - Using open Channel [id: 0xd75341d4, L:/127.0.0.1:56636 - R:localhost/127.0.0.1:42546] for GET '/session/50109b79f4c1b5715a1488fc89123ad0/url'
19:55:23.650 [AsyncHttpClient-1-3] DEBUG org.asynchttpclient.netty.handler.HttpHandler - 

Request DefaultFullHttpRequest(decodeResult: success, version: HTTP/1.1, content: EmptyByteBufBE)
GET /session/50109b79f4c1b5715a1488fc89123ad0/url HTTP/1.1
User-Agent: selenium/4.8.1 (java windows)
Cache-Control: no-cache
Content-Type: application/json; charset=utf-8
host: localhost:42546
accept: */*

Response DefaultHttpResponse(decodeResult: success, version: HTTP/1.1)
HTTP/1.1 200 OK
Content-Length: 38
Content-Type: application/json; charset=utf-8
cache-control: no-cache

19:55:23.650 [AsyncHttpClient-1-3] DEBUG org.asynchttpclient.netty.channel.ChannelManager - Adding key: http://localhost:42546 for channel [id: 0xd75341d4, L:/127.0.0.1:56636 - R:localhost/127.0.0.1:42546]
19:55:23.651 [Forwarding screenshot on session 50109b79f4c1b5715a1488fc89123ad0 to remote] DEBUG org.asynchttpclient.netty.request.NettyRequestSender - Using pooled Channel '[id: 0xd75341d4, L:/127.0.0.1:56636 - R:localhost/127.0.0.1:42546]' for 'GET' to 'http://localhost:42546/session/50109b79f4c1b5715a1488fc89123ad0/screenshot'
19:55:23.651 [Forwarding screenshot on session 50109b79f4c1b5715a1488fc89123ad0 to remote] DEBUG org.asynchttpclient.netty.request.NettyRequestSender - Using open Channel [id: 0xd75341d4, L:/127.0.0.1:56636 - R:localhost/127.0.0.1:42546] for GET '/session/50109b79f4c1b5715a1488fc89123ad0/screenshot'
19:55:23.785 [AsyncHttpClient-1-3] DEBUG org.asynchttpclient.netty.handler.HttpHandler - 

Request DefaultFullHttpRequest(decodeResult: success, version: HTTP/1.1, content: EmptyByteBufBE)
GET /session/50109b79f4c1b5715a1488fc89123ad0/screenshot HTTP/1.1
User-Agent: selenium/4.8.1 (java windows)
Cache-Control: no-cache
Content-Type: application/json; charset=utf-8
host: localhost:42546
accept: */*

Response DefaultHttpResponse(decodeResult: success, version: HTTP/1.1)
HTTP/1.1 200 OK
Content-Length: 56848
Content-Type: application/json; charset=utf-8
cache-control: no-cache

19:55:23.785 [AsyncHttpClient-1-3] DEBUG org.asynchttpclient.netty.channel.ChannelManager - Adding key: http://localhost:42546 for channel [id: 0xd75341d4, L:/127.0.0.1:56636 - R:localhost/127.0.0.1:42546]
19:55:23.787 [main] DEBUG net.serenitybdd.core.photography.Darkroom - Send negative for processing for target\site\serenity\6adca94019f7156b5b02d50dcdcd86549d04d7d2a8a2bccedb68665c7405404e.png
19:55:23.787 [main] DEBUG net.thucydides.core.steps.StepInterceptor - STEP DONE: inputPassword
19:55:23.791 [Forwarding getPageSource on session 50109b79f4c1b5715a1488fc89123ad0 to remote] DEBUG org.asynchttpclient.netty.request.NettyRequestSender - Using pooled Channel '[id: 0xd75341d4, L:/127.0.0.1:56636 - R:localhost/127.0.0.1:42546]' for 'POST' to 'http://localhost:42546/session/50109b79f4c1b5715a1488fc89123ad0/execute/sync'
19:55:23.791 [Forwarding getPageSource on session 50109b79f4c1b5715a1488fc89123ad0 to remote] DEBUG org.asynchttpclient.netty.request.NettyRequestSender - Using open Channel [id: 0xd75341d4, L:/127.0.0.1:56636 - R:localhost/127.0.0.1:42546] for POST '/session/50109b79f4c1b5715a1488fc89123ad0/execute/sync'
19:55:23.796 [AsyncHttpClient-1-3] DEBUG org.asynchttpclient.netty.handler.HttpHandler - 

Request DefaultHttpRequest(decodeResult: success, version: HTTP/1.1)
POST /session/50109b79f4c1b5715a1488fc89123ad0/execute/sync HTTP/1.1
User-Agent: selenium/4.8.1 (java windows)
Content-Length: 176
Content-Type: application/json; charset=utf-8
host: localhost:42546
accept: */*

Response DefaultHttpResponse(decodeResult: success, version: HTTP/1.1)
HTTP/1.1 200 OK
Content-Length: 4311
Content-Type: application/json; charset=utf-8
cache-control: no-cache

19:55:23.796 [AsyncHttpClient-1-3] DEBUG org.asynchttpclient.netty.channel.ChannelManager - Adding key: http://localhost:42546 for channel [id: 0xd75341d4, L:/127.0.0.1:56636 - R:localhost/127.0.0.1:42546]
19:55:23.797 [Forwarding getCurrentUrl on session 50109b79f4c1b5715a1488fc89123ad0 to remote] DEBUG org.asynchttpclient.netty.request.NettyRequestSender - Using pooled Channel '[id: 0xd75341d4, L:/127.0.0.1:56636 - R:localhost/127.0.0.1:42546]' for 'GET' to 'http://localhost:42546/session/50109b79f4c1b5715a1488fc89123ad0/url'
19:55:23.797 [Forwarding getCurrentUrl on session 50109b79f4c1b5715a1488fc89123ad0 to remote] DEBUG org.asynchttpclient.netty.request.NettyRequestSender - Using open Channel [id: 0xd75341d4, L:/127.0.0.1:56636 - R:localhost/127.0.0.1:42546] for GET '/session/50109b79f4c1b5715a1488fc89123ad0/url'
19:55:23.801 [AsyncHttpClient-1-3] DEBUG org.asynchttpclient.netty.handler.HttpHandler - 

Request DefaultFullHttpRequest(decodeResult: success, version: HTTP/1.1, content: EmptyByteBufBE)
GET /session/50109b79f4c1b5715a1488fc89123ad0/url HTTP/1.1
User-Agent: selenium/4.8.1 (java windows)
Cache-Control: no-cache
Content-Type: application/json; charset=utf-8
host: localhost:42546
accept: */*

Response DefaultHttpResponse(decodeResult: success, version: HTTP/1.1)
HTTP/1.1 200 OK
Content-Length: 38
Content-Type: application/json; charset=utf-8
cache-control: no-cache

19:55:23.801 [AsyncHttpClient-1-3] DEBUG org.asynchttpclient.netty.channel.ChannelManager - Adding key: http://localhost:42546 for channel [id: 0xd75341d4, L:/127.0.0.1:56636 - R:localhost/127.0.0.1:42546]
19:55:23.803 [main] DEBUG net.thucydides.core.steps.StepInterceptor - STARTING STEP: CartSteps.loginAsAUser - clickButtonLogin
19:55:23.805 [Forwarding findElement on session 50109b79f4c1b5715a1488fc89123ad0 to remote] DEBUG org.asynchttpclient.netty.request.NettyRequestSender - Using pooled Channel '[id: 0xd75341d4, L:/127.0.0.1:56636 - R:localhost/127.0.0.1:42546]' for 'POST' to 'http://localhost:42546/session/50109b79f4c1b5715a1488fc89123ad0/element'
19:55:23.805 [Forwarding findElement on session 50109b79f4c1b5715a1488fc89123ad0 to remote] DEBUG org.asynchttpclient.netty.request.NettyRequestSender - Using open Channel [id: 0xd75341d4, L:/127.0.0.1:56636 - R:localhost/127.0.0.1:42546] for POST '/session/50109b79f4c1b5715a1488fc89123ad0/element'
19:55:23.813 [AsyncHttpClient-1-3] DEBUG org.asynchttpclient.netty.handler.HttpHandler - 

Request DefaultHttpRequest(decodeResult: success, version: HTTP/1.1)
POST /session/50109b79f4c1b5715a1488fc89123ad0/element HTTP/1.1
User-Agent: selenium/4.8.1 (java windows)
Content-Length: 59
Content-Type: application/json; charset=utf-8
host: localhost:42546
accept: */*

Response DefaultHttpResponse(decodeResult: success, version: HTTP/1.1)
HTTP/1.1 200 OK
Content-Length: 88
Content-Type: application/json; charset=utf-8
cache-control: no-cache

19:55:23.814 [AsyncHttpClient-1-3] DEBUG org.asynchttpclient.netty.channel.ChannelManager - Adding key: http://localhost:42546 for channel [id: 0xd75341d4, L:/127.0.0.1:56636 - R:localhost/127.0.0.1:42546]
19:55:23.814 [Forwarding getElementTagName on session 50109b79f4c1b5715a1488fc89123ad0 to remote] DEBUG org.asynchttpclient.netty.request.NettyRequestSender - Using pooled Channel '[id: 0xd75341d4, L:/127.0.0.1:56636 - R:localhost/127.0.0.1:42546]' for 'GET' to 'http://localhost:42546/session/50109b79f4c1b5715a1488fc89123ad0/element/832f11d9-6261-40b1-9dcd-df63dcf2c9e4/name'
19:55:23.815 [Forwarding getElementTagName on session 50109b79f4c1b5715a1488fc89123ad0 to remote] DEBUG org.asynchttpclient.netty.request.NettyRequestSender - Using open Channel [id: 0xd75341d4, L:/127.0.0.1:56636 - R:localhost/127.0.0.1:42546] for GET '/session/50109b79f4c1b5715a1488fc89123ad0/element/832f11d9-6261-40b1-9dcd-df63dcf2c9e4/name'
19:55:23.818 [AsyncHttpClient-1-3] DEBUG org.asynchttpclient.netty.handler.HttpHandler - 

Request DefaultFullHttpRequest(decodeResult: success, version: HTTP/1.1, content: EmptyByteBufBE)
GET /session/50109b79f4c1b5715a1488fc89123ad0/element/832f11d9-6261-40b1-9dcd-df63dcf2c9e4/name HTTP/1.1
User-Agent: selenium/4.8.1 (java windows)
Cache-Control: no-cache
Content-Type: application/json; charset=utf-8
host: localhost:42546
accept: */*

Response DefaultHttpResponse(decodeResult: success, version: HTTP/1.1)
HTTP/1.1 200 OK
Content-Length: 17
Content-Type: application/json; charset=utf-8
cache-control: no-cache

19:55:23.818 [AsyncHttpClient-1-3] DEBUG org.asynchttpclient.netty.channel.ChannelManager - Adding key: http://localhost:42546 for channel [id: 0xd75341d4, L:/127.0.0.1:56636 - R:localhost/127.0.0.1:42546]
19:55:23.820 [Forwarding getElementTagName on session 50109b79f4c1b5715a1488fc89123ad0 to remote] DEBUG org.asynchttpclient.netty.request.NettyRequestSender - Using pooled Channel '[id: 0xd75341d4, L:/127.0.0.1:56636 - R:localhost/127.0.0.1:42546]' for 'GET' to 'http://localhost:42546/session/50109b79f4c1b5715a1488fc89123ad0/element/832f11d9-6261-40b1-9dcd-df63dcf2c9e4/name'
19:55:23.820 [Forwarding getElementTagName on session 50109b79f4c1b5715a1488fc89123ad0 to remote] DEBUG org.asynchttpclient.netty.request.NettyRequestSender - Using open Channel [id: 0xd75341d4, L:/127.0.0.1:56636 - R:localhost/127.0.0.1:42546] for GET '/session/50109b79f4c1b5715a1488fc89123ad0/element/832f11d9-6261-40b1-9dcd-df63dcf2c9e4/name'
19:55:23.822 [AsyncHttpClient-1-3] DEBUG org.asynchttpclient.netty.handler.HttpHandler - 

Request DefaultFullHttpRequest(decodeResult: success, version: HTTP/1.1, content: EmptyByteBufBE)
GET /session/50109b79f4c1b5715a1488fc89123ad0/element/832f11d9-6261-40b1-9dcd-df63dcf2c9e4/name HTTP/1.1
User-Agent: selenium/4.8.1 (java windows)
Cache-Control: no-cache
Content-Type: application/json; charset=utf-8
host: localhost:42546
accept: */*

Response DefaultHttpResponse(decodeResult: success, version: HTTP/1.1)
HTTP/1.1 200 OK
Content-Length: 17
Content-Type: application/json; charset=utf-8
cache-control: no-cache

19:55:23.822 [AsyncHttpClient-1-3] DEBUG org.asynchttpclient.netty.channel.ChannelManager - Adding key: http://localhost:42546 for channel [id: 0xd75341d4, L:/127.0.0.1:56636 - R:localhost/127.0.0.1:42546]
19:55:23.823 [Forwarding isElementEnabled on session 50109b79f4c1b5715a1488fc89123ad0 to remote] DEBUG org.asynchttpclient.netty.request.NettyRequestSender - Using pooled Channel '[id: 0xd75341d4, L:/127.0.0.1:56636 - R:localhost/127.0.0.1:42546]' for 'GET' to 'http://localhost:42546/session/50109b79f4c1b5715a1488fc89123ad0/element/832f11d9-6261-40b1-9dcd-df63dcf2c9e4/enabled'
19:55:23.823 [Forwarding isElementEnabled on session 50109b79f4c1b5715a1488fc89123ad0 to remote] DEBUG org.asynchttpclient.netty.request.NettyRequestSender - Using open Channel [id: 0xd75341d4, L:/127.0.0.1:56636 - R:localhost/127.0.0.1:42546] for GET '/session/50109b79f4c1b5715a1488fc89123ad0/element/832f11d9-6261-40b1-9dcd-df63dcf2c9e4/enabled'
19:55:23.831 [AsyncHttpClient-1-3] DEBUG org.asynchttpclient.netty.handler.HttpHandler - 

Request DefaultFullHttpRequest(decodeResult: success, version: HTTP/1.1, content: EmptyByteBufBE)
GET /session/50109b79f4c1b5715a1488fc89123ad0/element/832f11d9-6261-40b1-9dcd-df63dcf2c9e4/enabled HTTP/1.1
User-Agent: selenium/4.8.1 (java windows)
Cache-Control: no-cache
Content-Type: application/json; charset=utf-8
host: localhost:42546
accept: */*

Response DefaultHttpResponse(decodeResult: success, version: HTTP/1.1)
HTTP/1.1 200 OK
Content-Length: 14
Content-Type: application/json; charset=utf-8
cache-control: no-cache

19:55:23.831 [AsyncHttpClient-1-3] DEBUG org.asynchttpclient.netty.channel.ChannelManager - Adding key: http://localhost:42546 for channel [id: 0xd75341d4, L:/127.0.0.1:56636 - R:localhost/127.0.0.1:42546]
19:55:23.833 [Forwarding isElementEnabled on session 50109b79f4c1b5715a1488fc89123ad0 to remote] DEBUG org.asynchttpclient.netty.request.NettyRequestSender - Using pooled Channel '[id: 0xd75341d4, L:/127.0.0.1:56636 - R:localhost/127.0.0.1:42546]' for 'GET' to 'http://localhost:42546/session/50109b79f4c1b5715a1488fc89123ad0/element/832f11d9-6261-40b1-9dcd-df63dcf2c9e4/enabled'
19:55:23.833 [Forwarding isElementEnabled on session 50109b79f4c1b5715a1488fc89123ad0 to remote] DEBUG org.asynchttpclient.netty.request.NettyRequestSender - Using open Channel [id: 0xd75341d4, L:/127.0.0.1:56636 - R:localhost/127.0.0.1:42546] for GET '/session/50109b79f4c1b5715a1488fc89123ad0/element/832f11d9-6261-40b1-9dcd-df63dcf2c9e4/enabled'
19:55:23.838 [AsyncHttpClient-1-3] DEBUG org.asynchttpclient.netty.handler.HttpHandler - 

Request DefaultFullHttpRequest(decodeResult: success, version: HTTP/1.1, content: EmptyByteBufBE)
GET /session/50109b79f4c1b5715a1488fc89123ad0/element/832f11d9-6261-40b1-9dcd-df63dcf2c9e4/enabled HTTP/1.1
User-Agent: selenium/4.8.1 (java windows)
Cache-Control: no-cache
Content-Type: application/json; charset=utf-8
host: localhost:42546
accept: */*

Response DefaultHttpResponse(decodeResult: success, version: HTTP/1.1)
HTTP/1.1 200 OK
Content-Length: 14
Content-Type: application/json; charset=utf-8
cache-control: no-cache

19:55:23.838 [AsyncHttpClient-1-3] DEBUG org.asynchttpclient.netty.channel.ChannelManager - Adding key: http://localhost:42546 for channel [id: 0xd75341d4, L:/127.0.0.1:56636 - R:localhost/127.0.0.1:42546]
19:55:23.839 [Forwarding findElement on session 50109b79f4c1b5715a1488fc89123ad0 to remote] DEBUG org.asynchttpclient.netty.request.NettyRequestSender - Using pooled Channel '[id: 0xd75341d4, L:/127.0.0.1:56636 - R:localhost/127.0.0.1:42546]' for 'POST' to 'http://localhost:42546/session/50109b79f4c1b5715a1488fc89123ad0/element'
19:55:23.839 [Forwarding findElement on session 50109b79f4c1b5715a1488fc89123ad0 to remote] DEBUG org.asynchttpclient.netty.request.NettyRequestSender - Using open Channel [id: 0xd75341d4, L:/127.0.0.1:56636 - R:localhost/127.0.0.1:42546] for POST '/session/50109b79f4c1b5715a1488fc89123ad0/element'
19:55:23.845 [AsyncHttpClient-1-3] DEBUG org.asynchttpclient.netty.handler.HttpHandler - 

Request DefaultHttpRequest(decodeResult: success, version: HTTP/1.1)
POST /session/50109b79f4c1b5715a1488fc89123ad0/element HTTP/1.1
User-Agent: selenium/4.8.1 (java windows)
Content-Length: 59
Content-Type: application/json; charset=utf-8
host: localhost:42546
accept: */*

Response DefaultHttpResponse(decodeResult: success, version: HTTP/1.1)
HTTP/1.1 200 OK
Content-Length: 88
Content-Type: application/json; charset=utf-8
cache-control: no-cache

19:55:23.845 [AsyncHttpClient-1-3] DEBUG org.asynchttpclient.netty.channel.ChannelManager - Adding key: http://localhost:42546 for channel [id: 0xd75341d4, L:/127.0.0.1:56636 - R:localhost/127.0.0.1:42546]
19:55:23.845 [Forwarding clickElement on session 50109b79f4c1b5715a1488fc89123ad0 to remote] DEBUG org.asynchttpclient.netty.request.NettyRequestSender - Using pooled Channel '[id: 0xd75341d4, L:/127.0.0.1:56636 - R:localhost/127.0.0.1:42546]' for 'POST' to 'http://localhost:42546/session/50109b79f4c1b5715a1488fc89123ad0/element/832f11d9-6261-40b1-9dcd-df63dcf2c9e4/click'
19:55:23.845 [Forwarding clickElement on session 50109b79f4c1b5715a1488fc89123ad0 to remote] DEBUG org.asynchttpclient.netty.request.NettyRequestSender - Using open Channel [id: 0xd75341d4, L:/127.0.0.1:56636 - R:localhost/127.0.0.1:42546] for POST '/session/50109b79f4c1b5715a1488fc89123ad0/element/832f11d9-6261-40b1-9dcd-df63dcf2c9e4/click'
19:55:23.954 [AsyncHttpClient-1-3] DEBUG org.asynchttpclient.netty.handler.HttpHandler - 

Request DefaultHttpRequest(decodeResult: success, version: HTTP/1.1)
POST /session/50109b79f4c1b5715a1488fc89123ad0/element/832f11d9-6261-40b1-9dcd-df63dcf2c9e4/click HTTP/1.1
User-Agent: selenium/4.8.1 (java windows)
Content-Length: 50
Content-Type: application/json; charset=utf-8
host: localhost:42546
accept: */*

Response DefaultHttpResponse(decodeResult: success, version: HTTP/1.1)
HTTP/1.1 200 OK
Content-Length: 14
Content-Type: application/json; charset=utf-8
cache-control: no-cache

19:55:23.954 [AsyncHttpClient-1-3] DEBUG org.asynchttpclient.netty.channel.ChannelManager - Adding key: http://localhost:42546 for channel [id: 0xd75341d4, L:/127.0.0.1:56636 - R:localhost/127.0.0.1:42546]
19:55:23.959 [Forwarding getAlertText on session 50109b79f4c1b5715a1488fc89123ad0 to remote] DEBUG org.asynchttpclient.netty.request.NettyRequestSender - Using pooled Channel '[id: 0xd75341d4, L:/127.0.0.1:56636 - R:localhost/127.0.0.1:42546]' for 'GET' to 'http://localhost:42546/session/50109b79f4c1b5715a1488fc89123ad0/alert/text'
19:55:23.959 [Forwarding getAlertText on session 50109b79f4c1b5715a1488fc89123ad0 to remote] DEBUG org.asynchttpclient.netty.request.NettyRequestSender - Using open Channel [id: 0xd75341d4, L:/127.0.0.1:56636 - R:localhost/127.0.0.1:42546] for GET '/session/50109b79f4c1b5715a1488fc89123ad0/alert/text'
19:55:23.964 [AsyncHttpClient-1-3] DEBUG org.asynchttpclient.netty.handler.HttpHandler - 

Request DefaultFullHttpRequest(decodeResult: success, version: HTTP/1.1, content: EmptyByteBufBE)
GET /session/50109b79f4c1b5715a1488fc89123ad0/alert/text HTTP/1.1
User-Agent: selenium/4.8.1 (java windows)
Cache-Control: no-cache
Content-Type: application/json; charset=utf-8
host: localhost:42546
accept: */*

Response DefaultHttpResponse(decodeResult: success, version: HTTP/1.1)
HTTP/1.1 404 Not Found
Content-Length: 816
Content-Type: application/json; charset=utf-8
cache-control: no-cache

19:55:23.964 [AsyncHttpClient-1-3] DEBUG org.asynchttpclient.netty.channel.ChannelManager - Adding key: http://localhost:42546 for channel [id: 0xd75341d4, L:/127.0.0.1:56636 - R:localhost/127.0.0.1:42546]
19:55:23.966 [Forwarding getCurrentUrl on session 50109b79f4c1b5715a1488fc89123ad0 to remote] DEBUG org.asynchttpclient.netty.request.NettyRequestSender - Using pooled Channel '[id: 0xd75341d4, L:/127.0.0.1:56636 - R:localhost/127.0.0.1:42546]' for 'GET' to 'http://localhost:42546/session/50109b79f4c1b5715a1488fc89123ad0/url'
19:55:23.966 [Forwarding getCurrentUrl on session 50109b79f4c1b5715a1488fc89123ad0 to remote] DEBUG org.asynchttpclient.netty.request.NettyRequestSender - Using open Channel [id: 0xd75341d4, L:/127.0.0.1:56636 - R:localhost/127.0.0.1:42546] for GET '/session/50109b79f4c1b5715a1488fc89123ad0/url'
19:55:23.975 [AsyncHttpClient-1-3] DEBUG org.asynchttpclient.netty.handler.HttpHandler - 

Request DefaultFullHttpRequest(decodeResult: success, version: HTTP/1.1, content: EmptyByteBufBE)
GET /session/50109b79f4c1b5715a1488fc89123ad0/url HTTP/1.1
User-Agent: selenium/4.8.1 (java windows)
Cache-Control: no-cache
Content-Type: application/json; charset=utf-8
host: localhost:42546
accept: */*

Response DefaultHttpResponse(decodeResult: success, version: HTTP/1.1)
HTTP/1.1 200 OK
Content-Length: 52
Content-Type: application/json; charset=utf-8
cache-control: no-cache

19:55:23.975 [AsyncHttpClient-1-3] DEBUG org.asynchttpclient.netty.channel.ChannelManager - Adding key: http://localhost:42546 for channel [id: 0xd75341d4, L:/127.0.0.1:56636 - R:localhost/127.0.0.1:42546]
19:55:23.976 [Forwarding screenshot on session 50109b79f4c1b5715a1488fc89123ad0 to remote] DEBUG org.asynchttpclient.netty.request.NettyRequestSender - Using pooled Channel '[id: 0xd75341d4, L:/127.0.0.1:56636 - R:localhost/127.0.0.1:42546]' for 'GET' to 'http://localhost:42546/session/50109b79f4c1b5715a1488fc89123ad0/screenshot'
19:55:23.976 [Forwarding screenshot on session 50109b79f4c1b5715a1488fc89123ad0 to remote] DEBUG org.asynchttpclient.netty.request.NettyRequestSender - Using open Channel [id: 0xd75341d4, L:/127.0.0.1:56636 - R:localhost/127.0.0.1:42546] for GET '/session/50109b79f4c1b5715a1488fc89123ad0/screenshot'
19:55:24.008 [AsyncHttpClient-1-1] DEBUG org.asynchttpclient.netty.channel.DefaultChannelPool - Entry count for : http://localhost:56641 : 1
19:55:24.132 [AsyncHttpClient-1-3] DEBUG org.asynchttpclient.netty.handler.HttpHandler - 

Request DefaultFullHttpRequest(decodeResult: success, version: HTTP/1.1, content: EmptyByteBufBE)
GET /session/50109b79f4c1b5715a1488fc89123ad0/screenshot HTTP/1.1
User-Agent: selenium/4.8.1 (java windows)
Cache-Control: no-cache
Content-Type: application/json; charset=utf-8
host: localhost:42546
accept: */*

Response DefaultHttpResponse(decodeResult: success, version: HTTP/1.1)
HTTP/1.1 200 OK
Content-Length: 285512
Content-Type: application/json; charset=utf-8
cache-control: no-cache

19:55:24.132 [AsyncHttpClient-1-3] DEBUG org.asynchttpclient.netty.channel.ChannelManager - Adding key: http://localhost:42546 for channel [id: 0xd75341d4, L:/127.0.0.1:56636 - R:localhost/127.0.0.1:42546]
19:55:24.136 [main] DEBUG net.serenitybdd.core.photography.Darkroom - Send negative for processing for target\site\serenity\7614ee354bf590aa041e91fab36a6d543e78d0f13e6beff2e4ea75b68483773b.png
19:55:24.137 [main] DEBUG net.thucydides.core.steps.StepInterceptor - STEP DONE: clickButtonLogin
  &amp#27;[32mGiven &amp#27;[0m&amp#27;[32mI am a logged in user&amp#27;[0m                                     &amp#27;[90m# starter.stepDefinitions.CartSteps.loginAsAUser()&amp#27;[0m
19:55:24.143 [Forwarding getPageSource on session 50109b79f4c1b5715a1488fc89123ad0 to remote] DEBUG org.asynchttpclient.netty.request.NettyRequestSender - Using pooled Channel '[id: 0xd75341d4, L:/127.0.0.1:56636 - R:localhost/127.0.0.1:42546]' for 'POST' to 'http://localhost:42546/session/50109b79f4c1b5715a1488fc89123ad0/execute/sync'
19:55:24.143 [Forwarding getPageSource on session 50109b79f4c1b5715a1488fc89123ad0 to remote] DEBUG org.asynchttpclient.netty.request.NettyRequestSender - Using open Channel [id: 0xd75341d4, L:/127.0.0.1:56636 - R:localhost/127.0.0.1:42546] for POST '/session/50109b79f4c1b5715a1488fc89123ad0/execute/sync'
19:55:24.149 [AsyncHttpClient-1-3] DEBUG org.asynchttpclient.netty.handler.HttpHandler - 

Request DefaultHttpRequest(decodeResult: success, version: HTTP/1.1)
POST /session/50109b79f4c1b5715a1488fc89123ad0/execute/sync HTTP/1.1
User-Agent: selenium/4.8.1 (java windows)
Content-Length: 176
Content-Type: application/json; charset=utf-8
host: localhost:42546
accept: */*

Response DefaultHttpResponse(decodeResult: success, version: HTTP/1.1)
HTTP/1.1 200 OK
Content-Length: 16329
Content-Type: application/json; charset=utf-8
cache-control: no-cache

19:55:24.150 [AsyncHttpClient-1-3] DEBUG org.asynchttpclient.netty.channel.ChannelManager - Adding key: http://localhost:42546 for channel [id: 0xd75341d4, L:/127.0.0.1:56636 - R:localhost/127.0.0.1:42546]
19:55:24.150 [Forwarding getCurrentUrl on session 50109b79f4c1b5715a1488fc89123ad0 to remote] DEBUG org.asynchttpclient.netty.request.NettyRequestSender - Using pooled Channel '[id: 0xd75341d4, L:/127.0.0.1:56636 - R:localhost/127.0.0.1:42546]' for 'GET' to 'http://localhost:42546/session/50109b79f4c1b5715a1488fc89123ad0/url'
19:55:24.151 [Forwarding getCurrentUrl on session 50109b79f4c1b5715a1488fc89123ad0 to remote] DEBUG org.asynchttpclient.netty.request.NettyRequestSender - Using open Channel [id: 0xd75341d4, L:/127.0.0.1:56636 - R:localhost/127.0.0.1:42546] for GET '/session/50109b79f4c1b5715a1488fc89123ad0/url'
19:55:24.154 [AsyncHttpClient-1-3] DEBUG org.asynchttpclient.netty.handler.HttpHandler - 

Request DefaultFullHttpRequest(decodeResult: success, version: HTTP/1.1, content: EmptyByteBufBE)
GET /session/50109b79f4c1b5715a1488fc89123ad0/url HTTP/1.1
User-Agent: selenium/4.8.1 (java windows)
Cache-Control: no-cache
Content-Type: application/json; charset=utf-8
host: localhost:42546
accept: */*

Response DefaultHttpResponse(decodeResult: success, version: HTTP/1.1)
HTTP/1.1 200 OK
Content-Length: 52
Content-Type: application/json; charset=utf-8
cache-control: no-cache

19:55:24.154 [AsyncHttpClient-1-3] DEBUG org.asynchttpclient.netty.channel.ChannelManager - Adding key: http://localhost:42546 for channel [id: 0xd75341d4, L:/127.0.0.1:56636 - R:localhost/127.0.0.1:42546]
19:55:24.167 [Forwarding getPageSource on session 50109b79f4c1b5715a1488fc89123ad0 to remote] DEBUG org.asynchttpclient.netty.request.NettyRequestSender - Using pooled Channel '[id: 0xd75341d4, L:/127.0.0.1:56636 - R:localhost/127.0.0.1:42546]' for 'POST' to 'http://localhost:42546/session/50109b79f4c1b5715a1488fc89123ad0/execute/sync'
19:55:24.167 [Forwarding getPageSource on session 50109b79f4c1b5715a1488fc89123ad0 to remote] DEBUG org.asynchttpclient.netty.request.NettyRequestSender - Using open Channel [id: 0xd75341d4, L:/127.0.0.1:56636 - R:localhost/127.0.0.1:42546] for POST '/session/50109b79f4c1b5715a1488fc89123ad0/execute/sync'
19:55:24.173 [AsyncHttpClient-1-3] DEBUG org.asynchttpclient.netty.handler.HttpHandler - 

Request DefaultHttpRequest(decodeResult: success, version: HTTP/1.1)
POST /session/50109b79f4c1b5715a1488fc89123ad0/execute/sync HTTP/1.1
User-Agent: selenium/4.8.1 (java windows)
Content-Length: 176
Content-Type: application/json; charset=utf-8
host: localhost:42546
accept: */*

Response DefaultHttpResponse(decodeResult: success, version: HTTP/1.1)
HTTP/1.1 200 OK
Content-Length: 16329
Content-Type: application/json; charset=utf-8
cache-control: no-cache

19:55:24.173 [AsyncHttpClient-1-3] DEBUG org.asynchttpclient.netty.channel.ChannelManager - Adding key: http://localhost:42546 for channel [id: 0xd75341d4, L:/127.0.0.1:56636 - R:localhost/127.0.0.1:42546]
19:55:24.175 [Forwarding getCurrentUrl on session 50109b79f4c1b5715a1488fc89123ad0 to remote] DEBUG org.asynchttpclient.netty.request.NettyRequestSender - Using pooled Channel '[id: 0xd75341d4, L:/127.0.0.1:56636 - R:localhost/127.0.0.1:42546]' for 'GET' to 'http://localhost:42546/session/50109b79f4c1b5715a1488fc89123ad0/url'
19:55:24.175 [Forwarding getCurrentUrl on session 50109b79f4c1b5715a1488fc89123ad0 to remote] DEBUG org.asynchttpclient.netty.request.NettyRequestSender - Using open Channel [id: 0xd75341d4, L:/127.0.0.1:56636 - R:localhost/127.0.0.1:42546] for GET '/session/50109b79f4c1b5715a1488fc89123ad0/url'
19:55:24.178 [AsyncHttpClient-1-3] DEBUG org.asynchttpclient.netty.handler.HttpHandler - 

Request DefaultFullHttpRequest(decodeResult: success, version: HTTP/1.1, content: EmptyByteBufBE)
GET /session/50109b79f4c1b5715a1488fc89123ad0/url HTTP/1.1
User-Agent: selenium/4.8.1 (java windows)
Cache-Control: no-cache
Content-Type: application/json; charset=utf-8
host: localhost:42546
accept: */*

Response DefaultHttpResponse(decodeResult: success, version: HTTP/1.1)
HTTP/1.1 200 OK
Content-Length: 52
Content-Type: application/json; charset=utf-8
cache-control: no-cache

19:55:24.178 [AsyncHttpClient-1-3] DEBUG org.asynchttpclient.netty.channel.ChannelManager - Adding key: http://localhost:42546 for channel [id: 0xd75341d4, L:/127.0.0.1:56636 - R:localhost/127.0.0.1:42546]
19:55:24.180 [main] DEBUG net.thucydides.core.steps.StepInterceptor - STARTING STEP: ProductSteps.pressProductTitle - clickProductTitle
19:55:24.182 [Forwarding findElement on session 50109b79f4c1b5715a1488fc89123ad0 to remote] DEBUG org.asynchttpclient.netty.request.NettyRequestSender - Using pooled Channel '[id: 0xd75341d4, L:/127.0.0.1:56636 - R:localhost/127.0.0.1:42546]' for 'POST' to 'http://localhost:42546/session/50109b79f4c1b5715a1488fc89123ad0/element'
19:55:24.182 [Forwarding findElement on session 50109b79f4c1b5715a1488fc89123ad0 to remote] DEBUG org.asynchttpclient.netty.request.NettyRequestSender - Using open Channel [id: 0xd75341d4, L:/127.0.0.1:56636 - R:localhost/127.0.0.1:42546] for POST '/session/50109b79f4c1b5715a1488fc89123ad0/element'
19:55:24.192 [AsyncHttpClient-1-3] DEBUG org.asynchttpclient.netty.handler.HttpHandler - 

Request DefaultHttpRequest(decodeResult: success, version: HTTP/1.1)
POST /session/50109b79f4c1b5715a1488fc89123ad0/element HTTP/1.1
User-Agent: selenium/4.8.1 (java windows)
Content-Length: 80
Content-Type: application/json; charset=utf-8
host: localhost:42546
accept: */*

Response DefaultHttpResponse(decodeResult: success, version: HTTP/1.1)
HTTP/1.1 200 OK
Content-Length: 88
Content-Type: application/json; charset=utf-8
cache-control: no-cache

19:55:24.192 [AsyncHttpClient-1-3] DEBUG org.asynchttpclient.netty.channel.ChannelManager - Adding key: http://localhost:42546 for channel [id: 0xd75341d4, L:/127.0.0.1:56636 - R:localhost/127.0.0.1:42546]
19:55:24.193 [Forwarding getElementTagName on session 50109b79f4c1b5715a1488fc89123ad0 to remote] DEBUG org.asynchttpclient.netty.request.NettyRequestSender - Using pooled Channel '[id: 0xd75341d4, L:/127.0.0.1:56636 - R:localhost/127.0.0.1:42546]' for 'GET' to 'http://localhost:42546/session/50109b79f4c1b5715a1488fc89123ad0/element/a10892d8-482f-4402-bd6d-96fc99678515/name'
19:55:24.193 [Forwarding getElementTagName on session 50109b79f4c1b5715a1488fc89123ad0 to remote] DEBUG org.asynchttpclient.netty.request.NettyRequestSender - Using open Channel [id: 0xd75341d4, L:/127.0.0.1:56636 - R:localhost/127.0.0.1:42546] for GET '/session/50109b79f4c1b5715a1488fc89123ad0/element/a10892d8-482f-4402-bd6d-96fc99678515/name'
19:55:24.197 [AsyncHttpClient-1-3] DEBUG org.asynchttpclient.netty.handler.HttpHandler - 

Request DefaultFullHttpRequest(decodeResult: success, version: HTTP/1.1, content: EmptyByteBufBE)
GET /session/50109b79f4c1b5715a1488fc89123ad0/element/a10892d8-482f-4402-bd6d-96fc99678515/name HTTP/1.1
User-Agent: selenium/4.8.1 (java windows)
Cache-Control: no-cache
Content-Type: application/json; charset=utf-8
host: localhost:42546
accept: */*

Response DefaultHttpResponse(decodeResult: success, version: HTTP/1.1)
HTTP/1.1 200 OK
Content-Length: 15
Content-Type: application/json; charset=utf-8
cache-control: no-cache

19:55:24.197 [AsyncHttpClient-1-3] DEBUG org.asynchttpclient.netty.channel.ChannelManager - Adding key: http://localhost:42546 for channel [id: 0xd75341d4, L:/127.0.0.1:56636 - R:localhost/127.0.0.1:42546]
19:55:24.198 [Forwarding getElementTagName on session 50109b79f4c1b5715a1488fc89123ad0 to remote] DEBUG org.asynchttpclient.netty.request.NettyRequestSender - Using pooled Channel '[id: 0xd75341d4, L:/127.0.0.1:56636 - R:localhost/127.0.0.1:42546]' for 'GET' to 'http://localhost:42546/session/50109b79f4c1b5715a1488fc89123ad0/element/a10892d8-482f-4402-bd6d-96fc99678515/name'
19:55:24.198 [Forwarding getElementTagName on session 50109b79f4c1b5715a1488fc89123ad0 to remote] DEBUG org.asynchttpclient.netty.request.NettyRequestSender - Using open Channel [id: 0xd75341d4, L:/127.0.0.1:56636 - R:localhost/127.0.0.1:42546] for GET '/session/50109b79f4c1b5715a1488fc89123ad0/element/a10892d8-482f-4402-bd6d-96fc99678515/name'
19:55:24.201 [AsyncHttpClient-1-3] DEBUG org.asynchttpclient.netty.handler.HttpHandler - 

Request DefaultFullHttpRequest(decodeResult: success, version: HTTP/1.1, content: EmptyByteBufBE)
GET /session/50109b79f4c1b5715a1488fc89123ad0/element/a10892d8-482f-4402-bd6d-96fc99678515/name HTTP/1.1
User-Agent: selenium/4.8.1 (java windows)
Cache-Control: no-cache
Content-Type: application/json; charset=utf-8
host: localhost:42546
accept: */*

Response DefaultHttpResponse(decodeResult: success, version: HTTP/1.1)
HTTP/1.1 200 OK
Content-Length: 15
Content-Type: application/json; charset=utf-8
cache-control: no-cache

19:55:24.201 [AsyncHttpClient-1-3] DEBUG org.asynchttpclient.netty.channel.ChannelManager - Adding key: http://localhost:42546 for channel [id: 0xd75341d4, L:/127.0.0.1:56636 - R:localhost/127.0.0.1:42546]
19:55:24.202 [Forwarding findElement on session 50109b79f4c1b5715a1488fc89123ad0 to remote] DEBUG org.asynchttpclient.netty.request.NettyRequestSender - Using pooled Channel '[id: 0xd75341d4, L:/127.0.0.1:56636 - R:localhost/127.0.0.1:42546]' for 'POST' to 'http://localhost:42546/session/50109b79f4c1b5715a1488fc89123ad0/element'
19:55:24.202 [Forwarding findElement on session 50109b79f4c1b5715a1488fc89123ad0 to remote] DEBUG org.asynchttpclient.netty.request.NettyRequestSender - Using open Channel [id: 0xd75341d4, L:/127.0.0.1:56636 - R:localhost/127.0.0.1:42546] for POST '/session/50109b79f4c1b5715a1488fc89123ad0/element'
19:55:24.208 [AsyncHttpClient-1-3] DEBUG org.asynchttpclient.netty.handler.HttpHandler - 

Request DefaultHttpRequest(decodeResult: success, version: HTTP/1.1)
POST /session/50109b79f4c1b5715a1488fc89123ad0/element HTTP/1.1
User-Agent: selenium/4.8.1 (java windows)
Content-Length: 80
Content-Type: application/json; charset=utf-8
host: localhost:42546
accept: */*

Response DefaultHttpResponse(decodeResult: success, version: HTTP/1.1)
HTTP/1.1 200 OK
Content-Length: 88
Content-Type: application/json; charset=utf-8
cache-control: no-cache

19:55:24.208 [AsyncHttpClient-1-3] DEBUG org.asynchttpclient.netty.channel.ChannelManager - Adding key: http://localhost:42546 for channel [id: 0xd75341d4, L:/127.0.0.1:56636 - R:localhost/127.0.0.1:42546]
19:55:24.209 [Forwarding clickElement on session 50109b79f4c1b5715a1488fc89123ad0 to remote] DEBUG org.asynchttpclient.netty.request.NettyRequestSender - Using pooled Channel '[id: 0xd75341d4, L:/127.0.0.1:56636 - R:localhost/127.0.0.1:42546]' for 'POST' to 'http://localhost:42546/session/50109b79f4c1b5715a1488fc89123ad0/element/a10892d8-482f-4402-bd6d-96fc99678515/click'
19:55:24.209 [Forwarding clickElement on session 50109b79f4c1b5715a1488fc89123ad0 to remote] DEBUG org.asynchttpclient.netty.request.NettyRequestSender - Using open Channel [id: 0xd75341d4, L:/127.0.0.1:56636 - R:localhost/127.0.0.1:42546] for POST '/session/50109b79f4c1b5715a1488fc89123ad0/element/a10892d8-482f-4402-bd6d-96fc99678515/click'
19:55:24.258 [AsyncHttpClient-1-3] DEBUG org.asynchttpclient.netty.handler.HttpHandler - 

Request DefaultHttpRequest(decodeResult: success, version: HTTP/1.1)
POST /session/50109b79f4c1b5715a1488fc89123ad0/element/a10892d8-482f-4402-bd6d-96fc99678515/click HTTP/1.1
User-Agent: selenium/4.8.1 (java windows)
Content-Length: 50
Content-Type: application/json; charset=utf-8
host: localhost:42546
accept: */*

Response DefaultHttpResponse(decodeResult: success, version: HTTP/1.1)
HTTP/1.1 200 OK
Content-Length: 14
Content-Type: application/json; charset=utf-8
cache-control: no-cache

19:55:24.258 [AsyncHttpClient-1-3] DEBUG org.asynchttpclient.netty.channel.ChannelManager - Adding key: http://localhost:42546 for channel [id: 0xd75341d4, L:/127.0.0.1:56636 - R:localhost/127.0.0.1:42546]
19:55:24.265 [Forwarding getAlertText on session 50109b79f4c1b5715a1488fc89123ad0 to remote] DEBUG org.asynchttpclient.netty.request.NettyRequestSender - Using pooled Channel '[id: 0xd75341d4, L:/127.0.0.1:56636 - R:localhost/127.0.0.1:42546]' for 'GET' to 'http://localhost:42546/session/50109b79f4c1b5715a1488fc89123ad0/alert/text'
19:55:24.265 [Forwarding getAlertText on session 50109b79f4c1b5715a1488fc89123ad0 to remote] DEBUG org.asynchttpclient.netty.request.NettyRequestSender - Using open Channel [id: 0xd75341d4, L:/127.0.0.1:56636 - R:localhost/127.0.0.1:42546] for GET '/session/50109b79f4c1b5715a1488fc89123ad0/alert/text'
19:55:24.266 [AsyncHttpClient-1-3] DEBUG org.asynchttpclient.netty.handler.HttpHandler - 

Request DefaultFullHttpRequest(decodeResult: success, version: HTTP/1.1, content: EmptyByteBufBE)
GET /session/50109b79f4c1b5715a1488fc89123ad0/alert/text HTTP/1.1
User-Agent: selenium/4.8.1 (java windows)
Cache-Control: no-cache
Content-Type: application/json; charset=utf-8
host: localhost:42546
accept: */*

Response DefaultHttpResponse(decodeResult: success, version: HTTP/1.1)
HTTP/1.1 404 Not Found
Content-Length: 816
Content-Type: application/json; charset=utf-8
cache-control: no-cache

19:55:24.266 [AsyncHttpClient-1-3] DEBUG org.asynchttpclient.netty.channel.ChannelManager - Adding key: http://localhost:42546 for channel [id: 0xd75341d4, L:/127.0.0.1:56636 - R:localhost/127.0.0.1:42546]
19:55:24.267 [Forwarding getCurrentUrl on session 50109b79f4c1b5715a1488fc89123ad0 to remote] DEBUG org.asynchttpclient.netty.request.NettyRequestSender - Using pooled Channel '[id: 0xd75341d4, L:/127.0.0.1:56636 - R:localhost/127.0.0.1:42546]' for 'GET' to 'http://localhost:42546/session/50109b79f4c1b5715a1488fc89123ad0/url'
19:55:24.267 [Forwarding getCurrentUrl on session 50109b79f4c1b5715a1488fc89123ad0 to remote] DEBUG org.asynchttpclient.netty.request.NettyRequestSender - Using open Channel [id: 0xd75341d4, L:/127.0.0.1:56636 - R:localhost/127.0.0.1:42546] for GET '/session/50109b79f4c1b5715a1488fc89123ad0/url'
19:55:24.272 [AsyncHttpClient-1-3] DEBUG org.asynchttpclient.netty.handler.HttpHandler - 

Request DefaultFullHttpRequest(decodeResult: success, version: HTTP/1.1, content: EmptyByteBufBE)
GET /session/50109b79f4c1b5715a1488fc89123ad0/url HTTP/1.1
User-Agent: selenium/4.8.1 (java windows)
Cache-Control: no-cache
Content-Type: application/json; charset=utf-8
host: localhost:42546
accept: */*

Response DefaultHttpResponse(decodeResult: success, version: HTTP/1.1)
HTTP/1.1 200 OK
Content-Length: 62
Content-Type: application/json; charset=utf-8
cache-control: no-cache

19:55:24.272 [AsyncHttpClient-1-3] DEBUG org.asynchttpclient.netty.channel.ChannelManager - Adding key: http://localhost:42546 for channel [id: 0xd75341d4, L:/127.0.0.1:56636 - R:localhost/127.0.0.1:42546]
19:55:24.273 [Forwarding screenshot on session 50109b79f4c1b5715a1488fc89123ad0 to remote] DEBUG org.asynchttpclient.netty.request.NettyRequestSender - Using pooled Channel '[id: 0xd75341d4, L:/127.0.0.1:56636 - R:localhost/127.0.0.1:42546]' for 'GET' to 'http://localhost:42546/session/50109b79f4c1b5715a1488fc89123ad0/screenshot'
19:55:24.273 [Forwarding screenshot on session 50109b79f4c1b5715a1488fc89123ad0 to remote] DEBUG org.asynchttpclient.netty.request.NettyRequestSender - Using open Channel [id: 0xd75341d4, L:/127.0.0.1:56636 - R:localhost/127.0.0.1:42546] for GET '/session/50109b79f4c1b5715a1488fc89123ad0/screenshot'
19:55:24.440 [AsyncHttpClient-1-3] DEBUG org.asynchttpclient.netty.handler.HttpHandler - 

Request DefaultFullHttpRequest(decodeResult: success, version: HTTP/1.1, content: EmptyByteBufBE)
GET /session/50109b79f4c1b5715a1488fc89123ad0/screenshot HTTP/1.1
User-Agent: selenium/4.8.1 (java windows)
Cache-Control: no-cache
Content-Type: application/json; charset=utf-8
host: localhost:42546
accept: */*

Response DefaultHttpResponse(decodeResult: success, version: HTTP/1.1)
HTTP/1.1 200 OK
Content-Length: 246732
Content-Type: application/json; charset=utf-8
cache-control: no-cache

19:55:24.440 [AsyncHttpClient-1-3] DEBUG org.asynchttpclient.netty.channel.ChannelManager - Adding key: http://localhost:42546 for channel [id: 0xd75341d4, L:/127.0.0.1:56636 - R:localhost/127.0.0.1:42546]
19:55:24.445 [main] DEBUG net.serenitybdd.core.photography.Darkroom - Send negative for processing for target\site\serenity\c4d298a3ae0edb50df43d3016c5c0de88fd83bfe00783f943f58846955bda4b0.png
19:55:24.445 [main] DEBUG net.thucydides.core.steps.StepInterceptor - STEP DONE: clickProductTitle
  &amp#27;[32mWhen &amp#27;[0m&amp#27;[32mI press product &amp#27;[0m&amp#27;[32m&amp#27;[1m"Sauce Labs Backpack"&amp#27;[0m&amp#27;[32m title&amp#27;[0m                &amp#27;[90m# starter.stepDefinitions.ProductSteps.pressProductTitle(java.lang.String)&amp#27;[0m
19:55:24.452 [Forwarding getPageSource on session 50109b79f4c1b5715a1488fc89123ad0 to remote] DEBUG org.asynchttpclient.netty.request.NettyRequestSender - Using pooled Channel '[id: 0xd75341d4, L:/127.0.0.1:56636 - R:localhost/127.0.0.1:42546]' for 'POST' to 'http://localhost:42546/session/50109b79f4c1b5715a1488fc89123ad0/execute/sync'
19:55:24.452 [Forwarding getPageSource on session 50109b79f4c1b5715a1488fc89123ad0 to remote] DEBUG org.asynchttpclient.netty.request.NettyRequestSender - Using open Channel [id: 0xd75341d4, L:/127.0.0.1:56636 - R:localhost/127.0.0.1:42546] for POST '/session/50109b79f4c1b5715a1488fc89123ad0/execute/sync'
19:55:24.457 [AsyncHttpClient-1-3] DEBUG org.asynchttpclient.netty.handler.HttpHandler - 

Request DefaultHttpRequest(decodeResult: success, version: HTTP/1.1)
POST /session/50109b79f4c1b5715a1488fc89123ad0/execute/sync HTTP/1.1
User-Agent: selenium/4.8.1 (java windows)
Content-Length: 176
Content-Type: application/json; charset=utf-8
host: localhost:42546
accept: */*

Response DefaultHttpResponse(decodeResult: success, version: HTTP/1.1)
HTTP/1.1 200 OK
Content-Length: 12377
Content-Type: application/json; charset=utf-8
cache-control: no-cache

19:55:24.457 [AsyncHttpClient-1-3] DEBUG org.asynchttpclient.netty.channel.ChannelManager - Adding key: http://localhost:42546 for channel [id: 0xd75341d4, L:/127.0.0.1:56636 - R:localhost/127.0.0.1:42546]
19:55:24.458 [Forwarding getCurrentUrl on session 50109b79f4c1b5715a1488fc89123ad0 to remote] DEBUG org.asynchttpclient.netty.request.NettyRequestSender - Using pooled Channel '[id: 0xd75341d4, L:/127.0.0.1:56636 - R:localhost/127.0.0.1:42546]' for 'GET' to 'http://localhost:42546/session/50109b79f4c1b5715a1488fc89123ad0/url'
19:55:24.458 [Forwarding getCurrentUrl on session 50109b79f4c1b5715a1488fc89123ad0 to remote] DEBUG org.asynchttpclient.netty.request.NettyRequestSender - Using open Channel [id: 0xd75341d4, L:/127.0.0.1:56636 - R:localhost/127.0.0.1:42546] for GET '/session/50109b79f4c1b5715a1488fc89123ad0/url'
19:55:24.461 [AsyncHttpClient-1-3] DEBUG org.asynchttpclient.netty.handler.HttpHandler - 

Request DefaultFullHttpRequest(decodeResult: success, version: HTTP/1.1, content: EmptyByteBufBE)
GET /session/50109b79f4c1b5715a1488fc89123ad0/url HTTP/1.1
User-Agent: selenium/4.8.1 (java windows)
Cache-Control: no-cache
Content-Type: application/json; charset=utf-8
host: localhost:42546
accept: */*

Response DefaultHttpResponse(decodeResult: success, version: HTTP/1.1)
HTTP/1.1 200 OK
Content-Length: 62
Content-Type: application/json; charset=utf-8
cache-control: no-cache

19:55:24.461 [AsyncHttpClient-1-3] DEBUG org.asynchttpclient.netty.channel.ChannelManager - Adding key: http://localhost:42546 for channel [id: 0xd75341d4, L:/127.0.0.1:56636 - R:localhost/127.0.0.1:42546]
19:55:24.470 [Forwarding getPageSource on session 50109b79f4c1b5715a1488fc89123ad0 to remote] DEBUG org.asynchttpclient.netty.request.NettyRequestSender - Using pooled Channel '[id: 0xd75341d4, L:/127.0.0.1:56636 - R:localhost/127.0.0.1:42546]' for 'POST' to 'http://localhost:42546/session/50109b79f4c1b5715a1488fc89123ad0/execute/sync'
19:55:24.470 [Forwarding getPageSource on session 50109b79f4c1b5715a1488fc89123ad0 to remote] DEBUG org.asynchttpclient.netty.request.NettyRequestSender - Using open Channel [id: 0xd75341d4, L:/127.0.0.1:56636 - R:localhost/127.0.0.1:42546] for POST '/session/50109b79f4c1b5715a1488fc89123ad0/execute/sync'
19:55:24.474 [AsyncHttpClient-1-3] DEBUG org.asynchttpclient.netty.handler.HttpHandler - 

Request DefaultHttpRequest(decodeResult: success, version: HTTP/1.1)
POST /session/50109b79f4c1b5715a1488fc89123ad0/execute/sync HTTP/1.1
User-Agent: selenium/4.8.1 (java windows)
Content-Length: 176
Content-Type: application/json; charset=utf-8
host: localhost:42546
accept: */*

Response DefaultHttpResponse(decodeResult: success, version: HTTP/1.1)
HTTP/1.1 200 OK
Content-Length: 12377
Content-Type: application/json; charset=utf-8
cache-control: no-cache

19:55:24.474 [AsyncHttpClient-1-3] DEBUG org.asynchttpclient.netty.channel.ChannelManager - Adding key: http://localhost:42546 for channel [id: 0xd75341d4, L:/127.0.0.1:56636 - R:localhost/127.0.0.1:42546]
19:55:24.475 [Forwarding getCurrentUrl on session 50109b79f4c1b5715a1488fc89123ad0 to remote] DEBUG org.asynchttpclient.netty.request.NettyRequestSender - Using pooled Channel '[id: 0xd75341d4, L:/127.0.0.1:56636 - R:localhost/127.0.0.1:42546]' for 'GET' to 'http://localhost:42546/session/50109b79f4c1b5715a1488fc89123ad0/url'
19:55:24.476 [Forwarding getCurrentUrl on session 50109b79f4c1b5715a1488fc89123ad0 to remote] DEBUG org.asynchttpclient.netty.request.NettyRequestSender - Using open Channel [id: 0xd75341d4, L:/127.0.0.1:56636 - R:localhost/127.0.0.1:42546] for GET '/session/50109b79f4c1b5715a1488fc89123ad0/url'
19:55:24.478 [AsyncHttpClient-1-3] DEBUG org.asynchttpclient.netty.handler.HttpHandler - 

Request DefaultFullHttpRequest(decodeResult: success, version: HTTP/1.1, content: EmptyByteBufBE)
GET /session/50109b79f4c1b5715a1488fc89123ad0/url HTTP/1.1
User-Agent: selenium/4.8.1 (java windows)
Cache-Control: no-cache
Content-Type: application/json; charset=utf-8
host: localhost:42546
accept: */*

Response DefaultHttpResponse(decodeResult: success, version: HTTP/1.1)
HTTP/1.1 200 OK
Content-Length: 62
Content-Type: application/json; charset=utf-8
cache-control: no-cache

19:55:24.478 [AsyncHttpClient-1-3] DEBUG org.asynchttpclient.netty.channel.ChannelManager - Adding key: http://localhost:42546 for channel [id: 0xd75341d4, L:/127.0.0.1:56636 - R:localhost/127.0.0.1:42546]
19:55:24.480 [main] DEBUG net.thucydides.core.steps.StepInterceptor - STARTING STEP: ProductSteps.arriveOnProductPage - checkBackButton
19:55:24.482 [Forwarding findElement on session 50109b79f4c1b5715a1488fc89123ad0 to remote] DEBUG org.asynchttpclient.netty.request.NettyRequestSender - Using pooled Channel '[id: 0xd75341d4, L:/127.0.0.1:56636 - R:localhost/127.0.0.1:42546]' for 'POST' to 'http://localhost:42546/session/50109b79f4c1b5715a1488fc89123ad0/element'
19:55:24.482 [Forwarding findElement on session 50109b79f4c1b5715a1488fc89123ad0 to remote] DEBUG org.asynchttpclient.netty.request.NettyRequestSender - Using open Channel [id: 0xd75341d4, L:/127.0.0.1:56636 - R:localhost/127.0.0.1:42546] for POST '/session/50109b79f4c1b5715a1488fc89123ad0/element'
19:55:24.498 [AsyncHttpClient-1-3] DEBUG org.asynchttpclient.netty.handler.HttpHandler - 

Request DefaultHttpRequest(decodeResult: success, version: HTTP/1.1)
POST /session/50109b79f4c1b5715a1488fc89123ad0/element HTTP/1.1
User-Agent: selenium/4.8.1 (java windows)
Content-Length: 65
Content-Type: application/json; charset=utf-8
host: localhost:42546
accept: */*

Response DefaultHttpResponse(decodeResult: success, version: HTTP/1.1)
HTTP/1.1 200 OK
Content-Length: 88
Content-Type: application/json; charset=utf-8
cache-control: no-cache

19:55:24.499 [AsyncHttpClient-1-3] DEBUG org.asynchttpclient.netty.channel.ChannelManager - Adding key: http://localhost:42546 for channel [id: 0xd75341d4, L:/127.0.0.1:56636 - R:localhost/127.0.0.1:42546]
19:55:24.501 [Forwarding isElementDisplayed on session 50109b79f4c1b5715a1488fc89123ad0 to remote] DEBUG org.asynchttpclient.netty.request.NettyRequestSender - Using pooled Channel '[id: 0xd75341d4, L:/127.0.0.1:56636 - R:localhost/127.0.0.1:42546]' for 'POST' to 'http://localhost:42546/session/50109b79f4c1b5715a1488fc89123ad0/execute/sync'
19:55:24.501 [Forwarding isElementDisplayed on session 50109b79f4c1b5715a1488fc89123ad0 to remote] DEBUG org.asynchttpclient.netty.request.NettyRequestSender - Using open Channel [id: 0xd75341d4, L:/127.0.0.1:56636 - R:localhost/127.0.0.1:42546] for POST '/session/50109b79f4c1b5715a1488fc89123ad0/execute/sync'
19:55:24.513 [AsyncHttpClient-1-3] DEBUG org.asynchttpclient.netty.handler.HttpHandler - 

Request DefaultHttpRequest(decodeResult: success, version: HTTP/1.1)
POST /session/50109b79f4c1b5715a1488fc89123ad0/execute/sync HTTP/1.1
User-Agent: selenium/4.8.1 (java windows)
Content-Length: 48807
Content-Type: application/json; charset=utf-8
host: localhost:42546
accept: */*

Response DefaultHttpResponse(decodeResult: success, version: HTTP/1.1)
HTTP/1.1 200 OK
Content-Length: 14
Content-Type: application/json; charset=utf-8
cache-control: no-cache

19:55:24.513 [AsyncHttpClient-1-3] DEBUG org.asynchttpclient.netty.channel.ChannelManager - Adding key: http://localhost:42546 for channel [id: 0xd75341d4, L:/127.0.0.1:56636 - R:localhost/127.0.0.1:42546]
19:55:24.516 [Forwarding isElementDisplayed on session 50109b79f4c1b5715a1488fc89123ad0 to remote] DEBUG org.asynchttpclient.netty.request.NettyRequestSender - Using pooled Channel '[id: 0xd75341d4, L:/127.0.0.1:56636 - R:localhost/127.0.0.1:42546]' for 'POST' to 'http://localhost:42546/session/50109b79f4c1b5715a1488fc89123ad0/execute/sync'
19:55:24.516 [Forwarding isElementDisplayed on session 50109b79f4c1b5715a1488fc89123ad0 to remote] DEBUG org.asynchttpclient.netty.request.NettyRequestSender - Using open Channel [id: 0xd75341d4, L:/127.0.0.1:56636 - R:localhost/127.0.0.1:42546] for POST '/session/50109b79f4c1b5715a1488fc89123ad0/execute/sync'
19:55:24.526 [AsyncHttpClient-1-3] DEBUG org.asynchttpclient.netty.handler.HttpHandler - 

Request DefaultHttpRequest(decodeResult: success, version: HTTP/1.1)
POST /session/50109b79f4c1b5715a1488fc89123ad0/execute/sync HTTP/1.1
User-Agent: selenium/4.8.1 (java windows)
Content-Length: 48807
Content-Type: application/json; charset=utf-8
host: localhost:42546
accept: */*

Response DefaultHttpResponse(decodeResult: success, version: HTTP/1.1)
HTTP/1.1 200 OK
Content-Length: 14
Content-Type: application/json; charset=utf-8
cache-control: no-cache

19:55:24.526 [AsyncHttpClient-1-3] DEBUG org.asynchttpclient.netty.channel.ChannelManager - Adding key: http://localhost:42546 for channel [id: 0xd75341d4, L:/127.0.0.1:56636 - R:localhost/127.0.0.1:42546]
19:55:24.530 [Forwarding getAlertText on session 50109b79f4c1b5715a1488fc89123ad0 to remote] DEBUG org.asynchttpclient.netty.request.NettyRequestSender - Using pooled Channel '[id: 0xd75341d4, L:/127.0.0.1:56636 - R:localhost/127.0.0.1:42546]' for 'GET' to 'http://localhost:42546/session/50109b79f4c1b5715a1488fc89123ad0/alert/text'
19:55:24.530 [Forwarding getAlertText on session 50109b79f4c1b5715a1488fc89123ad0 to remote] DEBUG org.asynchttpclient.netty.request.NettyRequestSender - Using open Channel [id: 0xd75341d4, L:/127.0.0.1:56636 - R:localhost/127.0.0.1:42546] for GET '/session/50109b79f4c1b5715a1488fc89123ad0/alert/text'
19:55:24.532 [AsyncHttpClient-1-3] DEBUG org.asynchttpclient.netty.handler.HttpHandler - 

Request DefaultFullHttpRequest(decodeResult: success, version: HTTP/1.1, content: EmptyByteBufBE)
GET /session/50109b79f4c1b5715a1488fc89123ad0/alert/text HTTP/1.1
User-Agent: selenium/4.8.1 (java windows)
Cache-Control: no-cache
Content-Type: application/json; charset=utf-8
host: localhost:42546
accept: */*

Response DefaultHttpResponse(decodeResult: success, version: HTTP/1.1)
HTTP/1.1 404 Not Found
Content-Length: 816
Content-Type: application/json; charset=utf-8
cache-control: no-cache

19:55:24.532 [AsyncHttpClient-1-3] DEBUG org.asynchttpclient.netty.channel.ChannelManager - Adding key: http://localhost:42546 for channel [id: 0xd75341d4, L:/127.0.0.1:56636 - R:localhost/127.0.0.1:42546]
19:55:24.533 [Forwarding getCurrentUrl on session 50109b79f4c1b5715a1488fc89123ad0 to remote] DEBUG org.asynchttpclient.netty.request.NettyRequestSender - Using pooled Channel '[id: 0xd75341d4, L:/127.0.0.1:56636 - R:localhost/127.0.0.1:42546]' for 'GET' to 'http://localhost:42546/session/50109b79f4c1b5715a1488fc89123ad0/url'
19:55:24.533 [Forwarding getCurrentUrl on session 50109b79f4c1b5715a1488fc89123ad0 to remote] DEBUG org.asynchttpclient.netty.request.NettyRequestSender - Using open Channel [id: 0xd75341d4, L:/127.0.0.1:56636 - R:localhost/127.0.0.1:42546] for GET '/session/50109b79f4c1b5715a1488fc89123ad0/url'
19:55:24.536 [AsyncHttpClient-1-3] DEBUG org.asynchttpclient.netty.handler.HttpHandler - 

Request DefaultFullHttpRequest(decodeResult: success, version: HTTP/1.1, content: EmptyByteBufBE)
GET /session/50109b79f4c1b5715a1488fc89123ad0/url HTTP/1.1
User-Agent: selenium/4.8.1 (java windows)
Cache-Control: no-cache
Content-Type: application/json; charset=utf-8
host: localhost:42546
accept: */*

Response DefaultHttpResponse(decodeResult: success, version: HTTP/1.1)
HTTP/1.1 200 OK
Content-Length: 62
Content-Type: application/json; charset=utf-8
cache-control: no-cache

19:55:24.536 [AsyncHttpClient-1-3] DEBUG org.asynchttpclient.netty.channel.ChannelManager - Adding key: http://localhost:42546 for channel [id: 0xd75341d4, L:/127.0.0.1:56636 - R:localhost/127.0.0.1:42546]
19:55:24.536 [Forwarding screenshot on session 50109b79f4c1b5715a1488fc89123ad0 to remote] DEBUG org.asynchttpclient.netty.request.NettyRequestSender - Using pooled Channel '[id: 0xd75341d4, L:/127.0.0.1:56636 - R:localhost/127.0.0.1:42546]' for 'GET' to 'http://localhost:42546/session/50109b79f4c1b5715a1488fc89123ad0/screenshot'
19:55:24.536 [Forwarding screenshot on session 50109b79f4c1b5715a1488fc89123ad0 to remote] DEBUG org.asynchttpclient.netty.request.NettyRequestSender - Using open Channel [id: 0xd75341d4, L:/127.0.0.1:56636 - R:localhost/127.0.0.1:42546] for GET '/session/50109b79f4c1b5715a1488fc89123ad0/screenshot'
19:55:24.682 [AsyncHttpClient-1-3] DEBUG org.asynchttpclient.netty.handler.HttpHandler - 

Request DefaultFullHttpRequest(decodeResult: success, version: HTTP/1.1, content: EmptyByteBufBE)
GET /session/50109b79f4c1b5715a1488fc89123ad0/screenshot HTTP/1.1
User-Agent: selenium/4.8.1 (java windows)
Cache-Control: no-cache
Content-Type: application/json; charset=utf-8
host: localhost:42546
accept: */*

Response DefaultHttpResponse(decodeResult: success, version: HTTP/1.1)
HTTP/1.1 200 OK
Content-Length: 246732
Content-Type: application/json; charset=utf-8
cache-control: no-cache

19:55:24.682 [AsyncHttpClient-1-3] DEBUG org.asynchttpclient.netty.channel.ChannelManager - Adding key: http://localhost:42546 for channel [id: 0xd75341d4, L:/127.0.0.1:56636 - R:localhost/127.0.0.1:42546]
19:55:24.686 [main] DEBUG net.serenitybdd.core.photography.Darkroom - Send negative for processing for target\site\serenity\c4d298a3ae0edb50df43d3016c5c0de88fd83bfe00783f943f58846955bda4b0.png
19:55:24.687 [main] DEBUG net.thucydides.core.steps.StepInterceptor - STEP DONE: checkBackButton
  &amp#27;[32mThen &amp#27;[0m&amp#27;[32mI will be directed to product page&amp#27;[0m                         &amp#27;[90m# starter.stepDefinitions.ProductSteps.arriveOnProductPage()&amp#27;[0m
19:55:24.695 [Forwarding getPageSource on session 50109b79f4c1b5715a1488fc89123ad0 to remote] DEBUG org.asynchttpclient.netty.request.NettyRequestSender - Using pooled Channel '[id: 0xd75341d4, L:/127.0.0.1:56636 - R:localhost/127.0.0.1:42546]' for 'POST' to 'http://localhost:42546/session/50109b79f4c1b5715a1488fc89123ad0/execute/sync'
19:55:24.695 [Forwarding getPageSource on session 50109b79f4c1b5715a1488fc89123ad0 to remote] DEBUG org.asynchttpclient.netty.request.NettyRequestSender - Using open Channel [id: 0xd75341d4, L:/127.0.0.1:56636 - R:localhost/127.0.0.1:42546] for POST '/session/50109b79f4c1b5715a1488fc89123ad0/execute/sync'
19:55:24.700 [AsyncHttpClient-1-3] DEBUG org.asynchttpclient.netty.handler.HttpHandler - 

Request DefaultHttpRequest(decodeResult: success, version: HTTP/1.1)
POST /session/50109b79f4c1b5715a1488fc89123ad0/execute/sync HTTP/1.1
User-Agent: selenium/4.8.1 (java windows)
Content-Length: 176
Content-Type: application/json; charset=utf-8
host: localhost:42546
accept: */*

Response DefaultHttpResponse(decodeResult: success, version: HTTP/1.1)
HTTP/1.1 200 OK
Content-Length: 12377
Content-Type: application/json; charset=utf-8
cache-control: no-cache

19:55:24.700 [AsyncHttpClient-1-3] DEBUG org.asynchttpclient.netty.channel.ChannelManager - Adding key: http://localhost:42546 for channel [id: 0xd75341d4, L:/127.0.0.1:56636 - R:localhost/127.0.0.1:42546]
19:55:24.701 [Forwarding getCurrentUrl on session 50109b79f4c1b5715a1488fc89123ad0 to remote] DEBUG org.asynchttpclient.netty.request.NettyRequestSender - Using pooled Channel '[id: 0xd75341d4, L:/127.0.0.1:56636 - R:localhost/127.0.0.1:42546]' for 'GET' to 'http://localhost:42546/session/50109b79f4c1b5715a1488fc89123ad0/url'
19:55:24.701 [Forwarding getCurrentUrl on session 50109b79f4c1b5715a1488fc89123ad0 to remote] DEBUG org.asynchttpclient.netty.request.NettyRequestSender - Using open Channel [id: 0xd75341d4, L:/127.0.0.1:56636 - R:localhost/127.0.0.1:42546] for GET '/session/50109b79f4c1b5715a1488fc89123ad0/url'
19:55:24.704 [AsyncHttpClient-1-3] DEBUG org.asynchttpclient.netty.handler.HttpHandler - 

Request DefaultFullHttpRequest(decodeResult: success, version: HTTP/1.1, content: EmptyByteBufBE)
GET /session/50109b79f4c1b5715a1488fc89123ad0/url HTTP/1.1
User-Agent: selenium/4.8.1 (java windows)
Cache-Control: no-cache
Content-Type: application/json; charset=utf-8
host: localhost:42546
accept: */*

Response DefaultHttpResponse(decodeResult: success, version: HTTP/1.1)
HTTP/1.1 200 OK
Content-Length: 62
Content-Type: application/json; charset=utf-8
cache-control: no-cache

19:55:24.704 [AsyncHttpClient-1-3] DEBUG org.asynchttpclient.netty.channel.ChannelManager - Adding key: http://localhost:42546 for channel [id: 0xd75341d4, L:/127.0.0.1:56636 - R:localhost/127.0.0.1:42546]
19:55:24.711 [Forwarding getPageSource on session 50109b79f4c1b5715a1488fc89123ad0 to remote] DEBUG org.asynchttpclient.netty.request.NettyRequestSender - Using pooled Channel '[id: 0xd75341d4, L:/127.0.0.1:56636 - R:localhost/127.0.0.1:42546]' for 'POST' to 'http://localhost:42546/session/50109b79f4c1b5715a1488fc89123ad0/execute/sync'
19:55:24.711 [Forwarding getPageSource on session 50109b79f4c1b5715a1488fc89123ad0 to remote] DEBUG org.asynchttpclient.netty.request.NettyRequestSender - Using open Channel [id: 0xd75341d4, L:/127.0.0.1:56636 - R:localhost/127.0.0.1:42546] for POST '/session/50109b79f4c1b5715a1488fc89123ad0/execute/sync'
19:55:24.715 [AsyncHttpClient-1-3] DEBUG org.asynchttpclient.netty.handler.HttpHandler - 

Request DefaultHttpRequest(decodeResult: success, version: HTTP/1.1)
POST /session/50109b79f4c1b5715a1488fc89123ad0/execute/sync HTTP/1.1
User-Agent: selenium/4.8.1 (java windows)
Content-Length: 176
Content-Type: application/json; charset=utf-8
host: localhost:42546
accept: */*

Response DefaultHttpResponse(decodeResult: success, version: HTTP/1.1)
HTTP/1.1 200 OK
Content-Length: 12377
Content-Type: application/json; charset=utf-8
cache-control: no-cache

19:55:24.715 [AsyncHttpClient-1-3] DEBUG org.asynchttpclient.netty.channel.ChannelManager - Adding key: http://localhost:42546 for channel [id: 0xd75341d4, L:/127.0.0.1:56636 - R:localhost/127.0.0.1:42546]
19:55:24.716 [Forwarding getCurrentUrl on session 50109b79f4c1b5715a1488fc89123ad0 to remote] DEBUG org.asynchttpclient.netty.request.NettyRequestSender - Using pooled Channel '[id: 0xd75341d4, L:/127.0.0.1:56636 - R:localhost/127.0.0.1:42546]' for 'GET' to 'http://localhost:42546/session/50109b79f4c1b5715a1488fc89123ad0/url'
19:55:24.716 [Forwarding getCurrentUrl on session 50109b79f4c1b5715a1488fc89123ad0 to remote] DEBUG org.asynchttpclient.netty.request.NettyRequestSender - Using open Channel [id: 0xd75341d4, L:/127.0.0.1:56636 - R:localhost/127.0.0.1:42546] for GET '/session/50109b79f4c1b5715a1488fc89123ad0/url'
19:55:24.720 [AsyncHttpClient-1-3] DEBUG org.asynchttpclient.netty.handler.HttpHandler - 

Request DefaultFullHttpRequest(decodeResult: success, version: HTTP/1.1, content: EmptyByteBufBE)
GET /session/50109b79f4c1b5715a1488fc89123ad0/url HTTP/1.1
User-Agent: selenium/4.8.1 (java windows)
Cache-Control: no-cache
Content-Type: application/json; charset=utf-8
host: localhost:42546
accept: */*

Response DefaultHttpResponse(decodeResult: success, version: HTTP/1.1)
HTTP/1.1 200 OK
Content-Length: 62
Content-Type: application/json; charset=utf-8
cache-control: no-cache

19:55:24.720 [AsyncHttpClient-1-3] DEBUG org.asynchttpclient.netty.channel.ChannelManager - Adding key: http://localhost:42546 for channel [id: 0xd75341d4, L:/127.0.0.1:56636 - R:localhost/127.0.0.1:42546]
19:55:24.722 [main] DEBUG net.thucydides.core.steps.StepInterceptor - STARTING STEP: ProductSteps.checkProductTitle - checkProductTitle
19:55:24.725 [main] DEBUG net.thucydides.core.steps.StepInterceptor - STEP DONE: checkProductTitle
  &amp#27;[32mAnd &amp#27;[0m&amp#27;[32mI can see the same product &amp#27;[0m&amp#27;[32m&amp#27;[1m"Sauce Labs Backpack"&amp#27;[0m&amp#27;[32m title&amp#27;[0m      &amp#27;[90m# starter.stepDefinitions.ProductSteps.checkProductTitle(java.lang.String)&amp#27;[0m
19:55:24.731 [Forwarding getPageSource on session 50109b79f4c1b5715a1488fc89123ad0 to remote] DEBUG org.asynchttpclient.netty.request.NettyRequestSender - Using pooled Channel '[id: 0xd75341d4, L:/127.0.0.1:56636 - R:localhost/127.0.0.1:42546]' for 'POST' to 'http://localhost:42546/session/50109b79f4c1b5715a1488fc89123ad0/execute/sync'
19:55:24.732 [Forwarding getPageSource on session 50109b79f4c1b5715a1488fc89123ad0 to remote] DEBUG org.asynchttpclient.netty.request.NettyRequestSender - Using open Channel [id: 0xd75341d4, L:/127.0.0.1:56636 - R:localhost/127.0.0.1:42546] for POST '/session/50109b79f4c1b5715a1488fc89123ad0/execute/sync'
19:55:24.736 [AsyncHttpClient-1-3] DEBUG org.asynchttpclient.netty.handler.HttpHandler - 

Request DefaultHttpRequest(decodeResult: success, version: HTTP/1.1)
POST /session/50109b79f4c1b5715a1488fc89123ad0/execute/sync HTTP/1.1
User-Agent: selenium/4.8.1 (java windows)
Content-Length: 176
Content-Type: application/json; charset=utf-8
host: localhost:42546
accept: */*

Response DefaultHttpResponse(decodeResult: success, version: HTTP/1.1)
HTTP/1.1 200 OK
Content-Length: 12377
Content-Type: application/json; charset=utf-8
cache-control: no-cache

19:55:24.737 [AsyncHttpClient-1-3] DEBUG org.asynchttpclient.netty.channel.ChannelManager - Adding key: http://localhost:42546 for channel [id: 0xd75341d4, L:/127.0.0.1:56636 - R:localhost/127.0.0.1:42546]
19:55:24.738 [Forwarding getCurrentUrl on session 50109b79f4c1b5715a1488fc89123ad0 to remote] DEBUG org.asynchttpclient.netty.request.NettyRequestSender - Using pooled Channel '[id: 0xd75341d4, L:/127.0.0.1:56636 - R:localhost/127.0.0.1:42546]' for 'GET' to 'http://localhost:42546/session/50109b79f4c1b5715a1488fc89123ad0/url'
19:55:24.738 [Forwarding getCurrentUrl on session 50109b79f4c1b5715a1488fc89123ad0 to remote] DEBUG org.asynchttpclient.netty.request.NettyRequestSender - Using open Channel [id: 0xd75341d4, L:/127.0.0.1:56636 - R:localhost/127.0.0.1:42546] for GET '/session/50109b79f4c1b5715a1488fc89123ad0/url'
19:55:24.741 [AsyncHttpClient-1-3] DEBUG org.asynchttpclient.netty.handler.HttpHandler - 

Request DefaultFullHttpRequest(decodeResult: success, version: HTTP/1.1, content: EmptyByteBufBE)
GET /session/50109b79f4c1b5715a1488fc89123ad0/url HTTP/1.1
User-Agent: selenium/4.8.1 (java windows)
Cache-Control: no-cache
Content-Type: application/json; charset=utf-8
host: localhost:42546
accept: */*

Response DefaultHttpResponse(decodeResult: success, version: HTTP/1.1)
HTTP/1.1 200 OK
Content-Length: 62
Content-Type: application/json; charset=utf-8
cache-control: no-cache

19:55:24.741 [AsyncHttpClient-1-3] DEBUG org.asynchttpclient.netty.channel.ChannelManager - Adding key: http://localhost:42546 for channel [id: 0xd75341d4, L:/127.0.0.1:56636 - R:localhost/127.0.0.1:42546]
19:55:24.748 [Forwarding getAlertText on session 50109b79f4c1b5715a1488fc89123ad0 to remote] DEBUG org.asynchttpclient.netty.request.NettyRequestSender - Using pooled Channel '[id: 0xd75341d4, L:/127.0.0.1:56636 - R:localhost/127.0.0.1:42546]' for 'GET' to 'http://localhost:42546/session/50109b79f4c1b5715a1488fc89123ad0/alert/text'
19:55:24.748 [Forwarding getAlertText on session 50109b79f4c1b5715a1488fc89123ad0 to remote] DEBUG org.asynchttpclient.netty.request.NettyRequestSender - Using open Channel [id: 0xd75341d4, L:/127.0.0.1:56636 - R:localhost/127.0.0.1:42546] for GET '/session/50109b79f4c1b5715a1488fc89123ad0/alert/text'
19:55:24.750 [AsyncHttpClient-1-3] DEBUG org.asynchttpclient.netty.handler.HttpHandler - 

Request DefaultFullHttpRequest(decodeResult: success, version: HTTP/1.1, content: EmptyByteBufBE)
GET /session/50109b79f4c1b5715a1488fc89123ad0/alert/text HTTP/1.1
User-Agent: selenium/4.8.1 (java windows)
Cache-Control: no-cache
Content-Type: application/json; charset=utf-8
host: localhost:42546
accept: */*

Response DefaultHttpResponse(decodeResult: success, version: HTTP/1.1)
HTTP/1.1 404 Not Found
Content-Length: 816
Content-Type: application/json; charset=utf-8
cache-control: no-cache

19:55:24.750 [AsyncHttpClient-1-3] DEBUG org.asynchttpclient.netty.channel.ChannelManager - Adding key: http://localhost:42546 for channel [id: 0xd75341d4, L:/127.0.0.1:56636 - R:localhost/127.0.0.1:42546]
19:55:24.750 [Forwarding getCurrentUrl on session 50109b79f4c1b5715a1488fc89123ad0 to remote] DEBUG org.asynchttpclient.netty.request.NettyRequestSender - Using pooled Channel '[id: 0xd75341d4, L:/127.0.0.1:56636 - R:localhost/127.0.0.1:42546]' for 'GET' to 'http://localhost:42546/session/50109b79f4c1b5715a1488fc89123ad0/url'
19:55:24.750 [Forwarding getCurrentUrl on session 50109b79f4c1b5715a1488fc89123ad0 to remote] DEBUG org.asynchttpclient.netty.request.NettyRequestSender - Using open Channel [id: 0xd75341d4, L:/127.0.0.1:56636 - R:localhost/127.0.0.1:42546] for GET '/session/50109b79f4c1b5715a1488fc89123ad0/url'
19:55:24.754 [AsyncHttpClient-1-3] DEBUG org.asynchttpclient.netty.handler.HttpHandler - 

Request DefaultFullHttpRequest(decodeResult: success, version: HTTP/1.1, content: EmptyByteBufBE)
GET /session/50109b79f4c1b5715a1488fc89123ad0/url HTTP/1.1
User-Agent: selenium/4.8.1 (java windows)
Cache-Control: no-cache
Content-Type: application/json; charset=utf-8
host: localhost:42546
accept: */*

Response DefaultHttpResponse(decodeResult: success, version: HTTP/1.1)
HTTP/1.1 200 OK
Content-Length: 62
Content-Type: application/json; charset=utf-8
cache-control: no-cache

19:55:24.754 [AsyncHttpClient-1-3] DEBUG org.asynchttpclient.netty.channel.ChannelManager - Adding key: http://localhost:42546 for channel [id: 0xd75341d4, L:/127.0.0.1:56636 - R:localhost/127.0.0.1:42546]
19:55:24.754 [Forwarding screenshot on session 50109b79f4c1b5715a1488fc89123ad0 to remote] DEBUG org.asynchttpclient.netty.request.NettyRequestSender - Using pooled Channel '[id: 0xd75341d4, L:/127.0.0.1:56636 - R:localhost/127.0.0.1:42546]' for 'GET' to 'http://localhost:42546/session/50109b79f4c1b5715a1488fc89123ad0/screenshot'
19:55:24.754 [Forwarding screenshot on session 50109b79f4c1b5715a1488fc89123ad0 to remote] DEBUG org.asynchttpclient.netty.request.NettyRequestSender - Using open Channel [id: 0xd75341d4, L:/127.0.0.1:56636 - R:localhost/127.0.0.1:42546] for GET '/session/50109b79f4c1b5715a1488fc89123ad0/screenshot'
19:55:24.916 [AsyncHttpClient-1-3] DEBUG org.asynchttpclient.netty.handler.HttpHandler - 

Request DefaultFullHttpRequest(decodeResult: success, version: HTTP/1.1, content: EmptyByteBufBE)
GET /session/50109b79f4c1b5715a1488fc89123ad0/screenshot HTTP/1.1
User-Agent: selenium/4.8.1 (java windows)
Cache-Control: no-cache
Content-Type: application/json; charset=utf-8
host: localhost:42546
accept: */*

Response DefaultHttpResponse(decodeResult: success, version: HTTP/1.1)
HTTP/1.1 200 OK
Content-Length: 246732
Content-Type: application/json; charset=utf-8
cache-control: no-cache

19:55:24.916 [AsyncHttpClient-1-3] DEBUG org.asynchttpclient.netty.channel.ChannelManager - Adding key: http://localhost:42546 for channel [id: 0xd75341d4, L:/127.0.0.1:56636 - R:localhost/127.0.0.1:42546]
19:55:24.920 [main] DEBUG net.serenitybdd.core.photography.Darkroom - Send negative for processing for target\site\serenity\c4d298a3ae0edb50df43d3016c5c0de88fd83bfe00783f943f58846955bda4b0.png
19:55:24.921 [Forwarding getPageSource on session 50109b79f4c1b5715a1488fc89123ad0 to remote] DEBUG org.asynchttpclient.netty.request.NettyRequestSender - Using pooled Channel '[id: 0xd75341d4, L:/127.0.0.1:56636 - R:localhost/127.0.0.1:42546]' for 'POST' to 'http://localhost:42546/session/50109b79f4c1b5715a1488fc89123ad0/execute/sync'
19:55:24.921 [Forwarding getPageSource on session 50109b79f4c1b5715a1488fc89123ad0 to remote] DEBUG org.asynchttpclient.netty.request.NettyRequestSender - Using open Channel [id: 0xd75341d4, L:/127.0.0.1:56636 - R:localhost/127.0.0.1:42546] for POST '/session/50109b79f4c1b5715a1488fc89123ad0/execute/sync'
19:55:24.924 [AsyncHttpClient-1-3] DEBUG org.asynchttpclient.netty.handler.HttpHandler - 

Request DefaultHttpRequest(decodeResult: success, version: HTTP/1.1)
POST /session/50109b79f4c1b5715a1488fc89123ad0/execute/sync HTTP/1.1
User-Agent: selenium/4.8.1 (java windows)
Content-Length: 176
Content-Type: application/json; charset=utf-8
host: localhost:42546
accept: */*

Response DefaultHttpResponse(decodeResult: success, version: HTTP/1.1)
HTTP/1.1 200 OK
Content-Length: 12377
Content-Type: application/json; charset=utf-8
cache-control: no-cache

19:55:24.924 [AsyncHttpClient-1-3] DEBUG org.asynchttpclient.netty.channel.ChannelManager - Adding key: http://localhost:42546 for channel [id: 0xd75341d4, L:/127.0.0.1:56636 - R:localhost/127.0.0.1:42546]
19:55:24.925 [Forwarding getCurrentUrl on session 50109b79f4c1b5715a1488fc89123ad0 to remote] DEBUG org.asynchttpclient.netty.request.NettyRequestSender - Using pooled Channel '[id: 0xd75341d4, L:/127.0.0.1:56636 - R:localhost/127.0.0.1:42546]' for 'GET' to 'http://localhost:42546/session/50109b79f4c1b5715a1488fc89123ad0/url'
19:55:24.925 [Forwarding getCurrentUrl on session 50109b79f4c1b5715a1488fc89123ad0 to remote] DEBUG org.asynchttpclient.netty.request.NettyRequestSender - Using open Channel [id: 0xd75341d4, L:/127.0.0.1:56636 - R:localhost/127.0.0.1:42546] for GET '/session/50109b79f4c1b5715a1488fc89123ad0/url'
19:55:24.928 [AsyncHttpClient-1-3] DEBUG org.asynchttpclient.netty.handler.HttpHandler - 

Request DefaultFullHttpRequest(decodeResult: success, version: HTTP/1.1, content: EmptyByteBufBE)
GET /session/50109b79f4c1b5715a1488fc89123ad0/url HTTP/1.1
User-Agent: selenium/4.8.1 (java windows)
Cache-Control: no-cache
Content-Type: application/json; charset=utf-8
host: localhost:42546
accept: */*

Response DefaultHttpResponse(decodeResult: success, version: HTTP/1.1)
HTTP/1.1 200 OK
Content-Length: 62
Content-Type: application/json; charset=utf-8
cache-control: no-cache

19:55:24.928 [AsyncHttpClient-1-3] DEBUG org.asynchttpclient.netty.channel.ChannelManager - Adding key: http://localhost:42546 for channel [id: 0xd75341d4, L:/127.0.0.1:56636 - R:localhost/127.0.0.1:42546]
19:55:24.929 [main] DEBUG net.thucydides.core.steps.StepInterceptor - STARTING STEP: ProductSteps.checkProductDesc - checkProductDesc
19:55:24.931 [Forwarding findElement on session 50109b79f4c1b5715a1488fc89123ad0 to remote] DEBUG org.asynchttpclient.netty.request.NettyRequestSender - Using pooled Channel '[id: 0xd75341d4, L:/127.0.0.1:56636 - R:localhost/127.0.0.1:42546]' for 'POST' to 'http://localhost:42546/session/50109b79f4c1b5715a1488fc89123ad0/element'
19:55:24.931 [Forwarding findElement on session 50109b79f4c1b5715a1488fc89123ad0 to remote] DEBUG org.asynchttpclient.netty.request.NettyRequestSender - Using open Channel [id: 0xd75341d4, L:/127.0.0.1:56636 - R:localhost/127.0.0.1:42546] for POST '/session/50109b79f4c1b5715a1488fc89123ad0/element'
19:55:25.109 [AsyncHttpClient-1-1] DEBUG org.asynchttpclient.netty.channel.DefaultChannelPool - Entry count for : http://localhost:56641 : 1
19:55:26.215 [AsyncHttpClient-1-1] DEBUG org.asynchttpclient.netty.channel.DefaultChannelPool - Entry count for : http://localhost:56641 : 1
19:55:26.937 [AsyncHttpClient-1-3] DEBUG org.asynchttpclient.netty.handler.HttpHandler - 

Request DefaultHttpRequest(decodeResult: success, version: HTTP/1.1)
POST /session/50109b79f4c1b5715a1488fc89123ad0/element HTTP/1.1
User-Agent: selenium/4.8.1 (java windows)
Content-Length: 70
Content-Type: application/json; charset=utf-8
host: localhost:42546
accept: */*

Response DefaultHttpResponse(decodeResult: success, version: HTTP/1.1)
HTTP/1.1 404 Not Found
Content-Length: 949
Content-Type: application/json; charset=utf-8
cache-control: no-cache

19:55:26.937 [AsyncHttpClient-1-3] DEBUG org.asynchttpclient.netty.channel.ChannelManager - Adding key: http://localhost:42546 for channel [id: 0xd75341d4, L:/127.0.0.1:56636 - R:localhost/127.0.0.1:42546]
19:55:26.941 [Forwarding getAlertText on session 50109b79f4c1b5715a1488fc89123ad0 to remote] DEBUG org.asynchttpclient.netty.request.NettyRequestSender - Using pooled Channel '[id: 0xd75341d4, L:/127.0.0.1:56636 - R:localhost/127.0.0.1:42546]' for 'GET' to 'http://localhost:42546/session/50109b79f4c1b5715a1488fc89123ad0/alert/text'
19:55:26.941 [Forwarding getAlertText on session 50109b79f4c1b5715a1488fc89123ad0 to remote] DEBUG org.asynchttpclient.netty.request.NettyRequestSender - Using open Channel [id: 0xd75341d4, L:/127.0.0.1:56636 - R:localhost/127.0.0.1:42546] for GET '/session/50109b79f4c1b5715a1488fc89123ad0/alert/text'
19:55:26.943 [AsyncHttpClient-1-3] DEBUG org.asynchttpclient.netty.handler.HttpHandler - 

Request DefaultFullHttpRequest(decodeResult: success, version: HTTP/1.1, content: EmptyByteBufBE)
GET /session/50109b79f4c1b5715a1488fc89123ad0/alert/text HTTP/1.1
User-Agent: selenium/4.8.1 (java windows)
Cache-Control: no-cache
Content-Type: application/json; charset=utf-8
host: localhost:42546
accept: */*

Response DefaultHttpResponse(decodeResult: success, version: HTTP/1.1)
HTTP/1.1 404 Not Found
Content-Length: 816
Content-Type: application/json; charset=utf-8
cache-control: no-cache

19:55:26.943 [AsyncHttpClient-1-3] DEBUG org.asynchttpclient.netty.channel.ChannelManager - Adding key: http://localhost:42546 for channel [id: 0xd75341d4, L:/127.0.0.1:56636 - R:localhost/127.0.0.1:42546]
19:55:26.943 [Forwarding getCurrentUrl on session 50109b79f4c1b5715a1488fc89123ad0 to remote] DEBUG org.asynchttpclient.netty.request.NettyRequestSender - Using pooled Channel '[id: 0xd75341d4, L:/127.0.0.1:56636 - R:localhost/127.0.0.1:42546]' for 'GET' to 'http://localhost:42546/session/50109b79f4c1b5715a1488fc89123ad0/url'
19:55:26.943 [Forwarding getCurrentUrl on session 50109b79f4c1b5715a1488fc89123ad0 to remote] DEBUG org.asynchttpclient.netty.request.NettyRequestSender - Using open Channel [id: 0xd75341d4, L:/127.0.0.1:56636 - R:localhost/127.0.0.1:42546] for GET '/session/50109b79f4c1b5715a1488fc89123ad0/url'
19:55:26.946 [AsyncHttpClient-1-3] DEBUG org.asynchttpclient.netty.handler.HttpHandler - 

Request DefaultFullHttpRequest(decodeResult: success, version: HTTP/1.1, content: EmptyByteBufBE)
GET /session/50109b79f4c1b5715a1488fc89123ad0/url HTTP/1.1
User-Agent: selenium/4.8.1 (java windows)
Cache-Control: no-cache
Content-Type: application/json; charset=utf-8
host: localhost:42546
accept: */*

Response DefaultHttpResponse(decodeResult: success, version: HTTP/1.1)
HTTP/1.1 200 OK
Content-Length: 62
Content-Type: application/json; charset=utf-8
cache-control: no-cache

19:55:26.946 [AsyncHttpClient-1-3] DEBUG org.asynchttpclient.netty.channel.ChannelManager - Adding key: http://localhost:42546 for channel [id: 0xd75341d4, L:/127.0.0.1:56636 - R:localhost/127.0.0.1:42546]
19:55:26.946 [Forwarding screenshot on session 50109b79f4c1b5715a1488fc89123ad0 to remote] DEBUG org.asynchttpclient.netty.request.NettyRequestSender - Using pooled Channel '[id: 0xd75341d4, L:/127.0.0.1:56636 - R:localhost/127.0.0.1:42546]' for 'GET' to 'http://localhost:42546/session/50109b79f4c1b5715a1488fc89123ad0/screenshot'
19:55:26.946 [Forwarding screenshot on session 50109b79f4c1b5715a1488fc89123ad0 to remote] DEBUG org.asynchttpclient.netty.request.NettyRequestSender - Using open Channel [id: 0xd75341d4, L:/127.0.0.1:56636 - R:localhost/127.0.0.1:42546] for GET '/session/50109b79f4c1b5715a1488fc89123ad0/screenshot'
19:55:27.111 [AsyncHttpClient-1-3] DEBUG org.asynchttpclient.netty.handler.HttpHandler - 

Request DefaultFullHttpRequest(decodeResult: success, version: HTTP/1.1, content: EmptyByteBufBE)
GET /session/50109b79f4c1b5715a1488fc89123ad0/screenshot HTTP/1.1
User-Agent: selenium/4.8.1 (java windows)
Cache-Control: no-cache
Content-Type: application/json; charset=utf-8
host: localhost:42546
accept: */*

Response DefaultHttpResponse(decodeResult: success, version: HTTP/1.1)
HTTP/1.1 200 OK
Content-Length: 246732
Content-Type: application/json; charset=utf-8
cache-control: no-cache

19:55:27.112 [AsyncHttpClient-1-3] DEBUG org.asynchttpclient.netty.channel.ChannelManager - Adding key: http://localhost:42546 for channel [id: 0xd75341d4, L:/127.0.0.1:56636 - R:localhost/127.0.0.1:42546]
19:55:27.116 [main] DEBUG net.serenitybdd.core.photography.Darkroom - Send negative for processing for target\site\serenity\c4d298a3ae0edb50df43d3016c5c0de88fd83bfe00783f943f58846955bda4b0.png
19:55:27.117 [main] DEBUG net.thucydides.core.steps.StepInterceptor - STEP DONE: checkProductDesc
  &amp#27;[32mAnd &amp#27;[0m&amp#27;[32mI can see product description&amp#27;[0m                               &amp#27;[90m# starter.stepDefinitions.ProductSteps.checkProductDesc()&amp#27;[0m
19:55:27.125 [Forwarding getPageSource on session 50109b79f4c1b5715a1488fc89123ad0 to remote] DEBUG org.asynchttpclient.netty.request.NettyRequestSender - Using pooled Channel '[id: 0xd75341d4, L:/127.0.0.1:56636 - R:localhost/127.0.0.1:42546]' for 'POST' to 'http://localhost:42546/session/50109b79f4c1b5715a1488fc89123ad0/execute/sync'
19:55:27.125 [Forwarding getPageSource on session 50109b79f4c1b5715a1488fc89123ad0 to remote] DEBUG org.asynchttpclient.netty.request.NettyRequestSender - Using open Channel [id: 0xd75341d4, L:/127.0.0.1:56636 - R:localhost/127.0.0.1:42546] for POST '/session/50109b79f4c1b5715a1488fc89123ad0/execute/sync'
19:55:27.129 [AsyncHttpClient-1-3] DEBUG org.asynchttpclient.netty.handler.HttpHandler - 

Request DefaultHttpRequest(decodeResult: success, version: HTTP/1.1)
POST /session/50109b79f4c1b5715a1488fc89123ad0/execute/sync HTTP/1.1
User-Agent: selenium/4.8.1 (java windows)
Content-Length: 176
Content-Type: application/json; charset=utf-8
host: localhost:42546
accept: */*

Response DefaultHttpResponse(decodeResult: success, version: HTTP/1.1)
HTTP/1.1 200 OK
Content-Length: 12377
Content-Type: application/json; charset=utf-8
cache-control: no-cache

19:55:27.129 [AsyncHttpClient-1-3] DEBUG org.asynchttpclient.netty.channel.ChannelManager - Adding key: http://localhost:42546 for channel [id: 0xd75341d4, L:/127.0.0.1:56636 - R:localhost/127.0.0.1:42546]
19:55:27.131 [Forwarding getCurrentUrl on session 50109b79f4c1b5715a1488fc89123ad0 to remote] DEBUG org.asynchttpclient.netty.request.NettyRequestSender - Using pooled Channel '[id: 0xd75341d4, L:/127.0.0.1:56636 - R:localhost/127.0.0.1:42546]' for 'GET' to 'http://localhost:42546/session/50109b79f4c1b5715a1488fc89123ad0/url'
19:55:27.131 [Forwarding getCurrentUrl on session 50109b79f4c1b5715a1488fc89123ad0 to remote] DEBUG org.asynchttpclient.netty.request.NettyRequestSender - Using open Channel [id: 0xd75341d4, L:/127.0.0.1:56636 - R:localhost/127.0.0.1:42546] for GET '/session/50109b79f4c1b5715a1488fc89123ad0/url'
19:55:27.134 [AsyncHttpClient-1-3] DEBUG org.asynchttpclient.netty.handler.HttpHandler - 

Request DefaultFullHttpRequest(decodeResult: success, version: HTTP/1.1, content: EmptyByteBufBE)
GET /session/50109b79f4c1b5715a1488fc89123ad0/url HTTP/1.1
User-Agent: selenium/4.8.1 (java windows)
Cache-Control: no-cache
Content-Type: application/json; charset=utf-8
host: localhost:42546
accept: */*

Response DefaultHttpResponse(decodeResult: success, version: HTTP/1.1)
HTTP/1.1 200 OK
Content-Length: 62
Content-Type: application/json; charset=utf-8
cache-control: no-cache

19:55:27.134 [AsyncHttpClient-1-3] DEBUG org.asynchttpclient.netty.channel.ChannelManager - Adding key: http://localhost:42546 for channel [id: 0xd75341d4, L:/127.0.0.1:56636 - R:localhost/127.0.0.1:42546]
19:55:27.143 [Forwarding getPageSource on session 50109b79f4c1b5715a1488fc89123ad0 to remote] DEBUG org.asynchttpclient.netty.request.NettyRequestSender - Using pooled Channel '[id: 0xd75341d4, L:/127.0.0.1:56636 - R:localhost/127.0.0.1:42546]' for 'POST' to 'http://localhost:42546/session/50109b79f4c1b5715a1488fc89123ad0/execute/sync'
19:55:27.143 [Forwarding getPageSource on session 50109b79f4c1b5715a1488fc89123ad0 to remote] DEBUG org.asynchttpclient.netty.request.NettyRequestSender - Using open Channel [id: 0xd75341d4, L:/127.0.0.1:56636 - R:localhost/127.0.0.1:42546] for POST '/session/50109b79f4c1b5715a1488fc89123ad0/execute/sync'
19:55:27.147 [AsyncHttpClient-1-3] DEBUG org.asynchttpclient.netty.handler.HttpHandler - 

Request DefaultHttpRequest(decodeResult: success, version: HTTP/1.1)
POST /session/50109b79f4c1b5715a1488fc89123ad0/execute/sync HTTP/1.1
User-Agent: selenium/4.8.1 (java windows)
Content-Length: 176
Content-Type: application/json; charset=utf-8
host: localhost:42546
accept: */*

Response DefaultHttpResponse(decodeResult: success, version: HTTP/1.1)
HTTP/1.1 200 OK
Content-Length: 12377
Content-Type: application/json; charset=utf-8
cache-control: no-cache

19:55:27.147 [AsyncHttpClient-1-3] DEBUG org.asynchttpclient.netty.channel.ChannelManager - Adding key: http://localhost:42546 for channel [id: 0xd75341d4, L:/127.0.0.1:56636 - R:localhost/127.0.0.1:42546]
19:55:27.148 [Forwarding getCurrentUrl on session 50109b79f4c1b5715a1488fc89123ad0 to remote] DEBUG org.asynchttpclient.netty.request.NettyRequestSender - Using pooled Channel '[id: 0xd75341d4, L:/127.0.0.1:56636 - R:localhost/127.0.0.1:42546]' for 'GET' to 'http://localhost:42546/session/50109b79f4c1b5715a1488fc89123ad0/url'
19:55:27.148 [Forwarding getCurrentUrl on session 50109b79f4c1b5715a1488fc89123ad0 to remote] DEBUG org.asynchttpclient.netty.request.NettyRequestSender - Using open Channel [id: 0xd75341d4, L:/127.0.0.1:56636 - R:localhost/127.0.0.1:42546] for GET '/session/50109b79f4c1b5715a1488fc89123ad0/url'
19:55:27.151 [AsyncHttpClient-1-3] DEBUG org.asynchttpclient.netty.handler.HttpHandler - 

Request DefaultFullHttpRequest(decodeResult: success, version: HTTP/1.1, content: EmptyByteBufBE)
GET /session/50109b79f4c1b5715a1488fc89123ad0/url HTTP/1.1
User-Agent: selenium/4.8.1 (java windows)
Cache-Control: no-cache
Content-Type: application/json; charset=utf-8
host: localhost:42546
accept: */*

Response DefaultHttpResponse(decodeResult: success, version: HTTP/1.1)
HTTP/1.1 200 OK
Content-Length: 62
Content-Type: application/json; charset=utf-8
cache-control: no-cache

19:55:27.151 [AsyncHttpClient-1-3] DEBUG org.asynchttpclient.netty.channel.ChannelManager - Adding key: http://localhost:42546 for channel [id: 0xd75341d4, L:/127.0.0.1:56636 - R:localhost/127.0.0.1:42546]
19:55:27.153 [main] DEBUG net.thucydides.core.steps.StepInterceptor - STARTING STEP: ProductSteps.checkProductPrice - checkProductPrice
19:55:27.155 [Forwarding findElement on session 50109b79f4c1b5715a1488fc89123ad0 to remote] DEBUG org.asynchttpclient.netty.request.NettyRequestSender - Using pooled Channel '[id: 0xd75341d4, L:/127.0.0.1:56636 - R:localhost/127.0.0.1:42546]' for 'POST' to 'http://localhost:42546/session/50109b79f4c1b5715a1488fc89123ad0/element'
19:55:27.155 [Forwarding findElement on session 50109b79f4c1b5715a1488fc89123ad0 to remote] DEBUG org.asynchttpclient.netty.request.NettyRequestSender - Using open Channel [id: 0xd75341d4, L:/127.0.0.1:56636 - R:localhost/127.0.0.1:42546] for POST '/session/50109b79f4c1b5715a1488fc89123ad0/element'
19:55:27.308 [AsyncHttpClient-1-1] DEBUG org.asynchttpclient.netty.channel.DefaultChannelPool - Entry count for : http://localhost:56641 : 1
19:55:28.414 [AsyncHttpClient-1-1] DEBUG org.asynchttpclient.netty.channel.DefaultChannelPool - Entry count for : http://localhost:56641 : 1
19:55:29.164 [AsyncHttpClient-1-3] DEBUG org.asynchttpclient.netty.handler.HttpHandler - 

Request DefaultHttpRequest(decodeResult: success, version: HTTP/1.1)
POST /session/50109b79f4c1b5715a1488fc89123ad0/element HTTP/1.1
User-Agent: selenium/4.8.1 (java windows)
Content-Length: 71
Content-Type: application/json; charset=utf-8
host: localhost:42546
accept: */*

Response DefaultHttpResponse(decodeResult: success, version: HTTP/1.1)
HTTP/1.1 404 Not Found
Content-Length: 950
Content-Type: application/json; charset=utf-8
cache-control: no-cache

19:55:29.164 [AsyncHttpClient-1-3] DEBUG org.asynchttpclient.netty.channel.ChannelManager - Adding key: http://localhost:42546 for channel [id: 0xd75341d4, L:/127.0.0.1:56636 - R:localhost/127.0.0.1:42546]
19:55:29.167 [Forwarding getAlertText on session 50109b79f4c1b5715a1488fc89123ad0 to remote] DEBUG org.asynchttpclient.netty.request.NettyRequestSender - Using pooled Channel '[id: 0xd75341d4, L:/127.0.0.1:56636 - R:localhost/127.0.0.1:42546]' for 'GET' to 'http://localhost:42546/session/50109b79f4c1b5715a1488fc89123ad0/alert/text'
19:55:29.167 [Forwarding getAlertText on session 50109b79f4c1b5715a1488fc89123ad0 to remote] DEBUG org.asynchttpclient.netty.request.NettyRequestSender - Using open Channel [id: 0xd75341d4, L:/127.0.0.1:56636 - R:localhost/127.0.0.1:42546] for GET '/session/50109b79f4c1b5715a1488fc89123ad0/alert/text'
19:55:29.169 [AsyncHttpClient-1-3] DEBUG org.asynchttpclient.netty.handler.HttpHandler - 

Request DefaultFullHttpRequest(decodeResult: success, version: HTTP/1.1, content: EmptyByteBufBE)
GET /session/50109b79f4c1b5715a1488fc89123ad0/alert/text HTTP/1.1
User-Agent: selenium/4.8.1 (java windows)
Cache-Control: no-cache
Content-Type: application/json; charset=utf-8
host: localhost:42546
accept: */*

Response DefaultHttpResponse(decodeResult: success, version: HTTP/1.1)
HTTP/1.1 404 Not Found
Content-Length: 816
Content-Type: application/json; charset=utf-8
cache-control: no-cache

19:55:29.169 [AsyncHttpClient-1-3] DEBUG org.asynchttpclient.netty.channel.ChannelManager - Adding key: http://localhost:42546 for channel [id: 0xd75341d4, L:/127.0.0.1:56636 - R:localhost/127.0.0.1:42546]
19:55:29.169 [Forwarding getCurrentUrl on session 50109b79f4c1b5715a1488fc89123ad0 to remote] DEBUG org.asynchttpclient.netty.request.NettyRequestSender - Using pooled Channel '[id: 0xd75341d4, L:/127.0.0.1:56636 - R:localhost/127.0.0.1:42546]' for 'GET' to 'http://localhost:42546/session/50109b79f4c1b5715a1488fc89123ad0/url'
19:55:29.169 [Forwarding getCurrentUrl on session 50109b79f4c1b5715a1488fc89123ad0 to remote] DEBUG org.asynchttpclient.netty.request.NettyRequestSender - Using open Channel [id: 0xd75341d4, L:/127.0.0.1:56636 - R:localhost/127.0.0.1:42546] for GET '/session/50109b79f4c1b5715a1488fc89123ad0/url'
19:55:29.172 [AsyncHttpClient-1-3] DEBUG org.asynchttpclient.netty.handler.HttpHandler - 

Request DefaultFullHttpRequest(decodeResult: success, version: HTTP/1.1, content: EmptyByteBufBE)
GET /session/50109b79f4c1b5715a1488fc89123ad0/url HTTP/1.1
User-Agent: selenium/4.8.1 (java windows)
Cache-Control: no-cache
Content-Type: application/json; charset=utf-8
host: localhost:42546
accept: */*

Response DefaultHttpResponse(decodeResult: success, version: HTTP/1.1)
HTTP/1.1 200 OK
Content-Length: 62
Content-Type: application/json; charset=utf-8
cache-control: no-cache

19:55:29.172 [AsyncHttpClient-1-3] DEBUG org.asynchttpclient.netty.channel.ChannelManager - Adding key: http://localhost:42546 for channel [id: 0xd75341d4, L:/127.0.0.1:56636 - R:localhost/127.0.0.1:42546]
19:55:29.172 [Forwarding screenshot on session 50109b79f4c1b5715a1488fc89123ad0 to remote] DEBUG org.asynchttpclient.netty.request.NettyRequestSender - Using pooled Channel '[id: 0xd75341d4, L:/127.0.0.1:56636 - R:localhost/127.0.0.1:42546]' for 'GET' to 'http://localhost:42546/session/50109b79f4c1b5715a1488fc89123ad0/screenshot'
19:55:29.172 [Forwarding screenshot on session 50109b79f4c1b5715a1488fc89123ad0 to remote] DEBUG org.asynchttpclient.netty.request.NettyRequestSender - Using open Channel [id: 0xd75341d4, L:/127.0.0.1:56636 - R:localhost/127.0.0.1:42546] for GET '/session/50109b79f4c1b5715a1488fc89123ad0/screenshot'
19:55:29.328 [AsyncHttpClient-1-3] DEBUG org.asynchttpclient.netty.handler.HttpHandler - 

Request DefaultFullHttpRequest(decodeResult: success, version: HTTP/1.1, content: EmptyByteBufBE)
GET /session/50109b79f4c1b5715a1488fc89123ad0/screenshot HTTP/1.1
User-Agent: selenium/4.8.1 (java windows)
Cache-Control: no-cache
Content-Type: application/json; charset=utf-8
host: localhost:42546
accept: */*

Response DefaultHttpResponse(decodeResult: success, version: HTTP/1.1)
HTTP/1.1 200 OK
Content-Length: 246732
Content-Type: application/json; charset=utf-8
cache-control: no-cache

19:55:29.329 [AsyncHttpClient-1-3] DEBUG org.asynchttpclient.netty.channel.ChannelManager - Adding key: http://localhost:42546 for channel [id: 0xd75341d4, L:/127.0.0.1:56636 - R:localhost/127.0.0.1:42546]
19:55:29.335 [main] DEBUG net.serenitybdd.core.photography.Darkroom - Send negative for processing for target\site\serenity\c4d298a3ae0edb50df43d3016c5c0de88fd83bfe00783f943f58846955bda4b0.png
19:55:29.335 [main] DEBUG net.thucydides.core.steps.StepInterceptor - STEP DONE: checkProductPrice
  &amp#27;[32mAnd &amp#27;[0m&amp#27;[32mI can see product price&amp#27;[0m                                     &amp#27;[90m# starter.stepDefinitions.ProductSteps.checkProductPrice()&amp#27;[0m
19:55:29.342 [Forwarding getPageSource on session 50109b79f4c1b5715a1488fc89123ad0 to remote] DEBUG org.asynchttpclient.netty.request.NettyRequestSender - Using pooled Channel '[id: 0xd75341d4, L:/127.0.0.1:56636 - R:localhost/127.0.0.1:42546]' for 'POST' to 'http://localhost:42546/session/50109b79f4c1b5715a1488fc89123ad0/execute/sync'
19:55:29.342 [Forwarding getPageSource on session 50109b79f4c1b5715a1488fc89123ad0 to remote] DEBUG org.asynchttpclient.netty.request.NettyRequestSender - Using open Channel [id: 0xd75341d4, L:/127.0.0.1:56636 - R:localhost/127.0.0.1:42546] for POST '/session/50109b79f4c1b5715a1488fc89123ad0/execute/sync'
19:55:29.346 [AsyncHttpClient-1-3] DEBUG org.asynchttpclient.netty.handler.HttpHandler - 

Request DefaultHttpRequest(decodeResult: success, version: HTTP/1.1)
POST /session/50109b79f4c1b5715a1488fc89123ad0/execute/sync HTTP/1.1
User-Agent: selenium/4.8.1 (java windows)
Content-Length: 176
Content-Type: application/json; charset=utf-8
host: localhost:42546
accept: */*

Response DefaultHttpResponse(decodeResult: success, version: HTTP/1.1)
HTTP/1.1 200 OK
Content-Length: 12377
Content-Type: application/json; charset=utf-8
cache-control: no-cache

19:55:29.346 [AsyncHttpClient-1-3] DEBUG org.asynchttpclient.netty.channel.ChannelManager - Adding key: http://localhost:42546 for channel [id: 0xd75341d4, L:/127.0.0.1:56636 - R:localhost/127.0.0.1:42546]
19:55:29.348 [Forwarding getCurrentUrl on session 50109b79f4c1b5715a1488fc89123ad0 to remote] DEBUG org.asynchttpclient.netty.request.NettyRequestSender - Using pooled Channel '[id: 0xd75341d4, L:/127.0.0.1:56636 - R:localhost/127.0.0.1:42546]' for 'GET' to 'http://localhost:42546/session/50109b79f4c1b5715a1488fc89123ad0/url'
19:55:29.348 [Forwarding getCurrentUrl on session 50109b79f4c1b5715a1488fc89123ad0 to remote] DEBUG org.asynchttpclient.netty.request.NettyRequestSender - Using open Channel [id: 0xd75341d4, L:/127.0.0.1:56636 - R:localhost/127.0.0.1:42546] for GET '/session/50109b79f4c1b5715a1488fc89123ad0/url'
19:55:29.351 [AsyncHttpClient-1-3] DEBUG org.asynchttpclient.netty.handler.HttpHandler - 

Request DefaultFullHttpRequest(decodeResult: success, version: HTTP/1.1, content: EmptyByteBufBE)
GET /session/50109b79f4c1b5715a1488fc89123ad0/url HTTP/1.1
User-Agent: selenium/4.8.1 (java windows)
Cache-Control: no-cache
Content-Type: application/json; charset=utf-8
host: localhost:42546
accept: */*

Response DefaultHttpResponse(decodeResult: success, version: HTTP/1.1)
HTTP/1.1 200 OK
Content-Length: 62
Content-Type: application/json; charset=utf-8
cache-control: no-cache

19:55:29.351 [AsyncHttpClient-1-3] DEBUG org.asynchttpclient.netty.channel.ChannelManager - Adding key: http://localhost:42546 for channel [id: 0xd75341d4, L:/127.0.0.1:56636 - R:localhost/127.0.0.1:42546]
19:55:29.358 [Forwarding getPageSource on session 50109b79f4c1b5715a1488fc89123ad0 to remote] DEBUG org.asynchttpclient.netty.request.NettyRequestSender - Using pooled Channel '[id: 0xd75341d4, L:/127.0.0.1:56636 - R:localhost/127.0.0.1:42546]' for 'POST' to 'http://localhost:42546/session/50109b79f4c1b5715a1488fc89123ad0/execute/sync'
19:55:29.358 [Forwarding getPageSource on session 50109b79f4c1b5715a1488fc89123ad0 to remote] DEBUG org.asynchttpclient.netty.request.NettyRequestSender - Using open Channel [id: 0xd75341d4, L:/127.0.0.1:56636 - R:localhost/127.0.0.1:42546] for POST '/session/50109b79f4c1b5715a1488fc89123ad0/execute/sync'
19:55:29.361 [AsyncHttpClient-1-3] DEBUG org.asynchttpclient.netty.handler.HttpHandler - 

Request DefaultHttpRequest(decodeResult: success, version: HTTP/1.1)
POST /session/50109b79f4c1b5715a1488fc89123ad0/execute/sync HTTP/1.1
User-Agent: selenium/4.8.1 (java windows)
Content-Length: 176
Content-Type: application/json; charset=utf-8
host: localhost:42546
accept: */*

Response DefaultHttpResponse(decodeResult: success, version: HTTP/1.1)
HTTP/1.1 200 OK
Content-Length: 12377
Content-Type: application/json; charset=utf-8
cache-control: no-cache

19:55:29.361 [AsyncHttpClient-1-3] DEBUG org.asynchttpclient.netty.channel.ChannelManager - Adding key: http://localhost:42546 for channel [id: 0xd75341d4, L:/127.0.0.1:56636 - R:localhost/127.0.0.1:42546]
19:55:29.362 [Forwarding getCurrentUrl on session 50109b79f4c1b5715a1488fc89123ad0 to remote] DEBUG org.asynchttpclient.netty.request.NettyRequestSender - Using pooled Channel '[id: 0xd75341d4, L:/127.0.0.1:56636 - R:localhost/127.0.0.1:42546]' for 'GET' to 'http://localhost:42546/session/50109b79f4c1b5715a1488fc89123ad0/url'
19:55:29.362 [Forwarding getCurrentUrl on session 50109b79f4c1b5715a1488fc89123ad0 to remote] DEBUG org.asynchttpclient.netty.request.NettyRequestSender - Using open Channel [id: 0xd75341d4, L:/127.0.0.1:56636 - R:localhost/127.0.0.1:42546] for GET '/session/50109b79f4c1b5715a1488fc89123ad0/url'
19:55:29.365 [AsyncHttpClient-1-3] DEBUG org.asynchttpclient.netty.handler.HttpHandler - 

Request DefaultFullHttpRequest(decodeResult: success, version: HTTP/1.1, content: EmptyByteBufBE)
GET /session/50109b79f4c1b5715a1488fc89123ad0/url HTTP/1.1
User-Agent: selenium/4.8.1 (java windows)
Cache-Control: no-cache
Content-Type: application/json; charset=utf-8
host: localhost:42546
accept: */*

Response DefaultHttpResponse(decodeResult: success, version: HTTP/1.1)
HTTP/1.1 200 OK
Content-Length: 62
Content-Type: application/json; charset=utf-8
cache-control: no-cache

19:55:29.366 [AsyncHttpClient-1-3] DEBUG org.asynchttpclient.netty.channel.ChannelManager - Adding key: http://localhost:42546 for channel [id: 0xd75341d4, L:/127.0.0.1:56636 - R:localhost/127.0.0.1:42546]
19:55:29.367 [main] DEBUG net.thucydides.core.steps.StepInterceptor - STARTING STEP: ProductSteps.checkProductImage - checkProductImage
19:55:29.369 [Forwarding findElement on session 50109b79f4c1b5715a1488fc89123ad0 to remote] DEBUG org.asynchttpclient.netty.request.NettyRequestSender - Using pooled Channel '[id: 0xd75341d4, L:/127.0.0.1:56636 - R:localhost/127.0.0.1:42546]' for 'POST' to 'http://localhost:42546/session/50109b79f4c1b5715a1488fc89123ad0/element'
19:55:29.369 [Forwarding findElement on session 50109b79f4c1b5715a1488fc89123ad0 to remote] DEBUG org.asynchttpclient.netty.request.NettyRequestSender - Using open Channel [id: 0xd75341d4, L:/127.0.0.1:56636 - R:localhost/127.0.0.1:42546] for POST '/session/50109b79f4c1b5715a1488fc89123ad0/element'
19:55:29.508 [AsyncHttpClient-1-1] DEBUG org.asynchttpclient.netty.channel.DefaultChannelPool - Entry count for : http://localhost:56641 : 1
19:55:30.607 [AsyncHttpClient-1-1] DEBUG org.asynchttpclient.netty.channel.DefaultChannelPool - Entry count for : http://localhost:56641 : 1
19:55:31.387 [AsyncHttpClient-1-3] DEBUG org.asynchttpclient.netty.handler.HttpHandler - 

Request DefaultHttpRequest(decodeResult: success, version: HTTP/1.1)
POST /session/50109b79f4c1b5715a1488fc89123ad0/element HTTP/1.1
User-Agent: selenium/4.8.1 (java windows)
Content-Length: 69
Content-Type: application/json; charset=utf-8
host: localhost:42546
accept: */*

Response DefaultHttpResponse(decodeResult: success, version: HTTP/1.1)
HTTP/1.1 404 Not Found
Content-Length: 948
Content-Type: application/json; charset=utf-8
cache-control: no-cache

19:55:31.387 [AsyncHttpClient-1-3] DEBUG org.asynchttpclient.netty.channel.ChannelManager - Adding key: http://localhost:42546 for channel [id: 0xd75341d4, L:/127.0.0.1:56636 - R:localhost/127.0.0.1:42546]
19:55:31.391 [Forwarding getAlertText on session 50109b79f4c1b5715a1488fc89123ad0 to remote] DEBUG org.asynchttpclient.netty.request.NettyRequestSender - Using pooled Channel '[id: 0xd75341d4, L:/127.0.0.1:56636 - R:localhost/127.0.0.1:42546]' for 'GET' to 'http://localhost:42546/session/50109b79f4c1b5715a1488fc89123ad0/alert/text'
19:55:31.391 [Forwarding getAlertText on session 50109b79f4c1b5715a1488fc89123ad0 to remote] DEBUG org.asynchttpclient.netty.request.NettyRequestSender - Using open Channel [id: 0xd75341d4, L:/127.0.0.1:56636 - R:localhost/127.0.0.1:42546] for GET '/session/50109b79f4c1b5715a1488fc89123ad0/alert/text'
19:55:31.392 [AsyncHttpClient-1-3] DEBUG org.asynchttpclient.netty.handler.HttpHandler - 

Request DefaultFullHttpRequest(decodeResult: success, version: HTTP/1.1, content: EmptyByteBufBE)
GET /session/50109b79f4c1b5715a1488fc89123ad0/alert/text HTTP/1.1
User-Agent: selenium/4.8.1 (java windows)
Cache-Control: no-cache
Content-Type: application/json; charset=utf-8
host: localhost:42546
accept: */*

Response DefaultHttpResponse(decodeResult: success, version: HTTP/1.1)
HTTP/1.1 404 Not Found
Content-Length: 816
Content-Type: application/json; charset=utf-8
cache-control: no-cache

19:55:31.392 [AsyncHttpClient-1-3] DEBUG org.asynchttpclient.netty.channel.ChannelManager - Adding key: http://localhost:42546 for channel [id: 0xd75341d4, L:/127.0.0.1:56636 - R:localhost/127.0.0.1:42546]
19:55:31.392 [Forwarding getCurrentUrl on session 50109b79f4c1b5715a1488fc89123ad0 to remote] DEBUG org.asynchttpclient.netty.request.NettyRequestSender - Using pooled Channel '[id: 0xd75341d4, L:/127.0.0.1:56636 - R:localhost/127.0.0.1:42546]' for 'GET' to 'http://localhost:42546/session/50109b79f4c1b5715a1488fc89123ad0/url'
19:55:31.392 [Forwarding getCurrentUrl on session 50109b79f4c1b5715a1488fc89123ad0 to remote] DEBUG org.asynchttpclient.netty.request.NettyRequestSender - Using open Channel [id: 0xd75341d4, L:/127.0.0.1:56636 - R:localhost/127.0.0.1:42546] for GET '/session/50109b79f4c1b5715a1488fc89123ad0/url'
19:55:31.398 [AsyncHttpClient-1-3] DEBUG org.asynchttpclient.netty.handler.HttpHandler - 

Request DefaultFullHttpRequest(decodeResult: success, version: HTTP/1.1, content: EmptyByteBufBE)
GET /session/50109b79f4c1b5715a1488fc89123ad0/url HTTP/1.1
User-Agent: selenium/4.8.1 (java windows)
Cache-Control: no-cache
Content-Type: application/json; charset=utf-8
host: localhost:42546
accept: */*

Response DefaultHttpResponse(decodeResult: success, version: HTTP/1.1)
HTTP/1.1 200 OK
Content-Length: 62
Content-Type: application/json; charset=utf-8
cache-control: no-cache

19:55:31.399 [AsyncHttpClient-1-3] DEBUG org.asynchttpclient.netty.channel.ChannelManager - Adding key: http://localhost:42546 for channel [id: 0xd75341d4, L:/127.0.0.1:56636 - R:localhost/127.0.0.1:42546]
19:55:31.399 [Forwarding screenshot on session 50109b79f4c1b5715a1488fc89123ad0 to remote] DEBUG org.asynchttpclient.netty.request.NettyRequestSender - Using pooled Channel '[id: 0xd75341d4, L:/127.0.0.1:56636 - R:localhost/127.0.0.1:42546]' for 'GET' to 'http://localhost:42546/session/50109b79f4c1b5715a1488fc89123ad0/screenshot'
19:55:31.399 [Forwarding screenshot on session 50109b79f4c1b5715a1488fc89123ad0 to remote] DEBUG org.asynchttpclient.netty.request.NettyRequestSender - Using open Channel [id: 0xd75341d4, L:/127.0.0.1:56636 - R:localhost/127.0.0.1:42546] for GET '/session/50109b79f4c1b5715a1488fc89123ad0/screenshot'
19:55:31.601 [AsyncHttpClient-1-3] DEBUG org.asynchttpclient.netty.handler.HttpHandler - 

Request DefaultFullHttpRequest(decodeResult: success, version: HTTP/1.1, content: EmptyByteBufBE)
GET /session/50109b79f4c1b5715a1488fc89123ad0/screenshot HTTP/1.1
User-Agent: selenium/4.8.1 (java windows)
Cache-Control: no-cache
Content-Type: application/json; charset=utf-8
host: localhost:42546
accept: */*

Response DefaultHttpResponse(decodeResult: success, version: HTTP/1.1)
HTTP/1.1 200 OK
Content-Length: 246732
Content-Type: application/json; charset=utf-8
cache-control: no-cache

19:55:31.601 [AsyncHttpClient-1-3] DEBUG org.asynchttpclient.netty.channel.ChannelManager - Adding key: http://localhost:42546 for channel [id: 0xd75341d4, L:/127.0.0.1:56636 - R:localhost/127.0.0.1:42546]
19:55:31.605 [main] DEBUG net.serenitybdd.core.photography.Darkroom - Send negative for processing for target\site\serenity\c4d298a3ae0edb50df43d3016c5c0de88fd83bfe00783f943f58846955bda4b0.png
19:55:31.606 [main] DEBUG net.thucydides.core.steps.StepInterceptor - STEP DONE: checkProductImage
  &amp#27;[32mAnd &amp#27;[0m&amp#27;[32mI can see product image&amp#27;[0m                                     &amp#27;[90m# starter.stepDefinitions.ProductSteps.checkProductImage()&amp#27;[0m
19:55:31.612 [Driver Command Executor] DEBUG org.asynchttpclient.netty.request.NettyRequestSender - Using pooled Channel '[id: 0xd75341d4, L:/127.0.0.1:56636 - R:localhost/127.0.0.1:42546]' for 'DELETE' to 'http://localhost:42546/session/50109b79f4c1b5715a1488fc89123ad0'
19:55:31.612 [Driver Command Executor] DEBUG org.asynchttpclient.netty.request.NettyRequestSender - Using open Channel [id: 0xd75341d4, L:/127.0.0.1:56636 - R:localhost/127.0.0.1:42546] for DELETE '/session/50109b79f4c1b5715a1488fc89123ad0'
19:55:31.612 [AsyncHttpClient-1-5] DEBUG org.asynchttpclient.netty.handler.WebSocketHandler - Channel Closed: [id: 0x8f443361, L:/127.0.0.1:56652 ! R:localhost/127.0.0.1:56641] with attribute NettyResponseFuture{currentRetry=0,
	isDone=1,
	isCancelled=0,
	asyncHandler=org.asynchttpclient.ws.WebSocketUpgradeHandler@2ad66abc,
	nettyRequest=org.asynchttpclient.netty.request.NettyRequest@3ba5ab64,
	future=java.util.concurrent.CompletableFuture@a1f1e0e[Completed normally],
	uri=ws://localhost:56641/devtools/browser/57096f79-6a7a-4269-ad04-9da35253b869,
	keepAlive=true,
	redirectCount=0,
	timeoutsHolder=null,
	inAuth=0,
	touch=1680612922529}
19:55:31.613 [AsyncHttpClient-1-5] DEBUG org.asynchttpclient.netty.channel.ChannelManager - Closing Channel [id: 0x8f443361, L:/127.0.0.1:56652 ! R:localhost/127.0.0.1:56641] 
19:55:31.693 [AsyncHttpClient-1-4] DEBUG org.asynchttpclient.netty.handler.HttpHandler - Unexpected I/O exception on channel [id: 0x38813e04, L:/127.0.0.1:56651 - R:localhost/127.0.0.1:56641]
java.net.SocketException: Connection reset
	at java.base/sun.nio.ch.SocketChannelImpl.throwConnectionReset(SocketChannelImpl.java:401)
	at java.base/sun.nio.ch.SocketChannelImpl.read(SocketChannelImpl.java:434)
	at io.netty.buffer.PooledByteBuf.setBytes(PooledByteBuf.java:259)
	at io.netty.buffer.AbstractByteBuf.writeBytes(AbstractByteBuf.java:1132)
	at io.netty.channel.socket.nio.NioSocketChannel.doReadBytes(NioSocketChannel.java:357)
	at io.netty.channel.nio.AbstractNioByteChannel$NioByteUnsafe.read(AbstractNioByteChannel.java:151)
	at io.netty.channel.nio.NioEventLoop.processSelectedKey(NioEventLoop.java:788)
	at io.netty.channel.nio.NioEventLoop.processSelectedKeysOptimized(NioEventLoop.java:724)
	at io.netty.channel.nio.NioEventLoop.processSelectedKeys(NioEventLoop.java:650)
	at io.netty.channel.nio.NioEventLoop.run(NioEventLoop.java:562)
	at io.netty.util.concurrent.SingleThreadEventExecutor$4.run(SingleThreadEventExecutor.java:997)
	at io.netty.util.internal.ThreadExecutorMap$2.run(ThreadExecutorMap.java:74)
	at io.netty.util.concurrent.FastThreadLocalRunnable.run(FastThreadLocalRunnable.java:30)
	at java.base/java.lang.Thread.run(Thread.java:1589)
19:55:31.693 [AsyncHttpClient-1-4] DEBUG org.asynchttpclient.netty.channel.ChannelManager - Closing Channel [id: 0x38813e04, L:/127.0.0.1:56651 - R:localhost/127.0.0.1:56641] 
19:55:31.693 [AsyncHttpClient-1-4] DEBUG org.asynchttpclient.netty.handler.HttpHandler - Channel Closed: [id: 0x38813e04, L:/127.0.0.1:56651 ! R:localhost/127.0.0.1:56641] with attribute DISCARD
19:55:31.709 [AsyncHttpClient-1-1] DEBUG org.asynchttpclient.netty.channel.DefaultChannelPool - Entry count for : http://localhost:56641 : 1
19:55:31.709 [AsyncHttpClient-1-1] DEBUG org.asynchttpclient.netty.channel.DefaultChannelPool - Adding Candidate expired Channel [id: 0x38813e04, L:/127.0.0.1:56651 ! R:localhost/127.0.0.1:56641] isIdleTimeoutExpired=false isRemotelyClosed=true isTtlExpired=false
19:55:31.709 [AsyncHttpClient-1-1] DEBUG org.asynchttpclient.netty.channel.DefaultChannelPool - Closing Idle Channel [id: 0x38813e04, L:/127.0.0.1:56651 ! R:localhost/127.0.0.1:56641]
19:55:31.709 [AsyncHttpClient-1-1] DEBUG org.asynchttpclient.netty.channel.DefaultChannelPool - Closed 1 connections out of 1 in 0 ms
19:55:31.711 [AsyncHttpClient-1-3] DEBUG org.asynchttpclient.netty.handler.HttpHandler - 

Request DefaultFullHttpRequest(decodeResult: success, version: HTTP/1.1, content: EmptyByteBufBE)
DELETE /session/50109b79f4c1b5715a1488fc89123ad0 HTTP/1.1
User-Agent: selenium/4.8.1 (java windows)
Content-Type: application/json; charset=utf-8
host: localhost:42546
accept: */*

Response DefaultHttpResponse(decodeResult: success, version: HTTP/1.1)
HTTP/1.1 200 OK
Content-Length: 14
Content-Type: application/json; charset=utf-8
cache-control: no-cache

19:55:31.711 [AsyncHttpClient-1-3] DEBUG org.asynchttpclient.netty.channel.ChannelManager - Adding key: http://localhost:42546 for channel [id: 0xd75341d4, L:/127.0.0.1:56636 - R:localhost/127.0.0.1:42546]
19:55:31.782 [AsyncHttpClient-1-3] DEBUG org.asynchttpclient.netty.handler.HttpHandler - Channel Closed: [id: 0xd75341d4, L:/127.0.0.1:56636 ! R:localhost/127.0.0.1:42546] with attribute DISCARD
19:55:31.864 [main] INFO  - 
  _____   ___   ___   _____     ___     _     ___   ___   ___   ___  
 |_   _| | __| / __| |_   _|   | _ \   /_\   / __| / __| | __| |   \ 
   | |   | _|  \__ \   | |     |  _/  / _ \  \__ \ \__ \ | _|  | |) |
   |_|   |___| |___/   |_|     |_|   /_/ \_\ |___/ |___/ |___| |___/ 

As user i want to be able to see product detail
----------------------------------------------------------------------
]]></system-out>
    <system-err><![CDATA[Starting ChromeDriver 111.0.5563.64 (c710e93d5b63b7095afe8c2c17df34408078439d-refs/branch-heads/5563@{#995}) on port 42546
Only local connections are allowed.
Please see https://chromedriver.chromium.org/security-considerations for suggestions on keeping ChromeDriver safe.
ChromeDriver was started successfully.
Apr 04, 2023 7:55:22 PM org.openqa.selenium.devtools.CdpVersionFinder findNearestMatch
WARNING: Unable to find an exact match for CDP version 111, so returning the closest version found: 110
]]></system-err>
  </testcase>
  <testcase name="As user i want to add product to cart from detail page #1" classname="product detail" time="4.014">
    <system-out><![CDATA[
@ProductDetail
Scenario Outline: As user i want to add product to cart from detail page &amp#27;[90m# src/test/resources/features/ProductDetail.feature:25&amp#27;[0m
19:55:31.871 [main] DEBUG io.cucumber.core.plugin.SerenityReporter - Running feature from file:///C:/Users/TrisetioPutra/Documents/serenity_sauce/serenity-sauce-demo/src/test/resources/features/ProductDetail.feature
19:55:31.873 [main] INFO  - 
  _____   ___   ___   _____     ___   _____     _     ___   _____   ___   ___  
 |_   _| | __| / __| |_   _|   / __| |_   _|   /_\   | _ \ |_   _| | __| |   \ 
   | |   | _|  \__ \   | |     \__ \   | |    / _ \  |   /   | |   | _|  | |) |
   |_|   |___| |___/   |_|     |___/   |_|   /_/ \_\ |_|_\   |_|   |___| |___/ 

As user i want to add product to cart from detail page(product-detail;as-user-i-want-to-add-product-to-cart-from-detail-page)
--------------------------------------------------------------------------------
19:55:31.959 [main] INFO net.serenitybdd.core.webdriver.driverproviders.ChromeDriverProvider - Starting Chrome driver instance with capabilities:
19:55:31.960 [main] INFO net.serenitybdd.core.webdriver.driverproviders.ChromeDriverProvider - Capabilities {acceptInsecureCerts: true, browserName: chrome, goog:chromeOptions: {args: [remote-allow-origins=*, test-type, no-sandbox, ignore-certificate-errors, --window-size=1000,800, incognito, disable-infobars, disable-gpu, disable-default-apps, disable-popup-blocking, remote-allow-origins=*, test-type, no-sandbox, ignore-certificate-errors, --window-size=1000,800, incognito, disable-infobars, disable-gpu, disable-default-apps, disable-popup-blocking, remote-allow-origins=*], extensions: []}}
19:55:32.071 [AsyncHttpClient-1-6] DEBUG org.asynchttpclient.netty.channel.NettyConnectListener - Using new Channel '[id: 0xd6670070, L:/127.0.0.1:56677 - R:localhost/127.0.0.1:29448]' for 'POST' to '/session'
19:55:32.813 [AsyncHttpClient-1-1] DEBUG org.asynchttpclient.netty.channel.DefaultChannelPool - Entry count for : http://localhost:42546 : 1
19:55:32.813 [AsyncHttpClient-1-1] DEBUG org.asynchttpclient.netty.channel.DefaultChannelPool - Adding Candidate expired Channel [id: 0xd75341d4, L:/127.0.0.1:56636 ! R:localhost/127.0.0.1:42546] isIdleTimeoutExpired=false isRemotelyClosed=true isTtlExpired=false
19:55:32.813 [AsyncHttpClient-1-1] DEBUG org.asynchttpclient.netty.channel.DefaultChannelPool - Closing Idle Channel [id: 0xd75341d4, L:/127.0.0.1:56636 ! R:localhost/127.0.0.1:42546]
19:55:32.814 [AsyncHttpClient-1-1] DEBUG org.asynchttpclient.netty.channel.DefaultChannelPool - Closed 1 connections out of 1 in 0 ms
19:55:32.842 [AsyncHttpClient-1-6] DEBUG org.asynchttpclient.netty.handler.HttpHandler - 

Request DefaultHttpRequest(decodeResult: success, version: HTTP/1.1)
POST /session HTTP/1.1
User-Agent: selenium/4.8.1 (java windows)
Content-Length: 1729
Content-Type: application/json; charset=utf-8
host: localhost:29448
accept: */*

Response DefaultHttpResponse(decodeResult: success, version: HTTP/1.1)
HTTP/1.1 200 OK
Content-Length: 862
Content-Type: application/json; charset=utf-8
cache-control: no-cache

19:55:32.843 [AsyncHttpClient-1-6] DEBUG org.asynchttpclient.netty.channel.ChannelManager - Adding key: http://localhost:29448 for channel [id: 0xd6670070, L:/127.0.0.1:56677 - R:localhost/127.0.0.1:29448]
19:55:32.850 [AsyncHttpClient-1-7] DEBUG org.asynchttpclient.netty.channel.NettyConnectListener - Using new Channel '[id: 0xe49edcc9, L:/127.0.0.1:56685 - R:localhost/127.0.0.1:56678]' for 'GET' to '/json/version'
19:55:32.850 [AsyncHttpClient-1-7] DEBUG org.asynchttpclient.netty.handler.HttpHandler - 

Request DefaultFullHttpRequest(decodeResult: success, version: HTTP/1.1, content: EmptyByteBufBE)
GET /json/version HTTP/1.1
User-Agent: selenium/4.8.1 (java windows)
host: localhost:56678
accept: */*

Response DefaultHttpResponse(decodeResult: success, version: HTTP/1.1)
HTTP/1.1 200 OK
Content-Security-Policy: frame-ancestors 'none'
Content-Length: 424
Content-Type: application/json; charset=UTF-8

19:55:32.850 [AsyncHttpClient-1-7] DEBUG org.asynchttpclient.netty.channel.ChannelManager - Adding key: http://localhost:56678 for channel [id: 0xe49edcc9, L:/127.0.0.1:56685 - R:localhost/127.0.0.1:56678]
19:55:32.852 [AsyncHttpClient-1-8] DEBUG org.asynchttpclient.netty.channel.NettyConnectListener - Using new Channel '[id: 0xe1b625b8, L:/127.0.0.1:56686 - R:localhost/127.0.0.1:56678]' for 'GET' to '/devtools/browser/fdedb424-76f6-4e5f-b914-34f0d02c5c9d'
19:55:32.853 [AsyncHttpClient-1-8] DEBUG org.asynchttpclient.netty.handler.WebSocketHandler - 

Request DefaultFullHttpRequest(decodeResult: success, version: HTTP/1.1, content: EmptyByteBufBE)
GET /devtools/browser/fdedb424-76f6-4e5f-b914-34f0d02c5c9d HTTP/1.1
upgrade: websocket
connection: upgrade
sec-websocket-key: MH+4nnz8R642KCpY5uMeOA==
sec-websocket-version: 13
origin: http://localhost:56678
host: localhost:56678
accept: */*
user-agent: AHC/2.1

Response DefaultHttpResponse(decodeResult: success, version: HTTP/1.1)
HTTP/1.1 101 WebSocket Protocol Handshake
Upgrade: WebSocket
Connection: Upgrade
Sec-WebSocket-Accept: LOes0YJaosdBCnAPrdJ2xHXA/x4=

19:55:32.856 [Forwarding get on session b2b6c7065fbccd9faf7c193f4389bec1 to remote] DEBUG org.asynchttpclient.netty.request.NettyRequestSender - Using pooled Channel '[id: 0xd6670070, L:/127.0.0.1:56677 - R:localhost/127.0.0.1:29448]' for 'POST' to 'http://localhost:29448/session/b2b6c7065fbccd9faf7c193f4389bec1/url'
19:55:32.856 [Forwarding get on session b2b6c7065fbccd9faf7c193f4389bec1 to remote] DEBUG org.asynchttpclient.netty.request.NettyRequestSender - Using open Channel [id: 0xd6670070, L:/127.0.0.1:56677 - R:localhost/127.0.0.1:29448] for POST '/session/b2b6c7065fbccd9faf7c193f4389bec1/url'
19:55:33.659 [AsyncHttpClient-1-6] DEBUG org.asynchttpclient.netty.handler.HttpHandler - 

Request DefaultHttpRequest(decodeResult: success, version: HTTP/1.1)
POST /session/b2b6c7065fbccd9faf7c193f4389bec1/url HTTP/1.1
User-Agent: selenium/4.8.1 (java windows)
Content-Length: 56
Content-Type: application/json; charset=utf-8
host: localhost:29448
accept: */*

Response DefaultHttpResponse(decodeResult: success, version: HTTP/1.1)
HTTP/1.1 200 OK
Content-Length: 14
Content-Type: application/json; charset=utf-8
cache-control: no-cache

19:55:33.659 [AsyncHttpClient-1-6] DEBUG org.asynchttpclient.netty.channel.ChannelManager - Adding key: http://localhost:29448 for channel [id: 0xd6670070, L:/127.0.0.1:56677 - R:localhost/127.0.0.1:29448]
19:55:33.659 [Forwarding setTimeout on session b2b6c7065fbccd9faf7c193f4389bec1 to remote] DEBUG org.asynchttpclient.netty.request.NettyRequestSender - Using pooled Channel '[id: 0xd6670070, L:/127.0.0.1:56677 - R:localhost/127.0.0.1:29448]' for 'POST' to 'http://localhost:29448/session/b2b6c7065fbccd9faf7c193f4389bec1/timeouts'
19:55:33.660 [Forwarding setTimeout on session b2b6c7065fbccd9faf7c193f4389bec1 to remote] DEBUG org.asynchttpclient.netty.request.NettyRequestSender - Using open Channel [id: 0xd6670070, L:/127.0.0.1:56677 - R:localhost/127.0.0.1:29448] for POST '/session/b2b6c7065fbccd9faf7c193f4389bec1/timeouts'
19:55:33.660 [AsyncHttpClient-1-6] DEBUG org.asynchttpclient.netty.handler.HttpHandler - 

Request DefaultHttpRequest(decodeResult: success, version: HTTP/1.1)
POST /session/b2b6c7065fbccd9faf7c193f4389bec1/timeouts HTTP/1.1
User-Agent: selenium/4.8.1 (java windows)
Content-Length: 22
Content-Type: application/json; charset=utf-8
host: localhost:29448
accept: */*

Response DefaultHttpResponse(decodeResult: success, version: HTTP/1.1)
HTTP/1.1 200 OK
Content-Length: 14
Content-Type: application/json; charset=utf-8
cache-control: no-cache

19:55:33.660 [AsyncHttpClient-1-6] DEBUG org.asynchttpclient.netty.channel.ChannelManager - Adding key: http://localhost:29448 for channel [id: 0xd6670070, L:/127.0.0.1:56677 - R:localhost/127.0.0.1:29448]
19:55:33.668 [Forwarding getAlertText on session b2b6c7065fbccd9faf7c193f4389bec1 to remote] DEBUG org.asynchttpclient.netty.request.NettyRequestSender - Using pooled Channel '[id: 0xd6670070, L:/127.0.0.1:56677 - R:localhost/127.0.0.1:29448]' for 'GET' to 'http://localhost:29448/session/b2b6c7065fbccd9faf7c193f4389bec1/alert/text'
19:55:33.668 [Forwarding getAlertText on session b2b6c7065fbccd9faf7c193f4389bec1 to remote] DEBUG org.asynchttpclient.netty.request.NettyRequestSender - Using open Channel [id: 0xd6670070, L:/127.0.0.1:56677 - R:localhost/127.0.0.1:29448] for GET '/session/b2b6c7065fbccd9faf7c193f4389bec1/alert/text'
19:55:33.670 [AsyncHttpClient-1-6] DEBUG org.asynchttpclient.netty.handler.HttpHandler - 

Request DefaultFullHttpRequest(decodeResult: success, version: HTTP/1.1, content: EmptyByteBufBE)
GET /session/b2b6c7065fbccd9faf7c193f4389bec1/alert/text HTTP/1.1
User-Agent: selenium/4.8.1 (java windows)
Cache-Control: no-cache
Content-Type: application/json; charset=utf-8
host: localhost:29448
accept: */*

Response DefaultHttpResponse(decodeResult: success, version: HTTP/1.1)
HTTP/1.1 404 Not Found
Content-Length: 816
Content-Type: application/json; charset=utf-8
cache-control: no-cache

19:55:33.670 [AsyncHttpClient-1-6] DEBUG org.asynchttpclient.netty.channel.ChannelManager - Adding key: http://localhost:29448 for channel [id: 0xd6670070, L:/127.0.0.1:56677 - R:localhost/127.0.0.1:29448]
19:55:33.671 [Forwarding getCurrentUrl on session b2b6c7065fbccd9faf7c193f4389bec1 to remote] DEBUG org.asynchttpclient.netty.request.NettyRequestSender - Using pooled Channel '[id: 0xd6670070, L:/127.0.0.1:56677 - R:localhost/127.0.0.1:29448]' for 'GET' to 'http://localhost:29448/session/b2b6c7065fbccd9faf7c193f4389bec1/url'
19:55:33.671 [Forwarding getCurrentUrl on session b2b6c7065fbccd9faf7c193f4389bec1 to remote] DEBUG org.asynchttpclient.netty.request.NettyRequestSender - Using open Channel [id: 0xd6670070, L:/127.0.0.1:56677 - R:localhost/127.0.0.1:29448] for GET '/session/b2b6c7065fbccd9faf7c193f4389bec1/url'
19:55:33.675 [AsyncHttpClient-1-6] DEBUG org.asynchttpclient.netty.handler.HttpHandler - 

Request DefaultFullHttpRequest(decodeResult: success, version: HTTP/1.1, content: EmptyByteBufBE)
GET /session/b2b6c7065fbccd9faf7c193f4389bec1/url HTTP/1.1
User-Agent: selenium/4.8.1 (java windows)
Cache-Control: no-cache
Content-Type: application/json; charset=utf-8
host: localhost:29448
accept: */*

Response DefaultHttpResponse(decodeResult: success, version: HTTP/1.1)
HTTP/1.1 200 OK
Content-Length: 38
Content-Type: application/json; charset=utf-8
cache-control: no-cache

19:55:33.675 [AsyncHttpClient-1-6] DEBUG org.asynchttpclient.netty.channel.ChannelManager - Adding key: http://localhost:29448 for channel [id: 0xd6670070, L:/127.0.0.1:56677 - R:localhost/127.0.0.1:29448]
19:55:33.675 [Forwarding screenshot on session b2b6c7065fbccd9faf7c193f4389bec1 to remote] DEBUG org.asynchttpclient.netty.request.NettyRequestSender - Using pooled Channel '[id: 0xd6670070, L:/127.0.0.1:56677 - R:localhost/127.0.0.1:29448]' for 'GET' to 'http://localhost:29448/session/b2b6c7065fbccd9faf7c193f4389bec1/screenshot'
19:55:33.675 [Forwarding screenshot on session b2b6c7065fbccd9faf7c193f4389bec1 to remote] DEBUG org.asynchttpclient.netty.request.NettyRequestSender - Using open Channel [id: 0xd6670070, L:/127.0.0.1:56677 - R:localhost/127.0.0.1:29448] for GET '/session/b2b6c7065fbccd9faf7c193f4389bec1/screenshot'
19:55:33.802 [AsyncHttpClient-1-6] DEBUG org.asynchttpclient.netty.handler.HttpHandler - 

Request DefaultFullHttpRequest(decodeResult: success, version: HTTP/1.1, content: EmptyByteBufBE)
GET /session/b2b6c7065fbccd9faf7c193f4389bec1/screenshot HTTP/1.1
User-Agent: selenium/4.8.1 (java windows)
Cache-Control: no-cache
Content-Type: application/json; charset=utf-8
host: localhost:29448
accept: */*

Response DefaultHttpResponse(decodeResult: success, version: HTTP/1.1)
HTTP/1.1 200 OK
Content-Length: 58480
Content-Type: application/json; charset=utf-8
cache-control: no-cache

19:55:33.802 [AsyncHttpClient-1-6] DEBUG org.asynchttpclient.netty.channel.ChannelManager - Adding key: http://localhost:29448 for channel [id: 0xd6670070, L:/127.0.0.1:56677 - R:localhost/127.0.0.1:29448]
19:55:33.804 [main] DEBUG net.serenitybdd.core.photography.Darkroom - Send negative for processing for target\site\serenity\cb92d98072c3b75a83324d609d10345ba9940c54df6d644def90c13c11b006db.png
19:55:33.805 [Forwarding getPageSource on session b2b6c7065fbccd9faf7c193f4389bec1 to remote] DEBUG org.asynchttpclient.netty.request.NettyRequestSender - Using pooled Channel '[id: 0xd6670070, L:/127.0.0.1:56677 - R:localhost/127.0.0.1:29448]' for 'POST' to 'http://localhost:29448/session/b2b6c7065fbccd9faf7c193f4389bec1/execute/sync'
19:55:33.805 [Forwarding getPageSource on session b2b6c7065fbccd9faf7c193f4389bec1 to remote] DEBUG org.asynchttpclient.netty.request.NettyRequestSender - Using open Channel [id: 0xd6670070, L:/127.0.0.1:56677 - R:localhost/127.0.0.1:29448] for POST '/session/b2b6c7065fbccd9faf7c193f4389bec1/execute/sync'
19:55:33.811 [AsyncHttpClient-1-6] DEBUG org.asynchttpclient.netty.handler.HttpHandler - 

Request DefaultHttpRequest(decodeResult: success, version: HTTP/1.1)
POST /session/b2b6c7065fbccd9faf7c193f4389bec1/execute/sync HTTP/1.1
User-Agent: selenium/4.8.1 (java windows)
Content-Length: 176
Content-Type: application/json; charset=utf-8
host: localhost:29448
accept: */*

Response DefaultHttpResponse(decodeResult: success, version: HTTP/1.1)
HTTP/1.1 200 OK
Content-Length: 4286
Content-Type: application/json; charset=utf-8
cache-control: no-cache

19:55:33.811 [AsyncHttpClient-1-6] DEBUG org.asynchttpclient.netty.channel.ChannelManager - Adding key: http://localhost:29448 for channel [id: 0xd6670070, L:/127.0.0.1:56677 - R:localhost/127.0.0.1:29448]
19:55:33.812 [Forwarding getCurrentUrl on session b2b6c7065fbccd9faf7c193f4389bec1 to remote] DEBUG org.asynchttpclient.netty.request.NettyRequestSender - Using pooled Channel '[id: 0xd6670070, L:/127.0.0.1:56677 - R:localhost/127.0.0.1:29448]' for 'GET' to 'http://localhost:29448/session/b2b6c7065fbccd9faf7c193f4389bec1/url'
19:55:33.812 [Forwarding getCurrentUrl on session b2b6c7065fbccd9faf7c193f4389bec1 to remote] DEBUG org.asynchttpclient.netty.request.NettyRequestSender - Using open Channel [id: 0xd6670070, L:/127.0.0.1:56677 - R:localhost/127.0.0.1:29448] for GET '/session/b2b6c7065fbccd9faf7c193f4389bec1/url'
19:55:33.816 [AsyncHttpClient-1-6] DEBUG org.asynchttpclient.netty.handler.HttpHandler - 

Request DefaultFullHttpRequest(decodeResult: success, version: HTTP/1.1, content: EmptyByteBufBE)
GET /session/b2b6c7065fbccd9faf7c193f4389bec1/url HTTP/1.1
User-Agent: selenium/4.8.1 (java windows)
Cache-Control: no-cache
Content-Type: application/json; charset=utf-8
host: localhost:29448
accept: */*

Response DefaultHttpResponse(decodeResult: success, version: HTTP/1.1)
HTTP/1.1 200 OK
Content-Length: 38
Content-Type: application/json; charset=utf-8
cache-control: no-cache

19:55:33.816 [AsyncHttpClient-1-6] DEBUG org.asynchttpclient.netty.channel.ChannelManager - Adding key: http://localhost:29448 for channel [id: 0xd6670070, L:/127.0.0.1:56677 - R:localhost/127.0.0.1:29448]
19:55:33.818 [main] DEBUG net.thucydides.core.steps.StepInterceptor - STARTING STEP: CartSteps.loginAsAUser - inputUsername
19:55:33.819 [Forwarding findElement on session b2b6c7065fbccd9faf7c193f4389bec1 to remote] DEBUG org.asynchttpclient.netty.request.NettyRequestSender - Using pooled Channel '[id: 0xd6670070, L:/127.0.0.1:56677 - R:localhost/127.0.0.1:29448]' for 'POST' to 'http://localhost:29448/session/b2b6c7065fbccd9faf7c193f4389bec1/element'
19:55:33.819 [Forwarding findElement on session b2b6c7065fbccd9faf7c193f4389bec1 to remote] DEBUG org.asynchttpclient.netty.request.NettyRequestSender - Using open Channel [id: 0xd6670070, L:/127.0.0.1:56677 - R:localhost/127.0.0.1:29448] for POST '/session/b2b6c7065fbccd9faf7c193f4389bec1/element'
19:55:33.830 [AsyncHttpClient-1-6] DEBUG org.asynchttpclient.netty.handler.HttpHandler - 

Request DefaultHttpRequest(decodeResult: success, version: HTTP/1.1)
POST /session/b2b6c7065fbccd9faf7c193f4389bec1/element HTTP/1.1
User-Agent: selenium/4.8.1 (java windows)
Content-Length: 56
Content-Type: application/json; charset=utf-8
host: localhost:29448
accept: */*

Response DefaultHttpResponse(decodeResult: success, version: HTTP/1.1)
HTTP/1.1 200 OK
Content-Length: 88
Content-Type: application/json; charset=utf-8
cache-control: no-cache

19:55:33.830 [AsyncHttpClient-1-6] DEBUG org.asynchttpclient.netty.channel.ChannelManager - Adding key: http://localhost:29448 for channel [id: 0xd6670070, L:/127.0.0.1:56677 - R:localhost/127.0.0.1:29448]
19:55:33.831 [Forwarding clearElement on session b2b6c7065fbccd9faf7c193f4389bec1 to remote] DEBUG org.asynchttpclient.netty.request.NettyRequestSender - Using pooled Channel '[id: 0xd6670070, L:/127.0.0.1:56677 - R:localhost/127.0.0.1:29448]' for 'POST' to 'http://localhost:29448/session/b2b6c7065fbccd9faf7c193f4389bec1/element/12a8b519-8086-48ec-b9e6-3e8f19bb8de1/clear'
19:55:33.831 [Forwarding clearElement on session b2b6c7065fbccd9faf7c193f4389bec1 to remote] DEBUG org.asynchttpclient.netty.request.NettyRequestSender - Using open Channel [id: 0xd6670070, L:/127.0.0.1:56677 - R:localhost/127.0.0.1:29448] for POST '/session/b2b6c7065fbccd9faf7c193f4389bec1/element/12a8b519-8086-48ec-b9e6-3e8f19bb8de1/clear'
19:55:33.860 [AsyncHttpClient-1-6] DEBUG org.asynchttpclient.netty.handler.HttpHandler - 

Request DefaultHttpRequest(decodeResult: success, version: HTTP/1.1)
POST /session/b2b6c7065fbccd9faf7c193f4389bec1/element/12a8b519-8086-48ec-b9e6-3e8f19bb8de1/clear HTTP/1.1
User-Agent: selenium/4.8.1 (java windows)
Content-Length: 50
Content-Type: application/json; charset=utf-8
host: localhost:29448
accept: */*

Response DefaultHttpResponse(decodeResult: success, version: HTTP/1.1)
HTTP/1.1 200 OK
Content-Length: 14
Content-Type: application/json; charset=utf-8
cache-control: no-cache

19:55:33.860 [AsyncHttpClient-1-6] DEBUG org.asynchttpclient.netty.channel.ChannelManager - Adding key: http://localhost:29448 for channel [id: 0xd6670070, L:/127.0.0.1:56677 - R:localhost/127.0.0.1:29448]
19:55:33.861 [Forwarding sendKeysToElement on session b2b6c7065fbccd9faf7c193f4389bec1 to remote] DEBUG org.asynchttpclient.netty.request.NettyRequestSender - Using pooled Channel '[id: 0xd6670070, L:/127.0.0.1:56677 - R:localhost/127.0.0.1:29448]' for 'POST' to 'http://localhost:29448/session/b2b6c7065fbccd9faf7c193f4389bec1/element/12a8b519-8086-48ec-b9e6-3e8f19bb8de1/value'
19:55:33.862 [Forwarding sendKeysToElement on session b2b6c7065fbccd9faf7c193f4389bec1 to remote] DEBUG org.asynchttpclient.netty.request.NettyRequestSender - Using open Channel [id: 0xd6670070, L:/127.0.0.1:56677 - R:localhost/127.0.0.1:29448] for POST '/session/b2b6c7065fbccd9faf7c193f4389bec1/element/12a8b519-8086-48ec-b9e6-3e8f19bb8de1/value'
19:55:33.907 [AsyncHttpClient-1-1] DEBUG org.asynchttpclient.netty.channel.DefaultChannelPool - Entry count for : http://localhost:56678 : 1
19:55:33.922 [AsyncHttpClient-1-6] DEBUG org.asynchttpclient.netty.handler.HttpHandler - 

Request DefaultHttpRequest(decodeResult: success, version: HTTP/1.1)
POST /session/b2b6c7065fbccd9faf7c193f4389bec1/element/12a8b519-8086-48ec-b9e6-3e8f19bb8de1/value HTTP/1.1
User-Agent: selenium/4.8.1 (java windows)
Content-Length: 211
Content-Type: application/json; charset=utf-8
host: localhost:29448
accept: */*

Response DefaultHttpResponse(decodeResult: success, version: HTTP/1.1)
HTTP/1.1 200 OK
Content-Length: 14
Content-Type: application/json; charset=utf-8
cache-control: no-cache

19:55:33.922 [AsyncHttpClient-1-6] DEBUG org.asynchttpclient.netty.channel.ChannelManager - Adding key: http://localhost:29448 for channel [id: 0xd6670070, L:/127.0.0.1:56677 - R:localhost/127.0.0.1:29448]
19:55:33.929 [Forwarding getAlertText on session b2b6c7065fbccd9faf7c193f4389bec1 to remote] DEBUG org.asynchttpclient.netty.request.NettyRequestSender - Using pooled Channel '[id: 0xd6670070, L:/127.0.0.1:56677 - R:localhost/127.0.0.1:29448]' for 'GET' to 'http://localhost:29448/session/b2b6c7065fbccd9faf7c193f4389bec1/alert/text'
19:55:33.929 [Forwarding getAlertText on session b2b6c7065fbccd9faf7c193f4389bec1 to remote] DEBUG org.asynchttpclient.netty.request.NettyRequestSender - Using open Channel [id: 0xd6670070, L:/127.0.0.1:56677 - R:localhost/127.0.0.1:29448] for GET '/session/b2b6c7065fbccd9faf7c193f4389bec1/alert/text'
19:55:33.931 [AsyncHttpClient-1-6] DEBUG org.asynchttpclient.netty.handler.HttpHandler - 

Request DefaultFullHttpRequest(decodeResult: success, version: HTTP/1.1, content: EmptyByteBufBE)
GET /session/b2b6c7065fbccd9faf7c193f4389bec1/alert/text HTTP/1.1
User-Agent: selenium/4.8.1 (java windows)
Cache-Control: no-cache
Content-Type: application/json; charset=utf-8
host: localhost:29448
accept: */*

Response DefaultHttpResponse(decodeResult: success, version: HTTP/1.1)
HTTP/1.1 404 Not Found
Content-Length: 816
Content-Type: application/json; charset=utf-8
cache-control: no-cache

19:55:33.931 [AsyncHttpClient-1-6] DEBUG org.asynchttpclient.netty.channel.ChannelManager - Adding key: http://localhost:29448 for channel [id: 0xd6670070, L:/127.0.0.1:56677 - R:localhost/127.0.0.1:29448]
19:55:33.931 [Forwarding getCurrentUrl on session b2b6c7065fbccd9faf7c193f4389bec1 to remote] DEBUG org.asynchttpclient.netty.request.NettyRequestSender - Using pooled Channel '[id: 0xd6670070, L:/127.0.0.1:56677 - R:localhost/127.0.0.1:29448]' for 'GET' to 'http://localhost:29448/session/b2b6c7065fbccd9faf7c193f4389bec1/url'
19:55:33.931 [Forwarding getCurrentUrl on session b2b6c7065fbccd9faf7c193f4389bec1 to remote] DEBUG org.asynchttpclient.netty.request.NettyRequestSender - Using open Channel [id: 0xd6670070, L:/127.0.0.1:56677 - R:localhost/127.0.0.1:29448] for GET '/session/b2b6c7065fbccd9faf7c193f4389bec1/url'
19:55:33.935 [AsyncHttpClient-1-6] DEBUG org.asynchttpclient.netty.handler.HttpHandler - 

Request DefaultFullHttpRequest(decodeResult: success, version: HTTP/1.1, content: EmptyByteBufBE)
GET /session/b2b6c7065fbccd9faf7c193f4389bec1/url HTTP/1.1
User-Agent: selenium/4.8.1 (java windows)
Cache-Control: no-cache
Content-Type: application/json; charset=utf-8
host: localhost:29448
accept: */*

Response DefaultHttpResponse(decodeResult: success, version: HTTP/1.1)
HTTP/1.1 200 OK
Content-Length: 38
Content-Type: application/json; charset=utf-8
cache-control: no-cache

19:55:33.935 [AsyncHttpClient-1-6] DEBUG org.asynchttpclient.netty.channel.ChannelManager - Adding key: http://localhost:29448 for channel [id: 0xd6670070, L:/127.0.0.1:56677 - R:localhost/127.0.0.1:29448]
19:55:33.935 [Forwarding screenshot on session b2b6c7065fbccd9faf7c193f4389bec1 to remote] DEBUG org.asynchttpclient.netty.request.NettyRequestSender - Using pooled Channel '[id: 0xd6670070, L:/127.0.0.1:56677 - R:localhost/127.0.0.1:29448]' for 'GET' to 'http://localhost:29448/session/b2b6c7065fbccd9faf7c193f4389bec1/screenshot'
19:55:33.935 [Forwarding screenshot on session b2b6c7065fbccd9faf7c193f4389bec1 to remote] DEBUG org.asynchttpclient.netty.request.NettyRequestSender - Using open Channel [id: 0xd6670070, L:/127.0.0.1:56677 - R:localhost/127.0.0.1:29448] for GET '/session/b2b6c7065fbccd9faf7c193f4389bec1/screenshot'
19:55:34.062 [AsyncHttpClient-1-6] DEBUG org.asynchttpclient.netty.handler.HttpHandler - 

Request DefaultFullHttpRequest(decodeResult: success, version: HTTP/1.1, content: EmptyByteBufBE)
GET /session/b2b6c7065fbccd9faf7c193f4389bec1/screenshot HTTP/1.1
User-Agent: selenium/4.8.1 (java windows)
Cache-Control: no-cache
Content-Type: application/json; charset=utf-8
host: localhost:29448
accept: */*

Response DefaultHttpResponse(decodeResult: success, version: HTTP/1.1)
HTTP/1.1 200 OK
Content-Length: 59376
Content-Type: application/json; charset=utf-8
cache-control: no-cache

19:55:34.062 [AsyncHttpClient-1-6] DEBUG org.asynchttpclient.netty.channel.ChannelManager - Adding key: http://localhost:29448 for channel [id: 0xd6670070, L:/127.0.0.1:56677 - R:localhost/127.0.0.1:29448]
19:55:34.064 [main] DEBUG net.serenitybdd.core.photography.Darkroom - Send negative for processing for target\site\serenity\34df7c2a49013db09874827a64595e6a5db2797a92a71bf1a6ba69e39d9b6283.png
19:55:34.064 [main] DEBUG net.thucydides.core.steps.StepInterceptor - STEP DONE: inputUsername
19:55:34.071 [Forwarding getPageSource on session b2b6c7065fbccd9faf7c193f4389bec1 to remote] DEBUG org.asynchttpclient.netty.request.NettyRequestSender - Using pooled Channel '[id: 0xd6670070, L:/127.0.0.1:56677 - R:localhost/127.0.0.1:29448]' for 'POST' to 'http://localhost:29448/session/b2b6c7065fbccd9faf7c193f4389bec1/execute/sync'
19:55:34.071 [Forwarding getPageSource on session b2b6c7065fbccd9faf7c193f4389bec1 to remote] DEBUG org.asynchttpclient.netty.request.NettyRequestSender - Using open Channel [id: 0xd6670070, L:/127.0.0.1:56677 - R:localhost/127.0.0.1:29448] for POST '/session/b2b6c7065fbccd9faf7c193f4389bec1/execute/sync'
19:55:34.075 [AsyncHttpClient-1-6] DEBUG org.asynchttpclient.netty.handler.HttpHandler - 

Request DefaultHttpRequest(decodeResult: success, version: HTTP/1.1)
POST /session/b2b6c7065fbccd9faf7c193f4389bec1/execute/sync HTTP/1.1
User-Agent: selenium/4.8.1 (java windows)
Content-Length: 176
Content-Type: application/json; charset=utf-8
host: localhost:29448
accept: */*

Response DefaultHttpResponse(decodeResult: success, version: HTTP/1.1)
HTTP/1.1 200 OK
Content-Length: 4299
Content-Type: application/json; charset=utf-8
cache-control: no-cache

19:55:34.075 [AsyncHttpClient-1-6] DEBUG org.asynchttpclient.netty.channel.ChannelManager - Adding key: http://localhost:29448 for channel [id: 0xd6670070, L:/127.0.0.1:56677 - R:localhost/127.0.0.1:29448]
19:55:34.076 [Forwarding getCurrentUrl on session b2b6c7065fbccd9faf7c193f4389bec1 to remote] DEBUG org.asynchttpclient.netty.request.NettyRequestSender - Using pooled Channel '[id: 0xd6670070, L:/127.0.0.1:56677 - R:localhost/127.0.0.1:29448]' for 'GET' to 'http://localhost:29448/session/b2b6c7065fbccd9faf7c193f4389bec1/url'
19:55:34.076 [Forwarding getCurrentUrl on session b2b6c7065fbccd9faf7c193f4389bec1 to remote] DEBUG org.asynchttpclient.netty.request.NettyRequestSender - Using open Channel [id: 0xd6670070, L:/127.0.0.1:56677 - R:localhost/127.0.0.1:29448] for GET '/session/b2b6c7065fbccd9faf7c193f4389bec1/url'
19:55:34.079 [AsyncHttpClient-1-6] DEBUG org.asynchttpclient.netty.handler.HttpHandler - 

Request DefaultFullHttpRequest(decodeResult: success, version: HTTP/1.1, content: EmptyByteBufBE)
GET /session/b2b6c7065fbccd9faf7c193f4389bec1/url HTTP/1.1
User-Agent: selenium/4.8.1 (java windows)
Cache-Control: no-cache
Content-Type: application/json; charset=utf-8
host: localhost:29448
accept: */*

Response DefaultHttpResponse(decodeResult: success, version: HTTP/1.1)
HTTP/1.1 200 OK
Content-Length: 38
Content-Type: application/json; charset=utf-8
cache-control: no-cache

19:55:34.079 [AsyncHttpClient-1-6] DEBUG org.asynchttpclient.netty.channel.ChannelManager - Adding key: http://localhost:29448 for channel [id: 0xd6670070, L:/127.0.0.1:56677 - R:localhost/127.0.0.1:29448]
19:55:34.081 [main] DEBUG net.thucydides.core.steps.StepInterceptor - STARTING STEP: CartSteps.loginAsAUser - inputPassword
19:55:34.083 [Forwarding findElement on session b2b6c7065fbccd9faf7c193f4389bec1 to remote] DEBUG org.asynchttpclient.netty.request.NettyRequestSender - Using pooled Channel '[id: 0xd6670070, L:/127.0.0.1:56677 - R:localhost/127.0.0.1:29448]' for 'POST' to 'http://localhost:29448/session/b2b6c7065fbccd9faf7c193f4389bec1/element'
19:55:34.083 [Forwarding findElement on session b2b6c7065fbccd9faf7c193f4389bec1 to remote] DEBUG org.asynchttpclient.netty.request.NettyRequestSender - Using open Channel [id: 0xd6670070, L:/127.0.0.1:56677 - R:localhost/127.0.0.1:29448] for POST '/session/b2b6c7065fbccd9faf7c193f4389bec1/element'
19:55:34.094 [AsyncHttpClient-1-6] DEBUG org.asynchttpclient.netty.handler.HttpHandler - 

Request DefaultHttpRequest(decodeResult: success, version: HTTP/1.1)
POST /session/b2b6c7065fbccd9faf7c193f4389bec1/element HTTP/1.1
User-Agent: selenium/4.8.1 (java windows)
Content-Length: 53
Content-Type: application/json; charset=utf-8
host: localhost:29448
accept: */*

Response DefaultHttpResponse(decodeResult: success, version: HTTP/1.1)
HTTP/1.1 200 OK
Content-Length: 88
Content-Type: application/json; charset=utf-8
cache-control: no-cache

19:55:34.094 [AsyncHttpClient-1-6] DEBUG org.asynchttpclient.netty.channel.ChannelManager - Adding key: http://localhost:29448 for channel [id: 0xd6670070, L:/127.0.0.1:56677 - R:localhost/127.0.0.1:29448]
19:55:34.095 [Forwarding clearElement on session b2b6c7065fbccd9faf7c193f4389bec1 to remote] DEBUG org.asynchttpclient.netty.request.NettyRequestSender - Using pooled Channel '[id: 0xd6670070, L:/127.0.0.1:56677 - R:localhost/127.0.0.1:29448]' for 'POST' to 'http://localhost:29448/session/b2b6c7065fbccd9faf7c193f4389bec1/element/358b91a2-5ba7-43f2-a3ad-d13c50aa3bd2/clear'
19:55:34.095 [Forwarding clearElement on session b2b6c7065fbccd9faf7c193f4389bec1 to remote] DEBUG org.asynchttpclient.netty.request.NettyRequestSender - Using open Channel [id: 0xd6670070, L:/127.0.0.1:56677 - R:localhost/127.0.0.1:29448] for POST '/session/b2b6c7065fbccd9faf7c193f4389bec1/element/358b91a2-5ba7-43f2-a3ad-d13c50aa3bd2/clear'
19:55:34.127 [AsyncHttpClient-1-6] DEBUG org.asynchttpclient.netty.handler.HttpHandler - 

Request DefaultHttpRequest(decodeResult: success, version: HTTP/1.1)
POST /session/b2b6c7065fbccd9faf7c193f4389bec1/element/358b91a2-5ba7-43f2-a3ad-d13c50aa3bd2/clear HTTP/1.1
User-Agent: selenium/4.8.1 (java windows)
Content-Length: 50
Content-Type: application/json; charset=utf-8
host: localhost:29448
accept: */*

Response DefaultHttpResponse(decodeResult: success, version: HTTP/1.1)
HTTP/1.1 200 OK
Content-Length: 14
Content-Type: application/json; charset=utf-8
cache-control: no-cache

19:55:34.127 [AsyncHttpClient-1-6] DEBUG org.asynchttpclient.netty.channel.ChannelManager - Adding key: http://localhost:29448 for channel [id: 0xd6670070, L:/127.0.0.1:56677 - R:localhost/127.0.0.1:29448]
19:55:34.128 [Forwarding sendKeysToElement on session b2b6c7065fbccd9faf7c193f4389bec1 to remote] DEBUG org.asynchttpclient.netty.request.NettyRequestSender - Using pooled Channel '[id: 0xd6670070, L:/127.0.0.1:56677 - R:localhost/127.0.0.1:29448]' for 'POST' to 'http://localhost:29448/session/b2b6c7065fbccd9faf7c193f4389bec1/element/358b91a2-5ba7-43f2-a3ad-d13c50aa3bd2/value'
19:55:34.128 [Forwarding sendKeysToElement on session b2b6c7065fbccd9faf7c193f4389bec1 to remote] DEBUG org.asynchttpclient.netty.request.NettyRequestSender - Using open Channel [id: 0xd6670070, L:/127.0.0.1:56677 - R:localhost/127.0.0.1:29448] for POST '/session/b2b6c7065fbccd9faf7c193f4389bec1/element/358b91a2-5ba7-43f2-a3ad-d13c50aa3bd2/value'
19:55:34.193 [AsyncHttpClient-1-6] DEBUG org.asynchttpclient.netty.handler.HttpHandler - 

Request DefaultHttpRequest(decodeResult: success, version: HTTP/1.1)
POST /session/b2b6c7065fbccd9faf7c193f4389bec1/element/358b91a2-5ba7-43f2-a3ad-d13c50aa3bd2/value HTTP/1.1
User-Agent: selenium/4.8.1 (java windows)
Content-Length: 201
Content-Type: application/json; charset=utf-8
host: localhost:29448
accept: */*

Response DefaultHttpResponse(decodeResult: success, version: HTTP/1.1)
HTTP/1.1 200 OK
Content-Length: 14
Content-Type: application/json; charset=utf-8
cache-control: no-cache

19:55:34.193 [AsyncHttpClient-1-6] DEBUG org.asynchttpclient.netty.channel.ChannelManager - Adding key: http://localhost:29448 for channel [id: 0xd6670070, L:/127.0.0.1:56677 - R:localhost/127.0.0.1:29448]
19:55:34.199 [Forwarding getAlertText on session b2b6c7065fbccd9faf7c193f4389bec1 to remote] DEBUG org.asynchttpclient.netty.request.NettyRequestSender - Using pooled Channel '[id: 0xd6670070, L:/127.0.0.1:56677 - R:localhost/127.0.0.1:29448]' for 'GET' to 'http://localhost:29448/session/b2b6c7065fbccd9faf7c193f4389bec1/alert/text'
19:55:34.199 [Forwarding getAlertText on session b2b6c7065fbccd9faf7c193f4389bec1 to remote] DEBUG org.asynchttpclient.netty.request.NettyRequestSender - Using open Channel [id: 0xd6670070, L:/127.0.0.1:56677 - R:localhost/127.0.0.1:29448] for GET '/session/b2b6c7065fbccd9faf7c193f4389bec1/alert/text'
19:55:34.200 [AsyncHttpClient-1-6] DEBUG org.asynchttpclient.netty.handler.HttpHandler - 

Request DefaultFullHttpRequest(decodeResult: success, version: HTTP/1.1, content: EmptyByteBufBE)
GET /session/b2b6c7065fbccd9faf7c193f4389bec1/alert/text HTTP/1.1
User-Agent: selenium/4.8.1 (java windows)
Cache-Control: no-cache
Content-Type: application/json; charset=utf-8
host: localhost:29448
accept: */*

Response DefaultHttpResponse(decodeResult: success, version: HTTP/1.1)
HTTP/1.1 404 Not Found
Content-Length: 816
Content-Type: application/json; charset=utf-8
cache-control: no-cache

19:55:34.200 [AsyncHttpClient-1-6] DEBUG org.asynchttpclient.netty.channel.ChannelManager - Adding key: http://localhost:29448 for channel [id: 0xd6670070, L:/127.0.0.1:56677 - R:localhost/127.0.0.1:29448]
19:55:34.201 [Forwarding getCurrentUrl on session b2b6c7065fbccd9faf7c193f4389bec1 to remote] DEBUG org.asynchttpclient.netty.request.NettyRequestSender - Using pooled Channel '[id: 0xd6670070, L:/127.0.0.1:56677 - R:localhost/127.0.0.1:29448]' for 'GET' to 'http://localhost:29448/session/b2b6c7065fbccd9faf7c193f4389bec1/url'
19:55:34.201 [Forwarding getCurrentUrl on session b2b6c7065fbccd9faf7c193f4389bec1 to remote] DEBUG org.asynchttpclient.netty.request.NettyRequestSender - Using open Channel [id: 0xd6670070, L:/127.0.0.1:56677 - R:localhost/127.0.0.1:29448] for GET '/session/b2b6c7065fbccd9faf7c193f4389bec1/url'
19:55:34.204 [AsyncHttpClient-1-6] DEBUG org.asynchttpclient.netty.handler.HttpHandler - 

Request DefaultFullHttpRequest(decodeResult: success, version: HTTP/1.1, content: EmptyByteBufBE)
GET /session/b2b6c7065fbccd9faf7c193f4389bec1/url HTTP/1.1
User-Agent: selenium/4.8.1 (java windows)
Cache-Control: no-cache
Content-Type: application/json; charset=utf-8
host: localhost:29448
accept: */*

Response DefaultHttpResponse(decodeResult: success, version: HTTP/1.1)
HTTP/1.1 200 OK
Content-Length: 38
Content-Type: application/json; charset=utf-8
cache-control: no-cache

19:55:34.204 [AsyncHttpClient-1-6] DEBUG org.asynchttpclient.netty.channel.ChannelManager - Adding key: http://localhost:29448 for channel [id: 0xd6670070, L:/127.0.0.1:56677 - R:localhost/127.0.0.1:29448]
19:55:34.204 [Forwarding screenshot on session b2b6c7065fbccd9faf7c193f4389bec1 to remote] DEBUG org.asynchttpclient.netty.request.NettyRequestSender - Using pooled Channel '[id: 0xd6670070, L:/127.0.0.1:56677 - R:localhost/127.0.0.1:29448]' for 'GET' to 'http://localhost:29448/session/b2b6c7065fbccd9faf7c193f4389bec1/screenshot'
19:55:34.204 [Forwarding screenshot on session b2b6c7065fbccd9faf7c193f4389bec1 to remote] DEBUG org.asynchttpclient.netty.request.NettyRequestSender - Using open Channel [id: 0xd6670070, L:/127.0.0.1:56677 - R:localhost/127.0.0.1:29448] for GET '/session/b2b6c7065fbccd9faf7c193f4389bec1/screenshot'
19:55:34.334 [AsyncHttpClient-1-6] DEBUG org.asynchttpclient.netty.handler.HttpHandler - 

Request DefaultFullHttpRequest(decodeResult: success, version: HTTP/1.1, content: EmptyByteBufBE)
GET /session/b2b6c7065fbccd9faf7c193f4389bec1/screenshot HTTP/1.1
User-Agent: selenium/4.8.1 (java windows)
Cache-Control: no-cache
Content-Type: application/json; charset=utf-8
host: localhost:29448
accept: */*

Response DefaultHttpResponse(decodeResult: success, version: HTTP/1.1)
HTTP/1.1 200 OK
Content-Length: 56848
Content-Type: application/json; charset=utf-8
cache-control: no-cache

19:55:34.334 [AsyncHttpClient-1-6] DEBUG org.asynchttpclient.netty.channel.ChannelManager - Adding key: http://localhost:29448 for channel [id: 0xd6670070, L:/127.0.0.1:56677 - R:localhost/127.0.0.1:29448]
19:55:34.336 [main] DEBUG net.serenitybdd.core.photography.Darkroom - Send negative for processing for target\site\serenity\6adca94019f7156b5b02d50dcdcd86549d04d7d2a8a2bccedb68665c7405404e.png
19:55:34.336 [main] DEBUG net.thucydides.core.steps.StepInterceptor - STEP DONE: inputPassword
19:55:34.342 [Forwarding getPageSource on session b2b6c7065fbccd9faf7c193f4389bec1 to remote] DEBUG org.asynchttpclient.netty.request.NettyRequestSender - Using pooled Channel '[id: 0xd6670070, L:/127.0.0.1:56677 - R:localhost/127.0.0.1:29448]' for 'POST' to 'http://localhost:29448/session/b2b6c7065fbccd9faf7c193f4389bec1/execute/sync'
19:55:34.342 [Forwarding getPageSource on session b2b6c7065fbccd9faf7c193f4389bec1 to remote] DEBUG org.asynchttpclient.netty.request.NettyRequestSender - Using open Channel [id: 0xd6670070, L:/127.0.0.1:56677 - R:localhost/127.0.0.1:29448] for POST '/session/b2b6c7065fbccd9faf7c193f4389bec1/execute/sync'
19:55:34.347 [AsyncHttpClient-1-6] DEBUG org.asynchttpclient.netty.handler.HttpHandler - 

Request DefaultHttpRequest(decodeResult: success, version: HTTP/1.1)
POST /session/b2b6c7065fbccd9faf7c193f4389bec1/execute/sync HTTP/1.1
User-Agent: selenium/4.8.1 (java windows)
Content-Length: 176
Content-Type: application/json; charset=utf-8
host: localhost:29448
accept: */*

Response DefaultHttpResponse(decodeResult: success, version: HTTP/1.1)
HTTP/1.1 200 OK
Content-Length: 4311
Content-Type: application/json; charset=utf-8
cache-control: no-cache

19:55:34.347 [AsyncHttpClient-1-6] DEBUG org.asynchttpclient.netty.channel.ChannelManager - Adding key: http://localhost:29448 for channel [id: 0xd6670070, L:/127.0.0.1:56677 - R:localhost/127.0.0.1:29448]
19:55:34.348 [Forwarding getCurrentUrl on session b2b6c7065fbccd9faf7c193f4389bec1 to remote] DEBUG org.asynchttpclient.netty.request.NettyRequestSender - Using pooled Channel '[id: 0xd6670070, L:/127.0.0.1:56677 - R:localhost/127.0.0.1:29448]' for 'GET' to 'http://localhost:29448/session/b2b6c7065fbccd9faf7c193f4389bec1/url'
19:55:34.348 [Forwarding getCurrentUrl on session b2b6c7065fbccd9faf7c193f4389bec1 to remote] DEBUG org.asynchttpclient.netty.request.NettyRequestSender - Using open Channel [id: 0xd6670070, L:/127.0.0.1:56677 - R:localhost/127.0.0.1:29448] for GET '/session/b2b6c7065fbccd9faf7c193f4389bec1/url'
19:55:34.350 [AsyncHttpClient-1-6] DEBUG org.asynchttpclient.netty.handler.HttpHandler - 

Request DefaultFullHttpRequest(decodeResult: success, version: HTTP/1.1, content: EmptyByteBufBE)
GET /session/b2b6c7065fbccd9faf7c193f4389bec1/url HTTP/1.1
User-Agent: selenium/4.8.1 (java windows)
Cache-Control: no-cache
Content-Type: application/json; charset=utf-8
host: localhost:29448
accept: */*

Response DefaultHttpResponse(decodeResult: success, version: HTTP/1.1)
HTTP/1.1 200 OK
Content-Length: 38
Content-Type: application/json; charset=utf-8
cache-control: no-cache

19:55:34.350 [AsyncHttpClient-1-6] DEBUG org.asynchttpclient.netty.channel.ChannelManager - Adding key: http://localhost:29448 for channel [id: 0xd6670070, L:/127.0.0.1:56677 - R:localhost/127.0.0.1:29448]
19:55:34.352 [main] DEBUG net.thucydides.core.steps.StepInterceptor - STARTING STEP: CartSteps.loginAsAUser - clickButtonLogin
19:55:34.354 [Forwarding findElement on session b2b6c7065fbccd9faf7c193f4389bec1 to remote] DEBUG org.asynchttpclient.netty.request.NettyRequestSender - Using pooled Channel '[id: 0xd6670070, L:/127.0.0.1:56677 - R:localhost/127.0.0.1:29448]' for 'POST' to 'http://localhost:29448/session/b2b6c7065fbccd9faf7c193f4389bec1/element'
19:55:34.354 [Forwarding findElement on session b2b6c7065fbccd9faf7c193f4389bec1 to remote] DEBUG org.asynchttpclient.netty.request.NettyRequestSender - Using open Channel [id: 0xd6670070, L:/127.0.0.1:56677 - R:localhost/127.0.0.1:29448] for POST '/session/b2b6c7065fbccd9faf7c193f4389bec1/element'
19:55:34.363 [AsyncHttpClient-1-6] DEBUG org.asynchttpclient.netty.handler.HttpHandler - 

Request DefaultHttpRequest(decodeResult: success, version: HTTP/1.1)
POST /session/b2b6c7065fbccd9faf7c193f4389bec1/element HTTP/1.1
User-Agent: selenium/4.8.1 (java windows)
Content-Length: 59
Content-Type: application/json; charset=utf-8
host: localhost:29448
accept: */*

Response DefaultHttpResponse(decodeResult: success, version: HTTP/1.1)
HTTP/1.1 200 OK
Content-Length: 88
Content-Type: application/json; charset=utf-8
cache-control: no-cache

19:55:34.363 [AsyncHttpClient-1-6] DEBUG org.asynchttpclient.netty.channel.ChannelManager - Adding key: http://localhost:29448 for channel [id: 0xd6670070, L:/127.0.0.1:56677 - R:localhost/127.0.0.1:29448]
19:55:34.364 [Forwarding getElementTagName on session b2b6c7065fbccd9faf7c193f4389bec1 to remote] DEBUG org.asynchttpclient.netty.request.NettyRequestSender - Using pooled Channel '[id: 0xd6670070, L:/127.0.0.1:56677 - R:localhost/127.0.0.1:29448]' for 'GET' to 'http://localhost:29448/session/b2b6c7065fbccd9faf7c193f4389bec1/element/d8996a6f-e5bd-4791-aed5-f9909488aada/name'
19:55:34.364 [Forwarding getElementTagName on session b2b6c7065fbccd9faf7c193f4389bec1 to remote] DEBUG org.asynchttpclient.netty.request.NettyRequestSender - Using open Channel [id: 0xd6670070, L:/127.0.0.1:56677 - R:localhost/127.0.0.1:29448] for GET '/session/b2b6c7065fbccd9faf7c193f4389bec1/element/d8996a6f-e5bd-4791-aed5-f9909488aada/name'
19:55:34.368 [AsyncHttpClient-1-6] DEBUG org.asynchttpclient.netty.handler.HttpHandler - 

Request DefaultFullHttpRequest(decodeResult: success, version: HTTP/1.1, content: EmptyByteBufBE)
GET /session/b2b6c7065fbccd9faf7c193f4389bec1/element/d8996a6f-e5bd-4791-aed5-f9909488aada/name HTTP/1.1
User-Agent: selenium/4.8.1 (java windows)
Cache-Control: no-cache
Content-Type: application/json; charset=utf-8
host: localhost:29448
accept: */*

Response DefaultHttpResponse(decodeResult: success, version: HTTP/1.1)
HTTP/1.1 200 OK
Content-Length: 17
Content-Type: application/json; charset=utf-8
cache-control: no-cache

19:55:34.368 [AsyncHttpClient-1-6] DEBUG org.asynchttpclient.netty.channel.ChannelManager - Adding key: http://localhost:29448 for channel [id: 0xd6670070, L:/127.0.0.1:56677 - R:localhost/127.0.0.1:29448]
19:55:34.368 [Forwarding getElementTagName on session b2b6c7065fbccd9faf7c193f4389bec1 to remote] DEBUG org.asynchttpclient.netty.request.NettyRequestSender - Using pooled Channel '[id: 0xd6670070, L:/127.0.0.1:56677 - R:localhost/127.0.0.1:29448]' for 'GET' to 'http://localhost:29448/session/b2b6c7065fbccd9faf7c193f4389bec1/element/d8996a6f-e5bd-4791-aed5-f9909488aada/name'
19:55:34.369 [Forwarding getElementTagName on session b2b6c7065fbccd9faf7c193f4389bec1 to remote] DEBUG org.asynchttpclient.netty.request.NettyRequestSender - Using open Channel [id: 0xd6670070, L:/127.0.0.1:56677 - R:localhost/127.0.0.1:29448] for GET '/session/b2b6c7065fbccd9faf7c193f4389bec1/element/d8996a6f-e5bd-4791-aed5-f9909488aada/name'
19:55:34.372 [AsyncHttpClient-1-6] DEBUG org.asynchttpclient.netty.handler.HttpHandler - 

Request DefaultFullHttpRequest(decodeResult: success, version: HTTP/1.1, content: EmptyByteBufBE)
GET /session/b2b6c7065fbccd9faf7c193f4389bec1/element/d8996a6f-e5bd-4791-aed5-f9909488aada/name HTTP/1.1
User-Agent: selenium/4.8.1 (java windows)
Cache-Control: no-cache
Content-Type: application/json; charset=utf-8
host: localhost:29448
accept: */*

Response DefaultHttpResponse(decodeResult: success, version: HTTP/1.1)
HTTP/1.1 200 OK
Content-Length: 17
Content-Type: application/json; charset=utf-8
cache-control: no-cache

19:55:34.372 [AsyncHttpClient-1-6] DEBUG org.asynchttpclient.netty.channel.ChannelManager - Adding key: http://localhost:29448 for channel [id: 0xd6670070, L:/127.0.0.1:56677 - R:localhost/127.0.0.1:29448]
19:55:34.373 [Forwarding isElementEnabled on session b2b6c7065fbccd9faf7c193f4389bec1 to remote] DEBUG org.asynchttpclient.netty.request.NettyRequestSender - Using pooled Channel '[id: 0xd6670070, L:/127.0.0.1:56677 - R:localhost/127.0.0.1:29448]' for 'GET' to 'http://localhost:29448/session/b2b6c7065fbccd9faf7c193f4389bec1/element/d8996a6f-e5bd-4791-aed5-f9909488aada/enabled'
19:55:34.373 [Forwarding isElementEnabled on session b2b6c7065fbccd9faf7c193f4389bec1 to remote] DEBUG org.asynchttpclient.netty.request.NettyRequestSender - Using open Channel [id: 0xd6670070, L:/127.0.0.1:56677 - R:localhost/127.0.0.1:29448] for GET '/session/b2b6c7065fbccd9faf7c193f4389bec1/element/d8996a6f-e5bd-4791-aed5-f9909488aada/enabled'
19:55:34.381 [AsyncHttpClient-1-6] DEBUG org.asynchttpclient.netty.handler.HttpHandler - 

Request DefaultFullHttpRequest(decodeResult: success, version: HTTP/1.1, content: EmptyByteBufBE)
GET /session/b2b6c7065fbccd9faf7c193f4389bec1/element/d8996a6f-e5bd-4791-aed5-f9909488aada/enabled HTTP/1.1
User-Agent: selenium/4.8.1 (java windows)
Cache-Control: no-cache
Content-Type: application/json; charset=utf-8
host: localhost:29448
accept: */*

Response DefaultHttpResponse(decodeResult: success, version: HTTP/1.1)
HTTP/1.1 200 OK
Content-Length: 14
Content-Type: application/json; charset=utf-8
cache-control: no-cache

19:55:34.381 [AsyncHttpClient-1-6] DEBUG org.asynchttpclient.netty.channel.ChannelManager - Adding key: http://localhost:29448 for channel [id: 0xd6670070, L:/127.0.0.1:56677 - R:localhost/127.0.0.1:29448]
19:55:34.382 [Forwarding isElementEnabled on session b2b6c7065fbccd9faf7c193f4389bec1 to remote] DEBUG org.asynchttpclient.netty.request.NettyRequestSender - Using pooled Channel '[id: 0xd6670070, L:/127.0.0.1:56677 - R:localhost/127.0.0.1:29448]' for 'GET' to 'http://localhost:29448/session/b2b6c7065fbccd9faf7c193f4389bec1/element/d8996a6f-e5bd-4791-aed5-f9909488aada/enabled'
19:55:34.382 [Forwarding isElementEnabled on session b2b6c7065fbccd9faf7c193f4389bec1 to remote] DEBUG org.asynchttpclient.netty.request.NettyRequestSender - Using open Channel [id: 0xd6670070, L:/127.0.0.1:56677 - R:localhost/127.0.0.1:29448] for GET '/session/b2b6c7065fbccd9faf7c193f4389bec1/element/d8996a6f-e5bd-4791-aed5-f9909488aada/enabled'
19:55:34.386 [AsyncHttpClient-1-6] DEBUG org.asynchttpclient.netty.handler.HttpHandler - 

Request DefaultFullHttpRequest(decodeResult: success, version: HTTP/1.1, content: EmptyByteBufBE)
GET /session/b2b6c7065fbccd9faf7c193f4389bec1/element/d8996a6f-e5bd-4791-aed5-f9909488aada/enabled HTTP/1.1
User-Agent: selenium/4.8.1 (java windows)
Cache-Control: no-cache
Content-Type: application/json; charset=utf-8
host: localhost:29448
accept: */*

Response DefaultHttpResponse(decodeResult: success, version: HTTP/1.1)
HTTP/1.1 200 OK
Content-Length: 14
Content-Type: application/json; charset=utf-8
cache-control: no-cache

19:55:34.386 [AsyncHttpClient-1-6] DEBUG org.asynchttpclient.netty.channel.ChannelManager - Adding key: http://localhost:29448 for channel [id: 0xd6670070, L:/127.0.0.1:56677 - R:localhost/127.0.0.1:29448]
19:55:34.387 [Forwarding findElement on session b2b6c7065fbccd9faf7c193f4389bec1 to remote] DEBUG org.asynchttpclient.netty.request.NettyRequestSender - Using pooled Channel '[id: 0xd6670070, L:/127.0.0.1:56677 - R:localhost/127.0.0.1:29448]' for 'POST' to 'http://localhost:29448/session/b2b6c7065fbccd9faf7c193f4389bec1/element'
19:55:34.387 [Forwarding findElement on session b2b6c7065fbccd9faf7c193f4389bec1 to remote] DEBUG org.asynchttpclient.netty.request.NettyRequestSender - Using open Channel [id: 0xd6670070, L:/127.0.0.1:56677 - R:localhost/127.0.0.1:29448] for POST '/session/b2b6c7065fbccd9faf7c193f4389bec1/element'
19:55:34.393 [AsyncHttpClient-1-6] DEBUG org.asynchttpclient.netty.handler.HttpHandler - 

Request DefaultHttpRequest(decodeResult: success, version: HTTP/1.1)
POST /session/b2b6c7065fbccd9faf7c193f4389bec1/element HTTP/1.1
User-Agent: selenium/4.8.1 (java windows)
Content-Length: 59
Content-Type: application/json; charset=utf-8
host: localhost:29448
accept: */*

Response DefaultHttpResponse(decodeResult: success, version: HTTP/1.1)
HTTP/1.1 200 OK
Content-Length: 88
Content-Type: application/json; charset=utf-8
cache-control: no-cache

19:55:34.393 [AsyncHttpClient-1-6] DEBUG org.asynchttpclient.netty.channel.ChannelManager - Adding key: http://localhost:29448 for channel [id: 0xd6670070, L:/127.0.0.1:56677 - R:localhost/127.0.0.1:29448]
19:55:34.393 [Forwarding clickElement on session b2b6c7065fbccd9faf7c193f4389bec1 to remote] DEBUG org.asynchttpclient.netty.request.NettyRequestSender - Using pooled Channel '[id: 0xd6670070, L:/127.0.0.1:56677 - R:localhost/127.0.0.1:29448]' for 'POST' to 'http://localhost:29448/session/b2b6c7065fbccd9faf7c193f4389bec1/element/d8996a6f-e5bd-4791-aed5-f9909488aada/click'
19:55:34.393 [Forwarding clickElement on session b2b6c7065fbccd9faf7c193f4389bec1 to remote] DEBUG org.asynchttpclient.netty.request.NettyRequestSender - Using open Channel [id: 0xd6670070, L:/127.0.0.1:56677 - R:localhost/127.0.0.1:29448] for POST '/session/b2b6c7065fbccd9faf7c193f4389bec1/element/d8996a6f-e5bd-4791-aed5-f9909488aada/click'
19:55:34.490 [AsyncHttpClient-1-6] DEBUG org.asynchttpclient.netty.handler.HttpHandler - 

Request DefaultHttpRequest(decodeResult: success, version: HTTP/1.1)
POST /session/b2b6c7065fbccd9faf7c193f4389bec1/element/d8996a6f-e5bd-4791-aed5-f9909488aada/click HTTP/1.1
User-Agent: selenium/4.8.1 (java windows)
Content-Length: 50
Content-Type: application/json; charset=utf-8
host: localhost:29448
accept: */*

Response DefaultHttpResponse(decodeResult: success, version: HTTP/1.1)
HTTP/1.1 200 OK
Content-Length: 14
Content-Type: application/json; charset=utf-8
cache-control: no-cache

19:55:34.490 [AsyncHttpClient-1-6] DEBUG org.asynchttpclient.netty.channel.ChannelManager - Adding key: http://localhost:29448 for channel [id: 0xd6670070, L:/127.0.0.1:56677 - R:localhost/127.0.0.1:29448]
19:55:34.497 [Forwarding getAlertText on session b2b6c7065fbccd9faf7c193f4389bec1 to remote] DEBUG org.asynchttpclient.netty.request.NettyRequestSender - Using pooled Channel '[id: 0xd6670070, L:/127.0.0.1:56677 - R:localhost/127.0.0.1:29448]' for 'GET' to 'http://localhost:29448/session/b2b6c7065fbccd9faf7c193f4389bec1/alert/text'
19:55:34.497 [Forwarding getAlertText on session b2b6c7065fbccd9faf7c193f4389bec1 to remote] DEBUG org.asynchttpclient.netty.request.NettyRequestSender - Using open Channel [id: 0xd6670070, L:/127.0.0.1:56677 - R:localhost/127.0.0.1:29448] for GET '/session/b2b6c7065fbccd9faf7c193f4389bec1/alert/text'
19:55:34.499 [AsyncHttpClient-1-6] DEBUG org.asynchttpclient.netty.handler.HttpHandler - 

Request DefaultFullHttpRequest(decodeResult: success, version: HTTP/1.1, content: EmptyByteBufBE)
GET /session/b2b6c7065fbccd9faf7c193f4389bec1/alert/text HTTP/1.1
User-Agent: selenium/4.8.1 (java windows)
Cache-Control: no-cache
Content-Type: application/json; charset=utf-8
host: localhost:29448
accept: */*

Response DefaultHttpResponse(decodeResult: success, version: HTTP/1.1)
HTTP/1.1 404 Not Found
Content-Length: 816
Content-Type: application/json; charset=utf-8
cache-control: no-cache

19:55:34.499 [AsyncHttpClient-1-6] DEBUG org.asynchttpclient.netty.channel.ChannelManager - Adding key: http://localhost:29448 for channel [id: 0xd6670070, L:/127.0.0.1:56677 - R:localhost/127.0.0.1:29448]
19:55:34.500 [Forwarding getCurrentUrl on session b2b6c7065fbccd9faf7c193f4389bec1 to remote] DEBUG org.asynchttpclient.netty.request.NettyRequestSender - Using pooled Channel '[id: 0xd6670070, L:/127.0.0.1:56677 - R:localhost/127.0.0.1:29448]' for 'GET' to 'http://localhost:29448/session/b2b6c7065fbccd9faf7c193f4389bec1/url'
19:55:34.500 [Forwarding getCurrentUrl on session b2b6c7065fbccd9faf7c193f4389bec1 to remote] DEBUG org.asynchttpclient.netty.request.NettyRequestSender - Using open Channel [id: 0xd6670070, L:/127.0.0.1:56677 - R:localhost/127.0.0.1:29448] for GET '/session/b2b6c7065fbccd9faf7c193f4389bec1/url'
19:55:34.502 [AsyncHttpClient-1-6] DEBUG org.asynchttpclient.netty.handler.HttpHandler - 

Request DefaultFullHttpRequest(decodeResult: success, version: HTTP/1.1, content: EmptyByteBufBE)
GET /session/b2b6c7065fbccd9faf7c193f4389bec1/url HTTP/1.1
User-Agent: selenium/4.8.1 (java windows)
Cache-Control: no-cache
Content-Type: application/json; charset=utf-8
host: localhost:29448
accept: */*

Response DefaultHttpResponse(decodeResult: success, version: HTTP/1.1)
HTTP/1.1 200 OK
Content-Length: 52
Content-Type: application/json; charset=utf-8
cache-control: no-cache

19:55:34.502 [AsyncHttpClient-1-6] DEBUG org.asynchttpclient.netty.channel.ChannelManager - Adding key: http://localhost:29448 for channel [id: 0xd6670070, L:/127.0.0.1:56677 - R:localhost/127.0.0.1:29448]
19:55:34.502 [Forwarding screenshot on session b2b6c7065fbccd9faf7c193f4389bec1 to remote] DEBUG org.asynchttpclient.netty.request.NettyRequestSender - Using pooled Channel '[id: 0xd6670070, L:/127.0.0.1:56677 - R:localhost/127.0.0.1:29448]' for 'GET' to 'http://localhost:29448/session/b2b6c7065fbccd9faf7c193f4389bec1/screenshot'
19:55:34.502 [Forwarding screenshot on session b2b6c7065fbccd9faf7c193f4389bec1 to remote] DEBUG org.asynchttpclient.netty.request.NettyRequestSender - Using open Channel [id: 0xd6670070, L:/127.0.0.1:56677 - R:localhost/127.0.0.1:29448] for GET '/session/b2b6c7065fbccd9faf7c193f4389bec1/screenshot'
19:55:34.645 [AsyncHttpClient-1-6] DEBUG org.asynchttpclient.netty.handler.HttpHandler - 

Request DefaultFullHttpRequest(decodeResult: success, version: HTTP/1.1, content: EmptyByteBufBE)
GET /session/b2b6c7065fbccd9faf7c193f4389bec1/screenshot HTTP/1.1
User-Agent: selenium/4.8.1 (java windows)
Cache-Control: no-cache
Content-Type: application/json; charset=utf-8
host: localhost:29448
accept: */*

Response DefaultHttpResponse(decodeResult: success, version: HTTP/1.1)
HTTP/1.1 200 OK
Content-Length: 221052
Content-Type: application/json; charset=utf-8
cache-control: no-cache

19:55:34.646 [AsyncHttpClient-1-6] DEBUG org.asynchttpclient.netty.channel.ChannelManager - Adding key: http://localhost:29448 for channel [id: 0xd6670070, L:/127.0.0.1:56677 - R:localhost/127.0.0.1:29448]
19:55:34.650 [main] DEBUG net.serenitybdd.core.photography.Darkroom - Send negative for processing for target\site\serenity\784be56a38bc0720476f16cefb51bf5921df787bb8c7cfa7917e327abc0086bd.png
19:55:34.650 [main] DEBUG net.thucydides.core.steps.StepInterceptor - STEP DONE: clickButtonLogin
  &amp#27;[32mGiven &amp#27;[0m&amp#27;[32mI am a logged in user&amp#27;[0m                                            &amp#27;[90m# starter.stepDefinitions.CartSteps.loginAsAUser()&amp#27;[0m
19:55:34.657 [Forwarding getPageSource on session b2b6c7065fbccd9faf7c193f4389bec1 to remote] DEBUG org.asynchttpclient.netty.request.NettyRequestSender - Using pooled Channel '[id: 0xd6670070, L:/127.0.0.1:56677 - R:localhost/127.0.0.1:29448]' for 'POST' to 'http://localhost:29448/session/b2b6c7065fbccd9faf7c193f4389bec1/execute/sync'
19:55:34.657 [Forwarding getPageSource on session b2b6c7065fbccd9faf7c193f4389bec1 to remote] DEBUG org.asynchttpclient.netty.request.NettyRequestSender - Using open Channel [id: 0xd6670070, L:/127.0.0.1:56677 - R:localhost/127.0.0.1:29448] for POST '/session/b2b6c7065fbccd9faf7c193f4389bec1/execute/sync'
19:55:34.661 [AsyncHttpClient-1-6] DEBUG org.asynchttpclient.netty.handler.HttpHandler - 

Request DefaultHttpRequest(decodeResult: success, version: HTTP/1.1)
POST /session/b2b6c7065fbccd9faf7c193f4389bec1/execute/sync HTTP/1.1
User-Agent: selenium/4.8.1 (java windows)
Content-Length: 176
Content-Type: application/json; charset=utf-8
host: localhost:29448
accept: */*

Response DefaultHttpResponse(decodeResult: success, version: HTTP/1.1)
HTTP/1.1 200 OK
Content-Length: 16329
Content-Type: application/json; charset=utf-8
cache-control: no-cache

19:55:34.661 [AsyncHttpClient-1-6] DEBUG org.asynchttpclient.netty.channel.ChannelManager - Adding key: http://localhost:29448 for channel [id: 0xd6670070, L:/127.0.0.1:56677 - R:localhost/127.0.0.1:29448]
19:55:34.664 [Forwarding getCurrentUrl on session b2b6c7065fbccd9faf7c193f4389bec1 to remote] DEBUG org.asynchttpclient.netty.request.NettyRequestSender - Using pooled Channel '[id: 0xd6670070, L:/127.0.0.1:56677 - R:localhost/127.0.0.1:29448]' for 'GET' to 'http://localhost:29448/session/b2b6c7065fbccd9faf7c193f4389bec1/url'
19:55:34.664 [Forwarding getCurrentUrl on session b2b6c7065fbccd9faf7c193f4389bec1 to remote] DEBUG org.asynchttpclient.netty.request.NettyRequestSender - Using open Channel [id: 0xd6670070, L:/127.0.0.1:56677 - R:localhost/127.0.0.1:29448] for GET '/session/b2b6c7065fbccd9faf7c193f4389bec1/url'
19:55:34.666 [AsyncHttpClient-1-6] DEBUG org.asynchttpclient.netty.handler.HttpHandler - 

Request DefaultFullHttpRequest(decodeResult: success, version: HTTP/1.1, content: EmptyByteBufBE)
GET /session/b2b6c7065fbccd9faf7c193f4389bec1/url HTTP/1.1
User-Agent: selenium/4.8.1 (java windows)
Cache-Control: no-cache
Content-Type: application/json; charset=utf-8
host: localhost:29448
accept: */*

Response DefaultHttpResponse(decodeResult: success, version: HTTP/1.1)
HTTP/1.1 200 OK
Content-Length: 52
Content-Type: application/json; charset=utf-8
cache-control: no-cache

19:55:34.667 [AsyncHttpClient-1-6] DEBUG org.asynchttpclient.netty.channel.ChannelManager - Adding key: http://localhost:29448 for channel [id: 0xd6670070, L:/127.0.0.1:56677 - R:localhost/127.0.0.1:29448]
19:55:34.679 [Forwarding getPageSource on session b2b6c7065fbccd9faf7c193f4389bec1 to remote] DEBUG org.asynchttpclient.netty.request.NettyRequestSender - Using pooled Channel '[id: 0xd6670070, L:/127.0.0.1:56677 - R:localhost/127.0.0.1:29448]' for 'POST' to 'http://localhost:29448/session/b2b6c7065fbccd9faf7c193f4389bec1/execute/sync'
19:55:34.679 [Forwarding getPageSource on session b2b6c7065fbccd9faf7c193f4389bec1 to remote] DEBUG org.asynchttpclient.netty.request.NettyRequestSender - Using open Channel [id: 0xd6670070, L:/127.0.0.1:56677 - R:localhost/127.0.0.1:29448] for POST '/session/b2b6c7065fbccd9faf7c193f4389bec1/execute/sync'
19:55:34.683 [AsyncHttpClient-1-6] DEBUG org.asynchttpclient.netty.handler.HttpHandler - 

Request DefaultHttpRequest(decodeResult: success, version: HTTP/1.1)
POST /session/b2b6c7065fbccd9faf7c193f4389bec1/execute/sync HTTP/1.1
User-Agent: selenium/4.8.1 (java windows)
Content-Length: 176
Content-Type: application/json; charset=utf-8
host: localhost:29448
accept: */*

Response DefaultHttpResponse(decodeResult: success, version: HTTP/1.1)
HTTP/1.1 200 OK
Content-Length: 16329
Content-Type: application/json; charset=utf-8
cache-control: no-cache

19:55:34.683 [AsyncHttpClient-1-6] DEBUG org.asynchttpclient.netty.channel.ChannelManager - Adding key: http://localhost:29448 for channel [id: 0xd6670070, L:/127.0.0.1:56677 - R:localhost/127.0.0.1:29448]
19:55:34.684 [Forwarding getCurrentUrl on session b2b6c7065fbccd9faf7c193f4389bec1 to remote] DEBUG org.asynchttpclient.netty.request.NettyRequestSender - Using pooled Channel '[id: 0xd6670070, L:/127.0.0.1:56677 - R:localhost/127.0.0.1:29448]' for 'GET' to 'http://localhost:29448/session/b2b6c7065fbccd9faf7c193f4389bec1/url'
19:55:34.684 [Forwarding getCurrentUrl on session b2b6c7065fbccd9faf7c193f4389bec1 to remote] DEBUG org.asynchttpclient.netty.request.NettyRequestSender - Using open Channel [id: 0xd6670070, L:/127.0.0.1:56677 - R:localhost/127.0.0.1:29448] for GET '/session/b2b6c7065fbccd9faf7c193f4389bec1/url'
19:55:34.688 [AsyncHttpClient-1-6] DEBUG org.asynchttpclient.netty.handler.HttpHandler - 

Request DefaultFullHttpRequest(decodeResult: success, version: HTTP/1.1, content: EmptyByteBufBE)
GET /session/b2b6c7065fbccd9faf7c193f4389bec1/url HTTP/1.1
User-Agent: selenium/4.8.1 (java windows)
Cache-Control: no-cache
Content-Type: application/json; charset=utf-8
host: localhost:29448
accept: */*

Response DefaultHttpResponse(decodeResult: success, version: HTTP/1.1)
HTTP/1.1 200 OK
Content-Length: 52
Content-Type: application/json; charset=utf-8
cache-control: no-cache

19:55:34.688 [AsyncHttpClient-1-6] DEBUG org.asynchttpclient.netty.channel.ChannelManager - Adding key: http://localhost:29448 for channel [id: 0xd6670070, L:/127.0.0.1:56677 - R:localhost/127.0.0.1:29448]
19:55:34.690 [main] DEBUG net.thucydides.core.steps.StepInterceptor - STARTING STEP: ProductSteps.pressProductTitle - clickProductTitle
19:55:34.691 [Forwarding findElement on session b2b6c7065fbccd9faf7c193f4389bec1 to remote] DEBUG org.asynchttpclient.netty.request.NettyRequestSender - Using pooled Channel '[id: 0xd6670070, L:/127.0.0.1:56677 - R:localhost/127.0.0.1:29448]' for 'POST' to 'http://localhost:29448/session/b2b6c7065fbccd9faf7c193f4389bec1/element'
19:55:34.691 [Forwarding findElement on session b2b6c7065fbccd9faf7c193f4389bec1 to remote] DEBUG org.asynchttpclient.netty.request.NettyRequestSender - Using open Channel [id: 0xd6670070, L:/127.0.0.1:56677 - R:localhost/127.0.0.1:29448] for POST '/session/b2b6c7065fbccd9faf7c193f4389bec1/element'
19:55:34.702 [AsyncHttpClient-1-6] DEBUG org.asynchttpclient.netty.handler.HttpHandler - 

Request DefaultHttpRequest(decodeResult: success, version: HTTP/1.1)
POST /session/b2b6c7065fbccd9faf7c193f4389bec1/element HTTP/1.1
User-Agent: selenium/4.8.1 (java windows)
Content-Length: 82
Content-Type: application/json; charset=utf-8
host: localhost:29448
accept: */*

Response DefaultHttpResponse(decodeResult: success, version: HTTP/1.1)
HTTP/1.1 200 OK
Content-Length: 88
Content-Type: application/json; charset=utf-8
cache-control: no-cache

19:55:34.702 [AsyncHttpClient-1-6] DEBUG org.asynchttpclient.netty.channel.ChannelManager - Adding key: http://localhost:29448 for channel [id: 0xd6670070, L:/127.0.0.1:56677 - R:localhost/127.0.0.1:29448]
19:55:34.703 [Forwarding getElementTagName on session b2b6c7065fbccd9faf7c193f4389bec1 to remote] DEBUG org.asynchttpclient.netty.request.NettyRequestSender - Using pooled Channel '[id: 0xd6670070, L:/127.0.0.1:56677 - R:localhost/127.0.0.1:29448]' for 'GET' to 'http://localhost:29448/session/b2b6c7065fbccd9faf7c193f4389bec1/element/a76a7c52-ca5b-4f4a-862d-16ca0f62b1f1/name'
19:55:34.703 [Forwarding getElementTagName on session b2b6c7065fbccd9faf7c193f4389bec1 to remote] DEBUG org.asynchttpclient.netty.request.NettyRequestSender - Using open Channel [id: 0xd6670070, L:/127.0.0.1:56677 - R:localhost/127.0.0.1:29448] for GET '/session/b2b6c7065fbccd9faf7c193f4389bec1/element/a76a7c52-ca5b-4f4a-862d-16ca0f62b1f1/name'
19:55:34.706 [AsyncHttpClient-1-6] DEBUG org.asynchttpclient.netty.handler.HttpHandler - 

Request DefaultFullHttpRequest(decodeResult: success, version: HTTP/1.1, content: EmptyByteBufBE)
GET /session/b2b6c7065fbccd9faf7c193f4389bec1/element/a76a7c52-ca5b-4f4a-862d-16ca0f62b1f1/name HTTP/1.1
User-Agent: selenium/4.8.1 (java windows)
Cache-Control: no-cache
Content-Type: application/json; charset=utf-8
host: localhost:29448
accept: */*

Response DefaultHttpResponse(decodeResult: success, version: HTTP/1.1)
HTTP/1.1 200 OK
Content-Length: 15
Content-Type: application/json; charset=utf-8
cache-control: no-cache

19:55:34.707 [AsyncHttpClient-1-6] DEBUG org.asynchttpclient.netty.channel.ChannelManager - Adding key: http://localhost:29448 for channel [id: 0xd6670070, L:/127.0.0.1:56677 - R:localhost/127.0.0.1:29448]
19:55:34.707 [Forwarding getElementTagName on session b2b6c7065fbccd9faf7c193f4389bec1 to remote] DEBUG org.asynchttpclient.netty.request.NettyRequestSender - Using pooled Channel '[id: 0xd6670070, L:/127.0.0.1:56677 - R:localhost/127.0.0.1:29448]' for 'GET' to 'http://localhost:29448/session/b2b6c7065fbccd9faf7c193f4389bec1/element/a76a7c52-ca5b-4f4a-862d-16ca0f62b1f1/name'
19:55:34.707 [Forwarding getElementTagName on session b2b6c7065fbccd9faf7c193f4389bec1 to remote] DEBUG org.asynchttpclient.netty.request.NettyRequestSender - Using open Channel [id: 0xd6670070, L:/127.0.0.1:56677 - R:localhost/127.0.0.1:29448] for GET '/session/b2b6c7065fbccd9faf7c193f4389bec1/element/a76a7c52-ca5b-4f4a-862d-16ca0f62b1f1/name'
19:55:34.710 [AsyncHttpClient-1-6] DEBUG org.asynchttpclient.netty.handler.HttpHandler - 

Request DefaultFullHttpRequest(decodeResult: success, version: HTTP/1.1, content: EmptyByteBufBE)
GET /session/b2b6c7065fbccd9faf7c193f4389bec1/element/a76a7c52-ca5b-4f4a-862d-16ca0f62b1f1/name HTTP/1.1
User-Agent: selenium/4.8.1 (java windows)
Cache-Control: no-cache
Content-Type: application/json; charset=utf-8
host: localhost:29448
accept: */*

Response DefaultHttpResponse(decodeResult: success, version: HTTP/1.1)
HTTP/1.1 200 OK
Content-Length: 15
Content-Type: application/json; charset=utf-8
cache-control: no-cache

19:55:34.710 [AsyncHttpClient-1-6] DEBUG org.asynchttpclient.netty.channel.ChannelManager - Adding key: http://localhost:29448 for channel [id: 0xd6670070, L:/127.0.0.1:56677 - R:localhost/127.0.0.1:29448]
19:55:34.710 [Forwarding findElement on session b2b6c7065fbccd9faf7c193f4389bec1 to remote] DEBUG org.asynchttpclient.netty.request.NettyRequestSender - Using pooled Channel '[id: 0xd6670070, L:/127.0.0.1:56677 - R:localhost/127.0.0.1:29448]' for 'POST' to 'http://localhost:29448/session/b2b6c7065fbccd9faf7c193f4389bec1/element'
19:55:34.710 [Forwarding findElement on session b2b6c7065fbccd9faf7c193f4389bec1 to remote] DEBUG org.asynchttpclient.netty.request.NettyRequestSender - Using open Channel [id: 0xd6670070, L:/127.0.0.1:56677 - R:localhost/127.0.0.1:29448] for POST '/session/b2b6c7065fbccd9faf7c193f4389bec1/element'
19:55:34.716 [AsyncHttpClient-1-6] DEBUG org.asynchttpclient.netty.handler.HttpHandler - 

Request DefaultHttpRequest(decodeResult: success, version: HTTP/1.1)
POST /session/b2b6c7065fbccd9faf7c193f4389bec1/element HTTP/1.1
User-Agent: selenium/4.8.1 (java windows)
Content-Length: 82
Content-Type: application/json; charset=utf-8
host: localhost:29448
accept: */*

Response DefaultHttpResponse(decodeResult: success, version: HTTP/1.1)
HTTP/1.1 200 OK
Content-Length: 88
Content-Type: application/json; charset=utf-8
cache-control: no-cache

19:55:34.716 [AsyncHttpClient-1-6] DEBUG org.asynchttpclient.netty.channel.ChannelManager - Adding key: http://localhost:29448 for channel [id: 0xd6670070, L:/127.0.0.1:56677 - R:localhost/127.0.0.1:29448]
19:55:34.717 [Forwarding clickElement on session b2b6c7065fbccd9faf7c193f4389bec1 to remote] DEBUG org.asynchttpclient.netty.request.NettyRequestSender - Using pooled Channel '[id: 0xd6670070, L:/127.0.0.1:56677 - R:localhost/127.0.0.1:29448]' for 'POST' to 'http://localhost:29448/session/b2b6c7065fbccd9faf7c193f4389bec1/element/a76a7c52-ca5b-4f4a-862d-16ca0f62b1f1/click'
19:55:34.717 [Forwarding clickElement on session b2b6c7065fbccd9faf7c193f4389bec1 to remote] DEBUG org.asynchttpclient.netty.request.NettyRequestSender - Using open Channel [id: 0xd6670070, L:/127.0.0.1:56677 - R:localhost/127.0.0.1:29448] for POST '/session/b2b6c7065fbccd9faf7c193f4389bec1/element/a76a7c52-ca5b-4f4a-862d-16ca0f62b1f1/click'
19:55:34.776 [AsyncHttpClient-1-6] DEBUG org.asynchttpclient.netty.handler.HttpHandler - 

Request DefaultHttpRequest(decodeResult: success, version: HTTP/1.1)
POST /session/b2b6c7065fbccd9faf7c193f4389bec1/element/a76a7c52-ca5b-4f4a-862d-16ca0f62b1f1/click HTTP/1.1
User-Agent: selenium/4.8.1 (java windows)
Content-Length: 50
Content-Type: application/json; charset=utf-8
host: localhost:29448
accept: */*

Response DefaultHttpResponse(decodeResult: success, version: HTTP/1.1)
HTTP/1.1 200 OK
Content-Length: 14
Content-Type: application/json; charset=utf-8
cache-control: no-cache

19:55:34.777 [AsyncHttpClient-1-6] DEBUG org.asynchttpclient.netty.channel.ChannelManager - Adding key: http://localhost:29448 for channel [id: 0xd6670070, L:/127.0.0.1:56677 - R:localhost/127.0.0.1:29448]
19:55:34.783 [Forwarding getAlertText on session b2b6c7065fbccd9faf7c193f4389bec1 to remote] DEBUG org.asynchttpclient.netty.request.NettyRequestSender - Using pooled Channel '[id: 0xd6670070, L:/127.0.0.1:56677 - R:localhost/127.0.0.1:29448]' for 'GET' to 'http://localhost:29448/session/b2b6c7065fbccd9faf7c193f4389bec1/alert/text'
19:55:34.783 [Forwarding getAlertText on session b2b6c7065fbccd9faf7c193f4389bec1 to remote] DEBUG org.asynchttpclient.netty.request.NettyRequestSender - Using open Channel [id: 0xd6670070, L:/127.0.0.1:56677 - R:localhost/127.0.0.1:29448] for GET '/session/b2b6c7065fbccd9faf7c193f4389bec1/alert/text'
19:55:34.787 [AsyncHttpClient-1-6] DEBUG org.asynchttpclient.netty.handler.HttpHandler - 

Request DefaultFullHttpRequest(decodeResult: success, version: HTTP/1.1, content: EmptyByteBufBE)
GET /session/b2b6c7065fbccd9faf7c193f4389bec1/alert/text HTTP/1.1
User-Agent: selenium/4.8.1 (java windows)
Cache-Control: no-cache
Content-Type: application/json; charset=utf-8
host: localhost:29448
accept: */*

Response DefaultHttpResponse(decodeResult: success, version: HTTP/1.1)
HTTP/1.1 404 Not Found
Content-Length: 816
Content-Type: application/json; charset=utf-8
cache-control: no-cache

19:55:34.787 [AsyncHttpClient-1-6] DEBUG org.asynchttpclient.netty.channel.ChannelManager - Adding key: http://localhost:29448 for channel [id: 0xd6670070, L:/127.0.0.1:56677 - R:localhost/127.0.0.1:29448]
19:55:34.788 [Forwarding getCurrentUrl on session b2b6c7065fbccd9faf7c193f4389bec1 to remote] DEBUG org.asynchttpclient.netty.request.NettyRequestSender - Using pooled Channel '[id: 0xd6670070, L:/127.0.0.1:56677 - R:localhost/127.0.0.1:29448]' for 'GET' to 'http://localhost:29448/session/b2b6c7065fbccd9faf7c193f4389bec1/url'
19:55:34.788 [Forwarding getCurrentUrl on session b2b6c7065fbccd9faf7c193f4389bec1 to remote] DEBUG org.asynchttpclient.netty.request.NettyRequestSender - Using open Channel [id: 0xd6670070, L:/127.0.0.1:56677 - R:localhost/127.0.0.1:29448] for GET '/session/b2b6c7065fbccd9faf7c193f4389bec1/url'
19:55:34.791 [AsyncHttpClient-1-6] DEBUG org.asynchttpclient.netty.handler.HttpHandler - 

Request DefaultFullHttpRequest(decodeResult: success, version: HTTP/1.1, content: EmptyByteBufBE)
GET /session/b2b6c7065fbccd9faf7c193f4389bec1/url HTTP/1.1
User-Agent: selenium/4.8.1 (java windows)
Cache-Control: no-cache
Content-Type: application/json; charset=utf-8
host: localhost:29448
accept: */*

Response DefaultHttpResponse(decodeResult: success, version: HTTP/1.1)
HTTP/1.1 200 OK
Content-Length: 62
Content-Type: application/json; charset=utf-8
cache-control: no-cache

19:55:34.791 [AsyncHttpClient-1-6] DEBUG org.asynchttpclient.netty.channel.ChannelManager - Adding key: http://localhost:29448 for channel [id: 0xd6670070, L:/127.0.0.1:56677 - R:localhost/127.0.0.1:29448]
19:55:34.791 [Forwarding screenshot on session b2b6c7065fbccd9faf7c193f4389bec1 to remote] DEBUG org.asynchttpclient.netty.request.NettyRequestSender - Using pooled Channel '[id: 0xd6670070, L:/127.0.0.1:56677 - R:localhost/127.0.0.1:29448]' for 'GET' to 'http://localhost:29448/session/b2b6c7065fbccd9faf7c193f4389bec1/screenshot'
19:55:34.791 [Forwarding screenshot on session b2b6c7065fbccd9faf7c193f4389bec1 to remote] DEBUG org.asynchttpclient.netty.request.NettyRequestSender - Using open Channel [id: 0xd6670070, L:/127.0.0.1:56677 - R:localhost/127.0.0.1:29448] for GET '/session/b2b6c7065fbccd9faf7c193f4389bec1/screenshot'
19:55:35.008 [AsyncHttpClient-1-1] DEBUG org.asynchttpclient.netty.channel.DefaultChannelPool - Entry count for : http://localhost:56678 : 1
19:55:35.018 [AsyncHttpClient-1-6] DEBUG org.asynchttpclient.netty.handler.HttpHandler - 

Request DefaultFullHttpRequest(decodeResult: success, version: HTTP/1.1, content: EmptyByteBufBE)
GET /session/b2b6c7065fbccd9faf7c193f4389bec1/screenshot HTTP/1.1
User-Agent: selenium/4.8.1 (java windows)
Cache-Control: no-cache
Content-Type: application/json; charset=utf-8
host: localhost:29448
accept: */*

Response DefaultHttpResponse(decodeResult: success, version: HTTP/1.1)
HTTP/1.1 200 OK
Content-Length: 423156
Content-Type: application/json; charset=utf-8
cache-control: no-cache

19:55:35.019 [AsyncHttpClient-1-6] DEBUG org.asynchttpclient.netty.channel.ChannelManager - Adding key: http://localhost:29448 for channel [id: 0xd6670070, L:/127.0.0.1:56677 - R:localhost/127.0.0.1:29448]
19:55:35.025 [main] DEBUG net.serenitybdd.core.photography.Darkroom - Send negative for processing for target\site\serenity\185f0c7b6987352c044cfd9979bf315a50efcf7de2ab171086cfa22fc5582d9e.png
19:55:35.026 [main] DEBUG net.thucydides.core.steps.StepInterceptor - STEP DONE: clickProductTitle
  &amp#27;[32mWhen &amp#27;[0m&amp#27;[32mI press product &amp#27;[0m&amp#27;[32m&amp#27;[1m"Sauce Labs Bike Light"&amp#27;[0m&amp#27;[32m title&amp#27;[0m                     &amp#27;[90m# starter.stepDefinitions.ProductSteps.pressProductTitle(java.lang.String)&amp#27;[0m
19:55:35.032 [Forwarding getPageSource on session b2b6c7065fbccd9faf7c193f4389bec1 to remote] DEBUG org.asynchttpclient.netty.request.NettyRequestSender - Using pooled Channel '[id: 0xd6670070, L:/127.0.0.1:56677 - R:localhost/127.0.0.1:29448]' for 'POST' to 'http://localhost:29448/session/b2b6c7065fbccd9faf7c193f4389bec1/execute/sync'
19:55:35.032 [Forwarding getPageSource on session b2b6c7065fbccd9faf7c193f4389bec1 to remote] DEBUG org.asynchttpclient.netty.request.NettyRequestSender - Using open Channel [id: 0xd6670070, L:/127.0.0.1:56677 - R:localhost/127.0.0.1:29448] for POST '/session/b2b6c7065fbccd9faf7c193f4389bec1/execute/sync'
19:55:35.037 [AsyncHttpClient-1-6] DEBUG org.asynchttpclient.netty.handler.HttpHandler - 

Request DefaultHttpRequest(decodeResult: success, version: HTTP/1.1)
POST /session/b2b6c7065fbccd9faf7c193f4389bec1/execute/sync HTTP/1.1
User-Agent: selenium/4.8.1 (java windows)
Content-Length: 176
Content-Type: application/json; charset=utf-8
host: localhost:29448
accept: */*

Response DefaultHttpResponse(decodeResult: success, version: HTTP/1.1)
HTTP/1.1 200 OK
Content-Length: 12407
Content-Type: application/json; charset=utf-8
cache-control: no-cache

19:55:35.038 [AsyncHttpClient-1-6] DEBUG org.asynchttpclient.netty.channel.ChannelManager - Adding key: http://localhost:29448 for channel [id: 0xd6670070, L:/127.0.0.1:56677 - R:localhost/127.0.0.1:29448]
19:55:35.039 [Forwarding getCurrentUrl on session b2b6c7065fbccd9faf7c193f4389bec1 to remote] DEBUG org.asynchttpclient.netty.request.NettyRequestSender - Using pooled Channel '[id: 0xd6670070, L:/127.0.0.1:56677 - R:localhost/127.0.0.1:29448]' for 'GET' to 'http://localhost:29448/session/b2b6c7065fbccd9faf7c193f4389bec1/url'
19:55:35.039 [Forwarding getCurrentUrl on session b2b6c7065fbccd9faf7c193f4389bec1 to remote] DEBUG org.asynchttpclient.netty.request.NettyRequestSender - Using open Channel [id: 0xd6670070, L:/127.0.0.1:56677 - R:localhost/127.0.0.1:29448] for GET '/session/b2b6c7065fbccd9faf7c193f4389bec1/url'
19:55:35.041 [AsyncHttpClient-1-6] DEBUG org.asynchttpclient.netty.handler.HttpHandler - 

Request DefaultFullHttpRequest(decodeResult: success, version: HTTP/1.1, content: EmptyByteBufBE)
GET /session/b2b6c7065fbccd9faf7c193f4389bec1/url HTTP/1.1
User-Agent: selenium/4.8.1 (java windows)
Cache-Control: no-cache
Content-Type: application/json; charset=utf-8
host: localhost:29448
accept: */*

Response DefaultHttpResponse(decodeResult: success, version: HTTP/1.1)
HTTP/1.1 200 OK
Content-Length: 62
Content-Type: application/json; charset=utf-8
cache-control: no-cache

19:55:35.041 [AsyncHttpClient-1-6] DEBUG org.asynchttpclient.netty.channel.ChannelManager - Adding key: http://localhost:29448 for channel [id: 0xd6670070, L:/127.0.0.1:56677 - R:localhost/127.0.0.1:29448]
19:55:35.049 [Forwarding getPageSource on session b2b6c7065fbccd9faf7c193f4389bec1 to remote] DEBUG org.asynchttpclient.netty.request.NettyRequestSender - Using pooled Channel '[id: 0xd6670070, L:/127.0.0.1:56677 - R:localhost/127.0.0.1:29448]' for 'POST' to 'http://localhost:29448/session/b2b6c7065fbccd9faf7c193f4389bec1/execute/sync'
19:55:35.049 [Forwarding getPageSource on session b2b6c7065fbccd9faf7c193f4389bec1 to remote] DEBUG org.asynchttpclient.netty.request.NettyRequestSender - Using open Channel [id: 0xd6670070, L:/127.0.0.1:56677 - R:localhost/127.0.0.1:29448] for POST '/session/b2b6c7065fbccd9faf7c193f4389bec1/execute/sync'
19:55:35.054 [AsyncHttpClient-1-6] DEBUG org.asynchttpclient.netty.handler.HttpHandler - 

Request DefaultHttpRequest(decodeResult: success, version: HTTP/1.1)
POST /session/b2b6c7065fbccd9faf7c193f4389bec1/execute/sync HTTP/1.1
User-Agent: selenium/4.8.1 (java windows)
Content-Length: 176
Content-Type: application/json; charset=utf-8
host: localhost:29448
accept: */*

Response DefaultHttpResponse(decodeResult: success, version: HTTP/1.1)
HTTP/1.1 200 OK
Content-Length: 12407
Content-Type: application/json; charset=utf-8
cache-control: no-cache

19:55:35.054 [AsyncHttpClient-1-6] DEBUG org.asynchttpclient.netty.channel.ChannelManager - Adding key: http://localhost:29448 for channel [id: 0xd6670070, L:/127.0.0.1:56677 - R:localhost/127.0.0.1:29448]
19:55:35.055 [Forwarding getCurrentUrl on session b2b6c7065fbccd9faf7c193f4389bec1 to remote] DEBUG org.asynchttpclient.netty.request.NettyRequestSender - Using pooled Channel '[id: 0xd6670070, L:/127.0.0.1:56677 - R:localhost/127.0.0.1:29448]' for 'GET' to 'http://localhost:29448/session/b2b6c7065fbccd9faf7c193f4389bec1/url'
19:55:35.055 [Forwarding getCurrentUrl on session b2b6c7065fbccd9faf7c193f4389bec1 to remote] DEBUG org.asynchttpclient.netty.request.NettyRequestSender - Using open Channel [id: 0xd6670070, L:/127.0.0.1:56677 - R:localhost/127.0.0.1:29448] for GET '/session/b2b6c7065fbccd9faf7c193f4389bec1/url'
19:55:35.057 [AsyncHttpClient-1-6] DEBUG org.asynchttpclient.netty.handler.HttpHandler - 

Request DefaultFullHttpRequest(decodeResult: success, version: HTTP/1.1, content: EmptyByteBufBE)
GET /session/b2b6c7065fbccd9faf7c193f4389bec1/url HTTP/1.1
User-Agent: selenium/4.8.1 (java windows)
Cache-Control: no-cache
Content-Type: application/json; charset=utf-8
host: localhost:29448
accept: */*

Response DefaultHttpResponse(decodeResult: success, version: HTTP/1.1)
HTTP/1.1 200 OK
Content-Length: 62
Content-Type: application/json; charset=utf-8
cache-control: no-cache

19:55:35.057 [AsyncHttpClient-1-6] DEBUG org.asynchttpclient.netty.channel.ChannelManager - Adding key: http://localhost:29448 for channel [id: 0xd6670070, L:/127.0.0.1:56677 - R:localhost/127.0.0.1:29448]
19:55:35.059 [main] DEBUG net.thucydides.core.steps.StepInterceptor - STARTING STEP: ProductSteps.pressAddToCartButton - pressAddToCart
19:55:35.061 [Forwarding findElement on session b2b6c7065fbccd9faf7c193f4389bec1 to remote] DEBUG org.asynchttpclient.netty.request.NettyRequestSender - Using pooled Channel '[id: 0xd6670070, L:/127.0.0.1:56677 - R:localhost/127.0.0.1:29448]' for 'POST' to 'http://localhost:29448/session/b2b6c7065fbccd9faf7c193f4389bec1/element'
19:55:35.061 [Forwarding findElement on session b2b6c7065fbccd9faf7c193f4389bec1 to remote] DEBUG org.asynchttpclient.netty.request.NettyRequestSender - Using open Channel [id: 0xd6670070, L:/127.0.0.1:56677 - R:localhost/127.0.0.1:29448] for POST '/session/b2b6c7065fbccd9faf7c193f4389bec1/element'
19:55:35.071 [AsyncHttpClient-1-6] DEBUG org.asynchttpclient.netty.handler.HttpHandler - 

Request DefaultHttpRequest(decodeResult: success, version: HTTP/1.1)
POST /session/b2b6c7065fbccd9faf7c193f4389bec1/element HTTP/1.1
User-Agent: selenium/4.8.1 (java windows)
Content-Length: 72
Content-Type: application/json; charset=utf-8
host: localhost:29448
accept: */*

Response DefaultHttpResponse(decodeResult: success, version: HTTP/1.1)
HTTP/1.1 200 OK
Content-Length: 88
Content-Type: application/json; charset=utf-8
cache-control: no-cache

19:55:35.072 [AsyncHttpClient-1-6] DEBUG org.asynchttpclient.netty.channel.ChannelManager - Adding key: http://localhost:29448 for channel [id: 0xd6670070, L:/127.0.0.1:56677 - R:localhost/127.0.0.1:29448]
19:55:35.072 [Forwarding getElementTagName on session b2b6c7065fbccd9faf7c193f4389bec1 to remote] DEBUG org.asynchttpclient.netty.request.NettyRequestSender - Using pooled Channel '[id: 0xd6670070, L:/127.0.0.1:56677 - R:localhost/127.0.0.1:29448]' for 'GET' to 'http://localhost:29448/session/b2b6c7065fbccd9faf7c193f4389bec1/element/c32f2d7f-f83d-42ad-bee6-7da109c30a2a/name'
19:55:35.073 [Forwarding getElementTagName on session b2b6c7065fbccd9faf7c193f4389bec1 to remote] DEBUG org.asynchttpclient.netty.request.NettyRequestSender - Using open Channel [id: 0xd6670070, L:/127.0.0.1:56677 - R:localhost/127.0.0.1:29448] for GET '/session/b2b6c7065fbccd9faf7c193f4389bec1/element/c32f2d7f-f83d-42ad-bee6-7da109c30a2a/name'
19:55:35.076 [AsyncHttpClient-1-6] DEBUG org.asynchttpclient.netty.handler.HttpHandler - 

Request DefaultFullHttpRequest(decodeResult: success, version: HTTP/1.1, content: EmptyByteBufBE)
GET /session/b2b6c7065fbccd9faf7c193f4389bec1/element/c32f2d7f-f83d-42ad-bee6-7da109c30a2a/name HTTP/1.1
User-Agent: selenium/4.8.1 (java windows)
Cache-Control: no-cache
Content-Type: application/json; charset=utf-8
host: localhost:29448
accept: */*

Response DefaultHttpResponse(decodeResult: success, version: HTTP/1.1)
HTTP/1.1 200 OK
Content-Length: 18
Content-Type: application/json; charset=utf-8
cache-control: no-cache

19:55:35.076 [AsyncHttpClient-1-6] DEBUG org.asynchttpclient.netty.channel.ChannelManager - Adding key: http://localhost:29448 for channel [id: 0xd6670070, L:/127.0.0.1:56677 - R:localhost/127.0.0.1:29448]
19:55:35.076 [Forwarding getElementTagName on session b2b6c7065fbccd9faf7c193f4389bec1 to remote] DEBUG org.asynchttpclient.netty.request.NettyRequestSender - Using pooled Channel '[id: 0xd6670070, L:/127.0.0.1:56677 - R:localhost/127.0.0.1:29448]' for 'GET' to 'http://localhost:29448/session/b2b6c7065fbccd9faf7c193f4389bec1/element/c32f2d7f-f83d-42ad-bee6-7da109c30a2a/name'
19:55:35.076 [Forwarding getElementTagName on session b2b6c7065fbccd9faf7c193f4389bec1 to remote] DEBUG org.asynchttpclient.netty.request.NettyRequestSender - Using open Channel [id: 0xd6670070, L:/127.0.0.1:56677 - R:localhost/127.0.0.1:29448] for GET '/session/b2b6c7065fbccd9faf7c193f4389bec1/element/c32f2d7f-f83d-42ad-bee6-7da109c30a2a/name'
19:55:35.080 [AsyncHttpClient-1-6] DEBUG org.asynchttpclient.netty.handler.HttpHandler - 

Request DefaultFullHttpRequest(decodeResult: success, version: HTTP/1.1, content: EmptyByteBufBE)
GET /session/b2b6c7065fbccd9faf7c193f4389bec1/element/c32f2d7f-f83d-42ad-bee6-7da109c30a2a/name HTTP/1.1
User-Agent: selenium/4.8.1 (java windows)
Cache-Control: no-cache
Content-Type: application/json; charset=utf-8
host: localhost:29448
accept: */*

Response DefaultHttpResponse(decodeResult: success, version: HTTP/1.1)
HTTP/1.1 200 OK
Content-Length: 18
Content-Type: application/json; charset=utf-8
cache-control: no-cache

19:55:35.080 [AsyncHttpClient-1-6] DEBUG org.asynchttpclient.netty.channel.ChannelManager - Adding key: http://localhost:29448 for channel [id: 0xd6670070, L:/127.0.0.1:56677 - R:localhost/127.0.0.1:29448]
19:55:35.081 [Forwarding isElementEnabled on session b2b6c7065fbccd9faf7c193f4389bec1 to remote] DEBUG org.asynchttpclient.netty.request.NettyRequestSender - Using pooled Channel '[id: 0xd6670070, L:/127.0.0.1:56677 - R:localhost/127.0.0.1:29448]' for 'GET' to 'http://localhost:29448/session/b2b6c7065fbccd9faf7c193f4389bec1/element/c32f2d7f-f83d-42ad-bee6-7da109c30a2a/enabled'
19:55:35.081 [Forwarding isElementEnabled on session b2b6c7065fbccd9faf7c193f4389bec1 to remote] DEBUG org.asynchttpclient.netty.request.NettyRequestSender - Using open Channel [id: 0xd6670070, L:/127.0.0.1:56677 - R:localhost/127.0.0.1:29448] for GET '/session/b2b6c7065fbccd9faf7c193f4389bec1/element/c32f2d7f-f83d-42ad-bee6-7da109c30a2a/enabled'
19:55:35.090 [AsyncHttpClient-1-6] DEBUG org.asynchttpclient.netty.handler.HttpHandler - 

Request DefaultFullHttpRequest(decodeResult: success, version: HTTP/1.1, content: EmptyByteBufBE)
GET /session/b2b6c7065fbccd9faf7c193f4389bec1/element/c32f2d7f-f83d-42ad-bee6-7da109c30a2a/enabled HTTP/1.1
User-Agent: selenium/4.8.1 (java windows)
Cache-Control: no-cache
Content-Type: application/json; charset=utf-8
host: localhost:29448
accept: */*

Response DefaultHttpResponse(decodeResult: success, version: HTTP/1.1)
HTTP/1.1 200 OK
Content-Length: 14
Content-Type: application/json; charset=utf-8
cache-control: no-cache

19:55:35.090 [AsyncHttpClient-1-6] DEBUG org.asynchttpclient.netty.channel.ChannelManager - Adding key: http://localhost:29448 for channel [id: 0xd6670070, L:/127.0.0.1:56677 - R:localhost/127.0.0.1:29448]
19:55:35.091 [Forwarding isElementEnabled on session b2b6c7065fbccd9faf7c193f4389bec1 to remote] DEBUG org.asynchttpclient.netty.request.NettyRequestSender - Using pooled Channel '[id: 0xd6670070, L:/127.0.0.1:56677 - R:localhost/127.0.0.1:29448]' for 'GET' to 'http://localhost:29448/session/b2b6c7065fbccd9faf7c193f4389bec1/element/c32f2d7f-f83d-42ad-bee6-7da109c30a2a/enabled'
19:55:35.091 [Forwarding isElementEnabled on session b2b6c7065fbccd9faf7c193f4389bec1 to remote] DEBUG org.asynchttpclient.netty.request.NettyRequestSender - Using open Channel [id: 0xd6670070, L:/127.0.0.1:56677 - R:localhost/127.0.0.1:29448] for GET '/session/b2b6c7065fbccd9faf7c193f4389bec1/element/c32f2d7f-f83d-42ad-bee6-7da109c30a2a/enabled'
19:55:35.096 [AsyncHttpClient-1-6] DEBUG org.asynchttpclient.netty.handler.HttpHandler - 

Request DefaultFullHttpRequest(decodeResult: success, version: HTTP/1.1, content: EmptyByteBufBE)
GET /session/b2b6c7065fbccd9faf7c193f4389bec1/element/c32f2d7f-f83d-42ad-bee6-7da109c30a2a/enabled HTTP/1.1
User-Agent: selenium/4.8.1 (java windows)
Cache-Control: no-cache
Content-Type: application/json; charset=utf-8
host: localhost:29448
accept: */*

Response DefaultHttpResponse(decodeResult: success, version: HTTP/1.1)
HTTP/1.1 200 OK
Content-Length: 14
Content-Type: application/json; charset=utf-8
cache-control: no-cache

19:55:35.096 [AsyncHttpClient-1-6] DEBUG org.asynchttpclient.netty.channel.ChannelManager - Adding key: http://localhost:29448 for channel [id: 0xd6670070, L:/127.0.0.1:56677 - R:localhost/127.0.0.1:29448]
19:55:35.097 [Forwarding findElement on session b2b6c7065fbccd9faf7c193f4389bec1 to remote] DEBUG org.asynchttpclient.netty.request.NettyRequestSender - Using pooled Channel '[id: 0xd6670070, L:/127.0.0.1:56677 - R:localhost/127.0.0.1:29448]' for 'POST' to 'http://localhost:29448/session/b2b6c7065fbccd9faf7c193f4389bec1/element'
19:55:35.097 [Forwarding findElement on session b2b6c7065fbccd9faf7c193f4389bec1 to remote] DEBUG org.asynchttpclient.netty.request.NettyRequestSender - Using open Channel [id: 0xd6670070, L:/127.0.0.1:56677 - R:localhost/127.0.0.1:29448] for POST '/session/b2b6c7065fbccd9faf7c193f4389bec1/element'
19:55:35.103 [AsyncHttpClient-1-6] DEBUG org.asynchttpclient.netty.handler.HttpHandler - 

Request DefaultHttpRequest(decodeResult: success, version: HTTP/1.1)
POST /session/b2b6c7065fbccd9faf7c193f4389bec1/element HTTP/1.1
User-Agent: selenium/4.8.1 (java windows)
Content-Length: 72
Content-Type: application/json; charset=utf-8
host: localhost:29448
accept: */*

Response DefaultHttpResponse(decodeResult: success, version: HTTP/1.1)
HTTP/1.1 200 OK
Content-Length: 88
Content-Type: application/json; charset=utf-8
cache-control: no-cache

19:55:35.103 [AsyncHttpClient-1-6] DEBUG org.asynchttpclient.netty.channel.ChannelManager - Adding key: http://localhost:29448 for channel [id: 0xd6670070, L:/127.0.0.1:56677 - R:localhost/127.0.0.1:29448]
19:55:35.104 [Forwarding clickElement on session b2b6c7065fbccd9faf7c193f4389bec1 to remote] DEBUG org.asynchttpclient.netty.request.NettyRequestSender - Using pooled Channel '[id: 0xd6670070, L:/127.0.0.1:56677 - R:localhost/127.0.0.1:29448]' for 'POST' to 'http://localhost:29448/session/b2b6c7065fbccd9faf7c193f4389bec1/element/c32f2d7f-f83d-42ad-bee6-7da109c30a2a/click'
19:55:35.104 [Forwarding clickElement on session b2b6c7065fbccd9faf7c193f4389bec1 to remote] DEBUG org.asynchttpclient.netty.request.NettyRequestSender - Using open Channel [id: 0xd6670070, L:/127.0.0.1:56677 - R:localhost/127.0.0.1:29448] for POST '/session/b2b6c7065fbccd9faf7c193f4389bec1/element/c32f2d7f-f83d-42ad-bee6-7da109c30a2a/click'
19:55:35.137 [AsyncHttpClient-1-6] DEBUG org.asynchttpclient.netty.handler.HttpHandler - 

Request DefaultHttpRequest(decodeResult: success, version: HTTP/1.1)
POST /session/b2b6c7065fbccd9faf7c193f4389bec1/element/c32f2d7f-f83d-42ad-bee6-7da109c30a2a/click HTTP/1.1
User-Agent: selenium/4.8.1 (java windows)
Content-Length: 50
Content-Type: application/json; charset=utf-8
host: localhost:29448
accept: */*

Response DefaultHttpResponse(decodeResult: success, version: HTTP/1.1)
HTTP/1.1 200 OK
Content-Length: 14
Content-Type: application/json; charset=utf-8
cache-control: no-cache

19:55:35.137 [AsyncHttpClient-1-6] DEBUG org.asynchttpclient.netty.channel.ChannelManager - Adding key: http://localhost:29448 for channel [id: 0xd6670070, L:/127.0.0.1:56677 - R:localhost/127.0.0.1:29448]
19:55:35.141 [Forwarding getAlertText on session b2b6c7065fbccd9faf7c193f4389bec1 to remote] DEBUG org.asynchttpclient.netty.request.NettyRequestSender - Using pooled Channel '[id: 0xd6670070, L:/127.0.0.1:56677 - R:localhost/127.0.0.1:29448]' for 'GET' to 'http://localhost:29448/session/b2b6c7065fbccd9faf7c193f4389bec1/alert/text'
19:55:35.141 [Forwarding getAlertText on session b2b6c7065fbccd9faf7c193f4389bec1 to remote] DEBUG org.asynchttpclient.netty.request.NettyRequestSender - Using open Channel [id: 0xd6670070, L:/127.0.0.1:56677 - R:localhost/127.0.0.1:29448] for GET '/session/b2b6c7065fbccd9faf7c193f4389bec1/alert/text'
19:55:35.143 [AsyncHttpClient-1-6] DEBUG org.asynchttpclient.netty.handler.HttpHandler - 

Request DefaultFullHttpRequest(decodeResult: success, version: HTTP/1.1, content: EmptyByteBufBE)
GET /session/b2b6c7065fbccd9faf7c193f4389bec1/alert/text HTTP/1.1
User-Agent: selenium/4.8.1 (java windows)
Cache-Control: no-cache
Content-Type: application/json; charset=utf-8
host: localhost:29448
accept: */*

Response DefaultHttpResponse(decodeResult: success, version: HTTP/1.1)
HTTP/1.1 404 Not Found
Content-Length: 816
Content-Type: application/json; charset=utf-8
cache-control: no-cache

19:55:35.143 [AsyncHttpClient-1-6] DEBUG org.asynchttpclient.netty.channel.ChannelManager - Adding key: http://localhost:29448 for channel [id: 0xd6670070, L:/127.0.0.1:56677 - R:localhost/127.0.0.1:29448]
19:55:35.144 [Forwarding getCurrentUrl on session b2b6c7065fbccd9faf7c193f4389bec1 to remote] DEBUG org.asynchttpclient.netty.request.NettyRequestSender - Using pooled Channel '[id: 0xd6670070, L:/127.0.0.1:56677 - R:localhost/127.0.0.1:29448]' for 'GET' to 'http://localhost:29448/session/b2b6c7065fbccd9faf7c193f4389bec1/url'
19:55:35.144 [Forwarding getCurrentUrl on session b2b6c7065fbccd9faf7c193f4389bec1 to remote] DEBUG org.asynchttpclient.netty.request.NettyRequestSender - Using open Channel [id: 0xd6670070, L:/127.0.0.1:56677 - R:localhost/127.0.0.1:29448] for GET '/session/b2b6c7065fbccd9faf7c193f4389bec1/url'
19:55:35.149 [AsyncHttpClient-1-6] DEBUG org.asynchttpclient.netty.handler.HttpHandler - 

Request DefaultFullHttpRequest(decodeResult: success, version: HTTP/1.1, content: EmptyByteBufBE)
GET /session/b2b6c7065fbccd9faf7c193f4389bec1/url HTTP/1.1
User-Agent: selenium/4.8.1 (java windows)
Cache-Control: no-cache
Content-Type: application/json; charset=utf-8
host: localhost:29448
accept: */*

Response DefaultHttpResponse(decodeResult: success, version: HTTP/1.1)
HTTP/1.1 200 OK
Content-Length: 62
Content-Type: application/json; charset=utf-8
cache-control: no-cache

19:55:35.149 [AsyncHttpClient-1-6] DEBUG org.asynchttpclient.netty.channel.ChannelManager - Adding key: http://localhost:29448 for channel [id: 0xd6670070, L:/127.0.0.1:56677 - R:localhost/127.0.0.1:29448]
19:55:35.149 [Forwarding screenshot on session b2b6c7065fbccd9faf7c193f4389bec1 to remote] DEBUG org.asynchttpclient.netty.request.NettyRequestSender - Using pooled Channel '[id: 0xd6670070, L:/127.0.0.1:56677 - R:localhost/127.0.0.1:29448]' for 'GET' to 'http://localhost:29448/session/b2b6c7065fbccd9faf7c193f4389bec1/screenshot'
19:55:35.149 [Forwarding screenshot on session b2b6c7065fbccd9faf7c193f4389bec1 to remote] DEBUG org.asynchttpclient.netty.request.NettyRequestSender - Using open Channel [id: 0xd6670070, L:/127.0.0.1:56677 - R:localhost/127.0.0.1:29448] for GET '/session/b2b6c7065fbccd9faf7c193f4389bec1/screenshot'
19:55:35.386 [AsyncHttpClient-1-6] DEBUG org.asynchttpclient.netty.handler.HttpHandler - 

Request DefaultFullHttpRequest(decodeResult: success, version: HTTP/1.1, content: EmptyByteBufBE)
GET /session/b2b6c7065fbccd9faf7c193f4389bec1/screenshot HTTP/1.1
User-Agent: selenium/4.8.1 (java windows)
Cache-Control: no-cache
Content-Type: application/json; charset=utf-8
host: localhost:29448
accept: */*

Response DefaultHttpResponse(decodeResult: success, version: HTTP/1.1)
HTTP/1.1 200 OK
Content-Length: 422184
Content-Type: application/json; charset=utf-8
cache-control: no-cache

19:55:35.386 [AsyncHttpClient-1-6] DEBUG org.asynchttpclient.netty.channel.ChannelManager - Adding key: http://localhost:29448 for channel [id: 0xd6670070, L:/127.0.0.1:56677 - R:localhost/127.0.0.1:29448]
19:55:35.393 [main] DEBUG net.serenitybdd.core.photography.Darkroom - Send negative for processing for target\site\serenity\ca465861973fefdf68f17f5b5184737c3d4053500bc1cfa2456564432790eb85.png
19:55:35.393 [main] DEBUG net.thucydides.core.steps.StepInterceptor - STEP DONE: pressAddToCart
  &amp#27;[32mAnd &amp#27;[0m&amp#27;[32mI press add to cart button&amp#27;[0m                                         &amp#27;[90m# starter.stepDefinitions.ProductSteps.pressAddToCartButton()&amp#27;[0m
19:55:35.400 [Forwarding getPageSource on session b2b6c7065fbccd9faf7c193f4389bec1 to remote] DEBUG org.asynchttpclient.netty.request.NettyRequestSender - Using pooled Channel '[id: 0xd6670070, L:/127.0.0.1:56677 - R:localhost/127.0.0.1:29448]' for 'POST' to 'http://localhost:29448/session/b2b6c7065fbccd9faf7c193f4389bec1/execute/sync'
19:55:35.400 [Forwarding getPageSource on session b2b6c7065fbccd9faf7c193f4389bec1 to remote] DEBUG org.asynchttpclient.netty.request.NettyRequestSender - Using open Channel [id: 0xd6670070, L:/127.0.0.1:56677 - R:localhost/127.0.0.1:29448] for POST '/session/b2b6c7065fbccd9faf7c193f4389bec1/execute/sync'
19:55:35.404 [AsyncHttpClient-1-6] DEBUG org.asynchttpclient.netty.handler.HttpHandler - 

Request DefaultHttpRequest(decodeResult: success, version: HTTP/1.1)
POST /session/b2b6c7065fbccd9faf7c193f4389bec1/execute/sync HTTP/1.1
User-Agent: selenium/4.8.1 (java windows)
Content-Length: 176
Content-Type: application/json; charset=utf-8
host: localhost:29448
accept: */*

Response DefaultHttpResponse(decodeResult: success, version: HTTP/1.1)
HTTP/1.1 200 OK
Content-Length: 12443
Content-Type: application/json; charset=utf-8
cache-control: no-cache

19:55:35.404 [AsyncHttpClient-1-6] DEBUG org.asynchttpclient.netty.channel.ChannelManager - Adding key: http://localhost:29448 for channel [id: 0xd6670070, L:/127.0.0.1:56677 - R:localhost/127.0.0.1:29448]
19:55:35.405 [Forwarding getCurrentUrl on session b2b6c7065fbccd9faf7c193f4389bec1 to remote] DEBUG org.asynchttpclient.netty.request.NettyRequestSender - Using pooled Channel '[id: 0xd6670070, L:/127.0.0.1:56677 - R:localhost/127.0.0.1:29448]' for 'GET' to 'http://localhost:29448/session/b2b6c7065fbccd9faf7c193f4389bec1/url'
19:55:35.405 [Forwarding getCurrentUrl on session b2b6c7065fbccd9faf7c193f4389bec1 to remote] DEBUG org.asynchttpclient.netty.request.NettyRequestSender - Using open Channel [id: 0xd6670070, L:/127.0.0.1:56677 - R:localhost/127.0.0.1:29448] for GET '/session/b2b6c7065fbccd9faf7c193f4389bec1/url'
19:55:35.407 [AsyncHttpClient-1-6] DEBUG org.asynchttpclient.netty.handler.HttpHandler - 

Request DefaultFullHttpRequest(decodeResult: success, version: HTTP/1.1, content: EmptyByteBufBE)
GET /session/b2b6c7065fbccd9faf7c193f4389bec1/url HTTP/1.1
User-Agent: selenium/4.8.1 (java windows)
Cache-Control: no-cache
Content-Type: application/json; charset=utf-8
host: localhost:29448
accept: */*

Response DefaultHttpResponse(decodeResult: success, version: HTTP/1.1)
HTTP/1.1 200 OK
Content-Length: 62
Content-Type: application/json; charset=utf-8
cache-control: no-cache

19:55:35.408 [AsyncHttpClient-1-6] DEBUG org.asynchttpclient.netty.channel.ChannelManager - Adding key: http://localhost:29448 for channel [id: 0xd6670070, L:/127.0.0.1:56677 - R:localhost/127.0.0.1:29448]
19:55:35.415 [Forwarding getPageSource on session b2b6c7065fbccd9faf7c193f4389bec1 to remote] DEBUG org.asynchttpclient.netty.request.NettyRequestSender - Using pooled Channel '[id: 0xd6670070, L:/127.0.0.1:56677 - R:localhost/127.0.0.1:29448]' for 'POST' to 'http://localhost:29448/session/b2b6c7065fbccd9faf7c193f4389bec1/execute/sync'
19:55:35.415 [Forwarding getPageSource on session b2b6c7065fbccd9faf7c193f4389bec1 to remote] DEBUG org.asynchttpclient.netty.request.NettyRequestSender - Using open Channel [id: 0xd6670070, L:/127.0.0.1:56677 - R:localhost/127.0.0.1:29448] for POST '/session/b2b6c7065fbccd9faf7c193f4389bec1/execute/sync'
19:55:35.419 [AsyncHttpClient-1-6] DEBUG org.asynchttpclient.netty.handler.HttpHandler - 

Request DefaultHttpRequest(decodeResult: success, version: HTTP/1.1)
POST /session/b2b6c7065fbccd9faf7c193f4389bec1/execute/sync HTTP/1.1
User-Agent: selenium/4.8.1 (java windows)
Content-Length: 176
Content-Type: application/json; charset=utf-8
host: localhost:29448
accept: */*

Response DefaultHttpResponse(decodeResult: success, version: HTTP/1.1)
HTTP/1.1 200 OK
Content-Length: 12443
Content-Type: application/json; charset=utf-8
cache-control: no-cache

19:55:35.419 [AsyncHttpClient-1-6] DEBUG org.asynchttpclient.netty.channel.ChannelManager - Adding key: http://localhost:29448 for channel [id: 0xd6670070, L:/127.0.0.1:56677 - R:localhost/127.0.0.1:29448]
19:55:35.420 [Forwarding getCurrentUrl on session b2b6c7065fbccd9faf7c193f4389bec1 to remote] DEBUG org.asynchttpclient.netty.request.NettyRequestSender - Using pooled Channel '[id: 0xd6670070, L:/127.0.0.1:56677 - R:localhost/127.0.0.1:29448]' for 'GET' to 'http://localhost:29448/session/b2b6c7065fbccd9faf7c193f4389bec1/url'
19:55:35.420 [Forwarding getCurrentUrl on session b2b6c7065fbccd9faf7c193f4389bec1 to remote] DEBUG org.asynchttpclient.netty.request.NettyRequestSender - Using open Channel [id: 0xd6670070, L:/127.0.0.1:56677 - R:localhost/127.0.0.1:29448] for GET '/session/b2b6c7065fbccd9faf7c193f4389bec1/url'
19:55:35.423 [AsyncHttpClient-1-6] DEBUG org.asynchttpclient.netty.handler.HttpHandler - 

Request DefaultFullHttpRequest(decodeResult: success, version: HTTP/1.1, content: EmptyByteBufBE)
GET /session/b2b6c7065fbccd9faf7c193f4389bec1/url HTTP/1.1
User-Agent: selenium/4.8.1 (java windows)
Cache-Control: no-cache
Content-Type: application/json; charset=utf-8
host: localhost:29448
accept: */*

Response DefaultHttpResponse(decodeResult: success, version: HTTP/1.1)
HTTP/1.1 200 OK
Content-Length: 62
Content-Type: application/json; charset=utf-8
cache-control: no-cache

19:55:35.423 [AsyncHttpClient-1-6] DEBUG org.asynchttpclient.netty.channel.ChannelManager - Adding key: http://localhost:29448 for channel [id: 0xd6670070, L:/127.0.0.1:56677 - R:localhost/127.0.0.1:29448]
19:55:35.425 [main] DEBUG net.thucydides.core.steps.StepInterceptor - STARTING STEP: CartSteps.openCartPage - clickCartButton
19:55:35.427 [Forwarding findElement on session b2b6c7065fbccd9faf7c193f4389bec1 to remote] DEBUG org.asynchttpclient.netty.request.NettyRequestSender - Using pooled Channel '[id: 0xd6670070, L:/127.0.0.1:56677 - R:localhost/127.0.0.1:29448]' for 'POST' to 'http://localhost:29448/session/b2b6c7065fbccd9faf7c193f4389bec1/element'
19:55:35.427 [Forwarding findElement on session b2b6c7065fbccd9faf7c193f4389bec1 to remote] DEBUG org.asynchttpclient.netty.request.NettyRequestSender - Using open Channel [id: 0xd6670070, L:/127.0.0.1:56677 - R:localhost/127.0.0.1:29448] for POST '/session/b2b6c7065fbccd9faf7c193f4389bec1/element'
19:55:35.437 [AsyncHttpClient-1-6] DEBUG org.asynchttpclient.netty.handler.HttpHandler - 

Request DefaultHttpRequest(decodeResult: success, version: HTTP/1.1)
POST /session/b2b6c7065fbccd9faf7c193f4389bec1/element HTTP/1.1
User-Agent: selenium/4.8.1 (java windows)
Content-Length: 63
Content-Type: application/json; charset=utf-8
host: localhost:29448
accept: */*

Response DefaultHttpResponse(decodeResult: success, version: HTTP/1.1)
HTTP/1.1 200 OK
Content-Length: 88
Content-Type: application/json; charset=utf-8
cache-control: no-cache

19:55:35.437 [AsyncHttpClient-1-6] DEBUG org.asynchttpclient.netty.channel.ChannelManager - Adding key: http://localhost:29448 for channel [id: 0xd6670070, L:/127.0.0.1:56677 - R:localhost/127.0.0.1:29448]
19:55:35.438 [Forwarding getElementTagName on session b2b6c7065fbccd9faf7c193f4389bec1 to remote] DEBUG org.asynchttpclient.netty.request.NettyRequestSender - Using pooled Channel '[id: 0xd6670070, L:/127.0.0.1:56677 - R:localhost/127.0.0.1:29448]' for 'GET' to 'http://localhost:29448/session/b2b6c7065fbccd9faf7c193f4389bec1/element/1c1b8a74-90a4-4e8e-a1d3-3c90290768fb/name'
19:55:35.438 [Forwarding getElementTagName on session b2b6c7065fbccd9faf7c193f4389bec1 to remote] DEBUG org.asynchttpclient.netty.request.NettyRequestSender - Using open Channel [id: 0xd6670070, L:/127.0.0.1:56677 - R:localhost/127.0.0.1:29448] for GET '/session/b2b6c7065fbccd9faf7c193f4389bec1/element/1c1b8a74-90a4-4e8e-a1d3-3c90290768fb/name'
19:55:35.441 [AsyncHttpClient-1-6] DEBUG org.asynchttpclient.netty.handler.HttpHandler - 

Request DefaultFullHttpRequest(decodeResult: success, version: HTTP/1.1, content: EmptyByteBufBE)
GET /session/b2b6c7065fbccd9faf7c193f4389bec1/element/1c1b8a74-90a4-4e8e-a1d3-3c90290768fb/name HTTP/1.1
User-Agent: selenium/4.8.1 (java windows)
Cache-Control: no-cache
Content-Type: application/json; charset=utf-8
host: localhost:29448
accept: */*

Response DefaultHttpResponse(decodeResult: success, version: HTTP/1.1)
HTTP/1.1 200 OK
Content-Length: 13
Content-Type: application/json; charset=utf-8
cache-control: no-cache

19:55:35.442 [AsyncHttpClient-1-6] DEBUG org.asynchttpclient.netty.channel.ChannelManager - Adding key: http://localhost:29448 for channel [id: 0xd6670070, L:/127.0.0.1:56677 - R:localhost/127.0.0.1:29448]
19:55:35.442 [Forwarding getElementTagName on session b2b6c7065fbccd9faf7c193f4389bec1 to remote] DEBUG org.asynchttpclient.netty.request.NettyRequestSender - Using pooled Channel '[id: 0xd6670070, L:/127.0.0.1:56677 - R:localhost/127.0.0.1:29448]' for 'GET' to 'http://localhost:29448/session/b2b6c7065fbccd9faf7c193f4389bec1/element/1c1b8a74-90a4-4e8e-a1d3-3c90290768fb/name'
19:55:35.442 [Forwarding getElementTagName on session b2b6c7065fbccd9faf7c193f4389bec1 to remote] DEBUG org.asynchttpclient.netty.request.NettyRequestSender - Using open Channel [id: 0xd6670070, L:/127.0.0.1:56677 - R:localhost/127.0.0.1:29448] for GET '/session/b2b6c7065fbccd9faf7c193f4389bec1/element/1c1b8a74-90a4-4e8e-a1d3-3c90290768fb/name'
19:55:35.445 [AsyncHttpClient-1-6] DEBUG org.asynchttpclient.netty.handler.HttpHandler - 

Request DefaultFullHttpRequest(decodeResult: success, version: HTTP/1.1, content: EmptyByteBufBE)
GET /session/b2b6c7065fbccd9faf7c193f4389bec1/element/1c1b8a74-90a4-4e8e-a1d3-3c90290768fb/name HTTP/1.1
User-Agent: selenium/4.8.1 (java windows)
Cache-Control: no-cache
Content-Type: application/json; charset=utf-8
host: localhost:29448
accept: */*

Response DefaultHttpResponse(decodeResult: success, version: HTTP/1.1)
HTTP/1.1 200 OK
Content-Length: 13
Content-Type: application/json; charset=utf-8
cache-control: no-cache

19:55:35.445 [AsyncHttpClient-1-6] DEBUG org.asynchttpclient.netty.channel.ChannelManager - Adding key: http://localhost:29448 for channel [id: 0xd6670070, L:/127.0.0.1:56677 - R:localhost/127.0.0.1:29448]
19:55:35.447 [Forwarding findElement on session b2b6c7065fbccd9faf7c193f4389bec1 to remote] DEBUG org.asynchttpclient.netty.request.NettyRequestSender - Using pooled Channel '[id: 0xd6670070, L:/127.0.0.1:56677 - R:localhost/127.0.0.1:29448]' for 'POST' to 'http://localhost:29448/session/b2b6c7065fbccd9faf7c193f4389bec1/element'
19:55:35.447 [Forwarding findElement on session b2b6c7065fbccd9faf7c193f4389bec1 to remote] DEBUG org.asynchttpclient.netty.request.NettyRequestSender - Using open Channel [id: 0xd6670070, L:/127.0.0.1:56677 - R:localhost/127.0.0.1:29448] for POST '/session/b2b6c7065fbccd9faf7c193f4389bec1/element'
19:55:35.453 [AsyncHttpClient-1-6] DEBUG org.asynchttpclient.netty.handler.HttpHandler - 

Request DefaultHttpRequest(decodeResult: success, version: HTTP/1.1)
POST /session/b2b6c7065fbccd9faf7c193f4389bec1/element HTTP/1.1
User-Agent: selenium/4.8.1 (java windows)
Content-Length: 63
Content-Type: application/json; charset=utf-8
host: localhost:29448
accept: */*

Response DefaultHttpResponse(decodeResult: success, version: HTTP/1.1)
HTTP/1.1 200 OK
Content-Length: 88
Content-Type: application/json; charset=utf-8
cache-control: no-cache

19:55:35.453 [AsyncHttpClient-1-6] DEBUG org.asynchttpclient.netty.channel.ChannelManager - Adding key: http://localhost:29448 for channel [id: 0xd6670070, L:/127.0.0.1:56677 - R:localhost/127.0.0.1:29448]
19:55:35.454 [Forwarding clickElement on session b2b6c7065fbccd9faf7c193f4389bec1 to remote] DEBUG org.asynchttpclient.netty.request.NettyRequestSender - Using pooled Channel '[id: 0xd6670070, L:/127.0.0.1:56677 - R:localhost/127.0.0.1:29448]' for 'POST' to 'http://localhost:29448/session/b2b6c7065fbccd9faf7c193f4389bec1/element/1c1b8a74-90a4-4e8e-a1d3-3c90290768fb/click'
19:55:35.454 [Forwarding clickElement on session b2b6c7065fbccd9faf7c193f4389bec1 to remote] DEBUG org.asynchttpclient.netty.request.NettyRequestSender - Using open Channel [id: 0xd6670070, L:/127.0.0.1:56677 - R:localhost/127.0.0.1:29448] for POST '/session/b2b6c7065fbccd9faf7c193f4389bec1/element/1c1b8a74-90a4-4e8e-a1d3-3c90290768fb/click'
19:55:35.491 [AsyncHttpClient-1-6] DEBUG org.asynchttpclient.netty.handler.HttpHandler - 

Request DefaultHttpRequest(decodeResult: success, version: HTTP/1.1)
POST /session/b2b6c7065fbccd9faf7c193f4389bec1/element/1c1b8a74-90a4-4e8e-a1d3-3c90290768fb/click HTTP/1.1
User-Agent: selenium/4.8.1 (java windows)
Content-Length: 50
Content-Type: application/json; charset=utf-8
host: localhost:29448
accept: */*

Response DefaultHttpResponse(decodeResult: success, version: HTTP/1.1)
HTTP/1.1 200 OK
Content-Length: 14
Content-Type: application/json; charset=utf-8
cache-control: no-cache

19:55:35.491 [AsyncHttpClient-1-6] DEBUG org.asynchttpclient.netty.channel.ChannelManager - Adding key: http://localhost:29448 for channel [id: 0xd6670070, L:/127.0.0.1:56677 - R:localhost/127.0.0.1:29448]
19:55:35.497 [Forwarding getAlertText on session b2b6c7065fbccd9faf7c193f4389bec1 to remote] DEBUG org.asynchttpclient.netty.request.NettyRequestSender - Using pooled Channel '[id: 0xd6670070, L:/127.0.0.1:56677 - R:localhost/127.0.0.1:29448]' for 'GET' to 'http://localhost:29448/session/b2b6c7065fbccd9faf7c193f4389bec1/alert/text'
19:55:35.497 [Forwarding getAlertText on session b2b6c7065fbccd9faf7c193f4389bec1 to remote] DEBUG org.asynchttpclient.netty.request.NettyRequestSender - Using open Channel [id: 0xd6670070, L:/127.0.0.1:56677 - R:localhost/127.0.0.1:29448] for GET '/session/b2b6c7065fbccd9faf7c193f4389bec1/alert/text'
19:55:35.498 [AsyncHttpClient-1-6] DEBUG org.asynchttpclient.netty.handler.HttpHandler - 

Request DefaultFullHttpRequest(decodeResult: success, version: HTTP/1.1, content: EmptyByteBufBE)
GET /session/b2b6c7065fbccd9faf7c193f4389bec1/alert/text HTTP/1.1
User-Agent: selenium/4.8.1 (java windows)
Cache-Control: no-cache
Content-Type: application/json; charset=utf-8
host: localhost:29448
accept: */*

Response DefaultHttpResponse(decodeResult: success, version: HTTP/1.1)
HTTP/1.1 404 Not Found
Content-Length: 816
Content-Type: application/json; charset=utf-8
cache-control: no-cache

19:55:35.498 [AsyncHttpClient-1-6] DEBUG org.asynchttpclient.netty.channel.ChannelManager - Adding key: http://localhost:29448 for channel [id: 0xd6670070, L:/127.0.0.1:56677 - R:localhost/127.0.0.1:29448]
19:55:35.498 [Forwarding getCurrentUrl on session b2b6c7065fbccd9faf7c193f4389bec1 to remote] DEBUG org.asynchttpclient.netty.request.NettyRequestSender - Using pooled Channel '[id: 0xd6670070, L:/127.0.0.1:56677 - R:localhost/127.0.0.1:29448]' for 'GET' to 'http://localhost:29448/session/b2b6c7065fbccd9faf7c193f4389bec1/url'
19:55:35.498 [Forwarding getCurrentUrl on session b2b6c7065fbccd9faf7c193f4389bec1 to remote] DEBUG org.asynchttpclient.netty.request.NettyRequestSender - Using open Channel [id: 0xd6670070, L:/127.0.0.1:56677 - R:localhost/127.0.0.1:29448] for GET '/session/b2b6c7065fbccd9faf7c193f4389bec1/url'
19:55:35.502 [AsyncHttpClient-1-6] DEBUG org.asynchttpclient.netty.handler.HttpHandler - 

Request DefaultFullHttpRequest(decodeResult: success, version: HTTP/1.1, content: EmptyByteBufBE)
GET /session/b2b6c7065fbccd9faf7c193f4389bec1/url HTTP/1.1
User-Agent: selenium/4.8.1 (java windows)
Cache-Control: no-cache
Content-Type: application/json; charset=utf-8
host: localhost:29448
accept: */*

Response DefaultHttpResponse(decodeResult: success, version: HTTP/1.1)
HTTP/1.1 200 OK
Content-Length: 47
Content-Type: application/json; charset=utf-8
cache-control: no-cache

19:55:35.502 [AsyncHttpClient-1-6] DEBUG org.asynchttpclient.netty.channel.ChannelManager - Adding key: http://localhost:29448 for channel [id: 0xd6670070, L:/127.0.0.1:56677 - R:localhost/127.0.0.1:29448]
19:55:35.502 [Forwarding screenshot on session b2b6c7065fbccd9faf7c193f4389bec1 to remote] DEBUG org.asynchttpclient.netty.request.NettyRequestSender - Using pooled Channel '[id: 0xd6670070, L:/127.0.0.1:56677 - R:localhost/127.0.0.1:29448]' for 'GET' to 'http://localhost:29448/session/b2b6c7065fbccd9faf7c193f4389bec1/screenshot'
19:55:35.502 [Forwarding screenshot on session b2b6c7065fbccd9faf7c193f4389bec1 to remote] DEBUG org.asynchttpclient.netty.request.NettyRequestSender - Using open Channel [id: 0xd6670070, L:/127.0.0.1:56677 - R:localhost/127.0.0.1:29448] for GET '/session/b2b6c7065fbccd9faf7c193f4389bec1/screenshot'
19:55:35.639 [AsyncHttpClient-1-6] DEBUG org.asynchttpclient.netty.handler.HttpHandler - 

Request DefaultFullHttpRequest(decodeResult: success, version: HTTP/1.1, content: EmptyByteBufBE)
GET /session/b2b6c7065fbccd9faf7c193f4389bec1/screenshot HTTP/1.1
User-Agent: selenium/4.8.1 (java windows)
Cache-Control: no-cache
Content-Type: application/json; charset=utf-8
host: localhost:29448
accept: */*

Response DefaultHttpResponse(decodeResult: success, version: HTTP/1.1)
HTTP/1.1 200 OK
Content-Length: 97916
Content-Type: application/json; charset=utf-8
cache-control: no-cache

19:55:35.639 [AsyncHttpClient-1-6] DEBUG org.asynchttpclient.netty.channel.ChannelManager - Adding key: http://localhost:29448 for channel [id: 0xd6670070, L:/127.0.0.1:56677 - R:localhost/127.0.0.1:29448]
19:55:35.641 [main] DEBUG net.serenitybdd.core.photography.Darkroom - Send negative for processing for target\site\serenity\7a69ff2b79358d5999e8d341905a0bb7147d6c122ce91a3d43c799908cc0b82a.png
19:55:35.642 [main] DEBUG net.thucydides.core.steps.StepInterceptor - STEP DONE: clickCartButton
  &amp#27;[32mAnd &amp#27;[0m&amp#27;[32mI open the cart page&amp#27;[0m                                               &amp#27;[90m# starter.stepDefinitions.CartSteps.openCartPage()&amp#27;[0m
19:55:35.649 [Forwarding getPageSource on session b2b6c7065fbccd9faf7c193f4389bec1 to remote] DEBUG org.asynchttpclient.netty.request.NettyRequestSender - Using pooled Channel '[id: 0xd6670070, L:/127.0.0.1:56677 - R:localhost/127.0.0.1:29448]' for 'POST' to 'http://localhost:29448/session/b2b6c7065fbccd9faf7c193f4389bec1/execute/sync'
19:55:35.649 [Forwarding getPageSource on session b2b6c7065fbccd9faf7c193f4389bec1 to remote] DEBUG org.asynchttpclient.netty.request.NettyRequestSender - Using open Channel [id: 0xd6670070, L:/127.0.0.1:56677 - R:localhost/127.0.0.1:29448] for POST '/session/b2b6c7065fbccd9faf7c193f4389bec1/execute/sync'
19:55:35.654 [AsyncHttpClient-1-6] DEBUG org.asynchttpclient.netty.handler.HttpHandler - 

Request DefaultHttpRequest(decodeResult: success, version: HTTP/1.1)
POST /session/b2b6c7065fbccd9faf7c193f4389bec1/execute/sync HTTP/1.1
User-Agent: selenium/4.8.1 (java windows)
Content-Length: 176
Content-Type: application/json; charset=utf-8
host: localhost:29448
accept: */*

Response DefaultHttpResponse(decodeResult: success, version: HTTP/1.1)
HTTP/1.1 200 OK
Content-Length: 12620
Content-Type: application/json; charset=utf-8
cache-control: no-cache

19:55:35.654 [AsyncHttpClient-1-6] DEBUG org.asynchttpclient.netty.channel.ChannelManager - Adding key: http://localhost:29448 for channel [id: 0xd6670070, L:/127.0.0.1:56677 - R:localhost/127.0.0.1:29448]
19:55:35.655 [Forwarding getCurrentUrl on session b2b6c7065fbccd9faf7c193f4389bec1 to remote] DEBUG org.asynchttpclient.netty.request.NettyRequestSender - Using pooled Channel '[id: 0xd6670070, L:/127.0.0.1:56677 - R:localhost/127.0.0.1:29448]' for 'GET' to 'http://localhost:29448/session/b2b6c7065fbccd9faf7c193f4389bec1/url'
19:55:35.655 [Forwarding getCurrentUrl on session b2b6c7065fbccd9faf7c193f4389bec1 to remote] DEBUG org.asynchttpclient.netty.request.NettyRequestSender - Using open Channel [id: 0xd6670070, L:/127.0.0.1:56677 - R:localhost/127.0.0.1:29448] for GET '/session/b2b6c7065fbccd9faf7c193f4389bec1/url'
19:55:35.657 [AsyncHttpClient-1-6] DEBUG org.asynchttpclient.netty.handler.HttpHandler - 

Request DefaultFullHttpRequest(decodeResult: success, version: HTTP/1.1, content: EmptyByteBufBE)
GET /session/b2b6c7065fbccd9faf7c193f4389bec1/url HTTP/1.1
User-Agent: selenium/4.8.1 (java windows)
Cache-Control: no-cache
Content-Type: application/json; charset=utf-8
host: localhost:29448
accept: */*

Response DefaultHttpResponse(decodeResult: success, version: HTTP/1.1)
HTTP/1.1 200 OK
Content-Length: 47
Content-Type: application/json; charset=utf-8
cache-control: no-cache

19:55:35.657 [AsyncHttpClient-1-6] DEBUG org.asynchttpclient.netty.channel.ChannelManager - Adding key: http://localhost:29448 for channel [id: 0xd6670070, L:/127.0.0.1:56677 - R:localhost/127.0.0.1:29448]
19:55:35.665 [Forwarding getPageSource on session b2b6c7065fbccd9faf7c193f4389bec1 to remote] DEBUG org.asynchttpclient.netty.request.NettyRequestSender - Using pooled Channel '[id: 0xd6670070, L:/127.0.0.1:56677 - R:localhost/127.0.0.1:29448]' for 'POST' to 'http://localhost:29448/session/b2b6c7065fbccd9faf7c193f4389bec1/execute/sync'
19:55:35.665 [Forwarding getPageSource on session b2b6c7065fbccd9faf7c193f4389bec1 to remote] DEBUG org.asynchttpclient.netty.request.NettyRequestSender - Using open Channel [id: 0xd6670070, L:/127.0.0.1:56677 - R:localhost/127.0.0.1:29448] for POST '/session/b2b6c7065fbccd9faf7c193f4389bec1/execute/sync'
19:55:35.669 [AsyncHttpClient-1-6] DEBUG org.asynchttpclient.netty.handler.HttpHandler - 

Request DefaultHttpRequest(decodeResult: success, version: HTTP/1.1)
POST /session/b2b6c7065fbccd9faf7c193f4389bec1/execute/sync HTTP/1.1
User-Agent: selenium/4.8.1 (java windows)
Content-Length: 176
Content-Type: application/json; charset=utf-8
host: localhost:29448
accept: */*

Response DefaultHttpResponse(decodeResult: success, version: HTTP/1.1)
HTTP/1.1 200 OK
Content-Length: 12620
Content-Type: application/json; charset=utf-8
cache-control: no-cache

19:55:35.669 [AsyncHttpClient-1-6] DEBUG org.asynchttpclient.netty.channel.ChannelManager - Adding key: http://localhost:29448 for channel [id: 0xd6670070, L:/127.0.0.1:56677 - R:localhost/127.0.0.1:29448]
19:55:35.670 [Forwarding getCurrentUrl on session b2b6c7065fbccd9faf7c193f4389bec1 to remote] DEBUG org.asynchttpclient.netty.request.NettyRequestSender - Using pooled Channel '[id: 0xd6670070, L:/127.0.0.1:56677 - R:localhost/127.0.0.1:29448]' for 'GET' to 'http://localhost:29448/session/b2b6c7065fbccd9faf7c193f4389bec1/url'
19:55:35.670 [Forwarding getCurrentUrl on session b2b6c7065fbccd9faf7c193f4389bec1 to remote] DEBUG org.asynchttpclient.netty.request.NettyRequestSender - Using open Channel [id: 0xd6670070, L:/127.0.0.1:56677 - R:localhost/127.0.0.1:29448] for GET '/session/b2b6c7065fbccd9faf7c193f4389bec1/url'
19:55:35.672 [AsyncHttpClient-1-6] DEBUG org.asynchttpclient.netty.handler.HttpHandler - 

Request DefaultFullHttpRequest(decodeResult: success, version: HTTP/1.1, content: EmptyByteBufBE)
GET /session/b2b6c7065fbccd9faf7c193f4389bec1/url HTTP/1.1
User-Agent: selenium/4.8.1 (java windows)
Cache-Control: no-cache
Content-Type: application/json; charset=utf-8
host: localhost:29448
accept: */*

Response DefaultHttpResponse(decodeResult: success, version: HTTP/1.1)
HTTP/1.1 200 OK
Content-Length: 47
Content-Type: application/json; charset=utf-8
cache-control: no-cache

19:55:35.672 [AsyncHttpClient-1-6] DEBUG org.asynchttpclient.netty.channel.ChannelManager - Adding key: http://localhost:29448 for channel [id: 0xd6670070, L:/127.0.0.1:56677 - R:localhost/127.0.0.1:29448]
19:55:35.674 [main] DEBUG net.thucydides.core.steps.StepInterceptor - STARTING STEP: CartSteps.openCartPage - checkTitle
19:55:35.679 [main] DEBUG net.thucydides.core.steps.StepInterceptor - STEP DONE: checkTitle
  &amp#27;[32mThen &amp#27;[0m&amp#27;[32mI will see the same &amp#27;[0m&amp#27;[32m&amp#27;[1m"Sauce Labs Bike Light"&amp#27;[0m&amp#27;[32m on the cart list&amp#27;[0m      &amp#27;[90m# starter.stepDefinitions.CartSteps.openCartPage(java.lang.String)&amp#27;[0m
19:55:35.688 [Driver Command Executor] DEBUG org.asynchttpclient.netty.request.NettyRequestSender - Using pooled Channel '[id: 0xd6670070, L:/127.0.0.1:56677 - R:localhost/127.0.0.1:29448]' for 'DELETE' to 'http://localhost:29448/session/b2b6c7065fbccd9faf7c193f4389bec1'
19:55:35.688 [Driver Command Executor] DEBUG org.asynchttpclient.netty.request.NettyRequestSender - Using open Channel [id: 0xd6670070, L:/127.0.0.1:56677 - R:localhost/127.0.0.1:29448] for DELETE '/session/b2b6c7065fbccd9faf7c193f4389bec1'
19:55:35.688 [AsyncHttpClient-1-8] DEBUG org.asynchttpclient.netty.handler.WebSocketHandler - Channel Closed: [id: 0xe1b625b8, L:/127.0.0.1:56686 ! R:localhost/127.0.0.1:56678] with attribute NettyResponseFuture{currentRetry=0,
	isDone=1,
	isCancelled=0,
	asyncHandler=org.asynchttpclient.ws.WebSocketUpgradeHandler@851c0b8,
	nettyRequest=org.asynchttpclient.netty.request.NettyRequest@775e6a80,
	future=java.util.concurrent.CompletableFuture@70b7fd40[Completed normally],
	uri=ws://localhost:56678/devtools/browser/fdedb424-76f6-4e5f-b914-34f0d02c5c9d,
	keepAlive=true,
	redirectCount=0,
	timeoutsHolder=null,
	inAuth=0,
	touch=1680612932853}
19:55:35.688 [AsyncHttpClient-1-8] DEBUG org.asynchttpclient.netty.channel.ChannelManager - Closing Channel [id: 0xe1b625b8, L:/127.0.0.1:56686 ! R:localhost/127.0.0.1:56678] 
19:55:35.759 [AsyncHttpClient-1-7] DEBUG org.asynchttpclient.netty.handler.HttpHandler - Unexpected I/O exception on channel [id: 0xe49edcc9, L:/127.0.0.1:56685 - R:localhost/127.0.0.1:56678]
java.net.SocketException: Connection reset
	at java.base/sun.nio.ch.SocketChannelImpl.throwConnectionReset(SocketChannelImpl.java:401)
	at java.base/sun.nio.ch.SocketChannelImpl.read(SocketChannelImpl.java:434)
	at io.netty.buffer.PooledByteBuf.setBytes(PooledByteBuf.java:259)
	at io.netty.buffer.AbstractByteBuf.writeBytes(AbstractByteBuf.java:1132)
	at io.netty.channel.socket.nio.NioSocketChannel.doReadBytes(NioSocketChannel.java:357)
	at io.netty.channel.nio.AbstractNioByteChannel$NioByteUnsafe.read(AbstractNioByteChannel.java:151)
	at io.netty.channel.nio.NioEventLoop.processSelectedKey(NioEventLoop.java:788)
	at io.netty.channel.nio.NioEventLoop.processSelectedKeysOptimized(NioEventLoop.java:724)
	at io.netty.channel.nio.NioEventLoop.processSelectedKeys(NioEventLoop.java:650)
	at io.netty.channel.nio.NioEventLoop.run(NioEventLoop.java:562)
	at io.netty.util.concurrent.SingleThreadEventExecutor$4.run(SingleThreadEventExecutor.java:997)
	at io.netty.util.internal.ThreadExecutorMap$2.run(ThreadExecutorMap.java:74)
	at io.netty.util.concurrent.FastThreadLocalRunnable.run(FastThreadLocalRunnable.java:30)
	at java.base/java.lang.Thread.run(Thread.java:1589)
19:55:35.759 [AsyncHttpClient-1-7] DEBUG org.asynchttpclient.netty.channel.ChannelManager - Closing Channel [id: 0xe49edcc9, L:/127.0.0.1:56685 - R:localhost/127.0.0.1:56678] 
19:55:35.760 [AsyncHttpClient-1-7] DEBUG org.asynchttpclient.netty.handler.HttpHandler - Channel Closed: [id: 0xe49edcc9, L:/127.0.0.1:56685 ! R:localhost/127.0.0.1:56678] with attribute DISCARD
19:55:35.774 [AsyncHttpClient-1-6] DEBUG org.asynchttpclient.netty.handler.HttpHandler - 

Request DefaultFullHttpRequest(decodeResult: success, version: HTTP/1.1, content: EmptyByteBufBE)
DELETE /session/b2b6c7065fbccd9faf7c193f4389bec1 HTTP/1.1
User-Agent: selenium/4.8.1 (java windows)
Content-Type: application/json; charset=utf-8
host: localhost:29448
accept: */*

Response DefaultHttpResponse(decodeResult: success, version: HTTP/1.1)
HTTP/1.1 200 OK
Content-Length: 14
Content-Type: application/json; charset=utf-8
cache-control: no-cache

19:55:35.774 [AsyncHttpClient-1-6] DEBUG org.asynchttpclient.netty.channel.ChannelManager - Adding key: http://localhost:29448 for channel [id: 0xd6670070, L:/127.0.0.1:56677 - R:localhost/127.0.0.1:29448]
19:55:35.823 [AsyncHttpClient-1-6] DEBUG org.asynchttpclient.netty.handler.HttpHandler - Channel Closed: [id: 0xd6670070, L:/127.0.0.1:56677 ! R:localhost/127.0.0.1:29448] with attribute DISCARD
19:55:35.878 [main] INFO  - 
  _____   ___   ___   _____     ___     _     ___   ___   ___   ___  
 |_   _| | __| / __| |_   _|   | _ \   /_\   / __| / __| | __| |   \ 
   | |   | _|  \__ \   | |     |  _/  / _ \  \__ \ \__ \ | _|  | |) |
   |_|   |___| |___/   |_|     |_|   /_/ \_\ |___/ |___/ |___| |___/ 

As user i want to add product to cart from detail page
----------------------------------------------------------------------
]]></system-out>
    <system-err><![CDATA[Starting ChromeDriver 111.0.5563.64 (c710e93d5b63b7095afe8c2c17df34408078439d-refs/branch-heads/5563@{#995}) on port 29448
Only local connections are allowed.
Please see https://chromedriver.chromium.org/security-considerations for suggestions on keeping ChromeDriver safe.
ChromeDriver was started successfully.
Apr 04, 2023 7:55:32 PM org.openqa.selenium.devtools.CdpVersionFinder findNearestMatch
WARNING: Unable to find an exact match for CDP version 111, so returning the closest version found: 110
]]></system-err>
  </testcase>
  <testcase name="As user i want to add product to cart from detail page #2" classname="product detail" time="3.537">
    <system-out><![CDATA[
@ProductDetail
Scenario Outline: As user i want to add product to cart from detail page &amp#27;[90m# src/test/resources/features/ProductDetail.feature:26&amp#27;[0m
19:55:35.883 [main] DEBUG io.cucumber.core.plugin.SerenityReporter - Running feature from file:///C:/Users/TrisetioPutra/Documents/serenity_sauce/serenity-sauce-demo/src/test/resources/features/ProductDetail.feature
19:55:35.948 [main] INFO net.serenitybdd.core.webdriver.driverproviders.ChromeDriverProvider - Starting Chrome driver instance with capabilities:
19:55:35.948 [main] INFO net.serenitybdd.core.webdriver.driverproviders.ChromeDriverProvider - Capabilities {acceptInsecureCerts: true, browserName: chrome, goog:chromeOptions: {args: [remote-allow-origins=*, test-type, no-sandbox, ignore-certificate-errors, --window-size=1000,800, incognito, disable-infobars, disable-gpu, disable-default-apps, disable-popup-blocking, remote-allow-origins=*, test-type, no-sandbox, ignore-certificate-errors, --window-size=1000,800, incognito, disable-infobars, disable-gpu, disable-default-apps, disable-popup-blocking, remote-allow-origins=*], extensions: []}}
19:55:36.026 [AsyncHttpClient-1-9] DEBUG org.asynchttpclient.netty.channel.NettyConnectListener - Using new Channel '[id: 0x5b96f0c0, L:/127.0.0.1:56706 - R:localhost/127.0.0.1:47947]' for 'POST' to '/session'
19:55:36.108 [AsyncHttpClient-1-1] DEBUG org.asynchttpclient.netty.channel.DefaultChannelPool - Entry count for : http://localhost:29448 : 1
19:55:36.108 [AsyncHttpClient-1-1] DEBUG org.asynchttpclient.netty.channel.DefaultChannelPool - Entry count for : http://localhost:56678 : 1
19:55:36.108 [AsyncHttpClient-1-1] DEBUG org.asynchttpclient.netty.channel.DefaultChannelPool - Adding Candidate expired Channel [id: 0xd6670070, L:/127.0.0.1:56677 ! R:localhost/127.0.0.1:29448] isIdleTimeoutExpired=false isRemotelyClosed=true isTtlExpired=false
19:55:36.108 [AsyncHttpClient-1-1] DEBUG org.asynchttpclient.netty.channel.DefaultChannelPool - Closing Idle Channel [id: 0xd6670070, L:/127.0.0.1:56677 ! R:localhost/127.0.0.1:29448]
19:55:36.108 [AsyncHttpClient-1-1] DEBUG org.asynchttpclient.netty.channel.DefaultChannelPool - Adding Candidate expired Channel [id: 0xe49edcc9, L:/127.0.0.1:56685 ! R:localhost/127.0.0.1:56678] isIdleTimeoutExpired=false isRemotelyClosed=true isTtlExpired=false
19:55:36.108 [AsyncHttpClient-1-1] DEBUG org.asynchttpclient.netty.channel.DefaultChannelPool - Closing Idle Channel [id: 0xe49edcc9, L:/127.0.0.1:56685 ! R:localhost/127.0.0.1:56678]
19:55:36.108 [AsyncHttpClient-1-1] DEBUG org.asynchttpclient.netty.channel.DefaultChannelPool - Closed 2 connections out of 2 in 0 ms
19:55:36.648 [AsyncHttpClient-1-9] DEBUG org.asynchttpclient.netty.handler.HttpHandler - 

Request DefaultHttpRequest(decodeResult: success, version: HTTP/1.1)
POST /session HTTP/1.1
User-Agent: selenium/4.8.1 (java windows)
Content-Length: 1729
Content-Type: application/json; charset=utf-8
host: localhost:47947
accept: */*

Response DefaultHttpResponse(decodeResult: success, version: HTTP/1.1)
HTTP/1.1 200 OK
Content-Length: 862
Content-Type: application/json; charset=utf-8
cache-control: no-cache

19:55:36.648 [AsyncHttpClient-1-9] DEBUG org.asynchttpclient.netty.channel.ChannelManager - Adding key: http://localhost:47947 for channel [id: 0x5b96f0c0, L:/127.0.0.1:56706 - R:localhost/127.0.0.1:47947]
19:55:36.653 [AsyncHttpClient-1-10] DEBUG org.asynchttpclient.netty.channel.NettyConnectListener - Using new Channel '[id: 0x6f84e724, L:/127.0.0.1:56713 - R:localhost/127.0.0.1:56707]' for 'GET' to '/json/version'
19:55:36.653 [AsyncHttpClient-1-10] DEBUG org.asynchttpclient.netty.handler.HttpHandler - 

Request DefaultFullHttpRequest(decodeResult: success, version: HTTP/1.1, content: EmptyByteBufBE)
GET /json/version HTTP/1.1
User-Agent: selenium/4.8.1 (java windows)
host: localhost:56707
accept: */*

Response DefaultHttpResponse(decodeResult: success, version: HTTP/1.1)
HTTP/1.1 200 OK
Content-Security-Policy: frame-ancestors 'none'
Content-Length: 424
Content-Type: application/json; charset=UTF-8

19:55:36.653 [AsyncHttpClient-1-10] DEBUG org.asynchttpclient.netty.channel.ChannelManager - Adding key: http://localhost:56707 for channel [id: 0x6f84e724, L:/127.0.0.1:56713 - R:localhost/127.0.0.1:56707]
19:55:36.655 [AsyncHttpClient-1-11] DEBUG org.asynchttpclient.netty.channel.NettyConnectListener - Using new Channel '[id: 0x5e42854c, L:/127.0.0.1:56714 - R:localhost/127.0.0.1:56707]' for 'GET' to '/devtools/browser/efc095ce-ff91-40a9-b9a8-3bf9fe611fe7'
19:55:36.655 [AsyncHttpClient-1-11] DEBUG org.asynchttpclient.netty.handler.WebSocketHandler - 

Request DefaultFullHttpRequest(decodeResult: success, version: HTTP/1.1, content: EmptyByteBufBE)
GET /devtools/browser/efc095ce-ff91-40a9-b9a8-3bf9fe611fe7 HTTP/1.1
upgrade: websocket
connection: upgrade
sec-websocket-key: C4pm8I+TPVCG0nJbZSRiBw==
sec-websocket-version: 13
origin: http://localhost:56707
host: localhost:56707
accept: */*
user-agent: AHC/2.1

Response DefaultHttpResponse(decodeResult: success, version: HTTP/1.1)
HTTP/1.1 101 WebSocket Protocol Handshake
Upgrade: WebSocket
Connection: Upgrade
Sec-WebSocket-Accept: tJAb6ZseeJPhl1lMIBLHgLm1j+s=

19:55:36.659 [Forwarding get on session efd94a6ab1af853c22f1b5d0f3a79a41 to remote] DEBUG org.asynchttpclient.netty.request.NettyRequestSender - Using pooled Channel '[id: 0x5b96f0c0, L:/127.0.0.1:56706 - R:localhost/127.0.0.1:47947]' for 'POST' to 'http://localhost:47947/session/efd94a6ab1af853c22f1b5d0f3a79a41/url'
19:55:36.659 [Forwarding get on session efd94a6ab1af853c22f1b5d0f3a79a41 to remote] DEBUG org.asynchttpclient.netty.request.NettyRequestSender - Using open Channel [id: 0x5b96f0c0, L:/127.0.0.1:56706 - R:localhost/127.0.0.1:47947] for POST '/session/efd94a6ab1af853c22f1b5d0f3a79a41/url'
19:55:37.147 [AsyncHttpClient-1-9] DEBUG org.asynchttpclient.netty.handler.HttpHandler - 

Request DefaultHttpRequest(decodeResult: success, version: HTTP/1.1)
POST /session/efd94a6ab1af853c22f1b5d0f3a79a41/url HTTP/1.1
User-Agent: selenium/4.8.1 (java windows)
Content-Length: 56
Content-Type: application/json; charset=utf-8
host: localhost:47947
accept: */*

Response DefaultHttpResponse(decodeResult: success, version: HTTP/1.1)
HTTP/1.1 200 OK
Content-Length: 14
Content-Type: application/json; charset=utf-8
cache-control: no-cache

19:55:37.147 [AsyncHttpClient-1-9] DEBUG org.asynchttpclient.netty.channel.ChannelManager - Adding key: http://localhost:47947 for channel [id: 0x5b96f0c0, L:/127.0.0.1:56706 - R:localhost/127.0.0.1:47947]
19:55:37.148 [Forwarding setTimeout on session efd94a6ab1af853c22f1b5d0f3a79a41 to remote] DEBUG org.asynchttpclient.netty.request.NettyRequestSender - Using pooled Channel '[id: 0x5b96f0c0, L:/127.0.0.1:56706 - R:localhost/127.0.0.1:47947]' for 'POST' to 'http://localhost:47947/session/efd94a6ab1af853c22f1b5d0f3a79a41/timeouts'
19:55:37.148 [Forwarding setTimeout on session efd94a6ab1af853c22f1b5d0f3a79a41 to remote] DEBUG org.asynchttpclient.netty.request.NettyRequestSender - Using open Channel [id: 0x5b96f0c0, L:/127.0.0.1:56706 - R:localhost/127.0.0.1:47947] for POST '/session/efd94a6ab1af853c22f1b5d0f3a79a41/timeouts'
19:55:37.149 [AsyncHttpClient-1-9] DEBUG org.asynchttpclient.netty.handler.HttpHandler - 

Request DefaultHttpRequest(decodeResult: success, version: HTTP/1.1)
POST /session/efd94a6ab1af853c22f1b5d0f3a79a41/timeouts HTTP/1.1
User-Agent: selenium/4.8.1 (java windows)
Content-Length: 22
Content-Type: application/json; charset=utf-8
host: localhost:47947
accept: */*

Response DefaultHttpResponse(decodeResult: success, version: HTTP/1.1)
HTTP/1.1 200 OK
Content-Length: 14
Content-Type: application/json; charset=utf-8
cache-control: no-cache

19:55:37.149 [AsyncHttpClient-1-9] DEBUG org.asynchttpclient.netty.channel.ChannelManager - Adding key: http://localhost:47947 for channel [id: 0x5b96f0c0, L:/127.0.0.1:56706 - R:localhost/127.0.0.1:47947]
19:55:37.161 [Forwarding getAlertText on session efd94a6ab1af853c22f1b5d0f3a79a41 to remote] DEBUG org.asynchttpclient.netty.request.NettyRequestSender - Using pooled Channel '[id: 0x5b96f0c0, L:/127.0.0.1:56706 - R:localhost/127.0.0.1:47947]' for 'GET' to 'http://localhost:47947/session/efd94a6ab1af853c22f1b5d0f3a79a41/alert/text'
19:55:37.161 [Forwarding getAlertText on session efd94a6ab1af853c22f1b5d0f3a79a41 to remote] DEBUG org.asynchttpclient.netty.request.NettyRequestSender - Using open Channel [id: 0x5b96f0c0, L:/127.0.0.1:56706 - R:localhost/127.0.0.1:47947] for GET '/session/efd94a6ab1af853c22f1b5d0f3a79a41/alert/text'
19:55:37.163 [AsyncHttpClient-1-9] DEBUG org.asynchttpclient.netty.handler.HttpHandler - 

Request DefaultFullHttpRequest(decodeResult: success, version: HTTP/1.1, content: EmptyByteBufBE)
GET /session/efd94a6ab1af853c22f1b5d0f3a79a41/alert/text HTTP/1.1
User-Agent: selenium/4.8.1 (java windows)
Cache-Control: no-cache
Content-Type: application/json; charset=utf-8
host: localhost:47947
accept: */*

Response DefaultHttpResponse(decodeResult: success, version: HTTP/1.1)
HTTP/1.1 404 Not Found
Content-Length: 816
Content-Type: application/json; charset=utf-8
cache-control: no-cache

19:55:37.163 [AsyncHttpClient-1-9] DEBUG org.asynchttpclient.netty.channel.ChannelManager - Adding key: http://localhost:47947 for channel [id: 0x5b96f0c0, L:/127.0.0.1:56706 - R:localhost/127.0.0.1:47947]
19:55:37.164 [Forwarding getCurrentUrl on session efd94a6ab1af853c22f1b5d0f3a79a41 to remote] DEBUG org.asynchttpclient.netty.request.NettyRequestSender - Using pooled Channel '[id: 0x5b96f0c0, L:/127.0.0.1:56706 - R:localhost/127.0.0.1:47947]' for 'GET' to 'http://localhost:47947/session/efd94a6ab1af853c22f1b5d0f3a79a41/url'
19:55:37.164 [Forwarding getCurrentUrl on session efd94a6ab1af853c22f1b5d0f3a79a41 to remote] DEBUG org.asynchttpclient.netty.request.NettyRequestSender - Using open Channel [id: 0x5b96f0c0, L:/127.0.0.1:56706 - R:localhost/127.0.0.1:47947] for GET '/session/efd94a6ab1af853c22f1b5d0f3a79a41/url'
19:55:37.169 [AsyncHttpClient-1-9] DEBUG org.asynchttpclient.netty.handler.HttpHandler - 

Request DefaultFullHttpRequest(decodeResult: success, version: HTTP/1.1, content: EmptyByteBufBE)
GET /session/efd94a6ab1af853c22f1b5d0f3a79a41/url HTTP/1.1
User-Agent: selenium/4.8.1 (java windows)
Cache-Control: no-cache
Content-Type: application/json; charset=utf-8
host: localhost:47947
accept: */*

Response DefaultHttpResponse(decodeResult: success, version: HTTP/1.1)
HTTP/1.1 200 OK
Content-Length: 38
Content-Type: application/json; charset=utf-8
cache-control: no-cache

19:55:37.169 [AsyncHttpClient-1-9] DEBUG org.asynchttpclient.netty.channel.ChannelManager - Adding key: http://localhost:47947 for channel [id: 0x5b96f0c0, L:/127.0.0.1:56706 - R:localhost/127.0.0.1:47947]
19:55:37.170 [Forwarding screenshot on session efd94a6ab1af853c22f1b5d0f3a79a41 to remote] DEBUG org.asynchttpclient.netty.request.NettyRequestSender - Using pooled Channel '[id: 0x5b96f0c0, L:/127.0.0.1:56706 - R:localhost/127.0.0.1:47947]' for 'GET' to 'http://localhost:47947/session/efd94a6ab1af853c22f1b5d0f3a79a41/screenshot'
19:55:37.170 [Forwarding screenshot on session efd94a6ab1af853c22f1b5d0f3a79a41 to remote] DEBUG org.asynchttpclient.netty.request.NettyRequestSender - Using open Channel [id: 0x5b96f0c0, L:/127.0.0.1:56706 - R:localhost/127.0.0.1:47947] for GET '/session/efd94a6ab1af853c22f1b5d0f3a79a41/screenshot'
19:55:37.208 [AsyncHttpClient-1-1] DEBUG org.asynchttpclient.netty.channel.DefaultChannelPool - Entry count for : http://localhost:56707 : 1
19:55:37.326 [AsyncHttpClient-1-9] DEBUG org.asynchttpclient.netty.handler.HttpHandler - 

Request DefaultFullHttpRequest(decodeResult: success, version: HTTP/1.1, content: EmptyByteBufBE)
GET /session/efd94a6ab1af853c22f1b5d0f3a79a41/screenshot HTTP/1.1
User-Agent: selenium/4.8.1 (java windows)
Cache-Control: no-cache
Content-Type: application/json; charset=utf-8
host: localhost:47947
accept: */*

Response DefaultHttpResponse(decodeResult: success, version: HTTP/1.1)
HTTP/1.1 200 OK
Content-Length: 58480
Content-Type: application/json; charset=utf-8
cache-control: no-cache

19:55:37.327 [AsyncHttpClient-1-9] DEBUG org.asynchttpclient.netty.channel.ChannelManager - Adding key: http://localhost:47947 for channel [id: 0x5b96f0c0, L:/127.0.0.1:56706 - R:localhost/127.0.0.1:47947]
19:55:37.329 [main] DEBUG net.serenitybdd.core.photography.Darkroom - Send negative for processing for target\site\serenity\cb92d98072c3b75a83324d609d10345ba9940c54df6d644def90c13c11b006db.png
19:55:37.331 [Forwarding getPageSource on session efd94a6ab1af853c22f1b5d0f3a79a41 to remote] DEBUG org.asynchttpclient.netty.request.NettyRequestSender - Using pooled Channel '[id: 0x5b96f0c0, L:/127.0.0.1:56706 - R:localhost/127.0.0.1:47947]' for 'POST' to 'http://localhost:47947/session/efd94a6ab1af853c22f1b5d0f3a79a41/execute/sync'
19:55:37.331 [Forwarding getPageSource on session efd94a6ab1af853c22f1b5d0f3a79a41 to remote] DEBUG org.asynchttpclient.netty.request.NettyRequestSender - Using open Channel [id: 0x5b96f0c0, L:/127.0.0.1:56706 - R:localhost/127.0.0.1:47947] for POST '/session/efd94a6ab1af853c22f1b5d0f3a79a41/execute/sync'
19:55:37.337 [AsyncHttpClient-1-9] DEBUG org.asynchttpclient.netty.handler.HttpHandler - 

Request DefaultHttpRequest(decodeResult: success, version: HTTP/1.1)
POST /session/efd94a6ab1af853c22f1b5d0f3a79a41/execute/sync HTTP/1.1
User-Agent: selenium/4.8.1 (java windows)
Content-Length: 176
Content-Type: application/json; charset=utf-8
host: localhost:47947
accept: */*

Response DefaultHttpResponse(decodeResult: success, version: HTTP/1.1)
HTTP/1.1 200 OK
Content-Length: 4286
Content-Type: application/json; charset=utf-8
cache-control: no-cache

19:55:37.337 [AsyncHttpClient-1-9] DEBUG org.asynchttpclient.netty.channel.ChannelManager - Adding key: http://localhost:47947 for channel [id: 0x5b96f0c0, L:/127.0.0.1:56706 - R:localhost/127.0.0.1:47947]
19:55:37.338 [Forwarding getCurrentUrl on session efd94a6ab1af853c22f1b5d0f3a79a41 to remote] DEBUG org.asynchttpclient.netty.request.NettyRequestSender - Using pooled Channel '[id: 0x5b96f0c0, L:/127.0.0.1:56706 - R:localhost/127.0.0.1:47947]' for 'GET' to 'http://localhost:47947/session/efd94a6ab1af853c22f1b5d0f3a79a41/url'
19:55:37.338 [Forwarding getCurrentUrl on session efd94a6ab1af853c22f1b5d0f3a79a41 to remote] DEBUG org.asynchttpclient.netty.request.NettyRequestSender - Using open Channel [id: 0x5b96f0c0, L:/127.0.0.1:56706 - R:localhost/127.0.0.1:47947] for GET '/session/efd94a6ab1af853c22f1b5d0f3a79a41/url'
19:55:37.342 [AsyncHttpClient-1-9] DEBUG org.asynchttpclient.netty.handler.HttpHandler - 

Request DefaultFullHttpRequest(decodeResult: success, version: HTTP/1.1, content: EmptyByteBufBE)
GET /session/efd94a6ab1af853c22f1b5d0f3a79a41/url HTTP/1.1
User-Agent: selenium/4.8.1 (java windows)
Cache-Control: no-cache
Content-Type: application/json; charset=utf-8
host: localhost:47947
accept: */*

Response DefaultHttpResponse(decodeResult: success, version: HTTP/1.1)
HTTP/1.1 200 OK
Content-Length: 38
Content-Type: application/json; charset=utf-8
cache-control: no-cache

19:55:37.342 [AsyncHttpClient-1-9] DEBUG org.asynchttpclient.netty.channel.ChannelManager - Adding key: http://localhost:47947 for channel [id: 0x5b96f0c0, L:/127.0.0.1:56706 - R:localhost/127.0.0.1:47947]
19:55:37.345 [main] DEBUG net.thucydides.core.steps.StepInterceptor - STARTING STEP: CartSteps.loginAsAUser - inputUsername
19:55:37.347 [Forwarding findElement on session efd94a6ab1af853c22f1b5d0f3a79a41 to remote] DEBUG org.asynchttpclient.netty.request.NettyRequestSender - Using pooled Channel '[id: 0x5b96f0c0, L:/127.0.0.1:56706 - R:localhost/127.0.0.1:47947]' for 'POST' to 'http://localhost:47947/session/efd94a6ab1af853c22f1b5d0f3a79a41/element'
19:55:37.347 [Forwarding findElement on session efd94a6ab1af853c22f1b5d0f3a79a41 to remote] DEBUG org.asynchttpclient.netty.request.NettyRequestSender - Using open Channel [id: 0x5b96f0c0, L:/127.0.0.1:56706 - R:localhost/127.0.0.1:47947] for POST '/session/efd94a6ab1af853c22f1b5d0f3a79a41/element'
19:55:37.360 [AsyncHttpClient-1-9] DEBUG org.asynchttpclient.netty.handler.HttpHandler - 

Request DefaultHttpRequest(decodeResult: success, version: HTTP/1.1)
POST /session/efd94a6ab1af853c22f1b5d0f3a79a41/element HTTP/1.1
User-Agent: selenium/4.8.1 (java windows)
Content-Length: 56
Content-Type: application/json; charset=utf-8
host: localhost:47947
accept: */*

Response DefaultHttpResponse(decodeResult: success, version: HTTP/1.1)
HTTP/1.1 200 OK
Content-Length: 88
Content-Type: application/json; charset=utf-8
cache-control: no-cache

19:55:37.360 [AsyncHttpClient-1-9] DEBUG org.asynchttpclient.netty.channel.ChannelManager - Adding key: http://localhost:47947 for channel [id: 0x5b96f0c0, L:/127.0.0.1:56706 - R:localhost/127.0.0.1:47947]
19:55:37.361 [Forwarding clearElement on session efd94a6ab1af853c22f1b5d0f3a79a41 to remote] DEBUG org.asynchttpclient.netty.request.NettyRequestSender - Using pooled Channel '[id: 0x5b96f0c0, L:/127.0.0.1:56706 - R:localhost/127.0.0.1:47947]' for 'POST' to 'http://localhost:47947/session/efd94a6ab1af853c22f1b5d0f3a79a41/element/73f564e7-5f8e-46df-8223-f6337143ab1d/clear'
19:55:37.361 [Forwarding clearElement on session efd94a6ab1af853c22f1b5d0f3a79a41 to remote] DEBUG org.asynchttpclient.netty.request.NettyRequestSender - Using open Channel [id: 0x5b96f0c0, L:/127.0.0.1:56706 - R:localhost/127.0.0.1:47947] for POST '/session/efd94a6ab1af853c22f1b5d0f3a79a41/element/73f564e7-5f8e-46df-8223-f6337143ab1d/clear'
19:55:37.393 [AsyncHttpClient-1-9] DEBUG org.asynchttpclient.netty.handler.HttpHandler - 

Request DefaultHttpRequest(decodeResult: success, version: HTTP/1.1)
POST /session/efd94a6ab1af853c22f1b5d0f3a79a41/element/73f564e7-5f8e-46df-8223-f6337143ab1d/clear HTTP/1.1
User-Agent: selenium/4.8.1 (java windows)
Content-Length: 50
Content-Type: application/json; charset=utf-8
host: localhost:47947
accept: */*

Response DefaultHttpResponse(decodeResult: success, version: HTTP/1.1)
HTTP/1.1 200 OK
Content-Length: 14
Content-Type: application/json; charset=utf-8
cache-control: no-cache

19:55:37.393 [AsyncHttpClient-1-9] DEBUG org.asynchttpclient.netty.channel.ChannelManager - Adding key: http://localhost:47947 for channel [id: 0x5b96f0c0, L:/127.0.0.1:56706 - R:localhost/127.0.0.1:47947]
19:55:37.395 [Forwarding sendKeysToElement on session efd94a6ab1af853c22f1b5d0f3a79a41 to remote] DEBUG org.asynchttpclient.netty.request.NettyRequestSender - Using pooled Channel '[id: 0x5b96f0c0, L:/127.0.0.1:56706 - R:localhost/127.0.0.1:47947]' for 'POST' to 'http://localhost:47947/session/efd94a6ab1af853c22f1b5d0f3a79a41/element/73f564e7-5f8e-46df-8223-f6337143ab1d/value'
19:55:37.395 [Forwarding sendKeysToElement on session efd94a6ab1af853c22f1b5d0f3a79a41 to remote] DEBUG org.asynchttpclient.netty.request.NettyRequestSender - Using open Channel [id: 0x5b96f0c0, L:/127.0.0.1:56706 - R:localhost/127.0.0.1:47947] for POST '/session/efd94a6ab1af853c22f1b5d0f3a79a41/element/73f564e7-5f8e-46df-8223-f6337143ab1d/value'
19:55:37.459 [AsyncHttpClient-1-9] DEBUG org.asynchttpclient.netty.handler.HttpHandler - 

Request DefaultHttpRequest(decodeResult: success, version: HTTP/1.1)
POST /session/efd94a6ab1af853c22f1b5d0f3a79a41/element/73f564e7-5f8e-46df-8223-f6337143ab1d/value HTTP/1.1
User-Agent: selenium/4.8.1 (java windows)
Content-Length: 211
Content-Type: application/json; charset=utf-8
host: localhost:47947
accept: */*

Response DefaultHttpResponse(decodeResult: success, version: HTTP/1.1)
HTTP/1.1 200 OK
Content-Length: 14
Content-Type: application/json; charset=utf-8
cache-control: no-cache

19:55:37.459 [AsyncHttpClient-1-9] DEBUG org.asynchttpclient.netty.channel.ChannelManager - Adding key: http://localhost:47947 for channel [id: 0x5b96f0c0, L:/127.0.0.1:56706 - R:localhost/127.0.0.1:47947]
19:55:37.467 [Forwarding getAlertText on session efd94a6ab1af853c22f1b5d0f3a79a41 to remote] DEBUG org.asynchttpclient.netty.request.NettyRequestSender - Using pooled Channel '[id: 0x5b96f0c0, L:/127.0.0.1:56706 - R:localhost/127.0.0.1:47947]' for 'GET' to 'http://localhost:47947/session/efd94a6ab1af853c22f1b5d0f3a79a41/alert/text'
19:55:37.467 [Forwarding getAlertText on session efd94a6ab1af853c22f1b5d0f3a79a41 to remote] DEBUG org.asynchttpclient.netty.request.NettyRequestSender - Using open Channel [id: 0x5b96f0c0, L:/127.0.0.1:56706 - R:localhost/127.0.0.1:47947] for GET '/session/efd94a6ab1af853c22f1b5d0f3a79a41/alert/text'
19:55:37.469 [AsyncHttpClient-1-9] DEBUG org.asynchttpclient.netty.handler.HttpHandler - 

Request DefaultFullHttpRequest(decodeResult: success, version: HTTP/1.1, content: EmptyByteBufBE)
GET /session/efd94a6ab1af853c22f1b5d0f3a79a41/alert/text HTTP/1.1
User-Agent: selenium/4.8.1 (java windows)
Cache-Control: no-cache
Content-Type: application/json; charset=utf-8
host: localhost:47947
accept: */*

Response DefaultHttpResponse(decodeResult: success, version: HTTP/1.1)
HTTP/1.1 404 Not Found
Content-Length: 816
Content-Type: application/json; charset=utf-8
cache-control: no-cache

19:55:37.469 [AsyncHttpClient-1-9] DEBUG org.asynchttpclient.netty.channel.ChannelManager - Adding key: http://localhost:47947 for channel [id: 0x5b96f0c0, L:/127.0.0.1:56706 - R:localhost/127.0.0.1:47947]
19:55:37.470 [Forwarding getCurrentUrl on session efd94a6ab1af853c22f1b5d0f3a79a41 to remote] DEBUG org.asynchttpclient.netty.request.NettyRequestSender - Using pooled Channel '[id: 0x5b96f0c0, L:/127.0.0.1:56706 - R:localhost/127.0.0.1:47947]' for 'GET' to 'http://localhost:47947/session/efd94a6ab1af853c22f1b5d0f3a79a41/url'
19:55:37.470 [Forwarding getCurrentUrl on session efd94a6ab1af853c22f1b5d0f3a79a41 to remote] DEBUG org.asynchttpclient.netty.request.NettyRequestSender - Using open Channel [id: 0x5b96f0c0, L:/127.0.0.1:56706 - R:localhost/127.0.0.1:47947] for GET '/session/efd94a6ab1af853c22f1b5d0f3a79a41/url'
19:55:37.473 [AsyncHttpClient-1-9] DEBUG org.asynchttpclient.netty.handler.HttpHandler - 

Request DefaultFullHttpRequest(decodeResult: success, version: HTTP/1.1, content: EmptyByteBufBE)
GET /session/efd94a6ab1af853c22f1b5d0f3a79a41/url HTTP/1.1
User-Agent: selenium/4.8.1 (java windows)
Cache-Control: no-cache
Content-Type: application/json; charset=utf-8
host: localhost:47947
accept: */*

Response DefaultHttpResponse(decodeResult: success, version: HTTP/1.1)
HTTP/1.1 200 OK
Content-Length: 38
Content-Type: application/json; charset=utf-8
cache-control: no-cache

19:55:37.473 [AsyncHttpClient-1-9] DEBUG org.asynchttpclient.netty.channel.ChannelManager - Adding key: http://localhost:47947 for channel [id: 0x5b96f0c0, L:/127.0.0.1:56706 - R:localhost/127.0.0.1:47947]
19:55:37.474 [Forwarding screenshot on session efd94a6ab1af853c22f1b5d0f3a79a41 to remote] DEBUG org.asynchttpclient.netty.request.NettyRequestSender - Using pooled Channel '[id: 0x5b96f0c0, L:/127.0.0.1:56706 - R:localhost/127.0.0.1:47947]' for 'GET' to 'http://localhost:47947/session/efd94a6ab1af853c22f1b5d0f3a79a41/screenshot'
19:55:37.474 [Forwarding screenshot on session efd94a6ab1af853c22f1b5d0f3a79a41 to remote] DEBUG org.asynchttpclient.netty.request.NettyRequestSender - Using open Channel [id: 0x5b96f0c0, L:/127.0.0.1:56706 - R:localhost/127.0.0.1:47947] for GET '/session/efd94a6ab1af853c22f1b5d0f3a79a41/screenshot'
19:55:37.597 [AsyncHttpClient-1-9] DEBUG org.asynchttpclient.netty.handler.HttpHandler - 

Request DefaultFullHttpRequest(decodeResult: success, version: HTTP/1.1, content: EmptyByteBufBE)
GET /session/efd94a6ab1af853c22f1b5d0f3a79a41/screenshot HTTP/1.1
User-Agent: selenium/4.8.1 (java windows)
Cache-Control: no-cache
Content-Type: application/json; charset=utf-8
host: localhost:47947
accept: */*

Response DefaultHttpResponse(decodeResult: success, version: HTTP/1.1)
HTTP/1.1 200 OK
Content-Length: 59376
Content-Type: application/json; charset=utf-8
cache-control: no-cache

19:55:37.598 [AsyncHttpClient-1-9] DEBUG org.asynchttpclient.netty.channel.ChannelManager - Adding key: http://localhost:47947 for channel [id: 0x5b96f0c0, L:/127.0.0.1:56706 - R:localhost/127.0.0.1:47947]
19:55:37.600 [main] DEBUG net.serenitybdd.core.photography.Darkroom - Send negative for processing for target\site\serenity\34df7c2a49013db09874827a64595e6a5db2797a92a71bf1a6ba69e39d9b6283.png
19:55:37.600 [main] DEBUG net.thucydides.core.steps.StepInterceptor - STEP DONE: inputUsername
19:55:37.606 [Forwarding getPageSource on session efd94a6ab1af853c22f1b5d0f3a79a41 to remote] DEBUG org.asynchttpclient.netty.request.NettyRequestSender - Using pooled Channel '[id: 0x5b96f0c0, L:/127.0.0.1:56706 - R:localhost/127.0.0.1:47947]' for 'POST' to 'http://localhost:47947/session/efd94a6ab1af853c22f1b5d0f3a79a41/execute/sync'
19:55:37.606 [Forwarding getPageSource on session efd94a6ab1af853c22f1b5d0f3a79a41 to remote] DEBUG org.asynchttpclient.netty.request.NettyRequestSender - Using open Channel [id: 0x5b96f0c0, L:/127.0.0.1:56706 - R:localhost/127.0.0.1:47947] for POST '/session/efd94a6ab1af853c22f1b5d0f3a79a41/execute/sync'
19:55:37.612 [AsyncHttpClient-1-9] DEBUG org.asynchttpclient.netty.handler.HttpHandler - 

Request DefaultHttpRequest(decodeResult: success, version: HTTP/1.1)
POST /session/efd94a6ab1af853c22f1b5d0f3a79a41/execute/sync HTTP/1.1
User-Agent: selenium/4.8.1 (java windows)
Content-Length: 176
Content-Type: application/json; charset=utf-8
host: localhost:47947
accept: */*

Response DefaultHttpResponse(decodeResult: success, version: HTTP/1.1)
HTTP/1.1 200 OK
Content-Length: 4299
Content-Type: application/json; charset=utf-8
cache-control: no-cache

19:55:37.612 [AsyncHttpClient-1-9] DEBUG org.asynchttpclient.netty.channel.ChannelManager - Adding key: http://localhost:47947 for channel [id: 0x5b96f0c0, L:/127.0.0.1:56706 - R:localhost/127.0.0.1:47947]
19:55:37.613 [Forwarding getCurrentUrl on session efd94a6ab1af853c22f1b5d0f3a79a41 to remote] DEBUG org.asynchttpclient.netty.request.NettyRequestSender - Using pooled Channel '[id: 0x5b96f0c0, L:/127.0.0.1:56706 - R:localhost/127.0.0.1:47947]' for 'GET' to 'http://localhost:47947/session/efd94a6ab1af853c22f1b5d0f3a79a41/url'
19:55:37.613 [Forwarding getCurrentUrl on session efd94a6ab1af853c22f1b5d0f3a79a41 to remote] DEBUG org.asynchttpclient.netty.request.NettyRequestSender - Using open Channel [id: 0x5b96f0c0, L:/127.0.0.1:56706 - R:localhost/127.0.0.1:47947] for GET '/session/efd94a6ab1af853c22f1b5d0f3a79a41/url'
19:55:37.617 [AsyncHttpClient-1-9] DEBUG org.asynchttpclient.netty.handler.HttpHandler - 

Request DefaultFullHttpRequest(decodeResult: success, version: HTTP/1.1, content: EmptyByteBufBE)
GET /session/efd94a6ab1af853c22f1b5d0f3a79a41/url HTTP/1.1
User-Agent: selenium/4.8.1 (java windows)
Cache-Control: no-cache
Content-Type: application/json; charset=utf-8
host: localhost:47947
accept: */*

Response DefaultHttpResponse(decodeResult: success, version: HTTP/1.1)
HTTP/1.1 200 OK
Content-Length: 38
Content-Type: application/json; charset=utf-8
cache-control: no-cache

19:55:37.617 [AsyncHttpClient-1-9] DEBUG org.asynchttpclient.netty.channel.ChannelManager - Adding key: http://localhost:47947 for channel [id: 0x5b96f0c0, L:/127.0.0.1:56706 - R:localhost/127.0.0.1:47947]
19:55:37.620 [main] DEBUG net.thucydides.core.steps.StepInterceptor - STARTING STEP: CartSteps.loginAsAUser - inputPassword
19:55:37.621 [Forwarding findElement on session efd94a6ab1af853c22f1b5d0f3a79a41 to remote] DEBUG org.asynchttpclient.netty.request.NettyRequestSender - Using pooled Channel '[id: 0x5b96f0c0, L:/127.0.0.1:56706 - R:localhost/127.0.0.1:47947]' for 'POST' to 'http://localhost:47947/session/efd94a6ab1af853c22f1b5d0f3a79a41/element'
19:55:37.621 [Forwarding findElement on session efd94a6ab1af853c22f1b5d0f3a79a41 to remote] DEBUG org.asynchttpclient.netty.request.NettyRequestSender - Using open Channel [id: 0x5b96f0c0, L:/127.0.0.1:56706 - R:localhost/127.0.0.1:47947] for POST '/session/efd94a6ab1af853c22f1b5d0f3a79a41/element'
19:55:37.634 [AsyncHttpClient-1-9] DEBUG org.asynchttpclient.netty.handler.HttpHandler - 

Request DefaultHttpRequest(decodeResult: success, version: HTTP/1.1)
POST /session/efd94a6ab1af853c22f1b5d0f3a79a41/element HTTP/1.1
User-Agent: selenium/4.8.1 (java windows)
Content-Length: 53
Content-Type: application/json; charset=utf-8
host: localhost:47947
accept: */*

Response DefaultHttpResponse(decodeResult: success, version: HTTP/1.1)
HTTP/1.1 200 OK
Content-Length: 88
Content-Type: application/json; charset=utf-8
cache-control: no-cache

19:55:37.634 [AsyncHttpClient-1-9] DEBUG org.asynchttpclient.netty.channel.ChannelManager - Adding key: http://localhost:47947 for channel [id: 0x5b96f0c0, L:/127.0.0.1:56706 - R:localhost/127.0.0.1:47947]
19:55:37.635 [Forwarding clearElement on session efd94a6ab1af853c22f1b5d0f3a79a41 to remote] DEBUG org.asynchttpclient.netty.request.NettyRequestSender - Using pooled Channel '[id: 0x5b96f0c0, L:/127.0.0.1:56706 - R:localhost/127.0.0.1:47947]' for 'POST' to 'http://localhost:47947/session/efd94a6ab1af853c22f1b5d0f3a79a41/element/0a10611c-c0f0-46bc-aca4-9b42cb173133/clear'
19:55:37.635 [Forwarding clearElement on session efd94a6ab1af853c22f1b5d0f3a79a41 to remote] DEBUG org.asynchttpclient.netty.request.NettyRequestSender - Using open Channel [id: 0x5b96f0c0, L:/127.0.0.1:56706 - R:localhost/127.0.0.1:47947] for POST '/session/efd94a6ab1af853c22f1b5d0f3a79a41/element/0a10611c-c0f0-46bc-aca4-9b42cb173133/clear'
19:55:37.665 [AsyncHttpClient-1-9] DEBUG org.asynchttpclient.netty.handler.HttpHandler - 

Request DefaultHttpRequest(decodeResult: success, version: HTTP/1.1)
POST /session/efd94a6ab1af853c22f1b5d0f3a79a41/element/0a10611c-c0f0-46bc-aca4-9b42cb173133/clear HTTP/1.1
User-Agent: selenium/4.8.1 (java windows)
Content-Length: 50
Content-Type: application/json; charset=utf-8
host: localhost:47947
accept: */*

Response DefaultHttpResponse(decodeResult: success, version: HTTP/1.1)
HTTP/1.1 200 OK
Content-Length: 14
Content-Type: application/json; charset=utf-8
cache-control: no-cache

19:55:37.665 [AsyncHttpClient-1-9] DEBUG org.asynchttpclient.netty.channel.ChannelManager - Adding key: http://localhost:47947 for channel [id: 0x5b96f0c0, L:/127.0.0.1:56706 - R:localhost/127.0.0.1:47947]
19:55:37.667 [Forwarding sendKeysToElement on session efd94a6ab1af853c22f1b5d0f3a79a41 to remote] DEBUG org.asynchttpclient.netty.request.NettyRequestSender - Using pooled Channel '[id: 0x5b96f0c0, L:/127.0.0.1:56706 - R:localhost/127.0.0.1:47947]' for 'POST' to 'http://localhost:47947/session/efd94a6ab1af853c22f1b5d0f3a79a41/element/0a10611c-c0f0-46bc-aca4-9b42cb173133/value'
19:55:37.667 [Forwarding sendKeysToElement on session efd94a6ab1af853c22f1b5d0f3a79a41 to remote] DEBUG org.asynchttpclient.netty.request.NettyRequestSender - Using open Channel [id: 0x5b96f0c0, L:/127.0.0.1:56706 - R:localhost/127.0.0.1:47947] for POST '/session/efd94a6ab1af853c22f1b5d0f3a79a41/element/0a10611c-c0f0-46bc-aca4-9b42cb173133/value'
19:55:37.720 [AsyncHttpClient-1-9] DEBUG org.asynchttpclient.netty.handler.HttpHandler - 

Request DefaultHttpRequest(decodeResult: success, version: HTTP/1.1)
POST /session/efd94a6ab1af853c22f1b5d0f3a79a41/element/0a10611c-c0f0-46bc-aca4-9b42cb173133/value HTTP/1.1
User-Agent: selenium/4.8.1 (java windows)
Content-Length: 201
Content-Type: application/json; charset=utf-8
host: localhost:47947
accept: */*

Response DefaultHttpResponse(decodeResult: success, version: HTTP/1.1)
HTTP/1.1 200 OK
Content-Length: 14
Content-Type: application/json; charset=utf-8
cache-control: no-cache

19:55:37.720 [AsyncHttpClient-1-9] DEBUG org.asynchttpclient.netty.channel.ChannelManager - Adding key: http://localhost:47947 for channel [id: 0x5b96f0c0, L:/127.0.0.1:56706 - R:localhost/127.0.0.1:47947]
19:55:37.725 [Forwarding getAlertText on session efd94a6ab1af853c22f1b5d0f3a79a41 to remote] DEBUG org.asynchttpclient.netty.request.NettyRequestSender - Using pooled Channel '[id: 0x5b96f0c0, L:/127.0.0.1:56706 - R:localhost/127.0.0.1:47947]' for 'GET' to 'http://localhost:47947/session/efd94a6ab1af853c22f1b5d0f3a79a41/alert/text'
19:55:37.725 [Forwarding getAlertText on session efd94a6ab1af853c22f1b5d0f3a79a41 to remote] DEBUG org.asynchttpclient.netty.request.NettyRequestSender - Using open Channel [id: 0x5b96f0c0, L:/127.0.0.1:56706 - R:localhost/127.0.0.1:47947] for GET '/session/efd94a6ab1af853c22f1b5d0f3a79a41/alert/text'
19:55:37.725 [AsyncHttpClient-1-9] DEBUG org.asynchttpclient.netty.handler.HttpHandler - 

Request DefaultFullHttpRequest(decodeResult: success, version: HTTP/1.1, content: EmptyByteBufBE)
GET /session/efd94a6ab1af853c22f1b5d0f3a79a41/alert/text HTTP/1.1
User-Agent: selenium/4.8.1 (java windows)
Cache-Control: no-cache
Content-Type: application/json; charset=utf-8
host: localhost:47947
accept: */*

Response DefaultHttpResponse(decodeResult: success, version: HTTP/1.1)
HTTP/1.1 404 Not Found
Content-Length: 816
Content-Type: application/json; charset=utf-8
cache-control: no-cache

19:55:37.726 [AsyncHttpClient-1-9] DEBUG org.asynchttpclient.netty.channel.ChannelManager - Adding key: http://localhost:47947 for channel [id: 0x5b96f0c0, L:/127.0.0.1:56706 - R:localhost/127.0.0.1:47947]
19:55:37.726 [Forwarding getCurrentUrl on session efd94a6ab1af853c22f1b5d0f3a79a41 to remote] DEBUG org.asynchttpclient.netty.request.NettyRequestSender - Using pooled Channel '[id: 0x5b96f0c0, L:/127.0.0.1:56706 - R:localhost/127.0.0.1:47947]' for 'GET' to 'http://localhost:47947/session/efd94a6ab1af853c22f1b5d0f3a79a41/url'
19:55:37.726 [Forwarding getCurrentUrl on session efd94a6ab1af853c22f1b5d0f3a79a41 to remote] DEBUG org.asynchttpclient.netty.request.NettyRequestSender - Using open Channel [id: 0x5b96f0c0, L:/127.0.0.1:56706 - R:localhost/127.0.0.1:47947] for GET '/session/efd94a6ab1af853c22f1b5d0f3a79a41/url'
19:55:37.729 [AsyncHttpClient-1-9] DEBUG org.asynchttpclient.netty.handler.HttpHandler - 

Request DefaultFullHttpRequest(decodeResult: success, version: HTTP/1.1, content: EmptyByteBufBE)
GET /session/efd94a6ab1af853c22f1b5d0f3a79a41/url HTTP/1.1
User-Agent: selenium/4.8.1 (java windows)
Cache-Control: no-cache
Content-Type: application/json; charset=utf-8
host: localhost:47947
accept: */*

Response DefaultHttpResponse(decodeResult: success, version: HTTP/1.1)
HTTP/1.1 200 OK
Content-Length: 38
Content-Type: application/json; charset=utf-8
cache-control: no-cache

19:55:37.730 [AsyncHttpClient-1-9] DEBUG org.asynchttpclient.netty.channel.ChannelManager - Adding key: http://localhost:47947 for channel [id: 0x5b96f0c0, L:/127.0.0.1:56706 - R:localhost/127.0.0.1:47947]
19:55:37.730 [Forwarding screenshot on session efd94a6ab1af853c22f1b5d0f3a79a41 to remote] DEBUG org.asynchttpclient.netty.request.NettyRequestSender - Using pooled Channel '[id: 0x5b96f0c0, L:/127.0.0.1:56706 - R:localhost/127.0.0.1:47947]' for 'GET' to 'http://localhost:47947/session/efd94a6ab1af853c22f1b5d0f3a79a41/screenshot'
19:55:37.730 [Forwarding screenshot on session efd94a6ab1af853c22f1b5d0f3a79a41 to remote] DEBUG org.asynchttpclient.netty.request.NettyRequestSender - Using open Channel [id: 0x5b96f0c0, L:/127.0.0.1:56706 - R:localhost/127.0.0.1:47947] for GET '/session/efd94a6ab1af853c22f1b5d0f3a79a41/screenshot'
19:55:37.870 [AsyncHttpClient-1-9] DEBUG org.asynchttpclient.netty.handler.HttpHandler - 

Request DefaultFullHttpRequest(decodeResult: success, version: HTTP/1.1, content: EmptyByteBufBE)
GET /session/efd94a6ab1af853c22f1b5d0f3a79a41/screenshot HTTP/1.1
User-Agent: selenium/4.8.1 (java windows)
Cache-Control: no-cache
Content-Type: application/json; charset=utf-8
host: localhost:47947
accept: */*

Response DefaultHttpResponse(decodeResult: success, version: HTTP/1.1)
HTTP/1.1 200 OK
Content-Length: 56848
Content-Type: application/json; charset=utf-8
cache-control: no-cache

19:55:37.870 [AsyncHttpClient-1-9] DEBUG org.asynchttpclient.netty.channel.ChannelManager - Adding key: http://localhost:47947 for channel [id: 0x5b96f0c0, L:/127.0.0.1:56706 - R:localhost/127.0.0.1:47947]
19:55:37.872 [main] DEBUG net.serenitybdd.core.photography.Darkroom - Send negative for processing for target\site\serenity\6adca94019f7156b5b02d50dcdcd86549d04d7d2a8a2bccedb68665c7405404e.png
19:55:37.872 [main] DEBUG net.thucydides.core.steps.StepInterceptor - STEP DONE: inputPassword
19:55:37.878 [Forwarding getPageSource on session efd94a6ab1af853c22f1b5d0f3a79a41 to remote] DEBUG org.asynchttpclient.netty.request.NettyRequestSender - Using pooled Channel '[id: 0x5b96f0c0, L:/127.0.0.1:56706 - R:localhost/127.0.0.1:47947]' for 'POST' to 'http://localhost:47947/session/efd94a6ab1af853c22f1b5d0f3a79a41/execute/sync'
19:55:37.878 [Forwarding getPageSource on session efd94a6ab1af853c22f1b5d0f3a79a41 to remote] DEBUG org.asynchttpclient.netty.request.NettyRequestSender - Using open Channel [id: 0x5b96f0c0, L:/127.0.0.1:56706 - R:localhost/127.0.0.1:47947] for POST '/session/efd94a6ab1af853c22f1b5d0f3a79a41/execute/sync'
19:55:37.882 [AsyncHttpClient-1-9] DEBUG org.asynchttpclient.netty.handler.HttpHandler - 

Request DefaultHttpRequest(decodeResult: success, version: HTTP/1.1)
POST /session/efd94a6ab1af853c22f1b5d0f3a79a41/execute/sync HTTP/1.1
User-Agent: selenium/4.8.1 (java windows)
Content-Length: 176
Content-Type: application/json; charset=utf-8
host: localhost:47947
accept: */*

Response DefaultHttpResponse(decodeResult: success, version: HTTP/1.1)
HTTP/1.1 200 OK
Content-Length: 4311
Content-Type: application/json; charset=utf-8
cache-control: no-cache

19:55:37.882 [AsyncHttpClient-1-9] DEBUG org.asynchttpclient.netty.channel.ChannelManager - Adding key: http://localhost:47947 for channel [id: 0x5b96f0c0, L:/127.0.0.1:56706 - R:localhost/127.0.0.1:47947]
19:55:37.883 [Forwarding getCurrentUrl on session efd94a6ab1af853c22f1b5d0f3a79a41 to remote] DEBUG org.asynchttpclient.netty.request.NettyRequestSender - Using pooled Channel '[id: 0x5b96f0c0, L:/127.0.0.1:56706 - R:localhost/127.0.0.1:47947]' for 'GET' to 'http://localhost:47947/session/efd94a6ab1af853c22f1b5d0f3a79a41/url'
19:55:37.883 [Forwarding getCurrentUrl on session efd94a6ab1af853c22f1b5d0f3a79a41 to remote] DEBUG org.asynchttpclient.netty.request.NettyRequestSender - Using open Channel [id: 0x5b96f0c0, L:/127.0.0.1:56706 - R:localhost/127.0.0.1:47947] for GET '/session/efd94a6ab1af853c22f1b5d0f3a79a41/url'
19:55:37.885 [AsyncHttpClient-1-9] DEBUG org.asynchttpclient.netty.handler.HttpHandler - 

Request DefaultFullHttpRequest(decodeResult: success, version: HTTP/1.1, content: EmptyByteBufBE)
GET /session/efd94a6ab1af853c22f1b5d0f3a79a41/url HTTP/1.1
User-Agent: selenium/4.8.1 (java windows)
Cache-Control: no-cache
Content-Type: application/json; charset=utf-8
host: localhost:47947
accept: */*

Response DefaultHttpResponse(decodeResult: success, version: HTTP/1.1)
HTTP/1.1 200 OK
Content-Length: 38
Content-Type: application/json; charset=utf-8
cache-control: no-cache

19:55:37.886 [AsyncHttpClient-1-9] DEBUG org.asynchttpclient.netty.channel.ChannelManager - Adding key: http://localhost:47947 for channel [id: 0x5b96f0c0, L:/127.0.0.1:56706 - R:localhost/127.0.0.1:47947]
19:55:37.887 [main] DEBUG net.thucydides.core.steps.StepInterceptor - STARTING STEP: CartSteps.loginAsAUser - clickButtonLogin
19:55:37.889 [Forwarding findElement on session efd94a6ab1af853c22f1b5d0f3a79a41 to remote] DEBUG org.asynchttpclient.netty.request.NettyRequestSender - Using pooled Channel '[id: 0x5b96f0c0, L:/127.0.0.1:56706 - R:localhost/127.0.0.1:47947]' for 'POST' to 'http://localhost:47947/session/efd94a6ab1af853c22f1b5d0f3a79a41/element'
19:55:37.889 [Forwarding findElement on session efd94a6ab1af853c22f1b5d0f3a79a41 to remote] DEBUG org.asynchttpclient.netty.request.NettyRequestSender - Using open Channel [id: 0x5b96f0c0, L:/127.0.0.1:56706 - R:localhost/127.0.0.1:47947] for POST '/session/efd94a6ab1af853c22f1b5d0f3a79a41/element'
19:55:37.899 [AsyncHttpClient-1-9] DEBUG org.asynchttpclient.netty.handler.HttpHandler - 

Request DefaultHttpRequest(decodeResult: success, version: HTTP/1.1)
POST /session/efd94a6ab1af853c22f1b5d0f3a79a41/element HTTP/1.1
User-Agent: selenium/4.8.1 (java windows)
Content-Length: 59
Content-Type: application/json; charset=utf-8
host: localhost:47947
accept: */*

Response DefaultHttpResponse(decodeResult: success, version: HTTP/1.1)
HTTP/1.1 200 OK
Content-Length: 88
Content-Type: application/json; charset=utf-8
cache-control: no-cache

19:55:37.899 [AsyncHttpClient-1-9] DEBUG org.asynchttpclient.netty.channel.ChannelManager - Adding key: http://localhost:47947 for channel [id: 0x5b96f0c0, L:/127.0.0.1:56706 - R:localhost/127.0.0.1:47947]
19:55:37.901 [Forwarding getElementTagName on session efd94a6ab1af853c22f1b5d0f3a79a41 to remote] DEBUG org.asynchttpclient.netty.request.NettyRequestSender - Using pooled Channel '[id: 0x5b96f0c0, L:/127.0.0.1:56706 - R:localhost/127.0.0.1:47947]' for 'GET' to 'http://localhost:47947/session/efd94a6ab1af853c22f1b5d0f3a79a41/element/69e6ed8c-0972-4b9e-9f58-561fd06fa38a/name'
19:55:37.901 [Forwarding getElementTagName on session efd94a6ab1af853c22f1b5d0f3a79a41 to remote] DEBUG org.asynchttpclient.netty.request.NettyRequestSender - Using open Channel [id: 0x5b96f0c0, L:/127.0.0.1:56706 - R:localhost/127.0.0.1:47947] for GET '/session/efd94a6ab1af853c22f1b5d0f3a79a41/element/69e6ed8c-0972-4b9e-9f58-561fd06fa38a/name'
19:55:37.905 [AsyncHttpClient-1-9] DEBUG org.asynchttpclient.netty.handler.HttpHandler - 

Request DefaultFullHttpRequest(decodeResult: success, version: HTTP/1.1, content: EmptyByteBufBE)
GET /session/efd94a6ab1af853c22f1b5d0f3a79a41/element/69e6ed8c-0972-4b9e-9f58-561fd06fa38a/name HTTP/1.1
User-Agent: selenium/4.8.1 (java windows)
Cache-Control: no-cache
Content-Type: application/json; charset=utf-8
host: localhost:47947
accept: */*

Response DefaultHttpResponse(decodeResult: success, version: HTTP/1.1)
HTTP/1.1 200 OK
Content-Length: 17
Content-Type: application/json; charset=utf-8
cache-control: no-cache

19:55:37.905 [AsyncHttpClient-1-9] DEBUG org.asynchttpclient.netty.channel.ChannelManager - Adding key: http://localhost:47947 for channel [id: 0x5b96f0c0, L:/127.0.0.1:56706 - R:localhost/127.0.0.1:47947]
19:55:37.906 [Forwarding getElementTagName on session efd94a6ab1af853c22f1b5d0f3a79a41 to remote] DEBUG org.asynchttpclient.netty.request.NettyRequestSender - Using pooled Channel '[id: 0x5b96f0c0, L:/127.0.0.1:56706 - R:localhost/127.0.0.1:47947]' for 'GET' to 'http://localhost:47947/session/efd94a6ab1af853c22f1b5d0f3a79a41/element/69e6ed8c-0972-4b9e-9f58-561fd06fa38a/name'
19:55:37.906 [Forwarding getElementTagName on session efd94a6ab1af853c22f1b5d0f3a79a41 to remote] DEBUG org.asynchttpclient.netty.request.NettyRequestSender - Using open Channel [id: 0x5b96f0c0, L:/127.0.0.1:56706 - R:localhost/127.0.0.1:47947] for GET '/session/efd94a6ab1af853c22f1b5d0f3a79a41/element/69e6ed8c-0972-4b9e-9f58-561fd06fa38a/name'
19:55:37.909 [AsyncHttpClient-1-9] DEBUG org.asynchttpclient.netty.handler.HttpHandler - 

Request DefaultFullHttpRequest(decodeResult: success, version: HTTP/1.1, content: EmptyByteBufBE)
GET /session/efd94a6ab1af853c22f1b5d0f3a79a41/element/69e6ed8c-0972-4b9e-9f58-561fd06fa38a/name HTTP/1.1
User-Agent: selenium/4.8.1 (java windows)
Cache-Control: no-cache
Content-Type: application/json; charset=utf-8
host: localhost:47947
accept: */*

Response DefaultHttpResponse(decodeResult: success, version: HTTP/1.1)
HTTP/1.1 200 OK
Content-Length: 17
Content-Type: application/json; charset=utf-8
cache-control: no-cache

19:55:37.909 [AsyncHttpClient-1-9] DEBUG org.asynchttpclient.netty.channel.ChannelManager - Adding key: http://localhost:47947 for channel [id: 0x5b96f0c0, L:/127.0.0.1:56706 - R:localhost/127.0.0.1:47947]
19:55:37.910 [Forwarding isElementEnabled on session efd94a6ab1af853c22f1b5d0f3a79a41 to remote] DEBUG org.asynchttpclient.netty.request.NettyRequestSender - Using pooled Channel '[id: 0x5b96f0c0, L:/127.0.0.1:56706 - R:localhost/127.0.0.1:47947]' for 'GET' to 'http://localhost:47947/session/efd94a6ab1af853c22f1b5d0f3a79a41/element/69e6ed8c-0972-4b9e-9f58-561fd06fa38a/enabled'
19:55:37.910 [Forwarding isElementEnabled on session efd94a6ab1af853c22f1b5d0f3a79a41 to remote] DEBUG org.asynchttpclient.netty.request.NettyRequestSender - Using open Channel [id: 0x5b96f0c0, L:/127.0.0.1:56706 - R:localhost/127.0.0.1:47947] for GET '/session/efd94a6ab1af853c22f1b5d0f3a79a41/element/69e6ed8c-0972-4b9e-9f58-561fd06fa38a/enabled'
19:55:37.919 [AsyncHttpClient-1-9] DEBUG org.asynchttpclient.netty.handler.HttpHandler - 

Request DefaultFullHttpRequest(decodeResult: success, version: HTTP/1.1, content: EmptyByteBufBE)
GET /session/efd94a6ab1af853c22f1b5d0f3a79a41/element/69e6ed8c-0972-4b9e-9f58-561fd06fa38a/enabled HTTP/1.1
User-Agent: selenium/4.8.1 (java windows)
Cache-Control: no-cache
Content-Type: application/json; charset=utf-8
host: localhost:47947
accept: */*

Response DefaultHttpResponse(decodeResult: success, version: HTTP/1.1)
HTTP/1.1 200 OK
Content-Length: 14
Content-Type: application/json; charset=utf-8
cache-control: no-cache

19:55:37.919 [AsyncHttpClient-1-9] DEBUG org.asynchttpclient.netty.channel.ChannelManager - Adding key: http://localhost:47947 for channel [id: 0x5b96f0c0, L:/127.0.0.1:56706 - R:localhost/127.0.0.1:47947]
19:55:37.919 [Forwarding isElementEnabled on session efd94a6ab1af853c22f1b5d0f3a79a41 to remote] DEBUG org.asynchttpclient.netty.request.NettyRequestSender - Using pooled Channel '[id: 0x5b96f0c0, L:/127.0.0.1:56706 - R:localhost/127.0.0.1:47947]' for 'GET' to 'http://localhost:47947/session/efd94a6ab1af853c22f1b5d0f3a79a41/element/69e6ed8c-0972-4b9e-9f58-561fd06fa38a/enabled'
19:55:37.919 [Forwarding isElementEnabled on session efd94a6ab1af853c22f1b5d0f3a79a41 to remote] DEBUG org.asynchttpclient.netty.request.NettyRequestSender - Using open Channel [id: 0x5b96f0c0, L:/127.0.0.1:56706 - R:localhost/127.0.0.1:47947] for GET '/session/efd94a6ab1af853c22f1b5d0f3a79a41/element/69e6ed8c-0972-4b9e-9f58-561fd06fa38a/enabled'
19:55:37.924 [AsyncHttpClient-1-9] DEBUG org.asynchttpclient.netty.handler.HttpHandler - 

Request DefaultFullHttpRequest(decodeResult: success, version: HTTP/1.1, content: EmptyByteBufBE)
GET /session/efd94a6ab1af853c22f1b5d0f3a79a41/element/69e6ed8c-0972-4b9e-9f58-561fd06fa38a/enabled HTTP/1.1
User-Agent: selenium/4.8.1 (java windows)
Cache-Control: no-cache
Content-Type: application/json; charset=utf-8
host: localhost:47947
accept: */*

Response DefaultHttpResponse(decodeResult: success, version: HTTP/1.1)
HTTP/1.1 200 OK
Content-Length: 14
Content-Type: application/json; charset=utf-8
cache-control: no-cache

19:55:37.925 [AsyncHttpClient-1-9] DEBUG org.asynchttpclient.netty.channel.ChannelManager - Adding key: http://localhost:47947 for channel [id: 0x5b96f0c0, L:/127.0.0.1:56706 - R:localhost/127.0.0.1:47947]
19:55:37.926 [Forwarding findElement on session efd94a6ab1af853c22f1b5d0f3a79a41 to remote] DEBUG org.asynchttpclient.netty.request.NettyRequestSender - Using pooled Channel '[id: 0x5b96f0c0, L:/127.0.0.1:56706 - R:localhost/127.0.0.1:47947]' for 'POST' to 'http://localhost:47947/session/efd94a6ab1af853c22f1b5d0f3a79a41/element'
19:55:37.926 [Forwarding findElement on session efd94a6ab1af853c22f1b5d0f3a79a41 to remote] DEBUG org.asynchttpclient.netty.request.NettyRequestSender - Using open Channel [id: 0x5b96f0c0, L:/127.0.0.1:56706 - R:localhost/127.0.0.1:47947] for POST '/session/efd94a6ab1af853c22f1b5d0f3a79a41/element'
19:55:37.931 [AsyncHttpClient-1-9] DEBUG org.asynchttpclient.netty.handler.HttpHandler - 

Request DefaultHttpRequest(decodeResult: success, version: HTTP/1.1)
POST /session/efd94a6ab1af853c22f1b5d0f3a79a41/element HTTP/1.1
User-Agent: selenium/4.8.1 (java windows)
Content-Length: 59
Content-Type: application/json; charset=utf-8
host: localhost:47947
accept: */*

Response DefaultHttpResponse(decodeResult: success, version: HTTP/1.1)
HTTP/1.1 200 OK
Content-Length: 88
Content-Type: application/json; charset=utf-8
cache-control: no-cache

19:55:37.931 [AsyncHttpClient-1-9] DEBUG org.asynchttpclient.netty.channel.ChannelManager - Adding key: http://localhost:47947 for channel [id: 0x5b96f0c0, L:/127.0.0.1:56706 - R:localhost/127.0.0.1:47947]
19:55:37.932 [Forwarding clickElement on session efd94a6ab1af853c22f1b5d0f3a79a41 to remote] DEBUG org.asynchttpclient.netty.request.NettyRequestSender - Using pooled Channel '[id: 0x5b96f0c0, L:/127.0.0.1:56706 - R:localhost/127.0.0.1:47947]' for 'POST' to 'http://localhost:47947/session/efd94a6ab1af853c22f1b5d0f3a79a41/element/69e6ed8c-0972-4b9e-9f58-561fd06fa38a/click'
19:55:37.932 [Forwarding clickElement on session efd94a6ab1af853c22f1b5d0f3a79a41 to remote] DEBUG org.asynchttpclient.netty.request.NettyRequestSender - Using open Channel [id: 0x5b96f0c0, L:/127.0.0.1:56706 - R:localhost/127.0.0.1:47947] for POST '/session/efd94a6ab1af853c22f1b5d0f3a79a41/element/69e6ed8c-0972-4b9e-9f58-561fd06fa38a/click'
19:55:38.026 [AsyncHttpClient-1-9] DEBUG org.asynchttpclient.netty.handler.HttpHandler - 

Request DefaultHttpRequest(decodeResult: success, version: HTTP/1.1)
POST /session/efd94a6ab1af853c22f1b5d0f3a79a41/element/69e6ed8c-0972-4b9e-9f58-561fd06fa38a/click HTTP/1.1
User-Agent: selenium/4.8.1 (java windows)
Content-Length: 50
Content-Type: application/json; charset=utf-8
host: localhost:47947
accept: */*

Response DefaultHttpResponse(decodeResult: success, version: HTTP/1.1)
HTTP/1.1 200 OK
Content-Length: 14
Content-Type: application/json; charset=utf-8
cache-control: no-cache

19:55:38.026 [AsyncHttpClient-1-9] DEBUG org.asynchttpclient.netty.channel.ChannelManager - Adding key: http://localhost:47947 for channel [id: 0x5b96f0c0, L:/127.0.0.1:56706 - R:localhost/127.0.0.1:47947]
19:55:38.034 [Forwarding getAlertText on session efd94a6ab1af853c22f1b5d0f3a79a41 to remote] DEBUG org.asynchttpclient.netty.request.NettyRequestSender - Using pooled Channel '[id: 0x5b96f0c0, L:/127.0.0.1:56706 - R:localhost/127.0.0.1:47947]' for 'GET' to 'http://localhost:47947/session/efd94a6ab1af853c22f1b5d0f3a79a41/alert/text'
19:55:38.034 [Forwarding getAlertText on session efd94a6ab1af853c22f1b5d0f3a79a41 to remote] DEBUG org.asynchttpclient.netty.request.NettyRequestSender - Using open Channel [id: 0x5b96f0c0, L:/127.0.0.1:56706 - R:localhost/127.0.0.1:47947] for GET '/session/efd94a6ab1af853c22f1b5d0f3a79a41/alert/text'
19:55:38.040 [AsyncHttpClient-1-9] DEBUG org.asynchttpclient.netty.handler.HttpHandler - 

Request DefaultFullHttpRequest(decodeResult: success, version: HTTP/1.1, content: EmptyByteBufBE)
GET /session/efd94a6ab1af853c22f1b5d0f3a79a41/alert/text HTTP/1.1
User-Agent: selenium/4.8.1 (java windows)
Cache-Control: no-cache
Content-Type: application/json; charset=utf-8
host: localhost:47947
accept: */*

Response DefaultHttpResponse(decodeResult: success, version: HTTP/1.1)
HTTP/1.1 404 Not Found
Content-Length: 816
Content-Type: application/json; charset=utf-8
cache-control: no-cache

19:55:38.040 [AsyncHttpClient-1-9] DEBUG org.asynchttpclient.netty.channel.ChannelManager - Adding key: http://localhost:47947 for channel [id: 0x5b96f0c0, L:/127.0.0.1:56706 - R:localhost/127.0.0.1:47947]
19:55:38.041 [Forwarding getCurrentUrl on session efd94a6ab1af853c22f1b5d0f3a79a41 to remote] DEBUG org.asynchttpclient.netty.request.NettyRequestSender - Using pooled Channel '[id: 0x5b96f0c0, L:/127.0.0.1:56706 - R:localhost/127.0.0.1:47947]' for 'GET' to 'http://localhost:47947/session/efd94a6ab1af853c22f1b5d0f3a79a41/url'
19:55:38.041 [Forwarding getCurrentUrl on session efd94a6ab1af853c22f1b5d0f3a79a41 to remote] DEBUG org.asynchttpclient.netty.request.NettyRequestSender - Using open Channel [id: 0x5b96f0c0, L:/127.0.0.1:56706 - R:localhost/127.0.0.1:47947] for GET '/session/efd94a6ab1af853c22f1b5d0f3a79a41/url'
19:55:38.044 [AsyncHttpClient-1-9] DEBUG org.asynchttpclient.netty.handler.HttpHandler - 

Request DefaultFullHttpRequest(decodeResult: success, version: HTTP/1.1, content: EmptyByteBufBE)
GET /session/efd94a6ab1af853c22f1b5d0f3a79a41/url HTTP/1.1
User-Agent: selenium/4.8.1 (java windows)
Cache-Control: no-cache
Content-Type: application/json; charset=utf-8
host: localhost:47947
accept: */*

Response DefaultHttpResponse(decodeResult: success, version: HTTP/1.1)
HTTP/1.1 200 OK
Content-Length: 52
Content-Type: application/json; charset=utf-8
cache-control: no-cache

19:55:38.044 [AsyncHttpClient-1-9] DEBUG org.asynchttpclient.netty.channel.ChannelManager - Adding key: http://localhost:47947 for channel [id: 0x5b96f0c0, L:/127.0.0.1:56706 - R:localhost/127.0.0.1:47947]
19:55:38.044 [Forwarding screenshot on session efd94a6ab1af853c22f1b5d0f3a79a41 to remote] DEBUG org.asynchttpclient.netty.request.NettyRequestSender - Using pooled Channel '[id: 0x5b96f0c0, L:/127.0.0.1:56706 - R:localhost/127.0.0.1:47947]' for 'GET' to 'http://localhost:47947/session/efd94a6ab1af853c22f1b5d0f3a79a41/screenshot'
19:55:38.044 [Forwarding screenshot on session efd94a6ab1af853c22f1b5d0f3a79a41 to remote] DEBUG org.asynchttpclient.netty.request.NettyRequestSender - Using open Channel [id: 0x5b96f0c0, L:/127.0.0.1:56706 - R:localhost/127.0.0.1:47947] for GET '/session/efd94a6ab1af853c22f1b5d0f3a79a41/screenshot'
19:55:38.236 [AsyncHttpClient-1-9] DEBUG org.asynchttpclient.netty.handler.HttpHandler - 

Request DefaultFullHttpRequest(decodeResult: success, version: HTTP/1.1, content: EmptyByteBufBE)
GET /session/efd94a6ab1af853c22f1b5d0f3a79a41/screenshot HTTP/1.1
User-Agent: selenium/4.8.1 (java windows)
Cache-Control: no-cache
Content-Type: application/json; charset=utf-8
host: localhost:47947
accept: */*

Response DefaultHttpResponse(decodeResult: success, version: HTTP/1.1)
HTTP/1.1 200 OK
Content-Length: 285512
Content-Type: application/json; charset=utf-8
cache-control: no-cache

19:55:38.236 [AsyncHttpClient-1-9] DEBUG org.asynchttpclient.netty.channel.ChannelManager - Adding key: http://localhost:47947 for channel [id: 0x5b96f0c0, L:/127.0.0.1:56706 - R:localhost/127.0.0.1:47947]
19:55:38.241 [main] DEBUG net.serenitybdd.core.photography.Darkroom - Send negative for processing for target\site\serenity\7614ee354bf590aa041e91fab36a6d543e78d0f13e6beff2e4ea75b68483773b.png
19:55:38.241 [main] DEBUG net.thucydides.core.steps.StepInterceptor - STEP DONE: clickButtonLogin
  &amp#27;[32mGiven &amp#27;[0m&amp#27;[32mI am a logged in user&amp#27;[0m                                            &amp#27;[90m# starter.stepDefinitions.CartSteps.loginAsAUser()&amp#27;[0m
19:55:38.248 [Forwarding getPageSource on session efd94a6ab1af853c22f1b5d0f3a79a41 to remote] DEBUG org.asynchttpclient.netty.request.NettyRequestSender - Using pooled Channel '[id: 0x5b96f0c0, L:/127.0.0.1:56706 - R:localhost/127.0.0.1:47947]' for 'POST' to 'http://localhost:47947/session/efd94a6ab1af853c22f1b5d0f3a79a41/execute/sync'
19:55:38.248 [Forwarding getPageSource on session efd94a6ab1af853c22f1b5d0f3a79a41 to remote] DEBUG org.asynchttpclient.netty.request.NettyRequestSender - Using open Channel [id: 0x5b96f0c0, L:/127.0.0.1:56706 - R:localhost/127.0.0.1:47947] for POST '/session/efd94a6ab1af853c22f1b5d0f3a79a41/execute/sync'
19:55:38.253 [AsyncHttpClient-1-9] DEBUG org.asynchttpclient.netty.handler.HttpHandler - 

Request DefaultHttpRequest(decodeResult: success, version: HTTP/1.1)
POST /session/efd94a6ab1af853c22f1b5d0f3a79a41/execute/sync HTTP/1.1
User-Agent: selenium/4.8.1 (java windows)
Content-Length: 176
Content-Type: application/json; charset=utf-8
host: localhost:47947
accept: */*

Response DefaultHttpResponse(decodeResult: success, version: HTTP/1.1)
HTTP/1.1 200 OK
Content-Length: 16329
Content-Type: application/json; charset=utf-8
cache-control: no-cache

19:55:38.253 [AsyncHttpClient-1-9] DEBUG org.asynchttpclient.netty.channel.ChannelManager - Adding key: http://localhost:47947 for channel [id: 0x5b96f0c0, L:/127.0.0.1:56706 - R:localhost/127.0.0.1:47947]
19:55:38.254 [Forwarding getCurrentUrl on session efd94a6ab1af853c22f1b5d0f3a79a41 to remote] DEBUG org.asynchttpclient.netty.request.NettyRequestSender - Using pooled Channel '[id: 0x5b96f0c0, L:/127.0.0.1:56706 - R:localhost/127.0.0.1:47947]' for 'GET' to 'http://localhost:47947/session/efd94a6ab1af853c22f1b5d0f3a79a41/url'
19:55:38.254 [Forwarding getCurrentUrl on session efd94a6ab1af853c22f1b5d0f3a79a41 to remote] DEBUG org.asynchttpclient.netty.request.NettyRequestSender - Using open Channel [id: 0x5b96f0c0, L:/127.0.0.1:56706 - R:localhost/127.0.0.1:47947] for GET '/session/efd94a6ab1af853c22f1b5d0f3a79a41/url'
19:55:38.258 [AsyncHttpClient-1-9] DEBUG org.asynchttpclient.netty.handler.HttpHandler - 

Request DefaultFullHttpRequest(decodeResult: success, version: HTTP/1.1, content: EmptyByteBufBE)
GET /session/efd94a6ab1af853c22f1b5d0f3a79a41/url HTTP/1.1
User-Agent: selenium/4.8.1 (java windows)
Cache-Control: no-cache
Content-Type: application/json; charset=utf-8
host: localhost:47947
accept: */*

Response DefaultHttpResponse(decodeResult: success, version: HTTP/1.1)
HTTP/1.1 200 OK
Content-Length: 52
Content-Type: application/json; charset=utf-8
cache-control: no-cache

19:55:38.258 [AsyncHttpClient-1-9] DEBUG org.asynchttpclient.netty.channel.ChannelManager - Adding key: http://localhost:47947 for channel [id: 0x5b96f0c0, L:/127.0.0.1:56706 - R:localhost/127.0.0.1:47947]
19:55:38.271 [Forwarding getPageSource on session efd94a6ab1af853c22f1b5d0f3a79a41 to remote] DEBUG org.asynchttpclient.netty.request.NettyRequestSender - Using pooled Channel '[id: 0x5b96f0c0, L:/127.0.0.1:56706 - R:localhost/127.0.0.1:47947]' for 'POST' to 'http://localhost:47947/session/efd94a6ab1af853c22f1b5d0f3a79a41/execute/sync'
19:55:38.271 [Forwarding getPageSource on session efd94a6ab1af853c22f1b5d0f3a79a41 to remote] DEBUG org.asynchttpclient.netty.request.NettyRequestSender - Using open Channel [id: 0x5b96f0c0, L:/127.0.0.1:56706 - R:localhost/127.0.0.1:47947] for POST '/session/efd94a6ab1af853c22f1b5d0f3a79a41/execute/sync'
19:55:38.277 [AsyncHttpClient-1-9] DEBUG org.asynchttpclient.netty.handler.HttpHandler - 

Request DefaultHttpRequest(decodeResult: success, version: HTTP/1.1)
POST /session/efd94a6ab1af853c22f1b5d0f3a79a41/execute/sync HTTP/1.1
User-Agent: selenium/4.8.1 (java windows)
Content-Length: 176
Content-Type: application/json; charset=utf-8
host: localhost:47947
accept: */*

Response DefaultHttpResponse(decodeResult: success, version: HTTP/1.1)
HTTP/1.1 200 OK
Content-Length: 16329
Content-Type: application/json; charset=utf-8
cache-control: no-cache

19:55:38.277 [AsyncHttpClient-1-9] DEBUG org.asynchttpclient.netty.channel.ChannelManager - Adding key: http://localhost:47947 for channel [id: 0x5b96f0c0, L:/127.0.0.1:56706 - R:localhost/127.0.0.1:47947]
19:55:38.278 [Forwarding getCurrentUrl on session efd94a6ab1af853c22f1b5d0f3a79a41 to remote] DEBUG org.asynchttpclient.netty.request.NettyRequestSender - Using pooled Channel '[id: 0x5b96f0c0, L:/127.0.0.1:56706 - R:localhost/127.0.0.1:47947]' for 'GET' to 'http://localhost:47947/session/efd94a6ab1af853c22f1b5d0f3a79a41/url'
19:55:38.279 [Forwarding getCurrentUrl on session efd94a6ab1af853c22f1b5d0f3a79a41 to remote] DEBUG org.asynchttpclient.netty.request.NettyRequestSender - Using open Channel [id: 0x5b96f0c0, L:/127.0.0.1:56706 - R:localhost/127.0.0.1:47947] for GET '/session/efd94a6ab1af853c22f1b5d0f3a79a41/url'
19:55:38.281 [AsyncHttpClient-1-9] DEBUG org.asynchttpclient.netty.handler.HttpHandler - 

Request DefaultFullHttpRequest(decodeResult: success, version: HTTP/1.1, content: EmptyByteBufBE)
GET /session/efd94a6ab1af853c22f1b5d0f3a79a41/url HTTP/1.1
User-Agent: selenium/4.8.1 (java windows)
Cache-Control: no-cache
Content-Type: application/json; charset=utf-8
host: localhost:47947
accept: */*

Response DefaultHttpResponse(decodeResult: success, version: HTTP/1.1)
HTTP/1.1 200 OK
Content-Length: 52
Content-Type: application/json; charset=utf-8
cache-control: no-cache

19:55:38.281 [AsyncHttpClient-1-9] DEBUG org.asynchttpclient.netty.channel.ChannelManager - Adding key: http://localhost:47947 for channel [id: 0x5b96f0c0, L:/127.0.0.1:56706 - R:localhost/127.0.0.1:47947]
19:55:38.283 [main] DEBUG net.thucydides.core.steps.StepInterceptor - STARTING STEP: ProductSteps.pressProductTitle - clickProductTitle
19:55:38.285 [Forwarding findElement on session efd94a6ab1af853c22f1b5d0f3a79a41 to remote] DEBUG org.asynchttpclient.netty.request.NettyRequestSender - Using pooled Channel '[id: 0x5b96f0c0, L:/127.0.0.1:56706 - R:localhost/127.0.0.1:47947]' for 'POST' to 'http://localhost:47947/session/efd94a6ab1af853c22f1b5d0f3a79a41/element'
19:55:38.285 [Forwarding findElement on session efd94a6ab1af853c22f1b5d0f3a79a41 to remote] DEBUG org.asynchttpclient.netty.request.NettyRequestSender - Using open Channel [id: 0x5b96f0c0, L:/127.0.0.1:56706 - R:localhost/127.0.0.1:47947] for POST '/session/efd94a6ab1af853c22f1b5d0f3a79a41/element'
19:55:38.295 [AsyncHttpClient-1-9] DEBUG org.asynchttpclient.netty.handler.HttpHandler - 

Request DefaultHttpRequest(decodeResult: success, version: HTTP/1.1)
POST /session/efd94a6ab1af853c22f1b5d0f3a79a41/element HTTP/1.1
User-Agent: selenium/4.8.1 (java windows)
Content-Length: 80
Content-Type: application/json; charset=utf-8
host: localhost:47947
accept: */*

Response DefaultHttpResponse(decodeResult: success, version: HTTP/1.1)
HTTP/1.1 200 OK
Content-Length: 88
Content-Type: application/json; charset=utf-8
cache-control: no-cache

19:55:38.295 [AsyncHttpClient-1-9] DEBUG org.asynchttpclient.netty.channel.ChannelManager - Adding key: http://localhost:47947 for channel [id: 0x5b96f0c0, L:/127.0.0.1:56706 - R:localhost/127.0.0.1:47947]
19:55:38.296 [Forwarding getElementTagName on session efd94a6ab1af853c22f1b5d0f3a79a41 to remote] DEBUG org.asynchttpclient.netty.request.NettyRequestSender - Using pooled Channel '[id: 0x5b96f0c0, L:/127.0.0.1:56706 - R:localhost/127.0.0.1:47947]' for 'GET' to 'http://localhost:47947/session/efd94a6ab1af853c22f1b5d0f3a79a41/element/595e1751-7179-4165-9689-4fd288936e99/name'
19:55:38.296 [Forwarding getElementTagName on session efd94a6ab1af853c22f1b5d0f3a79a41 to remote] DEBUG org.asynchttpclient.netty.request.NettyRequestSender - Using open Channel [id: 0x5b96f0c0, L:/127.0.0.1:56706 - R:localhost/127.0.0.1:47947] for GET '/session/efd94a6ab1af853c22f1b5d0f3a79a41/element/595e1751-7179-4165-9689-4fd288936e99/name'
19:55:38.300 [AsyncHttpClient-1-9] DEBUG org.asynchttpclient.netty.handler.HttpHandler - 

Request DefaultFullHttpRequest(decodeResult: success, version: HTTP/1.1, content: EmptyByteBufBE)
GET /session/efd94a6ab1af853c22f1b5d0f3a79a41/element/595e1751-7179-4165-9689-4fd288936e99/name HTTP/1.1
User-Agent: selenium/4.8.1 (java windows)
Cache-Control: no-cache
Content-Type: application/json; charset=utf-8
host: localhost:47947
accept: */*

Response DefaultHttpResponse(decodeResult: success, version: HTTP/1.1)
HTTP/1.1 200 OK
Content-Length: 15
Content-Type: application/json; charset=utf-8
cache-control: no-cache

19:55:38.300 [AsyncHttpClient-1-9] DEBUG org.asynchttpclient.netty.channel.ChannelManager - Adding key: http://localhost:47947 for channel [id: 0x5b96f0c0, L:/127.0.0.1:56706 - R:localhost/127.0.0.1:47947]
19:55:38.300 [Forwarding getElementTagName on session efd94a6ab1af853c22f1b5d0f3a79a41 to remote] DEBUG org.asynchttpclient.netty.request.NettyRequestSender - Using pooled Channel '[id: 0x5b96f0c0, L:/127.0.0.1:56706 - R:localhost/127.0.0.1:47947]' for 'GET' to 'http://localhost:47947/session/efd94a6ab1af853c22f1b5d0f3a79a41/element/595e1751-7179-4165-9689-4fd288936e99/name'
19:55:38.300 [Forwarding getElementTagName on session efd94a6ab1af853c22f1b5d0f3a79a41 to remote] DEBUG org.asynchttpclient.netty.request.NettyRequestSender - Using open Channel [id: 0x5b96f0c0, L:/127.0.0.1:56706 - R:localhost/127.0.0.1:47947] for GET '/session/efd94a6ab1af853c22f1b5d0f3a79a41/element/595e1751-7179-4165-9689-4fd288936e99/name'
19:55:38.304 [AsyncHttpClient-1-9] DEBUG org.asynchttpclient.netty.handler.HttpHandler - 

Request DefaultFullHttpRequest(decodeResult: success, version: HTTP/1.1, content: EmptyByteBufBE)
GET /session/efd94a6ab1af853c22f1b5d0f3a79a41/element/595e1751-7179-4165-9689-4fd288936e99/name HTTP/1.1
User-Agent: selenium/4.8.1 (java windows)
Cache-Control: no-cache
Content-Type: application/json; charset=utf-8
host: localhost:47947
accept: */*

Response DefaultHttpResponse(decodeResult: success, version: HTTP/1.1)
HTTP/1.1 200 OK
Content-Length: 15
Content-Type: application/json; charset=utf-8
cache-control: no-cache

19:55:38.304 [AsyncHttpClient-1-9] DEBUG org.asynchttpclient.netty.channel.ChannelManager - Adding key: http://localhost:47947 for channel [id: 0x5b96f0c0, L:/127.0.0.1:56706 - R:localhost/127.0.0.1:47947]
19:55:38.304 [Forwarding findElement on session efd94a6ab1af853c22f1b5d0f3a79a41 to remote] DEBUG org.asynchttpclient.netty.request.NettyRequestSender - Using pooled Channel '[id: 0x5b96f0c0, L:/127.0.0.1:56706 - R:localhost/127.0.0.1:47947]' for 'POST' to 'http://localhost:47947/session/efd94a6ab1af853c22f1b5d0f3a79a41/element'
19:55:38.304 [Forwarding findElement on session efd94a6ab1af853c22f1b5d0f3a79a41 to remote] DEBUG org.asynchttpclient.netty.request.NettyRequestSender - Using open Channel [id: 0x5b96f0c0, L:/127.0.0.1:56706 - R:localhost/127.0.0.1:47947] for POST '/session/efd94a6ab1af853c22f1b5d0f3a79a41/element'
19:55:38.310 [AsyncHttpClient-1-1] DEBUG org.asynchttpclient.netty.channel.DefaultChannelPool - Entry count for : http://localhost:56707 : 1
19:55:38.310 [AsyncHttpClient-1-9] DEBUG org.asynchttpclient.netty.handler.HttpHandler - 

Request DefaultHttpRequest(decodeResult: success, version: HTTP/1.1)
POST /session/efd94a6ab1af853c22f1b5d0f3a79a41/element HTTP/1.1
User-Agent: selenium/4.8.1 (java windows)
Content-Length: 80
Content-Type: application/json; charset=utf-8
host: localhost:47947
accept: */*

Response DefaultHttpResponse(decodeResult: success, version: HTTP/1.1)
HTTP/1.1 200 OK
Content-Length: 88
Content-Type: application/json; charset=utf-8
cache-control: no-cache

19:55:38.310 [AsyncHttpClient-1-9] DEBUG org.asynchttpclient.netty.channel.ChannelManager - Adding key: http://localhost:47947 for channel [id: 0x5b96f0c0, L:/127.0.0.1:56706 - R:localhost/127.0.0.1:47947]
19:55:38.310 [Forwarding clickElement on session efd94a6ab1af853c22f1b5d0f3a79a41 to remote] DEBUG org.asynchttpclient.netty.request.NettyRequestSender - Using pooled Channel '[id: 0x5b96f0c0, L:/127.0.0.1:56706 - R:localhost/127.0.0.1:47947]' for 'POST' to 'http://localhost:47947/session/efd94a6ab1af853c22f1b5d0f3a79a41/element/595e1751-7179-4165-9689-4fd288936e99/click'
19:55:38.310 [Forwarding clickElement on session efd94a6ab1af853c22f1b5d0f3a79a41 to remote] DEBUG org.asynchttpclient.netty.request.NettyRequestSender - Using open Channel [id: 0x5b96f0c0, L:/127.0.0.1:56706 - R:localhost/127.0.0.1:47947] for POST '/session/efd94a6ab1af853c22f1b5d0f3a79a41/element/595e1751-7179-4165-9689-4fd288936e99/click'
19:55:38.361 [AsyncHttpClient-1-9] DEBUG org.asynchttpclient.netty.handler.HttpHandler - 

Request DefaultHttpRequest(decodeResult: success, version: HTTP/1.1)
POST /session/efd94a6ab1af853c22f1b5d0f3a79a41/element/595e1751-7179-4165-9689-4fd288936e99/click HTTP/1.1
User-Agent: selenium/4.8.1 (java windows)
Content-Length: 50
Content-Type: application/json; charset=utf-8
host: localhost:47947
accept: */*

Response DefaultHttpResponse(decodeResult: success, version: HTTP/1.1)
HTTP/1.1 200 OK
Content-Length: 14
Content-Type: application/json; charset=utf-8
cache-control: no-cache

19:55:38.361 [AsyncHttpClient-1-9] DEBUG org.asynchttpclient.netty.channel.ChannelManager - Adding key: http://localhost:47947 for channel [id: 0x5b96f0c0, L:/127.0.0.1:56706 - R:localhost/127.0.0.1:47947]
19:55:38.368 [Forwarding getAlertText on session efd94a6ab1af853c22f1b5d0f3a79a41 to remote] DEBUG org.asynchttpclient.netty.request.NettyRequestSender - Using pooled Channel '[id: 0x5b96f0c0, L:/127.0.0.1:56706 - R:localhost/127.0.0.1:47947]' for 'GET' to 'http://localhost:47947/session/efd94a6ab1af853c22f1b5d0f3a79a41/alert/text'
19:55:38.368 [Forwarding getAlertText on session efd94a6ab1af853c22f1b5d0f3a79a41 to remote] DEBUG org.asynchttpclient.netty.request.NettyRequestSender - Using open Channel [id: 0x5b96f0c0, L:/127.0.0.1:56706 - R:localhost/127.0.0.1:47947] for GET '/session/efd94a6ab1af853c22f1b5d0f3a79a41/alert/text'
19:55:38.370 [AsyncHttpClient-1-9] DEBUG org.asynchttpclient.netty.handler.HttpHandler - 

Request DefaultFullHttpRequest(decodeResult: success, version: HTTP/1.1, content: EmptyByteBufBE)
GET /session/efd94a6ab1af853c22f1b5d0f3a79a41/alert/text HTTP/1.1
User-Agent: selenium/4.8.1 (java windows)
Cache-Control: no-cache
Content-Type: application/json; charset=utf-8
host: localhost:47947
accept: */*

Response DefaultHttpResponse(decodeResult: success, version: HTTP/1.1)
HTTP/1.1 404 Not Found
Content-Length: 816
Content-Type: application/json; charset=utf-8
cache-control: no-cache

19:55:38.370 [AsyncHttpClient-1-9] DEBUG org.asynchttpclient.netty.channel.ChannelManager - Adding key: http://localhost:47947 for channel [id: 0x5b96f0c0, L:/127.0.0.1:56706 - R:localhost/127.0.0.1:47947]
19:55:38.370 [Forwarding getCurrentUrl on session efd94a6ab1af853c22f1b5d0f3a79a41 to remote] DEBUG org.asynchttpclient.netty.request.NettyRequestSender - Using pooled Channel '[id: 0x5b96f0c0, L:/127.0.0.1:56706 - R:localhost/127.0.0.1:47947]' for 'GET' to 'http://localhost:47947/session/efd94a6ab1af853c22f1b5d0f3a79a41/url'
19:55:38.370 [Forwarding getCurrentUrl on session efd94a6ab1af853c22f1b5d0f3a79a41 to remote] DEBUG org.asynchttpclient.netty.request.NettyRequestSender - Using open Channel [id: 0x5b96f0c0, L:/127.0.0.1:56706 - R:localhost/127.0.0.1:47947] for GET '/session/efd94a6ab1af853c22f1b5d0f3a79a41/url'
19:55:38.376 [AsyncHttpClient-1-9] DEBUG org.asynchttpclient.netty.handler.HttpHandler - 

Request DefaultFullHttpRequest(decodeResult: success, version: HTTP/1.1, content: EmptyByteBufBE)
GET /session/efd94a6ab1af853c22f1b5d0f3a79a41/url HTTP/1.1
User-Agent: selenium/4.8.1 (java windows)
Cache-Control: no-cache
Content-Type: application/json; charset=utf-8
host: localhost:47947
accept: */*

Response DefaultHttpResponse(decodeResult: success, version: HTTP/1.1)
HTTP/1.1 200 OK
Content-Length: 62
Content-Type: application/json; charset=utf-8
cache-control: no-cache

19:55:38.376 [AsyncHttpClient-1-9] DEBUG org.asynchttpclient.netty.channel.ChannelManager - Adding key: http://localhost:47947 for channel [id: 0x5b96f0c0, L:/127.0.0.1:56706 - R:localhost/127.0.0.1:47947]
19:55:38.377 [Forwarding screenshot on session efd94a6ab1af853c22f1b5d0f3a79a41 to remote] DEBUG org.asynchttpclient.netty.request.NettyRequestSender - Using pooled Channel '[id: 0x5b96f0c0, L:/127.0.0.1:56706 - R:localhost/127.0.0.1:47947]' for 'GET' to 'http://localhost:47947/session/efd94a6ab1af853c22f1b5d0f3a79a41/screenshot'
19:55:38.377 [Forwarding screenshot on session efd94a6ab1af853c22f1b5d0f3a79a41 to remote] DEBUG org.asynchttpclient.netty.request.NettyRequestSender - Using open Channel [id: 0x5b96f0c0, L:/127.0.0.1:56706 - R:localhost/127.0.0.1:47947] for GET '/session/efd94a6ab1af853c22f1b5d0f3a79a41/screenshot'
19:55:38.565 [AsyncHttpClient-1-9] DEBUG org.asynchttpclient.netty.handler.HttpHandler - 

Request DefaultFullHttpRequest(decodeResult: success, version: HTTP/1.1, content: EmptyByteBufBE)
GET /session/efd94a6ab1af853c22f1b5d0f3a79a41/screenshot HTTP/1.1
User-Agent: selenium/4.8.1 (java windows)
Cache-Control: no-cache
Content-Type: application/json; charset=utf-8
host: localhost:47947
accept: */*

Response DefaultHttpResponse(decodeResult: success, version: HTTP/1.1)
HTTP/1.1 200 OK
Content-Length: 246732
Content-Type: application/json; charset=utf-8
cache-control: no-cache

19:55:38.565 [AsyncHttpClient-1-9] DEBUG org.asynchttpclient.netty.channel.ChannelManager - Adding key: http://localhost:47947 for channel [id: 0x5b96f0c0, L:/127.0.0.1:56706 - R:localhost/127.0.0.1:47947]
19:55:38.569 [main] DEBUG net.serenitybdd.core.photography.Darkroom - Send negative for processing for target\site\serenity\c4d298a3ae0edb50df43d3016c5c0de88fd83bfe00783f943f58846955bda4b0.png
19:55:38.569 [main] DEBUG net.thucydides.core.steps.StepInterceptor - STEP DONE: clickProductTitle
  &amp#27;[32mWhen &amp#27;[0m&amp#27;[32mI press product &amp#27;[0m&amp#27;[32m&amp#27;[1m"Sauce Labs Backpack"&amp#27;[0m&amp#27;[32m title&amp#27;[0m                       &amp#27;[90m# starter.stepDefinitions.ProductSteps.pressProductTitle(java.lang.String)&amp#27;[0m
19:55:38.576 [Forwarding getPageSource on session efd94a6ab1af853c22f1b5d0f3a79a41 to remote] DEBUG org.asynchttpclient.netty.request.NettyRequestSender - Using pooled Channel '[id: 0x5b96f0c0, L:/127.0.0.1:56706 - R:localhost/127.0.0.1:47947]' for 'POST' to 'http://localhost:47947/session/efd94a6ab1af853c22f1b5d0f3a79a41/execute/sync'
19:55:38.576 [Forwarding getPageSource on session efd94a6ab1af853c22f1b5d0f3a79a41 to remote] DEBUG org.asynchttpclient.netty.request.NettyRequestSender - Using open Channel [id: 0x5b96f0c0, L:/127.0.0.1:56706 - R:localhost/127.0.0.1:47947] for POST '/session/efd94a6ab1af853c22f1b5d0f3a79a41/execute/sync'
19:55:38.581 [AsyncHttpClient-1-9] DEBUG org.asynchttpclient.netty.handler.HttpHandler - 

Request DefaultHttpRequest(decodeResult: success, version: HTTP/1.1)
POST /session/efd94a6ab1af853c22f1b5d0f3a79a41/execute/sync HTTP/1.1
User-Agent: selenium/4.8.1 (java windows)
Content-Length: 176
Content-Type: application/json; charset=utf-8
host: localhost:47947
accept: */*

Response DefaultHttpResponse(decodeResult: success, version: HTTP/1.1)
HTTP/1.1 200 OK
Content-Length: 12377
Content-Type: application/json; charset=utf-8
cache-control: no-cache

19:55:38.581 [AsyncHttpClient-1-9] DEBUG org.asynchttpclient.netty.channel.ChannelManager - Adding key: http://localhost:47947 for channel [id: 0x5b96f0c0, L:/127.0.0.1:56706 - R:localhost/127.0.0.1:47947]
19:55:38.582 [Forwarding getCurrentUrl on session efd94a6ab1af853c22f1b5d0f3a79a41 to remote] DEBUG org.asynchttpclient.netty.request.NettyRequestSender - Using pooled Channel '[id: 0x5b96f0c0, L:/127.0.0.1:56706 - R:localhost/127.0.0.1:47947]' for 'GET' to 'http://localhost:47947/session/efd94a6ab1af853c22f1b5d0f3a79a41/url'
19:55:38.582 [Forwarding getCurrentUrl on session efd94a6ab1af853c22f1b5d0f3a79a41 to remote] DEBUG org.asynchttpclient.netty.request.NettyRequestSender - Using open Channel [id: 0x5b96f0c0, L:/127.0.0.1:56706 - R:localhost/127.0.0.1:47947] for GET '/session/efd94a6ab1af853c22f1b5d0f3a79a41/url'
19:55:38.585 [AsyncHttpClient-1-9] DEBUG org.asynchttpclient.netty.handler.HttpHandler - 

Request DefaultFullHttpRequest(decodeResult: success, version: HTTP/1.1, content: EmptyByteBufBE)
GET /session/efd94a6ab1af853c22f1b5d0f3a79a41/url HTTP/1.1
User-Agent: selenium/4.8.1 (java windows)
Cache-Control: no-cache
Content-Type: application/json; charset=utf-8
host: localhost:47947
accept: */*

Response DefaultHttpResponse(decodeResult: success, version: HTTP/1.1)
HTTP/1.1 200 OK
Content-Length: 62
Content-Type: application/json; charset=utf-8
cache-control: no-cache

19:55:38.585 [AsyncHttpClient-1-9] DEBUG org.asynchttpclient.netty.channel.ChannelManager - Adding key: http://localhost:47947 for channel [id: 0x5b96f0c0, L:/127.0.0.1:56706 - R:localhost/127.0.0.1:47947]
19:55:38.594 [Forwarding getPageSource on session efd94a6ab1af853c22f1b5d0f3a79a41 to remote] DEBUG org.asynchttpclient.netty.request.NettyRequestSender - Using pooled Channel '[id: 0x5b96f0c0, L:/127.0.0.1:56706 - R:localhost/127.0.0.1:47947]' for 'POST' to 'http://localhost:47947/session/efd94a6ab1af853c22f1b5d0f3a79a41/execute/sync'
19:55:38.594 [Forwarding getPageSource on session efd94a6ab1af853c22f1b5d0f3a79a41 to remote] DEBUG org.asynchttpclient.netty.request.NettyRequestSender - Using open Channel [id: 0x5b96f0c0, L:/127.0.0.1:56706 - R:localhost/127.0.0.1:47947] for POST '/session/efd94a6ab1af853c22f1b5d0f3a79a41/execute/sync'
19:55:38.599 [AsyncHttpClient-1-9] DEBUG org.asynchttpclient.netty.handler.HttpHandler - 

Request DefaultHttpRequest(decodeResult: success, version: HTTP/1.1)
POST /session/efd94a6ab1af853c22f1b5d0f3a79a41/execute/sync HTTP/1.1
User-Agent: selenium/4.8.1 (java windows)
Content-Length: 176
Content-Type: application/json; charset=utf-8
host: localhost:47947
accept: */*

Response DefaultHttpResponse(decodeResult: success, version: HTTP/1.1)
HTTP/1.1 200 OK
Content-Length: 12377
Content-Type: application/json; charset=utf-8
cache-control: no-cache

19:55:38.599 [AsyncHttpClient-1-9] DEBUG org.asynchttpclient.netty.channel.ChannelManager - Adding key: http://localhost:47947 for channel [id: 0x5b96f0c0, L:/127.0.0.1:56706 - R:localhost/127.0.0.1:47947]
19:55:38.601 [Forwarding getCurrentUrl on session efd94a6ab1af853c22f1b5d0f3a79a41 to remote] DEBUG org.asynchttpclient.netty.request.NettyRequestSender - Using pooled Channel '[id: 0x5b96f0c0, L:/127.0.0.1:56706 - R:localhost/127.0.0.1:47947]' for 'GET' to 'http://localhost:47947/session/efd94a6ab1af853c22f1b5d0f3a79a41/url'
19:55:38.601 [Forwarding getCurrentUrl on session efd94a6ab1af853c22f1b5d0f3a79a41 to remote] DEBUG org.asynchttpclient.netty.request.NettyRequestSender - Using open Channel [id: 0x5b96f0c0, L:/127.0.0.1:56706 - R:localhost/127.0.0.1:47947] for GET '/session/efd94a6ab1af853c22f1b5d0f3a79a41/url'
19:55:38.603 [AsyncHttpClient-1-9] DEBUG org.asynchttpclient.netty.handler.HttpHandler - 

Request DefaultFullHttpRequest(decodeResult: success, version: HTTP/1.1, content: EmptyByteBufBE)
GET /session/efd94a6ab1af853c22f1b5d0f3a79a41/url HTTP/1.1
User-Agent: selenium/4.8.1 (java windows)
Cache-Control: no-cache
Content-Type: application/json; charset=utf-8
host: localhost:47947
accept: */*

Response DefaultHttpResponse(decodeResult: success, version: HTTP/1.1)
HTTP/1.1 200 OK
Content-Length: 62
Content-Type: application/json; charset=utf-8
cache-control: no-cache

19:55:38.603 [AsyncHttpClient-1-9] DEBUG org.asynchttpclient.netty.channel.ChannelManager - Adding key: http://localhost:47947 for channel [id: 0x5b96f0c0, L:/127.0.0.1:56706 - R:localhost/127.0.0.1:47947]
19:55:38.605 [main] DEBUG net.thucydides.core.steps.StepInterceptor - STARTING STEP: ProductSteps.pressAddToCartButton - pressAddToCart
19:55:38.607 [Forwarding findElement on session efd94a6ab1af853c22f1b5d0f3a79a41 to remote] DEBUG org.asynchttpclient.netty.request.NettyRequestSender - Using pooled Channel '[id: 0x5b96f0c0, L:/127.0.0.1:56706 - R:localhost/127.0.0.1:47947]' for 'POST' to 'http://localhost:47947/session/efd94a6ab1af853c22f1b5d0f3a79a41/element'
19:55:38.607 [Forwarding findElement on session efd94a6ab1af853c22f1b5d0f3a79a41 to remote] DEBUG org.asynchttpclient.netty.request.NettyRequestSender - Using open Channel [id: 0x5b96f0c0, L:/127.0.0.1:56706 - R:localhost/127.0.0.1:47947] for POST '/session/efd94a6ab1af853c22f1b5d0f3a79a41/element'
19:55:38.621 [AsyncHttpClient-1-9] DEBUG org.asynchttpclient.netty.handler.HttpHandler - 

Request DefaultHttpRequest(decodeResult: success, version: HTTP/1.1)
POST /session/efd94a6ab1af853c22f1b5d0f3a79a41/element HTTP/1.1
User-Agent: selenium/4.8.1 (java windows)
Content-Length: 72
Content-Type: application/json; charset=utf-8
host: localhost:47947
accept: */*

Response DefaultHttpResponse(decodeResult: success, version: HTTP/1.1)
HTTP/1.1 200 OK
Content-Length: 88
Content-Type: application/json; charset=utf-8
cache-control: no-cache

19:55:38.621 [AsyncHttpClient-1-9] DEBUG org.asynchttpclient.netty.channel.ChannelManager - Adding key: http://localhost:47947 for channel [id: 0x5b96f0c0, L:/127.0.0.1:56706 - R:localhost/127.0.0.1:47947]
19:55:38.622 [Forwarding getElementTagName on session efd94a6ab1af853c22f1b5d0f3a79a41 to remote] DEBUG org.asynchttpclient.netty.request.NettyRequestSender - Using pooled Channel '[id: 0x5b96f0c0, L:/127.0.0.1:56706 - R:localhost/127.0.0.1:47947]' for 'GET' to 'http://localhost:47947/session/efd94a6ab1af853c22f1b5d0f3a79a41/element/3577a1ae-76f0-4510-bfba-ce25ee03d44d/name'
19:55:38.622 [Forwarding getElementTagName on session efd94a6ab1af853c22f1b5d0f3a79a41 to remote] DEBUG org.asynchttpclient.netty.request.NettyRequestSender - Using open Channel [id: 0x5b96f0c0, L:/127.0.0.1:56706 - R:localhost/127.0.0.1:47947] for GET '/session/efd94a6ab1af853c22f1b5d0f3a79a41/element/3577a1ae-76f0-4510-bfba-ce25ee03d44d/name'
19:55:38.625 [AsyncHttpClient-1-9] DEBUG org.asynchttpclient.netty.handler.HttpHandler - 

Request DefaultFullHttpRequest(decodeResult: success, version: HTTP/1.1, content: EmptyByteBufBE)
GET /session/efd94a6ab1af853c22f1b5d0f3a79a41/element/3577a1ae-76f0-4510-bfba-ce25ee03d44d/name HTTP/1.1
User-Agent: selenium/4.8.1 (java windows)
Cache-Control: no-cache
Content-Type: application/json; charset=utf-8
host: localhost:47947
accept: */*

Response DefaultHttpResponse(decodeResult: success, version: HTTP/1.1)
HTTP/1.1 200 OK
Content-Length: 18
Content-Type: application/json; charset=utf-8
cache-control: no-cache

19:55:38.626 [AsyncHttpClient-1-9] DEBUG org.asynchttpclient.netty.channel.ChannelManager - Adding key: http://localhost:47947 for channel [id: 0x5b96f0c0, L:/127.0.0.1:56706 - R:localhost/127.0.0.1:47947]
19:55:38.626 [Forwarding getElementTagName on session efd94a6ab1af853c22f1b5d0f3a79a41 to remote] DEBUG org.asynchttpclient.netty.request.NettyRequestSender - Using pooled Channel '[id: 0x5b96f0c0, L:/127.0.0.1:56706 - R:localhost/127.0.0.1:47947]' for 'GET' to 'http://localhost:47947/session/efd94a6ab1af853c22f1b5d0f3a79a41/element/3577a1ae-76f0-4510-bfba-ce25ee03d44d/name'
19:55:38.626 [Forwarding getElementTagName on session efd94a6ab1af853c22f1b5d0f3a79a41 to remote] DEBUG org.asynchttpclient.netty.request.NettyRequestSender - Using open Channel [id: 0x5b96f0c0, L:/127.0.0.1:56706 - R:localhost/127.0.0.1:47947] for GET '/session/efd94a6ab1af853c22f1b5d0f3a79a41/element/3577a1ae-76f0-4510-bfba-ce25ee03d44d/name'
19:55:38.630 [AsyncHttpClient-1-9] DEBUG org.asynchttpclient.netty.handler.HttpHandler - 

Request DefaultFullHttpRequest(decodeResult: success, version: HTTP/1.1, content: EmptyByteBufBE)
GET /session/efd94a6ab1af853c22f1b5d0f3a79a41/element/3577a1ae-76f0-4510-bfba-ce25ee03d44d/name HTTP/1.1
User-Agent: selenium/4.8.1 (java windows)
Cache-Control: no-cache
Content-Type: application/json; charset=utf-8
host: localhost:47947
accept: */*

Response DefaultHttpResponse(decodeResult: success, version: HTTP/1.1)
HTTP/1.1 200 OK
Content-Length: 18
Content-Type: application/json; charset=utf-8
cache-control: no-cache

19:55:38.631 [AsyncHttpClient-1-9] DEBUG org.asynchttpclient.netty.channel.ChannelManager - Adding key: http://localhost:47947 for channel [id: 0x5b96f0c0, L:/127.0.0.1:56706 - R:localhost/127.0.0.1:47947]
19:55:38.632 [Forwarding isElementEnabled on session efd94a6ab1af853c22f1b5d0f3a79a41 to remote] DEBUG org.asynchttpclient.netty.request.NettyRequestSender - Using pooled Channel '[id: 0x5b96f0c0, L:/127.0.0.1:56706 - R:localhost/127.0.0.1:47947]' for 'GET' to 'http://localhost:47947/session/efd94a6ab1af853c22f1b5d0f3a79a41/element/3577a1ae-76f0-4510-bfba-ce25ee03d44d/enabled'
19:55:38.632 [Forwarding isElementEnabled on session efd94a6ab1af853c22f1b5d0f3a79a41 to remote] DEBUG org.asynchttpclient.netty.request.NettyRequestSender - Using open Channel [id: 0x5b96f0c0, L:/127.0.0.1:56706 - R:localhost/127.0.0.1:47947] for GET '/session/efd94a6ab1af853c22f1b5d0f3a79a41/element/3577a1ae-76f0-4510-bfba-ce25ee03d44d/enabled'
19:55:38.641 [AsyncHttpClient-1-9] DEBUG org.asynchttpclient.netty.handler.HttpHandler - 

Request DefaultFullHttpRequest(decodeResult: success, version: HTTP/1.1, content: EmptyByteBufBE)
GET /session/efd94a6ab1af853c22f1b5d0f3a79a41/element/3577a1ae-76f0-4510-bfba-ce25ee03d44d/enabled HTTP/1.1
User-Agent: selenium/4.8.1 (java windows)
Cache-Control: no-cache
Content-Type: application/json; charset=utf-8
host: localhost:47947
accept: */*

Response DefaultHttpResponse(decodeResult: success, version: HTTP/1.1)
HTTP/1.1 200 OK
Content-Length: 14
Content-Type: application/json; charset=utf-8
cache-control: no-cache

19:55:38.641 [AsyncHttpClient-1-9] DEBUG org.asynchttpclient.netty.channel.ChannelManager - Adding key: http://localhost:47947 for channel [id: 0x5b96f0c0, L:/127.0.0.1:56706 - R:localhost/127.0.0.1:47947]
19:55:38.642 [Forwarding isElementEnabled on session efd94a6ab1af853c22f1b5d0f3a79a41 to remote] DEBUG org.asynchttpclient.netty.request.NettyRequestSender - Using pooled Channel '[id: 0x5b96f0c0, L:/127.0.0.1:56706 - R:localhost/127.0.0.1:47947]' for 'GET' to 'http://localhost:47947/session/efd94a6ab1af853c22f1b5d0f3a79a41/element/3577a1ae-76f0-4510-bfba-ce25ee03d44d/enabled'
19:55:38.642 [Forwarding isElementEnabled on session efd94a6ab1af853c22f1b5d0f3a79a41 to remote] DEBUG org.asynchttpclient.netty.request.NettyRequestSender - Using open Channel [id: 0x5b96f0c0, L:/127.0.0.1:56706 - R:localhost/127.0.0.1:47947] for GET '/session/efd94a6ab1af853c22f1b5d0f3a79a41/element/3577a1ae-76f0-4510-bfba-ce25ee03d44d/enabled'
19:55:38.647 [AsyncHttpClient-1-9] DEBUG org.asynchttpclient.netty.handler.HttpHandler - 

Request DefaultFullHttpRequest(decodeResult: success, version: HTTP/1.1, content: EmptyByteBufBE)
GET /session/efd94a6ab1af853c22f1b5d0f3a79a41/element/3577a1ae-76f0-4510-bfba-ce25ee03d44d/enabled HTTP/1.1
User-Agent: selenium/4.8.1 (java windows)
Cache-Control: no-cache
Content-Type: application/json; charset=utf-8
host: localhost:47947
accept: */*

Response DefaultHttpResponse(decodeResult: success, version: HTTP/1.1)
HTTP/1.1 200 OK
Content-Length: 14
Content-Type: application/json; charset=utf-8
cache-control: no-cache

19:55:38.647 [AsyncHttpClient-1-9] DEBUG org.asynchttpclient.netty.channel.ChannelManager - Adding key: http://localhost:47947 for channel [id: 0x5b96f0c0, L:/127.0.0.1:56706 - R:localhost/127.0.0.1:47947]
19:55:38.648 [Forwarding findElement on session efd94a6ab1af853c22f1b5d0f3a79a41 to remote] DEBUG org.asynchttpclient.netty.request.NettyRequestSender - Using pooled Channel '[id: 0x5b96f0c0, L:/127.0.0.1:56706 - R:localhost/127.0.0.1:47947]' for 'POST' to 'http://localhost:47947/session/efd94a6ab1af853c22f1b5d0f3a79a41/element'
19:55:38.648 [Forwarding findElement on session efd94a6ab1af853c22f1b5d0f3a79a41 to remote] DEBUG org.asynchttpclient.netty.request.NettyRequestSender - Using open Channel [id: 0x5b96f0c0, L:/127.0.0.1:56706 - R:localhost/127.0.0.1:47947] for POST '/session/efd94a6ab1af853c22f1b5d0f3a79a41/element'
19:55:38.655 [AsyncHttpClient-1-9] DEBUG org.asynchttpclient.netty.handler.HttpHandler - 

Request DefaultHttpRequest(decodeResult: success, version: HTTP/1.1)
POST /session/efd94a6ab1af853c22f1b5d0f3a79a41/element HTTP/1.1
User-Agent: selenium/4.8.1 (java windows)
Content-Length: 72
Content-Type: application/json; charset=utf-8
host: localhost:47947
accept: */*

Response DefaultHttpResponse(decodeResult: success, version: HTTP/1.1)
HTTP/1.1 200 OK
Content-Length: 88
Content-Type: application/json; charset=utf-8
cache-control: no-cache

19:55:38.655 [AsyncHttpClient-1-9] DEBUG org.asynchttpclient.netty.channel.ChannelManager - Adding key: http://localhost:47947 for channel [id: 0x5b96f0c0, L:/127.0.0.1:56706 - R:localhost/127.0.0.1:47947]
19:55:38.655 [Forwarding clickElement on session efd94a6ab1af853c22f1b5d0f3a79a41 to remote] DEBUG org.asynchttpclient.netty.request.NettyRequestSender - Using pooled Channel '[id: 0x5b96f0c0, L:/127.0.0.1:56706 - R:localhost/127.0.0.1:47947]' for 'POST' to 'http://localhost:47947/session/efd94a6ab1af853c22f1b5d0f3a79a41/element/3577a1ae-76f0-4510-bfba-ce25ee03d44d/click'
19:55:38.655 [Forwarding clickElement on session efd94a6ab1af853c22f1b5d0f3a79a41 to remote] DEBUG org.asynchttpclient.netty.request.NettyRequestSender - Using open Channel [id: 0x5b96f0c0, L:/127.0.0.1:56706 - R:localhost/127.0.0.1:47947] for POST '/session/efd94a6ab1af853c22f1b5d0f3a79a41/element/3577a1ae-76f0-4510-bfba-ce25ee03d44d/click'
19:55:38.687 [AsyncHttpClient-1-9] DEBUG org.asynchttpclient.netty.handler.HttpHandler - 

Request DefaultHttpRequest(decodeResult: success, version: HTTP/1.1)
POST /session/efd94a6ab1af853c22f1b5d0f3a79a41/element/3577a1ae-76f0-4510-bfba-ce25ee03d44d/click HTTP/1.1
User-Agent: selenium/4.8.1 (java windows)
Content-Length: 50
Content-Type: application/json; charset=utf-8
host: localhost:47947
accept: */*

Response DefaultHttpResponse(decodeResult: success, version: HTTP/1.1)
HTTP/1.1 200 OK
Content-Length: 14
Content-Type: application/json; charset=utf-8
cache-control: no-cache

19:55:38.687 [AsyncHttpClient-1-9] DEBUG org.asynchttpclient.netty.channel.ChannelManager - Adding key: http://localhost:47947 for channel [id: 0x5b96f0c0, L:/127.0.0.1:56706 - R:localhost/127.0.0.1:47947]
19:55:38.692 [Forwarding getAlertText on session efd94a6ab1af853c22f1b5d0f3a79a41 to remote] DEBUG org.asynchttpclient.netty.request.NettyRequestSender - Using pooled Channel '[id: 0x5b96f0c0, L:/127.0.0.1:56706 - R:localhost/127.0.0.1:47947]' for 'GET' to 'http://localhost:47947/session/efd94a6ab1af853c22f1b5d0f3a79a41/alert/text'
19:55:38.692 [Forwarding getAlertText on session efd94a6ab1af853c22f1b5d0f3a79a41 to remote] DEBUG org.asynchttpclient.netty.request.NettyRequestSender - Using open Channel [id: 0x5b96f0c0, L:/127.0.0.1:56706 - R:localhost/127.0.0.1:47947] for GET '/session/efd94a6ab1af853c22f1b5d0f3a79a41/alert/text'
19:55:38.693 [AsyncHttpClient-1-9] DEBUG org.asynchttpclient.netty.handler.HttpHandler - 

Request DefaultFullHttpRequest(decodeResult: success, version: HTTP/1.1, content: EmptyByteBufBE)
GET /session/efd94a6ab1af853c22f1b5d0f3a79a41/alert/text HTTP/1.1
User-Agent: selenium/4.8.1 (java windows)
Cache-Control: no-cache
Content-Type: application/json; charset=utf-8
host: localhost:47947
accept: */*

Response DefaultHttpResponse(decodeResult: success, version: HTTP/1.1)
HTTP/1.1 404 Not Found
Content-Length: 816
Content-Type: application/json; charset=utf-8
cache-control: no-cache

19:55:38.694 [AsyncHttpClient-1-9] DEBUG org.asynchttpclient.netty.channel.ChannelManager - Adding key: http://localhost:47947 for channel [id: 0x5b96f0c0, L:/127.0.0.1:56706 - R:localhost/127.0.0.1:47947]
19:55:38.694 [Forwarding getCurrentUrl on session efd94a6ab1af853c22f1b5d0f3a79a41 to remote] DEBUG org.asynchttpclient.netty.request.NettyRequestSender - Using pooled Channel '[id: 0x5b96f0c0, L:/127.0.0.1:56706 - R:localhost/127.0.0.1:47947]' for 'GET' to 'http://localhost:47947/session/efd94a6ab1af853c22f1b5d0f3a79a41/url'
19:55:38.694 [Forwarding getCurrentUrl on session efd94a6ab1af853c22f1b5d0f3a79a41 to remote] DEBUG org.asynchttpclient.netty.request.NettyRequestSender - Using open Channel [id: 0x5b96f0c0, L:/127.0.0.1:56706 - R:localhost/127.0.0.1:47947] for GET '/session/efd94a6ab1af853c22f1b5d0f3a79a41/url'
19:55:38.697 [AsyncHttpClient-1-9] DEBUG org.asynchttpclient.netty.handler.HttpHandler - 

Request DefaultFullHttpRequest(decodeResult: success, version: HTTP/1.1, content: EmptyByteBufBE)
GET /session/efd94a6ab1af853c22f1b5d0f3a79a41/url HTTP/1.1
User-Agent: selenium/4.8.1 (java windows)
Cache-Control: no-cache
Content-Type: application/json; charset=utf-8
host: localhost:47947
accept: */*

Response DefaultHttpResponse(decodeResult: success, version: HTTP/1.1)
HTTP/1.1 200 OK
Content-Length: 62
Content-Type: application/json; charset=utf-8
cache-control: no-cache

19:55:38.697 [AsyncHttpClient-1-9] DEBUG org.asynchttpclient.netty.channel.ChannelManager - Adding key: http://localhost:47947 for channel [id: 0x5b96f0c0, L:/127.0.0.1:56706 - R:localhost/127.0.0.1:47947]
19:55:38.698 [Forwarding screenshot on session efd94a6ab1af853c22f1b5d0f3a79a41 to remote] DEBUG org.asynchttpclient.netty.request.NettyRequestSender - Using pooled Channel '[id: 0x5b96f0c0, L:/127.0.0.1:56706 - R:localhost/127.0.0.1:47947]' for 'GET' to 'http://localhost:47947/session/efd94a6ab1af853c22f1b5d0f3a79a41/screenshot'
19:55:38.698 [Forwarding screenshot on session efd94a6ab1af853c22f1b5d0f3a79a41 to remote] DEBUG org.asynchttpclient.netty.request.NettyRequestSender - Using open Channel [id: 0x5b96f0c0, L:/127.0.0.1:56706 - R:localhost/127.0.0.1:47947] for GET '/session/efd94a6ab1af853c22f1b5d0f3a79a41/screenshot'
19:55:38.864 [AsyncHttpClient-1-9] DEBUG org.asynchttpclient.netty.handler.HttpHandler - 

Request DefaultFullHttpRequest(decodeResult: success, version: HTTP/1.1, content: EmptyByteBufBE)
GET /session/efd94a6ab1af853c22f1b5d0f3a79a41/screenshot HTTP/1.1
User-Agent: selenium/4.8.1 (java windows)
Cache-Control: no-cache
Content-Type: application/json; charset=utf-8
host: localhost:47947
accept: */*

Response DefaultHttpResponse(decodeResult: success, version: HTTP/1.1)
HTTP/1.1 200 OK
Content-Length: 246072
Content-Type: application/json; charset=utf-8
cache-control: no-cache

19:55:38.864 [AsyncHttpClient-1-9] DEBUG org.asynchttpclient.netty.channel.ChannelManager - Adding key: http://localhost:47947 for channel [id: 0x5b96f0c0, L:/127.0.0.1:56706 - R:localhost/127.0.0.1:47947]
19:55:38.870 [main] DEBUG net.serenitybdd.core.photography.Darkroom - Send negative for processing for target\site\serenity\f0b55477aa5ba4fd189eb869ec681d2ebb5391755842d76a6983bef37b1fac7f.png
19:55:38.870 [main] DEBUG net.thucydides.core.steps.StepInterceptor - STEP DONE: pressAddToCart
  &amp#27;[32mAnd &amp#27;[0m&amp#27;[32mI press add to cart button&amp#27;[0m                                         &amp#27;[90m# starter.stepDefinitions.ProductSteps.pressAddToCartButton()&amp#27;[0m
19:55:38.877 [Forwarding getPageSource on session efd94a6ab1af853c22f1b5d0f3a79a41 to remote] DEBUG org.asynchttpclient.netty.request.NettyRequestSender - Using pooled Channel '[id: 0x5b96f0c0, L:/127.0.0.1:56706 - R:localhost/127.0.0.1:47947]' for 'POST' to 'http://localhost:47947/session/efd94a6ab1af853c22f1b5d0f3a79a41/execute/sync'
19:55:38.877 [Forwarding getPageSource on session efd94a6ab1af853c22f1b5d0f3a79a41 to remote] DEBUG org.asynchttpclient.netty.request.NettyRequestSender - Using open Channel [id: 0x5b96f0c0, L:/127.0.0.1:56706 - R:localhost/127.0.0.1:47947] for POST '/session/efd94a6ab1af853c22f1b5d0f3a79a41/execute/sync'
19:55:38.902 [AsyncHttpClient-1-9] DEBUG org.asynchttpclient.netty.handler.HttpHandler - 

Request DefaultHttpRequest(decodeResult: success, version: HTTP/1.1)
POST /session/efd94a6ab1af853c22f1b5d0f3a79a41/execute/sync HTTP/1.1
User-Agent: selenium/4.8.1 (java windows)
Content-Length: 176
Content-Type: application/json; charset=utf-8
host: localhost:47947
accept: */*

Response DefaultHttpResponse(decodeResult: success, version: HTTP/1.1)
HTTP/1.1 200 OK
Content-Length: 12413
Content-Type: application/json; charset=utf-8
cache-control: no-cache

19:55:38.902 [AsyncHttpClient-1-9] DEBUG org.asynchttpclient.netty.channel.ChannelManager - Adding key: http://localhost:47947 for channel [id: 0x5b96f0c0, L:/127.0.0.1:56706 - R:localhost/127.0.0.1:47947]
19:55:38.903 [Forwarding getCurrentUrl on session efd94a6ab1af853c22f1b5d0f3a79a41 to remote] DEBUG org.asynchttpclient.netty.request.NettyRequestSender - Using pooled Channel '[id: 0x5b96f0c0, L:/127.0.0.1:56706 - R:localhost/127.0.0.1:47947]' for 'GET' to 'http://localhost:47947/session/efd94a6ab1af853c22f1b5d0f3a79a41/url'
19:55:38.903 [Forwarding getCurrentUrl on session efd94a6ab1af853c22f1b5d0f3a79a41 to remote] DEBUG org.asynchttpclient.netty.request.NettyRequestSender - Using open Channel [id: 0x5b96f0c0, L:/127.0.0.1:56706 - R:localhost/127.0.0.1:47947] for GET '/session/efd94a6ab1af853c22f1b5d0f3a79a41/url'
19:55:38.905 [AsyncHttpClient-1-9] DEBUG org.asynchttpclient.netty.handler.HttpHandler - 

Request DefaultFullHttpRequest(decodeResult: success, version: HTTP/1.1, content: EmptyByteBufBE)
GET /session/efd94a6ab1af853c22f1b5d0f3a79a41/url HTTP/1.1
User-Agent: selenium/4.8.1 (java windows)
Cache-Control: no-cache
Content-Type: application/json; charset=utf-8
host: localhost:47947
accept: */*

Response DefaultHttpResponse(decodeResult: success, version: HTTP/1.1)
HTTP/1.1 200 OK
Content-Length: 62
Content-Type: application/json; charset=utf-8
cache-control: no-cache

19:55:38.905 [AsyncHttpClient-1-9] DEBUG org.asynchttpclient.netty.channel.ChannelManager - Adding key: http://localhost:47947 for channel [id: 0x5b96f0c0, L:/127.0.0.1:56706 - R:localhost/127.0.0.1:47947]
19:55:38.912 [Forwarding getPageSource on session efd94a6ab1af853c22f1b5d0f3a79a41 to remote] DEBUG org.asynchttpclient.netty.request.NettyRequestSender - Using pooled Channel '[id: 0x5b96f0c0, L:/127.0.0.1:56706 - R:localhost/127.0.0.1:47947]' for 'POST' to 'http://localhost:47947/session/efd94a6ab1af853c22f1b5d0f3a79a41/execute/sync'
19:55:38.912 [Forwarding getPageSource on session efd94a6ab1af853c22f1b5d0f3a79a41 to remote] DEBUG org.asynchttpclient.netty.request.NettyRequestSender - Using open Channel [id: 0x5b96f0c0, L:/127.0.0.1:56706 - R:localhost/127.0.0.1:47947] for POST '/session/efd94a6ab1af853c22f1b5d0f3a79a41/execute/sync'
19:55:38.917 [AsyncHttpClient-1-9] DEBUG org.asynchttpclient.netty.handler.HttpHandler - 

Request DefaultHttpRequest(decodeResult: success, version: HTTP/1.1)
POST /session/efd94a6ab1af853c22f1b5d0f3a79a41/execute/sync HTTP/1.1
User-Agent: selenium/4.8.1 (java windows)
Content-Length: 176
Content-Type: application/json; charset=utf-8
host: localhost:47947
accept: */*

Response DefaultHttpResponse(decodeResult: success, version: HTTP/1.1)
HTTP/1.1 200 OK
Content-Length: 12413
Content-Type: application/json; charset=utf-8
cache-control: no-cache

19:55:38.917 [AsyncHttpClient-1-9] DEBUG org.asynchttpclient.netty.channel.ChannelManager - Adding key: http://localhost:47947 for channel [id: 0x5b96f0c0, L:/127.0.0.1:56706 - R:localhost/127.0.0.1:47947]
19:55:38.918 [Forwarding getCurrentUrl on session efd94a6ab1af853c22f1b5d0f3a79a41 to remote] DEBUG org.asynchttpclient.netty.request.NettyRequestSender - Using pooled Channel '[id: 0x5b96f0c0, L:/127.0.0.1:56706 - R:localhost/127.0.0.1:47947]' for 'GET' to 'http://localhost:47947/session/efd94a6ab1af853c22f1b5d0f3a79a41/url'
19:55:38.918 [Forwarding getCurrentUrl on session efd94a6ab1af853c22f1b5d0f3a79a41 to remote] DEBUG org.asynchttpclient.netty.request.NettyRequestSender - Using open Channel [id: 0x5b96f0c0, L:/127.0.0.1:56706 - R:localhost/127.0.0.1:47947] for GET '/session/efd94a6ab1af853c22f1b5d0f3a79a41/url'
19:55:38.921 [AsyncHttpClient-1-9] DEBUG org.asynchttpclient.netty.handler.HttpHandler - 

Request DefaultFullHttpRequest(decodeResult: success, version: HTTP/1.1, content: EmptyByteBufBE)
GET /session/efd94a6ab1af853c22f1b5d0f3a79a41/url HTTP/1.1
User-Agent: selenium/4.8.1 (java windows)
Cache-Control: no-cache
Content-Type: application/json; charset=utf-8
host: localhost:47947
accept: */*

Response DefaultHttpResponse(decodeResult: success, version: HTTP/1.1)
HTTP/1.1 200 OK
Content-Length: 62
Content-Type: application/json; charset=utf-8
cache-control: no-cache

19:55:38.921 [AsyncHttpClient-1-9] DEBUG org.asynchttpclient.netty.channel.ChannelManager - Adding key: http://localhost:47947 for channel [id: 0x5b96f0c0, L:/127.0.0.1:56706 - R:localhost/127.0.0.1:47947]
19:55:38.923 [main] DEBUG net.thucydides.core.steps.StepInterceptor - STARTING STEP: CartSteps.openCartPage - clickCartButton
19:55:38.924 [Forwarding findElement on session efd94a6ab1af853c22f1b5d0f3a79a41 to remote] DEBUG org.asynchttpclient.netty.request.NettyRequestSender - Using pooled Channel '[id: 0x5b96f0c0, L:/127.0.0.1:56706 - R:localhost/127.0.0.1:47947]' for 'POST' to 'http://localhost:47947/session/efd94a6ab1af853c22f1b5d0f3a79a41/element'
19:55:38.924 [Forwarding findElement on session efd94a6ab1af853c22f1b5d0f3a79a41 to remote] DEBUG org.asynchttpclient.netty.request.NettyRequestSender - Using open Channel [id: 0x5b96f0c0, L:/127.0.0.1:56706 - R:localhost/127.0.0.1:47947] for POST '/session/efd94a6ab1af853c22f1b5d0f3a79a41/element'
19:55:38.934 [AsyncHttpClient-1-9] DEBUG org.asynchttpclient.netty.handler.HttpHandler - 

Request DefaultHttpRequest(decodeResult: success, version: HTTP/1.1)
POST /session/efd94a6ab1af853c22f1b5d0f3a79a41/element HTTP/1.1
User-Agent: selenium/4.8.1 (java windows)
Content-Length: 63
Content-Type: application/json; charset=utf-8
host: localhost:47947
accept: */*

Response DefaultHttpResponse(decodeResult: success, version: HTTP/1.1)
HTTP/1.1 200 OK
Content-Length: 88
Content-Type: application/json; charset=utf-8
cache-control: no-cache

19:55:38.934 [AsyncHttpClient-1-9] DEBUG org.asynchttpclient.netty.channel.ChannelManager - Adding key: http://localhost:47947 for channel [id: 0x5b96f0c0, L:/127.0.0.1:56706 - R:localhost/127.0.0.1:47947]
19:55:38.935 [Forwarding getElementTagName on session efd94a6ab1af853c22f1b5d0f3a79a41 to remote] DEBUG org.asynchttpclient.netty.request.NettyRequestSender - Using pooled Channel '[id: 0x5b96f0c0, L:/127.0.0.1:56706 - R:localhost/127.0.0.1:47947]' for 'GET' to 'http://localhost:47947/session/efd94a6ab1af853c22f1b5d0f3a79a41/element/9a513590-f7b6-439f-87fd-5181d4759e20/name'
19:55:38.935 [Forwarding getElementTagName on session efd94a6ab1af853c22f1b5d0f3a79a41 to remote] DEBUG org.asynchttpclient.netty.request.NettyRequestSender - Using open Channel [id: 0x5b96f0c0, L:/127.0.0.1:56706 - R:localhost/127.0.0.1:47947] for GET '/session/efd94a6ab1af853c22f1b5d0f3a79a41/element/9a513590-f7b6-439f-87fd-5181d4759e20/name'
19:55:38.939 [AsyncHttpClient-1-9] DEBUG org.asynchttpclient.netty.handler.HttpHandler - 

Request DefaultFullHttpRequest(decodeResult: success, version: HTTP/1.1, content: EmptyByteBufBE)
GET /session/efd94a6ab1af853c22f1b5d0f3a79a41/element/9a513590-f7b6-439f-87fd-5181d4759e20/name HTTP/1.1
User-Agent: selenium/4.8.1 (java windows)
Cache-Control: no-cache
Content-Type: application/json; charset=utf-8
host: localhost:47947
accept: */*

Response DefaultHttpResponse(decodeResult: success, version: HTTP/1.1)
HTTP/1.1 200 OK
Content-Length: 13
Content-Type: application/json; charset=utf-8
cache-control: no-cache

19:55:38.940 [AsyncHttpClient-1-9] DEBUG org.asynchttpclient.netty.channel.ChannelManager - Adding key: http://localhost:47947 for channel [id: 0x5b96f0c0, L:/127.0.0.1:56706 - R:localhost/127.0.0.1:47947]
19:55:38.940 [Forwarding getElementTagName on session efd94a6ab1af853c22f1b5d0f3a79a41 to remote] DEBUG org.asynchttpclient.netty.request.NettyRequestSender - Using pooled Channel '[id: 0x5b96f0c0, L:/127.0.0.1:56706 - R:localhost/127.0.0.1:47947]' for 'GET' to 'http://localhost:47947/session/efd94a6ab1af853c22f1b5d0f3a79a41/element/9a513590-f7b6-439f-87fd-5181d4759e20/name'
19:55:38.940 [Forwarding getElementTagName on session efd94a6ab1af853c22f1b5d0f3a79a41 to remote] DEBUG org.asynchttpclient.netty.request.NettyRequestSender - Using open Channel [id: 0x5b96f0c0, L:/127.0.0.1:56706 - R:localhost/127.0.0.1:47947] for GET '/session/efd94a6ab1af853c22f1b5d0f3a79a41/element/9a513590-f7b6-439f-87fd-5181d4759e20/name'
19:55:38.943 [AsyncHttpClient-1-9] DEBUG org.asynchttpclient.netty.handler.HttpHandler - 

Request DefaultFullHttpRequest(decodeResult: success, version: HTTP/1.1, content: EmptyByteBufBE)
GET /session/efd94a6ab1af853c22f1b5d0f3a79a41/element/9a513590-f7b6-439f-87fd-5181d4759e20/name HTTP/1.1
User-Agent: selenium/4.8.1 (java windows)
Cache-Control: no-cache
Content-Type: application/json; charset=utf-8
host: localhost:47947
accept: */*

Response DefaultHttpResponse(decodeResult: success, version: HTTP/1.1)
HTTP/1.1 200 OK
Content-Length: 13
Content-Type: application/json; charset=utf-8
cache-control: no-cache

19:55:38.943 [AsyncHttpClient-1-9] DEBUG org.asynchttpclient.netty.channel.ChannelManager - Adding key: http://localhost:47947 for channel [id: 0x5b96f0c0, L:/127.0.0.1:56706 - R:localhost/127.0.0.1:47947]
19:55:38.944 [Forwarding findElement on session efd94a6ab1af853c22f1b5d0f3a79a41 to remote] DEBUG org.asynchttpclient.netty.request.NettyRequestSender - Using pooled Channel '[id: 0x5b96f0c0, L:/127.0.0.1:56706 - R:localhost/127.0.0.1:47947]' for 'POST' to 'http://localhost:47947/session/efd94a6ab1af853c22f1b5d0f3a79a41/element'
19:55:38.944 [Forwarding findElement on session efd94a6ab1af853c22f1b5d0f3a79a41 to remote] DEBUG org.asynchttpclient.netty.request.NettyRequestSender - Using open Channel [id: 0x5b96f0c0, L:/127.0.0.1:56706 - R:localhost/127.0.0.1:47947] for POST '/session/efd94a6ab1af853c22f1b5d0f3a79a41/element'
19:55:38.949 [AsyncHttpClient-1-9] DEBUG org.asynchttpclient.netty.handler.HttpHandler - 

Request DefaultHttpRequest(decodeResult: success, version: HTTP/1.1)
POST /session/efd94a6ab1af853c22f1b5d0f3a79a41/element HTTP/1.1
User-Agent: selenium/4.8.1 (java windows)
Content-Length: 63
Content-Type: application/json; charset=utf-8
host: localhost:47947
accept: */*

Response DefaultHttpResponse(decodeResult: success, version: HTTP/1.1)
HTTP/1.1 200 OK
Content-Length: 88
Content-Type: application/json; charset=utf-8
cache-control: no-cache

19:55:38.949 [AsyncHttpClient-1-9] DEBUG org.asynchttpclient.netty.channel.ChannelManager - Adding key: http://localhost:47947 for channel [id: 0x5b96f0c0, L:/127.0.0.1:56706 - R:localhost/127.0.0.1:47947]
19:55:38.950 [Forwarding clickElement on session efd94a6ab1af853c22f1b5d0f3a79a41 to remote] DEBUG org.asynchttpclient.netty.request.NettyRequestSender - Using pooled Channel '[id: 0x5b96f0c0, L:/127.0.0.1:56706 - R:localhost/127.0.0.1:47947]' for 'POST' to 'http://localhost:47947/session/efd94a6ab1af853c22f1b5d0f3a79a41/element/9a513590-f7b6-439f-87fd-5181d4759e20/click'
19:55:38.950 [Forwarding clickElement on session efd94a6ab1af853c22f1b5d0f3a79a41 to remote] DEBUG org.asynchttpclient.netty.request.NettyRequestSender - Using open Channel [id: 0x5b96f0c0, L:/127.0.0.1:56706 - R:localhost/127.0.0.1:47947] for POST '/session/efd94a6ab1af853c22f1b5d0f3a79a41/element/9a513590-f7b6-439f-87fd-5181d4759e20/click'
19:55:38.987 [AsyncHttpClient-1-9] DEBUG org.asynchttpclient.netty.handler.HttpHandler - 

Request DefaultHttpRequest(decodeResult: success, version: HTTP/1.1)
POST /session/efd94a6ab1af853c22f1b5d0f3a79a41/element/9a513590-f7b6-439f-87fd-5181d4759e20/click HTTP/1.1
User-Agent: selenium/4.8.1 (java windows)
Content-Length: 50
Content-Type: application/json; charset=utf-8
host: localhost:47947
accept: */*

Response DefaultHttpResponse(decodeResult: success, version: HTTP/1.1)
HTTP/1.1 200 OK
Content-Length: 14
Content-Type: application/json; charset=utf-8
cache-control: no-cache

19:55:38.987 [AsyncHttpClient-1-9] DEBUG org.asynchttpclient.netty.channel.ChannelManager - Adding key: http://localhost:47947 for channel [id: 0x5b96f0c0, L:/127.0.0.1:56706 - R:localhost/127.0.0.1:47947]
19:55:38.993 [Forwarding getAlertText on session efd94a6ab1af853c22f1b5d0f3a79a41 to remote] DEBUG org.asynchttpclient.netty.request.NettyRequestSender - Using pooled Channel '[id: 0x5b96f0c0, L:/127.0.0.1:56706 - R:localhost/127.0.0.1:47947]' for 'GET' to 'http://localhost:47947/session/efd94a6ab1af853c22f1b5d0f3a79a41/alert/text'
19:55:38.993 [Forwarding getAlertText on session efd94a6ab1af853c22f1b5d0f3a79a41 to remote] DEBUG org.asynchttpclient.netty.request.NettyRequestSender - Using open Channel [id: 0x5b96f0c0, L:/127.0.0.1:56706 - R:localhost/127.0.0.1:47947] for GET '/session/efd94a6ab1af853c22f1b5d0f3a79a41/alert/text'
19:55:38.995 [AsyncHttpClient-1-9] DEBUG org.asynchttpclient.netty.handler.HttpHandler - 

Request DefaultFullHttpRequest(decodeResult: success, version: HTTP/1.1, content: EmptyByteBufBE)
GET /session/efd94a6ab1af853c22f1b5d0f3a79a41/alert/text HTTP/1.1
User-Agent: selenium/4.8.1 (java windows)
Cache-Control: no-cache
Content-Type: application/json; charset=utf-8
host: localhost:47947
accept: */*

Response DefaultHttpResponse(decodeResult: success, version: HTTP/1.1)
HTTP/1.1 404 Not Found
Content-Length: 816
Content-Type: application/json; charset=utf-8
cache-control: no-cache

19:55:38.995 [AsyncHttpClient-1-9] DEBUG org.asynchttpclient.netty.channel.ChannelManager - Adding key: http://localhost:47947 for channel [id: 0x5b96f0c0, L:/127.0.0.1:56706 - R:localhost/127.0.0.1:47947]
19:55:38.995 [Forwarding getCurrentUrl on session efd94a6ab1af853c22f1b5d0f3a79a41 to remote] DEBUG org.asynchttpclient.netty.request.NettyRequestSender - Using pooled Channel '[id: 0x5b96f0c0, L:/127.0.0.1:56706 - R:localhost/127.0.0.1:47947]' for 'GET' to 'http://localhost:47947/session/efd94a6ab1af853c22f1b5d0f3a79a41/url'
19:55:38.995 [Forwarding getCurrentUrl on session efd94a6ab1af853c22f1b5d0f3a79a41 to remote] DEBUG org.asynchttpclient.netty.request.NettyRequestSender - Using open Channel [id: 0x5b96f0c0, L:/127.0.0.1:56706 - R:localhost/127.0.0.1:47947] for GET '/session/efd94a6ab1af853c22f1b5d0f3a79a41/url'
19:55:38.998 [AsyncHttpClient-1-9] DEBUG org.asynchttpclient.netty.handler.HttpHandler - 

Request DefaultFullHttpRequest(decodeResult: success, version: HTTP/1.1, content: EmptyByteBufBE)
GET /session/efd94a6ab1af853c22f1b5d0f3a79a41/url HTTP/1.1
User-Agent: selenium/4.8.1 (java windows)
Cache-Control: no-cache
Content-Type: application/json; charset=utf-8
host: localhost:47947
accept: */*

Response DefaultHttpResponse(decodeResult: success, version: HTTP/1.1)
HTTP/1.1 200 OK
Content-Length: 47
Content-Type: application/json; charset=utf-8
cache-control: no-cache

19:55:38.998 [AsyncHttpClient-1-9] DEBUG org.asynchttpclient.netty.channel.ChannelManager - Adding key: http://localhost:47947 for channel [id: 0x5b96f0c0, L:/127.0.0.1:56706 - R:localhost/127.0.0.1:47947]
19:55:38.998 [Forwarding screenshot on session efd94a6ab1af853c22f1b5d0f3a79a41 to remote] DEBUG org.asynchttpclient.netty.request.NettyRequestSender - Using pooled Channel '[id: 0x5b96f0c0, L:/127.0.0.1:56706 - R:localhost/127.0.0.1:47947]' for 'GET' to 'http://localhost:47947/session/efd94a6ab1af853c22f1b5d0f3a79a41/screenshot'
19:55:38.998 [Forwarding screenshot on session efd94a6ab1af853c22f1b5d0f3a79a41 to remote] DEBUG org.asynchttpclient.netty.request.NettyRequestSender - Using open Channel [id: 0x5b96f0c0, L:/127.0.0.1:56706 - R:localhost/127.0.0.1:47947] for GET '/session/efd94a6ab1af853c22f1b5d0f3a79a41/screenshot'
19:55:39.153 [AsyncHttpClient-1-9] DEBUG org.asynchttpclient.netty.handler.HttpHandler - 

Request DefaultFullHttpRequest(decodeResult: success, version: HTTP/1.1, content: EmptyByteBufBE)
GET /session/efd94a6ab1af853c22f1b5d0f3a79a41/screenshot HTTP/1.1
User-Agent: selenium/4.8.1 (java windows)
Cache-Control: no-cache
Content-Type: application/json; charset=utf-8
host: localhost:47947
accept: */*

Response DefaultHttpResponse(decodeResult: success, version: HTTP/1.1)
HTTP/1.1 200 OK
Content-Length: 94844
Content-Type: application/json; charset=utf-8
cache-control: no-cache

19:55:39.153 [AsyncHttpClient-1-9] DEBUG org.asynchttpclient.netty.channel.ChannelManager - Adding key: http://localhost:47947 for channel [id: 0x5b96f0c0, L:/127.0.0.1:56706 - R:localhost/127.0.0.1:47947]
19:55:39.155 [main] DEBUG net.serenitybdd.core.photography.Darkroom - Send negative for processing for target\site\serenity\ee8a237c6a7206c781e51a64ee24d075411132d2098af18c5e04ba7b3e846ddc.png
19:55:39.155 [main] DEBUG net.thucydides.core.steps.StepInterceptor - STEP DONE: clickCartButton
  &amp#27;[32mAnd &amp#27;[0m&amp#27;[32mI open the cart page&amp#27;[0m                                               &amp#27;[90m# starter.stepDefinitions.CartSteps.openCartPage()&amp#27;[0m
19:55:39.162 [Forwarding getPageSource on session efd94a6ab1af853c22f1b5d0f3a79a41 to remote] DEBUG org.asynchttpclient.netty.request.NettyRequestSender - Using pooled Channel '[id: 0x5b96f0c0, L:/127.0.0.1:56706 - R:localhost/127.0.0.1:47947]' for 'POST' to 'http://localhost:47947/session/efd94a6ab1af853c22f1b5d0f3a79a41/execute/sync'
19:55:39.162 [Forwarding getPageSource on session efd94a6ab1af853c22f1b5d0f3a79a41 to remote] DEBUG org.asynchttpclient.netty.request.NettyRequestSender - Using open Channel [id: 0x5b96f0c0, L:/127.0.0.1:56706 - R:localhost/127.0.0.1:47947] for POST '/session/efd94a6ab1af853c22f1b5d0f3a79a41/execute/sync'
19:55:39.168 [AsyncHttpClient-1-9] DEBUG org.asynchttpclient.netty.handler.HttpHandler - 

Request DefaultHttpRequest(decodeResult: success, version: HTTP/1.1)
POST /session/efd94a6ab1af853c22f1b5d0f3a79a41/execute/sync HTTP/1.1
User-Agent: selenium/4.8.1 (java windows)
Content-Length: 176
Content-Type: application/json; charset=utf-8
host: localhost:47947
accept: */*

Response DefaultHttpResponse(decodeResult: success, version: HTTP/1.1)
HTTP/1.1 200 OK
Content-Length: 12588
Content-Type: application/json; charset=utf-8
cache-control: no-cache

19:55:39.168 [AsyncHttpClient-1-9] DEBUG org.asynchttpclient.netty.channel.ChannelManager - Adding key: http://localhost:47947 for channel [id: 0x5b96f0c0, L:/127.0.0.1:56706 - R:localhost/127.0.0.1:47947]
19:55:39.169 [Forwarding getCurrentUrl on session efd94a6ab1af853c22f1b5d0f3a79a41 to remote] DEBUG org.asynchttpclient.netty.request.NettyRequestSender - Using pooled Channel '[id: 0x5b96f0c0, L:/127.0.0.1:56706 - R:localhost/127.0.0.1:47947]' for 'GET' to 'http://localhost:47947/session/efd94a6ab1af853c22f1b5d0f3a79a41/url'
19:55:39.169 [Forwarding getCurrentUrl on session efd94a6ab1af853c22f1b5d0f3a79a41 to remote] DEBUG org.asynchttpclient.netty.request.NettyRequestSender - Using open Channel [id: 0x5b96f0c0, L:/127.0.0.1:56706 - R:localhost/127.0.0.1:47947] for GET '/session/efd94a6ab1af853c22f1b5d0f3a79a41/url'
19:55:39.172 [AsyncHttpClient-1-9] DEBUG org.asynchttpclient.netty.handler.HttpHandler - 

Request DefaultFullHttpRequest(decodeResult: success, version: HTTP/1.1, content: EmptyByteBufBE)
GET /session/efd94a6ab1af853c22f1b5d0f3a79a41/url HTTP/1.1
User-Agent: selenium/4.8.1 (java windows)
Cache-Control: no-cache
Content-Type: application/json; charset=utf-8
host: localhost:47947
accept: */*

Response DefaultHttpResponse(decodeResult: success, version: HTTP/1.1)
HTTP/1.1 200 OK
Content-Length: 47
Content-Type: application/json; charset=utf-8
cache-control: no-cache

19:55:39.172 [AsyncHttpClient-1-9] DEBUG org.asynchttpclient.netty.channel.ChannelManager - Adding key: http://localhost:47947 for channel [id: 0x5b96f0c0, L:/127.0.0.1:56706 - R:localhost/127.0.0.1:47947]
19:55:39.179 [Forwarding getPageSource on session efd94a6ab1af853c22f1b5d0f3a79a41 to remote] DEBUG org.asynchttpclient.netty.request.NettyRequestSender - Using pooled Channel '[id: 0x5b96f0c0, L:/127.0.0.1:56706 - R:localhost/127.0.0.1:47947]' for 'POST' to 'http://localhost:47947/session/efd94a6ab1af853c22f1b5d0f3a79a41/execute/sync'
19:55:39.179 [Forwarding getPageSource on session efd94a6ab1af853c22f1b5d0f3a79a41 to remote] DEBUG org.asynchttpclient.netty.request.NettyRequestSender - Using open Channel [id: 0x5b96f0c0, L:/127.0.0.1:56706 - R:localhost/127.0.0.1:47947] for POST '/session/efd94a6ab1af853c22f1b5d0f3a79a41/execute/sync'
19:55:39.184 [AsyncHttpClient-1-9] DEBUG org.asynchttpclient.netty.handler.HttpHandler - 

Request DefaultHttpRequest(decodeResult: success, version: HTTP/1.1)
POST /session/efd94a6ab1af853c22f1b5d0f3a79a41/execute/sync HTTP/1.1
User-Agent: selenium/4.8.1 (java windows)
Content-Length: 176
Content-Type: application/json; charset=utf-8
host: localhost:47947
accept: */*

Response DefaultHttpResponse(decodeResult: success, version: HTTP/1.1)
HTTP/1.1 200 OK
Content-Length: 12588
Content-Type: application/json; charset=utf-8
cache-control: no-cache

19:55:39.184 [AsyncHttpClient-1-9] DEBUG org.asynchttpclient.netty.channel.ChannelManager - Adding key: http://localhost:47947 for channel [id: 0x5b96f0c0, L:/127.0.0.1:56706 - R:localhost/127.0.0.1:47947]
19:55:39.185 [Forwarding getCurrentUrl on session efd94a6ab1af853c22f1b5d0f3a79a41 to remote] DEBUG org.asynchttpclient.netty.request.NettyRequestSender - Using pooled Channel '[id: 0x5b96f0c0, L:/127.0.0.1:56706 - R:localhost/127.0.0.1:47947]' for 'GET' to 'http://localhost:47947/session/efd94a6ab1af853c22f1b5d0f3a79a41/url'
19:55:39.185 [Forwarding getCurrentUrl on session efd94a6ab1af853c22f1b5d0f3a79a41 to remote] DEBUG org.asynchttpclient.netty.request.NettyRequestSender - Using open Channel [id: 0x5b96f0c0, L:/127.0.0.1:56706 - R:localhost/127.0.0.1:47947] for GET '/session/efd94a6ab1af853c22f1b5d0f3a79a41/url'
19:55:39.187 [AsyncHttpClient-1-9] DEBUG org.asynchttpclient.netty.handler.HttpHandler - 

Request DefaultFullHttpRequest(decodeResult: success, version: HTTP/1.1, content: EmptyByteBufBE)
GET /session/efd94a6ab1af853c22f1b5d0f3a79a41/url HTTP/1.1
User-Agent: selenium/4.8.1 (java windows)
Cache-Control: no-cache
Content-Type: application/json; charset=utf-8
host: localhost:47947
accept: */*

Response DefaultHttpResponse(decodeResult: success, version: HTTP/1.1)
HTTP/1.1 200 OK
Content-Length: 47
Content-Type: application/json; charset=utf-8
cache-control: no-cache

19:55:39.187 [AsyncHttpClient-1-9] DEBUG org.asynchttpclient.netty.channel.ChannelManager - Adding key: http://localhost:47947 for channel [id: 0x5b96f0c0, L:/127.0.0.1:56706 - R:localhost/127.0.0.1:47947]
19:55:39.189 [main] DEBUG net.thucydides.core.steps.StepInterceptor - STARTING STEP: CartSteps.openCartPage - checkTitle
19:55:39.195 [main] DEBUG net.thucydides.core.steps.StepInterceptor - STEP DONE: checkTitle
  &amp#27;[32mThen &amp#27;[0m&amp#27;[32mI will see the same &amp#27;[0m&amp#27;[32m&amp#27;[1m"Sauce Labs Backpack"&amp#27;[0m&amp#27;[32m on the cart list&amp#27;[0m        &amp#27;[90m# starter.stepDefinitions.CartSteps.openCartPage(java.lang.String)&amp#27;[0m
19:55:39.205 [AsyncHttpClient-1-11] DEBUG org.asynchttpclient.netty.handler.WebSocketHandler - Channel Closed: [id: 0x5e42854c, L:/127.0.0.1:56714 ! R:localhost/127.0.0.1:56707] with attribute NettyResponseFuture{currentRetry=0,
	isDone=1,
	isCancelled=0,
	asyncHandler=org.asynchttpclient.ws.WebSocketUpgradeHandler@68cdc267,
	nettyRequest=org.asynchttpclient.netty.request.NettyRequest@1427a023,
	future=java.util.concurrent.CompletableFuture@4ef52586[Completed normally],
	uri=ws://localhost:56707/devtools/browser/efc095ce-ff91-40a9-b9a8-3bf9fe611fe7,
	keepAlive=true,
	redirectCount=0,
	timeoutsHolder=null,
	inAuth=0,
	touch=1680612936656}
19:55:39.205 [AsyncHttpClient-1-11] DEBUG org.asynchttpclient.netty.channel.ChannelManager - Closing Channel [id: 0x5e42854c, L:/127.0.0.1:56714 ! R:localhost/127.0.0.1:56707] 
19:55:39.205 [Driver Command Executor] DEBUG org.asynchttpclient.netty.request.NettyRequestSender - Using pooled Channel '[id: 0x5b96f0c0, L:/127.0.0.1:56706 - R:localhost/127.0.0.1:47947]' for 'DELETE' to 'http://localhost:47947/session/efd94a6ab1af853c22f1b5d0f3a79a41'
19:55:39.205 [Driver Command Executor] DEBUG org.asynchttpclient.netty.request.NettyRequestSender - Using open Channel [id: 0x5b96f0c0, L:/127.0.0.1:56706 - R:localhost/127.0.0.1:47947] for DELETE '/session/efd94a6ab1af853c22f1b5d0f3a79a41'
19:55:39.276 [AsyncHttpClient-1-10] DEBUG org.asynchttpclient.netty.handler.HttpHandler - Unexpected I/O exception on channel [id: 0x6f84e724, L:/127.0.0.1:56713 - R:localhost/127.0.0.1:56707]
java.net.SocketException: Connection reset
	at java.base/sun.nio.ch.SocketChannelImpl.throwConnectionReset(SocketChannelImpl.java:401)
	at java.base/sun.nio.ch.SocketChannelImpl.read(SocketChannelImpl.java:434)
	at io.netty.buffer.PooledByteBuf.setBytes(PooledByteBuf.java:259)
	at io.netty.buffer.AbstractByteBuf.writeBytes(AbstractByteBuf.java:1132)
	at io.netty.channel.socket.nio.NioSocketChannel.doReadBytes(NioSocketChannel.java:357)
	at io.netty.channel.nio.AbstractNioByteChannel$NioByteUnsafe.read(AbstractNioByteChannel.java:151)
	at io.netty.channel.nio.NioEventLoop.processSelectedKey(NioEventLoop.java:788)
	at io.netty.channel.nio.NioEventLoop.processSelectedKeysOptimized(NioEventLoop.java:724)
	at io.netty.channel.nio.NioEventLoop.processSelectedKeys(NioEventLoop.java:650)
	at io.netty.channel.nio.NioEventLoop.run(NioEventLoop.java:562)
	at io.netty.util.concurrent.SingleThreadEventExecutor$4.run(SingleThreadEventExecutor.java:997)
	at io.netty.util.internal.ThreadExecutorMap$2.run(ThreadExecutorMap.java:74)
	at io.netty.util.concurrent.FastThreadLocalRunnable.run(FastThreadLocalRunnable.java:30)
	at java.base/java.lang.Thread.run(Thread.java:1589)
19:55:39.276 [AsyncHttpClient-1-10] DEBUG org.asynchttpclient.netty.channel.ChannelManager - Closing Channel [id: 0x6f84e724, L:/127.0.0.1:56713 - R:localhost/127.0.0.1:56707] 
19:55:39.277 [AsyncHttpClient-1-10] DEBUG org.asynchttpclient.netty.handler.HttpHandler - Channel Closed: [id: 0x6f84e724, L:/127.0.0.1:56713 ! R:localhost/127.0.0.1:56707] with attribute DISCARD
19:55:39.299 [AsyncHttpClient-1-9] DEBUG org.asynchttpclient.netty.handler.HttpHandler - 

Request DefaultFullHttpRequest(decodeResult: success, version: HTTP/1.1, content: EmptyByteBufBE)
DELETE /session/efd94a6ab1af853c22f1b5d0f3a79a41 HTTP/1.1
User-Agent: selenium/4.8.1 (java windows)
Content-Type: application/json; charset=utf-8
host: localhost:47947
accept: */*

Response DefaultHttpResponse(decodeResult: success, version: HTTP/1.1)
HTTP/1.1 200 OK
Content-Length: 14
Content-Type: application/json; charset=utf-8
cache-control: no-cache

19:55:39.299 [AsyncHttpClient-1-9] DEBUG org.asynchttpclient.netty.channel.ChannelManager - Adding key: http://localhost:47947 for channel [id: 0x5b96f0c0, L:/127.0.0.1:56706 - R:localhost/127.0.0.1:47947]
19:55:39.351 [AsyncHttpClient-1-9] DEBUG org.asynchttpclient.netty.handler.HttpHandler - Channel Closed: [id: 0x5b96f0c0, L:/127.0.0.1:56706 ! R:localhost/127.0.0.1:47947] with attribute DISCARD
19:55:39.414 [AsyncHttpClient-1-1] DEBUG org.asynchttpclient.netty.channel.DefaultChannelPool - Entry count for : http://localhost:47947 : 1
19:55:39.414 [AsyncHttpClient-1-1] DEBUG org.asynchttpclient.netty.channel.DefaultChannelPool - Entry count for : http://localhost:56707 : 1
19:55:39.414 [AsyncHttpClient-1-1] DEBUG org.asynchttpclient.netty.channel.DefaultChannelPool - Adding Candidate expired Channel [id: 0x5b96f0c0, L:/127.0.0.1:56706 ! R:localhost/127.0.0.1:47947] isIdleTimeoutExpired=false isRemotelyClosed=true isTtlExpired=false
19:55:39.414 [AsyncHttpClient-1-1] DEBUG org.asynchttpclient.netty.channel.DefaultChannelPool - Closing Idle Channel [id: 0x5b96f0c0, L:/127.0.0.1:56706 ! R:localhost/127.0.0.1:47947]
19:55:39.414 [AsyncHttpClient-1-1] DEBUG org.asynchttpclient.netty.channel.DefaultChannelPool - Adding Candidate expired Channel [id: 0x6f84e724, L:/127.0.0.1:56713 ! R:localhost/127.0.0.1:56707] isIdleTimeoutExpired=false isRemotelyClosed=true isTtlExpired=false
19:55:39.414 [AsyncHttpClient-1-1] DEBUG org.asynchttpclient.netty.channel.DefaultChannelPool - Closing Idle Channel [id: 0x6f84e724, L:/127.0.0.1:56713 ! R:localhost/127.0.0.1:56707]
19:55:39.414 [AsyncHttpClient-1-1] DEBUG org.asynchttpclient.netty.channel.DefaultChannelPool - Closed 2 connections out of 2 in 0 ms
19:55:39.416 [main] INFO  - 
  _____   ___   ___   _____     ___     _     ___   ___   ___   ___  
 |_   _| | __| / __| |_   _|   | _ \   /_\   / __| / __| | __| |   \ 
   | |   | _|  \__ \   | |     |  _/  / _ \  \__ \ \__ \ | _|  | |) |
   |_|   |___| |___/   |_|     |_|   /_/ \_\ |___/ |___/ |___| |___/ 

As user i want to add product to cart from detail page
----------------------------------------------------------------------
]]></system-out>
    <system-err><![CDATA[Starting ChromeDriver 111.0.5563.64 (c710e93d5b63b7095afe8c2c17df34408078439d-refs/branch-heads/5563@{#995}) on port 47947
Only local connections are allowed.
Please see https://chromedriver.chromium.org/security-considerations for suggestions on keeping ChromeDriver safe.
ChromeDriver was started successfully.
Apr 04, 2023 7:55:36 PM org.openqa.selenium.devtools.CdpVersionFinder findNearestMatch
WARNING: Unable to find an exact match for CDP version 111, so returning the closest version found: 110
]]></system-err>
  </testcase>
</testsuite>